[0.056s] Invoking command in '/home/msi/caato2_ws/build/atc_utils': /usr/bin/cmake --build /home/msi/caato2_ws/build/atc_utils -- -j20 -l20
[0.255s] [100%] Built target atc_utils
[0.323s] Invoked command in '/home/msi/caato2_ws/build/atc_utils' returned '0': /usr/bin/cmake --build /home/msi/caato2_ws/build/atc_utils -- -j20 -l20
[0.427s] Invoking command in '/home/msi/caato2_ws/build/atc_utils': /usr/bin/cmake --build /home/msi/caato2_ws/build/atc_utils --target tests -- -j20 -l20
[0.468s] Built target tests
[0.492s] Invoked command in '/home/msi/caato2_ws/build/atc_utils' returned '0': /usr/bin/cmake --build /home/msi/caato2_ws/build/atc_utils --target tests -- -j20 -l20
[0.563s] Invoking command in '/home/msi/caato2_ws/build/atc_utils': /usr/bin/cmake --install /home/msi/caato2_ws/build/atc_utils
[0.577s] -- Install configuration: ""
[0.577s] -- Up-to-date: /home/msi/caato2_ws/install/atc_utils/lib/pkgconfig/atc_utils.pc
[0.577s] -- Up-to-date: /home/msi/caato2_ws/install/atc_utils/share/atc_utils/cmake/atc_utilsConfig.cmake
[0.578s] -- Up-to-date: /home/msi/caato2_ws/install/atc_utils/share/atc_utils/cmake/atc_utilsConfig-version.cmake
[0.578s] -- Up-to-date: /home/msi/caato2_ws/install/atc_utils/share/atc_utils/package.xml
[0.579s] -- Up-to-date: /home/msi/caato2_ws/install/atc_utils/lib/libatc_utils.so
[0.579s] -- Up-to-date: /home/msi/caato2_ws/install/rviz_atc_plugins/lib/libatc_utils.so
[0.579s] -- Up-to-date: /home/msi/caato2_ws/install/atc_utils/include/atc_utils
[0.579s] -- Up-to-date: /home/msi/caato2_ws/install/atc_utils/include/atc_utils/Quaternion.hpp
[0.579s] -- Up-to-date: /home/msi/caato2_ws/install/atc_utils/include/atc_utils/atc_utils.h
[0.579s] -- Up-to-date: /home/msi/caato2_ws/install/atc_utils/include/atc_utils/Matrix3x3.hpp
[0.579s] -- Up-to-date: /home/msi/caato2_ws/install/atc_utils/include/atc_utils/Vector2.hpp
[0.580s] -- Up-to-date: /home/msi/caato2_ws/install/atc_utils/include/atc_utils/angles.h
[0.580s] -- Up-to-date: /home/msi/caato2_ws/install/atc_utils/include/atc_utils/Vector3.hpp
[0.614s] Invoked command in '/home/msi/caato2_ws/build/atc_utils' returned '0': /usr/bin/cmake --install /home/msi/caato2_ws/build/atc_utils
