[0.096s] Invoking command in '/home/msi/caato2_ws/build/caato2_cmd_mux': /usr/bin/cmake --build /home/msi/caato2_ws/build/caato2_cmd_mux -- -j20 -l20
[0.334s] [  0%] Built target geometry_msgs_generate_messages_py
[0.334s] [  0%] Built target geometry_msgs_generate_messages_eus
[0.334s] [  0%] Built target geometry_msgs_generate_messages_cpp
[0.334s] [  0%] Built target geometry_msgs_generate_messages_lisp
[0.334s] [  0%] Built target geometry_msgs_generate_messages_nodejs
[0.334s] [  0%] Built target std_msgs_generate_messages_lisp
[0.334s] [  0%] Built target roscpp_generate_messages_nodejs
[0.334s] [  0%] Built target _caato2_cmd_mux_generate_messages_check_deps_change_sub_topic
[0.334s] [  0%] Built target std_msgs_generate_messages_cpp
[0.335s] [  0%] Built target roscpp_generate_messages_lisp
[0.335s] [  0%] Built target rosgraph_msgs_generate_messages_py
[0.386s] [  0%] Built target roscpp_generate_messages_cpp
[0.386s] [  0%] Built target rosgraph_msgs_generate_messages_cpp
[0.387s] [  0%] Built target std_msgs_generate_messages_py
[0.400s] [  0%] Built target std_msgs_generate_messages_nodejs
[0.410s] [  0%] Built target roscpp_generate_messages_eus
[0.417s] [  0%] Built target rosgraph_msgs_generate_messages_eus
[0.419s] [  0%] Built target rosgraph_msgs_generate_messages_lisp
[0.437s] [  0%] Built target roscpp_generate_messages_py
[0.437s] [  0%] Built target rosgraph_msgs_generate_messages_nodejs
[0.444s] [  0%] Built target std_msgs_generate_messages_eus
[0.445s] [ 11%] Built target caato2_cmd_mux_generate_messages_cpp
[0.449s] [ 33%] Built target caato2_cmd_mux_generate_messages_py
[0.464s] [ 55%] Built target caato2_cmd_mux_generate_messages_eus
[0.471s] [ 66%] Built target caato2_cmd_mux_generate_messages_nodejs
[0.474s] [ 77%] Built target caato2_cmd_mux_generate_messages_lisp
[0.498s] [ 77%] Built target caato2_cmd_mux_generate_messages
[0.501s] [100%] Built target caato2_cmd_mux_node
[0.535s] Invoked command in '/home/msi/caato2_ws/build/caato2_cmd_mux' returned '0': /usr/bin/cmake --build /home/msi/caato2_ws/build/caato2_cmd_mux -- -j20 -l20
[0.617s] Invoking command in '/home/msi/caato2_ws/build/caato2_cmd_mux': /usr/bin/cmake --build /home/msi/caato2_ws/build/caato2_cmd_mux --target tests -- -j20 -l20
[0.677s] Built target tests
[0.743s] Invoked command in '/home/msi/caato2_ws/build/caato2_cmd_mux' returned '0': /usr/bin/cmake --build /home/msi/caato2_ws/build/caato2_cmd_mux --target tests -- -j20 -l20
[0.906s] Invoking command in '/home/msi/caato2_ws/build/caato2_cmd_mux': /usr/bin/cmake --install /home/msi/caato2_ws/build/caato2_cmd_mux
[0.947s] -- Install configuration: ""
[0.948s] -- Up-to-date: /home/msi/caato2_ws/install/caato2_cmd_mux/share/caato2_cmd_mux/srv/change_sub_topic.srv
[0.948s] -- Up-to-date: /home/msi/caato2_ws/install/caato2_cmd_mux/share/caato2_cmd_mux/cmake/caato2_cmd_mux-msg-paths.cmake
[0.948s] -- Up-to-date: /home/msi/caato2_ws/install/caato2_cmd_mux/include/caato2_cmd_mux
[0.948s] -- Up-to-date: /home/msi/caato2_ws/install/caato2_cmd_mux/include/caato2_cmd_mux/change_sub_topicRequest.h
[0.949s] -- Up-to-date: /home/msi/caato2_ws/install/caato2_cmd_mux/include/caato2_cmd_mux/change_sub_topic.h
[0.949s] -- Up-to-date: /home/msi/caato2_ws/install/caato2_cmd_mux/include/caato2_cmd_mux/change_sub_topicResponse.h
[0.949s] -- Up-to-date: /home/msi/caato2_ws/install/caato2_cmd_mux/share/roseus/ros/caato2_cmd_mux
[0.950s] -- Up-to-date: /home/msi/caato2_ws/install/caato2_cmd_mux/share/roseus/ros/caato2_cmd_mux/manifest.l
[0.950s] -- Up-to-date: /home/msi/caato2_ws/install/caato2_cmd_mux/share/roseus/ros/caato2_cmd_mux/srv
[0.950s] -- Up-to-date: /home/msi/caato2_ws/install/caato2_cmd_mux/share/roseus/ros/caato2_cmd_mux/srv/change_sub_topic.l
[0.950s] -- Up-to-date: /home/msi/caato2_ws/install/caato2_cmd_mux/share/common-lisp/ros/caato2_cmd_mux
[0.951s] -- Up-to-date: /home/msi/caato2_ws/install/caato2_cmd_mux/share/common-lisp/ros/caato2_cmd_mux/srv
[0.951s] -- Up-to-date: /home/msi/caato2_ws/install/caato2_cmd_mux/share/common-lisp/ros/caato2_cmd_mux/srv/_package.lisp
[0.951s] -- Up-to-date: /home/msi/caato2_ws/install/caato2_cmd_mux/share/common-lisp/ros/caato2_cmd_mux/srv/change_sub_topic.lisp
[0.952s] -- Up-to-date: /home/msi/caato2_ws/install/caato2_cmd_mux/share/common-lisp/ros/caato2_cmd_mux/srv/_package_change_sub_topic.lisp
[0.952s] -- Up-to-date: /home/msi/caato2_ws/install/caato2_cmd_mux/share/common-lisp/ros/caato2_cmd_mux/srv/caato2_cmd_mux-srv.asd
[0.952s] -- Up-to-date: /home/msi/caato2_ws/install/caato2_cmd_mux/share/gennodejs/ros/caato2_cmd_mux
[0.952s] -- Up-to-date: /home/msi/caato2_ws/install/caato2_cmd_mux/share/gennodejs/ros/caato2_cmd_mux/_index.js
[0.952s] -- Up-to-date: /home/msi/caato2_ws/install/caato2_cmd_mux/share/gennodejs/ros/caato2_cmd_mux/srv
[0.952s] -- Up-to-date: /home/msi/caato2_ws/install/caato2_cmd_mux/share/gennodejs/ros/caato2_cmd_mux/srv/_index.js
[0.952s] -- Up-to-date: /home/msi/caato2_ws/install/caato2_cmd_mux/share/gennodejs/ros/caato2_cmd_mux/srv/change_sub_topic.js
[0.952s] Listing '/home/msi/caato2_ws/build/caato2_cmd_mux/devel/lib/python3/dist-packages/caato2_cmd_mux'...
[0.952s] Listing '/home/msi/caato2_ws/build/caato2_cmd_mux/devel/lib/python3/dist-packages/caato2_cmd_mux/srv'...
[0.954s] -- Up-to-date: /home/msi/caato2_ws/install/caato2_cmd_mux/lib/python3/dist-packages/caato2_cmd_mux
[0.954s] -- Up-to-date: /home/msi/caato2_ws/install/caato2_cmd_mux/lib/python3/dist-packages/caato2_cmd_mux/srv
[0.955s] -- Up-to-date: /home/msi/caato2_ws/install/caato2_cmd_mux/lib/python3/dist-packages/caato2_cmd_mux/srv/__init__.py
[0.955s] -- Up-to-date: /home/msi/caato2_ws/install/caato2_cmd_mux/lib/python3/dist-packages/caato2_cmd_mux/srv/_change_sub_topic.py
[0.955s] -- Up-to-date: /home/msi/caato2_ws/install/caato2_cmd_mux/lib/python3/dist-packages/caato2_cmd_mux/srv/__pycache__
[0.955s] -- Up-to-date: /home/msi/caato2_ws/install/caato2_cmd_mux/lib/python3/dist-packages/caato2_cmd_mux/srv/__pycache__/_change_sub_topic.cpython-38.pyc
[0.956s] -- Up-to-date: /home/msi/caato2_ws/install/caato2_cmd_mux/lib/python3/dist-packages/caato2_cmd_mux/srv/__pycache__/__init__.cpython-38.pyc
[0.956s] -- Up-to-date: /home/msi/caato2_ws/install/caato2_cmd_mux/lib/python3/dist-packages/caato2_cmd_mux/__init__.py
[0.957s] -- Up-to-date: /home/msi/caato2_ws/install/caato2_cmd_mux/lib/python3/dist-packages/caato2_cmd_mux/__pycache__
[0.958s] -- Up-to-date: /home/msi/caato2_ws/install/caato2_cmd_mux/lib/python3/dist-packages/caato2_cmd_mux/__pycache__/__init__.cpython-38.pyc
[0.958s] -- Up-to-date: /home/msi/caato2_ws/install/caato2_cmd_mux/lib/pkgconfig/caato2_cmd_mux.pc
[0.958s] -- Up-to-date: /home/msi/caato2_ws/install/caato2_cmd_mux/share/caato2_cmd_mux/cmake/caato2_cmd_mux-msg-extras.cmake
[0.958s] -- Up-to-date: /home/msi/caato2_ws/install/caato2_cmd_mux/share/caato2_cmd_mux/cmake/caato2_cmd_muxConfig.cmake
[0.958s] -- Up-to-date: /home/msi/caato2_ws/install/caato2_cmd_mux/share/caato2_cmd_mux/cmake/caato2_cmd_muxConfig-version.cmake
[0.958s] -- Up-to-date: /home/msi/caato2_ws/install/caato2_cmd_mux/share/caato2_cmd_mux/package.xml
[0.958s] -- Up-to-date: /home/msi/caato2_ws/install/caato2_cmd_mux/lib/caato2_cmd_mux/caato2_cmd_mux_node
[0.959s] -- Up-to-date: /home/msi/caato2_ws/install/caato2_cmd_mux/share/caato2_cmd_mux/launch
[0.959s] -- Up-to-date: /home/msi/caato2_ws/install/caato2_cmd_mux/share/caato2_cmd_mux/launch/cmd_vel_mux.launch
[1.051s] Invoked command in '/home/msi/caato2_ws/build/caato2_cmd_mux' returned '0': /usr/bin/cmake --install /home/msi/caato2_ws/build/caato2_cmd_mux
