[0.158s] Invoking command in '/home/msi/caato2_ws/build/apriltag_ros': CMAKE_PREFIX_PATH=/home/msi/caato2_ws/install/apriltag:${CMAKE_PREFIX_PATH} LD_LIBRARY_PATH=/home/msi/caato2_ws/install/apriltag/lib:${LD_LIBRARY_PATH} PATH=/home/msi/caato2_ws/install/apriltag/bin:${PATH} PKG_CONFIG_PATH=/home/msi/caato2_ws/install/apriltag/lib/x86_64-linux-gnu/pkgconfig:/home/msi/caato2_ws/install/apriltag/lib/pkgconfig:${PKG_CONFIG_PATH} /usr/bin/cmake --build /home/msi/caato2_ws/build/apriltag_ros -- -j20 -l20
[0.181s] [  0%] Built target std_msgs_generate_messages_cpp
[0.181s] [  0%] Built target std_msgs_generate_messages_py
[0.181s] [  0%] Built target geometry_msgs_generate_messages_py
[0.181s] [  0%] Built target sensor_msgs_generate_messages_py
[0.181s] [  0%] Built target geometry_msgs_generate_messages_eus
[0.181s] [  0%] Built target std_msgs_generate_messages_eus
[0.182s] [  0%] Built target sensor_msgs_generate_messages_nodejs
[0.182s] [  0%] Built target geometry_msgs_generate_messages_nodejs
[0.182s] [  0%] Built target geometry_msgs_generate_messages_cpp
[0.182s] [  0%] Built target std_msgs_generate_messages_nodejs
[0.182s] [  0%] Built target sensor_msgs_generate_messages_cpp
[0.182s] [  0%] Built target sensor_msgs_generate_messages_eus
[0.182s] [  0%] Built target std_msgs_generate_messages_lisp
[0.182s] [  0%] Built target sensor_msgs_generate_messages_lisp
[0.184s] [  0%] Built target geometry_msgs_generate_messages_lisp
[0.190s] [  0%] Built target _apriltag_ros_generate_messages_check_deps_AnalyzeSingleImage
[0.194s] [  0%] Built target _apriltag_ros_generate_messages_check_deps_AprilTagDetectionArray
[0.196s] [  0%] Built target _apriltag_ros_generate_messages_check_deps_AprilTagDetection
[0.214s] [ 33%] Built target apriltag_ros_generate_messages_cpp
[0.214s] [ 40%] Built target apriltag_ros_generate_messages_py
[0.214s] [ 40%] Built target apriltag_ros_generate_messages_eus
[0.214s] [ 50%] Built target apriltag_ros_generate_messages_nodejs
[0.214s] [ 60%] Built target apriltag_ros_generate_messages_lisp
[0.221s] [ 60%] Built target apriltag_ros_generate_messages
[0.254s] [ 66%] Built target apriltag_ros_common
[0.256s] [ 73%] Built target apriltag_ros_single_image_detector
[0.258s] [ 86%] Built target apriltag_ros_continuous_detector
[0.259s] [ 86%] Built target apriltag_ros_single_image_client_node
[0.280s] [ 93%] Built target apriltag_ros_single_image_server_node
[0.283s] [100%] Built target apriltag_ros_continuous_node
[0.489s] Invoked command in '/home/msi/caato2_ws/build/apriltag_ros' returned '0': CMAKE_PREFIX_PATH=/home/msi/caato2_ws/install/apriltag:${CMAKE_PREFIX_PATH} LD_LIBRARY_PATH=/home/msi/caato2_ws/install/apriltag/lib:${LD_LIBRARY_PATH} PATH=/home/msi/caato2_ws/install/apriltag/bin:${PATH} PKG_CONFIG_PATH=/home/msi/caato2_ws/install/apriltag/lib/x86_64-linux-gnu/pkgconfig:/home/msi/caato2_ws/install/apriltag/lib/pkgconfig:${PKG_CONFIG_PATH} /usr/bin/cmake --build /home/msi/caato2_ws/build/apriltag_ros -- -j20 -l20
[0.636s] Invoking command in '/home/msi/caato2_ws/build/apriltag_ros': CMAKE_PREFIX_PATH=/home/msi/caato2_ws/install/apriltag:${CMAKE_PREFIX_PATH} LD_LIBRARY_PATH=/home/msi/caato2_ws/install/apriltag/lib:${LD_LIBRARY_PATH} PATH=/home/msi/caato2_ws/install/apriltag/bin:${PATH} PKG_CONFIG_PATH=/home/msi/caato2_ws/install/apriltag/lib/x86_64-linux-gnu/pkgconfig:/home/msi/caato2_ws/install/apriltag/lib/pkgconfig:${PKG_CONFIG_PATH} /usr/bin/cmake --build /home/msi/caato2_ws/build/apriltag_ros --target tests -- -j20 -l20
[0.706s] Built target tests
[0.791s] Invoked command in '/home/msi/caato2_ws/build/apriltag_ros' returned '0': CMAKE_PREFIX_PATH=/home/msi/caato2_ws/install/apriltag:${CMAKE_PREFIX_PATH} LD_LIBRARY_PATH=/home/msi/caato2_ws/install/apriltag/lib:${LD_LIBRARY_PATH} PATH=/home/msi/caato2_ws/install/apriltag/bin:${PATH} PKG_CONFIG_PATH=/home/msi/caato2_ws/install/apriltag/lib/x86_64-linux-gnu/pkgconfig:/home/msi/caato2_ws/install/apriltag/lib/pkgconfig:${PKG_CONFIG_PATH} /usr/bin/cmake --build /home/msi/caato2_ws/build/apriltag_ros --target tests -- -j20 -l20
[0.903s] Invoking command in '/home/msi/caato2_ws/build/apriltag_ros': CMAKE_PREFIX_PATH=/home/msi/caato2_ws/install/apriltag:${CMAKE_PREFIX_PATH} LD_LIBRARY_PATH=/home/msi/caato2_ws/install/apriltag/lib:${LD_LIBRARY_PATH} PATH=/home/msi/caato2_ws/install/apriltag/bin:${PATH} PKG_CONFIG_PATH=/home/msi/caato2_ws/install/apriltag/lib/x86_64-linux-gnu/pkgconfig:/home/msi/caato2_ws/install/apriltag/lib/pkgconfig:${PKG_CONFIG_PATH} /usr/bin/cmake --install /home/msi/caato2_ws/build/apriltag_ros
[0.930s] -- Install configuration: "Release"
[0.931s] -- Up-to-date: /home/msi/caato2_ws/install/apriltag_ros/share/apriltag_ros/msg/AprilTagDetection.msg
[0.931s] -- Up-to-date: /home/msi/caato2_ws/install/apriltag_ros/share/apriltag_ros/msg/AprilTagDetectionArray.msg
[0.931s] -- Up-to-date: /home/msi/caato2_ws/install/apriltag_ros/share/apriltag_ros/srv/AnalyzeSingleImage.srv
[0.931s] -- Up-to-date: /home/msi/caato2_ws/install/apriltag_ros/share/apriltag_ros/cmake/apriltag_ros-msg-paths.cmake
[0.931s] -- Up-to-date: /home/msi/caato2_ws/install/apriltag_ros/include/apriltag_ros
[0.932s] -- Up-to-date: /home/msi/caato2_ws/install/apriltag_ros/include/apriltag_ros/AnalyzeSingleImageResponse.h
[0.932s] -- Up-to-date: /home/msi/caato2_ws/install/apriltag_ros/include/apriltag_ros/AnalyzeSingleImage.h
[0.933s] -- Up-to-date: /home/msi/caato2_ws/install/apriltag_ros/include/apriltag_ros/AprilTagDetection.h
[0.935s] -- Up-to-date: /home/msi/caato2_ws/install/apriltag_ros/include/apriltag_ros/AprilTagDetectionArray.h
[0.935s] -- Up-to-date: /home/msi/caato2_ws/install/apriltag_ros/include/apriltag_ros/AnalyzeSingleImageRequest.h
[0.935s] -- Up-to-date: /home/msi/caato2_ws/install/apriltag_ros/share/roseus/ros/apriltag_ros
[0.935s] -- Up-to-date: /home/msi/caato2_ws/install/apriltag_ros/share/roseus/ros/apriltag_ros/msg
[0.935s] -- Up-to-date: /home/msi/caato2_ws/install/apriltag_ros/share/roseus/ros/apriltag_ros/msg/AprilTagDetectionArray.l
[0.935s] -- Up-to-date: /home/msi/caato2_ws/install/apriltag_ros/share/roseus/ros/apriltag_ros/msg/AprilTagDetection.l
[0.935s] -- Up-to-date: /home/msi/caato2_ws/install/apriltag_ros/share/roseus/ros/apriltag_ros/manifest.l
[0.936s] -- Up-to-date: /home/msi/caato2_ws/install/apriltag_ros/share/roseus/ros/apriltag_ros/srv
[0.936s] -- Up-to-date: /home/msi/caato2_ws/install/apriltag_ros/share/roseus/ros/apriltag_ros/srv/AnalyzeSingleImage.l
[0.936s] -- Up-to-date: /home/msi/caato2_ws/install/apriltag_ros/share/common-lisp/ros/apriltag_ros
[0.936s] -- Up-to-date: /home/msi/caato2_ws/install/apriltag_ros/share/common-lisp/ros/apriltag_ros/msg
[0.936s] -- Up-to-date: /home/msi/caato2_ws/install/apriltag_ros/share/common-lisp/ros/apriltag_ros/msg/_package.lisp
[0.936s] -- Up-to-date: /home/msi/caato2_ws/install/apriltag_ros/share/common-lisp/ros/apriltag_ros/msg/AprilTagDetection.lisp
[0.936s] -- Up-to-date: /home/msi/caato2_ws/install/apriltag_ros/share/common-lisp/ros/apriltag_ros/msg/AprilTagDetectionArray.lisp
[0.937s] -- Up-to-date: /home/msi/caato2_ws/install/apriltag_ros/share/common-lisp/ros/apriltag_ros/msg/apriltag_ros-msg.asd
[0.937s] -- Up-to-date: /home/msi/caato2_ws/install/apriltag_ros/share/common-lisp/ros/apriltag_ros/msg/_package_AprilTagDetectionArray.lisp
[0.938s] -- Up-to-date: /home/msi/caato2_ws/install/apriltag_ros/share/common-lisp/ros/apriltag_ros/msg/_package_AprilTagDetection.lisp
[0.941s] -- Up-to-date: /home/msi/caato2_ws/install/apriltag_ros/share/common-lisp/ros/apriltag_ros/srv
[0.941s] -- Up-to-date: /home/msi/caato2_ws/install/apriltag_ros/share/common-lisp/ros/apriltag_ros/srv/_package.lisp
[0.941s] -- Up-to-date: /home/msi/caato2_ws/install/apriltag_ros/share/common-lisp/ros/apriltag_ros/srv/AnalyzeSingleImage.lisp
[0.942s] -- Up-to-date: /home/msi/caato2_ws/install/apriltag_ros/share/common-lisp/ros/apriltag_ros/srv/apriltag_ros-srv.asd
[0.942s] -- Up-to-date: /home/msi/caato2_ws/install/apriltag_ros/share/common-lisp/ros/apriltag_ros/srv/_package_AnalyzeSingleImage.lisp
[0.942s] -- Up-to-date: /home/msi/caato2_ws/install/apriltag_ros/share/gennodejs/ros/apriltag_ros
[0.942s] -- Up-to-date: /home/msi/caato2_ws/install/apriltag_ros/share/gennodejs/ros/apriltag_ros/_index.js
[0.943s] -- Up-to-date: /home/msi/caato2_ws/install/apriltag_ros/share/gennodejs/ros/apriltag_ros/msg
[0.943s] -- Up-to-date: /home/msi/caato2_ws/install/apriltag_ros/share/gennodejs/ros/apriltag_ros/msg/_index.js
[0.943s] -- Up-to-date: /home/msi/caato2_ws/install/apriltag_ros/share/gennodejs/ros/apriltag_ros/msg/AprilTagDetectionArray.js
[0.944s] -- Up-to-date: /home/msi/caato2_ws/install/apriltag_ros/share/gennodejs/ros/apriltag_ros/msg/AprilTagDetection.js
[0.944s] -- Up-to-date: /home/msi/caato2_ws/install/apriltag_ros/share/gennodejs/ros/apriltag_ros/srv
[0.946s] -- Up-to-date: /home/msi/caato2_ws/install/apriltag_ros/share/gennodejs/ros/apriltag_ros/srv/_index.js
[0.946s] -- Up-to-date: /home/msi/caato2_ws/install/apriltag_ros/share/gennodejs/ros/apriltag_ros/srv/AnalyzeSingleImage.js
[0.969s] Listing '/home/msi/caato2_ws/build/apriltag_ros/devel/lib/python3/dist-packages/apriltag_ros'...
[0.969s] Listing '/home/msi/caato2_ws/build/apriltag_ros/devel/lib/python3/dist-packages/apriltag_ros/msg'...
[0.970s] Listing '/home/msi/caato2_ws/build/apriltag_ros/devel/lib/python3/dist-packages/apriltag_ros/srv'...
[0.983s] -- Up-to-date: /home/msi/caato2_ws/install/apriltag_ros/lib/python3/dist-packages/apriltag_ros
[0.983s] -- Up-to-date: /home/msi/caato2_ws/install/apriltag_ros/lib/python3/dist-packages/apriltag_ros/msg
[0.983s] -- Up-to-date: /home/msi/caato2_ws/install/apriltag_ros/lib/python3/dist-packages/apriltag_ros/msg/_AprilTagDetection.py
[0.984s] -- Up-to-date: /home/msi/caato2_ws/install/apriltag_ros/lib/python3/dist-packages/apriltag_ros/msg/_AprilTagDetectionArray.py
[0.984s] -- Up-to-date: /home/msi/caato2_ws/install/apriltag_ros/lib/python3/dist-packages/apriltag_ros/msg/__init__.py
[0.984s] -- Up-to-date: /home/msi/caato2_ws/install/apriltag_ros/lib/python3/dist-packages/apriltag_ros/msg/__pycache__
[0.984s] -- Up-to-date: /home/msi/caato2_ws/install/apriltag_ros/lib/python3/dist-packages/apriltag_ros/msg/__pycache__/_AprilTagDetection.cpython-38.pyc
[0.984s] -- Up-to-date: /home/msi/caato2_ws/install/apriltag_ros/lib/python3/dist-packages/apriltag_ros/msg/__pycache__/__init__.cpython-38.pyc
[0.984s] -- Up-to-date: /home/msi/caato2_ws/install/apriltag_ros/lib/python3/dist-packages/apriltag_ros/msg/__pycache__/_AprilTagDetectionArray.cpython-38.pyc
[0.984s] -- Up-to-date: /home/msi/caato2_ws/install/apriltag_ros/lib/python3/dist-packages/apriltag_ros/srv
[0.984s] -- Up-to-date: /home/msi/caato2_ws/install/apriltag_ros/lib/python3/dist-packages/apriltag_ros/srv/_AnalyzeSingleImage.py
[0.984s] -- Up-to-date: /home/msi/caato2_ws/install/apriltag_ros/lib/python3/dist-packages/apriltag_ros/srv/__init__.py
[0.984s] -- Up-to-date: /home/msi/caato2_ws/install/apriltag_ros/lib/python3/dist-packages/apriltag_ros/srv/__pycache__
[0.984s] -- Up-to-date: /home/msi/caato2_ws/install/apriltag_ros/lib/python3/dist-packages/apriltag_ros/srv/__pycache__/__init__.cpython-38.pyc
[0.984s] -- Up-to-date: /home/msi/caato2_ws/install/apriltag_ros/lib/python3/dist-packages/apriltag_ros/srv/__pycache__/_AnalyzeSingleImage.cpython-38.pyc
[0.984s] -- Up-to-date: /home/msi/caato2_ws/install/apriltag_ros/lib/python3/dist-packages/apriltag_ros/__init__.py
[0.984s] -- Up-to-date: /home/msi/caato2_ws/install/apriltag_ros/lib/python3/dist-packages/apriltag_ros/__pycache__
[0.984s] -- Up-to-date: /home/msi/caato2_ws/install/apriltag_ros/lib/python3/dist-packages/apriltag_ros/__pycache__/__init__.cpython-38.pyc
[0.985s] -- Up-to-date: /home/msi/caato2_ws/install/apriltag_ros/lib/pkgconfig/apriltag_ros.pc
[0.985s] -- Up-to-date: /home/msi/caato2_ws/install/apriltag_ros/share/apriltag_ros/cmake/apriltag_ros-msg-extras.cmake
[0.985s] -- Up-to-date: /home/msi/caato2_ws/install/apriltag_ros/share/apriltag_ros/cmake/apriltag_rosConfig.cmake
[0.985s] -- Up-to-date: /home/msi/caato2_ws/install/apriltag_ros/share/apriltag_ros/cmake/apriltag_rosConfig-version.cmake
[0.986s] -- Up-to-date: /home/msi/caato2_ws/install/apriltag_ros/share/apriltag_ros/package.xml
[0.986s] -- Up-to-date: /home/msi/caato2_ws/install/apriltag_ros/include/apriltag_ros
[0.988s] -- Up-to-date: /home/msi/caato2_ws/install/apriltag_ros/include/apriltag_ros/continuous_detector.h
[0.988s] -- Up-to-date: /home/msi/caato2_ws/install/apriltag_ros/include/apriltag_ros/single_image_detector.h
[0.989s] -- Up-to-date: /home/msi/caato2_ws/install/apriltag_ros/include/apriltag_ros/common_functions.h
[0.989s] -- Up-to-date: /home/msi/caato2_ws/install/apriltag_ros/share/apriltag_ros/config
[0.989s] -- Up-to-date: /home/msi/caato2_ws/install/apriltag_ros/share/apriltag_ros/config/tags.yaml.4thMay2021
[0.989s] -- Up-to-date: /home/msi/caato2_ws/install/apriltag_ros/share/apriltag_ros/config/tags.yaml
[0.989s] -- Up-to-date: /home/msi/caato2_ws/install/apriltag_ros/share/apriltag_ros/config/tags.yaml.bkup
[0.989s] -- Up-to-date: /home/msi/caato2_ws/install/apriltag_ros/share/apriltag_ros/config/settings.yaml
[0.989s] -- Up-to-date: /home/msi/caato2_ws/install/apriltag_ros/share/apriltag_ros/launch
[0.989s] -- Up-to-date: /home/msi/caato2_ws/install/apriltag_ros/share/apriltag_ros/launch/single_image_server.launch
[0.989s] -- Up-to-date: /home/msi/caato2_ws/install/apriltag_ros/share/apriltag_ros/launch/single_image_client.launch
[0.989s] -- Up-to-date: /home/msi/caato2_ws/install/apriltag_ros/share/apriltag_ros/launch/continuous_detection.launch
[0.989s] -- Up-to-date: /home/msi/caato2_ws/install/apriltag_ros/share/apriltag_ros/launch/continuous_detection.caato.launch
[0.989s] -- Up-to-date: /home/msi/caato2_ws/install/apriltag_ros/share/apriltag_ros/nodelet_plugins.xml
[0.989s] -- Up-to-date: /home/msi/caato2_ws/install/apriltag_ros/lib/libapriltag_ros_common.so
[0.989s] -- Up-to-date: /home/msi/caato2_ws/install/apriltag_ros/lib/libapriltag_ros_continuous_detector.so
[0.989s] -- Up-to-date: /home/msi/caato2_ws/install/apriltag_ros/lib/apriltag_ros/apriltag_ros_continuous_node
[0.989s] -- Up-to-date: /home/msi/caato2_ws/install/apriltag_ros/lib/apriltag_ros/apriltag_ros_single_image_client_node
[0.989s] -- Up-to-date: /home/msi/caato2_ws/install/apriltag_ros/lib/libapriltag_ros_single_image_detector.so
[0.989s] -- Up-to-date: /home/msi/caato2_ws/install/apriltag_ros/lib/apriltag_ros/apriltag_ros_single_image_server_node
[0.989s] -- Up-to-date: /home/msi/caato2_ws/install/apriltag_ros/lib/apriltag_ros/analyze_image
[1.022s] Invoked command in '/home/msi/caato2_ws/build/apriltag_ros' returned '0': CMAKE_PREFIX_PATH=/home/msi/caato2_ws/install/apriltag:${CMAKE_PREFIX_PATH} LD_LIBRARY_PATH=/home/msi/caato2_ws/install/apriltag/lib:${LD_LIBRARY_PATH} PATH=/home/msi/caato2_ws/install/apriltag/bin:${PATH} PKG_CONFIG_PATH=/home/msi/caato2_ws/install/apriltag/lib/x86_64-linux-gnu/pkgconfig:/home/msi/caato2_ws/install/apriltag/lib/pkgconfig:${PKG_CONFIG_PATH} /usr/bin/cmake --install /home/msi/caato2_ws/build/apriltag_ros
