[0.064s] Invoking command in '/home/msi/caato2_ws/build/rosinrange_msg': /usr/bin/cmake --build /home/msi/caato2_ws/build/rosinrange_msg -- -j20 -l20
[0.265s] [  0%] Built target geometry_msgs_generate_messages_py
[0.265s] [  0%] Built target _rosinrange_msg_generate_messages_check_deps_RangePose
[0.265s] [  0%] Built target geometry_msgs_generate_messages_lisp
[0.265s] [  0%] Built target geometry_msgs_generate_messages_cpp
[0.265s] [  0%] Built target geometry_msgs_generate_messages_nodejs
[0.265s] [  0%] Built target geometry_msgs_generate_messages_eus
[0.265s] [ 14%] Built target rosinrange_msg_generate_messages_lisp
[0.265s] [ 42%] Built target rosinrange_msg_generate_messages_py
[0.265s] [ 71%] Built target rosinrange_msg_generate_messages_nodejs
[0.266s] [ 71%] Built target rosinrange_msg_generate_messages_cpp
[0.266s] [100%] Built target rosinrange_msg_generate_messages_eus
[0.292s] [100%] Built target rosinrange_msg_generate_messages
[0.406s] Invoked command in '/home/msi/caato2_ws/build/rosinrange_msg' returned '0': /usr/bin/cmake --build /home/msi/caato2_ws/build/rosinrange_msg -- -j20 -l20
[0.484s] Invoking command in '/home/msi/caato2_ws/build/rosinrange_msg': /usr/bin/cmake --build /home/msi/caato2_ws/build/rosinrange_msg --target tests -- -j20 -l20
[0.526s] Built target tests
[0.556s] Invoked command in '/home/msi/caato2_ws/build/rosinrange_msg' returned '0': /usr/bin/cmake --build /home/msi/caato2_ws/build/rosinrange_msg --target tests -- -j20 -l20
[0.633s] Invoking command in '/home/msi/caato2_ws/build/rosinrange_msg': /usr/bin/cmake --install /home/msi/caato2_ws/build/rosinrange_msg
[0.652s] -- Install configuration: ""
[0.653s] -- Up-to-date: /home/msi/caato2_ws/install/rosinrange_msg/share/rosinrange_msg/msg/RangePose.msg
[0.653s] -- Up-to-date: /home/msi/caato2_ws/install/rosinrange_msg/share/rosinrange_msg/cmake/rosinrange_msg-msg-paths.cmake
[0.653s] -- Up-to-date: /home/msi/caato2_ws/install/rosinrange_msg/include/rosinrange_msg
[0.653s] -- Up-to-date: /home/msi/caato2_ws/install/rosinrange_msg/include/rosinrange_msg/RangePose.h
[0.654s] -- Up-to-date: /home/msi/caato2_ws/install/rosinrange_msg/share/roseus/ros/rosinrange_msg
[0.655s] -- Up-to-date: /home/msi/caato2_ws/install/rosinrange_msg/share/roseus/ros/rosinrange_msg/msg
[0.655s] -- Up-to-date: /home/msi/caato2_ws/install/rosinrange_msg/share/roseus/ros/rosinrange_msg/msg/RangePose.l
[0.655s] -- Up-to-date: /home/msi/caato2_ws/install/rosinrange_msg/share/roseus/ros/rosinrange_msg/manifest.l
[0.655s] -- Up-to-date: /home/msi/caato2_ws/install/rosinrange_msg/share/common-lisp/ros/rosinrange_msg
[0.655s] -- Up-to-date: /home/msi/caato2_ws/install/rosinrange_msg/share/common-lisp/ros/rosinrange_msg/msg
[0.655s] -- Up-to-date: /home/msi/caato2_ws/install/rosinrange_msg/share/common-lisp/ros/rosinrange_msg/msg/_package.lisp
[0.655s] -- Up-to-date: /home/msi/caato2_ws/install/rosinrange_msg/share/common-lisp/ros/rosinrange_msg/msg/rosinrange_msg-msg.asd
[0.655s] -- Up-to-date: /home/msi/caato2_ws/install/rosinrange_msg/share/common-lisp/ros/rosinrange_msg/msg/_package_RangePose.lisp
[0.656s] -- Up-to-date: /home/msi/caato2_ws/install/rosinrange_msg/share/common-lisp/ros/rosinrange_msg/msg/RangePose.lisp
[0.657s] -- Up-to-date: /home/msi/caato2_ws/install/rosinrange_msg/share/gennodejs/ros/rosinrange_msg
[0.657s] -- Up-to-date: /home/msi/caato2_ws/install/rosinrange_msg/share/gennodejs/ros/rosinrange_msg/_index.js
[0.657s] -- Up-to-date: /home/msi/caato2_ws/install/rosinrange_msg/share/gennodejs/ros/rosinrange_msg/msg
[0.658s] -- Up-to-date: /home/msi/caato2_ws/install/rosinrange_msg/share/gennodejs/ros/rosinrange_msg/msg/_index.js
[0.658s] -- Up-to-date: /home/msi/caato2_ws/install/rosinrange_msg/share/gennodejs/ros/rosinrange_msg/msg/RangePose.js
[0.669s] Listing '/home/msi/caato2_ws/build/rosinrange_msg/devel/lib/python3/dist-packages/rosinrange_msg'...
[0.670s] Listing '/home/msi/caato2_ws/build/rosinrange_msg/devel/lib/python3/dist-packages/rosinrange_msg/msg'...
[0.671s] -- Up-to-date: /home/msi/caato2_ws/install/rosinrange_msg/lib/python3/dist-packages/rosinrange_msg
[0.672s] -- Up-to-date: /home/msi/caato2_ws/install/rosinrange_msg/lib/python3/dist-packages/rosinrange_msg/msg
[0.672s] -- Up-to-date: /home/msi/caato2_ws/install/rosinrange_msg/lib/python3/dist-packages/rosinrange_msg/msg/_RangePose.py
[0.672s] -- Up-to-date: /home/msi/caato2_ws/install/rosinrange_msg/lib/python3/dist-packages/rosinrange_msg/msg/__init__.py
[0.672s] -- Up-to-date: /home/msi/caato2_ws/install/rosinrange_msg/lib/python3/dist-packages/rosinrange_msg/msg/__pycache__
[0.672s] -- Up-to-date: /home/msi/caato2_ws/install/rosinrange_msg/lib/python3/dist-packages/rosinrange_msg/msg/__pycache__/_RangePose.cpython-38.pyc
[0.672s] -- Up-to-date: /home/msi/caato2_ws/install/rosinrange_msg/lib/python3/dist-packages/rosinrange_msg/msg/__pycache__/__init__.cpython-38.pyc
[0.672s] -- Up-to-date: /home/msi/caato2_ws/install/rosinrange_msg/lib/python3/dist-packages/rosinrange_msg/__init__.py
[0.673s] -- Up-to-date: /home/msi/caato2_ws/install/rosinrange_msg/lib/python3/dist-packages/rosinrange_msg/__pycache__
[0.673s] -- Up-to-date: /home/msi/caato2_ws/install/rosinrange_msg/lib/python3/dist-packages/rosinrange_msg/__pycache__/__init__.cpython-38.pyc
[0.673s] -- Up-to-date: /home/msi/caato2_ws/install/rosinrange_msg/lib/pkgconfig/rosinrange_msg.pc
[0.673s] -- Up-to-date: /home/msi/caato2_ws/install/rosinrange_msg/share/rosinrange_msg/cmake/rosinrange_msg-msg-extras.cmake
[0.673s] -- Up-to-date: /home/msi/caato2_ws/install/rosinrange_msg/share/rosinrange_msg/cmake/rosinrange_msgConfig.cmake
[0.673s] -- Up-to-date: /home/msi/caato2_ws/install/rosinrange_msg/share/rosinrange_msg/cmake/rosinrange_msgConfig-version.cmake
[0.673s] -- Up-to-date: /home/msi/caato2_ws/install/rosinrange_msg/share/rosinrange_msg/package.xml
[0.756s] Invoked command in '/home/msi/caato2_ws/build/rosinrange_msg' returned '0': /usr/bin/cmake --install /home/msi/caato2_ws/build/rosinrange_msg
