[0.291s] Invoking command in '/home/msi/caato2_ws/build/teleop_twist_joy': /usr/bin/cmake --build /home/msi/caato2_ws/build/teleop_twist_joy -- -j20 -l20
[0.331s] [ 50%] Built target teleop_twist_joy
[0.348s] [100%] Built target teleop_twist_joy_node
[0.431s] Invoked command in '/home/msi/caato2_ws/build/teleop_twist_joy' returned '0': /usr/bin/cmake --build /home/msi/caato2_ws/build/teleop_twist_joy -- -j20 -l20
[0.591s] Invoking command in '/home/msi/caato2_ws/build/teleop_twist_joy': /usr/bin/cmake --build /home/msi/caato2_ws/build/teleop_twist_joy --target tests -- -j20 -l20
[0.678s] Built target tests
[0.690s] Invoked command in '/home/msi/caato2_ws/build/teleop_twist_joy' returned '0': /usr/bin/cmake --build /home/msi/caato2_ws/build/teleop_twist_joy --target tests -- -j20 -l20
[0.799s] Invoking command in '/home/msi/caato2_ws/build/teleop_twist_joy': /usr/bin/cmake --install /home/msi/caato2_ws/build/teleop_twist_joy
[0.803s] -- Install configuration: ""
[0.803s] -- Up-to-date: /home/msi/caato2_ws/install/teleop_twist_joy/lib/pkgconfig/teleop_twist_joy.pc
[0.804s] -- Up-to-date: /home/msi/caato2_ws/install/teleop_twist_joy/share/teleop_twist_joy/cmake/teleop_twist_joyConfig.cmake
[0.805s] -- Up-to-date: /home/msi/caato2_ws/install/teleop_twist_joy/share/teleop_twist_joy/cmake/teleop_twist_joyConfig-version.cmake
[0.808s] -- Up-to-date: /home/msi/caato2_ws/install/teleop_twist_joy/share/teleop_twist_joy/package.xml
[0.809s] -- Up-to-date: /home/msi/caato2_ws/install/teleop_twist_joy/lib/libteleop_twist_joy.so
[0.811s] -- Up-to-date: /home/msi/caato2_ws/install/teleop_twist_joy/lib/teleop_twist_joy/teleop_node
[0.812s] -- Up-to-date: /home/msi/caato2_ws/install/teleop_twist_joy/include/teleop_twist_joy
[0.812s] -- Up-to-date: /home/msi/caato2_ws/install/teleop_twist_joy/include/teleop_twist_joy/teleop_twist_joy.h
[0.812s] -- Up-to-date: /home/msi/caato2_ws/install/teleop_twist_joy/share/teleop_twist_joy/launch
[0.813s] -- Up-to-date: /home/msi/caato2_ws/install/teleop_twist_joy/share/teleop_twist_joy/launch/teleop.launch
[0.814s] -- Up-to-date: /home/msi/caato2_ws/install/teleop_twist_joy/share/teleop_twist_joy/config
[0.814s] -- Up-to-date: /home/msi/caato2_ws/install/teleop_twist_joy/share/teleop_twist_joy/config/ps3-holonomic.config.yaml
[0.814s] -- Up-to-date: /home/msi/caato2_ws/install/teleop_twist_joy/share/teleop_twist_joy/config/ps3.config.yaml
[0.814s] -- Up-to-date: /home/msi/caato2_ws/install/teleop_twist_joy/share/teleop_twist_joy/config/atk3.config.yaml
[0.817s] -- Up-to-date: /home/msi/caato2_ws/install/teleop_twist_joy/share/teleop_twist_joy/config/xbox.config.yaml
[0.817s] -- Up-to-date: /home/msi/caato2_ws/install/teleop_twist_joy/share/teleop_twist_joy/config/xd3.config.yaml
[0.824s] Invoked command in '/home/msi/caato2_ws/build/teleop_twist_joy' returned '0': /usr/bin/cmake --install /home/msi/caato2_ws/build/teleop_twist_joy
