[0.187s] Invoking command in '/home/msi/caato2_ws/build/rosserial_server': CMAKE_PREFIX_PATH=/home/msi/caato2_ws/install/rosserial_msgs:${CMAKE_PREFIX_PATH} PKG_CONFIG_PATH=/home/msi/caato2_ws/install/rosserial_msgs/lib/x86_64-linux-gnu/pkgconfig:/home/msi/caato2_ws/install/rosserial_msgs/lib/pkgconfig:${PKG_CONFIG_PATH} PYTHONPATH=/home/msi/caato2_ws/install/rosserial_msgs/lib/python3/dist-packages:${PYTHONPATH} ROS_PACKAGE_PATH=/home/msi/caato2_ws/install/rosserial_msgs/share:${ROS_PACKAGE_PATH} /usr/bin/cmake --build /home/msi/caato2_ws/build/rosserial_server -- -j20 -l20
[0.222s] [  0%] Built target topic_tools_generate_messages_eus
[0.223s] [  0%] Built target rosgraph_msgs_generate_messages_cpp
[0.224s] [  0%] Built target roscpp_generate_messages_nodejs
[0.224s] [  0%] Built target topic_tools_generate_messages_cpp
[0.224s] [  0%] Built target topic_tools_generate_messages_py
[0.224s] [  0%] Built target std_msgs_generate_messages_eus
[0.224s] [  0%] Built target rosgraph_msgs_generate_messages_lisp
[0.224s] [  0%] Built target roscpp_generate_messages_py
[0.224s] [  0%] Built target rosserial_msgs_generate_messages_eus
[0.224s] [  0%] Built target roscpp_generate_messages_cpp
[0.224s] [  0%] Built target rosserial_msgs_generate_messages_py
[0.224s] [  0%] Built target rosgraph_msgs_generate_messages_py
[0.225s] [  0%] Built target rosserial_msgs_generate_messages_lisp
[0.225s] [  0%] Built target rosserial_msgs_generate_messages_cpp
[0.225s] [  0%] Built target topic_tools_generate_messages_lisp
[0.229s] [ 25%] Built target rosserial_server_lookup
[0.230s] [ 25%] Built target std_msgs_generate_messages_lisp
[0.230s] [ 25%] Built target topic_tools_generate_messages_nodejs
[0.231s] [ 25%] Built target roscpp_generate_messages_eus
[0.232s] [ 25%] Built target rosserial_msgs_generate_messages_nodejs
[0.238s] [ 25%] Built target std_msgs_generate_messages_py
[0.239s] [ 25%] Built target roscpp_generate_messages_lisp
[0.239s] [ 25%] Built target std_msgs_generate_messages_cpp
[0.240s] [ 25%] Built target rosgraph_msgs_generate_messages_eus
[0.240s] [ 25%] Built target rosgraph_msgs_generate_messages_nodejs
[0.240s] [ 25%] Built target std_msgs_generate_messages_nodejs
[0.259s] [100%] Built target rosserial_server_udp_socket_node
[0.259s] [100%] Built target rosserial_server_serial_node
[0.259s] [100%] Built target rosserial_server_socket_node
[0.337s] Invoked command in '/home/msi/caato2_ws/build/rosserial_server' returned '0': CMAKE_PREFIX_PATH=/home/msi/caato2_ws/install/rosserial_msgs:${CMAKE_PREFIX_PATH} PKG_CONFIG_PATH=/home/msi/caato2_ws/install/rosserial_msgs/lib/x86_64-linux-gnu/pkgconfig:/home/msi/caato2_ws/install/rosserial_msgs/lib/pkgconfig:${PKG_CONFIG_PATH} PYTHONPATH=/home/msi/caato2_ws/install/rosserial_msgs/lib/python3/dist-packages:${PYTHONPATH} ROS_PACKAGE_PATH=/home/msi/caato2_ws/install/rosserial_msgs/share:${ROS_PACKAGE_PATH} /usr/bin/cmake --build /home/msi/caato2_ws/build/rosserial_server -- -j20 -l20
