[0.117s] Invoking command in '/home/msi/caato2_ws/build/realsense_gazebo_plugin': /usr/bin/cmake --build /home/msi/caato2_ws/build/realsense_gazebo_plugin -- -j20 -l20
[0.263s] [  0%] Built target trajectory_msgs_generate_messages_nodejs
[0.263s] [  0%] Built target dynamic_reconfigure_generate_messages_eus
[0.263s] [  0%] Built target trajectory_msgs_generate_messages_cpp
[0.263s] [  0%] Built target gazebo_msgs_generate_messages_py
[0.263s] [  0%] Built target gazebo_msgs_generate_messages_nodejs
[0.263s] [  0%] Built target dynamic_reconfigure_gencfg
[0.263s] [  0%] Built target std_srvs_generate_messages_lisp
[0.263s] [  0%] Built target std_srvs_generate_messages_eus
[0.263s] [  0%] Built target geometry_msgs_generate_messages_eus
[0.263s] [  0%] Built target gazebo_msgs_generate_messages_cpp
[0.263s] [  0%] Built target trajectory_msgs_generate_messages_lisp
[0.263s] [  0%] Built target dynamic_reconfigure_generate_messages_lisp
[0.264s] [  0%] Built target tf2_msgs_generate_messages_cpp
[0.264s] [  0%] Built target std_msgs_generate_messages_py
[0.264s] [  0%] Built target std_msgs_generate_messages_nodejs
[0.264s] [  0%] Built target std_msgs_generate_messages_cpp
[0.264s] [  0%] Built target rosgraph_msgs_generate_messages_nodejs
[0.264s] [  0%] Built target std_msgs_generate_messages_lisp
[0.264s] [  0%] Built target actionlib_generate_messages_cpp
[0.264s] [  0%] Built target std_srvs_generate_messages_cpp
[0.264s] [  0%] Built target actionlib_msgs_generate_messages_py
[0.264s] [  0%] Built target actionlib_generate_messages_lisp
[0.264s] [  0%] Built target std_srvs_generate_messages_nodejs
[0.264s] [  0%] Built target tf_generate_messages_eus
[0.265s] [  0%] Built target dynamic_reconfigure_generate_messages_py
[0.265s] [  0%] Built target rosgraph_msgs_generate_messages_lisp
[0.265s] [  0%] Built target roscpp_generate_messages_lisp
[0.265s] [  0%] Built target actionlib_msgs_generate_messages_eus
[0.265s] [  0%] Built target rosgraph_msgs_generate_messages_py
[0.265s] [  0%] Built target trajectory_msgs_generate_messages_eus
[0.265s] [  0%] Built target geometry_msgs_generate_messages_py
[0.265s] [  0%] Built target gazebo_ros_gencfg
[0.265s] [  0%] Built target roscpp_generate_messages_cpp
[0.265s] [  0%] Built target roscpp_generate_messages_py
[0.265s] [  0%] Built target gazebo_msgs_generate_messages_lisp
[0.265s] [  0%] Built target tf2_msgs_generate_messages_eus
[0.265s] [  0%] Built target sensor_msgs_generate_messages_py
[0.265s] [  0%] Built target roscpp_generate_messages_eus
[0.265s] [  0%] Built target dynamic_reconfigure_generate_messages_nodejs
[0.265s] [  0%] Built target geometry_msgs_generate_messages_cpp
[0.265s] [  0%] Built target tf_generate_messages_cpp
[0.265s] [  0%] Built target tf2_msgs_generate_messages_py
[0.266s] [  0%] Built target geometry_msgs_generate_messages_lisp
[0.266s] [  0%] Built target std_srvs_generate_messages_py
[0.266s] [  0%] Built target tf_generate_messages_lisp
[0.266s] [  0%] Built target rosgraph_msgs_generate_messages_eus
[0.266s] [  0%] Built target roscpp_generate_messages_nodejs
[0.266s] [  0%] Built target dynamic_reconfigure_generate_messages_cpp
[0.266s] [  0%] Built target tf_generate_messages_nodejs
[0.266s] [  0%] Built target sensor_msgs_generate_messages_cpp
[0.266s] [  0%] Built target sensor_msgs_generate_messages_eus
[0.266s] [  0%] Built target sensor_msgs_generate_messages_lisp
[0.266s] [  0%] Built target sensor_msgs_generate_messages_nodejs
[0.266s] [  0%] Built target trajectory_msgs_generate_messages_py
[0.266s] [  0%] Built target actionlib_generate_messages_eus
[0.268s] [  0%] Built target rosgraph_msgs_generate_messages_cpp
[0.269s] [  0%] Built target tf_generate_messages_py
[0.269s] [  0%] Built target actionlib_generate_messages_py
[0.269s] [  0%] Built target actionlib_msgs_generate_messages_cpp
[0.269s] [  0%] Built target tf2_msgs_generate_messages_lisp
[0.269s] [  0%] Built target actionlib_generate_messages_nodejs
[0.269s] [  0%] Built target actionlib_msgs_generate_messages_lisp
[0.269s] [  0%] Built target actionlib_msgs_generate_messages_nodejs
[0.269s] [  0%] Built target std_msgs_generate_messages_eus
[0.269s] [  0%] Built target tf2_msgs_generate_messages_nodejs
[0.269s] [  0%] Built target gazebo_msgs_generate_messages_eus
[0.270s] [  0%] Built target geometry_msgs_generate_messages_nodejs
[0.297s] [100%] Built target realsense_gazebo_plugin
[0.385s] Invoked command in '/home/msi/caato2_ws/build/realsense_gazebo_plugin' returned '0': /usr/bin/cmake --build /home/msi/caato2_ws/build/realsense_gazebo_plugin -- -j20 -l20
[0.491s] Invoking command in '/home/msi/caato2_ws/build/realsense_gazebo_plugin': /usr/bin/cmake --build /home/msi/caato2_ws/build/realsense_gazebo_plugin --target tests -- -j20 -l20
[0.561s] Built target tests
[0.610s] Invoked command in '/home/msi/caato2_ws/build/realsense_gazebo_plugin' returned '0': /usr/bin/cmake --build /home/msi/caato2_ws/build/realsense_gazebo_plugin --target tests -- -j20 -l20
[0.685s] Invoking command in '/home/msi/caato2_ws/build/realsense_gazebo_plugin': /usr/bin/cmake --install /home/msi/caato2_ws/build/realsense_gazebo_plugin
[0.698s] -- Install configuration: ""
[0.698s] -- Up-to-date: /home/msi/caato2_ws/install/realsense_gazebo_plugin/lib/pkgconfig/realsense_gazebo_plugin.pc
[0.698s] -- Up-to-date: /home/msi/caato2_ws/install/realsense_gazebo_plugin/share/realsense_gazebo_plugin/cmake/realsense_gazebo_pluginConfig.cmake
[0.698s] -- Up-to-date: /home/msi/caato2_ws/install/realsense_gazebo_plugin/share/realsense_gazebo_plugin/cmake/realsense_gazebo_pluginConfig-version.cmake
[0.699s] -- Up-to-date: /home/msi/caato2_ws/install/realsense_gazebo_plugin/share/realsense_gazebo_plugin/package.xml
[0.700s] -- Up-to-date: /home/msi/caato2_ws/install/realsense_gazebo_plugin/lib/librealsense_gazebo_plugin.so
[0.700s] -- Up-to-date: /home/msi/caato2_ws/install/realsense_gazebo_plugin/share/realsense_gazebo_plugin/include
[0.700s] -- Up-to-date: /home/msi/caato2_ws/install/realsense_gazebo_plugin/share/realsense_gazebo_plugin/include/realsense_gazebo_plugin
[0.700s] -- Up-to-date: /home/msi/caato2_ws/install/realsense_gazebo_plugin/share/realsense_gazebo_plugin/include/realsense_gazebo_plugin/gazebo_ros_realsense.h
[0.700s] -- Up-to-date: /home/msi/caato2_ws/install/realsense_gazebo_plugin/share/realsense_gazebo_plugin/include/realsense_gazebo_plugin/RealSensePlugin.h
[0.731s] Invoked command in '/home/msi/caato2_ws/build/realsense_gazebo_plugin' returned '0': /usr/bin/cmake --install /home/msi/caato2_ws/build/realsense_gazebo_plugin
