[0.130s] Invoking command in '/home/msi/caato2_ws/build/device_diagnostics': /usr/bin/cmake --build /home/msi/caato2_ws/build/device_diagnostics -- -j20 -l20
[0.253s] [  0%] Built target std_msgs_generate_messages_eus
[0.253s] [  0%] Built target std_msgs_generate_messages_nodejs
[0.253s] [  0%] Built target std_msgs_generate_messages_lisp
[0.253s] [  0%] Built target std_msgs_generate_messages_cpp
[0.253s] [  0%] Built target std_msgs_generate_messages_py
[0.253s] [ 22%] Built target device_status_checker_node
[0.253s] [ 22%] Built target _device_diagnostics_generate_messages_check_deps_device_connection
[0.277s] [ 44%] Built target device_diagnostics_generate_messages_eus
[0.305s] [ 55%] Built target device_diagnostics_generate_messages_cpp
[0.305s] [ 66%] Built target device_diagnostics_generate_messages_nodejs
[0.309s] [ 88%] Built target device_diagnostics_generate_messages_py
[0.312s] [100%] Built target device_diagnostics_generate_messages_lisp
[0.329s] [100%] Built target device_diagnostics_generate_messages
[0.384s] Invoked command in '/home/msi/caato2_ws/build/device_diagnostics' returned '0': /usr/bin/cmake --build /home/msi/caato2_ws/build/device_diagnostics -- -j20 -l20
[0.462s] Invoking command in '/home/msi/caato2_ws/build/device_diagnostics': /usr/bin/cmake --build /home/msi/caato2_ws/build/device_diagnostics --target tests -- -j20 -l20
[0.496s] Built target tests
[0.540s] Invoked command in '/home/msi/caato2_ws/build/device_diagnostics' returned '0': /usr/bin/cmake --build /home/msi/caato2_ws/build/device_diagnostics --target tests -- -j20 -l20
[0.644s] Invoking command in '/home/msi/caato2_ws/build/device_diagnostics': /usr/bin/cmake --install /home/msi/caato2_ws/build/device_diagnostics
[0.664s] -- Install configuration: ""
[0.665s] -- Up-to-date: /home/msi/caato2_ws/install/device_diagnostics/share/device_diagnostics/msg/device_connection.msg
[0.665s] -- Up-to-date: /home/msi/caato2_ws/install/device_diagnostics/share/device_diagnostics/cmake/device_diagnostics-msg-paths.cmake
[0.665s] -- Up-to-date: /home/msi/caato2_ws/install/device_diagnostics/include/device_diagnostics
[0.665s] -- Up-to-date: /home/msi/caato2_ws/install/device_diagnostics/include/device_diagnostics/device_connection.h
[0.665s] -- Up-to-date: /home/msi/caato2_ws/install/device_diagnostics/share/roseus/ros/device_diagnostics
[0.666s] -- Up-to-date: /home/msi/caato2_ws/install/device_diagnostics/share/roseus/ros/device_diagnostics/msg
[0.666s] -- Up-to-date: /home/msi/caato2_ws/install/device_diagnostics/share/roseus/ros/device_diagnostics/msg/device_connection.l
[0.666s] -- Up-to-date: /home/msi/caato2_ws/install/device_diagnostics/share/roseus/ros/device_diagnostics/manifest.l
[0.666s] -- Up-to-date: /home/msi/caato2_ws/install/device_diagnostics/share/common-lisp/ros/device_diagnostics
[0.667s] -- Up-to-date: /home/msi/caato2_ws/install/device_diagnostics/share/common-lisp/ros/device_diagnostics/msg
[0.667s] -- Up-to-date: /home/msi/caato2_ws/install/device_diagnostics/share/common-lisp/ros/device_diagnostics/msg/_package.lisp
[0.667s] -- Up-to-date: /home/msi/caato2_ws/install/device_diagnostics/share/common-lisp/ros/device_diagnostics/msg/_package_device_connection.lisp
[0.667s] -- Up-to-date: /home/msi/caato2_ws/install/device_diagnostics/share/common-lisp/ros/device_diagnostics/msg/device_connection.lisp
[0.667s] -- Up-to-date: /home/msi/caato2_ws/install/device_diagnostics/share/common-lisp/ros/device_diagnostics/msg/device_diagnostics-msg.asd
[0.667s] -- Up-to-date: /home/msi/caato2_ws/install/device_diagnostics/share/gennodejs/ros/device_diagnostics
[0.668s] -- Up-to-date: /home/msi/caato2_ws/install/device_diagnostics/share/gennodejs/ros/device_diagnostics/_index.js
[0.668s] -- Up-to-date: /home/msi/caato2_ws/install/device_diagnostics/share/gennodejs/ros/device_diagnostics/msg
[0.668s] -- Up-to-date: /home/msi/caato2_ws/install/device_diagnostics/share/gennodejs/ros/device_diagnostics/msg/_index.js
[0.668s] -- Up-to-date: /home/msi/caato2_ws/install/device_diagnostics/share/gennodejs/ros/device_diagnostics/msg/device_connection.js
[0.677s] Listing '/home/msi/caato2_ws/build/device_diagnostics/devel/lib/python3/dist-packages/device_diagnostics'...
[0.677s] Listing '/home/msi/caato2_ws/build/device_diagnostics/devel/lib/python3/dist-packages/device_diagnostics/msg'...
[0.703s] -- Up-to-date: /home/msi/caato2_ws/install/device_diagnostics/lib/python3/dist-packages/device_diagnostics
[0.712s] -- Up-to-date: /home/msi/caato2_ws/install/device_diagnostics/lib/python3/dist-packages/device_diagnostics/msg
[0.712s] -- Up-to-date: /home/msi/caato2_ws/install/device_diagnostics/lib/python3/dist-packages/device_diagnostics/msg/_device_connection.py
[0.712s] -- Up-to-date: /home/msi/caato2_ws/install/device_diagnostics/lib/python3/dist-packages/device_diagnostics/msg/__init__.py
[0.713s] -- Up-to-date: /home/msi/caato2_ws/install/device_diagnostics/lib/python3/dist-packages/device_diagnostics/msg/__pycache__
[0.714s] -- Up-to-date: /home/msi/caato2_ws/install/device_diagnostics/lib/python3/dist-packages/device_diagnostics/msg/__pycache__/__init__.cpython-38.pyc
[0.714s] -- Up-to-date: /home/msi/caato2_ws/install/device_diagnostics/lib/python3/dist-packages/device_diagnostics/msg/__pycache__/_device_connection.cpython-38.pyc
[0.714s] -- Up-to-date: /home/msi/caato2_ws/install/device_diagnostics/lib/python3/dist-packages/device_diagnostics/__init__.py
[0.714s] -- Up-to-date: /home/msi/caato2_ws/install/device_diagnostics/lib/python3/dist-packages/device_diagnostics/__pycache__
[0.716s] -- Up-to-date: /home/msi/caato2_ws/install/device_diagnostics/lib/python3/dist-packages/device_diagnostics/__pycache__/__init__.cpython-38.pyc
[0.717s] -- Up-to-date: /home/msi/caato2_ws/install/device_diagnostics/lib/pkgconfig/device_diagnostics.pc
[0.717s] -- Up-to-date: /home/msi/caato2_ws/install/device_diagnostics/share/device_diagnostics/cmake/device_diagnostics-msg-extras.cmake
[0.718s] -- Up-to-date: /home/msi/caato2_ws/install/device_diagnostics/share/device_diagnostics/cmake/device_diagnosticsConfig.cmake
[0.718s] -- Up-to-date: /home/msi/caato2_ws/install/device_diagnostics/share/device_diagnostics/cmake/device_diagnosticsConfig-version.cmake
[0.718s] -- Up-to-date: /home/msi/caato2_ws/install/device_diagnostics/share/device_diagnostics/package.xml
[0.793s] Invoked command in '/home/msi/caato2_ws/build/device_diagnostics' returned '0': /usr/bin/cmake --install /home/msi/caato2_ws/build/device_diagnostics
