[0.114s] Invoking command in '/home/msi/caato2_ws/build/trolley_arm': /usr/bin/cmake --build /home/msi/caato2_ws/build/trolley_arm -- -j20 -l20
[0.270s] [  0%] Built target std_msgs_generate_messages_lisp
[0.271s] [  0%] Built target std_msgs_generate_messages_cpp
[0.271s] [  0%] Built target std_msgs_generate_messages_py
[0.271s] [  0%] Built target std_msgs_generate_messages_eus
[0.271s] [  0%] Built target std_msgs_generate_messages_nodejs
[0.271s] [  0%] Built target _trolley_arm_generate_messages_check_deps_arm
[0.271s] [ 18%] Built target trolley_arm_generate_messages_py
[0.271s] [ 27%] Built target trolley_arm_generate_messages_cpp
[0.271s] [ 45%] Built target trolley_arm_generate_messages_nodejs
[0.271s] [ 54%] Built target trolley_arm_generate_messages_eus
[0.271s] [ 63%] Built target trolley_arm_generate_messages_lisp
[0.271s] [ 63%] Built target trolley_arm_gencpp
[0.271s] [ 63%] Built target trolley_arm_generate_messages
[0.271s] [ 81%] Built target arm_server
[0.272s] [100%] Built target arm_client
[0.351s] Invoked command in '/home/msi/caato2_ws/build/trolley_arm' returned '0': /usr/bin/cmake --build /home/msi/caato2_ws/build/trolley_arm -- -j20 -l20
[0.444s] Invoking command in '/home/msi/caato2_ws/build/trolley_arm': /usr/bin/cmake --build /home/msi/caato2_ws/build/trolley_arm --target tests -- -j20 -l20
[0.500s] Built target tests
[0.514s] Invoked command in '/home/msi/caato2_ws/build/trolley_arm' returned '0': /usr/bin/cmake --build /home/msi/caato2_ws/build/trolley_arm --target tests -- -j20 -l20
[0.570s] Invoking command in '/home/msi/caato2_ws/build/trolley_arm': /usr/bin/cmake --install /home/msi/caato2_ws/build/trolley_arm
[0.575s] -- Install configuration: ""
[0.576s] -- Up-to-date: /home/msi/caato2_ws/install/trolley_arm/share/trolley_arm/srv/arm.srv
[0.577s] -- Up-to-date: /home/msi/caato2_ws/install/trolley_arm/share/trolley_arm/cmake/trolley_arm-msg-paths.cmake
[0.578s] -- Up-to-date: /home/msi/caato2_ws/install/trolley_arm/include/trolley_arm
[0.578s] -- Up-to-date: /home/msi/caato2_ws/install/trolley_arm/include/trolley_arm/armRequest.h
[0.578s] -- Up-to-date: /home/msi/caato2_ws/install/trolley_arm/include/trolley_arm/armResponse.h
[0.578s] -- Up-to-date: /home/msi/caato2_ws/install/trolley_arm/include/trolley_arm/arm.h
[0.578s] -- Up-to-date: /home/msi/caato2_ws/install/trolley_arm/share/roseus/ros/trolley_arm
[0.578s] -- Up-to-date: /home/msi/caato2_ws/install/trolley_arm/share/roseus/ros/trolley_arm/manifest.l
[0.578s] -- Up-to-date: /home/msi/caato2_ws/install/trolley_arm/share/roseus/ros/trolley_arm/srv
[0.579s] -- Up-to-date: /home/msi/caato2_ws/install/trolley_arm/share/roseus/ros/trolley_arm/srv/arm.l
[0.579s] -- Up-to-date: /home/msi/caato2_ws/install/trolley_arm/share/common-lisp/ros/trolley_arm
[0.579s] -- Up-to-date: /home/msi/caato2_ws/install/trolley_arm/share/common-lisp/ros/trolley_arm/srv
[0.580s] -- Up-to-date: /home/msi/caato2_ws/install/trolley_arm/share/common-lisp/ros/trolley_arm/srv/_package.lisp
[0.581s] -- Up-to-date: /home/msi/caato2_ws/install/trolley_arm/share/common-lisp/ros/trolley_arm/srv/arm.lisp
[0.582s] -- Up-to-date: /home/msi/caato2_ws/install/trolley_arm/share/common-lisp/ros/trolley_arm/srv/_package_arm.lisp
[0.582s] -- Up-to-date: /home/msi/caato2_ws/install/trolley_arm/share/common-lisp/ros/trolley_arm/srv/trolley_arm-srv.asd
[0.583s] -- Up-to-date: /home/msi/caato2_ws/install/trolley_arm/share/gennodejs/ros/trolley_arm
[0.584s] -- Up-to-date: /home/msi/caato2_ws/install/trolley_arm/share/gennodejs/ros/trolley_arm/_index.js
[0.585s] -- Up-to-date: /home/msi/caato2_ws/install/trolley_arm/share/gennodejs/ros/trolley_arm/srv
[0.585s] -- Up-to-date: /home/msi/caato2_ws/install/trolley_arm/share/gennodejs/ros/trolley_arm/srv/_index.js
[0.585s] -- Up-to-date: /home/msi/caato2_ws/install/trolley_arm/share/gennodejs/ros/trolley_arm/srv/arm.js
[0.614s] Listing '/home/msi/caato2_ws/build/trolley_arm/devel/lib/python3/dist-packages/trolley_arm'...
[0.614s] Listing '/home/msi/caato2_ws/build/trolley_arm/devel/lib/python3/dist-packages/trolley_arm/srv'...
[0.615s] -- Up-to-date: /home/msi/caato2_ws/install/trolley_arm/lib/python3/dist-packages/trolley_arm
[0.615s] -- Up-to-date: /home/msi/caato2_ws/install/trolley_arm/lib/python3/dist-packages/trolley_arm/srv
[0.615s] -- Up-to-date: /home/msi/caato2_ws/install/trolley_arm/lib/python3/dist-packages/trolley_arm/srv/_arm.py
[0.615s] -- Up-to-date: /home/msi/caato2_ws/install/trolley_arm/lib/python3/dist-packages/trolley_arm/srv/__init__.py
[0.617s] -- Up-to-date: /home/msi/caato2_ws/install/trolley_arm/lib/python3/dist-packages/trolley_arm/srv/__pycache__
[0.617s] -- Up-to-date: /home/msi/caato2_ws/install/trolley_arm/lib/python3/dist-packages/trolley_arm/srv/__pycache__/_arm.cpython-38.pyc
[0.617s] -- Up-to-date: /home/msi/caato2_ws/install/trolley_arm/lib/python3/dist-packages/trolley_arm/srv/__pycache__/__init__.cpython-38.pyc
[0.617s] -- Up-to-date: /home/msi/caato2_ws/install/trolley_arm/lib/python3/dist-packages/trolley_arm/__init__.py
[0.617s] -- Up-to-date: /home/msi/caato2_ws/install/trolley_arm/lib/python3/dist-packages/trolley_arm/__pycache__
[0.618s] -- Up-to-date: /home/msi/caato2_ws/install/trolley_arm/lib/python3/dist-packages/trolley_arm/__pycache__/__init__.cpython-38.pyc
[0.618s] -- Up-to-date: /home/msi/caato2_ws/install/trolley_arm/lib/pkgconfig/trolley_arm.pc
[0.618s] -- Up-to-date: /home/msi/caato2_ws/install/trolley_arm/share/trolley_arm/cmake/trolley_arm-msg-extras.cmake
[0.618s] -- Up-to-date: /home/msi/caato2_ws/install/trolley_arm/share/trolley_arm/cmake/trolley_armConfig.cmake
[0.618s] -- Up-to-date: /home/msi/caato2_ws/install/trolley_arm/share/trolley_arm/cmake/trolley_armConfig-version.cmake
[0.619s] -- Up-to-date: /home/msi/caato2_ws/install/trolley_arm/share/trolley_arm/package.xml
[0.619s] -- Up-to-date: /home/msi/caato2_ws/install/trolley_arm/share/trolley_arm/launch
[0.619s] -- Up-to-date: /home/msi/caato2_ws/install/trolley_arm/share/trolley_arm/launch/arm.launch
[0.619s] -- Up-to-date: /home/msi/caato2_ws/install/trolley_arm/share/trolley_arm/src
[0.619s] -- Up-to-date: /home/msi/caato2_ws/install/trolley_arm/share/trolley_arm/src/arm_server.cpp
[0.619s] -- Up-to-date: /home/msi/caato2_ws/install/trolley_arm/share/trolley_arm/src/arm_client.cpp
[0.620s] -- Up-to-date: /home/msi/caato2_ws/install/trolley_arm/lib/trolley_arm/arm_server
[0.620s] -- Up-to-date: /home/msi/caato2_ws/install/trolley_arm/lib/trolley_arm/arm_client
[0.656s] Invoked command in '/home/msi/caato2_ws/build/trolley_arm' returned '0': /usr/bin/cmake --install /home/msi/caato2_ws/build/trolley_arm
