-- The C compiler identification is GNU 8.4.0
-- The CXX compiler identification is GNU 8.4.0
-- Check for working C compiler: /usr/bin/cc
-- Check for working C compiler: /usr/bin/cc -- works
-- Detecting C compiler ABI info
-- Detecting C compiler ABI info - done
-- Detecting C compile features
-- Detecting C compile features - done
-- Check for working CXX compiler: /usr/bin/c++
-- Check for working CXX compiler: /usr/bin/c++ -- works
-- Detecting CXX compiler ABI info
-- Detecting CXX compiler ABI info - done
-- Detecting CXX compile features
-- Detecting CXX compile features - done
-- Using CATKIN_DEVEL_PREFIX: /home/msi/caato2_ws/build/device_diagnostics/devel
-- Using CMAKE_PREFIX_PATH: /opt/ros/noetic
-- This workspace overlays: /opt/ros/noetic
-- Found PythonInterp: /usr/bin/python3 (found suitable version "3.8.10", minimum required is "3") 
-- Using PYTHON_EXECUTABLE: /usr/bin/python3
-- Using Debian Python package layout
-- Found PY_em: /usr/lib/python3/dist-packages/em.py  
-- Using empy: /usr/lib/python3/dist-packages/em.py
-- Using CATKIN_ENABLE_TESTING: ON
-- Call enable_testing()
-- Using CATKIN_TEST_RESULTS_DIR: /home/msi/caato2_ws/build/device_diagnostics/test_results
-- Forcing gtest/gmock from source, though one was otherwise available.
-- Found gtest sources under '/usr/src/googletest': gtests will be built
-- Found gmock sources under '/usr/src/googletest': gmock will be built
-- Found PythonInterp: /usr/bin/python3 (found version "3.8.10") 
-- Found Threads: TRUE  
-- Using Python nosetests: /usr/bin/nosetests3
-- catkin 0.8.10
-- BUILD_SHARED_LIBS is on
-- Using these message generators: gencpp;geneus;genlisp;gennodejs;genpy
-- device_diagnostics: 1 messages, 0 services
-- Configuring done
-- Generating done
-- Build files have been written to: /home/msi/caato2_ws/build/device_diagnostics
[35m[1mScanning dependencies of target _device_diagnostics_generate_messages_check_deps_device_connection[0m
[35m[1mScanning dependencies of target std_msgs_generate_messages_cpp[0m
[35m[1mScanning dependencies of target std_msgs_generate_messages_eus[0m
[35m[1mScanning dependencies of target std_msgs_generate_messages_nodejs[0m
[35m[1mScanning dependencies of target std_msgs_generate_messages_py[0m
[  0%] Built target std_msgs_generate_messages_eus
[  0%] Built target std_msgs_generate_messages_cpp
[35m[1mScanning dependencies of target device_status_checker_node[0m
[  0%] Built target std_msgs_generate_messages_nodejs
[35m[1mScanning dependencies of target std_msgs_generate_messages_lisp[0m
[ 11%] [32mBuilding CXX object CMakeFiles/device_status_checker_node.dir/src/device_status_checker.cpp.o[0m
[ 11%] Built target _device_diagnostics_generate_messages_check_deps_device_connection
[ 11%] Built target std_msgs_generate_messages_py
[ 11%] Built target std_msgs_generate_messages_lisp
[35m[1mScanning dependencies of target device_diagnostics_generate_messages_nodejs[0m
[35m[1mScanning dependencies of target device_diagnostics_generate_messages_eus[0m
[35m[1mScanning dependencies of target device_diagnostics_generate_messages_cpp[0m
[35m[1mScanning dependencies of target device_diagnostics_generate_messages_py[0m
[ 22%] [34m[1mGenerating EusLisp code from device_diagnostics/device_connection.msg[0m
[ 33%] [34m[1mGenerating EusLisp manifest code for device_diagnostics[0m
[ 44%] [34m[1mGenerating Javascript code from device_diagnostics/device_connection.msg[0m
[ 55%] [34m[1mGenerating Python from MSG device_diagnostics/device_connection[0m
[35m[1mScanning dependencies of target device_diagnostics_generate_messages_lisp[0m
[ 66%] [34m[1mGenerating C++ code from device_diagnostics/device_connection.msg[0m
[ 77%] [34m[1mGenerating Lisp code from device_diagnostics/device_connection.msg[0m
[ 77%] Built target device_diagnostics_generate_messages_nodejs
[ 77%] Built target device_diagnostics_generate_messages_lisp
[ 88%] [34m[1mGenerating Python msg __init__.py for device_diagnostics[0m
[ 88%] Built target device_diagnostics_generate_messages_cpp
[ 88%] Built target device_diagnostics_generate_messages_py
[ 88%] Built target device_diagnostics_generate_messages_eus
[35m[1mScanning dependencies of target device_diagnostics_generate_messages[0m
[ 88%] Built target device_diagnostics_generate_messages
[100%] [32m[1mLinking CXX executable devel/lib/device_diagnostics/device_status_checker_node[0m
[100%] Built target device_status_checker_node
[35m[1mScanning dependencies of target tests[0m
Built target tests
-- Install configuration: ""
-- Installing: /home/msi/caato2_ws/install/device_diagnostics/share/device_diagnostics/msg/device_connection.msg
-- Installing: /home/msi/caato2_ws/install/device_diagnostics/share/device_diagnostics/cmake/device_diagnostics-msg-paths.cmake
-- Installing: /home/msi/caato2_ws/install/device_diagnostics/include/device_diagnostics
-- Installing: /home/msi/caato2_ws/install/device_diagnostics/include/device_diagnostics/device_connection.h
-- Installing: /home/msi/caato2_ws/install/device_diagnostics/share/roseus/ros/device_diagnostics
-- Installing: /home/msi/caato2_ws/install/device_diagnostics/share/roseus/ros/device_diagnostics/msg
-- Installing: /home/msi/caato2_ws/install/device_diagnostics/share/roseus/ros/device_diagnostics/msg/device_connection.l
-- Installing: /home/msi/caato2_ws/install/device_diagnostics/share/roseus/ros/device_diagnostics/manifest.l
-- Installing: /home/msi/caato2_ws/install/device_diagnostics/share/common-lisp/ros/device_diagnostics
-- Installing: /home/msi/caato2_ws/install/device_diagnostics/share/common-lisp/ros/device_diagnostics/msg
-- Installing: /home/msi/caato2_ws/install/device_diagnostics/share/common-lisp/ros/device_diagnostics/msg/_package.lisp
-- Installing: /home/msi/caato2_ws/install/device_diagnostics/share/common-lisp/ros/device_diagnostics/msg/_package_device_connection.lisp
-- Installing: /home/msi/caato2_ws/install/device_diagnostics/share/common-lisp/ros/device_diagnostics/msg/device_connection.lisp
-- Installing: /home/msi/caato2_ws/install/device_diagnostics/share/common-lisp/ros/device_diagnostics/msg/device_diagnostics-msg.asd
-- Installing: /home/msi/caato2_ws/install/device_diagnostics/share/gennodejs/ros/device_diagnostics
-- Installing: /home/msi/caato2_ws/install/device_diagnostics/share/gennodejs/ros/device_diagnostics/_index.js
-- Installing: /home/msi/caato2_ws/install/device_diagnostics/share/gennodejs/ros/device_diagnostics/msg
-- Installing: /home/msi/caato2_ws/install/device_diagnostics/share/gennodejs/ros/device_diagnostics/msg/_index.js
-- Installing: /home/msi/caato2_ws/install/device_diagnostics/share/gennodejs/ros/device_diagnostics/msg/device_connection.js
Listing '/home/msi/caato2_ws/build/device_diagnostics/devel/lib/python3/dist-packages/device_diagnostics'...
Compiling '/home/msi/caato2_ws/build/device_diagnostics/devel/lib/python3/dist-packages/device_diagnostics/__init__.py'...
Listing '/home/msi/caato2_ws/build/device_diagnostics/devel/lib/python3/dist-packages/device_diagnostics/msg'...
Compiling '/home/msi/caato2_ws/build/device_diagnostics/devel/lib/python3/dist-packages/device_diagnostics/msg/__init__.py'...
Compiling '/home/msi/caato2_ws/build/device_diagnostics/devel/lib/python3/dist-packages/device_diagnostics/msg/_device_connection.py'...
-- Installing: /home/msi/caato2_ws/install/device_diagnostics/lib/python3/dist-packages/device_diagnostics
-- Installing: /home/msi/caato2_ws/install/device_diagnostics/lib/python3/dist-packages/device_diagnostics/msg
-- Installing: /home/msi/caato2_ws/install/device_diagnostics/lib/python3/dist-packages/device_diagnostics/msg/_device_connection.py
-- Installing: /home/msi/caato2_ws/install/device_diagnostics/lib/python3/dist-packages/device_diagnostics/msg/__init__.py
-- Installing: /home/msi/caato2_ws/install/device_diagnostics/lib/python3/dist-packages/device_diagnostics/msg/__pycache__
-- Installing: /home/msi/caato2_ws/install/device_diagnostics/lib/python3/dist-packages/device_diagnostics/msg/__pycache__/__init__.cpython-38.pyc
-- Installing: /home/msi/caato2_ws/install/device_diagnostics/lib/python3/dist-packages/device_diagnostics/msg/__pycache__/_device_connection.cpython-38.pyc
-- Installing: /home/msi/caato2_ws/install/device_diagnostics/lib/python3/dist-packages/device_diagnostics/__init__.py
-- Installing: /home/msi/caato2_ws/install/device_diagnostics/lib/python3/dist-packages/device_diagnostics/__pycache__
-- Installing: /home/msi/caato2_ws/install/device_diagnostics/lib/python3/dist-packages/device_diagnostics/__pycache__/__init__.cpython-38.pyc
-- Installing: /home/msi/caato2_ws/install/device_diagnostics/lib/pkgconfig/device_diagnostics.pc
-- Installing: /home/msi/caato2_ws/install/device_diagnostics/share/device_diagnostics/cmake/device_diagnostics-msg-extras.cmake
-- Installing: /home/msi/caato2_ws/install/device_diagnostics/share/device_diagnostics/cmake/device_diagnosticsConfig.cmake
-- Installing: /home/msi/caato2_ws/install/device_diagnostics/share/device_diagnostics/cmake/device_diagnosticsConfig-version.cmake
-- Installing: /home/msi/caato2_ws/install/device_diagnostics/share/device_diagnostics/package.xml
