[0.059s] Invoking command in '/home/msi/caato2_ws/build/atc_utils': /usr/bin/cmake --build /home/msi/caato2_ws/build/atc_utils -- -j20 -l20
[0.236s] [100%] Built target atc_utils
[0.265s] Invoked command in '/home/msi/caato2_ws/build/atc_utils' returned '0': /usr/bin/cmake --build /home/msi/caato2_ws/build/atc_utils -- -j20 -l20
[0.422s] Invoking command in '/home/msi/caato2_ws/build/atc_utils': /usr/bin/cmake --build /home/msi/caato2_ws/build/atc_utils --target tests -- -j20 -l20
[0.475s] Built target tests
[0.518s] Invoked command in '/home/msi/caato2_ws/build/atc_utils' returned '0': /usr/bin/cmake --build /home/msi/caato2_ws/build/atc_utils --target tests -- -j20 -l20
[0.574s] Invoking command in '/home/msi/caato2_ws/build/atc_utils': /usr/bin/cmake --install /home/msi/caato2_ws/build/atc_utils
[0.585s] -- Install configuration: ""
[0.585s] -- Up-to-date: /home/msi/caato2_ws/install/atc_utils/lib/pkgconfig/atc_utils.pc
[0.585s] -- Up-to-date: /home/msi/caato2_ws/install/atc_utils/share/atc_utils/cmake/atc_utilsConfig.cmake
[0.585s] -- Up-to-date: /home/msi/caato2_ws/install/atc_utils/share/atc_utils/cmake/atc_utilsConfig-version.cmake
[0.586s] -- Up-to-date: /home/msi/caato2_ws/install/atc_utils/share/atc_utils/package.xml
[0.586s] -- Up-to-date: /home/msi/caato2_ws/install/atc_utils/lib/libatc_utils.so
[0.587s] -- Up-to-date: /home/msi/caato2_ws/install/rviz_atc_plugins/lib/libatc_utils.so
[0.587s] -- Up-to-date: /home/msi/caato2_ws/install/atc_utils/include/atc_utils
[0.587s] -- Up-to-date: /home/msi/caato2_ws/install/atc_utils/include/atc_utils/Quaternion.hpp
[0.587s] -- Up-to-date: /home/msi/caato2_ws/install/atc_utils/include/atc_utils/atc_utils.h
[0.587s] -- Up-to-date: /home/msi/caato2_ws/install/atc_utils/include/atc_utils/Matrix3x3.hpp
[0.587s] -- Up-to-date: /home/msi/caato2_ws/install/atc_utils/include/atc_utils/Vector2.hpp
[0.588s] -- Up-to-date: /home/msi/caato2_ws/install/atc_utils/include/atc_utils/angles.h
[0.588s] -- Up-to-date: /home/msi/caato2_ws/install/atc_utils/include/atc_utils/Vector3.hpp
[0.637s] Invoked command in '/home/msi/caato2_ws/build/atc_utils' returned '0': /usr/bin/cmake --install /home/msi/caato2_ws/build/atc_utils
