[  0%] Built target geometry_msgs_generate_messages_py
[  0%] Built target geometry_msgs_generate_messages_cpp
[  0%] Built target geometry_msgs_generate_messages_nodejs
[  0%] Built target geometry_msgs_generate_messages_lisp
[  0%] Built target geometry_msgs_generate_messages_eus
[  0%] Built target _rosinrange_msg_generate_messages_check_deps_RangePose
[ 28%] Built target rosinrange_msg_generate_messages_py
[ 42%] Built target rosinrange_msg_generate_messages_nodejs
[ 71%] Built target rosinrange_msg_generate_messages_eus
[ 85%] Built target rosinrange_msg_generate_messages_cpp
[100%] Built target rosinrange_msg_generate_messages_lisp
[100%] Built target rosinrange_msg_generate_messages
Built target tests
-- Install configuration: ""
-- Up-to-date: /home/msi/caato2_ws/install/rosinrange_msg/share/rosinrange_msg/msg/RangePose.msg
-- Up-to-date: /home/msi/caato2_ws/install/rosinrange_msg/share/rosinrange_msg/cmake/rosinrange_msg-msg-paths.cmake
-- Up-to-date: /home/msi/caato2_ws/install/rosinrange_msg/include/rosinrange_msg
-- Up-to-date: /home/msi/caato2_ws/install/rosinrange_msg/include/rosinrange_msg/RangePose.h
-- Up-to-date: /home/msi/caato2_ws/install/rosinrange_msg/share/roseus/ros/rosinrange_msg
-- Up-to-date: /home/msi/caato2_ws/install/rosinrange_msg/share/roseus/ros/rosinrange_msg/msg
-- Up-to-date: /home/msi/caato2_ws/install/rosinrange_msg/share/roseus/ros/rosinrange_msg/msg/RangePose.l
-- Up-to-date: /home/msi/caato2_ws/install/rosinrange_msg/share/roseus/ros/rosinrange_msg/manifest.l
-- Up-to-date: /home/msi/caato2_ws/install/rosinrange_msg/share/common-lisp/ros/rosinrange_msg
-- Up-to-date: /home/msi/caato2_ws/install/rosinrange_msg/share/common-lisp/ros/rosinrange_msg/msg
-- Up-to-date: /home/msi/caato2_ws/install/rosinrange_msg/share/common-lisp/ros/rosinrange_msg/msg/_package.lisp
-- Up-to-date: /home/msi/caato2_ws/install/rosinrange_msg/share/common-lisp/ros/rosinrange_msg/msg/rosinrange_msg-msg.asd
-- Up-to-date: /home/msi/caato2_ws/install/rosinrange_msg/share/common-lisp/ros/rosinrange_msg/msg/_package_RangePose.lisp
-- Up-to-date: /home/msi/caato2_ws/install/rosinrange_msg/share/common-lisp/ros/rosinrange_msg/msg/RangePose.lisp
-- Up-to-date: /home/msi/caato2_ws/install/rosinrange_msg/share/gennodejs/ros/rosinrange_msg
-- Up-to-date: /home/msi/caato2_ws/install/rosinrange_msg/share/gennodejs/ros/rosinrange_msg/_index.js
-- Up-to-date: /home/msi/caato2_ws/install/rosinrange_msg/share/gennodejs/ros/rosinrange_msg/msg
-- Up-to-date: /home/msi/caato2_ws/install/rosinrange_msg/share/gennodejs/ros/rosinrange_msg/msg/_index.js
-- Up-to-date: /home/msi/caato2_ws/install/rosinrange_msg/share/gennodejs/ros/rosinrange_msg/msg/RangePose.js
Listing '/home/msi/caato2_ws/build/rosinrange_msg/devel/lib/python3/dist-packages/rosinrange_msg'...
Listing '/home/msi/caato2_ws/build/rosinrange_msg/devel/lib/python3/dist-packages/rosinrange_msg/msg'...
-- Up-to-date: /home/msi/caato2_ws/install/rosinrange_msg/lib/python3/dist-packages/rosinrange_msg
-- Up-to-date: /home/msi/caato2_ws/install/rosinrange_msg/lib/python3/dist-packages/rosinrange_msg/msg
-- Up-to-date: /home/msi/caato2_ws/install/rosinrange_msg/lib/python3/dist-packages/rosinrange_msg/msg/_RangePose.py
-- Up-to-date: /home/msi/caato2_ws/install/rosinrange_msg/lib/python3/dist-packages/rosinrange_msg/msg/__init__.py
-- Up-to-date: /home/msi/caato2_ws/install/rosinrange_msg/lib/python3/dist-packages/rosinrange_msg/msg/__pycache__
-- Up-to-date: /home/msi/caato2_ws/install/rosinrange_msg/lib/python3/dist-packages/rosinrange_msg/msg/__pycache__/_RangePose.cpython-38.pyc
-- Up-to-date: /home/msi/caato2_ws/install/rosinrange_msg/lib/python3/dist-packages/rosinrange_msg/msg/__pycache__/__init__.cpython-38.pyc
-- Up-to-date: /home/msi/caato2_ws/install/rosinrange_msg/lib/python3/dist-packages/rosinrange_msg/__init__.py
-- Up-to-date: /home/msi/caato2_ws/install/rosinrange_msg/lib/python3/dist-packages/rosinrange_msg/__pycache__
-- Up-to-date: /home/msi/caato2_ws/install/rosinrange_msg/lib/python3/dist-packages/rosinrange_msg/__pycache__/__init__.cpython-38.pyc
-- Up-to-date: /home/msi/caato2_ws/install/rosinrange_msg/lib/pkgconfig/rosinrange_msg.pc
-- Up-to-date: /home/msi/caato2_ws/install/rosinrange_msg/share/rosinrange_msg/cmake/rosinrange_msg-msg-extras.cmake
-- Up-to-date: /home/msi/caato2_ws/install/rosinrange_msg/share/rosinrange_msg/cmake/rosinrange_msgConfig.cmake
-- Up-to-date: /home/msi/caato2_ws/install/rosinrange_msg/share/rosinrange_msg/cmake/rosinrange_msgConfig-version.cmake
-- Up-to-date: /home/msi/caato2_ws/install/rosinrange_msg/share/rosinrange_msg/package.xml
