[0.058s] Invoking command in '/home/msi/caato2_ws/build/map_server': /usr/bin/cmake --build /home/msi/caato2_ws/build/map_server -- -j20 -l20
[0.270s] [ 18%] Built target map_server-map_saver
[0.271s] [ 36%] Built target gtest
[0.271s] [ 54%] Built target image_loader
[0.271s] [ 72%] Built target map_server
[0.271s] [100%] Built target rtest
[0.355s] Invoked command in '/home/msi/caato2_ws/build/map_server' returned '0': /usr/bin/cmake --build /home/msi/caato2_ws/build/map_server -- -j20 -l20
[0.493s] Invoking command in '/home/msi/caato2_ws/build/map_server': /usr/bin/cmake --build /home/msi/caato2_ws/build/map_server --target tests -- -j20 -l20
[0.556s] [ 28%] Built target gtest
[0.561s] [ 57%] Built target image_loader
[0.578s] [100%] Built target map_server_utest
[0.591s] [100%] Built target tests
[0.642s] Invoked command in '/home/msi/caato2_ws/build/map_server' returned '0': /usr/bin/cmake --build /home/msi/caato2_ws/build/map_server --target tests -- -j20 -l20
[0.752s] Invoking command in '/home/msi/caato2_ws/build/map_server': /usr/bin/cmake --install /home/msi/caato2_ws/build/map_server
[0.798s] -- Install configuration: ""
[0.799s] -- Up-to-date: /home/msi/caato2_ws/install/map_server/lib/pkgconfig/map_server.pc
[0.799s] -- Up-to-date: /home/msi/caato2_ws/install/map_server/share/map_server/cmake/map_serverConfig.cmake
[0.800s] -- Up-to-date: /home/msi/caato2_ws/install/map_server/share/map_server/cmake/map_serverConfig-version.cmake
[0.800s] -- Up-to-date: /home/msi/caato2_ws/install/map_server/share/map_server/package.xml
[0.800s] -- Up-to-date: /home/msi/caato2_ws/install/map_server/lib/map_server/map_saver
[0.800s] -- Up-to-date: /home/msi/caato2_ws/install/map_server/lib/map_server/map_server
[0.800s] -- Up-to-date: /home/msi/caato2_ws/install/map_server/lib/libimage_loader.so
[0.800s] -- Up-to-date: /home/msi/caato2_ws/install/map_server/include/map_server
[0.800s] -- Up-to-date: /home/msi/caato2_ws/install/map_server/include/map_server/image_loader.h
[0.800s] -- Up-to-date: /home/msi/caato2_ws/install/map_server/lib/map_server/crop_map
[0.849s] Invoked command in '/home/msi/caato2_ws/build/map_server' returned '0': /usr/bin/cmake --install /home/msi/caato2_ws/build/map_server
