[0.457s] Invoking command in '/home/msi/caato2_ws/build/rosserial': CMAKE_PREFIX_PATH=/home/msi/caato2_ws/install/rosserial_python:/home/msi/caato2_ws/install/rosserial_client:/home/msi/caato2_ws/install/rosserial_msgs:${CMAKE_PREFIX_PATH} PKG_CONFIG_PATH=/home/msi/caato2_ws/install/rosserial_python/lib/x86_64-linux-gnu/pkgconfig:/home/msi/caato2_ws/install/rosserial_python/lib/pkgconfig:/home/msi/caato2_ws/install/rosserial_client/lib/x86_64-linux-gnu/pkgconfig:/home/msi/caato2_ws/install/rosserial_client/lib/pkgconfig:/home/msi/caato2_ws/install/rosserial_msgs/lib/x86_64-linux-gnu/pkgconfig:/home/msi/caato2_ws/install/rosserial_msgs/lib/pkgconfig:${PKG_CONFIG_PATH} PYTHONPATH=/home/msi/caato2_ws/install/rosserial_python/lib/python3/dist-packages:/home/msi/caato2_ws/install/rosserial_client/lib/python3/dist-packages:/home/msi/caato2_ws/install/rosserial_msgs/lib/python3/dist-packages:${PYTHONPATH} ROS_PACKAGE_PATH=/home/msi/caato2_ws/install/rosserial_python/share:/home/msi/caato2_ws/install/rosserial_client/share:/home/msi/caato2_ws/install/rosserial_msgs/share:${ROS_PACKAGE_PATH} /usr/bin/cmake /home/msi/caato2_ws/src/thirdparty/rosserial/rosserial -DCATKIN_INSTALL_INTO_PREFIX_ROOT=0 -DCMAKE_INSTALL_PREFIX=/home/msi/caato2_ws/install/rosserial
[3.171s] -- The C compiler identification is GNU 8.4.0
[3.171s] -- The CXX compiler identification is GNU 8.4.0
[3.171s] -- Check for working C compiler: /usr/bin/cc
[3.171s] -- Check for working C compiler: /usr/bin/cc -- works
[3.171s] -- Detecting C compiler ABI info
[3.172s] -- Detecting C compiler ABI info - done
[3.172s] -- Detecting C compile features
[3.172s] -- Detecting C compile features - done
[3.172s] -- Check for working CXX compiler: /usr/bin/c++
[3.172s] -- Check for working CXX compiler: /usr/bin/c++ -- works
[3.172s] -- Detecting CXX compiler ABI info
[3.172s] -- Detecting CXX compiler ABI info - done
[3.172s] -- Detecting CXX compile features
[3.172s] -- Detecting CXX compile features - done
[3.172s] -- Using CATKIN_DEVEL_PREFIX: /home/msi/caato2_ws/build/rosserial/devel
[3.172s] -- Using CMAKE_PREFIX_PATH: /home/msi/caato2_ws/install/rosserial_python;/home/msi/caato2_ws/install/rosserial_client;/home/msi/caato2_ws/install/rosserial_msgs;/opt/ros/noetic
[3.172s] -- This workspace overlays: /home/msi/caato2_ws/install/rosserial_python;/home/msi/caato2_ws/install/rosserial_client;/home/msi/caato2_ws/install/rosserial_msgs;/opt/ros/noetic
[3.172s] -- Found PythonInterp: /usr/bin/python3 (found suitable version "3.8.10", minimum required is "3") 
[3.172s] -- Using PYTHON_EXECUTABLE: /usr/bin/python3
[3.172s] -- Using Debian Python package layout
[3.172s] -- Found PY_em: /usr/lib/python3/dist-packages/em.py  
[3.173s] -- Using empy: /usr/lib/python3/dist-packages/em.py
[3.173s] -- Using CATKIN_ENABLE_TESTING: ON
[3.173s] -- Call enable_testing()
[3.173s] -- Using CATKIN_TEST_RESULTS_DIR: /home/msi/caato2_ws/build/rosserial/test_results
[3.468s] -- Forcing gtest/gmock from source, though one was otherwise available.
[3.468s] -- Found gtest sources under '/usr/src/googletest': gtests will be built
[3.468s] -- Found gmock sources under '/usr/src/googletest': gmock will be built
[3.519s] -- Found PythonInterp: /usr/bin/python3 (found version "3.8.10") 
[3.522s] -- Found Threads: TRUE  
[3.527s] -- Using Python nosetests: /usr/bin/nosetests3
[3.603s] -- catkin 0.8.10
[3.603s] -- BUILD_SHARED_LIBS is on
[3.940s] -- Configuring done
[3.950s] -- Generating done
[3.952s] -- Build files have been written to: /home/msi/caato2_ws/build/rosserial
[3.964s] Invoked command in '/home/msi/caato2_ws/build/rosserial' returned '0': CMAKE_PREFIX_PATH=/home/msi/caato2_ws/install/rosserial_python:/home/msi/caato2_ws/install/rosserial_client:/home/msi/caato2_ws/install/rosserial_msgs:${CMAKE_PREFIX_PATH} PKG_CONFIG_PATH=/home/msi/caato2_ws/install/rosserial_python/lib/x86_64-linux-gnu/pkgconfig:/home/msi/caato2_ws/install/rosserial_python/lib/pkgconfig:/home/msi/caato2_ws/install/rosserial_client/lib/x86_64-linux-gnu/pkgconfig:/home/msi/caato2_ws/install/rosserial_client/lib/pkgconfig:/home/msi/caato2_ws/install/rosserial_msgs/lib/x86_64-linux-gnu/pkgconfig:/home/msi/caato2_ws/install/rosserial_msgs/lib/pkgconfig:${PKG_CONFIG_PATH} PYTHONPATH=/home/msi/caato2_ws/install/rosserial_python/lib/python3/dist-packages:/home/msi/caato2_ws/install/rosserial_client/lib/python3/dist-packages:/home/msi/caato2_ws/install/rosserial_msgs/lib/python3/dist-packages:${PYTHONPATH} ROS_PACKAGE_PATH=/home/msi/caato2_ws/install/rosserial_python/share:/home/msi/caato2_ws/install/rosserial_client/share:/home/msi/caato2_ws/install/rosserial_msgs/share:${ROS_PACKAGE_PATH} /usr/bin/cmake /home/msi/caato2_ws/src/thirdparty/rosserial/rosserial -DCATKIN_INSTALL_INTO_PREFIX_ROOT=0 -DCMAKE_INSTALL_PREFIX=/home/msi/caato2_ws/install/rosserial
[3.968s] Invoking command in '/home/msi/caato2_ws/build/rosserial': CMAKE_PREFIX_PATH=/home/msi/caato2_ws/install/rosserial_python:/home/msi/caato2_ws/install/rosserial_client:/home/msi/caato2_ws/install/rosserial_msgs:${CMAKE_PREFIX_PATH} PKG_CONFIG_PATH=/home/msi/caato2_ws/install/rosserial_python/lib/x86_64-linux-gnu/pkgconfig:/home/msi/caato2_ws/install/rosserial_python/lib/pkgconfig:/home/msi/caato2_ws/install/rosserial_client/lib/x86_64-linux-gnu/pkgconfig:/home/msi/caato2_ws/install/rosserial_client/lib/pkgconfig:/home/msi/caato2_ws/install/rosserial_msgs/lib/x86_64-linux-gnu/pkgconfig:/home/msi/caato2_ws/install/rosserial_msgs/lib/pkgconfig:${PKG_CONFIG_PATH} PYTHONPATH=/home/msi/caato2_ws/install/rosserial_python/lib/python3/dist-packages:/home/msi/caato2_ws/install/rosserial_client/lib/python3/dist-packages:/home/msi/caato2_ws/install/rosserial_msgs/lib/python3/dist-packages:${PYTHONPATH} ROS_PACKAGE_PATH=/home/msi/caato2_ws/install/rosserial_python/share:/home/msi/caato2_ws/install/rosserial_client/share:/home/msi/caato2_ws/install/rosserial_msgs/share:${ROS_PACKAGE_PATH} /usr/bin/cmake --build /home/msi/caato2_ws/build/rosserial -- -j20 -l20
[4.498s] Invoked command in '/home/msi/caato2_ws/build/rosserial' returned '0': CMAKE_PREFIX_PATH=/home/msi/caato2_ws/install/rosserial_python:/home/msi/caato2_ws/install/rosserial_client:/home/msi/caato2_ws/install/rosserial_msgs:${CMAKE_PREFIX_PATH} PKG_CONFIG_PATH=/home/msi/caato2_ws/install/rosserial_python/lib/x86_64-linux-gnu/pkgconfig:/home/msi/caato2_ws/install/rosserial_python/lib/pkgconfig:/home/msi/caato2_ws/install/rosserial_client/lib/x86_64-linux-gnu/pkgconfig:/home/msi/caato2_ws/install/rosserial_client/lib/pkgconfig:/home/msi/caato2_ws/install/rosserial_msgs/lib/x86_64-linux-gnu/pkgconfig:/home/msi/caato2_ws/install/rosserial_msgs/lib/pkgconfig:${PKG_CONFIG_PATH} PYTHONPATH=/home/msi/caato2_ws/install/rosserial_python/lib/python3/dist-packages:/home/msi/caato2_ws/install/rosserial_client/lib/python3/dist-packages:/home/msi/caato2_ws/install/rosserial_msgs/lib/python3/dist-packages:${PYTHONPATH} ROS_PACKAGE_PATH=/home/msi/caato2_ws/install/rosserial_python/share:/home/msi/caato2_ws/install/rosserial_client/share:/home/msi/caato2_ws/install/rosserial_msgs/share:${ROS_PACKAGE_PATH} /usr/bin/cmake --build /home/msi/caato2_ws/build/rosserial -- -j20 -l20
[4.771s] Invoking command in '/home/msi/caato2_ws/build/rosserial': CMAKE_PREFIX_PATH=/home/msi/caato2_ws/install/rosserial_python:/home/msi/caato2_ws/install/rosserial_client:/home/msi/caato2_ws/install/rosserial_msgs:${CMAKE_PREFIX_PATH} PKG_CONFIG_PATH=/home/msi/caato2_ws/install/rosserial_python/lib/x86_64-linux-gnu/pkgconfig:/home/msi/caato2_ws/install/rosserial_python/lib/pkgconfig:/home/msi/caato2_ws/install/rosserial_client/lib/x86_64-linux-gnu/pkgconfig:/home/msi/caato2_ws/install/rosserial_client/lib/pkgconfig:/home/msi/caato2_ws/install/rosserial_msgs/lib/x86_64-linux-gnu/pkgconfig:/home/msi/caato2_ws/install/rosserial_msgs/lib/pkgconfig:${PKG_CONFIG_PATH} PYTHONPATH=/home/msi/caato2_ws/install/rosserial_python/lib/python3/dist-packages:/home/msi/caato2_ws/install/rosserial_client/lib/python3/dist-packages:/home/msi/caato2_ws/install/rosserial_msgs/lib/python3/dist-packages:${PYTHONPATH} ROS_PACKAGE_PATH=/home/msi/caato2_ws/install/rosserial_python/share:/home/msi/caato2_ws/install/rosserial_client/share:/home/msi/caato2_ws/install/rosserial_msgs/share:${ROS_PACKAGE_PATH} /usr/bin/cmake --build /home/msi/caato2_ws/build/rosserial --target tests -- -j20 -l20
[5.005s] [35m[1mScanning dependencies of target tests[0m
[5.005s] Built target tests
[5.015s] Invoked command in '/home/msi/caato2_ws/build/rosserial' returned '0': CMAKE_PREFIX_PATH=/home/msi/caato2_ws/install/rosserial_python:/home/msi/caato2_ws/install/rosserial_client:/home/msi/caato2_ws/install/rosserial_msgs:${CMAKE_PREFIX_PATH} PKG_CONFIG_PATH=/home/msi/caato2_ws/install/rosserial_python/lib/x86_64-linux-gnu/pkgconfig:/home/msi/caato2_ws/install/rosserial_python/lib/pkgconfig:/home/msi/caato2_ws/install/rosserial_client/lib/x86_64-linux-gnu/pkgconfig:/home/msi/caato2_ws/install/rosserial_client/lib/pkgconfig:/home/msi/caato2_ws/install/rosserial_msgs/lib/x86_64-linux-gnu/pkgconfig:/home/msi/caato2_ws/install/rosserial_msgs/lib/pkgconfig:${PKG_CONFIG_PATH} PYTHONPATH=/home/msi/caato2_ws/install/rosserial_python/lib/python3/dist-packages:/home/msi/caato2_ws/install/rosserial_client/lib/python3/dist-packages:/home/msi/caato2_ws/install/rosserial_msgs/lib/python3/dist-packages:${PYTHONPATH} ROS_PACKAGE_PATH=/home/msi/caato2_ws/install/rosserial_python/share:/home/msi/caato2_ws/install/rosserial_client/share:/home/msi/caato2_ws/install/rosserial_msgs/share:${ROS_PACKAGE_PATH} /usr/bin/cmake --build /home/msi/caato2_ws/build/rosserial --target tests -- -j20 -l20
[5.254s] Invoking command in '/home/msi/caato2_ws/build/rosserial': CMAKE_PREFIX_PATH=/home/msi/caato2_ws/install/rosserial_python:/home/msi/caato2_ws/install/rosserial_client:/home/msi/caato2_ws/install/rosserial_msgs:${CMAKE_PREFIX_PATH} PKG_CONFIG_PATH=/home/msi/caato2_ws/install/rosserial_python/lib/x86_64-linux-gnu/pkgconfig:/home/msi/caato2_ws/install/rosserial_python/lib/pkgconfig:/home/msi/caato2_ws/install/rosserial_client/lib/x86_64-linux-gnu/pkgconfig:/home/msi/caato2_ws/install/rosserial_client/lib/pkgconfig:/home/msi/caato2_ws/install/rosserial_msgs/lib/x86_64-linux-gnu/pkgconfig:/home/msi/caato2_ws/install/rosserial_msgs/lib/pkgconfig:${PKG_CONFIG_PATH} PYTHONPATH=/home/msi/caato2_ws/install/rosserial_python/lib/python3/dist-packages:/home/msi/caato2_ws/install/rosserial_client/lib/python3/dist-packages:/home/msi/caato2_ws/install/rosserial_msgs/lib/python3/dist-packages:${PYTHONPATH} ROS_PACKAGE_PATH=/home/msi/caato2_ws/install/rosserial_python/share:/home/msi/caato2_ws/install/rosserial_client/share:/home/msi/caato2_ws/install/rosserial_msgs/share:${ROS_PACKAGE_PATH} /usr/bin/cmake --install /home/msi/caato2_ws/build/rosserial
[5.305s] -- Install configuration: ""
[5.305s] -- Installing: /home/msi/caato2_ws/install/rosserial/share/rosserial/package.xml
[5.325s] Invoked command in '/home/msi/caato2_ws/build/rosserial' returned '0': CMAKE_PREFIX_PATH=/home/msi/caato2_ws/install/rosserial_python:/home/msi/caato2_ws/install/rosserial_client:/home/msi/caato2_ws/install/rosserial_msgs:${CMAKE_PREFIX_PATH} PKG_CONFIG_PATH=/home/msi/caato2_ws/install/rosserial_python/lib/x86_64-linux-gnu/pkgconfig:/home/msi/caato2_ws/install/rosserial_python/lib/pkgconfig:/home/msi/caato2_ws/install/rosserial_client/lib/x86_64-linux-gnu/pkgconfig:/home/msi/caato2_ws/install/rosserial_client/lib/pkgconfig:/home/msi/caato2_ws/install/rosserial_msgs/lib/x86_64-linux-gnu/pkgconfig:/home/msi/caato2_ws/install/rosserial_msgs/lib/pkgconfig:${PKG_CONFIG_PATH} PYTHONPATH=/home/msi/caato2_ws/install/rosserial_python/lib/python3/dist-packages:/home/msi/caato2_ws/install/rosserial_client/lib/python3/dist-packages:/home/msi/caato2_ws/install/rosserial_msgs/lib/python3/dist-packages:${PYTHONPATH} ROS_PACKAGE_PATH=/home/msi/caato2_ws/install/rosserial_python/share:/home/msi/caato2_ws/install/rosserial_client/share:/home/msi/caato2_ws/install/rosserial_msgs/share:${ROS_PACKAGE_PATH} /usr/bin/cmake --install /home/msi/caato2_ws/build/rosserial
