-- The C compiler identification is GNU 8.4.0
-- The CXX compiler identification is GNU 8.4.0
-- Check for working C compiler: /usr/bin/cc
-- Check for working C compiler: /usr/bin/cc -- works
-- Detecting C compiler ABI info
-- Detecting C compiler ABI info - done
-- Detecting C compile features
-- Detecting C compile features - done
-- Check for working CXX compiler: /usr/bin/c++
-- Check for working CXX compiler: /usr/bin/c++ -- works
-- Detecting CXX compiler ABI info
-- Detecting CXX compiler ABI info - done
-- Detecting CXX compile features
-- Detecting CXX compile features - done
-- Using CATKIN_DEVEL_PREFIX: /home/msi/caato2_ws/build/map_server/devel
-- Using CMAKE_PREFIX_PATH: /opt/ros/noetic
-- This workspace overlays: /opt/ros/noetic
-- Found PythonInterp: /usr/bin/python3 (found suitable version "3.8.10", minimum required is "3") 
-- Using PYTHON_EXECUTABLE: /usr/bin/python3
-- Using Debian Python package layout
-- Found PY_em: /usr/lib/python3/dist-packages/em.py  
-- Using empy: /usr/lib/python3/dist-packages/em.py
-- Using CATKIN_ENABLE_TESTING: ON
-- Call enable_testing()
-- Using CATKIN_TEST_RESULTS_DIR: /home/msi/caato2_ws/build/map_server/test_results
-- Forcing gtest/gmock from source, though one was otherwise available.
-- Found gtest sources under '/usr/src/googletest': gtests will be built
-- Found gmock sources under '/usr/src/googletest': gmock will be built
-- Found PythonInterp: /usr/bin/python3 (found version "3.8.10") 
-- Found Threads: TRUE  
-- Using Python nosetests: /usr/bin/nosetests3
-- catkin 0.8.10
-- BUILD_SHARED_LIBS is on
-- Using these message generators: gencpp;geneus;genlisp;gennodejs;genpy
-- Found Boost: /usr/lib/x86_64-linux-gnu/cmake/Boost-1.71.0/BoostConfig.cmake (found version "1.71.0") found components: system 
-- Found PkgConfig: /usr/bin/pkg-config (found version "0.29.1") 
-- Checking for module 'yaml-cpp>=0.5'
--   Found yaml-cpp, version 0.6.2
-- Configuring done
-- Generating done
-- Build files have been written to: /home/msi/caato2_ws/build/map_server
[35m[1mScanning dependencies of target gtest[0m
[35m[1mScanning dependencies of target map_server-map_saver[0m
[  9%] [32mBuilding CXX object gtest/googletest/CMakeFiles/gtest.dir/src/gtest-all.cc.o[0m
[35m[1mScanning dependencies of target image_loader[0m
[ 18%] [32mBuilding CXX object CMakeFiles/map_server-map_saver.dir/src/map_saver.cpp.o[0m
[ 27%] [32mBuilding CXX object CMakeFiles/image_loader.dir/src/image_loader.cpp.o[0m
[ 36%] [32m[1mLinking CXX executable devel/lib/map_server/map_saver[0m
[ 36%] Built target map_server-map_saver
[ 45%] [32m[1mLinking CXX shared library ../lib/libgtest.so[0m
[ 54%] [32m[1mLinking CXX shared library devel/lib/libimage_loader.so[0m
[ 54%] Built target gtest
[35m[1mScanning dependencies of target rtest[0m
[ 63%] [32mBuilding CXX object CMakeFiles/rtest.dir/test/rtest.cpp.o[0m
[ 72%] [32mBuilding CXX object CMakeFiles/rtest.dir/test/test_constants.cpp.o[0m
[ 72%] Built target image_loader
[35m[1mScanning dependencies of target map_server[0m
[ 81%] [32mBuilding CXX object CMakeFiles/map_server.dir/src/main.cpp.o[0m
[ 90%] [32m[1mLinking CXX executable devel/lib/map_server/rtest[0m
[100%] [32m[1mLinking CXX executable devel/lib/map_server/map_server[0m
[100%] Built target rtest
[100%] Built target map_server
[ 28%] Built target gtest
[ 57%] Built target image_loader
[35m[1mScanning dependencies of target map_server_utest[0m
[ 71%] [32mBuilding CXX object CMakeFiles/map_server_utest.dir/test/test_constants.cpp.o[0m
[ 85%] [32mBuilding CXX object CMakeFiles/map_server_utest.dir/test/utest.cpp.o[0m
[100%] [32m[1mLinking CXX executable devel/lib/map_server/map_server_utest[0m
[100%] Built target map_server_utest
[35m[1mScanning dependencies of target tests[0m
[100%] Built target tests
-- Install configuration: ""
-- Installing: /home/msi/caato2_ws/install/map_server/lib/pkgconfig/map_server.pc
-- Installing: /home/msi/caato2_ws/install/map_server/share/map_server/cmake/map_serverConfig.cmake
-- Installing: /home/msi/caato2_ws/install/map_server/share/map_server/cmake/map_serverConfig-version.cmake
-- Installing: /home/msi/caato2_ws/install/map_server/share/map_server/package.xml
-- Installing: /home/msi/caato2_ws/install/map_server/lib/map_server/map_saver
-- Set runtime path of "/home/msi/caato2_ws/install/map_server/lib/map_server/map_saver" to ""
-- Installing: /home/msi/caato2_ws/install/map_server/lib/map_server/map_server
-- Set runtime path of "/home/msi/caato2_ws/install/map_server/lib/map_server/map_server" to ""
-- Installing: /home/msi/caato2_ws/install/map_server/lib/libimage_loader.so
-- Installing: /home/msi/caato2_ws/install/map_server/include/map_server
-- Installing: /home/msi/caato2_ws/install/map_server/include/map_server/image_loader.h
-- Installing: /home/msi/caato2_ws/install/map_server/lib/map_server/crop_map
