[0.054s] Invoking command in '/home/msi/caato2_ws/build/map_server': /usr/bin/cmake /home/msi/caato2_ws/src/thirdparty/map_server -DCATKIN_INSTALL_INTO_PREFIX_ROOT=0 -DCMAKE_INSTALL_PREFIX=/home/msi/caato2_ws/install/map_server
[0.122s] -- The C compiler identification is GNU 8.4.0
[0.176s] -- The CXX compiler identification is GNU 8.4.0
[0.183s] -- Check for working C compiler: /usr/bin/cc
[0.257s] -- Check for working C compiler: /usr/bin/cc -- works
[0.257s] -- Detecting C compiler ABI info
[0.334s] -- Detecting C compiler ABI info - done
[0.350s] -- Detecting C compile features
[0.351s] -- Detecting C compile features - done
[0.355s] -- Check for working CXX compiler: /usr/bin/c++
[0.434s] -- Check for working CXX compiler: /usr/bin/c++ -- works
[0.435s] -- Detecting CXX compiler ABI info
[0.526s] -- Detecting CXX compiler ABI info - done
[0.542s] -- Detecting CXX compile features
[0.543s] -- Detecting CXX compile features - done
[0.545s] -- Using CATKIN_DEVEL_PREFIX: /home/msi/caato2_ws/build/map_server/devel
[0.545s] -- Using CMAKE_PREFIX_PATH: /opt/ros/noetic
[0.545s] -- This workspace overlays: /opt/ros/noetic
[0.570s] -- Found PythonInterp: /usr/bin/python3 (found suitable version "3.8.10", minimum required is "3") 
[0.571s] -- Using PYTHON_EXECUTABLE: /usr/bin/python3
[0.571s] -- Using Debian Python package layout
[0.607s] -- Found PY_em: /usr/lib/python3/dist-packages/em.py  
[0.608s] -- Using empy: /usr/lib/python3/dist-packages/em.py
[0.774s] -- Using CATKIN_ENABLE_TESTING: ON
[0.775s] -- Call enable_testing()
[0.776s] -- Using CATKIN_TEST_RESULTS_DIR: /home/msi/caato2_ws/build/map_server/test_results
[1.116s] -- Forcing gtest/gmock from source, though one was otherwise available.
[1.116s] -- Found gtest sources under '/usr/src/googletest': gtests will be built
[1.116s] -- Found gmock sources under '/usr/src/googletest': gmock will be built
[1.147s] -- Found PythonInterp: /usr/bin/python3 (found version "3.8.10") 
[1.149s] -- Found Threads: TRUE  
[1.155s] -- Using Python nosetests: /usr/bin/nosetests3
[1.235s] -- catkin 0.8.10
[1.235s] -- BUILD_SHARED_LIBS is on
[1.537s] -- Using these message generators: gencpp;geneus;genlisp;gennodejs;genpy
[1.742s] -- Found Boost: /usr/lib/x86_64-linux-gnu/cmake/Boost-1.71.0/BoostConfig.cmake (found version "1.71.0") found components: system 
[1.758s] -- Found PkgConfig: /usr/bin/pkg-config (found version "0.29.1") 
[1.759s] -- Checking for module 'yaml-cpp>=0.5'
[1.824s] --   Found yaml-cpp, version 0.6.2
[2.188s] -- Configuring done
[2.190s] CMake Warning (dev) at CMakeLists.txt:68 (add_dependencies):
[2.190s]   Policy CMP0046 is not set: Error on non-existent dependency in
[2.190s]   add_dependencies.  Run "cmake --help-policy CMP0046" for policy details.
[2.190s]   Use the cmake_policy command to set the policy and suppress this warning.
[2.190s] 
[2.191s]   The dependency target "nav_msgs_gencpp" of target "rtest" does not exist.
[2.191s] This warning is for project developers.  Use -Wno-dev to suppress it.
[2.191s] 
[2.233s] -- Generating done
[2.239s] -- Build files have been written to: /home/msi/caato2_ws/build/map_server
[2.258s] Invoked command in '/home/msi/caato2_ws/build/map_server' returned '0': /usr/bin/cmake /home/msi/caato2_ws/src/thirdparty/map_server -DCATKIN_INSTALL_INTO_PREFIX_ROOT=0 -DCMAKE_INSTALL_PREFIX=/home/msi/caato2_ws/install/map_server
[2.259s] Invoking command in '/home/msi/caato2_ws/build/map_server': /usr/bin/cmake --build /home/msi/caato2_ws/build/map_server -- -j20 -l20
[2.354s] [35m[1mScanning dependencies of target gtest[0m
[2.354s] [35m[1mScanning dependencies of target map_server-map_saver[0m
[2.364s] [  9%] [32mBuilding CXX object gtest/googletest/CMakeFiles/gtest.dir/src/gtest-all.cc.o[0m
[2.394s] [35m[1mScanning dependencies of target image_loader[0m
[2.404s] [ 18%] [32mBuilding CXX object CMakeFiles/map_server-map_saver.dir/src/map_saver.cpp.o[0m
[2.436s] [ 27%] [32mBuilding CXX object CMakeFiles/image_loader.dir/src/image_loader.cpp.o[0m
[8.584s] [ 36%] [32m[1mLinking CXX executable devel/lib/map_server/map_saver[0m
[8.949s] [ 36%] Built target map_server-map_saver
[9.937s] [ 45%] [32m[1mLinking CXX shared library ../lib/libgtest.so[0m
[10.320s] [ 54%] [32m[1mLinking CXX shared library devel/lib/libimage_loader.so[0m
[10.384s] [ 54%] Built target gtest
[10.470s] [35m[1mScanning dependencies of target rtest[0m
[10.551s] [ 63%] [32mBuilding CXX object CMakeFiles/rtest.dir/test/rtest.cpp.o[0m
[10.557s] [ 72%] [32mBuilding CXX object CMakeFiles/rtest.dir/test/test_constants.cpp.o[0m
[10.670s] [ 72%] Built target image_loader
[10.693s] [35m[1mScanning dependencies of target map_server[0m
[10.782s] [ 81%] [32mBuilding CXX object CMakeFiles/map_server.dir/src/main.cpp.o[0m
[14.798s] [ 90%] [32m[1mLinking CXX executable devel/lib/map_server/rtest[0m
[14.993s] [100%] [32m[1mLinking CXX executable devel/lib/map_server/map_server[0m
[15.124s] [100%] Built target rtest
[15.468s] [100%] Built target map_server
[15.508s] Invoked command in '/home/msi/caato2_ws/build/map_server' returned '0': /usr/bin/cmake --build /home/msi/caato2_ws/build/map_server -- -j20 -l20
[16.229s] Invoking command in '/home/msi/caato2_ws/build/map_server': /usr/bin/cmake --build /home/msi/caato2_ws/build/map_server --target tests -- -j20 -l20
[17.523s] [ 28%] Built target gtest
[17.523s] [ 57%] Built target image_loader
[17.523s] [35m[1mScanning dependencies of target map_server_utest[0m
[17.523s] [ 71%] [32mBuilding CXX object CMakeFiles/map_server_utest.dir/test/test_constants.cpp.o[0m
[17.523s] [ 85%] [32mBuilding CXX object CMakeFiles/map_server_utest.dir/test/utest.cpp.o[0m
[18.001s] [100%] [32m[1mLinking CXX executable devel/lib/map_server/map_server_utest[0m
[18.220s] [100%] Built target map_server_utest
[18.233s] [35m[1mScanning dependencies of target tests[0m
[18.244s] [100%] Built target tests
[18.259s] Invoked command in '/home/msi/caato2_ws/build/map_server' returned '0': /usr/bin/cmake --build /home/msi/caato2_ws/build/map_server --target tests -- -j20 -l20
[18.737s] Invoking command in '/home/msi/caato2_ws/build/map_server': /usr/bin/cmake --install /home/msi/caato2_ws/build/map_server
[18.825s] -- Install configuration: ""
[18.825s] -- Installing: /home/msi/caato2_ws/install/map_server/lib/pkgconfig/map_server.pc
[18.825s] -- Installing: /home/msi/caato2_ws/install/map_server/share/map_server/cmake/map_serverConfig.cmake
[18.825s] -- Installing: /home/msi/caato2_ws/install/map_server/share/map_server/cmake/map_serverConfig-version.cmake
[18.825s] -- Installing: /home/msi/caato2_ws/install/map_server/share/map_server/package.xml
[18.825s] -- Installing: /home/msi/caato2_ws/install/map_server/lib/map_server/map_saver
[18.826s] -- Set runtime path of "/home/msi/caato2_ws/install/map_server/lib/map_server/map_saver" to ""
[18.826s] -- Installing: /home/msi/caato2_ws/install/map_server/lib/map_server/map_server
[18.826s] -- Set runtime path of "/home/msi/caato2_ws/install/map_server/lib/map_server/map_server" to ""
[18.826s] -- Installing: /home/msi/caato2_ws/install/map_server/lib/libimage_loader.so
[18.826s] -- Installing: /home/msi/caato2_ws/install/map_server/include/map_server
[18.826s] -- Installing: /home/msi/caato2_ws/install/map_server/include/map_server/image_loader.h
[18.826s] -- Installing: /home/msi/caato2_ws/install/map_server/lib/map_server/crop_map
[18.847s] Invoked command in '/home/msi/caato2_ws/build/map_server' returned '0': /usr/bin/cmake --install /home/msi/caato2_ws/build/map_server
