-- The C compiler identification is GNU 8.4.0
-- The CXX compiler identification is GNU 8.4.0
-- Check for working C compiler: /usr/bin/cc
-- Check for working C compiler: /usr/bin/cc -- works
-- Detecting C compiler ABI info
-- Detecting C compiler ABI info - done
-- Detecting C compile features
-- Detecting C compile features - done
-- Check for working CXX compiler: /usr/bin/c++
-- Check for working CXX compiler: /usr/bin/c++ -- works
-- Detecting CXX compiler ABI info
-- Detecting CXX compiler ABI info - done
-- Detecting CXX compile features
-- Detecting CXX compile features - done
-- Using CATKIN_DEVEL_PREFIX: /home/msi/caato2_ws/build/roboteq_diff_driver/devel
-- Using CMAKE_PREFIX_PATH: /home/msi/caato2_ws/install/roboteq_diff_msgs;/opt/ros/noetic
-- This workspace overlays: /home/msi/caato2_ws/install/roboteq_diff_msgs;/opt/ros/noetic
-- Found PythonInterp: /usr/bin/python3 (found suitable version "3.8.10", minimum required is "3") 
-- Using PYTHON_EXECUTABLE: /usr/bin/python3
-- Using Debian Python package layout
-- Found PY_em: /usr/lib/python3/dist-packages/em.py  
-- Using empy: /usr/lib/python3/dist-packages/em.py
-- Using CATKIN_ENABLE_TESTING: ON
-- Call enable_testing()
-- Using CATKIN_TEST_RESULTS_DIR: /home/msi/caato2_ws/build/roboteq_diff_driver/test_results
-- Forcing gtest/gmock from source, though one was otherwise available.
-- Found gtest sources under '/usr/src/googletest': gtests will be built
-- Found gmock sources under '/usr/src/googletest': gmock will be built
-- Found PythonInterp: /usr/bin/python3 (found version "3.8.10") 
-- Found Threads: TRUE  
-- Using Python nosetests: /usr/bin/nosetests3
-- catkin 0.8.10
-- BUILD_SHARED_LIBS is on
-- Using these message generators: gencpp;geneus;genlisp;gennodejs;genpy
-- Found Boost: /usr/lib/x86_64-linux-gnu/cmake/Boost-1.71.0/BoostConfig.cmake (found version "1.71.0") found components: system thread 
-- Configuring done
-- Generating done
-- Build files have been written to: /home/msi/caato2_ws/build/roboteq_diff_driver
[35m[1mScanning dependencies of target roboteq_diff_driver_autogen[0m
[ 12%] [34m[1mAutomatic MOC for target roboteq_diff_driver[0m
[35m[1mScanning dependencies of target roboteq_diff_driver_driver_autogen[0m
[ 25%] [34m[1mAutomatic MOC for target roboteq_diff_driver_driver[0m
[ 25%] Built target roboteq_diff_driver_driver_autogen
[35m[1mScanning dependencies of target roboteq_diff_driver_driver[0m
[ 37%] [32mBuilding CXX object CMakeFiles/roboteq_diff_driver_driver.dir/roboteq_diff_driver_driver_autogen/mocs_compilation.cpp.o[0m
[ 50%] [32mBuilding CXX object CMakeFiles/roboteq_diff_driver_driver.dir/src/driver.cpp.o[0m
[ 50%] Built target roboteq_diff_driver_autogen
[35m[1mScanning dependencies of target roboteq_diff_driver[0m
[ 62%] [32mBuilding CXX object CMakeFiles/roboteq_diff_driver.dir/roboteq_diff_driver_autogen/mocs_compilation.cpp.o[0m
[ 75%] [32mBuilding CXX object CMakeFiles/roboteq_diff_driver.dir/src/roboteq_panel.cpp.o[0m
[ 87%] [32m[1mLinking CXX executable devel/lib/roboteq_diff_driver/driver[0m
[ 87%] Built target roboteq_diff_driver_driver
[100%] [32m[1mLinking CXX shared library devel/lib/libroboteq_diff_driver.so[0m
[100%] Built target roboteq_diff_driver
[35m[1mScanning dependencies of target tests[0m
Built target tests
-- Install configuration: ""
-- Installing: /home/msi/caato2_ws/install/roboteq_diff_driver/lib/pkgconfig/roboteq_diff_driver.pc
-- Installing: /home/msi/caato2_ws/install/roboteq_diff_driver/share/roboteq_diff_driver/cmake/roboteq_diff_driverConfig.cmake
-- Installing: /home/msi/caato2_ws/install/roboteq_diff_driver/share/roboteq_diff_driver/cmake/roboteq_diff_driverConfig-version.cmake
-- Installing: /home/msi/caato2_ws/install/roboteq_diff_driver/share/roboteq_diff_driver/package.xml
-- Installing: /home/msi/caato2_ws/install/roboteq_diff_driver/lib/roboteq_diff_driver/driver
-- Set runtime path of "/home/msi/caato2_ws/install/roboteq_diff_driver/lib/roboteq_diff_driver/driver" to ""
-- Installing: /home/msi/caato2_ws/install/roboteq_diff_driver/share/roboteq_diff_driver/launch
-- Installing: /home/msi/caato2_ws/install/roboteq_diff_driver/share/roboteq_diff_driver/launch/driver_dbg.launch
-- Installing: /home/msi/caato2_ws/install/roboteq_diff_driver/share/roboteq_diff_driver/launch/driver.launch
-- Installing: /home/msi/caato2_ws/install/roboteq_diff_driver/include/roboteq_diff_driver
-- Installing: /home/msi/caato2_ws/install/roboteq_diff_driver/include/roboteq_diff_driver/driver.h
-- Installing: /home/msi/caato2_ws/install/roboteq_diff_driver/share/roboteq_diff_driver/plugin_description.xml
