[0.196s] Invoking command in '/home/msi/caato2_ws/build/realsense_gazebo_plugin': /usr/bin/cmake --build /home/msi/caato2_ws/build/realsense_gazebo_plugin -- -j20 -l20
[0.242s] [  0%] Built target dynamic_reconfigure_generate_messages_eus
[0.242s] [  0%] Built target trajectory_msgs_generate_messages_nodejs
[0.242s] [  0%] Built target trajectory_msgs_generate_messages_lisp
[0.246s] [  0%] Built target gazebo_msgs_generate_messages_py
[0.246s] [  0%] Built target trajectory_msgs_generate_messages_cpp
[0.246s] [  0%] Built target gazebo_msgs_generate_messages_nodejs
[0.246s] [  0%] Built target gazebo_msgs_generate_messages_cpp
[0.249s] [  0%] Built target std_srvs_generate_messages_lisp
[0.250s] [  0%] Built target geometry_msgs_generate_messages_eus
[0.250s] [  0%] Built target std_srvs_generate_messages_eus
[0.258s] [  0%] Built target std_msgs_generate_messages_nodejs
[0.258s] [  0%] Built target dynamic_reconfigure_gencfg
[0.258s] [  0%] Built target std_msgs_generate_messages_py
[0.276s] [  0%] Built target rosgraph_msgs_generate_messages_nodejs
[0.276s] [  0%] Built target tf2_msgs_generate_messages_cpp
[0.277s] [  0%] Built target actionlib_generate_messages_cpp
[0.277s] [  0%] Built target dynamic_reconfigure_generate_messages_lisp
[0.278s] [  0%] Built target actionlib_msgs_generate_messages_py
[0.278s] [  0%] Built target std_msgs_generate_messages_cpp
[0.285s] [  0%] Built target std_srvs_generate_messages_nodejs
[0.285s] [  0%] Built target actionlib_generate_messages_lisp
[0.286s] [  0%] Built target roscpp_generate_messages_lisp
[0.286s] [  0%] Built target std_srvs_generate_messages_cpp
[0.287s] [  0%] Built target rosgraph_msgs_generate_messages_py
[0.287s] [  0%] Built target actionlib_msgs_generate_messages_eus
[0.287s] [  0%] Built target rosgraph_msgs_generate_messages_lisp
[0.287s] [  0%] Built target std_msgs_generate_messages_lisp
[0.291s] [  0%] Built target tf_generate_messages_eus
[0.298s] [  0%] Built target dynamic_reconfigure_generate_messages_py
[0.315s] [  0%] Built target geometry_msgs_generate_messages_py
[0.316s] [  0%] Built target roscpp_generate_messages_py
[0.316s] [  0%] Built target trajectory_msgs_generate_messages_eus
[0.318s] [  0%] Built target roscpp_generate_messages_cpp
[0.320s] [  0%] Built target gazebo_ros_gencfg
[0.326s] [  0%] Built target roscpp_generate_messages_eus
[0.328s] [  0%] Built target tf2_msgs_generate_messages_eus
[0.328s] [  0%] Built target sensor_msgs_generate_messages_py
[0.328s] [  0%] Built target geometry_msgs_generate_messages_cpp
[0.330s] [  0%] Built target dynamic_reconfigure_generate_messages_nodejs
[0.332s] [  0%] Built target geometry_msgs_generate_messages_lisp
[0.335s] [  0%] Built target tf_generate_messages_cpp
[0.335s] [  0%] Built target roscpp_generate_messages_nodejs
[0.335s] [  0%] Built target std_srvs_generate_messages_py
[0.335s] [  0%] Built target tf2_msgs_generate_messages_py
[0.336s] [  0%] Built target rosgraph_msgs_generate_messages_eus
[0.336s] [  0%] Built target tf_generate_messages_lisp
[0.336s] [  0%] Built target gazebo_msgs_generate_messages_lisp
[0.356s] [  0%] Built target sensor_msgs_generate_messages_cpp
[0.356s] [  0%] Built target dynamic_reconfigure_generate_messages_cpp
[0.357s] [  0%] Built target tf_generate_messages_nodejs
[0.357s] [  0%] Built target sensor_msgs_generate_messages_eus
[0.357s] [  0%] Built target sensor_msgs_generate_messages_nodejs
[0.358s] [  0%] Built target sensor_msgs_generate_messages_lisp
[0.369s] [  0%] Built target rosgraph_msgs_generate_messages_cpp
[0.369s] [  0%] Built target actionlib_generate_messages_nodejs
[0.369s] [  0%] Built target actionlib_msgs_generate_messages_cpp
[0.369s] [  0%] Built target actionlib_generate_messages_eus
[0.369s] [  0%] Built target tf_generate_messages_py
[0.369s] [  0%] Built target actionlib_generate_messages_py
[0.369s] [  0%] Built target trajectory_msgs_generate_messages_py
[0.370s] [  0%] Built target std_msgs_generate_messages_eus
[0.371s] [  0%] Built target tf2_msgs_generate_messages_lisp
[0.372s] [  0%] Built target gazebo_msgs_generate_messages_eus
[0.374s] [  0%] Built target tf2_msgs_generate_messages_nodejs
[0.375s] [  0%] Built target actionlib_msgs_generate_messages_lisp
[0.375s] [  0%] Built target geometry_msgs_generate_messages_nodejs
[0.376s] [  0%] Built target actionlib_msgs_generate_messages_nodejs
[0.406s] [100%] Built target realsense_gazebo_plugin
[0.467s] Invoked command in '/home/msi/caato2_ws/build/realsense_gazebo_plugin' returned '0': /usr/bin/cmake --build /home/msi/caato2_ws/build/realsense_gazebo_plugin -- -j20 -l20
[0.647s] Invoking command in '/home/msi/caato2_ws/build/realsense_gazebo_plugin': /usr/bin/cmake --build /home/msi/caato2_ws/build/realsense_gazebo_plugin --target tests -- -j20 -l20
[0.705s] Built target tests
[0.757s] Invoked command in '/home/msi/caato2_ws/build/realsense_gazebo_plugin' returned '0': /usr/bin/cmake --build /home/msi/caato2_ws/build/realsense_gazebo_plugin --target tests -- -j20 -l20
[0.854s] Invoking command in '/home/msi/caato2_ws/build/realsense_gazebo_plugin': /usr/bin/cmake --install /home/msi/caato2_ws/build/realsense_gazebo_plugin
[0.867s] -- Install configuration: ""
[0.868s] -- Up-to-date: /home/msi/caato2_ws/install/realsense_gazebo_plugin/lib/pkgconfig/realsense_gazebo_plugin.pc
[0.870s] -- Up-to-date: /home/msi/caato2_ws/install/realsense_gazebo_plugin/share/realsense_gazebo_plugin/cmake/realsense_gazebo_pluginConfig.cmake
[0.870s] -- Up-to-date: /home/msi/caato2_ws/install/realsense_gazebo_plugin/share/realsense_gazebo_plugin/cmake/realsense_gazebo_pluginConfig-version.cmake
[0.871s] -- Up-to-date: /home/msi/caato2_ws/install/realsense_gazebo_plugin/share/realsense_gazebo_plugin/package.xml
[0.871s] -- Up-to-date: /home/msi/caato2_ws/install/realsense_gazebo_plugin/lib/librealsense_gazebo_plugin.so
[0.871s] -- Up-to-date: /home/msi/caato2_ws/install/realsense_gazebo_plugin/share/realsense_gazebo_plugin/include
[0.871s] -- Up-to-date: /home/msi/caato2_ws/install/realsense_gazebo_plugin/share/realsense_gazebo_plugin/include/realsense_gazebo_plugin
[0.872s] -- Up-to-date: /home/msi/caato2_ws/install/realsense_gazebo_plugin/share/realsense_gazebo_plugin/include/realsense_gazebo_plugin/gazebo_ros_realsense.h
[0.872s] -- Up-to-date: /home/msi/caato2_ws/install/realsense_gazebo_plugin/share/realsense_gazebo_plugin/include/realsense_gazebo_plugin/RealSensePlugin.h
[0.886s] Invoked command in '/home/msi/caato2_ws/build/realsense_gazebo_plugin' returned '0': /usr/bin/cmake --install /home/msi/caato2_ws/build/realsense_gazebo_plugin
