-- The C compiler identification is GNU 8.4.0
-- The CXX compiler identification is GNU 8.4.0
-- Check for working C compiler: /usr/bin/cc
-- Check for working C compiler: /usr/bin/cc -- works
-- Detecting C compiler ABI info
-- Detecting C compiler ABI info - done
-- Detecting C compile features
-- Detecting C compile features - done
-- Check for working CXX compiler: /usr/bin/c++
-- Check for working CXX compiler: /usr/bin/c++ -- works
-- Detecting CXX compiler ABI info
-- Detecting CXX compiler ABI info - done
-- Detecting CXX compile features
-- Detecting CXX compile features - done
-- Using CATKIN_DEVEL_PREFIX: /home/msi/caato2_ws/build/caato2_description/devel
-- Using CMAKE_PREFIX_PATH: /opt/ros/noetic
-- This workspace overlays: /opt/ros/noetic
-- Found PythonInterp: /usr/bin/python3 (found suitable version "3.8.10", minimum required is "3") 
-- Using PYTHON_EXECUTABLE: /usr/bin/python3
-- Using Debian Python package layout
-- Found PY_em: /usr/lib/python3/dist-packages/em.py  
-- Using empy: /usr/lib/python3/dist-packages/em.py
-- Using CATKIN_ENABLE_TESTING: ON
-- Call enable_testing()
-- Using CATKIN_TEST_RESULTS_DIR: /home/msi/caato2_ws/build/caato2_description/test_results
-- Forcing gtest/gmock from source, though one was otherwise available.
-- Found gtest sources under '/usr/src/googletest': gtests will be built
-- Found gmock sources under '/usr/src/googletest': gmock will be built
-- Found PythonInterp: /usr/bin/python3 (found version "3.8.10") 
-- Found Threads: TRUE  
-- Using Python nosetests: /usr/bin/nosetests3
-- catkin 0.8.10
-- BUILD_SHARED_LIBS is on
-- Configuring done
-- Generating done
-- Build files have been written to: /home/msi/caato2_ws/build/caato2_description
[35m[1mScanning dependencies of target tests[0m
Built target tests
-- Install configuration: ""
-- Installing: /home/msi/caato2_ws/install/caato2_description/lib/pkgconfig/caato2_description.pc
-- Installing: /home/msi/caato2_ws/install/caato2_description/share/caato2_description/cmake/caato2_descriptionConfig.cmake
-- Installing: /home/msi/caato2_ws/install/caato2_description/share/caato2_description/cmake/caato2_descriptionConfig-version.cmake
-- Installing: /home/msi/caato2_ws/install/caato2_description/share/caato2_description/package.xml
-- Installing: /home/msi/caato2_ws/install/caato2_description/share/caato2_description/meshes
-- Installing: /home/msi/caato2_ws/install/caato2_description/share/caato2_description/meshes/wheels
-- Installing: /home/msi/caato2_ws/install/caato2_description/share/caato2_description/meshes/wheels/Wheel.stl
-- Installing: /home/msi/caato2_ws/install/caato2_description/share/caato2_description/meshes/wheels/caster_wheel.stl
-- Installing: /home/msi/caato2_ws/install/caato2_description/share/caato2_description/meshes/sensors
-- Installing: /home/msi/caato2_ws/install/caato2_description/share/caato2_description/meshes/sensors/hokuyo_laser_scanner.stl
-- Installing: /home/msi/caato2_ws/install/caato2_description/share/caato2_description/meshes/sensors/pal.stl
-- Installing: /home/msi/caato2_ws/install/caato2_description/share/caato2_description/meshes/bases
-- Installing: /home/msi/caato2_ws/install/caato2_description/share/caato2_description/meshes/bases/body_with_arm.stl
-- Installing: /home/msi/caato2_ws/install/caato2_description/share/caato2_description/meshes/bases/Body.stl
-- Installing: /home/msi/caato2_ws/install/caato2_description/share/caato2_description/urdf
-- Installing: /home/msi/caato2_ws/install/caato2_description/share/caato2_description/urdf/common_properties.xacro
-- Installing: /home/msi/caato2_ws/install/caato2_description/share/caato2_description/urdf/accessories
-- Installing: /home/msi/caato2_ws/install/caato2_description/share/caato2_description/urdf/accessories/caato2.gazebo.xacro
-- Installing: /home/msi/caato2_ws/install/caato2_description/share/caato2_description/urdf/accessories/sick_scan.urdf.xacro
-- Installing: /home/msi/caato2_ws/install/caato2_description/share/caato2_description/urdf/caato2.urdf.xacro
-- Installing: /home/msi/caato2_ws/install/caato2_description/share/caato2_description/rviz
-- Installing: /home/msi/caato2_ws/install/caato2_description/share/caato2_description/rviz/test.rviz
