[0.054s] Invoking command in '/home/msi/caato2_ws/build/caato2_description': /usr/bin/cmake /home/msi/caato2_ws/src/siot/caato2/caato2_description -DCATKIN_INSTALL_INTO_PREFIX_ROOT=0 -DCMAKE_INSTALL_PREFIX=/home/msi/caato2_ws/install/caato2_description
[0.119s] -- The C compiler identification is GNU 8.4.0
[0.155s] -- The CXX compiler identification is GNU 8.4.0
[0.159s] -- Check for working C compiler: /usr/bin/cc
[0.223s] -- Check for working C compiler: /usr/bin/cc -- works
[0.224s] -- Detecting C compiler ABI info
[0.298s] -- Detecting C compiler ABI info - done
[0.310s] -- Detecting C compile features
[0.311s] -- Detecting C compile features - done
[0.314s] -- Check for working CXX compiler: /usr/bin/c++
[0.403s] -- Check for working CXX compiler: /usr/bin/c++ -- works
[0.411s] -- Detecting CXX compiler ABI info
[0.488s] -- Detecting CXX compiler ABI info - done
[0.502s] -- Detecting CXX compile features
[0.502s] -- Detecting CXX compile features - done
[0.505s] -- Using CATKIN_DEVEL_PREFIX: /home/msi/caato2_ws/build/caato2_description/devel
[0.505s] -- Using CMAKE_PREFIX_PATH: /opt/ros/noetic
[0.505s] -- This workspace overlays: /opt/ros/noetic
[0.532s] -- Found PythonInterp: /usr/bin/python3 (found suitable version "3.8.10", minimum required is "3") 
[0.532s] -- Using PYTHON_EXECUTABLE: /usr/bin/python3
[0.532s] -- Using Debian Python package layout
[0.570s] -- Found PY_em: /usr/lib/python3/dist-packages/em.py  
[0.570s] -- Using empy: /usr/lib/python3/dist-packages/em.py
[0.720s] -- Using CATKIN_ENABLE_TESTING: ON
[0.720s] -- Call enable_testing()
[0.722s] -- Using CATKIN_TEST_RESULTS_DIR: /home/msi/caato2_ws/build/caato2_description/test_results
[1.056s] -- Forcing gtest/gmock from source, though one was otherwise available.
[1.062s] -- Found gtest sources under '/usr/src/googletest': gtests will be built
[1.062s] -- Found gmock sources under '/usr/src/googletest': gmock will be built
[1.085s] -- Found PythonInterp: /usr/bin/python3 (found version "3.8.10") 
[1.087s] -- Found Threads: TRUE  
[1.093s] -- Using Python nosetests: /usr/bin/nosetests3
[1.174s] -- catkin 0.8.10
[1.174s] -- BUILD_SHARED_LIBS is on
[1.788s] -- Configuring done
[1.817s] -- Generating done
[1.820s] -- Build files have been written to: /home/msi/caato2_ws/build/caato2_description
[1.838s] Invoked command in '/home/msi/caato2_ws/build/caato2_description' returned '0': /usr/bin/cmake /home/msi/caato2_ws/src/siot/caato2/caato2_description -DCATKIN_INSTALL_INTO_PREFIX_ROOT=0 -DCMAKE_INSTALL_PREFIX=/home/msi/caato2_ws/install/caato2_description
[1.839s] Invoking command in '/home/msi/caato2_ws/build/caato2_description': /usr/bin/cmake --build /home/msi/caato2_ws/build/caato2_description -- -j20 -l20
[2.318s] Invoked command in '/home/msi/caato2_ws/build/caato2_description' returned '0': /usr/bin/cmake --build /home/msi/caato2_ws/build/caato2_description -- -j20 -l20
[2.635s] Invoking command in '/home/msi/caato2_ws/build/caato2_description': /usr/bin/cmake --build /home/msi/caato2_ws/build/caato2_description --target tests -- -j20 -l20
[5.386s] [35m[1mScanning dependencies of target tests[0m
[5.386s] Built target tests
[5.569s] Invoked command in '/home/msi/caato2_ws/build/caato2_description' returned '0': /usr/bin/cmake --build /home/msi/caato2_ws/build/caato2_description --target tests -- -j20 -l20
[6.308s] Invoking command in '/home/msi/caato2_ws/build/caato2_description': /usr/bin/cmake --install /home/msi/caato2_ws/build/caato2_description
[7.367s] -- Install configuration: ""
[7.367s] -- Installing: /home/msi/caato2_ws/install/caato2_description/lib/pkgconfig/caato2_description.pc
[7.367s] -- Installing: /home/msi/caato2_ws/install/caato2_description/share/caato2_description/cmake/caato2_descriptionConfig.cmake
[7.367s] -- Installing: /home/msi/caato2_ws/install/caato2_description/share/caato2_description/cmake/caato2_descriptionConfig-version.cmake
[7.367s] -- Installing: /home/msi/caato2_ws/install/caato2_description/share/caato2_description/package.xml
[7.367s] -- Installing: /home/msi/caato2_ws/install/caato2_description/share/caato2_description/meshes
[7.367s] -- Installing: /home/msi/caato2_ws/install/caato2_description/share/caato2_description/meshes/wheels
[7.367s] -- Installing: /home/msi/caato2_ws/install/caato2_description/share/caato2_description/meshes/wheels/Wheel.stl
[7.367s] -- Installing: /home/msi/caato2_ws/install/caato2_description/share/caato2_description/meshes/wheels/caster_wheel.stl
[7.367s] -- Installing: /home/msi/caato2_ws/install/caato2_description/share/caato2_description/meshes/sensors
[7.367s] -- Installing: /home/msi/caato2_ws/install/caato2_description/share/caato2_description/meshes/sensors/hokuyo_laser_scanner.stl
[7.367s] -- Installing: /home/msi/caato2_ws/install/caato2_description/share/caato2_description/meshes/sensors/pal.stl
[7.367s] -- Installing: /home/msi/caato2_ws/install/caato2_description/share/caato2_description/meshes/bases
[7.368s] -- Installing: /home/msi/caato2_ws/install/caato2_description/share/caato2_description/meshes/bases/body_with_arm.stl
[7.368s] -- Installing: /home/msi/caato2_ws/install/caato2_description/share/caato2_description/meshes/bases/Body.stl
[7.368s] -- Installing: /home/msi/caato2_ws/install/caato2_description/share/caato2_description/urdf
[7.368s] -- Installing: /home/msi/caato2_ws/install/caato2_description/share/caato2_description/urdf/common_properties.xacro
[7.368s] -- Installing: /home/msi/caato2_ws/install/caato2_description/share/caato2_description/urdf/accessories
[7.368s] -- Installing: /home/msi/caato2_ws/install/caato2_description/share/caato2_description/urdf/accessories/caato2.gazebo.xacro
[7.368s] -- Installing: /home/msi/caato2_ws/install/caato2_description/share/caato2_description/urdf/accessories/sick_scan.urdf.xacro
[7.368s] -- Installing: /home/msi/caato2_ws/install/caato2_description/share/caato2_description/urdf/caato2.urdf.xacro
[7.368s] -- Installing: /home/msi/caato2_ws/install/caato2_description/share/caato2_description/rviz
[7.368s] -- Installing: /home/msi/caato2_ws/install/caato2_description/share/caato2_description/rviz/test.rviz
[7.592s] Invoked command in '/home/msi/caato2_ws/build/caato2_description' returned '0': /usr/bin/cmake --install /home/msi/caato2_ws/build/caato2_description
