-- Using CATKIN_DEVEL_PREFIX: /home/msi/caato2_ws/build/caato2_bringup/devel
-- Using CMAKE_PREFIX_PATH: /home/msi/caato2_ws/install/roboteq_diff_driver;/home/msi/caato2_ws/install/roboteq_diff_msgs;/home/msi/caato2_ws/install/ira_laser_tools;/home/msi/caato2_ws/install/caato2_description;/home/msi/caato2_ws/install/xnergy_charger_rcu;/home/msi/caato2_ws/install/trolley_arm;/home/msi/caato2_ws/install/teleop_twist_joy;/home/msi/caato2_ws/install/rviz_atc_plugins;/home/msi/caato2_ws/install/rosserial_xbee;/home/msi/caato2_ws/install/rosserial_windows;/home/msi/caato2_ws/install/rosserial_vex_v5;/home/msi/caato2_ws/install/rosserial_vex_cortex;/home/msi/caato2_ws/install/rosserial_tivac;/home/msi/caato2_ws/install/rosserial_test;/home/msi/caato2_ws/install/rosserial_server;/home/msi/caato2_ws/install/rosserial_arduino;/home/msi/caato2_ws/install/rosserial_python;/home/msi/caato2_ws/install/rosserial_mbed;/home/msi/caato2_ws/install/rosserial_embeddedlinux;/home/msi/caato2_ws/install/rosserial_chibios;/home/msi/caato2_ws/install/rosserial_client;/home/msi/caato2_ws/install/rosserial_msgs;/home/msi/caato2_ws/install/caato_teleop;/home/msi/caato2_ws/install/caato_slam;/home/msi/caato2_ws/install/caato_navigation;/home/msi/caato2_ws/install/caato_bringup;/home/msi/caato2_ws/install/caato2_navigation;/home/msi/caato2_ws/install/caato2_bringup;/home/msi/caato2_ws/install/realsense_gazebo_plugin;/home/msi/caato2_ws/install/realsense2_description;/home/msi/caato2_ws/install/realsense2_camera;/home/msi/caato2_ws/install/plc_modbus_node;/home/msi/caato2_ws/install/ouster_example;/home/msi/caato2_ws/install/ouster-gazebo-simulation;/home/msi/caato2_ws/install/map_server;/home/msi/caato2_ws/install/laser_filters;/home/msi/caato2_ws/install/eband_local_planner;/home/msi/caato2_ws/install/ds4_driver;/home/msi/caato2_ws/install/device_diagnostics;/home/msi/caato2_ws/install/decada_sim_assets;/home/msi/caato2_ws/install/caato_gazebo;/home/msi/caato2_ws/install/caato_description;/home/msi/caato2_ws/install/caato_alexa;/home/msi/caato2_ws/install/caato2_gazebo;/home/msi/caato2_ws/install/atc_waypoints;/home/msi/caato2_ws/install/atc_stm;/home/msi/caato2_ws/install/atc_utils;/home/msi/caato2_ws/install/atc_msgs;/home/msi/caato2_ws/install/apriltag_ros;/home/msi/caato2_ws/install/apriltag;/opt/ros/noetic
-- This workspace overlays: /home/msi/caato2_ws/install/roboteq_diff_driver;/home/msi/caato2_ws/install/roboteq_diff_msgs;/home/msi/caato2_ws/install/ira_laser_tools;/home/msi/caato2_ws/install/caato2_description;/home/msi/caato2_ws/install/xnergy_charger_rcu;/home/msi/caato2_ws/install/trolley_arm;/home/msi/caato2_ws/install/teleop_twist_joy;/home/msi/caato2_ws/install/rviz_atc_plugins;/home/msi/caato2_ws/install/rosserial_xbee;/home/msi/caato2_ws/install/rosserial_windows;/home/msi/caato2_ws/install/rosserial_vex_v5;/home/msi/caato2_ws/install/rosserial_vex_cortex;/home/msi/caato2_ws/install/rosserial_tivac;/home/msi/caato2_ws/install/rosserial_test;/home/msi/caato2_ws/install/rosserial_server;/home/msi/caato2_ws/install/rosserial_arduino;/home/msi/caato2_ws/install/rosserial_python;/home/msi/caato2_ws/install/rosserial_mbed;/home/msi/caato2_ws/install/rosserial_embeddedlinux;/home/msi/caato2_ws/install/rosserial_chibios;/home/msi/caato2_ws/install/rosserial_client;/home/msi/caato2_ws/install/rosserial_msgs;/home/msi/caato2_ws/install/caato_teleop;/home/msi/caato2_ws/install/caato_slam;/home/msi/caato2_ws/install/caato_navigation;/home/msi/caato2_ws/install/caato_bringup;/home/msi/caato2_ws/install/caato2_navigation;/home/msi/caato2_ws/install/caato2_bringup;/home/msi/caato2_ws/install/realsense_gazebo_plugin;/home/msi/caato2_ws/install/realsense2_description;/home/msi/caato2_ws/install/realsense2_camera;/home/msi/caato2_ws/install/plc_modbus_node;/home/msi/caato2_ws/install/ouster-gazebo-simulation;/home/msi/caato2_ws/install/map_server;/home/msi/caato2_ws/install/laser_filters;/home/msi/caato2_ws/install/eband_local_planner;/home/msi/caato2_ws/install/ds4_driver;/home/msi/caato2_ws/install/device_diagnostics;/home/msi/caato2_ws/install/decada_sim_assets;/home/msi/caato2_ws/install/caato_gazebo;/home/msi/caato2_ws/install/caato_description;/home/msi/caato2_ws/install/caato_alexa;/home/msi/caato2_ws/install/caato2_gazebo;/home/msi/caato2_ws/install/atc_waypoints;/home/msi/caato2_ws/install/atc_stm;/home/msi/caato2_ws/install/atc_utils;/home/msi/caato2_ws/install/atc_msgs;/home/msi/caato2_ws/install/apriltag_ros;/opt/ros/noetic
-- Found PythonInterp: /usr/bin/python3 (found suitable version "3.8.10", minimum required is "3") 
-- Using PYTHON_EXECUTABLE: /usr/bin/python3
-- Using Debian Python package layout
-- Using empy: /usr/lib/python3/dist-packages/em.py
-- Using CATKIN_ENABLE_TESTING: ON
-- Call enable_testing()
-- Using CATKIN_TEST_RESULTS_DIR: /home/msi/caato2_ws/build/caato2_bringup/test_results
-- Forcing gtest/gmock from source, though one was otherwise available.
-- Found gtest sources under '/usr/src/googletest': gtests will be built
-- Found gmock sources under '/usr/src/googletest': gmock will be built
-- Found PythonInterp: /usr/bin/python3 (found version "3.8.10") 
-- Using Python nosetests: /usr/bin/nosetests3
-- catkin 0.8.10
-- BUILD_SHARED_LIBS is on
-- Configuring done
-- Generating done
-- Build files have been written to: /home/msi/caato2_ws/build/caato2_bringup
Built target tests
-- Install configuration: ""
-- Installing: /home/msi/caato2_ws/install/caato2_bringup/lib/pkgconfig/caato2_bringup.pc
-- Installing: /home/msi/caato2_ws/install/caato2_bringup/share/caato2_bringup/cmake/caato2_bringupConfig.cmake
-- Up-to-date: /home/msi/caato2_ws/install/caato2_bringup/share/caato2_bringup/cmake/caato2_bringupConfig-version.cmake
-- Up-to-date: /home/msi/caato2_ws/install/caato2_bringup/share/caato2_bringup/package.xml
-- Up-to-date: /home/msi/caato2_ws/install/caato2_bringup/share/caato2_bringup/launch
-- Installing: /home/msi/caato2_ws/install/caato2_bringup/share/caato2_bringup/launch/robot.launch
-- Installing: /home/msi/caato2_ws/install/caato2_bringup/share/caato2_bringup/launch/robot_3d.launch
-- Up-to-date: /home/msi/caato2_ws/install/caato2_bringup/share/caato2_bringup/launch/include
-- Installing: /home/msi/caato2_ws/install/caato2_bringup/share/caato2_bringup/launch/include/caato2_lasers.launch
-- Installing: /home/msi/caato2_ws/install/caato2_bringup/share/caato2_bringup/launch/include/description_caato_3d.launch
-- Installing: /home/msi/caato2_ws/install/caato2_bringup/share/caato2_bringup/launch/include/description.launch
-- Installing: /home/msi/caato2_ws/install/caato2_bringup/share/caato2_bringup/launch/include/caato2_motors.launch
