[0.058s] Invoking command in '/home/msi/caato2_ws/build/map_server': /usr/bin/cmake --build /home/msi/caato2_ws/build/map_server -- -j20 -l20
[0.248s] [ 18%] Built target map_server-map_saver
[0.248s] [ 36%] Built target image_loader
[0.248s] [ 54%] Built target gtest
[0.248s] [ 81%] Built target rtest
[0.248s] [100%] Built target map_server
[0.328s] Invoked command in '/home/msi/caato2_ws/build/map_server' returned '0': /usr/bin/cmake --build /home/msi/caato2_ws/build/map_server -- -j20 -l20
[0.446s] Invoking command in '/home/msi/caato2_ws/build/map_server': /usr/bin/cmake --build /home/msi/caato2_ws/build/map_server --target tests -- -j20 -l20
[0.510s] [ 28%] Built target gtest
[0.511s] [ 57%] Built target image_loader
[0.520s] [100%] Built target map_server_utest
[0.534s] [100%] Built target tests
[0.580s] Invoked command in '/home/msi/caato2_ws/build/map_server' returned '0': /usr/bin/cmake --build /home/msi/caato2_ws/build/map_server --target tests -- -j20 -l20
[0.688s] Invoking command in '/home/msi/caato2_ws/build/map_server': /usr/bin/cmake --install /home/msi/caato2_ws/build/map_server
[0.692s] -- Install configuration: ""
[0.692s] -- Up-to-date: /home/msi/caato2_ws/install/map_server/lib/pkgconfig/map_server.pc
[0.692s] -- Up-to-date: /home/msi/caato2_ws/install/map_server/share/map_server/cmake/map_serverConfig.cmake
[0.692s] -- Up-to-date: /home/msi/caato2_ws/install/map_server/share/map_server/cmake/map_serverConfig-version.cmake
[0.692s] -- Up-to-date: /home/msi/caato2_ws/install/map_server/share/map_server/package.xml
[0.692s] -- Up-to-date: /home/msi/caato2_ws/install/map_server/lib/map_server/map_saver
[0.693s] -- Up-to-date: /home/msi/caato2_ws/install/map_server/lib/map_server/map_server
[0.693s] -- Up-to-date: /home/msi/caato2_ws/install/map_server/lib/libimage_loader.so
[0.693s] -- Up-to-date: /home/msi/caato2_ws/install/map_server/include/map_server
[0.693s] -- Up-to-date: /home/msi/caato2_ws/install/map_server/include/map_server/image_loader.h
[0.693s] -- Up-to-date: /home/msi/caato2_ws/install/map_server/lib/map_server/crop_map
[0.811s] Invoked command in '/home/msi/caato2_ws/build/map_server' returned '0': /usr/bin/cmake --install /home/msi/caato2_ws/build/map_server
