[0.120s] Invoking command in '/home/msi/caato2_ws/build/realsense_gazebo_plugin': /usr/bin/cmake --build /home/msi/caato2_ws/build/realsense_gazebo_plugin -- -j20 -l20
[0.207s] [  0%] Built target gazebo_msgs_generate_messages_nodejs
[0.208s] [  0%] Built target trajectory_msgs_generate_messages_lisp
[0.208s] [  0%] Built target trajectory_msgs_generate_messages_nodejs
[0.208s] [  0%] Built target std_srvs_generate_messages_lisp
[0.208s] [  0%] Built target trajectory_msgs_generate_messages_cpp
[0.208s] [  0%] Built target gazebo_msgs_generate_messages_py
[0.208s] [  0%] Built target gazebo_msgs_generate_messages_cpp
[0.208s] [  0%] Built target dynamic_reconfigure_gencfg
[0.208s] [  0%] Built target dynamic_reconfigure_generate_messages_eus
[0.208s] [  0%] Built target std_srvs_generate_messages_eus
[0.208s] [  0%] Built target std_msgs_generate_messages_py
[0.208s] [  0%] Built target std_msgs_generate_messages_nodejs
[0.212s] [  0%] Built target geometry_msgs_generate_messages_eus
[0.214s] [  0%] Built target std_msgs_generate_messages_cpp
[0.214s] [  0%] Built target dynamic_reconfigure_generate_messages_lisp
[0.214s] [  0%] Built target rosgraph_msgs_generate_messages_nodejs
[0.214s] [  0%] Built target tf2_msgs_generate_messages_cpp
[0.214s] [  0%] Built target actionlib_generate_messages_cpp
[0.214s] [  0%] Built target actionlib_msgs_generate_messages_py
[0.214s] [  0%] Built target roscpp_generate_messages_lisp
[0.214s] [  0%] Built target actionlib_generate_messages_lisp
[0.214s] [  0%] Built target std_srvs_generate_messages_cpp
[0.214s] [  0%] Built target std_msgs_generate_messages_lisp
[0.215s] [  0%] Built target std_srvs_generate_messages_nodejs
[0.215s] [  0%] Built target tf_generate_messages_eus
[0.218s] [  0%] Built target trajectory_msgs_generate_messages_eus
[0.218s] [  0%] Built target rosgraph_msgs_generate_messages_lisp
[0.218s] [  0%] Built target rosgraph_msgs_generate_messages_py
[0.218s] [  0%] Built target roscpp_generate_messages_py
[0.218s] [  0%] Built target dynamic_reconfigure_generate_messages_py
[0.220s] [  0%] Built target actionlib_msgs_generate_messages_eus
[0.225s] [  0%] Built target gazebo_ros_gencfg
[0.225s] [  0%] Built target roscpp_generate_messages_cpp
[0.225s] [  0%] Built target sensor_msgs_generate_messages_py
[0.225s] [  0%] Built target roscpp_generate_messages_eus
[0.229s] [  0%] Built target geometry_msgs_generate_messages_py
[0.233s] [  0%] Built target tf2_msgs_generate_messages_eus
[0.233s] [  0%] Built target geometry_msgs_generate_messages_cpp
[0.239s] [  0%] Built target gazebo_msgs_generate_messages_lisp
[0.240s] [  0%] Built target dynamic_reconfigure_generate_messages_nodejs
[0.242s] [  0%] Built target roscpp_generate_messages_nodejs
[0.242s] [  0%] Built target std_srvs_generate_messages_py
[0.243s] [  0%] Built target tf_generate_messages_cpp
[0.243s] [  0%] Built target geometry_msgs_generate_messages_lisp
[0.243s] [  0%] Built target tf_generate_messages_lisp
[0.246s] [  0%] Built target rosgraph_msgs_generate_messages_eus
[0.246s] [  0%] Built target dynamic_reconfigure_generate_messages_cpp
[0.252s] [  0%] Built target tf2_msgs_generate_messages_py
[0.252s] [  0%] Built target sensor_msgs_generate_messages_lisp
[0.253s] [  0%] Built target tf_generate_messages_nodejs
[0.253s] [  0%] Built target sensor_msgs_generate_messages_eus
[0.253s] [  0%] Built target sensor_msgs_generate_messages_nodejs
[0.254s] [  0%] Built target trajectory_msgs_generate_messages_py
[0.255s] [  0%] Built target actionlib_generate_messages_eus
[0.255s] [  0%] Built target sensor_msgs_generate_messages_cpp
[0.255s] [  0%] Built target rosgraph_msgs_generate_messages_cpp
[0.255s] [  0%] Built target actionlib_generate_messages_nodejs
[0.255s] [  0%] Built target actionlib_msgs_generate_messages_cpp
[0.260s] [  0%] Built target tf_generate_messages_py
[0.260s] [  0%] Built target actionlib_generate_messages_py
[0.260s] [  0%] Built target tf2_msgs_generate_messages_lisp
[0.261s] [  0%] Built target geometry_msgs_generate_messages_nodejs
[0.261s] [  0%] Built target std_msgs_generate_messages_eus
[0.261s] [  0%] Built target tf2_msgs_generate_messages_nodejs
[0.262s] [  0%] Built target gazebo_msgs_generate_messages_eus
[0.262s] [  0%] Built target actionlib_msgs_generate_messages_nodejs
[0.263s] [  0%] Built target actionlib_msgs_generate_messages_lisp
[0.289s] [100%] Built target realsense_gazebo_plugin
[0.367s] Invoked command in '/home/msi/caato2_ws/build/realsense_gazebo_plugin' returned '0': /usr/bin/cmake --build /home/msi/caato2_ws/build/realsense_gazebo_plugin -- -j20 -l20
[0.465s] Invoking command in '/home/msi/caato2_ws/build/realsense_gazebo_plugin': /usr/bin/cmake --build /home/msi/caato2_ws/build/realsense_gazebo_plugin --target tests -- -j20 -l20
[0.544s] Built target tests
[0.597s] Invoked command in '/home/msi/caato2_ws/build/realsense_gazebo_plugin' returned '0': /usr/bin/cmake --build /home/msi/caato2_ws/build/realsense_gazebo_plugin --target tests -- -j20 -l20
[0.634s] Invoking command in '/home/msi/caato2_ws/build/realsense_gazebo_plugin': /usr/bin/cmake --install /home/msi/caato2_ws/build/realsense_gazebo_plugin
[0.650s] -- Install configuration: ""
[0.651s] -- Up-to-date: /home/msi/caato2_ws/install/realsense_gazebo_plugin/lib/pkgconfig/realsense_gazebo_plugin.pc
[0.651s] -- Up-to-date: /home/msi/caato2_ws/install/realsense_gazebo_plugin/share/realsense_gazebo_plugin/cmake/realsense_gazebo_pluginConfig.cmake
[0.652s] -- Up-to-date: /home/msi/caato2_ws/install/realsense_gazebo_plugin/share/realsense_gazebo_plugin/cmake/realsense_gazebo_pluginConfig-version.cmake
[0.652s] -- Up-to-date: /home/msi/caato2_ws/install/realsense_gazebo_plugin/share/realsense_gazebo_plugin/package.xml
[0.652s] -- Up-to-date: /home/msi/caato2_ws/install/realsense_gazebo_plugin/lib/librealsense_gazebo_plugin.so
[0.652s] -- Up-to-date: /home/msi/caato2_ws/install/realsense_gazebo_plugin/share/realsense_gazebo_plugin/include
[0.652s] -- Up-to-date: /home/msi/caato2_ws/install/realsense_gazebo_plugin/share/realsense_gazebo_plugin/include/realsense_gazebo_plugin
[0.652s] -- Up-to-date: /home/msi/caato2_ws/install/realsense_gazebo_plugin/share/realsense_gazebo_plugin/include/realsense_gazebo_plugin/gazebo_ros_realsense.h
[0.653s] -- Up-to-date: /home/msi/caato2_ws/install/realsense_gazebo_plugin/share/realsense_gazebo_plugin/include/realsense_gazebo_plugin/RealSensePlugin.h
[0.669s] Invoked command in '/home/msi/caato2_ws/build/realsense_gazebo_plugin' returned '0': /usr/bin/cmake --install /home/msi/caato2_ws/build/realsense_gazebo_plugin
