[0.196s] Invoking command in '/home/msi/caato2_ws/build/roboteq_diff_driver': CMAKE_PREFIX_PATH=/home/msi/caato2_ws/install/roboteq_diff_msgs:${CMAKE_PREFIX_PATH} PKG_CONFIG_PATH=/home/msi/caato2_ws/install/roboteq_diff_msgs/lib/x86_64-linux-gnu/pkgconfig:/home/msi/caato2_ws/install/roboteq_diff_msgs/lib/pkgconfig:${PKG_CONFIG_PATH} PYTHONPATH=/home/msi/caato2_ws/install/roboteq_diff_msgs/lib/python3/dist-packages:${PYTHONPATH} ROS_PACKAGE_PATH=/home/msi/caato2_ws/install/roboteq_diff_msgs/share:${ROS_PACKAGE_PATH} /usr/bin/cmake --build /home/msi/caato2_ws/build/roboteq_diff_driver -- -j20 -l20
[0.228s] [ 25%] [34m[1mAutomatic MOC for target roboteq_diff_driver_driver[0m
[0.228s] [ 25%] [34m[1mAutomatic MOC for target roboteq_diff_driver[0m
[0.241s] [ 25%] Built target roboteq_diff_driver_autogen
[0.241s] [ 25%] Built target roboteq_diff_driver_driver_autogen
[0.268s] [ 62%] Built target roboteq_diff_driver_driver
[0.277s] [100%] Built target roboteq_diff_driver
[0.392s] Invoked command in '/home/msi/caato2_ws/build/roboteq_diff_driver' returned '0': CMAKE_PREFIX_PATH=/home/msi/caato2_ws/install/roboteq_diff_msgs:${CMAKE_PREFIX_PATH} PKG_CONFIG_PATH=/home/msi/caato2_ws/install/roboteq_diff_msgs/lib/x86_64-linux-gnu/pkgconfig:/home/msi/caato2_ws/install/roboteq_diff_msgs/lib/pkgconfig:${PKG_CONFIG_PATH} PYTHONPATH=/home/msi/caato2_ws/install/roboteq_diff_msgs/lib/python3/dist-packages:${PYTHONPATH} ROS_PACKAGE_PATH=/home/msi/caato2_ws/install/roboteq_diff_msgs/share:${ROS_PACKAGE_PATH} /usr/bin/cmake --build /home/msi/caato2_ws/build/roboteq_diff_driver -- -j20 -l20
[0.563s] Invoking command in '/home/msi/caato2_ws/build/roboteq_diff_driver': CMAKE_PREFIX_PATH=/home/msi/caato2_ws/install/roboteq_diff_msgs:${CMAKE_PREFIX_PATH} PKG_CONFIG_PATH=/home/msi/caato2_ws/install/roboteq_diff_msgs/lib/x86_64-linux-gnu/pkgconfig:/home/msi/caato2_ws/install/roboteq_diff_msgs/lib/pkgconfig:${PKG_CONFIG_PATH} PYTHONPATH=/home/msi/caato2_ws/install/roboteq_diff_msgs/lib/python3/dist-packages:${PYTHONPATH} ROS_PACKAGE_PATH=/home/msi/caato2_ws/install/roboteq_diff_msgs/share:${ROS_PACKAGE_PATH} /usr/bin/cmake --build /home/msi/caato2_ws/build/roboteq_diff_driver --target tests -- -j20 -l20
[0.641s] Built target tests
[0.647s] Invoked command in '/home/msi/caato2_ws/build/roboteq_diff_driver' returned '0': CMAKE_PREFIX_PATH=/home/msi/caato2_ws/install/roboteq_diff_msgs:${CMAKE_PREFIX_PATH} PKG_CONFIG_PATH=/home/msi/caato2_ws/install/roboteq_diff_msgs/lib/x86_64-linux-gnu/pkgconfig:/home/msi/caato2_ws/install/roboteq_diff_msgs/lib/pkgconfig:${PKG_CONFIG_PATH} PYTHONPATH=/home/msi/caato2_ws/install/roboteq_diff_msgs/lib/python3/dist-packages:${PYTHONPATH} ROS_PACKAGE_PATH=/home/msi/caato2_ws/install/roboteq_diff_msgs/share:${ROS_PACKAGE_PATH} /usr/bin/cmake --build /home/msi/caato2_ws/build/roboteq_diff_driver --target tests -- -j20 -l20
[0.703s] Invoking command in '/home/msi/caato2_ws/build/roboteq_diff_driver': CMAKE_PREFIX_PATH=/home/msi/caato2_ws/install/roboteq_diff_msgs:${CMAKE_PREFIX_PATH} PKG_CONFIG_PATH=/home/msi/caato2_ws/install/roboteq_diff_msgs/lib/x86_64-linux-gnu/pkgconfig:/home/msi/caato2_ws/install/roboteq_diff_msgs/lib/pkgconfig:${PKG_CONFIG_PATH} PYTHONPATH=/home/msi/caato2_ws/install/roboteq_diff_msgs/lib/python3/dist-packages:${PYTHONPATH} ROS_PACKAGE_PATH=/home/msi/caato2_ws/install/roboteq_diff_msgs/share:${ROS_PACKAGE_PATH} /usr/bin/cmake --install /home/msi/caato2_ws/build/roboteq_diff_driver
[0.719s] -- Install configuration: ""
[0.719s] -- Up-to-date: /home/msi/caato2_ws/install/roboteq_diff_driver/lib/pkgconfig/roboteq_diff_driver.pc
[0.719s] -- Up-to-date: /home/msi/caato2_ws/install/roboteq_diff_driver/share/roboteq_diff_driver/cmake/roboteq_diff_driverConfig.cmake
[0.719s] -- Up-to-date: /home/msi/caato2_ws/install/roboteq_diff_driver/share/roboteq_diff_driver/cmake/roboteq_diff_driverConfig-version.cmake
[0.720s] -- Up-to-date: /home/msi/caato2_ws/install/roboteq_diff_driver/share/roboteq_diff_driver/package.xml
[0.720s] -- Up-to-date: /home/msi/caato2_ws/install/roboteq_diff_driver/lib/roboteq_diff_driver/driver
[0.720s] -- Up-to-date: /home/msi/caato2_ws/install/roboteq_diff_driver/share/roboteq_diff_driver/launch
[0.720s] -- Up-to-date: /home/msi/caato2_ws/install/roboteq_diff_driver/share/roboteq_diff_driver/launch/driver_dbg.launch
[0.720s] -- Up-to-date: /home/msi/caato2_ws/install/roboteq_diff_driver/share/roboteq_diff_driver/launch/driver.launch
[0.720s] -- Up-to-date: /home/msi/caato2_ws/install/roboteq_diff_driver/include/roboteq_diff_driver
[0.721s] -- Up-to-date: /home/msi/caato2_ws/install/roboteq_diff_driver/include/roboteq_diff_driver/driver.h
[0.722s] -- Up-to-date: /home/msi/caato2_ws/install/roboteq_diff_driver/share/roboteq_diff_driver/plugin_description.xml
[0.749s] Invoked command in '/home/msi/caato2_ws/build/roboteq_diff_driver' returned '0': CMAKE_PREFIX_PATH=/home/msi/caato2_ws/install/roboteq_diff_msgs:${CMAKE_PREFIX_PATH} PKG_CONFIG_PATH=/home/msi/caato2_ws/install/roboteq_diff_msgs/lib/x86_64-linux-gnu/pkgconfig:/home/msi/caato2_ws/install/roboteq_diff_msgs/lib/pkgconfig:${PKG_CONFIG_PATH} PYTHONPATH=/home/msi/caato2_ws/install/roboteq_diff_msgs/lib/python3/dist-packages:${PYTHONPATH} ROS_PACKAGE_PATH=/home/msi/caato2_ws/install/roboteq_diff_msgs/share:${ROS_PACKAGE_PATH} /usr/bin/cmake --install /home/msi/caato2_ws/build/roboteq_diff_driver
