[ 20%] Built target gtest
[ 60%] Built target time_test
[ 80%] Built target float64_test
[100%] Built target subscriber_test
[100%] Built target tests
-- Install configuration: ""
-- Up-to-date: /home/msi/caato2_ws/install/rosserial_client/lib/pkgconfig/rosserial_client.pc
-- Up-to-date: /home/msi/caato2_ws/install/rosserial_client/share/rosserial_client/cmake/rosserial_client-extras.cmake
-- Up-to-date: /home/msi/caato2_ws/install/rosserial_client/share/rosserial_client/cmake/rosserial_clientConfig.cmake
-- Up-to-date: /home/msi/caato2_ws/install/rosserial_client/share/rosserial_client/cmake/rosserial_clientConfig-version.cmake
-- Up-to-date: /home/msi/caato2_ws/install/rosserial_client/share/rosserial_client/package.xml
+ cd /home/msi/caato2_ws/src/thirdparty/rosserial/rosserial_client
+ mkdir -p /home/msi/caato2_ws/install/rosserial_client/lib/python3/dist-packages
+ /usr/bin/env PYTHONPATH=/home/msi/caato2_ws/install/rosserial_client/lib/python3/dist-packages:/home/msi/caato2_ws/build/rosserial_client/lib/python3/dist-packages:/home/msi/caato2_ws/install/rosserial_msgs/lib/python3/dist-packages:/opt/ros/noetic/lib/python3/dist-packages CATKIN_BINARY_DIR=/home/msi/caato2_ws/build/rosserial_client /usr/bin/python3 /home/msi/caato2_ws/src/thirdparty/rosserial/rosserial_client/setup.py build --build-base /home/msi/caato2_ws/build/rosserial_client install --root=/ --install-layout=deb --prefix=/home/msi/caato2_ws/install/rosserial_client --install-scripts=/home/msi/caato2_ws/install/rosserial_client/bin
running build
running build_py
running install
running install_lib
running install_egg_info
Removing /home/msi/caato2_ws/install/rosserial_client/lib/python3/dist-packages/rosserial_client-0.9.2.egg-info
Writing /home/msi/caato2_ws/install/rosserial_client/lib/python3/dist-packages/rosserial_client-0.9.2.egg-info
-- Up-to-date: /home/msi/caato2_ws/install/rosserial_client/share/rosserial_client/src/ros_lib
-- Up-to-date: /home/msi/caato2_ws/install/rosserial_client/share/rosserial_client/src/ros_lib/ros
-- Up-to-date: /home/msi/caato2_ws/install/rosserial_client/share/rosserial_client/src/ros_lib/ros/node_handle.h
-- Up-to-date: /home/msi/caato2_ws/install/rosserial_client/share/rosserial_client/src/ros_lib/ros/service_server.h
-- Up-to-date: /home/msi/caato2_ws/install/rosserial_client/share/rosserial_client/src/ros_lib/ros/time.h
-- Up-to-date: /home/msi/caato2_ws/install/rosserial_client/share/rosserial_client/src/ros_lib/ros/subscriber.h
-- Up-to-date: /home/msi/caato2_ws/install/rosserial_client/share/rosserial_client/src/ros_lib/ros/msg.h
-- Up-to-date: /home/msi/caato2_ws/install/rosserial_client/share/rosserial_client/src/ros_lib/ros/service_client.h
-- Up-to-date: /home/msi/caato2_ws/install/rosserial_client/share/rosserial_client/src/ros_lib/ros/duration.h
-- Up-to-date: /home/msi/caato2_ws/install/rosserial_client/share/rosserial_client/src/ros_lib/ros/publisher.h
-- Up-to-date: /home/msi/caato2_ws/install/rosserial_client/share/rosserial_client/src/ros_lib/time.cpp
-- Up-to-date: /home/msi/caato2_ws/install/rosserial_client/share/rosserial_client/src/ros_lib/tf
-- Up-to-date: /home/msi/caato2_ws/install/rosserial_client/share/rosserial_client/src/ros_lib/tf/transform_broadcaster.h
-- Up-to-date: /home/msi/caato2_ws/install/rosserial_client/share/rosserial_client/src/ros_lib/tf/tf.h
-- Up-to-date: /home/msi/caato2_ws/install/rosserial_client/share/rosserial_client/src/ros_lib/duration.cpp
-- Up-to-date: /home/msi/caato2_ws/install/rosserial_client/lib/rosserial_client/make_libraries
-- Up-to-date: /home/msi/caato2_ws/install/rosserial_client/lib/rosserial_client/make_library.py
