[0.254s] Invoking command in '/home/msi/caato2_ws/build/teleop_twist_joy': /usr/bin/cmake --build /home/msi/caato2_ws/build/teleop_twist_joy -- -j20 -l20
[0.294s] [ 50%] Built target teleop_twist_joy
[0.319s] [100%] Built target teleop_twist_joy_node
[0.437s] Invoked command in '/home/msi/caato2_ws/build/teleop_twist_joy' returned '0': /usr/bin/cmake --build /home/msi/caato2_ws/build/teleop_twist_joy -- -j20 -l20
[0.509s] Invoking command in '/home/msi/caato2_ws/build/teleop_twist_joy': /usr/bin/cmake --build /home/msi/caato2_ws/build/teleop_twist_joy --target tests -- -j20 -l20
[0.567s] Built target tests
[0.586s] Invoked command in '/home/msi/caato2_ws/build/teleop_twist_joy' returned '0': /usr/bin/cmake --build /home/msi/caato2_ws/build/teleop_twist_joy --target tests -- -j20 -l20
[0.650s] Invoking command in '/home/msi/caato2_ws/build/teleop_twist_joy': /usr/bin/cmake --install /home/msi/caato2_ws/build/teleop_twist_joy
[0.709s] -- Install configuration: ""
[0.709s] -- Up-to-date: /home/msi/caato2_ws/install/teleop_twist_joy/lib/pkgconfig/teleop_twist_joy.pc
[0.709s] -- Up-to-date: /home/msi/caato2_ws/install/teleop_twist_joy/share/teleop_twist_joy/cmake/teleop_twist_joyConfig.cmake
[0.709s] -- Up-to-date: /home/msi/caato2_ws/install/teleop_twist_joy/share/teleop_twist_joy/cmake/teleop_twist_joyConfig-version.cmake
[0.709s] -- Up-to-date: /home/msi/caato2_ws/install/teleop_twist_joy/share/teleop_twist_joy/package.xml
[0.709s] -- Up-to-date: /home/msi/caato2_ws/install/teleop_twist_joy/lib/libteleop_twist_joy.so
[0.709s] -- Up-to-date: /home/msi/caato2_ws/install/teleop_twist_joy/lib/teleop_twist_joy/teleop_node
[0.709s] -- Up-to-date: /home/msi/caato2_ws/install/teleop_twist_joy/include/teleop_twist_joy
[0.709s] -- Up-to-date: /home/msi/caato2_ws/install/teleop_twist_joy/include/teleop_twist_joy/teleop_twist_joy.h
[0.709s] -- Up-to-date: /home/msi/caato2_ws/install/teleop_twist_joy/share/teleop_twist_joy/launch
[0.709s] -- Up-to-date: /home/msi/caato2_ws/install/teleop_twist_joy/share/teleop_twist_joy/launch/teleop.launch
[0.710s] -- Up-to-date: /home/msi/caato2_ws/install/teleop_twist_joy/share/teleop_twist_joy/config
[0.710s] -- Up-to-date: /home/msi/caato2_ws/install/teleop_twist_joy/share/teleop_twist_joy/config/ps3-holonomic.config.yaml
[0.710s] -- Up-to-date: /home/msi/caato2_ws/install/teleop_twist_joy/share/teleop_twist_joy/config/ps3.config.yaml
[0.710s] -- Up-to-date: /home/msi/caato2_ws/install/teleop_twist_joy/share/teleop_twist_joy/config/atk3.config.yaml
[0.710s] -- Up-to-date: /home/msi/caato2_ws/install/teleop_twist_joy/share/teleop_twist_joy/config/xbox.config.yaml
[0.711s] -- Up-to-date: /home/msi/caato2_ws/install/teleop_twist_joy/share/teleop_twist_joy/config/xd3.config.yaml
[0.714s] Invoked command in '/home/msi/caato2_ws/build/teleop_twist_joy' returned '0': /usr/bin/cmake --install /home/msi/caato2_ws/build/teleop_twist_joy
