[0.081s] Invoking command in '/home/msi/caato2_ws/build/realsense_gazebo_plugin': /usr/bin/cmake --build /home/msi/caato2_ws/build/realsense_gazebo_plugin -- -j20 -l20
[0.141s] [  0%] Built target trajectory_msgs_generate_messages_nodejs
[0.141s] [  0%] Built target dynamic_reconfigure_generate_messages_eus
[0.142s] [  0%] Built target trajectory_msgs_generate_messages_lisp
[0.142s] [  0%] Built target gazebo_msgs_generate_messages_py
[0.143s] [  0%] Built target trajectory_msgs_generate_messages_cpp
[0.147s] [  0%] Built target gazebo_msgs_generate_messages_nodejs
[0.162s] [  0%] Built target std_srvs_generate_messages_lisp
[0.162s] [  0%] Built target std_msgs_generate_messages_py
[0.162s] [  0%] Built target gazebo_msgs_generate_messages_cpp
[0.162s] [  0%] Built target dynamic_reconfigure_gencfg
[0.162s] [  0%] Built target geometry_msgs_generate_messages_eus
[0.162s] [  0%] Built target tf2_msgs_generate_messages_cpp
[0.162s] [  0%] Built target dynamic_reconfigure_generate_messages_lisp
[0.168s] [  0%] Built target std_srvs_generate_messages_eus
[0.168s] [  0%] Built target actionlib_generate_messages_cpp
[0.168s] [  0%] Built target std_msgs_generate_messages_nodejs
[0.168s] [  0%] Built target rosgraph_msgs_generate_messages_nodejs
[0.177s] [  0%] Built target std_msgs_generate_messages_cpp
[0.177s] [  0%] Built target actionlib_generate_messages_lisp
[0.179s] [  0%] Built target actionlib_msgs_generate_messages_py
[0.184s] [  0%] Built target std_srvs_generate_messages_cpp
[0.184s] [  0%] Built target roscpp_generate_messages_lisp
[0.185s] [  0%] Built target rosgraph_msgs_generate_messages_lisp
[0.188s] [  0%] Built target dynamic_reconfigure_generate_messages_py
[0.190s] [  0%] Built target std_srvs_generate_messages_nodejs
[0.190s] [  0%] Built target rosgraph_msgs_generate_messages_py
[0.194s] [  0%] Built target roscpp_generate_messages_eus
[0.194s] [  0%] Built target geometry_msgs_generate_messages_py
[0.195s] [  0%] Built target actionlib_msgs_generate_messages_eus
[0.195s] [  0%] Built target roscpp_generate_messages_cpp
[0.195s] [  0%] Built target trajectory_msgs_generate_messages_eus
[0.195s] [  0%] Built target std_msgs_generate_messages_lisp
[0.196s] [  0%] Built target tf_generate_messages_eus
[0.197s] [  0%] Built target roscpp_generate_messages_py
[0.199s] [  0%] Built target tf2_msgs_generate_messages_eus
[0.199s] [  0%] Built target sensor_msgs_generate_messages_py
[0.203s] [  0%] Built target geometry_msgs_generate_messages_cpp
[0.203s] [  0%] Built target gazebo_ros_gencfg
[0.216s] [  0%] Built target rosgraph_msgs_generate_messages_eus
[0.216s] [  0%] Built target dynamic_reconfigure_generate_messages_nodejs
[0.216s] [  0%] Built target roscpp_generate_messages_nodejs
[0.216s] [  0%] Built target tf_generate_messages_lisp
[0.216s] [  0%] Built target gazebo_msgs_generate_messages_lisp
[0.216s] [  0%] Built target std_srvs_generate_messages_py
[0.216s] [  0%] Built target geometry_msgs_generate_messages_lisp
[0.217s] [  0%] Built target dynamic_reconfigure_generate_messages_cpp
[0.222s] [  0%] Built target tf_generate_messages_nodejs
[0.223s] [  0%] Built target sensor_msgs_generate_messages_eus
[0.223s] [  0%] Built target tf_generate_messages_cpp
[0.229s] [  0%] Built target tf2_msgs_generate_messages_py
[0.232s] [  0%] Built target sensor_msgs_generate_messages_cpp
[0.240s] [  0%] Built target sensor_msgs_generate_messages_lisp
[0.240s] [  0%] Built target sensor_msgs_generate_messages_nodejs
[0.240s] [  0%] Built target trajectory_msgs_generate_messages_py
[0.243s] [  0%] Built target rosgraph_msgs_generate_messages_cpp
[0.243s] [  0%] Built target actionlib_generate_messages_eus
[0.248s] [  0%] Built target actionlib_generate_messages_py
[0.249s] [  0%] Built target tf_generate_messages_py
[0.255s] [  0%] Built target actionlib_msgs_generate_messages_cpp
[0.255s] [  0%] Built target actionlib_generate_messages_nodejs
[0.274s] [  0%] Built target std_msgs_generate_messages_eus
[0.275s] [  0%] Built target tf2_msgs_generate_messages_nodejs
[0.276s] [  0%] Built target tf2_msgs_generate_messages_lisp
[0.281s] [  0%] Built target actionlib_msgs_generate_messages_lisp
[0.283s] [  0%] Built target actionlib_msgs_generate_messages_nodejs
[0.283s] [  0%] Built target geometry_msgs_generate_messages_nodejs
[0.287s] [  0%] Built target gazebo_msgs_generate_messages_eus
[0.316s] [100%] Built target realsense_gazebo_plugin
[0.346s] Invoked command in '/home/msi/caato2_ws/build/realsense_gazebo_plugin' returned '0': /usr/bin/cmake --build /home/msi/caato2_ws/build/realsense_gazebo_plugin -- -j20 -l20
[0.489s] Invoking command in '/home/msi/caato2_ws/build/realsense_gazebo_plugin': /usr/bin/cmake --build /home/msi/caato2_ws/build/realsense_gazebo_plugin --target tests -- -j20 -l20
[0.539s] Built target tests
[0.585s] Invoked command in '/home/msi/caato2_ws/build/realsense_gazebo_plugin' returned '0': /usr/bin/cmake --build /home/msi/caato2_ws/build/realsense_gazebo_plugin --target tests -- -j20 -l20
[0.678s] Invoking command in '/home/msi/caato2_ws/build/realsense_gazebo_plugin': /usr/bin/cmake --install /home/msi/caato2_ws/build/realsense_gazebo_plugin
[0.716s] -- Install configuration: ""
[0.716s] -- Up-to-date: /home/msi/caato2_ws/install/realsense_gazebo_plugin/lib/pkgconfig/realsense_gazebo_plugin.pc
[0.716s] -- Up-to-date: /home/msi/caato2_ws/install/realsense_gazebo_plugin/share/realsense_gazebo_plugin/cmake/realsense_gazebo_pluginConfig.cmake
[0.716s] -- Up-to-date: /home/msi/caato2_ws/install/realsense_gazebo_plugin/share/realsense_gazebo_plugin/cmake/realsense_gazebo_pluginConfig-version.cmake
[0.716s] -- Up-to-date: /home/msi/caato2_ws/install/realsense_gazebo_plugin/share/realsense_gazebo_plugin/package.xml
[0.716s] -- Up-to-date: /home/msi/caato2_ws/install/realsense_gazebo_plugin/lib/librealsense_gazebo_plugin.so
[0.716s] -- Up-to-date: /home/msi/caato2_ws/install/realsense_gazebo_plugin/share/realsense_gazebo_plugin/include
[0.717s] -- Up-to-date: /home/msi/caato2_ws/install/realsense_gazebo_plugin/share/realsense_gazebo_plugin/include/realsense_gazebo_plugin
[0.717s] -- Up-to-date: /home/msi/caato2_ws/install/realsense_gazebo_plugin/share/realsense_gazebo_plugin/include/realsense_gazebo_plugin/gazebo_ros_realsense.h
[0.717s] -- Up-to-date: /home/msi/caato2_ws/install/realsense_gazebo_plugin/share/realsense_gazebo_plugin/include/realsense_gazebo_plugin/RealSensePlugin.h
[0.808s] Invoked command in '/home/msi/caato2_ws/build/realsense_gazebo_plugin' returned '0': /usr/bin/cmake --install /home/msi/caato2_ws/build/realsense_gazebo_plugin
