[0.056s] Invoking command in '/home/msi/caato2_ws/build/map_server': /usr/bin/cmake --build /home/msi/caato2_ws/build/map_server -- -j20 -l20
[0.253s] [ 18%] Built target map_server-map_saver
[0.253s] [ 36%] Built target gtest
[0.253s] [ 54%] Built target image_loader
[0.253s] [ 81%] Built target rtest
[0.253s] [100%] Built target map_server
[0.412s] Invoked command in '/home/msi/caato2_ws/build/map_server' returned '0': /usr/bin/cmake --build /home/msi/caato2_ws/build/map_server -- -j20 -l20
[0.500s] Invoking command in '/home/msi/caato2_ws/build/map_server': /usr/bin/cmake --build /home/msi/caato2_ws/build/map_server --target tests -- -j20 -l20
[0.545s] [ 28%] Built target gtest
[0.549s] [ 57%] Built target image_loader
[0.564s] [100%] Built target map_server_utest
[0.576s] [100%] Built target tests
[0.626s] Invoked command in '/home/msi/caato2_ws/build/map_server' returned '0': /usr/bin/cmake --build /home/msi/caato2_ws/build/map_server --target tests -- -j20 -l20
[0.755s] Invoking command in '/home/msi/caato2_ws/build/map_server': /usr/bin/cmake --install /home/msi/caato2_ws/build/map_server
[0.797s] -- Install configuration: ""
[0.798s] -- Up-to-date: /home/msi/caato2_ws/install/map_server/lib/pkgconfig/map_server.pc
[0.798s] -- Up-to-date: /home/msi/caato2_ws/install/map_server/share/map_server/cmake/map_serverConfig.cmake
[0.798s] -- Up-to-date: /home/msi/caato2_ws/install/map_server/share/map_server/cmake/map_serverConfig-version.cmake
[0.799s] -- Up-to-date: /home/msi/caato2_ws/install/map_server/share/map_server/package.xml
[0.799s] -- Up-to-date: /home/msi/caato2_ws/install/map_server/lib/map_server/map_saver
[0.799s] -- Up-to-date: /home/msi/caato2_ws/install/map_server/lib/map_server/map_server
[0.799s] -- Up-to-date: /home/msi/caato2_ws/install/map_server/lib/libimage_loader.so
[0.799s] -- Up-to-date: /home/msi/caato2_ws/install/map_server/include/map_server
[0.799s] -- Up-to-date: /home/msi/caato2_ws/install/map_server/include/map_server/image_loader.h
[0.799s] -- Up-to-date: /home/msi/caato2_ws/install/map_server/lib/map_server/crop_map
[0.812s] Invoked command in '/home/msi/caato2_ws/build/map_server' returned '0': /usr/bin/cmake --install /home/msi/caato2_ws/build/map_server
