[0.132s] Invoking command in '/home/msi/caato2_ws/build/ouster-gazebo-simulation': /usr/bin/cmake /home/msi/caato2_ws/src/siot/ouster-gazebo-simulation -DCMAKE_INSTALL_PREFIX=/home/msi/caato2_ws/install/ouster-gazebo-simulation
[0.297s] -- Package version (git describe): 2.1.1
[0.302s] -- The CXX compiler identification is GNU 8.4.0
[0.305s] -- Check for working CXX compiler: /usr/bin/c++
[0.390s] -- Check for working CXX compiler: /usr/bin/c++ -- works
[0.391s] -- Detecting CXX compiler ABI info
[0.465s] -- Detecting CXX compiler ABI info - done
[0.477s] -- Detecting CXX compile features
[0.478s] -- Detecting CXX compile features - done
[0.488s] -- Found PkgConfig: /usr/bin/pkg-config (found version "0.29.1") 
[0.495s] -- Performing Test R-pedantic
[0.563s] -- Performing Test R-pedantic - Success
[0.563s] -- Performing Test R-Wno-long-long
[0.628s] -- Performing Test R-Wno-long-long - Success
[0.628s] -- Performing Test R-Wall
[0.665s] -- Performing Test R-Wall - Success
[0.668s] -- Performing Test R-Wextra
[0.729s] -- Performing Test R-Wextra - Success
[0.730s] -- Performing Test R-Wcast-align
[0.768s] -- Performing Test R-Wcast-align - Success
[0.769s] -- Performing Test R-Wcast-qual
[0.839s] -- Performing Test R-Wcast-qual - Success
[0.841s] -- Performing Test R-Wformat
[0.875s] -- Performing Test R-Wformat - Success
[0.876s] -- Performing Test R-Wwrite-strings
[0.932s] -- Performing Test R-Wwrite-strings - Success
[0.932s] -- Performing Test R-Wconversion
[1.014s] -- Performing Test R-Wconversion - Success
[1.018s] -- Could NOT find Doxygen (missing: DOXYGEN_EXECUTABLE) 
[1.018s] CMake Warning at cmake/doxygen.cmake:496 (MESSAGE):
[1.019s]   Failed to find Doxygen, documentation will not be generated.
[1.019s] Call Stack (most recent call first):
[1.019s]   cmake/post-project.cmake:59 (_SETUP_PROJECT_DOCUMENTATION)
[1.019s]   CMakeLists.txt:17 (project)
[1.020s] 
[1.020s] 
[1.065s] -- The C compiler identification is GNU 8.4.0
[1.069s] -- Check for working C compiler: /usr/bin/cc
[1.124s] -- Check for working C compiler: /usr/bin/cc -- works
[1.125s] -- Detecting C compiler ABI info
[1.186s] -- Detecting C compiler ABI info - done
[1.202s] -- Detecting C compile features
[1.202s] -- Detecting C compile features - done
[1.203s] -- Using CATKIN_DEVEL_PREFIX: /home/msi/caato2_ws/build/ouster-gazebo-simulation/devel
[1.203s] -- Using CMAKE_PREFIX_PATH: /opt/ros/noetic
[1.203s] -- This workspace overlays: /opt/ros/noetic
[1.228s] -- Found PythonInterp: /usr/bin/python3 (found suitable version "3.8.10", minimum required is "3") 
[1.229s] -- Using PYTHON_EXECUTABLE: /usr/bin/python3
[1.229s] -- Using Debian Python package layout
[1.272s] -- Found PY_em: /usr/lib/python3/dist-packages/em.py  
[1.272s] -- Using empy: /usr/lib/python3/dist-packages/em.py
[1.414s] -- Using CATKIN_ENABLE_TESTING: ON
[1.414s] -- Call enable_testing()
[1.414s] -- Using CATKIN_TEST_RESULTS_DIR: /home/msi/caato2_ws/build/ouster-gazebo-simulation/test_results
[1.722s] -- Forcing gtest/gmock from source, though one was otherwise available.
[1.723s] -- Found gtest sources under '/usr/src/googletest': gtests will be built
[1.725s] -- Found gmock sources under '/usr/src/googletest': gmock will be built
[1.745s] -- Found PythonInterp: /usr/bin/python3 (found version "3.8.10") 
[1.753s] -- Found Threads: TRUE  
[1.753s] -- Using Python nosetests: /usr/bin/nosetests3
[1.792s] -- catkin 0.8.10
[1.792s] -- BUILD_SHARED_LIBS is on
[1.979s] -- Using these message generators: gencpp;geneus;genlisp;gennodejs;genpy
[2.126s] -- Checking for module 'bullet>=2.82'
[2.143s] --   Found bullet, version 2.88
[2.310s] -- Found ccd: /usr/include (found suitable version "2.0", minimum required is "2.0") 
[2.393s] -- Found fcl: /opt/ros/noetic/include (found suitable version "0.6.1", minimum required is "0.3.2") 
[2.471s] -- Found assimp: /usr/include (found version "5.0.0") 
[2.523s] -- Found DART: /usr/include (Required is at least version "6.6") found components: dart 
[2.543s] -- Found Boost: /usr/lib/x86_64-linux-gnu/cmake/Boost-1.71.0/BoostConfig.cmake (found suitable version "1.71.0", minimum required is "1.40.0") found components: thread system filesystem program_options regex iostreams date_time 
[2.584s] -- Found Protobuf: /usr/lib/x86_64-linux-gnu/libprotobuf.so;-lpthread (found version "3.6.1") 
[2.584s] -- Looking for ignition-math6 -- found version 6.11.0
[2.587s] -- Searching for dependencies of ignition-math6
[2.588s] -- Looking for OGRE...
[2.588s] -- OGRE_PREFIX_WATCH changed.
[2.595s] -- Checking for module 'OGRE'
[2.595s] --   Found OGRE, version 1.9.0
[2.628s] -- Found Ogre Ghadamon (1.9.0)
[2.636s] -- Found OGRE: optimized;/usr/lib/x86_64-linux-gnu/libOgreMain.so;debug;/usr/lib/x86_64-linux-gnu/libOgreMain.so
[2.644s] -- Looking for OGRE_Paging...
[2.650s] -- Found OGRE_Paging: optimized;/usr/lib/x86_64-linux-gnu/libOgrePaging.so;debug;/usr/lib/x86_64-linux-gnu/libOgrePaging.so
[2.650s] -- Looking for OGRE_Terrain...
[2.655s] -- Found OGRE_Terrain: optimized;/usr/lib/x86_64-linux-gnu/libOgreTerrain.so;debug;/usr/lib/x86_64-linux-gnu/libOgreTerrain.so
[2.655s] -- Looking for OGRE_Property...
[2.661s] -- Found OGRE_Property: optimized;/usr/lib/x86_64-linux-gnu/libOgreProperty.so;debug;/usr/lib/x86_64-linux-gnu/libOgreProperty.so
[2.661s] -- Looking for OGRE_RTShaderSystem...
[2.665s] -- Found OGRE_RTShaderSystem: optimized;/usr/lib/x86_64-linux-gnu/libOgreRTShaderSystem.so;debug;/usr/lib/x86_64-linux-gnu/libOgreRTShaderSystem.so
[2.665s] -- Looking for OGRE_Volume...
[2.670s] -- Found OGRE_Volume: optimized;/usr/lib/x86_64-linux-gnu/libOgreVolume.so;debug;/usr/lib/x86_64-linux-gnu/libOgreVolume.so
[2.671s] -- Looking for OGRE_Overlay...
[2.675s] -- Found OGRE_Overlay: optimized;/usr/lib/x86_64-linux-gnu/libOgreOverlay.so;debug;/usr/lib/x86_64-linux-gnu/libOgreOverlay.so
[2.789s] -- Looking for ignition-math6 -- found version 6.11.0
[2.790s] -- Looking for ignition-transport8 -- found version 8.2.1
[2.790s] -- Searching for dependencies of ignition-transport8
[2.804s] -- Found Protobuf: /usr/lib/x86_64-linux-gnu/libprotobuf.so;-lpthread (found suitable version "3.6.1", minimum required is "3") 
[2.813s] -- Config-file not installed for ZeroMQ -- checking for pkg-config
[2.817s] -- Checking for module 'libzmq >= 4'
[2.839s] --   Found libzmq , version 4.3.2
[2.874s] -- Found ZeroMQ: TRUE (Required is at least version "4") 
[2.877s] -- Checking for module 'uuid'
[2.892s] --   Found uuid, version 2.34.0
[2.928s] -- Found UUID: TRUE  
[2.929s] -- Looking for ignition-msgs5 -- found version 5.9.0
[2.930s] -- Searching for dependencies of ignition-msgs5
[2.944s] -- Looking for ignition-math6 -- found version 6.11.0
[2.948s] -- Checking for module 'tinyxml2'
[2.961s] --   Found tinyxml2, version 6.2.0
[2.998s] -- Looking for ignition-msgs5 -- found version 5.9.0
[2.999s] -- Looking for ignition-common3 -- found version 3.14.0
[3.000s] -- Searching for dependencies of ignition-common3
[3.000s] -- Looking for dlfcn.h - found
[3.001s] -- Looking for libdl - found
[3.002s] -- Found DL: TRUE  
[3.010s] -- Searching for <ignition-common3> component [graphics]
[3.011s] -- Looking for ignition-common3-graphics -- found version 3.14.0
[3.011s] -- Searching for dependencies of ignition-common3-graphics
[3.011s] -- Looking for ignition-math6 -- found version 6.11.0
[3.013s] -- Looking for ignition-fuel_tools4 -- found version 4.4.0
[3.013s] -- Searching for dependencies of ignition-fuel_tools4
[3.078s] -- Found CURL: /usr/lib/x86_64-linux-gnu/libcurl.so (found version "7.68.0")  
[3.083s] -- Checking for module 'jsoncpp'
[3.096s] --   Found jsoncpp, version 1.7.4
[3.129s] -- Found JSONCPP: TRUE  
[3.141s] -- Checking for module 'yaml-0.1'
[3.154s] --   Found yaml-0.1, version 0.2.2
[3.189s] -- Found YAML: TRUE  
[3.192s] -- Checking for module 'libzip'
[3.205s] --   Found libzip, version 1.5.1
[3.239s] -- Found ZIP: TRUE  
[3.239s] -- Looking for ignition-common3 -- found version 3.14.0
[3.240s] -- Looking for ignition-math6 -- found version 6.11.0
[3.240s] -- Looking for ignition-msgs5 -- found version 5.9.0
[3.351s] -- Using CATKIN_DEVEL_PREFIX: /home/msi/caato2_ws/build/ouster-gazebo-simulation/devel
[3.351s] -- Using CMAKE_PREFIX_PATH: /opt/ros/noetic
[3.351s] -- This workspace overlays: /opt/ros/noetic
[3.367s] -- Found PythonInterp: /usr/bin/python3 (found suitable version "3.8.10", minimum required is "3") 
[3.367s] -- Using PYTHON_EXECUTABLE: /usr/bin/python3
[3.367s] -- Using Debian Python package layout
[3.367s] -- Using empy: /usr/lib/python3/dist-packages/em.py
[3.450s] -- Using CATKIN_ENABLE_TESTING: ON
[3.451s] -- Call enable_testing()
[3.451s] -- Using CATKIN_TEST_RESULTS_DIR: /home/msi/caato2_ws/build/ouster-gazebo-simulation/test_results
[3.459s] -- Found gmock: gmock and gtests will be built
[3.460s] -- Using Python nosetests: /usr/bin/nosetests3
[3.496s] -- catkin 0.8.10
[3.496s] -- BUILD_SHARED_LIBS is on
[3.687s] -- Installing devel-space wrapper /home/msi/caato2_ws/src/siot/ouster-gazebo-simulation/ouster_os1_64/tests/test_ouster.py to /home/msi/caato2_ws/build/ouster-gazebo-simulation/devel/lib/ouster_os1_64
[3.692s] -- Configuring done
[3.732s] -- Generating done
[3.739s] -- Build files have been written to: /home/msi/caato2_ws/build/ouster-gazebo-simulation
[3.746s] Invoked command in '/home/msi/caato2_ws/build/ouster-gazebo-simulation' returned '0': /usr/bin/cmake /home/msi/caato2_ws/src/siot/ouster-gazebo-simulation -DCMAKE_INSTALL_PREFIX=/home/msi/caato2_ws/install/ouster-gazebo-simulation
[3.748s] Invoking command in '/home/msi/caato2_ws/build/ouster-gazebo-simulation': /usr/bin/cmake --build /home/msi/caato2_ws/build/ouster-gazebo-simulation -- -j20 -l20
[3.756s] /usr/bin/cmake -S/home/msi/caato2_ws/src/siot/ouster-gazebo-simulation -B/home/msi/caato2_ws/build/ouster-gazebo-simulation --check-build-system CMakeFiles/Makefile.cmake 0
[3.763s] /usr/bin/cmake -E cmake_progress_start /home/msi/caato2_ws/build/ouster-gazebo-simulation/CMakeFiles /home/msi/caato2_ws/build/ouster-gazebo-simulation/CMakeFiles/progress.marks
[3.767s] /usr/bin/make -f CMakeFiles/Makefile2 all
[3.769s] make[1]: Entering directory '/home/msi/caato2_ws/build/ouster-gazebo-simulation'
[3.770s] /usr/bin/make -f ouster_gazebo_plugins/CMakeFiles/gazebo_ros_ouster_gpu_laser.dir/build.make ouster_gazebo_plugins/CMakeFiles/gazebo_ros_ouster_gpu_laser.dir/depend
[3.770s] /usr/bin/make -f ouster_gazebo_plugins/CMakeFiles/gazebo_ros_ouster_laser.dir/build.make ouster_gazebo_plugins/CMakeFiles/gazebo_ros_ouster_laser.dir/depend
[3.770s] make[2]: Entering directory '/home/msi/caato2_ws/build/ouster-gazebo-simulation'
[3.770s] cd /home/msi/caato2_ws/build/ouster-gazebo-simulation && /usr/bin/cmake -E cmake_depends "Unix Makefiles" /home/msi/caato2_ws/src/siot/ouster-gazebo-simulation /home/msi/caato2_ws/src/siot/ouster-gazebo-simulation/ouster_gazebo_plugins /home/msi/caato2_ws/build/ouster-gazebo-simulation /home/msi/caato2_ws/build/ouster-gazebo-simulation/ouster_gazebo_plugins /home/msi/caato2_ws/build/ouster-gazebo-simulation/ouster_gazebo_plugins/CMakeFiles/gazebo_ros_ouster_gpu_laser.dir/DependInfo.cmake --color=
[3.770s] make[2]: Entering directory '/home/msi/caato2_ws/build/ouster-gazebo-simulation'
[3.771s] cd /home/msi/caato2_ws/build/ouster-gazebo-simulation && /usr/bin/cmake -E cmake_depends "Unix Makefiles" /home/msi/caato2_ws/src/siot/ouster-gazebo-simulation /home/msi/caato2_ws/src/siot/ouster-gazebo-simulation/ouster_gazebo_plugins /home/msi/caato2_ws/build/ouster-gazebo-simulation /home/msi/caato2_ws/build/ouster-gazebo-simulation/ouster_gazebo_plugins /home/msi/caato2_ws/build/ouster-gazebo-simulation/ouster_gazebo_plugins/CMakeFiles/gazebo_ros_ouster_laser.dir/DependInfo.cmake --color=
[3.775s] [35m[1mScanning dependencies of target gazebo_ros_ouster_laser[0m
[3.775s] [35m[1mScanning dependencies of target gazebo_ros_ouster_gpu_laser[0m
[3.827s] make[2]: Leaving directory '/home/msi/caato2_ws/build/ouster-gazebo-simulation'
[3.827s] /usr/bin/make -f ouster_gazebo_plugins/CMakeFiles/gazebo_ros_ouster_laser.dir/build.make ouster_gazebo_plugins/CMakeFiles/gazebo_ros_ouster_laser.dir/build
[3.828s] make[2]: Leaving directory '/home/msi/caato2_ws/build/ouster-gazebo-simulation'
[3.828s] /usr/bin/make -f ouster_gazebo_plugins/CMakeFiles/gazebo_ros_ouster_gpu_laser.dir/build.make ouster_gazebo_plugins/CMakeFiles/gazebo_ros_ouster_gpu_laser.dir/build
[3.833s] make[2]: Entering directory '/home/msi/caato2_ws/build/ouster-gazebo-simulation'
[3.833s] make[2]: Entering directory '/home/msi/caato2_ws/build/ouster-gazebo-simulation'
[3.838s] [ 50%] [32mBuilding CXX object ouster_gazebo_plugins/CMakeFiles/gazebo_ros_ouster_laser.dir/src/GazeboRosOusterLaser.cpp.o[0m
[3.838s] [ 50%] [32mBuilding CXX object ouster_gazebo_plugins/CMakeFiles/gazebo_ros_ouster_gpu_laser.dir/src/GazeboRosOusterLaser.cpp.o[0m
[3.838s] cd /home/msi/caato2_ws/build/ouster-gazebo-simulation/ouster_gazebo_plugins && /usr/bin/c++  -DBOOST_ALL_NO_LIB -DBOOST_ATOMIC_DYN_LINK -DBOOST_DATE_TIME_DYN_LINK -DBOOST_FILESYSTEM_DYN_LINK -DBOOST_IOSTREAMS_DYN_LINK -DBOOST_PROGRAM_OPTIONS_DYN_LINK -DBOOST_REGEX_DYN_LINK -DBOOST_SYSTEM_DYN_LINK -DBOOST_TEST_DYN_LINK -DBOOST_THREAD_DYN_LINK -DLIBBULLET_VERSION=2.88 -DLIBBULLET_VERSION_GT_282 -DROSCONSOLE_BACKEND_LOG4CXX -DROS_BUILD_SHARED_LIBS=1 -DROS_PACKAGE_NAME=\"ouster_gazebo_plugins\" -Dgazebo_ros_ouster_laser_EXPORTS -I/home/msi/caato2_ws/build/ouster-gazebo-simulation -I/home/msi/caato2_ws/build/ouster-gazebo-simulation/include -I/home/msi/caato2_ws/src/siot/ouster-gazebo-simulation/include -I/home/msi/caato2_ws/src/siot/ouster-gazebo-simulation/ouster_gazebo_plugins/include -I/opt/ros/noetic/share/xmlrpcpp/cmake/../../../include/xmlrpcpp -I/usr/include/gazebo-11 -I/usr/include/bullet -I/usr/include/sdformat-9.8 -I/usr/include/OGRE -I/usr/include/OGRE/Terrain -I/usr/include/OGRE/Paging -isystem /opt/ros/noetic/include -isystem /usr/include/simbody -isystem /usr/include/ignition/math6 -isystem /usr/include/ignition/transport8 -isystem /usr/include/ignition/msgs5 -isystem /usr/include/ignition/common3 -isystem /usr/include/ignition/fuel_tools4 -isystem /usr/include/eigen3 -isystem /usr/include/sdformat-9.8/sdf/.. -isystem /usr/include/ignition/cmake2 -isystem /usr/include/uuid  -pedantic -Wno-long-long -Wall -Wextra -Wcast-align -Wcast-qual -Wformat -Wwrite-strings -Wconversion   -fPIC   -I/usr/include/uuid -std=gnu++17 -o CMakeFiles/gazebo_ros_ouster_laser.dir/src/GazeboRosOusterLaser.cpp.o -c /home/msi/caato2_ws/src/siot/ouster-gazebo-simulation/ouster_gazebo_plugins/src/GazeboRosOusterLaser.cpp
[3.839s] cd /home/msi/caato2_ws/build/ouster-gazebo-simulation/ouster_gazebo_plugins && /usr/bin/c++  -DBOOST_ALL_NO_LIB -DBOOST_ATOMIC_DYN_LINK -DBOOST_DATE_TIME_DYN_LINK -DBOOST_FILESYSTEM_DYN_LINK -DBOOST_IOSTREAMS_DYN_LINK -DBOOST_PROGRAM_OPTIONS_DYN_LINK -DBOOST_REGEX_DYN_LINK -DBOOST_SYSTEM_DYN_LINK -DBOOST_TEST_DYN_LINK -DBOOST_THREAD_DYN_LINK -DGAZEBO_GPU_RAY=1 -DLIBBULLET_VERSION=2.88 -DLIBBULLET_VERSION_GT_282 -DROSCONSOLE_BACKEND_LOG4CXX -DROS_BUILD_SHARED_LIBS=1 -DROS_PACKAGE_NAME=\"ouster_gazebo_plugins\" -Dgazebo_ros_ouster_gpu_laser_EXPORTS -I/home/msi/caato2_ws/build/ouster-gazebo-simulation -I/home/msi/caato2_ws/build/ouster-gazebo-simulation/include -I/home/msi/caato2_ws/src/siot/ouster-gazebo-simulation/include -I/home/msi/caato2_ws/src/siot/ouster-gazebo-simulation/ouster_gazebo_plugins/include -I/opt/ros/noetic/share/xmlrpcpp/cmake/../../../include/xmlrpcpp -I/usr/include/gazebo-11 -I/usr/include/bullet -I/usr/include/sdformat-9.8 -I/usr/include/OGRE -I/usr/include/OGRE/Terrain -I/usr/include/OGRE/Paging -isystem /opt/ros/noetic/include -isystem /usr/include/simbody -isystem /usr/include/ignition/math6 -isystem /usr/include/ignition/transport8 -isystem /usr/include/ignition/msgs5 -isystem /usr/include/ignition/common3 -isystem /usr/include/ignition/fuel_tools4 -isystem /usr/include/eigen3 -isystem /usr/include/sdformat-9.8/sdf/.. -isystem /usr/include/ignition/cmake2 -isystem /usr/include/uuid  -pedantic -Wno-long-long -Wall -Wextra -Wcast-align -Wcast-qual -Wformat -Wwrite-strings -Wconversion   -fPIC   -I/usr/include/uuid -std=gnu++17 -o CMakeFiles/gazebo_ros_ouster_gpu_laser.dir/src/GazeboRosOusterLaser.cpp.o -c /home/msi/caato2_ws/src/siot/ouster-gazebo-simulation/ouster_gazebo_plugins/src/GazeboRosOusterLaser.cpp
[10.866s] [ 75%] [32m[1mLinking CXX shared library ../devel/lib/libgazebo_ros_ouster_gpu_laser.so[0m
[10.867s] cd /home/msi/caato2_ws/build/ouster-gazebo-simulation/ouster_gazebo_plugins && /usr/bin/cmake -E cmake_link_script CMakeFiles/gazebo_ros_ouster_gpu_laser.dir/link.txt --verbose=1
[10.871s] /usr/bin/c++ -fPIC  -pedantic -Wno-long-long -Wall -Wextra -Wcast-align -Wcast-qual -Wformat -Wwrite-strings -Wconversion   -lpthread -shared -Wl,-soname,libgazebo_ros_ouster_gpu_laser.so -o ../devel/lib/libgazebo_ros_ouster_gpu_laser.so CMakeFiles/gazebo_ros_ouster_gpu_laser.dir/src/GazeboRosOusterLaser.cpp.o   -L/usr/lib/x86_64-linux-gnu/gazebo-11/plugins  -Wl,-rpath,/usr/lib/x86_64-linux-gnu/gazebo-11/plugins:/opt/ros/noetic/lib:/opt/ros/noetic/lib/x86_64-linux-gnu: /opt/ros/noetic/lib/libgazebo_ros_api_plugin.so /opt/ros/noetic/lib/libgazebo_ros_paths_plugin.so -ltinyxml /opt/ros/noetic/lib/libroslib.so /opt/ros/noetic/lib/librospack.so -lpython3.8 /usr/lib/x86_64-linux-gnu/libboost_program_options.so.1.71.0 -ltinyxml2 /opt/ros/noetic/lib/libtf.so /opt/ros/noetic/lib/libtf2_ros.so /opt/ros/noetic/lib/libactionlib.so /opt/ros/noetic/lib/libmessage_filters.so /opt/ros/noetic/lib/libroscpp.so -lpthread /usr/lib/x86_64-linux-gnu/libboost_chrono.so.1.71.0 /usr/lib/x86_64-linux-gnu/libboost_filesystem.so.1.71.0 /opt/ros/noetic/lib/libxmlrpcpp.so /opt/ros/noetic/lib/libtf2.so /opt/ros/noetic/lib/librosconsole.so /opt/ros/noetic/lib/librosconsole_log4cxx.so /opt/ros/noetic/lib/librosconsole_backend_interface.so -llog4cxx /usr/lib/x86_64-linux-gnu/libboost_regex.so.1.71.0 /opt/ros/noetic/lib/libdynamic_reconfigure_config_init_mutex.so /opt/ros/noetic/lib/libroscpp_serialization.so /opt/ros/noetic/lib/librostime.so /usr/lib/x86_64-linux-gnu/libboost_date_time.so.1.71.0 /opt/ros/noetic/lib/libcpp_common.so /usr/lib/x86_64-linux-gnu/libboost_system.so.1.71.0 /usr/lib/x86_64-linux-gnu/libboost_thread.so.1.71.0 /usr/lib/x86_64-linux-gnu/libconsole_bridge.so.0.4 -lBulletSoftBody -lBulletDynamics -lBulletCollision -lLinearMath /usr/lib/x86_64-linux-gnu/libSimTKsimbody.so.3.6 /usr/lib/x86_64-linux-gnu/libdart.so.6.9.2 -lgazebo -lgazebo_client -lgazebo_gui -lgazebo_sensors -lgazebo_rendering -lgazebo_physics -lgazebo_ode -lgazebo_transport -lgazebo_msgs -lgazebo_util -lgazebo_common -lgazebo_gimpact -lgazebo_opcode -lgazebo_opende_ou /usr/lib/x86_64-linux-gnu/libboost_thread.so.1.71.0 /usr/lib/x86_64-linux-gnu/libboost_system.so.1.71.0 /usr/lib/x86_64-linux-gnu/libboost_filesystem.so.1.71.0 /usr/lib/x86_64-linux-gnu/libboost_program_options.so.1.71.0 /usr/lib/x86_64-linux-gnu/libboost_regex.so.1.71.0 /usr/lib/x86_64-linux-gnu/libboost_iostreams.so.1.71.0 /usr/lib/x86_64-linux-gnu/libboost_date_time.so.1.71.0 -lprotobuf -lpthread /usr/lib/x86_64-linux-gnu/libsdformat9.so.9.8.0 -lOgreMain /usr/lib/x86_64-linux-gnu/libboost_thread.so.1.71.0 /usr/lib/x86_64-linux-gnu/libboost_date_time.so.1.71.0 -lOgreTerrain -lOgrePaging /usr/lib/x86_64-linux-gnu/libignition-common3-graphics.so.3.14.0 -lGpuRayPlugin /usr/lib/x86_64-linux-gnu/libSimTKmath.so.3.6 /usr/lib/x86_64-linux-gnu/libSimTKcommon.so.3.6 -lblas -llapack -lblas -llapack -lrt -lm -ldl /usr/lib/x86_64-linux-gnu/libdart-external-odelcpsolver.so.6.9.2 -lccd /opt/ros/noetic/lib/x86_64-linux-gnu/libfcl.so -lassimp /opt/ros/noetic/lib/liboctomap.so.1.9.8 /opt/ros/noetic/lib/liboctomath.so.1.9.8 /usr/lib/x86_64-linux-gnu/libboost_atomic.so.1.71.0 /usr/lib/x86_64-linux-gnu/libignition-transport8.so.8.2.1 /usr/lib/x86_64-linux-gnu/libignition-fuel_tools4.so.4.4.0 /usr/lib/x86_64-linux-gnu/libignition-msgs5.so.5.9.0 /usr/lib/x86_64-linux-gnu/libignition-math6.so.6.11.0 /usr/lib/x86_64-linux-gnu/libprotobuf.so -lpthread /usr/lib/x86_64-linux-gnu/libignition-common3.so.3.14.0 -lpthread /usr/lib/x86_64-linux-gnu/libuuid.so -luuid 
[10.972s] [100%] [32m[1mLinking CXX shared library ../devel/lib/libgazebo_ros_ouster_laser.so[0m
[10.972s] cd /home/msi/caato2_ws/build/ouster-gazebo-simulation/ouster_gazebo_plugins && /usr/bin/cmake -E cmake_link_script CMakeFiles/gazebo_ros_ouster_laser.dir/link.txt --verbose=1
[10.977s] /usr/bin/c++ -fPIC  -pedantic -Wno-long-long -Wall -Wextra -Wcast-align -Wcast-qual -Wformat -Wwrite-strings -Wconversion   -lpthread -shared -Wl,-soname,libgazebo_ros_ouster_laser.so -o ../devel/lib/libgazebo_ros_ouster_laser.so CMakeFiles/gazebo_ros_ouster_laser.dir/src/GazeboRosOusterLaser.cpp.o   -L/usr/lib/x86_64-linux-gnu/gazebo-11/plugins  -Wl,-rpath,/usr/lib/x86_64-linux-gnu/gazebo-11/plugins:/opt/ros/noetic/lib:/opt/ros/noetic/lib/x86_64-linux-gnu: /opt/ros/noetic/lib/libgazebo_ros_api_plugin.so /opt/ros/noetic/lib/libgazebo_ros_paths_plugin.so -ltinyxml /opt/ros/noetic/lib/libroslib.so /opt/ros/noetic/lib/librospack.so -lpython3.8 /usr/lib/x86_64-linux-gnu/libboost_program_options.so.1.71.0 -ltinyxml2 /opt/ros/noetic/lib/libtf.so /opt/ros/noetic/lib/libtf2_ros.so /opt/ros/noetic/lib/libactionlib.so /opt/ros/noetic/lib/libmessage_filters.so /opt/ros/noetic/lib/libroscpp.so -lpthread /usr/lib/x86_64-linux-gnu/libboost_chrono.so.1.71.0 /usr/lib/x86_64-linux-gnu/libboost_filesystem.so.1.71.0 /opt/ros/noetic/lib/libxmlrpcpp.so /opt/ros/noetic/lib/libtf2.so /opt/ros/noetic/lib/librosconsole.so /opt/ros/noetic/lib/librosconsole_log4cxx.so /opt/ros/noetic/lib/librosconsole_backend_interface.so -llog4cxx /usr/lib/x86_64-linux-gnu/libboost_regex.so.1.71.0 /opt/ros/noetic/lib/libdynamic_reconfigure_config_init_mutex.so /opt/ros/noetic/lib/libroscpp_serialization.so /opt/ros/noetic/lib/librostime.so /usr/lib/x86_64-linux-gnu/libboost_date_time.so.1.71.0 /opt/ros/noetic/lib/libcpp_common.so /usr/lib/x86_64-linux-gnu/libboost_system.so.1.71.0 /usr/lib/x86_64-linux-gnu/libboost_thread.so.1.71.0 /usr/lib/x86_64-linux-gnu/libconsole_bridge.so.0.4 -lBulletSoftBody -lBulletDynamics -lBulletCollision -lLinearMath /usr/lib/x86_64-linux-gnu/libSimTKsimbody.so.3.6 /usr/lib/x86_64-linux-gnu/libdart.so.6.9.2 -lgazebo -lgazebo_client -lgazebo_gui -lgazebo_sensors -lgazebo_rendering -lgazebo_physics -lgazebo_ode -lgazebo_transport -lgazebo_msgs -lgazebo_util -lgazebo_common -lgazebo_gimpact -lgazebo_opcode -lgazebo_opende_ou /usr/lib/x86_64-linux-gnu/libboost_thread.so.1.71.0 /usr/lib/x86_64-linux-gnu/libboost_system.so.1.71.0 /usr/lib/x86_64-linux-gnu/libboost_filesystem.so.1.71.0 /usr/lib/x86_64-linux-gnu/libboost_program_options.so.1.71.0 /usr/lib/x86_64-linux-gnu/libboost_regex.so.1.71.0 /usr/lib/x86_64-linux-gnu/libboost_iostreams.so.1.71.0 /usr/lib/x86_64-linux-gnu/libboost_date_time.so.1.71.0 -lprotobuf -lpthread /usr/lib/x86_64-linux-gnu/libsdformat9.so.9.8.0 -lOgreMain /usr/lib/x86_64-linux-gnu/libboost_thread.so.1.71.0 /usr/lib/x86_64-linux-gnu/libboost_date_time.so.1.71.0 -lOgreTerrain -lOgrePaging /usr/lib/x86_64-linux-gnu/libignition-common3-graphics.so.3.14.0 -lRayPlugin /usr/lib/x86_64-linux-gnu/libSimTKmath.so.3.6 /usr/lib/x86_64-linux-gnu/libSimTKcommon.so.3.6 -lblas -llapack -lblas -llapack -lrt -lm -ldl /usr/lib/x86_64-linux-gnu/libdart-external-odelcpsolver.so.6.9.2 -lccd /opt/ros/noetic/lib/x86_64-linux-gnu/libfcl.so -lassimp /opt/ros/noetic/lib/liboctomap.so.1.9.8 /opt/ros/noetic/lib/liboctomath.so.1.9.8 /usr/lib/x86_64-linux-gnu/libboost_atomic.so.1.71.0 /usr/lib/x86_64-linux-gnu/libignition-transport8.so.8.2.1 /usr/lib/x86_64-linux-gnu/libignition-fuel_tools4.so.4.4.0 /usr/lib/x86_64-linux-gnu/libignition-msgs5.so.5.9.0 /usr/lib/x86_64-linux-gnu/libignition-math6.so.6.11.0 /usr/lib/x86_64-linux-gnu/libprotobuf.so -lpthread /usr/lib/x86_64-linux-gnu/libignition-common3.so.3.14.0 -lpthread /usr/lib/x86_64-linux-gnu/libuuid.so -luuid 
[11.112s] make[2]: Leaving directory '/home/msi/caato2_ws/build/ouster-gazebo-simulation'
[11.117s] [100%] Built target gazebo_ros_ouster_gpu_laser
[11.205s] make[2]: Leaving directory '/home/msi/caato2_ws/build/ouster-gazebo-simulation'
[11.210s] [100%] Built target gazebo_ros_ouster_laser
[11.211s] make[1]: Leaving directory '/home/msi/caato2_ws/build/ouster-gazebo-simulation'
[11.211s] /usr/bin/cmake -E cmake_progress_start /home/msi/caato2_ws/build/ouster-gazebo-simulation/CMakeFiles 0
[11.217s] Invoked command in '/home/msi/caato2_ws/build/ouster-gazebo-simulation' returned '0': /usr/bin/cmake --build /home/msi/caato2_ws/build/ouster-gazebo-simulation -- -j20 -l20
[11.269s] Invoking command in '/home/msi/caato2_ws/build/ouster-gazebo-simulation': /usr/bin/cmake --install /home/msi/caato2_ws/build/ouster-gazebo-simulation
[11.274s] -- Install configuration: ""
[11.274s] -- Installing: /home/msi/caato2_ws/install/ouster-gazebo-simulation/include/ouster/gazebo/simulation/config.hh
[11.274s] -- Installing: /home/msi/caato2_ws/install/ouster-gazebo-simulation/include/ouster/gazebo/simulation/deprecated.hh
[11.274s] -- Installing: /home/msi/caato2_ws/install/ouster-gazebo-simulation/include/ouster/gazebo/simulation/warning.hh
[11.274s] -- Installing: /home/msi/caato2_ws/install/ouster-gazebo-simulation/lib/pkgconfig/ouster-gazebo-simulation.pc
[11.275s] -- Installing: /home/msi/caato2_ws/install/ouster-gazebo-simulation/_setup_util.py
[11.275s] -- Installing: /home/msi/caato2_ws/install/ouster-gazebo-simulation/env.sh
[11.275s] -- Installing: /home/msi/caato2_ws/install/ouster-gazebo-simulation/setup.bash
[11.275s] -- Installing: /home/msi/caato2_ws/install/ouster-gazebo-simulation/local_setup.bash
[11.275s] -- Installing: /home/msi/caato2_ws/install/ouster-gazebo-simulation/setup.sh
[11.275s] -- Installing: /home/msi/caato2_ws/install/ouster-gazebo-simulation/local_setup.sh
[11.275s] -- Installing: /home/msi/caato2_ws/install/ouster-gazebo-simulation/setup.zsh
[11.275s] -- Installing: /home/msi/caato2_ws/install/ouster-gazebo-simulation/local_setup.zsh
[11.275s] -- Installing: /home/msi/caato2_ws/install/ouster-gazebo-simulation/.rosinstall
[11.275s] -- Installing: /home/msi/caato2_ws/install/ouster-gazebo-simulation/lib/pkgconfig/ouster_gazebo_plugins.pc
[11.275s] -- Installing: /home/msi/caato2_ws/install/ouster-gazebo-simulation/share/ouster_gazebo_plugins/cmake/ouster_gazebo_pluginsConfig.cmake
[11.275s] -- Installing: /home/msi/caato2_ws/install/ouster-gazebo-simulation/share/ouster_gazebo_plugins/cmake/ouster_gazebo_pluginsConfig-version.cmake
[11.276s] -- Installing: /home/msi/caato2_ws/install/ouster-gazebo-simulation/share/ouster_gazebo_plugins/package.xml
[11.276s] -- Installing: /home/msi/caato2_ws/install/ouster-gazebo-simulation/lib/libgazebo_ros_ouster_laser.so
[11.277s] -- Set runtime path of "/home/msi/caato2_ws/install/ouster-gazebo-simulation/lib/libgazebo_ros_ouster_laser.so" to ""
[11.277s] -- Installing: /home/msi/caato2_ws/install/ouster-gazebo-simulation/lib/libgazebo_ros_ouster_gpu_laser.so
[11.278s] -- Set runtime path of "/home/msi/caato2_ws/install/ouster-gazebo-simulation/lib/libgazebo_ros_ouster_gpu_laser.so" to ""
[11.278s] -- Installing: /home/msi/caato2_ws/install/ouster-gazebo-simulation/include/ouster_gazebo_plugins
[11.278s] -- Installing: /home/msi/caato2_ws/install/ouster-gazebo-simulation/include/ouster_gazebo_plugins/GazeboRosOusterLaser.h
[11.279s] -- Installing: /home/msi/caato2_ws/install/ouster-gazebo-simulation/_setup_util.py
[11.279s] -- Up-to-date: /home/msi/caato2_ws/install/ouster-gazebo-simulation/env.sh
[11.279s] -- Up-to-date: /home/msi/caato2_ws/install/ouster-gazebo-simulation/setup.bash
[11.279s] -- Up-to-date: /home/msi/caato2_ws/install/ouster-gazebo-simulation/local_setup.bash
[11.279s] -- Up-to-date: /home/msi/caato2_ws/install/ouster-gazebo-simulation/setup.sh
[11.279s] -- Up-to-date: /home/msi/caato2_ws/install/ouster-gazebo-simulation/local_setup.sh
[11.279s] -- Up-to-date: /home/msi/caato2_ws/install/ouster-gazebo-simulation/setup.zsh
[11.279s] -- Up-to-date: /home/msi/caato2_ws/install/ouster-gazebo-simulation/local_setup.zsh
[11.279s] -- Up-to-date: /home/msi/caato2_ws/install/ouster-gazebo-simulation/.rosinstall
[11.279s] -- Installing: /home/msi/caato2_ws/install/ouster-gazebo-simulation/lib/pkgconfig/ouster_os1_64.pc
[11.279s] -- Installing: /home/msi/caato2_ws/install/ouster-gazebo-simulation/share/ouster_os1_64/cmake/ouster_os1_64Config.cmake
[11.279s] -- Installing: /home/msi/caato2_ws/install/ouster-gazebo-simulation/share/ouster_os1_64/cmake/ouster_os1_64Config-version.cmake
[11.279s] -- Installing: /home/msi/caato2_ws/install/ouster-gazebo-simulation/share/ouster_os1_64/package.xml
[11.279s] -- Installing: /home/msi/caato2_ws/install/ouster-gazebo-simulation/share/ouster_os1_64/launch
[11.279s] -- Installing: /home/msi/caato2_ws/install/ouster-gazebo-simulation/share/ouster_os1_64/launch/os1_64_alone.launch
[11.279s] -- Installing: /home/msi/caato2_ws/install/ouster-gazebo-simulation/share/ouster_os1_64/launch/test_ouster.test
[11.279s] -- Installing: /home/msi/caato2_ws/install/ouster-gazebo-simulation/share/ouster_os1_64/meshes
[11.280s] -- Installing: /home/msi/caato2_ws/install/ouster-gazebo-simulation/share/ouster_os1_64/meshes/os1_64_reduced.stl
[11.280s] -- Installing: /home/msi/caato2_ws/install/ouster-gazebo-simulation/share/ouster_os1_64/meshes/os1_64.stl
[11.280s] -- Installing: /home/msi/caato2_ws/install/ouster-gazebo-simulation/share/ouster_os1_64/urdf
[11.280s] -- Installing: /home/msi/caato2_ws/install/ouster-gazebo-simulation/share/ouster_os1_64/urdf/os1_64.urdf.xacro
[11.280s] -- Installing: /home/msi/caato2_ws/install/ouster-gazebo-simulation/share/ouster_os1_64/urdf/example_robot.urdf.xacro
[11.280s] -- Installing: /home/msi/caato2_ws/install/ouster-gazebo-simulation/share/ouster_os1_64/worlds
[11.280s] -- Installing: /home/msi/caato2_ws/install/ouster-gazebo-simulation/share/ouster_os1_64/worlds/alone.world
[11.280s] -- Installing: /home/msi/caato2_ws/install/ouster-gazebo-simulation/lib/ouster_os1_64/test_ouster.py
[11.282s] Invoked command in '/home/msi/caato2_ws/build/ouster-gazebo-simulation' returned '0': /usr/bin/cmake --install /home/msi/caato2_ws/build/ouster-gazebo-simulation
