-- Build type not specified, using: Release
-- The C compiler identification is GNU 8.4.0
-- The CXX compiler identification is GNU 8.4.0
-- Check for working C compiler: /usr/bin/cc
-- Check for working C compiler: /usr/bin/cc -- works
-- Detecting C compiler ABI info
-- Detecting C compiler ABI info - done
-- Detecting C compile features
-- Detecting C compile features - done
-- Check for working CXX compiler: /usr/bin/c++
-- Check for working CXX compiler: /usr/bin/c++ -- works
-- Detecting CXX compiler ABI info
-- Detecting CXX compiler ABI info - done
-- Detecting CXX compile features
-- Detecting CXX compile features - done
-- Found Eigen3: /usr/include/eigen3  
-- Found jsoncpp: /usr/lib/x86_64-linux-gnu/cmake/jsoncpp/jsoncppConfig.cmake  
-- Found OpenGL: /usr/lib/x86_64-linux-gnu/libGL.so;/usr/lib/x86_64-linux-gnu/libGLU.so  
-- glad NOT found, falling back to GLEW
-- Found GLEW: /usr/include (found version "2.1.0") 
-- Found glfw3: /usr/include (found version "3.3.2") 
-- Ouster SDK client: Using EIGEN_MAX_ALIGN_BYTES = 32
-- Configuring done
-- Generating done
-- Build files have been written to: /home/msi/caato2_ws/build/ouster_example
[35m[1mScanning dependencies of target generate_build_header[0m
[  0%] Built target generate_build_header
[35m[1mScanning dependencies of target ouster_client[0m
[ 16%] [32mBuilding CXX object ouster_client/CMakeFiles/ouster_client.dir/src/client.cpp.o[0m
[ 16%] [32mBuilding CXX object ouster_client/CMakeFiles/ouster_client.dir/src/lidar_scan.cpp.o[0m
[ 16%] [32mBuilding CXX object ouster_client/CMakeFiles/ouster_client.dir/src/netcompat.cpp.o[0m
[ 22%] [32mBuilding CXX object ouster_client/CMakeFiles/ouster_client.dir/src/image_processing.cpp.o[0m
[ 27%] [32mBuilding CXX object ouster_client/CMakeFiles/ouster_client.dir/src/buffered_udp_source.cpp.o[0m
[ 33%] [32mBuilding CXX object ouster_client/CMakeFiles/ouster_client.dir/src/types.cpp.o[0m
[ 38%] [32mBuilding CXX object ouster_client/CMakeFiles/ouster_client.dir/src/parsing.cpp.o[0m
In file included from [01m[K/home/msi/caato2_ws/src/siot/ouster_example/ouster_client/src/lidar_scan.cpp:6[m[K:
[01m[K/home/msi/caato2_ws/src/siot/ouster_example/ouster_client/include/ouster/lidar_scan.h:56:17:[m[K [01;35m[Kwarning: [m[K‘[01m[Kusing Field = enum ouster::sensor::ChanField[m[K’ is deprecated [[01;35m[K-Wdeprecated-declarations[m[K]
         sensor::[01;35m[KRANGE[m[K;  ///< @deprecated
                 [01;35m[K^~~~~[m[K
[01m[K/home/msi/caato2_ws/src/siot/ouster_example/ouster_client/include/ouster/lidar_scan.h:54:51:[m[K [01;36m[Knote: [m[Kdeclared here
     using Field [[deprecated]] = sensor::ChanField[01;36m[K;[m[K  ///< @deprecated
                                                   [01;36m[K^[m[K
[01m[K/home/msi/caato2_ws/src/siot/ouster_example/ouster_client/include/ouster/lidar_scan.h:58:17:[m[K [01;35m[Kwarning: [m[K‘[01m[Kusing Field = enum ouster::sensor::ChanField[m[K’ is deprecated [[01;35m[K-Wdeprecated-declarations[m[K]
         sensor::[01;35m[KSIGNAL[m[K;  ///< @deprecated
                 [01;35m[K^~~~~~[m[K
[01m[K/home/msi/caato2_ws/src/siot/ouster_example/ouster_client/include/ouster/lidar_scan.h:54:51:[m[K [01;36m[Knote: [m[Kdeclared here
     using Field [[deprecated]] = sensor::ChanField[01;36m[K;[m[K  ///< @deprecated
                                                   [01;36m[K^[m[K
[01m[K/home/msi/caato2_ws/src/siot/ouster_example/ouster_client/include/ouster/lidar_scan.h:60:17:[m[K [01;35m[Kwarning: [m[K‘[01m[Kusing Field = enum ouster::sensor::ChanField[m[K’ is deprecated [[01;35m[K-Wdeprecated-declarations[m[K]
         sensor::[01;35m[KNEAR_IR[m[K;  ///< @deprecated
                 [01;35m[K^~~~~~~[m[K
[01m[K/home/msi/caato2_ws/src/siot/ouster_example/ouster_client/include/ouster/lidar_scan.h:54:51:[m[K [01;36m[Knote: [m[Kdeclared here
     using Field [[deprecated]] = sensor::ChanField[01;36m[K;[m[K  ///< @deprecated
                                                   [01;36m[K^[m[K
[01m[K/home/msi/caato2_ws/src/siot/ouster_example/ouster_client/include/ouster/lidar_scan.h:62:17:[m[K [01;35m[Kwarning: [m[K‘[01m[Kusing Field = enum ouster::sensor::ChanField[m[K’ is deprecated [[01;35m[K-Wdeprecated-declarations[m[K]
         sensor::[01;35m[KREFLECTIVITY[m[K;  ///< @deprecated
                 [01;35m[K^~~~~~~~~~~~[m[K
[01m[K/home/msi/caato2_ws/src/siot/ouster_example/ouster_client/include/ouster/lidar_scan.h:54:51:[m[K [01;36m[Knote: [m[Kdeclared here
     using Field [[deprecated]] = sensor::ChanField[01;36m[K;[m[K  ///< @deprecated
                                                   [01;36m[K^[m[K
[01m[K/home/msi/caato2_ws/src/siot/ouster_example/ouster_client/include/ouster/lidar_scan.h:70:14:[m[K [01;35m[Kwarning: [m[K‘[01m[Kusing ts_t = std::chrono::nanoseconds[m[K’ is deprecated [[01;35m[K-Wdeprecated-declarations[m[K]
         ts_t [01;35m[Ktimestamp[m[K;
              [01;35m[K^~~~~~~~~[m[K
[01m[K/home/msi/caato2_ws/src/siot/ouster_example/ouster_client/include/ouster/lidar_scan.h:45:57:[m[K [01;36m[Knote: [m[Kdeclared here
     using ts_t [[deprecated]] = std::chrono::nanoseconds[01;36m[K;[m[K  ///< @deprecated
                                                         [01;36m[K^[m[K
[01m[K/home/msi/caato2_ws/src/siot/ouster_example/ouster_client/include/ouster/lidar_scan.h:112:32:[m[K [01;35m[Kwarning: [m[K‘[01m[KBlockHeader[m[K’ is deprecated [[01;35m[K-Wdeprecated-declarations[m[K]
     [[deprecated]] std::vector<[01;35m[KBlockHeader[m[K> headers{};
                                [01;35m[K^~~~~~~~~~~[m[K
[01m[K/home/msi/caato2_ws/src/siot/ouster_example/ouster_client/include/ouster/lidar_scan.h:69:27:[m[K [01;36m[Knote: [m[Kdeclared here
     struct [[deprecated]] [01;36m[KBlockHeader[m[K {
                           [01;36m[K^~~~~~~~~~~[m[K
[01m[K/home/msi/caato2_ws/src/siot/ouster_example/ouster_client/include/ouster/lidar_scan.h:195:43:[m[K [01;35m[Kwarning: [m[K‘[01m[Kusing ts_t = std::chrono::nanoseconds[m[K’ is deprecated [[01;35m[K-Wdeprecated-declarations[m[K]
     [[deprecated]] std::vector<LidarScan::[01;35m[Kts_t[m[K> timestamps() const;
                                           [01;35m[K^~~~[m[K
[01m[K/home/msi/caato2_ws/src/siot/ouster_example/ouster_client/include/ouster/lidar_scan.h:45:57:[m[K [01;36m[Knote: [m[Kdeclared here
     using ts_t [[deprecated]] = std::chrono::nanoseconds[01;36m[K;[m[K  ///< @deprecated
                                                         [01;36m[K^[m[K
[01m[K/home/msi/caato2_ws/src/siot/ouster_example/ouster_client/include/ouster/lidar_scan.h:204:51:[m[K [01;35m[Kwarning: [m[K‘[01m[KBlockHeader[m[K’ is deprecated [[01;35m[K-Wdeprecated-declarations[m[K]
     [[deprecated]] BlockHeader& header(size_t m_id[01;35m[K)[m[K;
                                                   [01;35m[K^[m[K
[01m[K/home/msi/caato2_ws/src/siot/ouster_example/ouster_client/include/ouster/lidar_scan.h:69:27:[m[K [01;36m[Knote: [m[Kdeclared here
     struct [[deprecated]] [01;36m[KBlockHeader[m[K {
                           [01;36m[K^~~~~~~~~~~[m[K
[01m[K/home/msi/caato2_ws/src/siot/ouster_example/ouster_client/include/ouster/lidar_scan.h:207:59:[m[K [01;35m[Kwarning: [m[K‘[01m[KBlockHeader[m[K’ is deprecated [[01;35m[K-Wdeprecated-declarations[m[K]
     [[deprecated]] const BlockHeader& header(size_t m_id) [01;35m[Kconst[m[K;
                                                           [01;35m[K^~~~~[m[K
[01m[K/home/msi/caato2_ws/src/siot/ouster_example/ouster_client/include/ouster/lidar_scan.h:69:27:[m[K [01;36m[Knote: [m[Kdeclared here
     struct [[deprecated]] [01;36m[KBlockHeader[m[K {
                           [01;36m[K^~~~~~~~~~~[m[K
[01m[K/home/msi/caato2_ws/src/siot/ouster_example/ouster_client/include/ouster/lidar_scan.h:297:63:[m[K [01;35m[Kwarning: [m[K‘[01m[KBlockHeader[m[K’ is deprecated [[01;35m[K-Wdeprecated-declarations[m[K]
                                const LidarScan::BlockHeader& b[01;35m[K)[m[K;
                                                               [01;35m[K^[m[K
[01m[K/home/msi/caato2_ws/src/siot/ouster_example/ouster_client/include/ouster/lidar_scan.h:297:63:[m[K [01;35m[Kwarning: [m[K‘[01m[KBlockHeader[m[K’ is deprecated [[01;35m[K-Wdeprecated-declarations[m[K]
[01m[K/home/msi/caato2_ws/src/siot/ouster_example/ouster_client/src/parsing.cpp:[m[K In constructor ‘[01m[Kouster::sensor::packet_format::packet_format(const ouster::sensor::sensor_info&)[m[K’:
[01m[K/home/msi/caato2_ws/src/siot/ouster_example/ouster_client/src/parsing.cpp:180:56:[m[K [01;35m[Kwarning: [m[K‘[01m[Kouster::sensor::packet_format::encoder_ticks_per_rev[m[K’ is deprecated [[01;35m[K-Wdeprecated-declarations[m[K]
       encoder_ticks_per_rev{impl::encoder_ticks_per_rev[01;35m[K}[m[K {
                                                        [01;35m[K^[m[K
In file included from [01m[K/home/msi/caato2_ws/src/siot/ouster_example/ouster_client/src/parsing.cpp:17[m[K:
[01m[K/home/msi/caato2_ws/src/siot/ouster_example/ouster_client/include/ouster/types.h:752:30:[m[K [01;36m[Knote: [m[Kdeclared here
     [[deprecated]] const int [01;36m[Kencoder_ticks_per_rev[m[K;  ///< @deprecated
                              [01;36m[K^~~~~~~~~~~~~~~~~~~~~[m[K
[01m[K/home/msi/caato2_ws/src/siot/ouster_example/ouster_client/src/parsing.cpp:180:56:[m[K [01;35m[Kwarning: [m[K‘[01m[Kouster::sensor::packet_format::encoder_ticks_per_rev[m[K’ is deprecated [[01;35m[K-Wdeprecated-declarations[m[K]
       encoder_ticks_per_rev{impl::encoder_ticks_per_rev[01;35m[K}[m[K {
                                                        [01;35m[K^[m[K
In file included from [01m[K/home/msi/caato2_ws/src/siot/ouster_example/ouster_client/src/parsing.cpp:17[m[K:
[01m[K/home/msi/caato2_ws/src/siot/ouster_example/ouster_client/include/ouster/types.h:752:30:[m[K [01;36m[Knote: [m[Kdeclared here
     [[deprecated]] const int [01;36m[Kencoder_ticks_per_rev[m[K;  ///< @deprecated
                              [01;36m[K^~~~~~~~~~~~~~~~~~~~~[m[K
[01m[K/home/msi/caato2_ws/src/siot/ouster_example/ouster_client/src/parsing.cpp:[m[K In member function ‘[01m[Kuint16_t ouster::sensor::packet_format::frame_id(const uint8_t*) const[m[K’:
[01m[K/home/msi/caato2_ws/src/siot/ouster_example/ouster_client/src/parsing.cpp:275:50:[m[K [01;35m[Kwarning: [m[K‘[01m[Kuint16_t ouster::sensor::packet_format::col_frame_id(const uint8_t*) const[m[K’ is deprecated [[01;35m[K-Wdeprecated-declarations[m[K]
         return col_frame_id(nth_col(0, lidar_buf)[01;35m[K)[m[K;
                                                  [01;35m[K^[m[K
In file included from [01m[K/home/msi/caato2_ws/src/siot/ouster_example/ouster_client/src/parsing.cpp:17[m[K:
[01m[K/home/msi/caato2_ws/src/siot/ouster_example/ouster_client/include/ouster/types.h:850:29:[m[K [01;36m[Knote: [m[Kdeclared here
     [[deprecated]] uint16_t [01;36m[Kcol_frame_id[m[K(
                             [01;36m[K^~~~~~~~~~~~[m[K
[01m[K/home/msi/caato2_ws/src/siot/ouster_example/ouster_client/src/types.cpp:[m[K In function ‘[01m[Kbool ouster::sensor::operator==(const ouster::sensor::sensor_info&, const ouster::sensor::sensor_info&)[m[K’:
[01m[K/home/msi/caato2_ws/src/siot/ouster_example/ouster_client/src/types.cpp:117:17:[m[K [01;35m[Kwarning: [m[K‘[01m[Kouster::sensor::sensor_info::name[m[K’ is deprecated [[01;35m[K-Wdeprecated-declarations[m[K]
     return (lhs.[01;35m[Kname[m[K == rhs.name && lhs.sn == rhs.sn &&
                 [01;35m[K^~~~[m[K
In file included from [01m[K/home/msi/caato2_ws/src/siot/ouster_example/ouster_client/src/types.cpp:6[m[K:
[01m[K/home/msi/caato2_ws/src/siot/ouster_example/ouster_client/include/ouster/types.h:342:9:[m[K [01;36m[Knote: [m[Kdeclared here
         [01;36m[Kname[m[K;            ///< @deprecated: will be removed in the next version
         [01;36m[K^~~~[m[K
[01m[K/home/msi/caato2_ws/src/siot/ouster_example/ouster_client/src/types.cpp:117:17:[m[K [01;35m[Kwarning: [m[K‘[01m[Kouster::sensor::sensor_info::name[m[K’ is deprecated [[01;35m[K-Wdeprecated-declarations[m[K]
     return (lhs.[01;35m[Kname[m[K == rhs.name && lhs.sn == rhs.sn &&
                 [01;35m[K^~~~[m[K
In file included from [01m[K/home/msi/caato2_ws/src/siot/ouster_example/ouster_client/src/types.cpp:6[m[K:
[01m[K/home/msi/caato2_ws/src/siot/ouster_example/ouster_client/include/ouster/types.h:342:9:[m[K [01;36m[Knote: [m[Kdeclared here
         [01;36m[Kname[m[K;            ///< @deprecated: will be removed in the next version
         [01;36m[K^~~~[m[K
[01m[K/home/msi/caato2_ws/src/siot/ouster_example/ouster_client/src/types.cpp:117:17:[m[K [01;35m[Kwarning: [m[K‘[01m[Kouster::sensor::sensor_info::name[m[K’ is deprecated [[01;35m[K-Wdeprecated-declarations[m[K]
     return (lhs.[01;35m[Kname[m[K == rhs.name && lhs.sn == rhs.sn &&
                 [01;35m[K^~~~[m[K
In file included from [01m[K/home/msi/caato2_ws/src/siot/ouster_example/ouster_client/src/types.cpp:6[m[K:
[01m[K/home/msi/caato2_ws/src/siot/ouster_example/ouster_client/include/ouster/types.h:342:9:[m[K [01;36m[Knote: [m[Kdeclared here
         [01;36m[Kname[m[K;            ///< @deprecated: will be removed in the next version
         [01;36m[K^~~~[m[K
[01m[K/home/msi/caato2_ws/src/siot/ouster_example/ouster_client/src/types.cpp:117:29:[m[K [01;35m[Kwarning: [m[K‘[01m[Kouster::sensor::sensor_info::name[m[K’ is deprecated [[01;35m[K-Wdeprecated-declarations[m[K]
     return (lhs.name == rhs.[01;35m[Kname[m[K && lhs.sn == rhs.sn &&
                             [01;35m[K^~~~[m[K
In file included from [01m[K/home/msi/caato2_ws/src/siot/ouster_example/ouster_client/src/types.cpp:6[m[K:
[01m[K/home/msi/caato2_ws/src/siot/ouster_example/ouster_client/include/ouster/types.h:342:9:[m[K [01;36m[Knote: [m[Kdeclared here
         [01;36m[Kname[m[K;            ///< @deprecated: will be removed in the next version
         [01;36m[K^~~~[m[K
[01m[K/home/msi/caato2_ws/src/siot/ouster_example/ouster_client/src/types.cpp:117:29:[m[K [01;35m[Kwarning: [m[K‘[01m[Kouster::sensor::sensor_info::name[m[K’ is deprecated [[01;35m[K-Wdeprecated-declarations[m[K]
     return (lhs.name == rhs.[01;35m[Kname[m[K && lhs.sn == rhs.sn &&
                             [01;35m[K^~~~[m[K
In file included from [01m[K/home/msi/caato2_ws/src/siot/ouster_example/ouster_client/src/types.cpp:6[m[K:
[01m[K/home/msi/caato2_ws/src/siot/ouster_example/ouster_client/include/ouster/types.h:342:9:[m[K [01;36m[Knote: [m[Kdeclared here
         [01;36m[Kname[m[K;            ///< @deprecated: will be removed in the next version
         [01;36m[K^~~~[m[K
[01m[K/home/msi/caato2_ws/src/siot/ouster_example/ouster_client/src/types.cpp:117:29:[m[K [01;35m[Kwarning: [m[K‘[01m[Kouster::sensor::sensor_info::name[m[K’ is deprecated [[01;35m[K-Wdeprecated-declarations[m[K]
     return (lhs.name == rhs.[01;35m[Kname[m[K && lhs.sn == rhs.sn &&
                             [01;35m[K^~~~[m[K
In file included from [01m[K/home/msi/caato2_ws/src/siot/ouster_example/ouster_client/src/types.cpp:6[m[K:
[01m[K/home/msi/caato2_ws/src/siot/ouster_example/ouster_client/include/ouster/types.h:342:9:[m[K [01;36m[Knote: [m[Kdeclared here
         [01;36m[Kname[m[K;            ///< @deprecated: will be removed in the next version
         [01;36m[K^~~~[m[K
[01m[K/home/msi/caato2_ws/src/siot/ouster_example/ouster_client/include/ouster/types.h:[m[K In destructor ‘[01m[Kouster::sensor::sensor_info::~sensor_info()[m[K’:
[01m[K/home/msi/caato2_ws/src/siot/ouster_example/ouster_client/include/ouster/types.h:340:8:[m[K [01;35m[Kwarning: [m[K‘[01m[Kouster::sensor::sensor_info::name[m[K’ is deprecated [[01;35m[K-Wdeprecated-declarations[m[K]
 struct [01;35m[Ksensor_info[m[K {
        [01;35m[K^~~~~~~~~~~[m[K
[01m[K/home/msi/caato2_ws/src/siot/ouster_example/ouster_client/include/ouster/types.h:342:9:[m[K [01;36m[Knote: [m[Kdeclared here
         [01;36m[Kname[m[K;            ///< @deprecated: will be removed in the next version
         [01;36m[K^~~~[m[K
[01m[K/home/msi/caato2_ws/src/siot/ouster_example/ouster_client/include/ouster/types.h:340:8:[m[K [01;35m[Kwarning: [m[K‘[01m[Kouster::sensor::sensor_info::name[m[K’ is deprecated [[01;35m[K-Wdeprecated-declarations[m[K]
 struct [01;35m[Ksensor_info[m[K {
        [01;35m[K^~~~~~~~~~~[m[K
[01m[K/home/msi/caato2_ws/src/siot/ouster_example/ouster_client/include/ouster/types.h:342:9:[m[K [01;36m[Knote: [m[Kdeclared here
         [01;36m[Kname[m[K;            ///< @deprecated: will be removed in the next version
         [01;36m[K^~~~[m[K
[01m[K/home/msi/caato2_ws/src/siot/ouster_example/ouster_client/src/types.cpp:[m[K In function ‘[01m[Kouster::sensor::sensor_info ouster::sensor::default_sensor_info(ouster::sensor::lidar_mode)[m[K’:
[01m[K/home/msi/caato2_ws/src/siot/ouster_example/ouster_client/src/types.cpp:229:33:[m[K [01;36m[Knote: [m[Ksynthesized method ‘[01m[Kouster::sensor::sensor_info::~sensor_info()[m[K’ first required here
                                0[01;36m[K}[m[K;
                                 [01;36m[K^[m[K
In file included from [01m[K/home/msi/caato2_ws/src/siot/ouster_example/ouster_client/src/types.cpp:6[m[K:
[01m[K/home/msi/caato2_ws/src/siot/ouster_example/ouster_client/include/ouster/types.h:[m[K In constructor ‘[01m[Kouster::sensor::sensor_info::sensor_info(ouster::sensor::sensor_info&&)[m[K’:
[01m[K/home/msi/caato2_ws/src/siot/ouster_example/ouster_client/include/ouster/types.h:340:8:[m[K [01;35m[Kwarning: [m[K‘[01m[Kouster::sensor::sensor_info::name[m[K’ is deprecated [[01;35m[K-Wdeprecated-declarations[m[K]
 struct [01;35m[Ksensor_info[m[K {
        [01;35m[K^~~~~~~~~~~[m[K
[01m[K/home/msi/caato2_ws/src/siot/ouster_example/ouster_client/include/ouster/types.h:342:9:[m[K [01;36m[Knote: [m[Kdeclared here
         [01;36m[Kname[m[K;            ///< @deprecated: will be removed in the next version
         [01;36m[K^~~~[m[K
[01m[K/home/msi/caato2_ws/src/siot/ouster_example/ouster_client/include/ouster/types.h:340:8:[m[K [01;35m[Kwarning: [m[K‘[01m[Kouster::sensor::sensor_info::name[m[K’ is deprecated [[01;35m[K-Wdeprecated-declarations[m[K]
 struct [01;35m[Ksensor_info[m[K {
        [01;35m[K^~~~~~~~~~~[m[K
[01m[K/home/msi/caato2_ws/src/siot/ouster_example/ouster_client/include/ouster/types.h:342:9:[m[K [01;36m[Knote: [m[Kdeclared here
         [01;36m[Kname[m[K;            ///< @deprecated: will be removed in the next version
         [01;36m[K^~~~[m[K
[01m[K/home/msi/caato2_ws/src/siot/ouster_example/ouster_client/include/ouster/types.h:340:8:[m[K [01;35m[Kwarning: [m[K‘[01m[Kouster::sensor::sensor_info::name[m[K’ is deprecated [[01;35m[K-Wdeprecated-declarations[m[K]
 struct [01;35m[Ksensor_info[m[K {
        [01;35m[K^~~~~~~~~~~[m[K
[01m[K/home/msi/caato2_ws/src/siot/ouster_example/ouster_client/include/ouster/types.h:342:9:[m[K [01;36m[Knote: [m[Kdeclared here
         [01;36m[Kname[m[K;            ///< @deprecated: will be removed in the next version
         [01;36m[K^~~~[m[K
[01m[K/home/msi/caato2_ws/src/siot/ouster_example/ouster_client/include/ouster/types.h:340:8:[m[K [01;35m[Kwarning: [m[K‘[01m[Kouster::sensor::sensor_info::name[m[K’ is deprecated [[01;35m[K-Wdeprecated-declarations[m[K]
 struct [01;35m[Ksensor_info[m[K {
        [01;35m[K^~~~~~~~~~~[m[K
[01m[K/home/msi/caato2_ws/src/siot/ouster_example/ouster_client/include/ouster/types.h:342:9:[m[K [01;36m[Knote: [m[Kdeclared here
         [01;36m[Kname[m[K;            ///< @deprecated: will be removed in the next version
         [01;36m[K^~~~[m[K
[01m[K/home/msi/caato2_ws/src/siot/ouster_example/ouster_client/src/types.cpp:[m[K In function ‘[01m[Kouster::sensor::sensor_info ouster::sensor::default_sensor_info(ouster::sensor::lidar_mode)[m[K’:
[01m[K/home/msi/caato2_ws/src/siot/ouster_example/ouster_client/src/types.cpp:229:33:[m[K [01;36m[Knote: [m[Ksynthesized method ‘[01m[Kouster::sensor::sensor_info::sensor_info(ouster::sensor::sensor_info&&)[m[K’ first required here
                                0[01;36m[K}[m[K;
                                 [01;36m[K^[m[K
[01m[K/home/msi/caato2_ws/src/siot/ouster_example/ouster_client/src/types.cpp:[m[K In function ‘[01m[Kouster::sensor::sensor_info ouster::sensor::parse_legacy(const string&)[m[K’:
[01m[K/home/msi/caato2_ws/src/siot/ouster_example/ouster_client/src/types.cpp:653:10:[m[K [01;35m[Kwarning: [m[K‘[01m[Kouster::sensor::sensor_info::name[m[K’ is deprecated [[01;35m[K-Wdeprecated-declarations[m[K]
     info.[01;35m[Kname[m[K = root["hostname"].asString();
          [01;35m[K^~~~[m[K
In file included from [01m[K/home/msi/caato2_ws/src/siot/ouster_example/ouster_client/src/types.cpp:6[m[K:
[01m[K/home/msi/caato2_ws/src/siot/ouster_example/ouster_client/include/ouster/types.h:342:9:[m[K [01;36m[Knote: [m[Kdeclared here
         [01;36m[Kname[m[K;            ///< @deprecated: will be removed in the next version
         [01;36m[K^~~~[m[K
[01m[K/home/msi/caato2_ws/src/siot/ouster_example/ouster_client/src/types.cpp:653:10:[m[K [01;35m[Kwarning: [m[K‘[01m[Kouster::sensor::sensor_info::name[m[K’ is deprecated [[01;35m[K-Wdeprecated-declarations[m[K]
     info.[01;35m[Kname[m[K = root["hostname"].asString();
          [01;35m[K^~~~[m[K
In file included from [01m[K/home/msi/caato2_ws/src/siot/ouster_example/ouster_client/src/types.cpp:6[m[K:
[01m[K/home/msi/caato2_ws/src/siot/ouster_example/ouster_client/include/ouster/types.h:342:9:[m[K [01;36m[Knote: [m[Kdeclared here
         [01;36m[Kname[m[K;            ///< @deprecated: will be removed in the next version
         [01;36m[K^~~~[m[K
[01m[K/home/msi/caato2_ws/src/siot/ouster_example/ouster_client/src/types.cpp:653:10:[m[K [01;35m[Kwarning: [m[K‘[01m[Kouster::sensor::sensor_info::name[m[K’ is deprecated [[01;35m[K-Wdeprecated-declarations[m[K]
     info.[01;35m[Kname[m[K = root["hostname"].asString();
          [01;35m[K^~~~[m[K
In file included from [01m[K/home/msi/caato2_ws/src/siot/ouster_example/ouster_client/src/types.cpp:6[m[K:
[01m[K/home/msi/caato2_ws/src/siot/ouster_example/ouster_client/include/ouster/types.h:342:9:[m[K [01;36m[Knote: [m[Kdeclared here
         [01;36m[Kname[m[K;            ///< @deprecated: will be removed in the next version
         [01;36m[K^~~~[m[K
[01m[K/home/msi/caato2_ws/src/siot/ouster_example/ouster_client/include/ouster/lidar_scan.h:[m[K In constructor ‘[01m[Kouster::LidarScan::LidarScan()[m[K’:
[01m[K/home/msi/caato2_ws/src/siot/ouster_example/ouster_client/include/ouster/lidar_scan.h:40:7:[m[K [01;35m[Kwarning: [m[K‘[01m[Kouster::LidarScan::headers[m[K’ is deprecated [[01;35m[K-Wdeprecated-declarations[m[K]
 class [01;35m[KLidarScan[m[K {
       [01;35m[K^~~~~~~~~[m[K
[01m[K/home/msi/caato2_ws/src/siot/ouster_example/ouster_client/include/ouster/lidar_scan.h:112:53:[m[K [01;36m[Knote: [m[Kdeclared here
     [[deprecated]] std::vector<BlockHeader> headers{[01;36m[K}[m[K;
                                                     [01;36m[K^[m[K
[01m[K/home/msi/caato2_ws/src/siot/ouster_example/ouster_client/include/ouster/lidar_scan.h:40:7:[m[K [01;35m[Kwarning: [m[K‘[01m[Kouster::LidarScan::headers[m[K’ is deprecated [[01;35m[K-Wdeprecated-declarations[m[K]
 class [01;35m[KLidarScan[m[K {
       [01;35m[K^~~~~~~~~[m[K
[01m[K/home/msi/caato2_ws/src/siot/ouster_example/ouster_client/include/ouster/lidar_scan.h:112:53:[m[K [01;36m[Knote: [m[Kdeclared here
     [[deprecated]] std::vector<BlockHeader> headers{[01;36m[K}[m[K;
                                                     [01;36m[K^[m[K
[01m[K/home/msi/caato2_ws/src/siot/ouster_example/ouster_client/include/ouster/lidar_scan.h:40:7:[m[K [01;35m[Kwarning: [m[K‘[01m[Kouster::LidarScan::headers[m[K’ is deprecated [[01;35m[K-Wdeprecated-declarations[m[K]
 class [01;35m[KLidarScan[m[K {
       [01;35m[K^~~~~~~~~[m[K
[01m[K/home/msi/caato2_ws/src/siot/ouster_example/ouster_client/include/ouster/lidar_scan.h:112:53:[m[K [01;36m[Knote: [m[Kdeclared here
     [[deprecated]] std::vector<BlockHeader> headers{[01;36m[K}[m[K;
                                                     [01;36m[K^[m[K
[01m[K/home/msi/caato2_ws/src/siot/ouster_example/ouster_client/include/ouster/lidar_scan.h:40:7:[m[K [01;35m[Kwarning: [m[K‘[01m[Kouster::LidarScan::headers[m[K’ is deprecated [[01;35m[K-Wdeprecated-declarations[m[K]
 class [01;35m[KLidarScan[m[K {
       [01;35m[K^~~~~~~~~[m[K
[01m[K/home/msi/caato2_ws/src/siot/ouster_example/ouster_client/include/ouster/lidar_scan.h:112:53:[m[K [01;36m[Knote: [m[Kdeclared here
     [[deprecated]] std::vector<BlockHeader> headers{[01;36m[K}[m[K;
                                                     [01;36m[K^[m[K
[01m[K/home/msi/caato2_ws/src/siot/ouster_example/ouster_client/src/lidar_scan.cpp:[m[K At global scope:
[01m[K/home/msi/caato2_ws/src/siot/ouster_example/ouster_client/src/lidar_scan.cpp:26:26:[m[K [01;36m[Knote: [m[Ksynthesized method ‘[01m[Kouster::LidarScan::LidarScan()[m[K’ first required here
 LidarScan::LidarScan() = [01;36m[Kdefault[m[K;
                          [01;36m[K^~~~~~~[m[K
In file included from [01m[K/home/msi/caato2_ws/src/siot/ouster_example/ouster_client/src/lidar_scan.cpp:6[m[K:
[01m[K/home/msi/caato2_ws/src/siot/ouster_example/ouster_client/include/ouster/lidar_scan.h:[m[K In copy constructor ‘[01m[Kouster::LidarScan::LidarScan(const ouster::LidarScan&)[m[K’:
[01m[K/home/msi/caato2_ws/src/siot/ouster_example/ouster_client/include/ouster/lidar_scan.h:40:7:[m[K [01;35m[Kwarning: [m[K‘[01m[Kouster::LidarScan::headers[m[K’ is deprecated [[01;35m[K-Wdeprecated-declarations[m[K]
 class [01;35m[KLidarScan[m[K {
       [01;35m[K^~~~~~~~~[m[K
[01m[K/home/msi/caato2_ws/src/siot/ouster_example/ouster_client/include/ouster/lidar_scan.h:112:53:[m[K [01;36m[Knote: [m[Kdeclared here
     [[deprecated]] std::vector<BlockHeader> headers{[01;36m[K}[m[K;
                                                     [01;36m[K^[m[K
[01m[K/home/msi/caato2_ws/src/siot/ouster_example/ouster_client/include/ouster/lidar_scan.h:40:7:[m[K [01;35m[Kwarning: [m[K‘[01m[Kouster::LidarScan::headers[m[K’ is deprecated [[01;35m[K-Wdeprecated-declarations[m[K]
 class [01;35m[KLidarScan[m[K {
       [01;35m[K^~~~~~~~~[m[K
[01m[K/home/msi/caato2_ws/src/siot/ouster_example/ouster_client/include/ouster/lidar_scan.h:112:53:[m[K [01;36m[Knote: [m[Kdeclared here
     [[deprecated]] std::vector<BlockHeader> headers{[01;36m[K}[m[K;
                                                     [01;36m[K^[m[K
[01m[K/home/msi/caato2_ws/src/siot/ouster_example/ouster_client/include/ouster/lidar_scan.h:40:7:[m[K [01;35m[Kwarning: [m[K‘[01m[Kouster::LidarScan::headers[m[K’ is deprecated [[01;35m[K-Wdeprecated-declarations[m[K]
 class [01;35m[KLidarScan[m[K {
       [01;35m[K^~~~~~~~~[m[K
[01m[K/home/msi/caato2_ws/src/siot/ouster_example/ouster_client/include/ouster/lidar_scan.h:112:53:[m[K [01;36m[Knote: [m[Kdeclared here
     [[deprecated]] std::vector<BlockHeader> headers{[01;36m[K}[m[K;
                                                     [01;36m[K^[m[K
[01m[K/home/msi/caato2_ws/src/siot/ouster_example/ouster_client/include/ouster/lidar_scan.h:40:7:[m[K [01;35m[Kwarning: [m[K‘[01m[Kouster::LidarScan::headers[m[K’ is deprecated [[01;35m[K-Wdeprecated-declarations[m[K]
 class [01;35m[KLidarScan[m[K {
       [01;35m[K^~~~~~~~~[m[K
[01m[K/home/msi/caato2_ws/src/siot/ouster_example/ouster_client/include/ouster/lidar_scan.h:112:53:[m[K [01;36m[Knote: [m[Kdeclared here
     [[deprecated]] std::vector<BlockHeader> headers{[01;36m[K}[m[K;
                                                     [01;36m[K^[m[K
[01m[K/home/msi/caato2_ws/src/siot/ouster_example/ouster_client/src/lidar_scan.cpp:[m[K At global scope:
[01m[K/home/msi/caato2_ws/src/siot/ouster_example/ouster_client/src/lidar_scan.cpp:27:42:[m[K [01;36m[Knote: [m[Ksynthesized method ‘[01m[Kouster::LidarScan::LidarScan(const ouster::LidarScan&)[m[K’ first required here
 LidarScan::LidarScan(const LidarScan&) = [01;36m[Kdefault[m[K;
                                          [01;36m[K^~~~~~~[m[K
In file included from [01m[K/home/msi/caato2_ws/src/siot/ouster_example/ouster_client/src/lidar_scan.cpp:6[m[K:
[01m[K/home/msi/caato2_ws/src/siot/ouster_example/ouster_client/include/ouster/lidar_scan.h:[m[K In constructor ‘[01m[Kouster::LidarScan::LidarScan(ouster::LidarScan&&)[m[K’:
[01m[K/home/msi/caato2_ws/src/siot/ouster_example/ouster_client/include/ouster/lidar_scan.h:40:7:[m[K [01;35m[Kwarning: [m[K‘[01m[Kouster::LidarScan::headers[m[K’ is deprecated [[01;35m[K-Wdeprecated-declarations[m[K]
 class [01;35m[KLidarScan[m[K {
       [01;35m[K^~~~~~~~~[m[K
[01m[K/home/msi/caato2_ws/src/siot/ouster_example/ouster_client/include/ouster/lidar_scan.h:112:53:[m[K [01;36m[Knote: [m[Kdeclared here
     [[deprecated]] std::vector<BlockHeader> headers{[01;36m[K}[m[K;
                                                     [01;36m[K^[m[K
[01m[K/home/msi/caato2_ws/src/siot/ouster_example/ouster_client/include/ouster/lidar_scan.h:40:7:[m[K [01;35m[Kwarning: [m[K‘[01m[Kouster::LidarScan::headers[m[K’ is deprecated [[01;35m[K-Wdeprecated-declarations[m[K]
 class [01;35m[KLidarScan[m[K {
       [01;35m[K^~~~~~~~~[m[K
[01m[K/home/msi/caato2_ws/src/siot/ouster_example/ouster_client/include/ouster/lidar_scan.h:112:53:[m[K [01;36m[Knote: [m[Kdeclared here
     [[deprecated]] std::vector<BlockHeader> headers{[01;36m[K}[m[K;
                                                     [01;36m[K^[m[K
[01m[K/home/msi/caato2_ws/src/siot/ouster_example/ouster_client/include/ouster/lidar_scan.h:40:7:[m[K [01;35m[Kwarning: [m[K‘[01m[Kouster::LidarScan::headers[m[K’ is deprecated [[01;35m[K-Wdeprecated-declarations[m[K]
 class [01;35m[KLidarScan[m[K {
       [01;35m[K^~~~~~~~~[m[K
[01m[K/home/msi/caato2_ws/src/siot/ouster_example/ouster_client/include/ouster/lidar_scan.h:112:53:[m[K [01;36m[Knote: [m[Kdeclared here
     [[deprecated]] std::vector<BlockHeader> headers{[01;36m[K}[m[K;
                                                     [01;36m[K^[m[K
[01m[K/home/msi/caato2_ws/src/siot/ouster_example/ouster_client/include/ouster/lidar_scan.h:40:7:[m[K [01;35m[Kwarning: [m[K‘[01m[Kouster::LidarScan::headers[m[K’ is deprecated [[01;35m[K-Wdeprecated-declarations[m[K]
 class [01;35m[KLidarScan[m[K {
       [01;35m[K^~~~~~~~~[m[K
[01m[K/home/msi/caato2_ws/src/siot/ouster_example/ouster_client/include/ouster/lidar_scan.h:112:53:[m[K [01;36m[Knote: [m[Kdeclared here
     [[deprecated]] std::vector<BlockHeader> headers{[01;36m[K}[m[K;
                                                     [01;36m[K^[m[K
[01m[K/home/msi/caato2_ws/src/siot/ouster_example/ouster_client/src/lidar_scan.cpp:[m[K At global scope:
[01m[K/home/msi/caato2_ws/src/siot/ouster_example/ouster_client/src/lidar_scan.cpp:28:37:[m[K [01;36m[Knote: [m[Ksynthesized method ‘[01m[Kouster::LidarScan::LidarScan(ouster::LidarScan&&)[m[K’ first required here
 LidarScan::LidarScan(LidarScan&&) = [01;36m[Kdefault[m[K;
                                     [01;36m[K^~~~~~~[m[K
In file included from [01m[K/home/msi/caato2_ws/src/siot/ouster_example/ouster_client/src/lidar_scan.cpp:6[m[K:
[01m[K/home/msi/caato2_ws/src/siot/ouster_example/ouster_client/include/ouster/lidar_scan.h:[m[K In destructor ‘[01m[Kouster::LidarScan::~LidarScan()[m[K’:
[01m[K/home/msi/caato2_ws/src/siot/ouster_example/ouster_client/include/ouster/lidar_scan.h:40:7:[m[K [01;35m[Kwarning: [m[K‘[01m[Kouster::LidarScan::headers[m[K’ is deprecated [[01;35m[K-Wdeprecated-declarations[m[K]
 class [01;35m[KLidarScan[m[K {
       [01;35m[K^~~~~~~~~[m[K
[01m[K/home/msi/caato2_ws/src/siot/ouster_example/ouster_client/include/ouster/lidar_scan.h:112:53:[m[K [01;36m[Knote: [m[Kdeclared here
     [[deprecated]] std::vector<BlockHeader> headers{[01;36m[K}[m[K;
                                                     [01;36m[K^[m[K
[01m[K/home/msi/caato2_ws/src/siot/ouster_example/ouster_client/include/ouster/lidar_scan.h:40:7:[m[K [01;35m[Kwarning: [m[K‘[01m[Kouster::LidarScan::headers[m[K’ is deprecated [[01;35m[K-Wdeprecated-declarations[m[K]
 class [01;35m[KLidarScan[m[K {
       [01;35m[K^~~~~~~~~[m[K
[01m[K/home/msi/caato2_ws/src/siot/ouster_example/ouster_client/include/ouster/lidar_scan.h:112:53:[m[K [01;36m[Knote: [m[Kdeclared here
     [[deprecated]] std::vector<BlockHeader> headers{[01;36m[K}[m[K;
                                                     [01;36m[K^[m[K
[01m[K/home/msi/caato2_ws/src/siot/ouster_example/ouster_client/src/lidar_scan.cpp:[m[K At global scope:
[01m[K/home/msi/caato2_ws/src/siot/ouster_example/ouster_client/src/lidar_scan.cpp:31:27:[m[K [01;36m[Knote: [m[Ksynthesized method ‘[01m[Kouster::LidarScan::~LidarScan()[m[K’ first required here
 LidarScan::~LidarScan() = [01;36m[Kdefault[m[K;
                           [01;36m[K^~~~~~~[m[K
[01m[K/home/msi/caato2_ws/src/siot/ouster_example/ouster_client/src/lidar_scan.cpp:[m[K In constructor ‘[01m[Kouster::LidarScan::LidarScan(size_t, size_t, std::vector<std::pair<ouster::sensor::ChanField, ouster::sensor::ChanFieldType> >)[m[K’:
[01m[K/home/msi/caato2_ws/src/siot/ouster_example/ouster_client/src/lidar_scan.cpp:111:44:[m[K [01;35m[Kwarning: [m[K‘[01m[Kouster::LidarScan::headers[m[K’ is deprecated [[01;35m[K-Wdeprecated-declarations[m[K]
       headers{w, BlockHeader{ts_t{0}, 0, 0}[01;35m[K}[m[K {
                                            [01;35m[K^[m[K
In file included from [01m[K/home/msi/caato2_ws/src/siot/ouster_example/ouster_client/src/lidar_scan.cpp:6[m[K:
[01m[K/home/msi/caato2_ws/src/siot/ouster_example/ouster_client/include/ouster/lidar_scan.h:112:53:[m[K [01;36m[Knote: [m[Kdeclared here
     [[deprecated]] std::vector<BlockHeader> headers{[01;36m[K}[m[K;
                                                     [01;36m[K^[m[K
[01m[K/home/msi/caato2_ws/src/siot/ouster_example/ouster_client/src/lidar_scan.cpp:111:44:[m[K [01;35m[Kwarning: [m[K‘[01m[Kouster::LidarScan::headers[m[K’ is deprecated [[01;35m[K-Wdeprecated-declarations[m[K]
       headers{w, BlockHeader{ts_t{0}, 0, 0}[01;35m[K}[m[K {
                                            [01;35m[K^[m[K
In file included from [01m[K/home/msi/caato2_ws/src/siot/ouster_example/ouster_client/src/lidar_scan.cpp:6[m[K:
[01m[K/home/msi/caato2_ws/src/siot/ouster_example/ouster_client/include/ouster/lidar_scan.h:112:53:[m[K [01;36m[Knote: [m[Kdeclared here
     [[deprecated]] std::vector<BlockHeader> headers{[01;36m[K}[m[K;
                                                     [01;36m[K^[m[K
[01m[K/home/msi/caato2_ws/src/siot/ouster_example/ouster_client/src/lidar_scan.cpp:111:44:[m[K [01;35m[Kwarning: [m[K‘[01m[Kouster::LidarScan::headers[m[K’ is deprecated [[01;35m[K-Wdeprecated-declarations[m[K]
       headers{w, BlockHeader{ts_t{0}, 0, 0}[01;35m[K}[m[K {
                                            [01;35m[K^[m[K
In file included from [01m[K/home/msi/caato2_ws/src/siot/ouster_example/ouster_client/src/lidar_scan.cpp:6[m[K:
[01m[K/home/msi/caato2_ws/src/siot/ouster_example/ouster_client/include/ouster/lidar_scan.h:112:53:[m[K [01;36m[Knote: [m[Kdeclared here
     [[deprecated]] std::vector<BlockHeader> headers{[01;36m[K}[m[K;
                                                     [01;36m[K^[m[K
[01m[K/home/msi/caato2_ws/src/siot/ouster_example/ouster_client/src/lidar_scan.cpp:111:44:[m[K [01;35m[Kwarning: [m[K‘[01m[Kouster::LidarScan::headers[m[K’ is deprecated [[01;35m[K-Wdeprecated-declarations[m[K]
       headers{w, BlockHeader{ts_t{0}, 0, 0}[01;35m[K}[m[K {
                                            [01;35m[K^[m[K
In file included from [01m[K/home/msi/caato2_ws/src/siot/ouster_example/ouster_client/src/lidar_scan.cpp:6[m[K:
[01m[K/home/msi/caato2_ws/src/siot/ouster_example/ouster_client/include/ouster/lidar_scan.h:112:53:[m[K [01;36m[Knote: [m[Kdeclared here
     [[deprecated]] std::vector<BlockHeader> headers{[01;36m[K}[m[K;
                                                     [01;36m[K^[m[K
[01m[K/home/msi/caato2_ws/src/siot/ouster_example/ouster_client/src/lidar_scan.cpp:[m[K At global scope:
[01m[K/home/msi/caato2_ws/src/siot/ouster_example/ouster_client/src/lidar_scan.cpp:126:24:[m[K [01;35m[Kwarning: [m[K‘[01m[Kusing ts_t = std::chrono::nanoseconds[m[K’ is deprecated [[01;35m[K-Wdeprecated-declarations[m[K]
 std::vector<LidarScan::[01;35m[Kts_t[m[K> LidarScan::timestamps() const {
                        [01;35m[K^~~~[m[K
In file included from [01m[K/home/msi/caato2_ws/src/siot/ouster_example/ouster_client/src/lidar_scan.cpp:6[m[K:
[01m[K/home/msi/caato2_ws/src/siot/ouster_example/ouster_client/include/ouster/lidar_scan.h:45:57:[m[K [01;36m[Knote: [m[Kdeclared here
     using ts_t [[deprecated]] = std::chrono::nanoseconds[01;36m[K;[m[K  ///< @deprecated
                                                         [01;36m[K^[m[K
[01m[K/home/msi/caato2_ws/src/siot/ouster_example/ouster_client/src/lidar_scan.cpp:[m[K In member function ‘[01m[Kstd::vector<std::chrono::duration<long int, std::ratio<1, 1000000000> > > ouster::LidarScan::timestamps() const[m[K’:
[01m[K/home/msi/caato2_ws/src/siot/ouster_example/ouster_client/src/lidar_scan.cpp:127:28:[m[K [01;35m[Kwarning: [m[K‘[01m[Kusing ts_t = std::chrono::nanoseconds[m[K’ is deprecated [[01;35m[K-Wdeprecated-declarations[m[K]
     std::vector<LidarScan::[01;35m[Kts_t[m[K> res;
                            [01;35m[K^~~~[m[K
In file included from [01m[K/home/msi/caato2_ws/src/siot/ouster_example/ouster_client/src/lidar_scan.cpp:6[m[K:
[01m[K/home/msi/caato2_ws/src/siot/ouster_example/ouster_client/include/ouster/lidar_scan.h:45:57:[m[K [01;36m[Knote: [m[Kdeclared here
     using ts_t [[deprecated]] = std::chrono::nanoseconds[01;36m[K;[m[K  ///< @deprecated
                                                         [01;36m[K^[m[K
[01m[K/home/msi/caato2_ws/src/siot/ouster_example/ouster_client/src/lidar_scan.cpp:128:17:[m[K [01;35m[Kwarning: [m[K‘[01m[Kouster::LidarScan::headers[m[K’ is deprecated [[01;35m[K-Wdeprecated-declarations[m[K]
     res.reserve([01;35m[Kheaders[m[K.size());
                 [01;35m[K^~~~~~~[m[K
In file included from [01m[K/home/msi/caato2_ws/src/siot/ouster_example/ouster_client/src/lidar_scan.cpp:6[m[K:
[01m[K/home/msi/caato2_ws/src/siot/ouster_example/ouster_client/include/ouster/lidar_scan.h:112:53:[m[K [01;36m[Knote: [m[Kdeclared here
     [[deprecated]] std::vector<BlockHeader> headers{[01;36m[K}[m[K;
                                                     [01;36m[K^[m[K
[01m[K/home/msi/caato2_ws/src/siot/ouster_example/ouster_client/src/lidar_scan.cpp:128:17:[m[K [01;35m[Kwarning: [m[K‘[01m[Kouster::LidarScan::headers[m[K’ is deprecated [[01;35m[K-Wdeprecated-declarations[m[K]
     res.reserve([01;35m[Kheaders[m[K.size());
                 [01;35m[K^~~~~~~[m[K
In file included from [01m[K/home/msi/caato2_ws/src/siot/ouster_example/ouster_client/src/lidar_scan.cpp:6[m[K:
[01m[K/home/msi/caato2_ws/src/siot/ouster_example/ouster_client/include/ouster/lidar_scan.h:112:53:[m[K [01;36m[Knote: [m[Kdeclared here
     [[deprecated]] std::vector<BlockHeader> headers{[01;36m[K}[m[K;
                                                     [01;36m[K^[m[K
[01m[K/home/msi/caato2_ws/src/siot/ouster_example/ouster_client/src/lidar_scan.cpp:129:26:[m[K [01;35m[Kwarning: [m[K‘[01m[Kouster::LidarScan::headers[m[K’ is deprecated [[01;35m[K-Wdeprecated-declarations[m[K]
     for (const auto& h : [01;35m[Kheaders[m[K) res.push_back(h.timestamp);
                          [01;35m[K^~~~~~~[m[K
In file included from [01m[K/home/msi/caato2_ws/src/siot/ouster_example/ouster_client/src/lidar_scan.cpp:6[m[K:
[01m[K/home/msi/caato2_ws/src/siot/ouster_example/ouster_client/include/ouster/lidar_scan.h:112:53:[m[K [01;36m[Knote: [m[Kdeclared here
     [[deprecated]] std::vector<BlockHeader> headers{[01;36m[K}[m[K;
                                                     [01;36m[K^[m[K
[01m[K/home/msi/caato2_ws/src/siot/ouster_example/ouster_client/src/lidar_scan.cpp:129:26:[m[K [01;35m[Kwarning: [m[K‘[01m[Kouster::LidarScan::headers[m[K’ is deprecated [[01;35m[K-Wdeprecated-declarations[m[K]
     for (const auto& h : [01;35m[Kheaders[m[K) res.push_back(h.timestamp);
                          [01;35m[K^~~~~~~[m[K
In file included from [01m[K/home/msi/caato2_ws/src/siot/ouster_example/ouster_client/src/lidar_scan.cpp:6[m[K:
[01m[K/home/msi/caato2_ws/src/siot/ouster_example/ouster_client/include/ouster/lidar_scan.h:112:53:[m[K [01;36m[Knote: [m[Kdeclared here
     [[deprecated]] std::vector<BlockHeader> headers{[01;36m[K}[m[K;
                                                     [01;36m[K^[m[K
[01m[K/home/msi/caato2_ws/src/siot/ouster_example/ouster_client/src/lidar_scan.cpp:[m[K At global scope:
[01m[K/home/msi/caato2_ws/src/siot/ouster_example/ouster_client/src/lidar_scan.cpp:133:54:[m[K [01;35m[Kwarning: [m[K‘[01m[KBlockHeader[m[K’ is deprecated [[01;35m[K-Wdeprecated-declarations[m[K]
 LidarScan::BlockHeader& LidarScan::header(size_t m_id[01;35m[K)[m[K {
                                                      [01;35m[K^[m[K
In file included from [01m[K/home/msi/caato2_ws/src/siot/ouster_example/ouster_client/src/lidar_scan.cpp:6[m[K:
[01m[K/home/msi/caato2_ws/src/siot/ouster_example/ouster_client/include/ouster/lidar_scan.h:69:27:[m[K [01;36m[Knote: [m[Kdeclared here
     struct [[deprecated]] [01;36m[KBlockHeader[m[K {
                           [01;36m[K^~~~~~~~~~~[m[K
[01m[K/home/msi/caato2_ws/src/siot/ouster_example/ouster_client/src/lidar_scan.cpp:[m[K In member function ‘[01m[Kouster::LidarScan::BlockHeader& ouster::LidarScan::header(size_t)[m[K’:
[01m[K/home/msi/caato2_ws/src/siot/ouster_example/ouster_client/src/lidar_scan.cpp:134:12:[m[K [01;35m[Kwarning: [m[K‘[01m[Kouster::LidarScan::headers[m[K’ is deprecated [[01;35m[K-Wdeprecated-declarations[m[K]
     return [01;35m[Kheaders[m[K.at(m_id);
            [01;35m[K^~~~~~~[m[K
In file included from [01m[K/home/msi/caato2_ws/src/siot/ouster_example/ouster_client/src/lidar_scan.cpp:6[m[K:
[01m[K/home/msi/caato2_ws/src/siot/ouster_example/ouster_client/include/ouster/lidar_scan.h:112:53:[m[K [01;36m[Knote: [m[Kdeclared here
     [[deprecated]] std::vector<BlockHeader> headers{[01;36m[K}[m[K;
                                                     [01;36m[K^[m[K
[01m[K/home/msi/caato2_ws/src/siot/ouster_example/ouster_client/src/lidar_scan.cpp:134:12:[m[K [01;35m[Kwarning: [m[K‘[01m[Kouster::LidarScan::headers[m[K’ is deprecated [[01;35m[K-Wdeprecated-declarations[m[K]
     return [01;35m[Kheaders[m[K.at(m_id);
            [01;35m[K^~~~~~~[m[K
In file included from [01m[K/home/msi/caato2_ws/src/siot/ouster_example/ouster_client/src/lidar_scan.cpp:6[m[K:
[01m[K/home/msi/caato2_ws/src/siot/ouster_example/ouster_client/include/ouster/lidar_scan.h:112:53:[m[K [01;36m[Knote: [m[Kdeclared here
     [[deprecated]] std::vector<BlockHeader> headers{[01;36m[K}[m[K;
                                                     [01;36m[K^[m[K
[01m[K/home/msi/caato2_ws/src/siot/ouster_example/ouster_client/src/lidar_scan.cpp:[m[K At global scope:
[01m[K/home/msi/caato2_ws/src/siot/ouster_example/ouster_client/src/lidar_scan.cpp:137:62:[m[K [01;35m[Kwarning: [m[K‘[01m[KBlockHeader[m[K’ is deprecated [[01;35m[K-Wdeprecated-declarations[m[K]
 const LidarScan::BlockHeader& LidarScan::header(size_t m_id) [01;35m[Kconst[m[K {
                                                              [01;35m[K^~~~~[m[K
In file included from [01m[K/home/msi/caato2_ws/src/siot/ouster_example/ouster_client/src/lidar_scan.cpp:6[m[K:
[01m[K/home/msi/caato2_ws/src/siot/ouster_example/ouster_client/include/ouster/lidar_scan.h:69:27:[m[K [01;36m[Knote: [m[Kdeclared here
     struct [[deprecated]] [01;36m[KBlockHeader[m[K {
                           [01;36m[K^~~~~~~~~~~[m[K
[01m[K/home/msi/caato2_ws/src/siot/ouster_example/ouster_client/src/lidar_scan.cpp:[m[K In member function ‘[01m[Kconst ouster::LidarScan::BlockHeader& ouster::LidarScan::header(size_t) const[m[K’:
[01m[K/home/msi/caato2_ws/src/siot/ouster_example/ouster_client/src/lidar_scan.cpp:138:12:[m[K [01;35m[Kwarning: [m[K‘[01m[Kouster::LidarScan::headers[m[K’ is deprecated [[01;35m[K-Wdeprecated-declarations[m[K]
     return [01;35m[Kheaders[m[K.at(m_id);
            [01;35m[K^~~~~~~[m[K
In file included from [01m[K/home/msi/caato2_ws/src/siot/ouster_example/ouster_client/src/lidar_scan.cpp:6[m[K:
[01m[K/home/msi/caato2_ws/src/siot/ouster_example/ouster_client/include/ouster/lidar_scan.h:112:53:[m[K [01;36m[Knote: [m[Kdeclared here
     [[deprecated]] std::vector<BlockHeader> headers{[01;36m[K}[m[K;
                                                     [01;36m[K^[m[K
[01m[K/home/msi/caato2_ws/src/siot/ouster_example/ouster_client/src/lidar_scan.cpp:138:12:[m[K [01;35m[Kwarning: [m[K‘[01m[Kouster::LidarScan::headers[m[K’ is deprecated [[01;35m[K-Wdeprecated-declarations[m[K]
     return [01;35m[Kheaders[m[K.at(m_id);
            [01;35m[K^~~~~~~[m[K
In file included from [01m[K/home/msi/caato2_ws/src/siot/ouster_example/ouster_client/src/lidar_scan.cpp:6[m[K:
[01m[K/home/msi/caato2_ws/src/siot/ouster_example/ouster_client/include/ouster/lidar_scan.h:112:53:[m[K [01;36m[Knote: [m[Kdeclared here
     [[deprecated]] std::vector<BlockHeader> headers{[01;36m[K}[m[K;
                                                     [01;36m[K^[m[K
[01m[K/home/msi/caato2_ws/src/siot/ouster_example/ouster_client/src/lidar_scan.cpp:[m[K At global scope:
[01m[K/home/msi/caato2_ws/src/siot/ouster_example/ouster_client/src/lidar_scan.cpp:192:48:[m[K [01;35m[Kwarning: [m[K‘[01m[KBlockHeader[m[K’ is deprecated [[01;35m[K-Wdeprecated-declarations[m[K]
                 const LidarScan::BlockHeader& b[01;35m[K)[m[K {
                                                [01;35m[K^[m[K
[01m[K/home/msi/caato2_ws/src/siot/ouster_example/ouster_client/src/lidar_scan.cpp:192:48:[m[K [01;35m[Kwarning: [m[K‘[01m[KBlockHeader[m[K’ is deprecated [[01;35m[K-Wdeprecated-declarations[m[K]
[01m[K/home/msi/caato2_ws/src/siot/ouster_example/ouster_client/src/lidar_scan.cpp:[m[K In function ‘[01m[Kouster::LidarScan::Points ouster::cartesian(const Eigen::Ref<const Eigen::Array<unsigned int, -1, -1, 1, -1, -1> >&, const ouster::XYZLut&)[m[K’:
[01m[K/home/msi/caato2_ws/src/siot/ouster_example/ouster_client/src/lidar_scan.cpp:269:62:[m[K [01;35m[Kwarning: [m[K‘[01m[Kusing raw_t = uint32_t[m[K’ is deprecated [[01;35m[K-Wdeprecated-declarations[m[K]
     auto reshaped = Eigen::Map<const Eigen::Array<LidarScan::[01;35m[Kraw_t[m[K, -1, 1>>(
                                                              [01;35m[K^~~~~[m[K
In file included from [01m[K/home/msi/caato2_ws/src/siot/ouster_example/ouster_client/src/lidar_scan.cpp:6[m[K:
[01m[K/home/msi/caato2_ws/src/siot/ouster_example/ouster_client/include/ouster/lidar_scan.h:44:42:[m[K [01;36m[Knote: [m[Kdeclared here
     using raw_t [[deprecated]] = uint32_t[01;36m[K;[m[K                 ///< @deprecated
                                          [01;36m[K^[m[K
In file included from [01m[K/home/msi/caato2_ws/src/siot/ouster_example/ouster_client/include/ouster/lidar_scan.h:20[m[K,
                 from [01m[K/home/msi/caato2_ws/src/siot/ouster_example/ouster_client/src/lidar_scan.cpp:6[m[K:
[01m[K/home/msi/caato2_ws/src/siot/ouster_example/ouster_client/include/ouster/types.h:[m[K In copy constructor ‘[01m[Kouster::sensor::packet_format::packet_format(const ouster::sensor::packet_format&)[m[K’:
[01m[K/home/msi/caato2_ws/src/siot/ouster_example/ouster_client/include/ouster/types.h:728:7:[m[K [01;35m[Kwarning: [m[K‘[01m[Kouster::sensor::packet_format::encoder_ticks_per_rev[m[K’ is deprecated [[01;35m[K-Wdeprecated-declarations[m[K]
 class [01;35m[Kpacket_format[m[K final {
       [01;35m[K^~~~~~~~~~~~~[m[K
[01m[K/home/msi/caato2_ws/src/siot/ouster_example/ouster_client/include/ouster/types.h:752:30:[m[K [01;36m[Knote: [m[Kdeclared here
     [[deprecated]] const int [01;36m[Kencoder_ticks_per_rev[m[K;  ///< @deprecated
                              [01;36m[K^~~~~~~~~~~~~~~~~~~~~[m[K
[01m[K/home/msi/caato2_ws/src/siot/ouster_example/ouster_client/include/ouster/types.h:728:7:[m[K [01;35m[Kwarning: [m[K‘[01m[Kouster::sensor::packet_format::encoder_ticks_per_rev[m[K’ is deprecated [[01;35m[K-Wdeprecated-declarations[m[K]
 class [01;35m[Kpacket_format[m[K final {
       [01;35m[K^~~~~~~~~~~~~[m[K
[01m[K/home/msi/caato2_ws/src/siot/ouster_example/ouster_client/include/ouster/types.h:752:30:[m[K [01;36m[Knote: [m[Kdeclared here
     [[deprecated]] const int [01;36m[Kencoder_ticks_per_rev[m[K;  ///< @deprecated
                              [01;36m[K^~~~~~~~~~~~~~~~~~~~~[m[K
[01m[K/home/msi/caato2_ws/src/siot/ouster_example/ouster_client/src/lidar_scan.cpp:[m[K In constructor ‘[01m[Kouster::ScanBatcher::ScanBatcher(size_t, const ouster::sensor::packet_format&)[m[K’:
[01m[K/home/msi/caato2_ws/src/siot/ouster_example/ouster_client/src/lidar_scan.cpp:280:12:[m[K [01;36m[Knote: [m[Ksynthesized method ‘[01m[Kouster::sensor::packet_format::packet_format(const ouster::sensor::packet_format&)[m[K’ first required here
       pf(pf[01;36m[K)[m[K {}
            [01;36m[K^[m[K
[01m[K/home/msi/caato2_ws/src/siot/ouster_example/ouster_client/src/lidar_scan.cpp:[m[K In function ‘[01m[Kvoid ouster::{anonymous}::zero_header_cols(ouster::LidarScan&, std::ptrdiff_t, std::ptrdiff_t)[m[K’:
[01m[K/home/msi/caato2_ws/src/siot/ouster_example/ouster_client/src/lidar_scan.cpp:307:63:[m[K [01;35m[Kwarning: [m[K‘[01m[Kouster::LidarScan::BlockHeader& ouster::LidarScan::header(size_t)[m[K’ is deprecated [[01;35m[K-Wdeprecated-declarations[m[K]
     for (auto m_id = start; m_id < end; m_id++) ls.header(m_id[01;35m[K)[m[K = {};
                                                               [01;35m[K^[m[K
[01m[K/home/msi/caato2_ws/src/siot/ouster_example/ouster_client/src/lidar_scan.cpp:133:25:[m[K [01;36m[Knote: [m[Kdeclared here
 LidarScan::BlockHeader& [01;36m[KLidarScan[m[K::header(size_t m_id) {
                         [01;36m[K^~~~~~~~~[m[K
[01m[K/home/msi/caato2_ws/src/siot/ouster_example/ouster_client/src/lidar_scan.cpp:[m[K In member function ‘[01m[Kbool ouster::ScanBatcher::operator()(const uint8_t*, ouster::LidarScan&)[m[K’:
[01m[K/home/msi/caato2_ws/src/siot/ouster_example/ouster_client/src/lidar_scan.cpp:358:56:[m[K [01;35m[Kwarning: [m[K‘[01m[Kuint32_t ouster::sensor::packet_format::col_encoder(const uint8_t*) const[m[K’ is deprecated [[01;35m[K-Wdeprecated-declarations[m[K]
         const uint32_t encoder = pf.col_encoder(col_buf[01;35m[K)[m[K;
                                                        [01;35m[K^[m[K
In file included from [01m[K/home/msi/caato2_ws/src/siot/ouster_example/ouster_client/include/ouster/lidar_scan.h:20[m[K,
                 from [01m[K/home/msi/caato2_ws/src/siot/ouster_example/ouster_client/src/lidar_scan.cpp:6[m[K:
[01m[K/home/msi/caato2_ws/src/siot/ouster_example/ouster_client/include/ouster/types.h:848:29:[m[K [01;36m[Knote: [m[Kdeclared here
     [[deprecated]] uint32_t [01;36m[Kcol_encoder[m[K(
                             [01;36m[K^~~~~~~~~~~[m[K
[01m[K/home/msi/caato2_ws/src/siot/ouster_example/ouster_client/src/lidar_scan.cpp:373:23:[m[K [01;35m[Kwarning: [m[K‘[01m[Kouster::LidarScan::BlockHeader& ouster::LidarScan::header(size_t)[m[K’ is deprecated [[01;35m[K-Wdeprecated-declarations[m[K]
         ls.header(m_id[01;35m[K)[m[K = {ts, encoder, status};
                       [01;35m[K^[m[K
[01m[K/home/msi/caato2_ws/src/siot/ouster_example/ouster_client/src/lidar_scan.cpp:133:25:[m[K [01;36m[Knote: [m[Kdeclared here
 LidarScan::BlockHeader& [01;36m[KLidarScan[m[K::header(size_t m_id) {
                         [01;36m[K^~~~~~~~~[m[K
[ 44%] [32m[1mLinking CXX static library libouster_client.a[0m
[ 44%] Built target ouster_client
[35m[1mScanning dependencies of target ouster_client_example[0m
[35m[1mScanning dependencies of target ouster_viz[0m
[ 50%] [32mBuilding CXX object ouster_client/CMakeFiles/ouster_client_example.dir/src/example.cpp.o[0m
[ 66%] [32mBuilding CXX object ouster_viz/CMakeFiles/ouster_viz.dir/src/cloud.cpp.o[0m
[ 66%] [32mBuilding CXX object ouster_viz/CMakeFiles/ouster_viz.dir/src/point_viz.cpp.o[0m
[ 66%] [32mBuilding CXX object ouster_viz/CMakeFiles/ouster_viz.dir/src/camera.cpp.o[0m
[ 72%] [32mBuilding CXX object ouster_viz/CMakeFiles/ouster_viz.dir/src/image.cpp.o[0m
[ 77%] [32mBuilding CXX object ouster_viz/CMakeFiles/ouster_viz.dir/src/gltext.cpp.o[0m
[ 83%] [32mBuilding CXX object ouster_viz/CMakeFiles/ouster_viz.dir/src/misc.cpp.o[0m
[ 88%] [32mBuilding CXX object ouster_viz/CMakeFiles/ouster_viz.dir/src/glfw.cpp.o[0m
In file included from [01m[K/home/msi/caato2_ws/src/siot/ouster_example/ouster_client/src/example.cpp:13[m[K:
[01m[K/home/msi/caato2_ws/src/siot/ouster_example/ouster_client/include/ouster/lidar_scan.h:56:17:[m[K [01;35m[Kwarning: [m[K‘[01m[Kusing Field = enum ouster::sensor::ChanField[m[K’ is deprecated [[01;35m[K-Wdeprecated-declarations[m[K]
         sensor::[01;35m[KRANGE[m[K;  ///< @deprecated
                 [01;35m[K^~~~~[m[K
[01m[K/home/msi/caato2_ws/src/siot/ouster_example/ouster_client/include/ouster/lidar_scan.h:54:51:[m[K [01;36m[Knote: [m[Kdeclared here
     using Field [[deprecated]] = sensor::ChanField[01;36m[K;[m[K  ///< @deprecated
                                                   [01;36m[K^[m[K
[01m[K/home/msi/caato2_ws/src/siot/ouster_example/ouster_client/include/ouster/lidar_scan.h:58:17:[m[K [01;35m[Kwarning: [m[K‘[01m[Kusing Field = enum ouster::sensor::ChanField[m[K’ is deprecated [[01;35m[K-Wdeprecated-declarations[m[K]
         sensor::[01;35m[KSIGNAL[m[K;  ///< @deprecated
                 [01;35m[K^~~~~~[m[K
[01m[K/home/msi/caato2_ws/src/siot/ouster_example/ouster_client/include/ouster/lidar_scan.h:54:51:[m[K [01;36m[Knote: [m[Kdeclared here
     using Field [[deprecated]] = sensor::ChanField[01;36m[K;[m[K  ///< @deprecated
                                                   [01;36m[K^[m[K
[01m[K/home/msi/caato2_ws/src/siot/ouster_example/ouster_client/include/ouster/lidar_scan.h:60:17:[m[K [01;35m[Kwarning: [m[K‘[01m[Kusing Field = enum ouster::sensor::ChanField[m[K’ is deprecated [[01;35m[K-Wdeprecated-declarations[m[K]
         sensor::[01;35m[KNEAR_IR[m[K;  ///< @deprecated
                 [01;35m[K^~~~~~~[m[K
[01m[K/home/msi/caato2_ws/src/siot/ouster_example/ouster_client/include/ouster/lidar_scan.h:54:51:[m[K [01;36m[Knote: [m[Kdeclared here
     using Field [[deprecated]] = sensor::ChanField[01;36m[K;[m[K  ///< @deprecated
                                                   [01;36m[K^[m[K
[01m[K/home/msi/caato2_ws/src/siot/ouster_example/ouster_client/include/ouster/lidar_scan.h:62:17:[m[K [01;35m[Kwarning: [m[K‘[01m[Kusing Field = enum ouster::sensor::ChanField[m[K’ is deprecated [[01;35m[K-Wdeprecated-declarations[m[K]
         sensor::[01;35m[KREFLECTIVITY[m[K;  ///< @deprecated
                 [01;35m[K^~~~~~~~~~~~[m[K
[01m[K/home/msi/caato2_ws/src/siot/ouster_example/ouster_client/include/ouster/lidar_scan.h:54:51:[m[K [01;36m[Knote: [m[Kdeclared here
     using Field [[deprecated]] = sensor::ChanField[01;36m[K;[m[K  ///< @deprecated
                                                   [01;36m[K^[m[K
[01m[K/home/msi/caato2_ws/src/siot/ouster_example/ouster_client/include/ouster/lidar_scan.h:70:14:[m[K [01;35m[Kwarning: [m[K‘[01m[Kusing ts_t = std::chrono::nanoseconds[m[K’ is deprecated [[01;35m[K-Wdeprecated-declarations[m[K]
         ts_t [01;35m[Ktimestamp[m[K;
              [01;35m[K^~~~~~~~~[m[K
[01m[K/home/msi/caato2_ws/src/siot/ouster_example/ouster_client/include/ouster/lidar_scan.h:45:57:[m[K [01;36m[Knote: [m[Kdeclared here
     using ts_t [[deprecated]] = std::chrono::nanoseconds[01;36m[K;[m[K  ///< @deprecated
                                                         [01;36m[K^[m[K
[01m[K/home/msi/caato2_ws/src/siot/ouster_example/ouster_client/include/ouster/lidar_scan.h:112:32:[m[K [01;35m[Kwarning: [m[K‘[01m[KBlockHeader[m[K’ is deprecated [[01;35m[K-Wdeprecated-declarations[m[K]
     [[deprecated]] std::vector<[01;35m[KBlockHeader[m[K> headers{};
                                [01;35m[K^~~~~~~~~~~[m[K
[01m[K/home/msi/caato2_ws/src/siot/ouster_example/ouster_client/include/ouster/lidar_scan.h:69:27:[m[K [01;36m[Knote: [m[Kdeclared here
     struct [[deprecated]] [01;36m[KBlockHeader[m[K {
                           [01;36m[K^~~~~~~~~~~[m[K
[01m[K/home/msi/caato2_ws/src/siot/ouster_example/ouster_client/include/ouster/lidar_scan.h:195:43:[m[K [01;35m[Kwarning: [m[K‘[01m[Kusing ts_t = std::chrono::nanoseconds[m[K’ is deprecated [[01;35m[K-Wdeprecated-declarations[m[K]
     [[deprecated]] std::vector<LidarScan::[01;35m[Kts_t[m[K> timestamps() const;
                                           [01;35m[K^~~~[m[K
[01m[K/home/msi/caato2_ws/src/siot/ouster_example/ouster_client/include/ouster/lidar_scan.h:45:57:[m[K [01;36m[Knote: [m[Kdeclared here
     using ts_t [[deprecated]] = std::chrono::nanoseconds[01;36m[K;[m[K  ///< @deprecated
                                                         [01;36m[K^[m[K
[01m[K/home/msi/caato2_ws/src/siot/ouster_example/ouster_client/include/ouster/lidar_scan.h:204:51:[m[K [01;35m[Kwarning: [m[K‘[01m[KBlockHeader[m[K’ is deprecated [[01;35m[K-Wdeprecated-declarations[m[K]
     [[deprecated]] BlockHeader& header(size_t m_id[01;35m[K)[m[K;
                                                   [01;35m[K^[m[K
[01m[K/home/msi/caato2_ws/src/siot/ouster_example/ouster_client/include/ouster/lidar_scan.h:69:27:[m[K [01;36m[Knote: [m[Kdeclared here
     struct [[deprecated]] [01;36m[KBlockHeader[m[K {
                           [01;36m[K^~~~~~~~~~~[m[K
[01m[K/home/msi/caato2_ws/src/siot/ouster_example/ouster_client/include/ouster/lidar_scan.h:207:59:[m[K [01;35m[Kwarning: [m[K‘[01m[KBlockHeader[m[K’ is deprecated [[01;35m[K-Wdeprecated-declarations[m[K]
     [[deprecated]] const BlockHeader& header(size_t m_id) [01;35m[Kconst[m[K;
                                                           [01;35m[K^~~~~[m[K
[01m[K/home/msi/caato2_ws/src/siot/ouster_example/ouster_client/include/ouster/lidar_scan.h:69:27:[m[K [01;36m[Knote: [m[Kdeclared here
     struct [[deprecated]] [01;36m[KBlockHeader[m[K {
                           [01;36m[K^~~~~~~~~~~[m[K
[01m[K/home/msi/caato2_ws/src/siot/ouster_example/ouster_client/include/ouster/lidar_scan.h:297:63:[m[K [01;35m[Kwarning: [m[K‘[01m[KBlockHeader[m[K’ is deprecated [[01;35m[K-Wdeprecated-declarations[m[K]
                                const LidarScan::BlockHeader& b[01;35m[K)[m[K;
                                                               [01;35m[K^[m[K
[01m[K/home/msi/caato2_ws/src/siot/ouster_example/ouster_client/include/ouster/lidar_scan.h:297:63:[m[K [01;35m[Kwarning: [m[K‘[01m[KBlockHeader[m[K’ is deprecated [[01;35m[K-Wdeprecated-declarations[m[K]
In file included from [01m[K/home/msi/caato2_ws/src/siot/ouster_example/ouster_client/include/ouster/client.h:15[m[K,
                 from [01m[K/home/msi/caato2_ws/src/siot/ouster_example/ouster_client/src/example.cpp:12[m[K:
[01m[K/home/msi/caato2_ws/src/siot/ouster_example/ouster_client/include/ouster/types.h:[m[K In destructor ‘[01m[Kouster::sensor::sensor_info::~sensor_info()[m[K’:
[01m[K/home/msi/caato2_ws/src/siot/ouster_example/ouster_client/include/ouster/types.h:340:8:[m[K [01;35m[Kwarning: [m[K‘[01m[Kouster::sensor::sensor_info::name[m[K’ is deprecated [[01;35m[K-Wdeprecated-declarations[m[K]
 struct [01;35m[Ksensor_info[m[K {
        [01;35m[K^~~~~~~~~~~[m[K
[01m[K/home/msi/caato2_ws/src/siot/ouster_example/ouster_client/include/ouster/types.h:342:9:[m[K [01;36m[Knote: [m[Kdeclared here
         [01;36m[Kname[m[K;            ///< @deprecated: will be removed in the next version
         [01;36m[K^~~~[m[K
[01m[K/home/msi/caato2_ws/src/siot/ouster_example/ouster_client/include/ouster/types.h:340:8:[m[K [01;35m[Kwarning: [m[K‘[01m[Kouster::sensor::sensor_info::name[m[K’ is deprecated [[01;35m[K-Wdeprecated-declarations[m[K]
 struct [01;35m[Ksensor_info[m[K {
        [01;35m[K^~~~~~~~~~~[m[K
[01m[K/home/msi/caato2_ws/src/siot/ouster_example/ouster_client/include/ouster/types.h:342:9:[m[K [01;36m[Knote: [m[Kdeclared here
         [01;36m[Kname[m[K;            ///< @deprecated: will be removed in the next version
         [01;36m[K^~~~[m[K
[01m[K/home/msi/caato2_ws/src/siot/ouster_example/ouster_client/src/example.cpp:[m[K In function ‘[01m[Kint main(int, char**)[m[K’:
[01m[K/home/msi/caato2_ws/src/siot/ouster_example/ouster_client/src/example.cpp:68:63:[m[K [01;36m[Knote: [m[Ksynthesized method ‘[01m[Kouster::sensor::sensor_info::~sensor_info()[m[K’ first required here
     sensor::sensor_info info = sensor::parse_metadata(metadata[01;36m[K)[m[K;
                                                               [01;36m[K^[m[K
In file included from [01m[K/home/msi/caato2_ws/src/siot/ouster_example/ouster_client/include/ouster/client.h:15[m[K,
                 from [01m[K/home/msi/caato2_ws/src/siot/ouster_example/ouster_client/src/example.cpp:12[m[K:
[01m[K/home/msi/caato2_ws/src/siot/ouster_example/ouster_client/include/ouster/types.h:[m[K In constructor ‘[01m[Kouster::sensor::sensor_info::sensor_info(ouster::sensor::sensor_info&&)[m[K’:
[01m[K/home/msi/caato2_ws/src/siot/ouster_example/ouster_client/include/ouster/types.h:340:8:[m[K [01;35m[Kwarning: [m[K‘[01m[Kouster::sensor::sensor_info::name[m[K’ is deprecated [[01;35m[K-Wdeprecated-declarations[m[K]
 struct [01;35m[Ksensor_info[m[K {
        [01;35m[K^~~~~~~~~~~[m[K
[01m[K/home/msi/caato2_ws/src/siot/ouster_example/ouster_client/include/ouster/types.h:342:9:[m[K [01;36m[Knote: [m[Kdeclared here
         [01;36m[Kname[m[K;            ///< @deprecated: will be removed in the next version
         [01;36m[K^~~~[m[K
[01m[K/home/msi/caato2_ws/src/siot/ouster_example/ouster_client/include/ouster/types.h:340:8:[m[K [01;35m[Kwarning: [m[K‘[01m[Kouster::sensor::sensor_info::name[m[K’ is deprecated [[01;35m[K-Wdeprecated-declarations[m[K]
 struct [01;35m[Ksensor_info[m[K {
        [01;35m[K^~~~~~~~~~~[m[K
[01m[K/home/msi/caato2_ws/src/siot/ouster_example/ouster_client/include/ouster/types.h:342:9:[m[K [01;36m[Knote: [m[Kdeclared here
         [01;36m[Kname[m[K;            ///< @deprecated: will be removed in the next version
         [01;36m[K^~~~[m[K
[01m[K/home/msi/caato2_ws/src/siot/ouster_example/ouster_client/include/ouster/types.h:340:8:[m[K [01;35m[Kwarning: [m[K‘[01m[Kouster::sensor::sensor_info::name[m[K’ is deprecated [[01;35m[K-Wdeprecated-declarations[m[K]
 struct [01;35m[Ksensor_info[m[K {
        [01;35m[K^~~~~~~~~~~[m[K
[01m[K/home/msi/caato2_ws/src/siot/ouster_example/ouster_client/include/ouster/types.h:342:9:[m[K [01;36m[Knote: [m[Kdeclared here
         [01;36m[Kname[m[K;            ///< @deprecated: will be removed in the next version
         [01;36m[K^~~~[m[K
[01m[K/home/msi/caato2_ws/src/siot/ouster_example/ouster_client/include/ouster/types.h:340:8:[m[K [01;35m[Kwarning: [m[K‘[01m[Kouster::sensor::sensor_info::name[m[K’ is deprecated [[01;35m[K-Wdeprecated-declarations[m[K]
 struct [01;35m[Ksensor_info[m[K {
        [01;35m[K^~~~~~~~~~~[m[K
[01m[K/home/msi/caato2_ws/src/siot/ouster_example/ouster_client/include/ouster/types.h:342:9:[m[K [01;36m[Knote: [m[Kdeclared here
         [01;36m[Kname[m[K;            ///< @deprecated: will be removed in the next version
         [01;36m[K^~~~[m[K
[01m[K/home/msi/caato2_ws/src/siot/ouster_example/ouster_client/src/example.cpp:[m[K In function ‘[01m[Kint main(int, char**)[m[K’:
[01m[K/home/msi/caato2_ws/src/siot/ouster_example/ouster_client/src/example.cpp:68:63:[m[K [01;36m[Knote: [m[Ksynthesized method ‘[01m[Kouster::sensor::sensor_info::sensor_info(ouster::sensor::sensor_info&&)[m[K’ first required here
     sensor::sensor_info info = sensor::parse_metadata(metadata[01;36m[K)[m[K;
                                                               [01;36m[K^[m[K
In file included from [01m[K/home/msi/caato2_ws/src/siot/ouster_example/ouster_client/include/ouster/client.h:15[m[K,
                 from [01m[K/home/msi/caato2_ws/src/siot/ouster_example/ouster_client/src/example.cpp:12[m[K:
[01m[K/home/msi/caato2_ws/src/siot/ouster_example/ouster_client/include/ouster/types.h:[m[K In copy constructor ‘[01m[Kouster::sensor::packet_format::packet_format(const ouster::sensor::packet_format&)[m[K’:
[01m[K/home/msi/caato2_ws/src/siot/ouster_example/ouster_client/include/ouster/types.h:728:7:[m[K [01;35m[Kwarning: [m[K‘[01m[Kouster::sensor::packet_format::encoder_ticks_per_rev[m[K’ is deprecated [[01;35m[K-Wdeprecated-declarations[m[K]
 class [01;35m[Kpacket_format[m[K final {
       [01;35m[K^~~~~~~~~~~~~[m[K
[01m[K/home/msi/caato2_ws/src/siot/ouster_example/ouster_client/include/ouster/types.h:752:30:[m[K [01;36m[Knote: [m[Kdeclared here
     [[deprecated]] const int [01;36m[Kencoder_ticks_per_rev[m[K;  ///< @deprecated
                              [01;36m[K^~~~~~~~~~~~~~~~~~~~~[m[K
[01m[K/home/msi/caato2_ws/src/siot/ouster_example/ouster_client/include/ouster/types.h:728:7:[m[K [01;35m[Kwarning: [m[K‘[01m[Kouster::sensor::packet_format::encoder_ticks_per_rev[m[K’ is deprecated [[01;35m[K-Wdeprecated-declarations[m[K]
 class [01;35m[Kpacket_format[m[K final {
       [01;35m[K^~~~~~~~~~~~~[m[K
[01m[K/home/msi/caato2_ws/src/siot/ouster_example/ouster_client/include/ouster/types.h:752:30:[m[K [01;36m[Knote: [m[Kdeclared here
     [[deprecated]] const int [01;36m[Kencoder_ticks_per_rev[m[K;  ///< @deprecated
                              [01;36m[K^~~~~~~~~~~~~~~~~~~~~[m[K
[01m[K/home/msi/caato2_ws/src/siot/ouster_example/ouster_client/src/example.cpp:[m[K In function ‘[01m[Kint main(int, char**)[m[K’:
[01m[K/home/msi/caato2_ws/src/siot/ouster_example/ouster_client/src/example.cpp:92:55:[m[K [01;36m[Knote: [m[Ksynthesized method ‘[01m[Kouster::sensor::packet_format::packet_format(const ouster::sensor::packet_format&)[m[K’ first required here
     sensor::packet_format pf = sensor::get_format(info[01;36m[K)[m[K;
                                                       [01;36m[K^[m[K
[01m[K/home/msi/caato2_ws/src/siot/ouster_example/ouster_client/src/example.cpp:123:30:[m[K [01;35m[Kwarning: [m[K‘[01m[Kouster::LidarScan::headers[m[K’ is deprecated [[01;35m[K-Wdeprecated-declarations[m[K]
                     scans[i].[01;35m[Kheaders[m[K.begin(), scans[i].headers.end(),
                              [01;35m[K^~~~~~~[m[K
In file included from [01m[K/home/msi/caato2_ws/src/siot/ouster_example/ouster_client/src/example.cpp:13[m[K:
[01m[K/home/msi/caato2_ws/src/siot/ouster_example/ouster_client/include/ouster/lidar_scan.h:112:53:[m[K [01;36m[Knote: [m[Kdeclared here
     [[deprecated]] std::vector<BlockHeader> headers{[01;36m[K}[m[K;
                                                     [01;36m[K^[m[K
[01m[K/home/msi/caato2_ws/src/siot/ouster_example/ouster_client/src/example.cpp:123:30:[m[K [01;35m[Kwarning: [m[K‘[01m[Kouster::LidarScan::headers[m[K’ is deprecated [[01;35m[K-Wdeprecated-declarations[m[K]
                     scans[i].[01;35m[Kheaders[m[K.begin(), scans[i].headers.end(),
                              [01;35m[K^~~~~~~[m[K
In file included from [01m[K/home/msi/caato2_ws/src/siot/ouster_example/ouster_client/src/example.cpp:13[m[K:
[01m[K/home/msi/caato2_ws/src/siot/ouster_example/ouster_client/include/ouster/lidar_scan.h:112:53:[m[K [01;36m[Knote: [m[Kdeclared here
     [[deprecated]] std::vector<BlockHeader> headers{[01;36m[K}[m[K;
                                                     [01;36m[K^[m[K
[01m[K/home/msi/caato2_ws/src/siot/ouster_example/ouster_client/src/example.cpp:123:30:[m[K [01;35m[Kwarning: [m[K‘[01m[Kouster::LidarScan::headers[m[K’ is deprecated [[01;35m[K-Wdeprecated-declarations[m[K]
                     scans[i].[01;35m[Kheaders[m[K.begin(), scans[i].headers.end(),
                              [01;35m[K^~~~~~~[m[K
In file included from [01m[K/home/msi/caato2_ws/src/siot/ouster_example/ouster_client/src/example.cpp:13[m[K:
[01m[K/home/msi/caato2_ws/src/siot/ouster_example/ouster_client/include/ouster/lidar_scan.h:112:53:[m[K [01;36m[Knote: [m[Kdeclared here
     [[deprecated]] std::vector<BlockHeader> headers{[01;36m[K}[m[K;
                                                     [01;36m[K^[m[K
[01m[K/home/msi/caato2_ws/src/siot/ouster_example/ouster_client/src/example.cpp:123:56:[m[K [01;35m[Kwarning: [m[K‘[01m[Kouster::LidarScan::headers[m[K’ is deprecated [[01;35m[K-Wdeprecated-declarations[m[K]
                     scans[i].headers.begin(), scans[i].[01;35m[Kheaders[m[K.end(),
                                                        [01;35m[K^~~~~~~[m[K
In file included from [01m[K/home/msi/caato2_ws/src/siot/ouster_example/ouster_client/src/example.cpp:13[m[K:
[01m[K/home/msi/caato2_ws/src/siot/ouster_example/ouster_client/include/ouster/lidar_scan.h:112:53:[m[K [01;36m[Knote: [m[Kdeclared here
     [[deprecated]] std::vector<BlockHeader> headers{[01;36m[K}[m[K;
                                                     [01;36m[K^[m[K
[01m[K/home/msi/caato2_ws/src/siot/ouster_example/ouster_client/src/example.cpp:123:56:[m[K [01;35m[Kwarning: [m[K‘[01m[Kouster::LidarScan::headers[m[K’ is deprecated [[01;35m[K-Wdeprecated-declarations[m[K]
                     scans[i].headers.begin(), scans[i].[01;35m[Kheaders[m[K.end(),
                                                        [01;35m[K^~~~~~~[m[K
In file included from [01m[K/home/msi/caato2_ws/src/siot/ouster_example/ouster_client/src/example.cpp:13[m[K:
[01m[K/home/msi/caato2_ws/src/siot/ouster_example/ouster_client/include/ouster/lidar_scan.h:112:53:[m[K [01;36m[Knote: [m[Kdeclared here
     [[deprecated]] std::vector<BlockHeader> headers{[01;36m[K}[m[K;
                                                     [01;36m[K^[m[K
[01m[K/home/msi/caato2_ws/src/siot/ouster_example/ouster_client/src/example.cpp:123:56:[m[K [01;35m[Kwarning: [m[K‘[01m[Kouster::LidarScan::headers[m[K’ is deprecated [[01;35m[K-Wdeprecated-declarations[m[K]
                     scans[i].headers.begin(), scans[i].[01;35m[Kheaders[m[K.end(),
                                                        [01;35m[K^~~~~~~[m[K
In file included from [01m[K/home/msi/caato2_ws/src/siot/ouster_example/ouster_client/src/example.cpp:13[m[K:
[01m[K/home/msi/caato2_ws/src/siot/ouster_example/ouster_client/include/ouster/lidar_scan.h:112:53:[m[K [01;36m[Knote: [m[Kdeclared here
     [[deprecated]] std::vector<BlockHeader> headers{[01;36m[K}[m[K;
                                                     [01;36m[K^[m[K
[01m[K/home/msi/caato2_ws/src/siot/ouster_example/ouster_client/src/example.cpp:124:55:[m[K [01;35m[Kwarning: [m[K‘[01m[KBlockHeader[m[K’ is deprecated [[01;35m[K-Wdeprecated-declarations[m[K]
                     [](const LidarScan::BlockHeader& h[01;35m[K)[m[K {
                                                       [01;35m[K^[m[K
[ 94%] [32m[1mLinking CXX executable ouster_client_example[0m
[ 94%] Built target ouster_client_example
[100%] [32m[1mLinking CXX static library libouster_viz.a[0m
[100%] Built target ouster_viz
-- Install configuration: "Release"
-- Installing: /home/msi/caato2_ws/install/ouster_example/lib/cmake/OusterSDK/OusterSDKTargets.cmake
-- Installing: /home/msi/caato2_ws/install/ouster_example/lib/cmake/OusterSDK/OusterSDKTargets-release.cmake
-- Installing: /home/msi/caato2_ws/install/ouster_example/lib/cmake/OusterSDK/OusterSDKConfig.cmake
-- Installing: /home/msi/caato2_ws/install/ouster_example/lib/cmake/OusterSDK/OusterSDKConfigVersion.cmake
-- Installing: /home/msi/caato2_ws/install/ouster_example/share/LICENSE
-- Installing: /home/msi/caato2_ws/install/ouster_example/share/LICENSE-bin
-- Installing: /home/msi/caato2_ws/install/ouster_example/lib/libouster_client.a
-- Installing: /home/msi/caato2_ws/install/ouster_example/bin/ouster_client_example
-- Installing: /home/msi/caato2_ws/install/ouster_example/include/ouster
-- Installing: /home/msi/caato2_ws/install/ouster_example/include/ouster/version.h
-- Installing: /home/msi/caato2_ws/install/ouster_example/include/ouster/types.h
-- Installing: /home/msi/caato2_ws/install/ouster_example/include/ouster/impl
-- Installing: /home/msi/caato2_ws/install/ouster_example/include/ouster/impl/netcompat.h
-- Installing: /home/msi/caato2_ws/install/ouster_example/include/ouster/impl/lidar_scan_impl.h
-- Installing: /home/msi/caato2_ws/install/ouster_example/include/ouster/image_processing.h
-- Installing: /home/msi/caato2_ws/install/ouster_example/include/ouster/client.h
-- Installing: /home/msi/caato2_ws/install/ouster_example/include/ouster/lidar_scan.h
-- Installing: /home/msi/caato2_ws/install/ouster_example/include/ouster/buffered_udp_source.h
-- Installing: /home/msi/caato2_ws/install/ouster_example/include/optional-lite
-- Installing: /home/msi/caato2_ws/install/ouster_example/include/optional-lite/LICENSE.txt
-- Installing: /home/msi/caato2_ws/install/ouster_example/include/optional-lite/nonstd
-- Installing: /home/msi/caato2_ws/install/ouster_example/include/optional-lite/nonstd/optional.hpp
-- Installing: /home/msi/caato2_ws/install/ouster_example/lib/libouster_viz.a
-- Up-to-date: /home/msi/caato2_ws/install/ouster_example/include/ouster
-- Installing: /home/msi/caato2_ws/install/ouster_example/include/ouster/point_viz.h
