-- Build type not specified, using: Release
-- The C compiler identification is GNU 8.4.0
-- The CXX compiler identification is GNU 8.4.0
-- Check for working C compiler: /usr/bin/cc
-- Check for working C compiler: /usr/bin/cc -- works
-- Detecting C compiler ABI info
-- Detecting C compiler ABI info - done
-- Detecting C compile features
-- Detecting C compile features - done
-- Check for working CXX compiler: /usr/bin/c++
-- Check for working CXX compiler: /usr/bin/c++ -- works
-- Detecting CXX compiler ABI info
-- Detecting CXX compiler ABI info - done
-- Detecting CXX compile features
-- Detecting CXX compile features - done
-- Found Eigen3: /usr/include/eigen3  
-- Found jsoncpp: /usr/lib/x86_64-linux-gnu/cmake/jsoncpp/jsoncppConfig.cmake  
-- Found OpenGL: /usr/lib/x86_64-linux-gnu/libGL.so;/usr/lib/x86_64-linux-gnu/libGLU.so  
-- glad NOT found, falling back to GLEW
-- Found GLEW: /usr/include (found version "2.1.0") 
-- Found glfw3: /usr/include (found version "3.3.2") 
-- Ouster SDK client: Using EIGEN_MAX_ALIGN_BYTES = 32
-- Configuring done
-- Generating done
-- Build files have been written to: /home/msi/caato2_ws/build/ouster_example
[35m[1mScanning dependencies of target generate_build_header[0m
[  0%] Built target generate_build_header
[35m[1mScanning dependencies of target ouster_client[0m
[ 16%] [32mBuilding CXX object ouster_client/CMakeFiles/ouster_client.dir/src/client.cpp.o[0m
[ 16%] [32mBuilding CXX object ouster_client/CMakeFiles/ouster_client.dir/src/lidar_scan.cpp.o[0m
[ 16%] [32mBuilding CXX object ouster_client/CMakeFiles/ouster_client.dir/src/netcompat.cpp.o[0m
[ 22%] [32mBuilding CXX object ouster_client/CMakeFiles/ouster_client.dir/src/image_processing.cpp.o[0m
[ 27%] [32mBuilding CXX object ouster_client/CMakeFiles/ouster_client.dir/src/buffered_udp_source.cpp.o[0m
[ 33%] [32mBuilding CXX object ouster_client/CMakeFiles/ouster_client.dir/src/types.cpp.o[0m
[ 38%] [32mBuilding CXX object ouster_client/CMakeFiles/ouster_client.dir/src/parsing.cpp.o[0m
[ 44%] [32m[1mLinking CXX static library libouster_client.a[0m
[ 44%] Built target ouster_client
[35m[1mScanning dependencies of target ouster_client_example[0m
[35m[1mScanning dependencies of target ouster_viz[0m
[ 50%] [32mBuilding CXX object ouster_client/CMakeFiles/ouster_client_example.dir/src/example.cpp.o[0m
[ 66%] [32mBuilding CXX object ouster_viz/CMakeFiles/ouster_viz.dir/src/cloud.cpp.o[0m
[ 66%] [32mBuilding CXX object ouster_viz/CMakeFiles/ouster_viz.dir/src/point_viz.cpp.o[0m
[ 66%] [32mBuilding CXX object ouster_viz/CMakeFiles/ouster_viz.dir/src/camera.cpp.o[0m
[ 72%] [32mBuilding CXX object ouster_viz/CMakeFiles/ouster_viz.dir/src/image.cpp.o[0m
[ 77%] [32mBuilding CXX object ouster_viz/CMakeFiles/ouster_viz.dir/src/gltext.cpp.o[0m
[ 83%] [32mBuilding CXX object ouster_viz/CMakeFiles/ouster_viz.dir/src/misc.cpp.o[0m
[ 88%] [32mBuilding CXX object ouster_viz/CMakeFiles/ouster_viz.dir/src/glfw.cpp.o[0m
[ 94%] [32m[1mLinking CXX executable ouster_client_example[0m
[ 94%] Built target ouster_client_example
[100%] [32m[1mLinking CXX static library libouster_viz.a[0m
[100%] Built target ouster_viz
-- Install configuration: "Release"
-- Installing: /home/msi/caato2_ws/install/ouster_example/lib/cmake/OusterSDK/OusterSDKTargets.cmake
-- Installing: /home/msi/caato2_ws/install/ouster_example/lib/cmake/OusterSDK/OusterSDKTargets-release.cmake
-- Installing: /home/msi/caato2_ws/install/ouster_example/lib/cmake/OusterSDK/OusterSDKConfig.cmake
-- Installing: /home/msi/caato2_ws/install/ouster_example/lib/cmake/OusterSDK/OusterSDKConfigVersion.cmake
-- Installing: /home/msi/caato2_ws/install/ouster_example/share/LICENSE
-- Installing: /home/msi/caato2_ws/install/ouster_example/share/LICENSE-bin
-- Installing: /home/msi/caato2_ws/install/ouster_example/lib/libouster_client.a
-- Installing: /home/msi/caato2_ws/install/ouster_example/bin/ouster_client_example
-- Installing: /home/msi/caato2_ws/install/ouster_example/include/ouster
-- Installing: /home/msi/caato2_ws/install/ouster_example/include/ouster/version.h
-- Installing: /home/msi/caato2_ws/install/ouster_example/include/ouster/types.h
-- Installing: /home/msi/caato2_ws/install/ouster_example/include/ouster/impl
-- Installing: /home/msi/caato2_ws/install/ouster_example/include/ouster/impl/netcompat.h
-- Installing: /home/msi/caato2_ws/install/ouster_example/include/ouster/impl/lidar_scan_impl.h
-- Installing: /home/msi/caato2_ws/install/ouster_example/include/ouster/image_processing.h
-- Installing: /home/msi/caato2_ws/install/ouster_example/include/ouster/client.h
-- Installing: /home/msi/caato2_ws/install/ouster_example/include/ouster/lidar_scan.h
-- Installing: /home/msi/caato2_ws/install/ouster_example/include/ouster/buffered_udp_source.h
-- Installing: /home/msi/caato2_ws/install/ouster_example/include/optional-lite
-- Installing: /home/msi/caato2_ws/install/ouster_example/include/optional-lite/LICENSE.txt
-- Installing: /home/msi/caato2_ws/install/ouster_example/include/optional-lite/nonstd
-- Installing: /home/msi/caato2_ws/install/ouster_example/include/optional-lite/nonstd/optional.hpp
-- Installing: /home/msi/caato2_ws/install/ouster_example/lib/libouster_viz.a
-- Up-to-date: /home/msi/caato2_ws/install/ouster_example/include/ouster
-- Installing: /home/msi/caato2_ws/install/ouster_example/include/ouster/point_viz.h
