[0.156s] Invoking command in '/home/msi/caato2_ws/build/realsense2_camera': /usr/bin/cmake --build /home/msi/caato2_ws/build/realsense2_camera -- -j20 -l20
[0.204s] [  0%] Built target std_msgs_generate_messages_nodejs
[0.204s] [  0%] Built target sensor_msgs_generate_messages_lisp
[0.204s] [  0%] Built target sensor_msgs_generate_messages_nodejs
[0.204s] [  0%] Built target std_msgs_generate_messages_lisp
[0.206s] [  0%] Built target sensor_msgs_generate_messages_eus
[0.206s] [  0%] Built target std_msgs_generate_messages_eus
[0.206s] [  0%] Built target tf_generate_messages_lisp
[0.206s] [  0%] Built target sensor_msgs_generate_messages_py
[0.206s] [  0%] Built target diagnostic_msgs_generate_messages_nodejs
[0.206s] [  0%] Built target std_msgs_generate_messages_py
[0.206s] [  0%] Built target dynamic_reconfigure_generate_messages_cpp
[0.206s] [  0%] Built target diagnostic_msgs_generate_messages_eus
[0.206s] [  0%] Built target dynamic_reconfigure_gencfg
[0.207s] [  0%] Built target std_msgs_generate_messages_cpp
[0.207s] [  0%] Built target sensor_msgs_generate_messages_cpp
[0.207s] [  0%] Built target tf2_msgs_generate_messages_nodejs
[0.207s] [  0%] Built target actionlib_generate_messages_cpp
[0.207s] [  0%] Built target dynamic_reconfigure_generate_messages_lisp
[0.207s] [  0%] Built target diagnostic_msgs_generate_messages_lisp
[0.207s] [  0%] Built target tf2_msgs_generate_messages_cpp
[0.207s] [  0%] Built target tf2_msgs_generate_messages_lisp
[0.207s] [  0%] Built target actionlib_generate_messages_py
[0.207s] [  0%] Built target roscpp_generate_messages_eus
[0.207s] [  0%] Built target actionlib_generate_messages_nodejs
[0.207s] [  0%] Built target actionlib_msgs_generate_messages_py
[0.208s] [  0%] Built target rosgraph_msgs_generate_messages_nodejs
[0.208s] [  0%] Built target tf_generate_messages_py
[0.208s] [  0%] Built target tf_generate_messages_nodejs
[0.208s] [  0%] Built target geometry_msgs_generate_messages_lisp
[0.208s] [  0%] Built target actionlib_generate_messages_lisp
[0.208s] [  0%] Built target nav_msgs_generate_messages_eus
[0.208s] [  0%] Built target actionlib_msgs_generate_messages_nodejs
[0.208s] [  0%] Built target tf_generate_messages_cpp
[0.208s] [  0%] Built target actionlib_msgs_generate_messages_lisp
[0.208s] [  0%] Built target _realsense2_camera_generate_messages_check_deps_IMUInfo
[0.208s] [  0%] Built target _realsense2_camera_generate_messages_check_deps_Extrinsics
[0.211s] [  0%] Built target _catkin_empty_exported_target
[0.211s] [  0%] Built target roscpp_generate_messages_lisp
[0.212s] [  0%] Built target diagnostic_msgs_generate_messages_cpp
[0.212s] [  0%] Built target geometry_msgs_generate_messages_eus
[0.212s] [  0%] Built target dynamic_reconfigure_generate_messages_py
[0.212s] [  0%] Built target actionlib_msgs_generate_messages_eus
[0.212s] [  0%] Built target nodelet_generate_messages_lisp
[0.212s] [  0%] Built target tf_generate_messages_eus
[0.212s] [  0%] Built target rosgraph_msgs_generate_messages_lisp
[0.212s] [  0%] Built target rosgraph_msgs_generate_messages_py
[0.212s] [  0%] Built target std_srvs_generate_messages_cpp
[0.212s] [  0%] Built target geometry_msgs_generate_messages_py
[0.212s] [  0%] Built target actionlib_msgs_generate_messages_cpp
[0.213s] [  0%] Built target tf2_msgs_generate_messages_eus
[0.213s] [  0%] Built target geometry_msgs_generate_messages_nodejs
[0.213s] [  0%] Built target geometry_msgs_generate_messages_cpp
[0.213s] [  0%] Built target dynamic_reconfigure_generate_messages_eus
[0.220s] [  0%] Built target nav_msgs_generate_messages_cpp
[0.220s] [  0%] Built target nav_msgs_generate_messages_lisp
[0.220s] [  0%] Built target roscpp_generate_messages_cpp
[0.225s] [  0%] Built target actionlib_generate_messages_eus
[0.229s] [  0%] Built target roscpp_generate_messages_nodejs
[0.229s] [  0%] Built target rosgraph_msgs_generate_messages_eus
[0.229s] [  0%] Built target std_srvs_generate_messages_py
[0.229s] [  0%] Built target rosgraph_msgs_generate_messages_cpp
[0.230s] [  0%] Built target nav_msgs_generate_messages_nodejs
[0.230s] [  0%] Built target roscpp_generate_messages_py
[0.230s] [  0%] Built target diagnostic_msgs_generate_messages_py
[0.230s] [  0%] Built target std_srvs_generate_messages_lisp
[0.230s] [  0%] Built target std_srvs_generate_messages_eus
[0.231s] [  0%] Built target bond_generate_messages_lisp
[0.231s] [  0%] Built target tf2_msgs_generate_messages_py
[0.231s] [  0%] Built target bond_generate_messages_cpp
[0.231s] [  0%] Built target nodelet_generate_messages_cpp
[0.235s] [  0%] Built target dynamic_reconfigure_generate_messages_nodejs
[0.237s] [  0%] Built target bond_generate_messages_eus
[0.238s] [  0%] Built target nodelet_generate_messages_eus
[0.238s] [  0%] Built target nodelet_generate_messages_nodejs
[0.239s] [  0%] Built target std_srvs_generate_messages_nodejs
[0.240s] [  0%] Built target nodelet_generate_messages_py
[0.242s] [  0%] Built target nav_msgs_generate_messages_py
[0.242s] [  0%] Built target bond_generate_messages_py
[0.242s] [  0%] Built target bond_generate_messages_nodejs
[0.243s] [ 12%] Built target realsense2_camera_generate_messages_lisp
[0.244s] [ 31%] Built target realsense2_camera_generate_messages_eus
[0.244s] [ 43%] Built target realsense2_camera_generate_messages_cpp
[0.244s] [ 62%] Built target realsense2_camera_generate_messages_nodejs
[0.244s] [ 75%] Built target realsense2_camera_generate_messages_py
[0.256s] [ 75%] Built target realsense2_camera_generate_messages
[0.266s] [100%] Built target realsense2_camera
[0.379s] Invoked command in '/home/msi/caato2_ws/build/realsense2_camera' returned '0': /usr/bin/cmake --build /home/msi/caato2_ws/build/realsense2_camera -- -j20 -l20
[0.528s] Invoking command in '/home/msi/caato2_ws/build/realsense2_camera': /usr/bin/cmake --build /home/msi/caato2_ws/build/realsense2_camera --target tests -- -j20 -l20
[0.582s] Built target tests
