-- The C compiler identification is GNU 8.4.0
-- The CXX compiler identification is GNU 8.4.0
-- Check for working C compiler: /usr/bin/cc
-- Check for working C compiler: /usr/bin/cc -- works
-- Detecting C compiler ABI info
-- Detecting C compiler ABI info - done
-- Detecting C compile features
-- Detecting C compile features - done
-- Check for working CXX compiler: /usr/bin/c++
-- Check for working CXX compiler: /usr/bin/c++ -- works
-- Detecting CXX compiler ABI info
-- Detecting CXX compiler ABI info - done
-- Detecting CXX compile features
-- Detecting CXX compile features - done
-- Using CATKIN_DEVEL_PREFIX: /home/msi/caato2_ws/build/amcl3d/devel
-- Using CMAKE_PREFIX_PATH: /home/msi/caato2_ws/install/rosinrange_msg;/home/msi/amcl3d/amcl3d/devel;/opt/ros/noetic
-- This workspace overlays: /home/msi/caato2_ws/install/rosinrange_msg;/opt/ros/noetic
-- Found PythonInterp: /usr/bin/python3 (found suitable version "3.8.10", minimum required is "3") 
-- Using PYTHON_EXECUTABLE: /usr/bin/python3
-- Using Debian Python package layout
-- Found PY_em: /usr/lib/python3/dist-packages/em.py  
-- Using empy: /usr/lib/python3/dist-packages/em.py
-- Using CATKIN_ENABLE_TESTING: ON
-- Call enable_testing()
-- Using CATKIN_TEST_RESULTS_DIR: /home/msi/caato2_ws/build/amcl3d/test_results
-- Forcing gtest/gmock from source, though one was otherwise available.
-- Found gtest sources under '/usr/src/googletest': gtests will be built
-- Found gmock sources under '/usr/src/googletest': gmock will be built
-- Found PythonInterp: /usr/bin/python3 (found version "3.8.10") 
-- Found Threads: TRUE  
-- Using Python nosetests: /usr/bin/nosetests3
-- catkin 0.8.10
-- BUILD_SHARED_LIBS is on
-- Using these message generators: gencpp;geneus;genlisp;gennodejs;genpy
-- Could NOT find octomap_ros (missing: octomap_ros_DIR)
-- Could not find the required component 'octomap_ros'. The following CMake error indicates that you either need to install the package with the same name or change your environment so that it can be found.
CMake Error at /opt/ros/noetic/share/catkin/cmake/catkinConfig.cmake:83 (find_package):
  Could not find a package configuration file provided by "octomap_ros" with
  any of the following names:

    octomap_rosConfig.cmake
    octomap_ros-config.cmake

  Add the installation prefix of "octomap_ros" to CMAKE_PREFIX_PATH or set
  "octomap_ros_DIR" to a directory containing one of the above files.  If
  "octomap_ros" provides a separate development package or SDK, be sure it
  has been installed.
Call Stack (most recent call first):
  CMakeLists.txt:10 (find_package)


-- Configuring incomplete, errors occurred!
See also "/home/msi/caato2_ws/build/amcl3d/CMakeFiles/CMakeOutput.log".
See also "/home/msi/caato2_ws/build/amcl3d/CMakeFiles/CMakeError.log".
