[0.067s] Invoking command in '/home/msi/caato2_ws/build/amcl3d': CMAKE_PREFIX_PATH=/home/msi/caato2_ws/install/rosinrange_msg:${CMAKE_PREFIX_PATH} PKG_CONFIG_PATH=/home/msi/caato2_ws/install/rosinrange_msg/lib/x86_64-linux-gnu/pkgconfig:/home/msi/caato2_ws/install/rosinrange_msg/lib/pkgconfig:${PKG_CONFIG_PATH} PYTHONPATH=/home/msi/caato2_ws/install/rosinrange_msg/lib/python3/dist-packages:${PYTHONPATH} ROS_PACKAGE_PATH=/home/msi/caato2_ws/install/rosinrange_msg/share:${ROS_PACKAGE_PATH} /usr/bin/cmake /home/msi/caato2_ws/src/siot/amcl3d -DCATKIN_INSTALL_INTO_PREFIX_ROOT=0 -DCMAKE_INSTALL_PREFIX=/home/msi/caato2_ws/install/amcl3d
[0.105s] -- The C compiler identification is GNU 8.4.0
[0.146s] -- The CXX compiler identification is GNU 8.4.0
[0.149s] -- Check for working C compiler: /usr/bin/cc
[0.195s] -- Check for working C compiler: /usr/bin/cc -- works
[0.195s] -- Detecting C compiler ABI info
[0.230s] -- Detecting C compiler ABI info - done
[0.240s] -- Detecting C compile features
[0.240s] -- Detecting C compile features - done
[0.244s] -- Check for working CXX compiler: /usr/bin/c++
[0.288s] -- Check for working CXX compiler: /usr/bin/c++ -- works
[0.289s] -- Detecting CXX compiler ABI info
[0.335s] -- Detecting CXX compiler ABI info - done
[0.346s] -- Detecting CXX compile features
[0.346s] -- Detecting CXX compile features - done
[0.348s] -- Using CATKIN_DEVEL_PREFIX: /home/msi/caato2_ws/build/amcl3d/devel
[0.348s] -- Using CMAKE_PREFIX_PATH: /home/msi/caato2_ws/install/rosinrange_msg;/home/msi/amcl3d/amcl3d/devel;/opt/ros/noetic
[0.348s] -- This workspace overlays: /home/msi/caato2_ws/install/rosinrange_msg;/opt/ros/noetic
[0.364s] -- Found PythonInterp: /usr/bin/python3 (found suitable version "3.8.10", minimum required is "3") 
[0.364s] -- Using PYTHON_EXECUTABLE: /usr/bin/python3
[0.364s] -- Using Debian Python package layout
[0.384s] -- Found PY_em: /usr/lib/python3/dist-packages/em.py  
[0.384s] -- Using empy: /usr/lib/python3/dist-packages/em.py
[0.462s] -- Using CATKIN_ENABLE_TESTING: ON
[0.462s] -- Call enable_testing()
[0.463s] -- Using CATKIN_TEST_RESULTS_DIR: /home/msi/caato2_ws/build/amcl3d/test_results
[0.731s] -- Forcing gtest/gmock from source, though one was otherwise available.
[0.731s] -- Found gtest sources under '/usr/src/googletest': gtests will be built
[0.731s] -- Found gmock sources under '/usr/src/googletest': gmock will be built
[0.748s] -- Found PythonInterp: /usr/bin/python3 (found version "3.8.10") 
[0.749s] -- Found Threads: TRUE  
[0.752s] -- Using Python nosetests: /usr/bin/nosetests3
[0.790s] -- catkin 0.8.10
[0.790s] -- BUILD_SHARED_LIBS is on
[0.904s] -- Using these message generators: gencpp;geneus;genlisp;gennodejs;genpy
[0.905s] -- Could NOT find octomap_ros (missing: octomap_ros_DIR)
[0.905s] -- Could not find the required component 'octomap_ros'. The following CMake error indicates that you either need to install the package with the same name or change your environment so that it can be found.
[0.905s] CMake Error at /opt/ros/noetic/share/catkin/cmake/catkinConfig.cmake:83 (find_package):
[0.905s]   Could not find a package configuration file provided by "octomap_ros" with
[0.905s]   any of the following names:
[0.906s] 
[0.906s]     octomap_rosConfig.cmake
[0.906s]     octomap_ros-config.cmake
[0.906s] 
[0.906s]   Add the installation prefix of "octomap_ros" to CMAKE_PREFIX_PATH or set
[0.906s]   "octomap_ros_DIR" to a directory containing one of the above files.  If
[0.906s]   "octomap_ros" provides a separate development package or SDK, be sure it
[0.906s]   has been installed.
[0.906s] Call Stack (most recent call first):
[0.906s]   CMakeLists.txt:10 (find_package)
[0.906s] 
[0.906s] 
[0.906s] -- Configuring incomplete, errors occurred!
[0.906s] See also "/home/msi/caato2_ws/build/amcl3d/CMakeFiles/CMakeOutput.log".
[0.906s] See also "/home/msi/caato2_ws/build/amcl3d/CMakeFiles/CMakeError.log".
[0.910s] Invoked command in '/home/msi/caato2_ws/build/amcl3d' returned '1': CMAKE_PREFIX_PATH=/home/msi/caato2_ws/install/rosinrange_msg:${CMAKE_PREFIX_PATH} PKG_CONFIG_PATH=/home/msi/caato2_ws/install/rosinrange_msg/lib/x86_64-linux-gnu/pkgconfig:/home/msi/caato2_ws/install/rosinrange_msg/lib/pkgconfig:${PKG_CONFIG_PATH} PYTHONPATH=/home/msi/caato2_ws/install/rosinrange_msg/lib/python3/dist-packages:${PYTHONPATH} ROS_PACKAGE_PATH=/home/msi/caato2_ws/install/rosinrange_msg/share:${ROS_PACKAGE_PATH} /usr/bin/cmake /home/msi/caato2_ws/src/siot/amcl3d -DCATKIN_INSTALL_INTO_PREFIX_ROOT=0 -DCMAKE_INSTALL_PREFIX=/home/msi/caato2_ws/install/amcl3d
