-- The C compiler identification is GNU 8.4.0
-- The CXX compiler identification is GNU 8.4.0
-- Check for working C compiler: /usr/bin/cc
-- Check for working C compiler: /usr/bin/cc -- works
-- Detecting C compiler ABI info
-- Detecting C compiler ABI info - done
-- Detecting C compile features
-- Detecting C compile features - done
-- Check for working CXX compiler: /usr/bin/c++
-- Check for working CXX compiler: /usr/bin/c++ -- works
-- Detecting CXX compiler ABI info
-- Detecting CXX compiler ABI info - done
-- Detecting CXX compile features
-- Detecting CXX compile features - done
-- Using CATKIN_DEVEL_PREFIX: /home/msi/caato2_ws/build/atc_stm/devel
-- Using CMAKE_PREFIX_PATH: /home/msi/caato2_ws/install/apriltag_ros;/home/msi/caato2_ws/install/atc_utils;/home/msi/caato2_ws/install/atc_msgs;/home/msi/caato2_ws/install/apriltag;/opt/ros/noetic
-- This workspace overlays: /home/msi/caato2_ws/install/apriltag_ros;/home/msi/caato2_ws/install/atc_utils;/home/msi/caato2_ws/install/atc_msgs;/opt/ros/noetic
-- Found PythonInterp: /usr/bin/python3 (found suitable version "3.8.10", minimum required is "3") 
-- Using PYTHON_EXECUTABLE: /usr/bin/python3
-- Using Debian Python package layout
-- Found PY_em: /usr/lib/python3/dist-packages/em.py  
-- Using empy: /usr/lib/python3/dist-packages/em.py
-- Using CATKIN_ENABLE_TESTING: ON
-- Call enable_testing()
-- Using CATKIN_TEST_RESULTS_DIR: /home/msi/caato2_ws/build/atc_stm/test_results
-- Forcing gtest/gmock from source, though one was otherwise available.
-- Found gtest sources under '/usr/src/googletest': gtests will be built
-- Found gmock sources under '/usr/src/googletest': gmock will be built
-- Found PythonInterp: /usr/bin/python3 (found version "3.8.10") 
-- Found Threads: TRUE  
-- Using Python nosetests: /usr/bin/nosetests3
-- catkin 0.8.10
-- BUILD_SHARED_LIBS is on
-- Using these message generators: gencpp;geneus;genlisp;gennodejs;genpy
-- Configuring done
-- Generating done
-- Build files have been written to: /home/msi/caato2_ws/build/atc_stm
[35m[1mScanning dependencies of target atc_stm[0m
[ 30%] [32mBuilding CXX object CMakeFiles/atc_stm.dir/src/atc_stm_main.cpp.o[0m
[ 30%] [32mBuilding CXX object CMakeFiles/atc_stm.dir/src/stm_utils.cpp.o[0m
[ 30%] [32mBuilding CXX object CMakeFiles/atc_stm.dir/src/callbacks.cpp.o[0m
[ 40%] [32mBuilding CXX object CMakeFiles/atc_stm.dir/src/StateTransitionManager.cpp.o[0m
[ 50%] [32mBuilding CXX object CMakeFiles/atc_stm.dir/src/AprilTagLogic/AprilTagLogic.cpp.o[0m
[ 60%] [32mBuilding CXX object CMakeFiles/atc_stm.dir/src/AprilTagLogic/apriltag_utils.cpp.o[0m
[ 70%] [32mBuilding CXX object CMakeFiles/atc_stm.dir/src/ManualModeLogic/ManualModeLogic.cpp.o[0m
[ 80%] [32mBuilding CXX object CMakeFiles/atc_stm.dir/src/DetectorLogic/DetectorLogic.cpp.o[0m
[ 90%] [32mBuilding CXX object CMakeFiles/atc_stm.dir/src/WaypointLogic/WaypointLogic.cpp.o[0m
[100%] [32m[1mLinking CXX executable devel/lib/atc_stm/atc_stm[0m
[100%] Built target atc_stm
[35m[1mScanning dependencies of target tests[0m
Built target tests
-- Install configuration: ""
-- Installing: /home/msi/caato2_ws/install/atc_stm/lib/pkgconfig/atc_stm.pc
-- Installing: /home/msi/caato2_ws/install/atc_stm/share/atc_stm/cmake/atc_stmConfig.cmake
-- Installing: /home/msi/caato2_ws/install/atc_stm/share/atc_stm/cmake/atc_stmConfig-version.cmake
-- Installing: /home/msi/caato2_ws/install/atc_stm/share/atc_stm/package.xml
-- Installing: /home/msi/caato2_ws/install/atc_stm/share/atc_stm/atc_stm
-- Set runtime path of "/home/msi/caato2_ws/install/atc_stm/share/atc_stm/atc_stm" to ""
-- Installing: /home/msi/caato2_ws/install/atc_stm/share/atc_stm/launch
-- Installing: /home/msi/caato2_ws/install/atc_stm/share/atc_stm/launch/astm.noGDB.launch
-- Installing: /home/msi/caato2_ws/install/atc_stm/share/atc_stm/launch/astm.noGDB.2.launch
-- Installing: /home/msi/caato2_ws/install/atc_stm/share/atc_stm/launch/astm.frontbackAT.noGDB.launch
-- Installing: /home/msi/caato2_ws/install/atc_stm/share/atc_stm/launch/tutorial.launch
-- Installing: /home/msi/caato2_ws/install/atc_stm/share/atc_stm/launch/astm.GDB.launch
-- Installing: /home/msi/caato2_ws/install/atc_stm/share/atc_stm/launch/astm.launch
-- Installing: /home/msi/caato2_ws/install/atc_stm/share/atc_stm/launch/astm.apriltag.launch
