[0.009s] Invoking command in '/home/msi/caato2_ws/build/atc_stm': CMAKE_PREFIX_PATH=/home/msi/caato2_ws/install/apriltag_ros:/home/msi/caato2_ws/install/atc_utils:/home/msi/caato2_ws/install/atc_msgs:/home/msi/caato2_ws/install/apriltag:${CMAKE_PREFIX_PATH} LD_LIBRARY_PATH=/home/msi/caato2_ws/install/apriltag_ros/lib:/home/msi/caato2_ws/install/atc_utils/lib:/home/msi/caato2_ws/install/apriltag/lib:${LD_LIBRARY_PATH} PATH=/home/msi/caato2_ws/install/apriltag/bin:${PATH} PKG_CONFIG_PATH=/home/msi/caato2_ws/install/apriltag_ros/lib/x86_64-linux-gnu/pkgconfig:/home/msi/caato2_ws/install/apriltag_ros/lib/pkgconfig:/home/msi/caato2_ws/install/atc_utils/lib/x86_64-linux-gnu/pkgconfig:/home/msi/caato2_ws/install/atc_utils/lib/pkgconfig:/home/msi/caato2_ws/install/atc_msgs/lib/x86_64-linux-gnu/pkgconfig:/home/msi/caato2_ws/install/atc_msgs/lib/pkgconfig:/home/msi/caato2_ws/install/apriltag/lib/x86_64-linux-gnu/pkgconfig:/home/msi/caato2_ws/install/apriltag/lib/pkgconfig:${PKG_CONFIG_PATH} PYTHONPATH=/home/msi/caato2_ws/install/apriltag_ros/lib/python3/dist-packages:/home/msi/caato2_ws/install/atc_msgs/lib/python3/dist-packages:${PYTHONPATH} ROS_PACKAGE_PATH=/home/msi/caato2_ws/install/apriltag_ros/share:/home/msi/caato2_ws/install/atc_utils/share:/home/msi/caato2_ws/install/atc_msgs/share:${ROS_PACKAGE_PATH} /usr/bin/cmake /home/msi/caato2_ws/src/siot/atc_meta_package/atc_stm -DCATKIN_INSTALL_INTO_PREFIX_ROOT=0 -DCMAKE_INSTALL_PREFIX=/home/msi/caato2_ws/install/atc_stm
[0.047s] -- The C compiler identification is GNU 8.4.0
[0.091s] -- The CXX compiler identification is GNU 8.4.0
[0.096s] -- Check for working C compiler: /usr/bin/cc
[0.145s] -- Check for working C compiler: /usr/bin/cc -- works
[0.146s] -- Detecting C compiler ABI info
[0.197s] -- Detecting C compiler ABI info - done
[0.208s] -- Detecting C compile features
[0.209s] -- Detecting C compile features - done
[0.212s] -- Check for working CXX compiler: /usr/bin/c++
[0.270s] -- Check for working CXX compiler: /usr/bin/c++ -- works
[0.272s] -- Detecting CXX compiler ABI info
[0.338s] -- Detecting CXX compiler ABI info - done
[0.354s] -- Detecting CXX compile features
[0.354s] -- Detecting CXX compile features - done
[0.357s] -- Using CATKIN_DEVEL_PREFIX: /home/msi/caato2_ws/build/atc_stm/devel
[0.357s] -- Using CMAKE_PREFIX_PATH: /home/msi/caato2_ws/install/apriltag_ros;/home/msi/caato2_ws/install/atc_utils;/home/msi/caato2_ws/install/atc_msgs;/home/msi/caato2_ws/install/apriltag;/opt/ros/noetic
[0.357s] -- This workspace overlays: /home/msi/caato2_ws/install/apriltag_ros;/home/msi/caato2_ws/install/atc_utils;/home/msi/caato2_ws/install/atc_msgs;/opt/ros/noetic
[0.375s] -- Found PythonInterp: /usr/bin/python3 (found suitable version "3.8.10", minimum required is "3") 
[0.375s] -- Using PYTHON_EXECUTABLE: /usr/bin/python3
[0.375s] -- Using Debian Python package layout
[0.396s] -- Found PY_em: /usr/lib/python3/dist-packages/em.py  
[0.396s] -- Using empy: /usr/lib/python3/dist-packages/em.py
[0.480s] -- Using CATKIN_ENABLE_TESTING: ON
[0.480s] -- Call enable_testing()
[0.481s] -- Using CATKIN_TEST_RESULTS_DIR: /home/msi/caato2_ws/build/atc_stm/test_results
[0.750s] -- Forcing gtest/gmock from source, though one was otherwise available.
[0.750s] -- Found gtest sources under '/usr/src/googletest': gtests will be built
[0.750s] -- Found gmock sources under '/usr/src/googletest': gmock will be built
[0.769s] -- Found PythonInterp: /usr/bin/python3 (found version "3.8.10") 
[0.770s] -- Found Threads: TRUE  
[0.774s] -- Using Python nosetests: /usr/bin/nosetests3
[0.818s] -- catkin 0.8.10
[0.818s] -- BUILD_SHARED_LIBS is on
[1.077s] -- Using these message generators: gencpp;geneus;genlisp;gennodejs;genpy
[1.265s] -- Configuring done
[1.288s] -- Generating done
[1.291s] -- Build files have been written to: /home/msi/caato2_ws/build/atc_stm
[1.298s] Invoked command in '/home/msi/caato2_ws/build/atc_stm' returned '0': CMAKE_PREFIX_PATH=/home/msi/caato2_ws/install/apriltag_ros:/home/msi/caato2_ws/install/atc_utils:/home/msi/caato2_ws/install/atc_msgs:/home/msi/caato2_ws/install/apriltag:${CMAKE_PREFIX_PATH} LD_LIBRARY_PATH=/home/msi/caato2_ws/install/apriltag_ros/lib:/home/msi/caato2_ws/install/atc_utils/lib:/home/msi/caato2_ws/install/apriltag/lib:${LD_LIBRARY_PATH} PATH=/home/msi/caato2_ws/install/apriltag/bin:${PATH} PKG_CONFIG_PATH=/home/msi/caato2_ws/install/apriltag_ros/lib/x86_64-linux-gnu/pkgconfig:/home/msi/caato2_ws/install/apriltag_ros/lib/pkgconfig:/home/msi/caato2_ws/install/atc_utils/lib/x86_64-linux-gnu/pkgconfig:/home/msi/caato2_ws/install/atc_utils/lib/pkgconfig:/home/msi/caato2_ws/install/atc_msgs/lib/x86_64-linux-gnu/pkgconfig:/home/msi/caato2_ws/install/atc_msgs/lib/pkgconfig:/home/msi/caato2_ws/install/apriltag/lib/x86_64-linux-gnu/pkgconfig:/home/msi/caato2_ws/install/apriltag/lib/pkgconfig:${PKG_CONFIG_PATH} PYTHONPATH=/home/msi/caato2_ws/install/apriltag_ros/lib/python3/dist-packages:/home/msi/caato2_ws/install/atc_msgs/lib/python3/dist-packages:${PYTHONPATH} ROS_PACKAGE_PATH=/home/msi/caato2_ws/install/apriltag_ros/share:/home/msi/caato2_ws/install/atc_utils/share:/home/msi/caato2_ws/install/atc_msgs/share:${ROS_PACKAGE_PATH} /usr/bin/cmake /home/msi/caato2_ws/src/siot/atc_meta_package/atc_stm -DCATKIN_INSTALL_INTO_PREFIX_ROOT=0 -DCMAKE_INSTALL_PREFIX=/home/msi/caato2_ws/install/atc_stm
[1.298s] Invoking command in '/home/msi/caato2_ws/build/atc_stm': CMAKE_PREFIX_PATH=/home/msi/caato2_ws/install/apriltag_ros:/home/msi/caato2_ws/install/atc_utils:/home/msi/caato2_ws/install/atc_msgs:/home/msi/caato2_ws/install/apriltag:${CMAKE_PREFIX_PATH} LD_LIBRARY_PATH=/home/msi/caato2_ws/install/apriltag_ros/lib:/home/msi/caato2_ws/install/atc_utils/lib:/home/msi/caato2_ws/install/apriltag/lib:${LD_LIBRARY_PATH} PATH=/home/msi/caato2_ws/install/apriltag/bin:${PATH} PKG_CONFIG_PATH=/home/msi/caato2_ws/install/apriltag_ros/lib/x86_64-linux-gnu/pkgconfig:/home/msi/caato2_ws/install/apriltag_ros/lib/pkgconfig:/home/msi/caato2_ws/install/atc_utils/lib/x86_64-linux-gnu/pkgconfig:/home/msi/caato2_ws/install/atc_utils/lib/pkgconfig:/home/msi/caato2_ws/install/atc_msgs/lib/x86_64-linux-gnu/pkgconfig:/home/msi/caato2_ws/install/atc_msgs/lib/pkgconfig:/home/msi/caato2_ws/install/apriltag/lib/x86_64-linux-gnu/pkgconfig:/home/msi/caato2_ws/install/apriltag/lib/pkgconfig:${PKG_CONFIG_PATH} PYTHONPATH=/home/msi/caato2_ws/install/apriltag_ros/lib/python3/dist-packages:/home/msi/caato2_ws/install/atc_msgs/lib/python3/dist-packages:${PYTHONPATH} ROS_PACKAGE_PATH=/home/msi/caato2_ws/install/apriltag_ros/share:/home/msi/caato2_ws/install/atc_utils/share:/home/msi/caato2_ws/install/atc_msgs/share:${ROS_PACKAGE_PATH} /usr/bin/cmake --build /home/msi/caato2_ws/build/atc_stm -- -j20 -l20
[1.321s] [35m[1mScanning dependencies of target atc_stm[0m
[1.354s] [ 30%] [32mBuilding CXX object CMakeFiles/atc_stm.dir/src/atc_stm_main.cpp.o[0m
[1.354s] [ 30%] [32mBuilding CXX object CMakeFiles/atc_stm.dir/src/stm_utils.cpp.o[0m
[1.354s] [ 30%] [32mBuilding CXX object CMakeFiles/atc_stm.dir/src/callbacks.cpp.o[0m
[1.354s] [ 40%] [32mBuilding CXX object CMakeFiles/atc_stm.dir/src/StateTransitionManager.cpp.o[0m
[1.354s] [ 50%] [32mBuilding CXX object CMakeFiles/atc_stm.dir/src/AprilTagLogic/AprilTagLogic.cpp.o[0m
[1.355s] [ 60%] [32mBuilding CXX object CMakeFiles/atc_stm.dir/src/AprilTagLogic/apriltag_utils.cpp.o[0m
[1.355s] [ 70%] [32mBuilding CXX object CMakeFiles/atc_stm.dir/src/ManualModeLogic/ManualModeLogic.cpp.o[0m
[1.355s] [ 80%] [32mBuilding CXX object CMakeFiles/atc_stm.dir/src/DetectorLogic/DetectorLogic.cpp.o[0m
[1.355s] [ 90%] [32mBuilding CXX object CMakeFiles/atc_stm.dir/src/WaypointLogic/WaypointLogic.cpp.o[0m
[2.989s] [01m[K/home/msi/caato2_ws/src/siot/atc_meta_package/atc_stm/src/StateTransitionManager.cpp:[m[K In member function ‘[01m[Kbool atc_stm::StateTransitionManager::doWaypointDockingMode(ros::Publisher&)[m[K’:
[2.989s] [01m[K/home/msi/caato2_ws/src/siot/atc_meta_package/atc_stm/src/StateTransitionManager.cpp:236:21:[m[K [01;35m[Kwarning: [m[Kformat ‘[01m[K%i[m[K’ expects argument of type ‘[01m[Kint[m[K’, but argument 4 has type ‘[01m[Kstd::vector<geometry_msgs::PoseStamped_<std::allocator<void> > >::size_type[m[K’ {aka ‘[01m[Klong unsigned int[m[K’} [[01;35m[K-Wformat=[m[K]
[2.989s]     sprintf(cbuffer, [01;35m[K"Docking to Trolley, TagID:%i, SampleSize:%i"[m[K, aprilTagLogic_ptr->getClosestTrolleyID(), [32m[KaprilTagLogic_ptr->marker_pose_vec_.size()[m[K);
[2.989s]                      [01;35m[K^~~~~~~~~~~~~~~~~~~~~~~~~~~~~~~~~~~~~~~~~~~~~[m[K                                            [32m[K~~~~~~~~~~~~~~~~~~~~~~~~~~~~~~~~~~~~~~~~~~[m[K
[3.014s] In file included from [01m[K/opt/ros/noetic/include/ros/ros.h:40[m[K,
[3.014s]                  from [01m[K/home/msi/caato2_ws/src/siot/atc_meta_package/atc_stm/src/WaypointLogic/WaypointLogic.h:11[m[K,
[3.014s]                  from [01m[K/home/msi/caato2_ws/src/siot/atc_meta_package/atc_stm/src/WaypointLogic/WaypointLogic.cpp:8[m[K:
[3.014s] [01m[K/home/msi/caato2_ws/src/siot/atc_meta_package/atc_stm/src/WaypointLogic/WaypointLogic.cpp:[m[K In member function ‘[01m[Kvoid atc_stm::WaypointLogic::PublishWp()[m[K’:
[3.014s] [01m[K/home/msi/caato2_ws/src/siot/atc_meta_package/atc_stm/src/WaypointLogic/WaypointLogic.cpp:222:11:[m[K [01;35m[Kwarning: [m[Kformat ‘[01m[K%i[m[K’ expects argument of type ‘[01m[Kint[m[K’, but argument 8 has type ‘[01m[Kstd::vector<atc_msgs::waypoint_msg_<std::allocator<void> >, std::allocator<atc_msgs::waypoint_msg_<std::allocator<void> > > >::size_type[m[K’ {aka ‘[01m[Klong unsigned int[m[K’} [[01;35m[K-Wformat=[m[K]
[3.014s]   ROS_INFO([01;35m[K" WptLogic::PublishWp() arrayWp.waypoints.size(%i)"[m[K, [32m[KarrayWp.waypoints.size()[m[K);
[3.014s]            [01;35m[K^~~~~~~~~~~~~~~~~~~~~~~~~~~~~~~~~~~~~~~~~~~~~~~~~~~[m[K  [32m[K~~~~~~~~~~~~~~~~~~~~~~~~[m[K
[3.014s] [01m[K/opt/ros/noetic/include/ros/console.h:351:165:[m[K [01;36m[Knote: [m[Kin definition of macro ‘[01m[KROSCONSOLE_PRINT_AT_LOCATION_WITH_FILTER[m[K’
[3.014s]      ::ros::console::print(filter, __rosconsole_define_location__loc.logger_, __rosconsole_define_location__loc.level_, __FILE__, __LINE__, __ROSCONSOLE_FUNCTION__, [01;36m[K__VA_ARGS__[m[K)
[3.014s]                                                                                                                                                                      [01;36m[K^~~~~~~~~~~[m[K
[3.014s] [01m[K/opt/ros/noetic/include/ros/console.h:390:7:[m[K [01;36m[Knote: [m[Kin expansion of macro ‘[01m[KROSCONSOLE_PRINT_AT_LOCATION[m[K’
[3.014s]        [01;36m[KROSCONSOLE_PRINT_AT_LOCATION[m[K(__VA_ARGS__); \
[3.014s]        [01;36m[K^~~~~~~~~~~~~~~~~~~~~~~~~~~~[m[K
[3.014s] [01m[K/opt/ros/noetic/include/ros/console.h:575:35:[m[K [01;36m[Knote: [m[Kin expansion of macro ‘[01m[KROS_LOG_COND[m[K’
[3.014s]  #define ROS_LOG(level, name, ...) [01;36m[KROS_LOG_COND[m[K(true, level, name, __VA_ARGS__)
[3.014s]                                    [01;36m[K^~~~~~~~~~~~[m[K
[3.014s] [01m[K/opt/ros/noetic/include/rosconsole/macros_generated.h:110:23:[m[K [01;36m[Knote: [m[Kin expansion of macro ‘[01m[KROS_LOG[m[K’
[3.014s]  #define ROS_INFO(...) [01;36m[KROS_LOG[m[K(::ros::console::levels::Info, ROSCONSOLE_DEFAULT_NAME, __VA_ARGS__)
[3.014s]                        [01;36m[K^~~~~~~[m[K
[3.014s] [01m[K/home/msi/caato2_ws/src/siot/atc_meta_package/atc_stm/src/WaypointLogic/WaypointLogic.cpp:222:2:[m[K [01;36m[Knote: [m[Kin expansion of macro ‘[01m[KROS_INFO[m[K’
[3.014s]   [01;36m[KROS_INFO[m[K(" WptLogic::PublishWp() arrayWp.waypoints.size(%i)", arrayWp.waypoints.size());
[3.015s]   [01;36m[K^~~~~~~~[m[K
[3.018s] In file included from [01m[K/opt/ros/noetic/include/ros/ros.h:40[m[K,
[3.019s]                  from [01m[K/home/msi/caato2_ws/src/siot/atc_meta_package/atc_stm/src/AprilTagLogic/AprilTagLogic.h:11[m[K,
[3.019s]                  from [01m[K/home/msi/caato2_ws/src/siot/atc_meta_package/atc_stm/src/AprilTagLogic/AprilTagLogic.cpp:8[m[K:
[3.019s] [01m[K/home/msi/caato2_ws/src/siot/atc_meta_package/atc_stm/src/AprilTagLogic/AprilTagLogic.cpp:[m[K In member function ‘[01m[Kbool atc_stm::AprilTagLogic::calcDockingCmds(double&, double&)[m[K’:
[3.019s] [01m[K/home/msi/caato2_ws/src/siot/atc_meta_package/atc_stm/src/AprilTagLogic/AprilTagLogic.cpp:531:15:[m[K [01;35m[Kwarning: [m[Kformat ‘[01m[K%i[m[K’ expects argument of type ‘[01m[Kint[m[K’, but argument 8 has type ‘[01m[Kstd::vector<geometry_msgs::PoseStamped_<std::allocator<void> > >::size_type[m[K’ {aka ‘[01m[Klong unsigned int[m[K’} [[01;35m[K-Wformat=[m[K]
[3.019s]       ROS_INFO([01;35m[K"calcDockingCmds() - Docking state to aquire more data:%i < MAX_POSE_COUNT:%i"[m[K, [32m[Kmarker_pose_vec_.size()[m[K, MAX_POSE_COUNT);
[3.019s]                [01;35m[K^~~~~~~~~~~~~~~~~~~~~~~~~~~~~~~~~~~~~~~~~~~~~~~~~~~~~~~~~~~~~~~~~~~~~~~~~~~~~~[m[K  [32m[K~~~~~~~~~~~~~~~~~~~~~~~[m[K
[3.019s] [01m[K/opt/ros/noetic/include/ros/console.h:351:165:[m[K [01;36m[Knote: [m[Kin definition of macro ‘[01m[KROSCONSOLE_PRINT_AT_LOCATION_WITH_FILTER[m[K’
[3.019s]      ::ros::console::print(filter, __rosconsole_define_location__loc.logger_, __rosconsole_define_location__loc.level_, __FILE__, __LINE__, __ROSCONSOLE_FUNCTION__, [01;36m[K__VA_ARGS__[m[K)
[3.019s]                                                                                                                                                                      [01;36m[K^~~~~~~~~~~[m[K
[3.019s] [01m[K/opt/ros/noetic/include/ros/console.h:390:7:[m[K [01;36m[Knote: [m[Kin expansion of macro ‘[01m[KROSCONSOLE_PRINT_AT_LOCATION[m[K’
[3.019s]        [01;36m[KROSCONSOLE_PRINT_AT_LOCATION[m[K(__VA_ARGS__); \
[3.019s]        [01;36m[K^~~~~~~~~~~~~~~~~~~~~~~~~~~~[m[K
[3.019s] [01m[K/opt/ros/noetic/include/ros/console.h:575:35:[m[K [01;36m[Knote: [m[Kin expansion of macro ‘[01m[KROS_LOG_COND[m[K’
[3.019s]  #define ROS_LOG(level, name, ...) [01;36m[KROS_LOG_COND[m[K(true, level, name, __VA_ARGS__)
[3.019s]                                    [01;36m[K^~~~~~~~~~~~[m[K
[3.019s] [01m[K/opt/ros/noetic/include/rosconsole/macros_generated.h:110:23:[m[K [01;36m[Knote: [m[Kin expansion of macro ‘[01m[KROS_LOG[m[K’
[3.019s]  #define ROS_INFO(...) [01;36m[KROS_LOG[m[K(::ros::console::levels::Info, ROSCONSOLE_DEFAULT_NAME, __VA_ARGS__)
[3.019s]                        [01;36m[K^~~~~~~[m[K
[3.019s] [01m[K/home/msi/caato2_ws/src/siot/atc_meta_package/atc_stm/src/AprilTagLogic/AprilTagLogic.cpp:531:6:[m[K [01;36m[Knote: [m[Kin expansion of macro ‘[01m[KROS_INFO[m[K’
[3.019s]       [01;36m[KROS_INFO[m[K("calcDockingCmds() - Docking state to aquire more data:%i < MAX_POSE_COUNT:%i", marker_pose_vec_.size(), MAX_POSE_COUNT);
[3.019s]       [01;36m[K^~~~~~~~[m[K
[3.028s] [01m[K/home/msi/caato2_ws/src/siot/atc_meta_package/atc_stm/src/WaypointLogic/WaypointLogic.cpp:[m[K In member function ‘[01m[Kbool atc_stm::WaypointLogic::RunWp(atc_msgs::Run_Wp::Request&, atc_msgs::Run_Wp::Response&)[m[K’:
[3.028s] [01m[K/home/msi/caato2_ws/src/siot/atc_meta_package/atc_stm/src/WaypointLogic/WaypointLogic.cpp:306:11:[m[K [01;35m[Kwarning: [m[Kformat ‘[01m[K%i[m[K’ expects argument of type ‘[01m[Kint[m[K’, but argument 8 has type ‘[01m[Kstd::vector<std::__cxx11::basic_string<char> >::size_type[m[K’ {aka ‘[01m[Klong unsigned int[m[K’} [[01;35m[K-Wformat=[m[K]
[3.028s]   ROS_INFO([01;35m[K" do(), wp_list.size():%i "[m[K, [32m[Kwp_list.size()[m[K);
[3.028s]            [01;35m[K^~~~~~~~~~~~~~~~~~~~~~~~~~~[m[K  [32m[K~~~~~~~~~~~~~~[m[K
[3.028s] [01m[K/opt/ros/noetic/include/ros/console.h:351:165:[m[K [01;36m[Knote: [m[Kin definition of macro ‘[01m[KROSCONSOLE_PRINT_AT_LOCATION_WITH_FILTER[m[K’
[3.028s]      ::ros::console::print(filter, __rosconsole_define_location__loc.logger_, __rosconsole_define_location__loc.level_, __FILE__, __LINE__, __ROSCONSOLE_FUNCTION__, [01;36m[K__VA_ARGS__[m[K)
[3.029s]                                                                                                                                                                      [01;36m[K^~~~~~~~~~~[m[K
[3.029s] [01m[K/opt/ros/noetic/include/ros/console.h:390:7:[m[K [01;36m[Knote: [m[Kin expansion of macro ‘[01m[KROSCONSOLE_PRINT_AT_LOCATION[m[K’
[3.029s]        [01;36m[KROSCONSOLE_PRINT_AT_LOCATION[m[K(__VA_ARGS__); \
[3.029s]        [01;36m[K^~~~~~~~~~~~~~~~~~~~~~~~~~~~[m[K
[3.029s] [01m[K/opt/ros/noetic/include/ros/console.h:575:35:[m[K [01;36m[Knote: [m[Kin expansion of macro ‘[01m[KROS_LOG_COND[m[K’
[3.029s]  #define ROS_LOG(level, name, ...) [01;36m[KROS_LOG_COND[m[K(true, level, name, __VA_ARGS__)
[3.029s]                                    [01;36m[K^~~~~~~~~~~~[m[K
[3.029s] [01m[K/opt/ros/noetic/include/rosconsole/macros_generated.h:110:23:[m[K [01;36m[Knote: [m[Kin expansion of macro ‘[01m[KROS_LOG[m[K’
[3.029s]  #define ROS_INFO(...) [01;36m[KROS_LOG[m[K(::ros::console::levels::Info, ROSCONSOLE_DEFAULT_NAME, __VA_ARGS__)
[3.029s]                        [01;36m[K^~~~~~~[m[K
[3.029s] [01m[K/home/msi/caato2_ws/src/siot/atc_meta_package/atc_stm/src/WaypointLogic/WaypointLogic.cpp:306:2:[m[K [01;36m[Knote: [m[Kin expansion of macro ‘[01m[KROS_INFO[m[K’
[3.029s]   [01;36m[KROS_INFO[m[K(" do(), wp_list.size():%i ", wp_list.size());
[3.029s]   [01;36m[K^~~~~~~~[m[K
[3.038s] [01m[K/home/msi/caato2_ws/src/siot/atc_meta_package/atc_stm/src/WaypointLogic/WaypointLogic.cpp:[m[K In member function ‘[01m[Kvoid atc_stm::WaypointLogic::CallbackRunSpecificWp(atc_msgs::RunSpecificWp)[m[K’:
[3.038s] [01m[K/home/msi/caato2_ws/src/siot/atc_meta_package/atc_stm/src/WaypointLogic/WaypointLogic.cpp:605:11:[m[K [01;35m[Kwarning: [m[Kformat ‘[01m[K%i[m[K’ expects argument of type ‘[01m[Kint[m[K’, but argument 8 has type ‘[01m[Kstd::vector<std::__cxx11::basic_string<char> >::size_type[m[K’ {aka ‘[01m[Klong unsigned int[m[K’} [[01;35m[K-Wformat=[m[K]
[3.038s]   ROS_INFO([01;35m[K" do(), wp_list.size():%i "[m[K, [32m[Kwp_list.size()[m[K);
[3.038s]            [01;35m[K^~~~~~~~~~~~~~~~~~~~~~~~~~~[m[K  [32m[K~~~~~~~~~~~~~~[m[K
[3.038s] [01m[K/opt/ros/noetic/include/ros/console.h:351:165:[m[K [01;36m[Knote: [m[Kin definition of macro ‘[01m[KROSCONSOLE_PRINT_AT_LOCATION_WITH_FILTER[m[K’
[3.038s]      ::ros::console::print(filter, __rosconsole_define_location__loc.logger_, __rosconsole_define_location__loc.level_, __FILE__, __LINE__, __ROSCONSOLE_FUNCTION__, [01;36m[K__VA_ARGS__[m[K)
[3.038s]                                                                                                                                                                      [01;36m[K^~~~~~~~~~~[m[K
[3.038s] [01m[K/opt/ros/noetic/include/ros/console.h:390:7:[m[K [01;36m[Knote: [m[Kin expansion of macro ‘[01m[KROSCONSOLE_PRINT_AT_LOCATION[m[K’
[3.038s]        [01;36m[KROSCONSOLE_PRINT_AT_LOCATION[m[K(__VA_ARGS__); \
[3.038s]        [01;36m[K^~~~~~~~~~~~~~~~~~~~~~~~~~~~[m[K
[3.038s] [01m[K/opt/ros/noetic/include/ros/console.h:575:35:[m[K [01;36m[Knote: [m[Kin expansion of macro ‘[01m[KROS_LOG_COND[m[K’
[3.038s]  #define ROS_LOG(level, name, ...) [01;36m[KROS_LOG_COND[m[K(true, level, name, __VA_ARGS__)
[3.038s]                                    [01;36m[K^~~~~~~~~~~~[m[K
[3.038s] [01m[K/opt/ros/noetic/include/rosconsole/macros_generated.h:110:23:[m[K [01;36m[Knote: [m[Kin expansion of macro ‘[01m[KROS_LOG[m[K’
[3.038s]  #define ROS_INFO(...) [01;36m[KROS_LOG[m[K(::ros::console::levels::Info, ROSCONSOLE_DEFAULT_NAME, __VA_ARGS__)
[3.039s]                        [01;36m[K^~~~~~~[m[K
[3.039s] [01m[K/home/msi/caato2_ws/src/siot/atc_meta_package/atc_stm/src/WaypointLogic/WaypointLogic.cpp:605:2:[m[K [01;36m[Knote: [m[Kin expansion of macro ‘[01m[KROS_INFO[m[K’
[3.039s]   [01;36m[KROS_INFO[m[K(" do(), wp_list.size():%i ", wp_list.size());
[3.039s]   [01;36m[K^~~~~~~~[m[K
[5.897s] [100%] [32m[1mLinking CXX executable devel/lib/atc_stm/atc_stm[0m
[6.252s] [100%] Built target atc_stm
[6.261s] Invoked command in '/home/msi/caato2_ws/build/atc_stm' returned '0': CMAKE_PREFIX_PATH=/home/msi/caato2_ws/install/apriltag_ros:/home/msi/caato2_ws/install/atc_utils:/home/msi/caato2_ws/install/atc_msgs:/home/msi/caato2_ws/install/apriltag:${CMAKE_PREFIX_PATH} LD_LIBRARY_PATH=/home/msi/caato2_ws/install/apriltag_ros/lib:/home/msi/caato2_ws/install/atc_utils/lib:/home/msi/caato2_ws/install/apriltag/lib:${LD_LIBRARY_PATH} PATH=/home/msi/caato2_ws/install/apriltag/bin:${PATH} PKG_CONFIG_PATH=/home/msi/caato2_ws/install/apriltag_ros/lib/x86_64-linux-gnu/pkgconfig:/home/msi/caato2_ws/install/apriltag_ros/lib/pkgconfig:/home/msi/caato2_ws/install/atc_utils/lib/x86_64-linux-gnu/pkgconfig:/home/msi/caato2_ws/install/atc_utils/lib/pkgconfig:/home/msi/caato2_ws/install/atc_msgs/lib/x86_64-linux-gnu/pkgconfig:/home/msi/caato2_ws/install/atc_msgs/lib/pkgconfig:/home/msi/caato2_ws/install/apriltag/lib/x86_64-linux-gnu/pkgconfig:/home/msi/caato2_ws/install/apriltag/lib/pkgconfig:${PKG_CONFIG_PATH} PYTHONPATH=/home/msi/caato2_ws/install/apriltag_ros/lib/python3/dist-packages:/home/msi/caato2_ws/install/atc_msgs/lib/python3/dist-packages:${PYTHONPATH} ROS_PACKAGE_PATH=/home/msi/caato2_ws/install/apriltag_ros/share:/home/msi/caato2_ws/install/atc_utils/share:/home/msi/caato2_ws/install/atc_msgs/share:${ROS_PACKAGE_PATH} /usr/bin/cmake --build /home/msi/caato2_ws/build/atc_stm -- -j20 -l20
[6.307s] Invoking command in '/home/msi/caato2_ws/build/atc_stm': CMAKE_PREFIX_PATH=/home/msi/caato2_ws/install/apriltag_ros:/home/msi/caato2_ws/install/atc_utils:/home/msi/caato2_ws/install/atc_msgs:/home/msi/caato2_ws/install/apriltag:${CMAKE_PREFIX_PATH} LD_LIBRARY_PATH=/home/msi/caato2_ws/install/apriltag_ros/lib:/home/msi/caato2_ws/install/atc_utils/lib:/home/msi/caato2_ws/install/apriltag/lib:${LD_LIBRARY_PATH} PATH=/home/msi/caato2_ws/install/apriltag/bin:${PATH} PKG_CONFIG_PATH=/home/msi/caato2_ws/install/apriltag_ros/lib/x86_64-linux-gnu/pkgconfig:/home/msi/caato2_ws/install/apriltag_ros/lib/pkgconfig:/home/msi/caato2_ws/install/atc_utils/lib/x86_64-linux-gnu/pkgconfig:/home/msi/caato2_ws/install/atc_utils/lib/pkgconfig:/home/msi/caato2_ws/install/atc_msgs/lib/x86_64-linux-gnu/pkgconfig:/home/msi/caato2_ws/install/atc_msgs/lib/pkgconfig:/home/msi/caato2_ws/install/apriltag/lib/x86_64-linux-gnu/pkgconfig:/home/msi/caato2_ws/install/apriltag/lib/pkgconfig:${PKG_CONFIG_PATH} PYTHONPATH=/home/msi/caato2_ws/install/apriltag_ros/lib/python3/dist-packages:/home/msi/caato2_ws/install/atc_msgs/lib/python3/dist-packages:${PYTHONPATH} ROS_PACKAGE_PATH=/home/msi/caato2_ws/install/apriltag_ros/share:/home/msi/caato2_ws/install/atc_utils/share:/home/msi/caato2_ws/install/atc_msgs/share:${ROS_PACKAGE_PATH} /usr/bin/cmake --build /home/msi/caato2_ws/build/atc_stm --target tests -- -j20 -l20
[6.338s] [35m[1mScanning dependencies of target tests[0m
[6.343s] Built target tests
[6.351s] Invoked command in '/home/msi/caato2_ws/build/atc_stm' returned '0': CMAKE_PREFIX_PATH=/home/msi/caato2_ws/install/apriltag_ros:/home/msi/caato2_ws/install/atc_utils:/home/msi/caato2_ws/install/atc_msgs:/home/msi/caato2_ws/install/apriltag:${CMAKE_PREFIX_PATH} LD_LIBRARY_PATH=/home/msi/caato2_ws/install/apriltag_ros/lib:/home/msi/caato2_ws/install/atc_utils/lib:/home/msi/caato2_ws/install/apriltag/lib:${LD_LIBRARY_PATH} PATH=/home/msi/caato2_ws/install/apriltag/bin:${PATH} PKG_CONFIG_PATH=/home/msi/caato2_ws/install/apriltag_ros/lib/x86_64-linux-gnu/pkgconfig:/home/msi/caato2_ws/install/apriltag_ros/lib/pkgconfig:/home/msi/caato2_ws/install/atc_utils/lib/x86_64-linux-gnu/pkgconfig:/home/msi/caato2_ws/install/atc_utils/lib/pkgconfig:/home/msi/caato2_ws/install/atc_msgs/lib/x86_64-linux-gnu/pkgconfig:/home/msi/caato2_ws/install/atc_msgs/lib/pkgconfig:/home/msi/caato2_ws/install/apriltag/lib/x86_64-linux-gnu/pkgconfig:/home/msi/caato2_ws/install/apriltag/lib/pkgconfig:${PKG_CONFIG_PATH} PYTHONPATH=/home/msi/caato2_ws/install/apriltag_ros/lib/python3/dist-packages:/home/msi/caato2_ws/install/atc_msgs/lib/python3/dist-packages:${PYTHONPATH} ROS_PACKAGE_PATH=/home/msi/caato2_ws/install/apriltag_ros/share:/home/msi/caato2_ws/install/atc_utils/share:/home/msi/caato2_ws/install/atc_msgs/share:${ROS_PACKAGE_PATH} /usr/bin/cmake --build /home/msi/caato2_ws/build/atc_stm --target tests -- -j20 -l20
[6.394s] Invoking command in '/home/msi/caato2_ws/build/atc_stm': CMAKE_PREFIX_PATH=/home/msi/caato2_ws/install/apriltag_ros:/home/msi/caato2_ws/install/atc_utils:/home/msi/caato2_ws/install/atc_msgs:/home/msi/caato2_ws/install/apriltag:${CMAKE_PREFIX_PATH} LD_LIBRARY_PATH=/home/msi/caato2_ws/install/apriltag_ros/lib:/home/msi/caato2_ws/install/atc_utils/lib:/home/msi/caato2_ws/install/apriltag/lib:${LD_LIBRARY_PATH} PATH=/home/msi/caato2_ws/install/apriltag/bin:${PATH} PKG_CONFIG_PATH=/home/msi/caato2_ws/install/apriltag_ros/lib/x86_64-linux-gnu/pkgconfig:/home/msi/caato2_ws/install/apriltag_ros/lib/pkgconfig:/home/msi/caato2_ws/install/atc_utils/lib/x86_64-linux-gnu/pkgconfig:/home/msi/caato2_ws/install/atc_utils/lib/pkgconfig:/home/msi/caato2_ws/install/atc_msgs/lib/x86_64-linux-gnu/pkgconfig:/home/msi/caato2_ws/install/atc_msgs/lib/pkgconfig:/home/msi/caato2_ws/install/apriltag/lib/x86_64-linux-gnu/pkgconfig:/home/msi/caato2_ws/install/apriltag/lib/pkgconfig:${PKG_CONFIG_PATH} PYTHONPATH=/home/msi/caato2_ws/install/apriltag_ros/lib/python3/dist-packages:/home/msi/caato2_ws/install/atc_msgs/lib/python3/dist-packages:${PYTHONPATH} ROS_PACKAGE_PATH=/home/msi/caato2_ws/install/apriltag_ros/share:/home/msi/caato2_ws/install/atc_utils/share:/home/msi/caato2_ws/install/atc_msgs/share:${ROS_PACKAGE_PATH} /usr/bin/cmake --install /home/msi/caato2_ws/build/atc_stm
[6.399s] -- Install configuration: ""
[6.399s] -- Installing: /home/msi/caato2_ws/install/atc_stm/lib/pkgconfig/atc_stm.pc
[6.400s] -- Installing: /home/msi/caato2_ws/install/atc_stm/share/atc_stm/cmake/atc_stmConfig.cmake
[6.400s] -- Installing: /home/msi/caato2_ws/install/atc_stm/share/atc_stm/cmake/atc_stmConfig-version.cmake
[6.400s] -- Installing: /home/msi/caato2_ws/install/atc_stm/share/atc_stm/package.xml
[6.400s] -- Installing: /home/msi/caato2_ws/install/atc_stm/share/atc_stm/atc_stm
[6.403s] -- Set runtime path of "/home/msi/caato2_ws/install/atc_stm/share/atc_stm/atc_stm" to ""
[6.403s] -- Installing: /home/msi/caato2_ws/install/atc_stm/share/atc_stm/launch
[6.403s] -- Installing: /home/msi/caato2_ws/install/atc_stm/share/atc_stm/launch/astm.noGDB.launch
[6.403s] -- Installing: /home/msi/caato2_ws/install/atc_stm/share/atc_stm/launch/astm.noGDB.2.launch
[6.403s] -- Installing: /home/msi/caato2_ws/install/atc_stm/share/atc_stm/launch/astm.frontbackAT.noGDB.launch
[6.403s] -- Installing: /home/msi/caato2_ws/install/atc_stm/share/atc_stm/launch/tutorial.launch
[6.403s] -- Installing: /home/msi/caato2_ws/install/atc_stm/share/atc_stm/launch/astm.GDB.launch
[6.403s] -- Installing: /home/msi/caato2_ws/install/atc_stm/share/atc_stm/launch/astm.launch
[6.403s] -- Installing: /home/msi/caato2_ws/install/atc_stm/share/atc_stm/launch/astm.apriltag.launch
[6.405s] Invoked command in '/home/msi/caato2_ws/build/atc_stm' returned '0': CMAKE_PREFIX_PATH=/home/msi/caato2_ws/install/apriltag_ros:/home/msi/caato2_ws/install/atc_utils:/home/msi/caato2_ws/install/atc_msgs:/home/msi/caato2_ws/install/apriltag:${CMAKE_PREFIX_PATH} LD_LIBRARY_PATH=/home/msi/caato2_ws/install/apriltag_ros/lib:/home/msi/caato2_ws/install/atc_utils/lib:/home/msi/caato2_ws/install/apriltag/lib:${LD_LIBRARY_PATH} PATH=/home/msi/caato2_ws/install/apriltag/bin:${PATH} PKG_CONFIG_PATH=/home/msi/caato2_ws/install/apriltag_ros/lib/x86_64-linux-gnu/pkgconfig:/home/msi/caato2_ws/install/apriltag_ros/lib/pkgconfig:/home/msi/caato2_ws/install/atc_utils/lib/x86_64-linux-gnu/pkgconfig:/home/msi/caato2_ws/install/atc_utils/lib/pkgconfig:/home/msi/caato2_ws/install/atc_msgs/lib/x86_64-linux-gnu/pkgconfig:/home/msi/caato2_ws/install/atc_msgs/lib/pkgconfig:/home/msi/caato2_ws/install/apriltag/lib/x86_64-linux-gnu/pkgconfig:/home/msi/caato2_ws/install/apriltag/lib/pkgconfig:${PKG_CONFIG_PATH} PYTHONPATH=/home/msi/caato2_ws/install/apriltag_ros/lib/python3/dist-packages:/home/msi/caato2_ws/install/atc_msgs/lib/python3/dist-packages:${PYTHONPATH} ROS_PACKAGE_PATH=/home/msi/caato2_ws/install/apriltag_ros/share:/home/msi/caato2_ws/install/atc_utils/share:/home/msi/caato2_ws/install/atc_msgs/share:${ROS_PACKAGE_PATH} /usr/bin/cmake --install /home/msi/caato2_ws/build/atc_stm
