[0.157s] Invoking command in '/home/msi/caato2_ws/build/eband_local_planner': /usr/bin/cmake --build /home/msi/caato2_ws/build/eband_local_planner -- -j20 -l20
[0.330s] [ 14%] Built target eband_local_planner_gencfg
[0.330s] [100%] Built target eband_local_planner
[0.462s] Invoked command in '/home/msi/caato2_ws/build/eband_local_planner' returned '0': /usr/bin/cmake --build /home/msi/caato2_ws/build/eband_local_planner -- -j20 -l20
[0.603s] Invoking command in '/home/msi/caato2_ws/build/eband_local_planner': /usr/bin/cmake --build /home/msi/caato2_ws/build/eband_local_planner --target tests -- -j20 -l20
[0.652s] Built target tests
[0.713s] Invoked command in '/home/msi/caato2_ws/build/eband_local_planner' returned '0': /usr/bin/cmake --build /home/msi/caato2_ws/build/eband_local_planner --target tests -- -j20 -l20
[0.928s] Invoking command in '/home/msi/caato2_ws/build/eband_local_planner': /usr/bin/cmake --install /home/msi/caato2_ws/build/eband_local_planner
[0.930s] -- Install configuration: ""
[0.931s] -- Up-to-date: /home/msi/caato2_ws/install/eband_local_planner/include/eband_local_planner/EBandPlannerConfig.h
[0.931s] -- Up-to-date: /home/msi/caato2_ws/install/eband_local_planner/lib/python3/dist-packages/eband_local_planner/__init__.py
[0.976s] Listing '/home/msi/caato2_ws/build/eband_local_planner/devel/lib/python3/dist-packages/eband_local_planner/cfg'...
[0.976s] -- Up-to-date: /home/msi/caato2_ws/install/eband_local_planner/lib/python3/dist-packages/eband_local_planner/cfg
[0.976s] -- Up-to-date: /home/msi/caato2_ws/install/eband_local_planner/lib/python3/dist-packages/eband_local_planner/cfg/EBandPlannerConfig.py
[0.976s] -- Up-to-date: /home/msi/caato2_ws/install/eband_local_planner/lib/python3/dist-packages/eband_local_planner/cfg/__init__.py
[0.977s] -- Up-to-date: /home/msi/caato2_ws/install/eband_local_planner/lib/python3/dist-packages/eband_local_planner/cfg/__pycache__
[0.977s] -- Up-to-date: /home/msi/caato2_ws/install/eband_local_planner/lib/python3/dist-packages/eband_local_planner/cfg/__pycache__/EBandPlannerConfig.cpython-38.pyc
[0.977s] -- Up-to-date: /home/msi/caato2_ws/install/eband_local_planner/lib/python3/dist-packages/eband_local_planner/cfg/__pycache__/__init__.cpython-38.pyc
[0.978s] -- Up-to-date: /home/msi/caato2_ws/install/eband_local_planner/lib/pkgconfig/eband_local_planner.pc
[0.978s] -- Up-to-date: /home/msi/caato2_ws/install/eband_local_planner/share/eband_local_planner/cmake/eband_local_plannerConfig.cmake
[0.978s] -- Up-to-date: /home/msi/caato2_ws/install/eband_local_planner/share/eband_local_planner/cmake/eband_local_plannerConfig-version.cmake
[0.979s] -- Up-to-date: /home/msi/caato2_ws/install/eband_local_planner/share/eband_local_planner/package.xml
[0.979s] -- Up-to-date: /home/msi/caato2_ws/install/eband_local_planner/include/eband_local_planner
[0.980s] -- Up-to-date: /home/msi/caato2_ws/install/eband_local_planner/include/eband_local_planner/eband_local_planner_ros.h
[0.980s] -- Up-to-date: /home/msi/caato2_ws/install/eband_local_planner/include/eband_local_planner/conversions_and_types.h
[0.980s] -- Up-to-date: /home/msi/caato2_ws/install/eband_local_planner/include/eband_local_planner/eband_local_planner.h
[0.981s] -- Up-to-date: /home/msi/caato2_ws/install/eband_local_planner/include/eband_local_planner/eband_trajectory_controller.h
[0.981s] -- Up-to-date: /home/msi/caato2_ws/install/eband_local_planner/include/eband_local_planner/eband_visualization.h
[0.981s] -- Up-to-date: /home/msi/caato2_ws/install/eband_local_planner/lib/libeband_local_planner.so
[0.981s] -- Up-to-date: /home/msi/caato2_ws/install/eband_local_planner/share/eband_local_planner/elp_plugin.xml
[1.079s] Invoked command in '/home/msi/caato2_ws/build/eband_local_planner' returned '0': /usr/bin/cmake --install /home/msi/caato2_ws/build/eband_local_planner
