[0.212s] Invoking command in '/home/msi/caato2_ws/build/realsense_gazebo_plugin': /usr/bin/cmake --build /home/msi/caato2_ws/build/realsense_gazebo_plugin -- -j20 -l20
[0.250s] [  0%] Built target dynamic_reconfigure_generate_messages_eus
[0.250s] [  0%] Built target trajectory_msgs_generate_messages_cpp
[0.250s] [  0%] Built target gazebo_msgs_generate_messages_py
[0.250s] [  0%] Built target trajectory_msgs_generate_messages_lisp
[0.251s] [  0%] Built target std_srvs_generate_messages_lisp
[0.251s] [  0%] Built target gazebo_msgs_generate_messages_nodejs
[0.251s] [  0%] Built target dynamic_reconfigure_gencfg
[0.251s] [  0%] Built target trajectory_msgs_generate_messages_nodejs
[0.251s] [  0%] Built target gazebo_msgs_generate_messages_cpp
[0.251s] [  0%] Built target geometry_msgs_generate_messages_eus
[0.252s] [  0%] Built target std_srvs_generate_messages_eus
[0.262s] [  0%] Built target std_msgs_generate_messages_nodejs
[0.262s] [  0%] Built target std_msgs_generate_messages_cpp
[0.264s] [  0%] Built target tf2_msgs_generate_messages_cpp
[0.265s] [  0%] Built target dynamic_reconfigure_generate_messages_lisp
[0.270s] [  0%] Built target std_msgs_generate_messages_py
[0.273s] [  0%] Built target actionlib_msgs_generate_messages_py
[0.273s] [  0%] Built target actionlib_generate_messages_cpp
[0.273s] [  0%] Built target rosgraph_msgs_generate_messages_nodejs
[0.278s] [  0%] Built target roscpp_generate_messages_lisp
[0.282s] [  0%] Built target std_srvs_generate_messages_cpp
[0.282s] [  0%] Built target actionlib_generate_messages_lisp
[0.286s] [  0%] Built target std_msgs_generate_messages_lisp
[0.291s] [  0%] Built target std_srvs_generate_messages_nodejs
[0.294s] [  0%] Built target dynamic_reconfigure_generate_messages_py
[0.294s] [  0%] Built target rosgraph_msgs_generate_messages_lisp
[0.295s] [  0%] Built target tf_generate_messages_eus
[0.295s] [  0%] Built target actionlib_msgs_generate_messages_eus
[0.297s] [  0%] Built target rosgraph_msgs_generate_messages_py
[0.303s] [  0%] Built target trajectory_msgs_generate_messages_eus
[0.308s] [  0%] Built target roscpp_generate_messages_py
[0.309s] [  0%] Built target gazebo_ros_gencfg
[0.309s] [  0%] Built target geometry_msgs_generate_messages_py
[0.315s] [  0%] Built target roscpp_generate_messages_cpp
[0.315s] [  0%] Built target roscpp_generate_messages_eus
[0.317s] [  0%] Built target tf2_msgs_generate_messages_eus
[0.317s] [  0%] Built target geometry_msgs_generate_messages_cpp
[0.317s] [  0%] Built target sensor_msgs_generate_messages_py
[0.333s] [  0%] Built target gazebo_msgs_generate_messages_lisp
[0.333s] [  0%] Built target dynamic_reconfigure_generate_messages_nodejs
[0.340s] [  0%] Built target tf2_msgs_generate_messages_py
[0.340s] [  0%] Built target tf_generate_messages_cpp
[0.340s] [  0%] Built target std_srvs_generate_messages_py
[0.345s] [  0%] Built target geometry_msgs_generate_messages_lisp
[0.345s] [  0%] Built target roscpp_generate_messages_nodejs
[0.346s] [  0%] Built target tf_generate_messages_lisp
[0.347s] [  0%] Built target dynamic_reconfigure_generate_messages_cpp
[0.347s] [  0%] Built target tf_generate_messages_nodejs
[0.347s] [  0%] Built target rosgraph_msgs_generate_messages_eus
[0.347s] [  0%] Built target sensor_msgs_generate_messages_cpp
[0.348s] [  0%] Built target sensor_msgs_generate_messages_eus
[0.348s] [  0%] Built target trajectory_msgs_generate_messages_py
[0.349s] [  0%] Built target sensor_msgs_generate_messages_nodejs
[0.350s] [  0%] Built target rosgraph_msgs_generate_messages_cpp
[0.350s] [  0%] Built target actionlib_generate_messages_eus
[0.350s] [  0%] Built target sensor_msgs_generate_messages_lisp
[0.359s] [  0%] Built target actionlib_generate_messages_py
[0.360s] [  0%] Built target actionlib_msgs_generate_messages_cpp
[0.361s] [  0%] Built target actionlib_generate_messages_nodejs
[0.361s] [  0%] Built target tf_generate_messages_py
[0.361s] [  0%] Built target actionlib_msgs_generate_messages_lisp
[0.361s] [  0%] Built target tf2_msgs_generate_messages_lisp
[0.361s] [  0%] Built target geometry_msgs_generate_messages_nodejs
[0.362s] [  0%] Built target std_msgs_generate_messages_eus
[0.362s] [  0%] Built target actionlib_msgs_generate_messages_nodejs
[0.362s] [  0%] Built target gazebo_msgs_generate_messages_eus
[0.362s] [  0%] Built target tf2_msgs_generate_messages_nodejs
[0.394s] [100%] Built target realsense_gazebo_plugin
[0.494s] Invoked command in '/home/msi/caato2_ws/build/realsense_gazebo_plugin' returned '0': /usr/bin/cmake --build /home/msi/caato2_ws/build/realsense_gazebo_plugin -- -j20 -l20
[0.676s] Invoking command in '/home/msi/caato2_ws/build/realsense_gazebo_plugin': /usr/bin/cmake --build /home/msi/caato2_ws/build/realsense_gazebo_plugin --target tests -- -j20 -l20
[0.744s] Built target tests
[0.768s] Invoked command in '/home/msi/caato2_ws/build/realsense_gazebo_plugin' returned '0': /usr/bin/cmake --build /home/msi/caato2_ws/build/realsense_gazebo_plugin --target tests -- -j20 -l20
[0.925s] Invoking command in '/home/msi/caato2_ws/build/realsense_gazebo_plugin': /usr/bin/cmake --install /home/msi/caato2_ws/build/realsense_gazebo_plugin
[0.927s] -- Install configuration: ""
[0.927s] -- Up-to-date: /home/msi/caato2_ws/install/realsense_gazebo_plugin/lib/pkgconfig/realsense_gazebo_plugin.pc
[0.928s] -- Up-to-date: /home/msi/caato2_ws/install/realsense_gazebo_plugin/share/realsense_gazebo_plugin/cmake/realsense_gazebo_pluginConfig.cmake
[0.930s] -- Up-to-date: /home/msi/caato2_ws/install/realsense_gazebo_plugin/share/realsense_gazebo_plugin/cmake/realsense_gazebo_pluginConfig-version.cmake
[0.931s] -- Up-to-date: /home/msi/caato2_ws/install/realsense_gazebo_plugin/share/realsense_gazebo_plugin/package.xml
[0.931s] -- Up-to-date: /home/msi/caato2_ws/install/realsense_gazebo_plugin/lib/librealsense_gazebo_plugin.so
[0.931s] -- Up-to-date: /home/msi/caato2_ws/install/realsense_gazebo_plugin/share/realsense_gazebo_plugin/include
[0.931s] -- Up-to-date: /home/msi/caato2_ws/install/realsense_gazebo_plugin/share/realsense_gazebo_plugin/include/realsense_gazebo_plugin
[0.931s] -- Up-to-date: /home/msi/caato2_ws/install/realsense_gazebo_plugin/share/realsense_gazebo_plugin/include/realsense_gazebo_plugin/gazebo_ros_realsense.h
[0.931s] -- Up-to-date: /home/msi/caato2_ws/install/realsense_gazebo_plugin/share/realsense_gazebo_plugin/include/realsense_gazebo_plugin/RealSensePlugin.h
[0.954s] Invoked command in '/home/msi/caato2_ws/build/realsense_gazebo_plugin' returned '0': /usr/bin/cmake --install /home/msi/caato2_ws/build/realsense_gazebo_plugin
