[0.107s] Invoking command in '/home/msi/caato2_ws/build/ouster_example': /usr/bin/cmake --build /home/msi/caato2_ws/build/ouster_example -- -j20 -l20
[0.186s] [  0%] Built target generate_build_header
[0.194s] [ 44%] Built target ouster_client
[0.215s] [ 88%] Built target ouster_viz
[0.215s] [100%] Built target ouster_client_example
[0.304s] Invoked command in '/home/msi/caato2_ws/build/ouster_example' returned '0': /usr/bin/cmake --build /home/msi/caato2_ws/build/ouster_example -- -j20 -l20
[0.517s] Invoking command in '/home/msi/caato2_ws/build/ouster_example': /usr/bin/cmake --install /home/msi/caato2_ws/build/ouster_example
[0.551s] -- Install configuration: "Release"
[0.552s] -- Up-to-date: /home/msi/caato2_ws/install/ouster_example/lib/cmake/OusterSDK/OusterSDKTargets.cmake
[0.553s] -- Up-to-date: /home/msi/caato2_ws/install/ouster_example/lib/cmake/OusterSDK/OusterSDKTargets-release.cmake
[0.553s] -- Up-to-date: /home/msi/caato2_ws/install/ouster_example/lib/cmake/OusterSDK/OusterSDKConfig.cmake
[0.553s] -- Up-to-date: /home/msi/caato2_ws/install/ouster_example/lib/cmake/OusterSDK/OusterSDKConfigVersion.cmake
[0.553s] -- Up-to-date: /home/msi/caato2_ws/install/ouster_example/share/LICENSE
[0.553s] -- Up-to-date: /home/msi/caato2_ws/install/ouster_example/share/LICENSE-bin
[0.553s] -- Up-to-date: /home/msi/caato2_ws/install/ouster_example/lib/libouster_client.a
[0.553s] -- Up-to-date: /home/msi/caato2_ws/install/ouster_example/bin/ouster_client_example
[0.554s] -- Up-to-date: /home/msi/caato2_ws/install/ouster_example/include/ouster
[0.554s] -- Up-to-date: /home/msi/caato2_ws/install/ouster_example/include/ouster/version.h
[0.554s] -- Up-to-date: /home/msi/caato2_ws/install/ouster_example/include/ouster/types.h
[0.554s] -- Up-to-date: /home/msi/caato2_ws/install/ouster_example/include/ouster/impl
[0.554s] -- Up-to-date: /home/msi/caato2_ws/install/ouster_example/include/ouster/impl/netcompat.h
[0.554s] -- Up-to-date: /home/msi/caato2_ws/install/ouster_example/include/ouster/impl/lidar_scan_impl.h
[0.554s] -- Up-to-date: /home/msi/caato2_ws/install/ouster_example/include/ouster/image_processing.h
[0.554s] -- Up-to-date: /home/msi/caato2_ws/install/ouster_example/include/ouster/client.h
[0.554s] -- Up-to-date: /home/msi/caato2_ws/install/ouster_example/include/ouster/lidar_scan.h
[0.554s] -- Up-to-date: /home/msi/caato2_ws/install/ouster_example/include/ouster/buffered_udp_source.h
[0.554s] -- Up-to-date: /home/msi/caato2_ws/install/ouster_example/include/optional-lite
[0.555s] -- Up-to-date: /home/msi/caato2_ws/install/ouster_example/include/optional-lite/LICENSE.txt
[0.555s] -- Up-to-date: /home/msi/caato2_ws/install/ouster_example/include/optional-lite/nonstd
[0.555s] -- Up-to-date: /home/msi/caato2_ws/install/ouster_example/include/optional-lite/nonstd/optional.hpp
[0.555s] -- Up-to-date: /home/msi/caato2_ws/install/ouster_example/lib/libouster_viz.a
[0.555s] -- Up-to-date: /home/msi/caato2_ws/install/ouster_example/include/ouster
[0.556s] -- Up-to-date: /home/msi/caato2_ws/install/ouster_example/include/ouster/point_viz.h
[0.580s] Invoked command in '/home/msi/caato2_ws/build/ouster_example' returned '0': /usr/bin/cmake --install /home/msi/caato2_ws/build/ouster_example
