[0.058s] Invoking command in '/home/msi/caato2_ws/build/caato_gazebo': /usr/bin/cmake /home/msi/caato2_ws/src/siot/caato/caato_gazebo -DCATKIN_INSTALL_INTO_PREFIX_ROOT=0 -DCMAKE_INSTALL_PREFIX=/home/msi/caato2_ws/install/caato_gazebo
[0.140s] -- The C compiler identification is GNU 8.4.0
[0.189s] -- The CXX compiler identification is GNU 8.4.0
[0.196s] -- Check for working C compiler: /usr/bin/cc
[0.261s] -- Check for working C compiler: /usr/bin/cc -- works
[0.262s] -- Detecting C compiler ABI info
[0.330s] -- Detecting C compiler ABI info - done
[0.347s] -- Detecting C compile features
[0.347s] -- Detecting C compile features - done
[0.351s] -- Check for working CXX compiler: /usr/bin/c++
[0.436s] -- Check for working CXX compiler: /usr/bin/c++ -- works
[0.439s] -- Detecting CXX compiler ABI info
[0.533s] -- Detecting CXX compiler ABI info - done
[0.551s] -- Detecting CXX compile features
[0.552s] -- Detecting CXX compile features - done
[0.554s] -- Using CATKIN_DEVEL_PREFIX: /home/msi/caato2_ws/build/caato_gazebo/devel
[0.554s] -- Using CMAKE_PREFIX_PATH: /opt/ros/noetic
[0.554s] -- This workspace overlays: /opt/ros/noetic
[0.588s] -- Found PythonInterp: /usr/bin/python3 (found suitable version "3.8.10", minimum required is "3") 
[0.588s] -- Using PYTHON_EXECUTABLE: /usr/bin/python3
[0.588s] -- Using Debian Python package layout
[0.627s] -- Found PY_em: /usr/lib/python3/dist-packages/em.py  
[0.627s] -- Using empy: /usr/lib/python3/dist-packages/em.py
[0.784s] -- Using CATKIN_ENABLE_TESTING: ON
[0.784s] -- Call enable_testing()
[0.786s] -- Using CATKIN_TEST_RESULTS_DIR: /home/msi/caato2_ws/build/caato_gazebo/test_results
[1.113s] -- Forcing gtest/gmock from source, though one was otherwise available.
[1.119s] -- Found gtest sources under '/usr/src/googletest': gtests will be built
[1.119s] -- Found gmock sources under '/usr/src/googletest': gmock will be built
[1.145s] -- Found PythonInterp: /usr/bin/python3 (found version "3.8.10") 
[1.147s] -- Found Threads: TRUE  
[1.151s] -- Using Python nosetests: /usr/bin/nosetests3
[1.224s] -- catkin 0.8.10
[1.224s] -- BUILD_SHARED_LIBS is on
[1.517s] -- Using these message generators: gencpp;geneus;genlisp;gennodejs;genpy
[1.969s] -- Configuring done
[2.001s] -- Generating done
[2.006s] -- Build files have been written to: /home/msi/caato2_ws/build/caato_gazebo
[2.028s] Invoked command in '/home/msi/caato2_ws/build/caato_gazebo' returned '0': /usr/bin/cmake /home/msi/caato2_ws/src/siot/caato/caato_gazebo -DCATKIN_INSTALL_INTO_PREFIX_ROOT=0 -DCMAKE_INSTALL_PREFIX=/home/msi/caato2_ws/install/caato_gazebo
[2.029s] Invoking command in '/home/msi/caato2_ws/build/caato_gazebo': /usr/bin/cmake --build /home/msi/caato2_ws/build/caato_gazebo -- -j20 -l20
[2.329s] Invoked command in '/home/msi/caato2_ws/build/caato_gazebo' returned '0': /usr/bin/cmake --build /home/msi/caato2_ws/build/caato_gazebo -- -j20 -l20
[3.511s] Invoking command in '/home/msi/caato2_ws/build/caato_gazebo': /usr/bin/cmake --build /home/msi/caato2_ws/build/caato_gazebo --target tests -- -j20 -l20
[7.335s] [35m[1mScanning dependencies of target tests[0m
[7.336s] Built target tests
[7.377s] Invoked command in '/home/msi/caato2_ws/build/caato_gazebo' returned '0': /usr/bin/cmake --build /home/msi/caato2_ws/build/caato_gazebo --target tests -- -j20 -l20
[8.751s] Invoking command in '/home/msi/caato2_ws/build/caato_gazebo': /usr/bin/cmake --install /home/msi/caato2_ws/build/caato_gazebo
[10.598s] -- Install configuration: ""
[10.598s] -- Installing: /home/msi/caato2_ws/install/caato_gazebo/lib/pkgconfig/caato_gazebo.pc
[10.598s] -- Installing: /home/msi/caato2_ws/install/caato_gazebo/share/caato_gazebo/cmake/caato_gazeboConfig.cmake
[10.598s] -- Installing: /home/msi/caato2_ws/install/caato_gazebo/share/caato_gazebo/cmake/caato_gazeboConfig-version.cmake
[10.599s] -- Installing: /home/msi/caato2_ws/install/caato_gazebo/share/caato_gazebo/package.xml
[10.599s] -- Installing: /home/msi/caato2_ws/install/caato_gazebo/share/caato_gazebo/launch
[10.599s] -- Installing: /home/msi/caato2_ws/install/caato_gazebo/share/caato_gazebo/launch/single_caato.mbc.launch
[10.599s] -- Installing: /home/msi/caato2_ws/install/caato_gazebo/share/caato_gazebo/launch/caato_empty_world.launch
[10.599s] -- Installing: /home/msi/caato2_ws/install/caato_gazebo/share/caato_gazebo/launch/single_caato.mbc.caato_v1f.launch
[10.599s] -- Installing: /home/msi/caato2_ws/install/caato_gazebo/share/caato_gazebo/launch/govtech_L10.launch
[10.646s] Invoked command in '/home/msi/caato2_ws/build/caato_gazebo' returned '0': /usr/bin/cmake --install /home/msi/caato2_ws/build/caato_gazebo
