[0.141s] Invoking command in '/home/msi/caato2_ws/build/realsense_gazebo_plugin': /usr/bin/cmake --build /home/msi/caato2_ws/build/realsense_gazebo_plugin -- -j20 -l20
[0.235s] [  0%] Built target dynamic_reconfigure_generate_messages_eus
[0.235s] [  0%] Built target trajectory_msgs_generate_messages_nodejs
[0.238s] [  0%] Built target trajectory_msgs_generate_messages_lisp
[0.238s] [  0%] Built target trajectory_msgs_generate_messages_cpp
[0.238s] [  0%] Built target gazebo_msgs_generate_messages_nodejs
[0.238s] [  0%] Built target gazebo_msgs_generate_messages_cpp
[0.238s] [  0%] Built target dynamic_reconfigure_gencfg
[0.238s] [  0%] Built target std_srvs_generate_messages_lisp
[0.238s] [  0%] Built target geometry_msgs_generate_messages_eus
[0.238s] [  0%] Built target std_srvs_generate_messages_eus
[0.238s] [  0%] Built target std_msgs_generate_messages_nodejs
[0.239s] [  0%] Built target std_msgs_generate_messages_py
[0.239s] [  0%] Built target gazebo_msgs_generate_messages_py
[0.239s] [  0%] Built target std_msgs_generate_messages_cpp
[0.240s] [  0%] Built target actionlib_msgs_generate_messages_py
[0.240s] [  0%] Built target tf2_msgs_generate_messages_cpp
[0.241s] [  0%] Built target dynamic_reconfigure_generate_messages_lisp
[0.241s] [  0%] Built target rosgraph_msgs_generate_messages_nodejs
[0.241s] [  0%] Built target actionlib_generate_messages_cpp
[0.242s] [  0%] Built target roscpp_generate_messages_lisp
[0.242s] [  0%] Built target actionlib_generate_messages_lisp
[0.243s] [  0%] Built target std_srvs_generate_messages_nodejs
[0.244s] [  0%] Built target std_srvs_generate_messages_cpp
[0.246s] [  0%] Built target tf_generate_messages_eus
[0.247s] [  0%] Built target std_msgs_generate_messages_lisp
[0.259s] [  0%] Built target rosgraph_msgs_generate_messages_lisp
[0.260s] [  0%] Built target dynamic_reconfigure_generate_messages_py
[0.260s] [  0%] Built target geometry_msgs_generate_messages_py
[0.260s] [  0%] Built target rosgraph_msgs_generate_messages_py
[0.260s] [  0%] Built target actionlib_msgs_generate_messages_eus
[0.260s] [  0%] Built target gazebo_ros_gencfg
[0.261s] [  0%] Built target roscpp_generate_messages_py
[0.265s] [  0%] Built target sensor_msgs_generate_messages_py
[0.265s] [  0%] Built target trajectory_msgs_generate_messages_eus
[0.268s] [  0%] Built target roscpp_generate_messages_cpp
[0.268s] [  0%] Built target roscpp_generate_messages_eus
[0.273s] [  0%] Built target tf2_msgs_generate_messages_eus
[0.273s] [  0%] Built target geometry_msgs_generate_messages_cpp
[0.273s] [  0%] Built target gazebo_msgs_generate_messages_lisp
[0.273s] [  0%] Built target tf2_msgs_generate_messages_py
[0.277s] [  0%] Built target dynamic_reconfigure_generate_messages_nodejs
[0.277s] [  0%] Built target geometry_msgs_generate_messages_lisp
[0.277s] [  0%] Built target tf_generate_messages_cpp
[0.279s] [  0%] Built target roscpp_generate_messages_nodejs
[0.287s] [  0%] Built target tf_generate_messages_lisp
[0.287s] [  0%] Built target rosgraph_msgs_generate_messages_eus
[0.287s] [  0%] Built target dynamic_reconfigure_generate_messages_cpp
[0.289s] [  0%] Built target sensor_msgs_generate_messages_eus
[0.290s] [  0%] Built target sensor_msgs_generate_messages_cpp
[0.290s] [  0%] Built target tf_generate_messages_nodejs
[0.293s] [  0%] Built target sensor_msgs_generate_messages_lisp
[0.293s] [  0%] Built target sensor_msgs_generate_messages_nodejs
[0.297s] [  0%] Built target std_srvs_generate_messages_py
[0.297s] [  0%] Built target trajectory_msgs_generate_messages_py
[0.305s] [  0%] Built target rosgraph_msgs_generate_messages_cpp
[0.305s] [  0%] Built target actionlib_msgs_generate_messages_cpp
[0.305s] [  0%] Built target actionlib_generate_messages_nodejs
[0.307s] [  0%] Built target actionlib_generate_messages_py
[0.309s] [  0%] Built target actionlib_generate_messages_eus
[0.309s] [  0%] Built target tf_generate_messages_py
[0.320s] [  0%] Built target actionlib_msgs_generate_messages_nodejs
[0.321s] [  0%] Built target std_msgs_generate_messages_eus
[0.321s] [  0%] Built target tf2_msgs_generate_messages_nodejs
[0.321s] [  0%] Built target geometry_msgs_generate_messages_nodejs
[0.321s] [  0%] Built target tf2_msgs_generate_messages_lisp
[0.322s] [  0%] Built target gazebo_msgs_generate_messages_eus
[0.322s] [  0%] Built target actionlib_msgs_generate_messages_lisp
[0.350s] [100%] Built target realsense_gazebo_plugin
[0.429s] Invoked command in '/home/msi/caato2_ws/build/realsense_gazebo_plugin' returned '0': /usr/bin/cmake --build /home/msi/caato2_ws/build/realsense_gazebo_plugin -- -j20 -l20
[0.606s] Invoking command in '/home/msi/caato2_ws/build/realsense_gazebo_plugin': /usr/bin/cmake --build /home/msi/caato2_ws/build/realsense_gazebo_plugin --target tests -- -j20 -l20
[0.701s] Built target tests
[0.707s] Invoked command in '/home/msi/caato2_ws/build/realsense_gazebo_plugin' returned '0': /usr/bin/cmake --build /home/msi/caato2_ws/build/realsense_gazebo_plugin --target tests -- -j20 -l20
[0.754s] Invoking command in '/home/msi/caato2_ws/build/realsense_gazebo_plugin': /usr/bin/cmake --install /home/msi/caato2_ws/build/realsense_gazebo_plugin
[0.765s] -- Install configuration: ""
[0.765s] -- Up-to-date: /home/msi/caato2_ws/install/realsense_gazebo_plugin/lib/pkgconfig/realsense_gazebo_plugin.pc
[0.765s] -- Up-to-date: /home/msi/caato2_ws/install/realsense_gazebo_plugin/share/realsense_gazebo_plugin/cmake/realsense_gazebo_pluginConfig.cmake
[0.766s] -- Up-to-date: /home/msi/caato2_ws/install/realsense_gazebo_plugin/share/realsense_gazebo_plugin/cmake/realsense_gazebo_pluginConfig-version.cmake
[0.766s] -- Up-to-date: /home/msi/caato2_ws/install/realsense_gazebo_plugin/share/realsense_gazebo_plugin/package.xml
[0.766s] -- Up-to-date: /home/msi/caato2_ws/install/realsense_gazebo_plugin/lib/librealsense_gazebo_plugin.so
[0.766s] -- Up-to-date: /home/msi/caato2_ws/install/realsense_gazebo_plugin/share/realsense_gazebo_plugin/include
[0.766s] -- Up-to-date: /home/msi/caato2_ws/install/realsense_gazebo_plugin/share/realsense_gazebo_plugin/include/realsense_gazebo_plugin
[0.766s] -- Up-to-date: /home/msi/caato2_ws/install/realsense_gazebo_plugin/share/realsense_gazebo_plugin/include/realsense_gazebo_plugin/gazebo_ros_realsense.h
[0.766s] -- Up-to-date: /home/msi/caato2_ws/install/realsense_gazebo_plugin/share/realsense_gazebo_plugin/include/realsense_gazebo_plugin/RealSensePlugin.h
[0.782s] Invoked command in '/home/msi/caato2_ws/build/realsense_gazebo_plugin' returned '0': /usr/bin/cmake --install /home/msi/caato2_ws/build/realsense_gazebo_plugin
