[0.168s] Invoking command in '/home/msi/caato2_ws/build/caato2_gazebo': CMAKE_PREFIX_PATH=/home/msi/caato2_ws/install/caato2_description:${CMAKE_PREFIX_PATH} PKG_CONFIG_PATH=/home/msi/caato2_ws/install/caato2_description/lib/x86_64-linux-gnu/pkgconfig:/home/msi/caato2_ws/install/caato2_description/lib/pkgconfig:${PKG_CONFIG_PATH} ROS_PACKAGE_PATH=/home/msi/caato2_ws/install/caato2_description/share:${ROS_PACKAGE_PATH} /usr/bin/cmake --build /home/msi/caato2_ws/build/caato2_gazebo -- -j20 -l20
[0.291s] Invoked command in '/home/msi/caato2_ws/build/caato2_gazebo' returned '0': CMAKE_PREFIX_PATH=/home/msi/caato2_ws/install/caato2_description:${CMAKE_PREFIX_PATH} PKG_CONFIG_PATH=/home/msi/caato2_ws/install/caato2_description/lib/x86_64-linux-gnu/pkgconfig:/home/msi/caato2_ws/install/caato2_description/lib/pkgconfig:${PKG_CONFIG_PATH} ROS_PACKAGE_PATH=/home/msi/caato2_ws/install/caato2_description/share:${ROS_PACKAGE_PATH} /usr/bin/cmake --build /home/msi/caato2_ws/build/caato2_gazebo -- -j20 -l20
[0.395s] Invoking command in '/home/msi/caato2_ws/build/caato2_gazebo': CMAKE_PREFIX_PATH=/home/msi/caato2_ws/install/caato2_description:${CMAKE_PREFIX_PATH} PKG_CONFIG_PATH=/home/msi/caato2_ws/install/caato2_description/lib/x86_64-linux-gnu/pkgconfig:/home/msi/caato2_ws/install/caato2_description/lib/pkgconfig:${PKG_CONFIG_PATH} ROS_PACKAGE_PATH=/home/msi/caato2_ws/install/caato2_description/share:${ROS_PACKAGE_PATH} /usr/bin/cmake --build /home/msi/caato2_ws/build/caato2_gazebo --target tests -- -j20 -l20
[0.450s] Built target tests
[0.467s] Invoked command in '/home/msi/caato2_ws/build/caato2_gazebo' returned '0': CMAKE_PREFIX_PATH=/home/msi/caato2_ws/install/caato2_description:${CMAKE_PREFIX_PATH} PKG_CONFIG_PATH=/home/msi/caato2_ws/install/caato2_description/lib/x86_64-linux-gnu/pkgconfig:/home/msi/caato2_ws/install/caato2_description/lib/pkgconfig:${PKG_CONFIG_PATH} ROS_PACKAGE_PATH=/home/msi/caato2_ws/install/caato2_description/share:${ROS_PACKAGE_PATH} /usr/bin/cmake --build /home/msi/caato2_ws/build/caato2_gazebo --target tests -- -j20 -l20
[0.538s] Invoking command in '/home/msi/caato2_ws/build/caato2_gazebo': CMAKE_PREFIX_PATH=/home/msi/caato2_ws/install/caato2_description:${CMAKE_PREFIX_PATH} PKG_CONFIG_PATH=/home/msi/caato2_ws/install/caato2_description/lib/x86_64-linux-gnu/pkgconfig:/home/msi/caato2_ws/install/caato2_description/lib/pkgconfig:${PKG_CONFIG_PATH} ROS_PACKAGE_PATH=/home/msi/caato2_ws/install/caato2_description/share:${ROS_PACKAGE_PATH} /usr/bin/cmake --install /home/msi/caato2_ws/build/caato2_gazebo
[0.542s] -- Install configuration: ""
[0.542s] -- Up-to-date: /home/msi/caato2_ws/install/caato2_gazebo/lib/pkgconfig/caato2_gazebo.pc
[0.542s] -- Up-to-date: /home/msi/caato2_ws/install/caato2_gazebo/share/caato2_gazebo/cmake/caato2_gazeboConfig.cmake
[0.542s] -- Up-to-date: /home/msi/caato2_ws/install/caato2_gazebo/share/caato2_gazebo/cmake/caato2_gazeboConfig-version.cmake
[0.543s] -- Up-to-date: /home/msi/caato2_ws/install/caato2_gazebo/share/caato2_gazebo/package.xml
[0.543s] -- Up-to-date: /home/msi/caato2_ws/install/caato2_gazebo/share/caato2_gazebo/launch
[0.543s] -- Up-to-date: /home/msi/caato2_ws/install/caato2_gazebo/share/caato2_gazebo/launch/caato2_emptyworld.launch
[0.543s] -- Up-to-date: /home/msi/caato2_ws/install/caato2_gazebo/share/caato2_gazebo/launch/caato2_test_3d_urdf.launch
[0.543s] -- Up-to-date: /home/msi/caato2_ws/install/caato2_gazebo/share/caato2_gazebo/launch/caato2_testurdf.launch
[0.543s] -- Up-to-date: /home/msi/caato2_ws/install/caato2_gazebo/share/caato2_gazebo/launch/caato2_mbc.launch
[0.544s] -- Up-to-date: /home/msi/caato2_ws/install/caato2_gazebo/share/caato2_gazebo/launch/caato2_3d_emptyworld.launch
[0.544s] -- Up-to-date: /home/msi/caato2_ws/install/caato2_gazebo/share/caato2_gazebo/worlds
[0.544s] -- Up-to-date: /home/msi/caato2_ws/install/caato2_gazebo/share/caato2_gazebo/worlds/turtlebot3_world.world
[0.544s] -- Up-to-date: /home/msi/caato2_ws/install/caato2_gazebo/share/caato2_gazebo/worlds/empty.world
[0.544s] -- Up-to-date: /home/msi/caato2_ws/install/caato2_gazebo/share/caato2_gazebo/worlds/traffic-editor-file
[0.544s] -- Up-to-date: /home/msi/caato2_ws/install/caato2_gazebo/share/caato2_gazebo/worlds/traffic-editor-file/sam_mbc.building.yaml
[0.544s] -- Up-to-date: /home/msi/caato2_ws/install/caato2_gazebo/share/caato2_gazebo/worlds/sam_mbc.world
[0.545s] -- Up-to-date: /home/msi/caato2_ws/install/caato2_gazebo/share/caato2_gazebo/models
[0.545s] -- Up-to-date: /home/msi/caato2_ws/install/caato2_gazebo/share/caato2_gazebo/models/mbc_building_L1
[0.545s] -- Up-to-date: /home/msi/caato2_ws/install/caato2_gazebo/share/caato2_gazebo/models/mbc_building_L1/meshes
[0.545s] -- Up-to-date: /home/msi/caato2_ws/install/caato2_gazebo/share/caato2_gazebo/models/mbc_building_L1/meshes/floor_1.png
[0.545s] -- Up-to-date: /home/msi/caato2_ws/install/caato2_gazebo/share/caato2_gazebo/models/mbc_building_L1/meshes/default.png
[0.546s] -- Up-to-date: /home/msi/caato2_ws/install/caato2_gazebo/share/caato2_gazebo/models/mbc_building_L1/meshes/floor_2.png
[0.547s] -- Up-to-date: /home/msi/caato2_ws/install/caato2_gazebo/share/caato2_gazebo/models/mbc_building_L1/meshes/floor_2.mtl
[0.547s] -- Up-to-date: /home/msi/caato2_ws/install/caato2_gazebo/share/caato2_gazebo/models/mbc_building_L1/meshes/wall_1.obj
[0.547s] -- Up-to-date: /home/msi/caato2_ws/install/caato2_gazebo/share/caato2_gazebo/models/mbc_building_L1/meshes/floor_1.mtl
[0.547s] -- Up-to-date: /home/msi/caato2_ws/install/caato2_gazebo/share/caato2_gazebo/models/mbc_building_L1/meshes/floor_2.obj
[0.547s] -- Up-to-date: /home/msi/caato2_ws/install/caato2_gazebo/share/caato2_gazebo/models/mbc_building_L1/meshes/wall_1.mtl
[0.547s] -- Up-to-date: /home/msi/caato2_ws/install/caato2_gazebo/share/caato2_gazebo/models/mbc_building_L1/meshes/floor_1.obj
[0.547s] -- Up-to-date: /home/msi/caato2_ws/install/caato2_gazebo/share/caato2_gazebo/models/mbc_building_L1/model.sdf
[0.547s] -- Up-to-date: /home/msi/caato2_ws/install/caato2_gazebo/share/caato2_gazebo/models/mbc_building_L1/model.config
[0.547s] -- Up-to-date: /home/msi/caato2_ws/install/caato2_gazebo/share/caato2_gazebo/models/Trolley_id3
[0.547s] -- Up-to-date: /home/msi/caato2_ws/install/caato2_gazebo/share/caato2_gazebo/models/Trolley_id3/materials
[0.547s] -- Up-to-date: /home/msi/caato2_ws/install/caato2_gazebo/share/caato2_gazebo/models/Trolley_id3/materials/textures
[0.547s] -- Up-to-date: /home/msi/caato2_ws/install/caato2_gazebo/share/caato2_gazebo/models/Trolley_id3/materials/textures/AprilTag.003.png
[0.548s] -- Up-to-date: /home/msi/caato2_ws/install/caato2_gazebo/share/caato2_gazebo/models/Trolley_id3/materials/textures/AprilTag.002.png
[0.548s] -- Up-to-date: /home/msi/caato2_ws/install/caato2_gazebo/share/caato2_gazebo/models/Trolley_id3/materials/scripts
[0.548s] -- Up-to-date: /home/msi/caato2_ws/install/caato2_gazebo/share/caato2_gazebo/models/Trolley_id3/materials/scripts/AprilTag.003.material
[0.548s] -- Up-to-date: /home/msi/caato2_ws/install/caato2_gazebo/share/caato2_gazebo/models/Trolley_id3/materials/scripts/AprilTag.002.material
[0.549s] -- Up-to-date: /home/msi/caato2_ws/install/caato2_gazebo/share/caato2_gazebo/models/Trolley_id3/meshes
[0.549s] -- Up-to-date: /home/msi/caato2_ws/install/caato2_gazebo/share/caato2_gazebo/models/Trolley_id3/meshes/front_wheel.dae
[0.549s] -- Up-to-date: /home/msi/caato2_ws/install/caato2_gazebo/share/caato2_gazebo/models/Trolley_id3/meshes/Trolley
[0.549s] -- Up-to-date: /home/msi/caato2_ws/install/caato2_gazebo/share/caato2_gazebo/models/Trolley_id3/meshes/Trolley/__Terrazzo_4.jpg
[0.549s] -- Up-to-date: /home/msi/caato2_ws/install/caato2_gazebo/share/caato2_gazebo/models/Trolley_id3/meshes/caster_wheel.dae
[0.549s] -- Up-to-date: /home/msi/caato2_ws/install/caato2_gazebo/share/caato2_gazebo/models/Trolley_id3/meshes/caster_wheel.2.dae
[0.549s] -- Up-to-date: /home/msi/caato2_ws/install/caato2_gazebo/share/caato2_gazebo/models/Trolley_id3/meshes/Trolley.dae
[0.550s] -- Up-to-date: /home/msi/caato2_ws/install/caato2_gazebo/share/caato2_gazebo/models/Trolley_id3/meshes/caster_wheel_hub.dae
[0.550s] -- Up-to-date: /home/msi/caato2_ws/install/caato2_gazebo/share/caato2_gazebo/models/Trolley_id3/Readme.txt
[0.550s] -- Up-to-date: /home/msi/caato2_ws/install/caato2_gazebo/share/caato2_gazebo/models/Trolley_id3/model.sdf
[0.550s] -- Up-to-date: /home/msi/caato2_ws/install/caato2_gazebo/share/caato2_gazebo/models/Trolley_id3/model.config
[0.550s] -- Up-to-date: /home/msi/caato2_ws/install/caato2_gazebo/share/caato2_gazebo/models/Trolley
[0.551s] -- Up-to-date: /home/msi/caato2_ws/install/caato2_gazebo/share/caato2_gazebo/models/Trolley/materials
[0.551s] -- Up-to-date: /home/msi/caato2_ws/install/caato2_gazebo/share/caato2_gazebo/models/Trolley/materials/textures
[0.551s] -- Up-to-date: /home/msi/caato2_ws/install/caato2_gazebo/share/caato2_gazebo/models/Trolley/materials/textures/AprilTag.jpeg
[0.551s] -- Up-to-date: /home/msi/caato2_ws/install/caato2_gazebo/share/caato2_gazebo/models/Trolley/materials/textures/QrImage.png.bkup
[0.551s] -- Up-to-date: /home/msi/caato2_ws/install/caato2_gazebo/share/caato2_gazebo/models/Trolley/materials/scripts
[0.551s] -- Up-to-date: /home/msi/caato2_ws/install/caato2_gazebo/share/caato2_gazebo/models/Trolley/materials/scripts/AprilTag.material
[0.551s] -- Up-to-date: /home/msi/caato2_ws/install/caato2_gazebo/share/caato2_gazebo/models/Trolley/materials/scripts/QrImage.material.bkup
[0.553s] -- Up-to-date: /home/msi/caato2_ws/install/caato2_gazebo/share/caato2_gazebo/models/Trolley/meshes
[0.553s] -- Up-to-date: /home/msi/caato2_ws/install/caato2_gazebo/share/caato2_gazebo/models/Trolley/meshes/front_wheel.dae
[0.553s] -- Up-to-date: /home/msi/caato2_ws/install/caato2_gazebo/share/caato2_gazebo/models/Trolley/meshes/Trolley
[0.553s] -- Up-to-date: /home/msi/caato2_ws/install/caato2_gazebo/share/caato2_gazebo/models/Trolley/meshes/Trolley/__Terrazzo_4.jpg
[0.553s] -- Up-to-date: /home/msi/caato2_ws/install/caato2_gazebo/share/caato2_gazebo/models/Trolley/meshes/caster_wheel.dae
[0.554s] -- Up-to-date: /home/msi/caato2_ws/install/caato2_gazebo/share/caato2_gazebo/models/Trolley/meshes/caster_wheel.2.dae
[0.554s] -- Up-to-date: /home/msi/caato2_ws/install/caato2_gazebo/share/caato2_gazebo/models/Trolley/meshes/Trolley.dae
[0.554s] -- Up-to-date: /home/msi/caato2_ws/install/caato2_gazebo/share/caato2_gazebo/models/Trolley/meshes/caster_wheel_hub.dae
[0.554s] -- Up-to-date: /home/msi/caato2_ws/install/caato2_gazebo/share/caato2_gazebo/models/Trolley/model.sdf.bkup
[0.554s] -- Up-to-date: /home/msi/caato2_ws/install/caato2_gazebo/share/caato2_gazebo/models/Trolley/model.sdf
[0.554s] -- Up-to-date: /home/msi/caato2_ws/install/caato2_gazebo/share/caato2_gazebo/models/Trolley/model.config
[0.554s] -- Up-to-date: /home/msi/caato2_ws/install/caato2_gazebo/share/caato2_gazebo/models/Xnergy_RCU
[0.554s] -- Up-to-date: /home/msi/caato2_ws/install/caato2_gazebo/share/caato2_gazebo/models/Xnergy_RCU/materials
[0.554s] -- Up-to-date: /home/msi/caato2_ws/install/caato2_gazebo/share/caato2_gazebo/models/Xnergy_RCU/materials/textures
[0.555s] -- Up-to-date: /home/msi/caato2_ws/install/caato2_gazebo/share/caato2_gazebo/models/Xnergy_RCU/materials/textures/AprilTag.jpeg
[0.555s] -- Up-to-date: /home/msi/caato2_ws/install/caato2_gazebo/share/caato2_gazebo/models/Xnergy_RCU/materials/textures/QrImage.png.bkup
[0.555s] -- Up-to-date: /home/msi/caato2_ws/install/caato2_gazebo/share/caato2_gazebo/models/Xnergy_RCU/materials/scripts
[0.555s] -- Up-to-date: /home/msi/caato2_ws/install/caato2_gazebo/share/caato2_gazebo/models/Xnergy_RCU/materials/scripts/AprilTag.material
[0.555s] -- Up-to-date: /home/msi/caato2_ws/install/caato2_gazebo/share/caato2_gazebo/models/Xnergy_RCU/materials/scripts/QrImage.material.bkup
[0.555s] -- Up-to-date: /home/msi/caato2_ws/install/caato2_gazebo/share/caato2_gazebo/models/Xnergy_RCU/meshes
[0.556s] -- Up-to-date: /home/msi/caato2_ws/install/caato2_gazebo/share/caato2_gazebo/models/Xnergy_RCU/meshes/Receiver-Unit.dae
[0.556s] -- Up-to-date: /home/msi/caato2_ws/install/caato2_gazebo/share/caato2_gazebo/models/Xnergy_RCU/model.sdf
[0.557s] -- Up-to-date: /home/msi/caato2_ws/install/caato2_gazebo/share/caato2_gazebo/models/Xnergy_RCU/model.config
[0.557s] -- Up-to-date: /home/msi/caato2_ws/install/caato2_gazebo/share/caato2_gazebo/models/Xnergy_TPU
[0.557s] -- Up-to-date: /home/msi/caato2_ws/install/caato2_gazebo/share/caato2_gazebo/models/Xnergy_TPU/materials
[0.557s] -- Up-to-date: /home/msi/caato2_ws/install/caato2_gazebo/share/caato2_gazebo/models/Xnergy_TPU/materials/textures
[0.557s] -- Up-to-date: /home/msi/caato2_ws/install/caato2_gazebo/share/caato2_gazebo/models/Xnergy_TPU/materials/textures/AprilTag.015.png
[0.557s] -- Up-to-date: /home/msi/caato2_ws/install/caato2_gazebo/share/caato2_gazebo/models/Xnergy_TPU/materials/textures/AprilTag.jpeg
[0.557s] -- Up-to-date: /home/msi/caato2_ws/install/caato2_gazebo/share/caato2_gazebo/models/Xnergy_TPU/materials/textures/QrImage.png.bkup
[0.557s] -- Up-to-date: /home/msi/caato2_ws/install/caato2_gazebo/share/caato2_gazebo/models/Xnergy_TPU/materials/scripts
[0.557s] -- Up-to-date: /home/msi/caato2_ws/install/caato2_gazebo/share/caato2_gazebo/models/Xnergy_TPU/materials/scripts/AprilTag.material
[0.557s] -- Up-to-date: /home/msi/caato2_ws/install/caato2_gazebo/share/caato2_gazebo/models/Xnergy_TPU/materials/scripts/QrImage.material.bkup
[0.557s] -- Up-to-date: /home/msi/caato2_ws/install/caato2_gazebo/share/caato2_gazebo/models/Xnergy_TPU/materials/scripts/AprilTag.015.material
[0.558s] -- Up-to-date: /home/msi/caato2_ws/install/caato2_gazebo/share/caato2_gazebo/models/Xnergy_TPU/meshes
[0.558s] -- Up-to-date: /home/msi/caato2_ws/install/caato2_gazebo/share/caato2_gazebo/models/Xnergy_TPU/meshes/Transmitter-Pad.dae
[0.558s] -- Up-to-date: /home/msi/caato2_ws/install/caato2_gazebo/share/caato2_gazebo/models/Xnergy_TPU/model.sdf
[0.558s] -- Up-to-date: /home/msi/caato2_ws/install/caato2_gazebo/share/caato2_gazebo/models/Xnergy_TPU/model.config
[0.559s] -- Up-to-date: /home/msi/caato2_ws/install/caato2_gazebo/share/caato2_gazebo/models/Trolley_id1
[0.560s] -- Up-to-date: /home/msi/caato2_ws/install/caato2_gazebo/share/caato2_gazebo/models/Trolley_id1/materials
[0.560s] -- Up-to-date: /home/msi/caato2_ws/install/caato2_gazebo/share/caato2_gazebo/models/Trolley_id1/materials/textures
[0.560s] -- Up-to-date: /home/msi/caato2_ws/install/caato2_gazebo/share/caato2_gazebo/models/Trolley_id1/materials/textures/AprilTag.001.png
[0.560s] -- Up-to-date: /home/msi/caato2_ws/install/caato2_gazebo/share/caato2_gazebo/models/Trolley_id1/materials/textures/AprilTag.000.png
[0.560s] -- Up-to-date: /home/msi/caato2_ws/install/caato2_gazebo/share/caato2_gazebo/models/Trolley_id1/materials/scripts
[0.560s] -- Up-to-date: /home/msi/caato2_ws/install/caato2_gazebo/share/caato2_gazebo/models/Trolley_id1/materials/scripts/AprilTag.001.material
[0.561s] -- Up-to-date: /home/msi/caato2_ws/install/caato2_gazebo/share/caato2_gazebo/models/Trolley_id1/materials/scripts/AprilTag.000.material
[0.561s] -- Up-to-date: /home/msi/caato2_ws/install/caato2_gazebo/share/caato2_gazebo/models/Trolley_id1/meshes
[0.561s] -- Up-to-date: /home/msi/caato2_ws/install/caato2_gazebo/share/caato2_gazebo/models/Trolley_id1/meshes/front_wheel.dae
[0.561s] -- Up-to-date: /home/msi/caato2_ws/install/caato2_gazebo/share/caato2_gazebo/models/Trolley_id1/meshes/Trolley
[0.562s] -- Up-to-date: /home/msi/caato2_ws/install/caato2_gazebo/share/caato2_gazebo/models/Trolley_id1/meshes/Trolley/__Terrazzo_4.jpg
[0.562s] -- Up-to-date: /home/msi/caato2_ws/install/caato2_gazebo/share/caato2_gazebo/models/Trolley_id1/meshes/caster_wheel.dae
[0.563s] -- Up-to-date: /home/msi/caato2_ws/install/caato2_gazebo/share/caato2_gazebo/models/Trolley_id1/meshes/caster_wheel.2.dae
[0.563s] -- Up-to-date: /home/msi/caato2_ws/install/caato2_gazebo/share/caato2_gazebo/models/Trolley_id1/meshes/Trolley.dae
[0.563s] -- Up-to-date: /home/msi/caato2_ws/install/caato2_gazebo/share/caato2_gazebo/models/Trolley_id1/meshes/caster_wheel_hub.dae
[0.563s] -- Up-to-date: /home/msi/caato2_ws/install/caato2_gazebo/share/caato2_gazebo/models/Trolley_id1/Readme.txt
[0.563s] -- Up-to-date: /home/msi/caato2_ws/install/caato2_gazebo/share/caato2_gazebo/models/Trolley_id1/model.sdf
[0.564s] -- Up-to-date: /home/msi/caato2_ws/install/caato2_gazebo/share/caato2_gazebo/models/Trolley_id1/model.config
[0.564s] -- Up-to-date: /home/msi/caato2_ws/install/caato2_gazebo/share/caato2_gazebo/models/Caato
[0.564s] -- Up-to-date: /home/msi/caato2_ws/install/caato2_gazebo/share/caato2_gazebo/models/Caato/caato_360Cam.urdf.xacro.bkup
[0.564s] -- Up-to-date: /home/msi/caato2_ws/install/caato2_gazebo/share/caato2_gazebo/models/Caato/meshes
[0.565s] -- Up-to-date: /home/msi/caato2_ws/install/caato2_gazebo/share/caato2_gazebo/models/Caato/meshes/002._dc_brushed_wheels.stl
[0.565s] -- Up-to-date: /home/msi/caato2_ws/install/caato2_gazebo/share/caato2_gazebo/models/Caato/meshes/hokuyo_laser_scanner.stl
[0.565s] -- Up-to-date: /home/msi/caato2_ws/install/caato2_gazebo/share/caato2_gazebo/models/Caato/meshes/xiaomi_pro_hub_motor.stl
[0.565s] -- Up-to-date: /home/msi/caato2_ws/install/caato2_gazebo/share/caato2_gazebo/models/Caato/meshes/castor_wheel.stl
[0.565s] -- Up-to-date: /home/msi/caato2_ws/install/caato2_gazebo/share/caato2_gazebo/models/Caato/meshes/castor_mount.stl
[0.565s] -- Up-to-date: /home/msi/caato2_ws/install/caato2_gazebo/share/caato2_gazebo/models/Caato/meshes/base_link.stl
[0.565s] -- Up-to-date: /home/msi/caato2_ws/install/caato2_gazebo/share/caato2_gazebo/models/Caato/model.sdf
[0.565s] -- Up-to-date: /home/msi/caato2_ws/install/caato2_gazebo/share/caato2_gazebo/models/Caato/model.config
[0.566s] -- Up-to-date: /home/msi/caato2_ws/install/caato2_gazebo/share/caato2_gazebo/models/building_L9
[0.566s] -- Up-to-date: /home/msi/caato2_ws/install/caato2_gazebo/share/caato2_gazebo/models/building_L9/meshes
[0.566s] -- Up-to-date: /home/msi/caato2_ws/install/caato2_gazebo/share/caato2_gazebo/models/building_L9/meshes/model.material
[0.567s] -- Up-to-date: /home/msi/caato2_ws/install/caato2_gazebo/share/caato2_gazebo/models/building_L9/meshes/default.png
[0.567s] -- Up-to-date: /home/msi/caato2_ws/install/caato2_gazebo/share/caato2_gazebo/models/building_L9/meshes/blue_linoleum.png
[0.567s] -- Up-to-date: /home/msi/caato2_ws/install/caato2_gazebo/share/caato2_gazebo/models/building_L9/meshes/wall_1.obj
[0.567s] -- Up-to-date: /home/msi/caato2_ws/install/caato2_gazebo/share/caato2_gazebo/models/building_L9/meshes/floor_1.mtl
[0.567s] -- Up-to-date: /home/msi/caato2_ws/install/caato2_gazebo/share/caato2_gazebo/models/building_L9/meshes/wall_1.mtl
[0.568s] -- Up-to-date: /home/msi/caato2_ws/install/caato2_gazebo/share/caato2_gazebo/models/building_L9/meshes/floor_1.obj
[0.569s] -- Up-to-date: /home/msi/caato2_ws/install/caato2_gazebo/share/caato2_gazebo/models/building_L9/model.sdf
[0.569s] -- Up-to-date: /home/msi/caato2_ws/install/caato2_gazebo/share/caato2_gazebo/models/building_L9/model.config
[0.569s] -- Up-to-date: /home/msi/caato2_ws/install/caato2_gazebo/share/caato2_gazebo/models/sam_mbc_mbc_lvl10
[0.569s] -- Up-to-date: /home/msi/caato2_ws/install/caato2_gazebo/share/caato2_gazebo/models/sam_mbc_mbc_lvl10/meshes
[0.569s] -- Up-to-date: /home/msi/caato2_ws/install/caato2_gazebo/share/caato2_gazebo/models/sam_mbc_mbc_lvl10/meshes/model.material
[0.570s] -- Up-to-date: /home/msi/caato2_ws/install/caato2_gazebo/share/caato2_gazebo/models/sam_mbc_mbc_lvl10/meshes/default.png
[0.571s] -- Up-to-date: /home/msi/caato2_ws/install/caato2_gazebo/share/caato2_gazebo/models/sam_mbc_mbc_lvl10/meshes/blue_linoleum.png
[0.571s] -- Up-to-date: /home/msi/caato2_ws/install/caato2_gazebo/share/caato2_gazebo/models/sam_mbc_mbc_lvl10/meshes/wall_1.obj
[0.571s] -- Up-to-date: /home/msi/caato2_ws/install/caato2_gazebo/share/caato2_gazebo/models/sam_mbc_mbc_lvl10/meshes/floor_1.mtl
[0.571s] -- Up-to-date: /home/msi/caato2_ws/install/caato2_gazebo/share/caato2_gazebo/models/sam_mbc_mbc_lvl10/meshes/wall_1.mtl
[0.571s] -- Up-to-date: /home/msi/caato2_ws/install/caato2_gazebo/share/caato2_gazebo/models/sam_mbc_mbc_lvl10/meshes/floor_1.obj
[0.571s] -- Up-to-date: /home/msi/caato2_ws/install/caato2_gazebo/share/caato2_gazebo/models/sam_mbc_mbc_lvl10/model.sdf
[0.571s] -- Up-to-date: /home/msi/caato2_ws/install/caato2_gazebo/share/caato2_gazebo/models/sam_mbc_mbc_lvl10/model.config
[0.572s] -- Up-to-date: /home/msi/caato2_ws/install/caato2_gazebo/share/caato2_gazebo/models/Trolley_id5
[0.572s] -- Up-to-date: /home/msi/caato2_ws/install/caato2_gazebo/share/caato2_gazebo/models/Trolley_id5/materials
[0.573s] -- Up-to-date: /home/msi/caato2_ws/install/caato2_gazebo/share/caato2_gazebo/models/Trolley_id5/materials/textures
[0.573s] -- Up-to-date: /home/msi/caato2_ws/install/caato2_gazebo/share/caato2_gazebo/models/Trolley_id5/materials/textures/AprilTag.005.png
[0.573s] -- Up-to-date: /home/msi/caato2_ws/install/caato2_gazebo/share/caato2_gazebo/models/Trolley_id5/materials/textures/AprilTag.004.png
[0.573s] -- Up-to-date: /home/msi/caato2_ws/install/caato2_gazebo/share/caato2_gazebo/models/Trolley_id5/materials/scripts
[0.573s] -- Up-to-date: /home/msi/caato2_ws/install/caato2_gazebo/share/caato2_gazebo/models/Trolley_id5/materials/scripts/AprilTag.005.material
[0.574s] -- Up-to-date: /home/msi/caato2_ws/install/caato2_gazebo/share/caato2_gazebo/models/Trolley_id5/materials/scripts/AprilTag.004.material
[0.575s] -- Up-to-date: /home/msi/caato2_ws/install/caato2_gazebo/share/caato2_gazebo/models/Trolley_id5/meshes
[0.575s] -- Up-to-date: /home/msi/caato2_ws/install/caato2_gazebo/share/caato2_gazebo/models/Trolley_id5/meshes/front_wheel.dae
[0.575s] -- Up-to-date: /home/msi/caato2_ws/install/caato2_gazebo/share/caato2_gazebo/models/Trolley_id5/meshes/Trolley
[0.575s] -- Up-to-date: /home/msi/caato2_ws/install/caato2_gazebo/share/caato2_gazebo/models/Trolley_id5/meshes/Trolley/__Terrazzo_4.jpg
[0.575s] -- Up-to-date: /home/msi/caato2_ws/install/caato2_gazebo/share/caato2_gazebo/models/Trolley_id5/meshes/caster_wheel.dae
[0.575s] -- Up-to-date: /home/msi/caato2_ws/install/caato2_gazebo/share/caato2_gazebo/models/Trolley_id5/meshes/caster_wheel.2.dae
[0.576s] -- Up-to-date: /home/msi/caato2_ws/install/caato2_gazebo/share/caato2_gazebo/models/Trolley_id5/meshes/Trolley.dae
[0.577s] -- Up-to-date: /home/msi/caato2_ws/install/caato2_gazebo/share/caato2_gazebo/models/Trolley_id5/meshes/caster_wheel_hub.dae
[0.577s] -- Up-to-date: /home/msi/caato2_ws/install/caato2_gazebo/share/caato2_gazebo/models/Trolley_id5/Readme.txt
[0.577s] -- Up-to-date: /home/msi/caato2_ws/install/caato2_gazebo/share/caato2_gazebo/models/Trolley_id5/model.sdf
[0.577s] -- Up-to-date: /home/msi/caato2_ws/install/caato2_gazebo/share/caato2_gazebo/models/Trolley_id5/model.config
[0.578s] -- Up-to-date: /home/msi/caato2_ws/install/caato2_gazebo/share/caato2_gazebo/models/building_L10
[0.579s] -- Up-to-date: /home/msi/caato2_ws/install/caato2_gazebo/share/caato2_gazebo/models/building_L10/meshes
[0.579s] -- Up-to-date: /home/msi/caato2_ws/install/caato2_gazebo/share/caato2_gazebo/models/building_L10/meshes/model.material
[0.579s] -- Up-to-date: /home/msi/caato2_ws/install/caato2_gazebo/share/caato2_gazebo/models/building_L10/meshes/default.png
[0.579s] -- Up-to-date: /home/msi/caato2_ws/install/caato2_gazebo/share/caato2_gazebo/models/building_L10/meshes/floor_3.mtl
[0.579s] -- Up-to-date: /home/msi/caato2_ws/install/caato2_gazebo/share/caato2_gazebo/models/building_L10/meshes/blue_linoleum.png
[0.579s] -- Up-to-date: /home/msi/caato2_ws/install/caato2_gazebo/share/caato2_gazebo/models/building_L10/meshes/floor_2.mtl
[0.580s] -- Up-to-date: /home/msi/caato2_ws/install/caato2_gazebo/share/caato2_gazebo/models/building_L10/meshes/wall_1.obj
[0.581s] -- Up-to-date: /home/msi/caato2_ws/install/caato2_gazebo/share/caato2_gazebo/models/building_L10/meshes/floor_1.mtl
[0.581s] -- Up-to-date: /home/msi/caato2_ws/install/caato2_gazebo/share/caato2_gazebo/models/building_L10/meshes/white_beige_tiles.png
[0.581s] -- Up-to-date: /home/msi/caato2_ws/install/caato2_gazebo/share/caato2_gazebo/models/building_L10/meshes/floor_2.obj
[0.581s] -- Up-to-date: /home/msi/caato2_ws/install/caato2_gazebo/share/caato2_gazebo/models/building_L10/meshes/wall_1.mtl
[0.581s] -- Up-to-date: /home/msi/caato2_ws/install/caato2_gazebo/share/caato2_gazebo/models/building_L10/meshes/floor_3.obj
[0.581s] -- Up-to-date: /home/msi/caato2_ws/install/caato2_gazebo/share/caato2_gazebo/models/building_L10/meshes/gray_flooring.png
[0.581s] -- Up-to-date: /home/msi/caato2_ws/install/caato2_gazebo/share/caato2_gazebo/models/building_L10/meshes/floor_1.obj
[0.581s] -- Up-to-date: /home/msi/caato2_ws/install/caato2_gazebo/share/caato2_gazebo/models/building_L10/model.sdf
[0.582s] -- Up-to-date: /home/msi/caato2_ws/install/caato2_gazebo/share/caato2_gazebo/models/building_L10/model.config
[0.583s] -- Up-to-date: /home/msi/caato2_ws/install/caato2_gazebo/share/caato2_gazebo/rviz
[0.584s] -- Up-to-date: /home/msi/caato2_ws/install/caato2_gazebo/share/caato2_gazebo/rviz/with_realsense.rviz
[0.584s] -- Up-to-date: /home/msi/caato2_ws/install/caato2_gazebo/share/caato2_gazebo/rviz/sample.rviz
[0.584s] -- Up-to-date: /home/msi/caato2_ws/install/caato2_gazebo/share/caato2_gazebo/rviz/urdf.rviz
[0.584s] -- Up-to-date: /home/msi/caato2_ws/install/caato2_gazebo/share/caato2_gazebo/rviz/with_tag_detection.rviz
[0.584s] -- Up-to-date: /home/msi/caato2_ws/install/caato2_gazebo/share/caato2_gazebo/maps
[0.584s] -- Up-to-date: /home/msi/caato2_ws/install/caato2_gazebo/share/caato2_gazebo/maps/others
[0.584s] -- Up-to-date: /home/msi/caato2_ws/install/caato2_gazebo/share/caato2_gazebo/maps/others/house.yaml
[0.584s] -- Up-to-date: /home/msi/caato2_ws/install/caato2_gazebo/share/caato2_gazebo/maps/others/test2.pgm
[0.584s] -- Up-to-date: /home/msi/caato2_ws/install/caato2_gazebo/share/caato2_gazebo/maps/others/mbc_lvl_10_060522.pgm
[0.584s] -- Up-to-date: /home/msi/caato2_ws/install/caato2_gazebo/share/caato2_gazebo/maps/others/test2.yaml
[0.585s] -- Up-to-date: /home/msi/caato2_ws/install/caato2_gazebo/share/caato2_gazebo/maps/others/mbc_lvl_10_060522.yaml
[0.585s] -- Up-to-date: /home/msi/caato2_ws/install/caato2_gazebo/share/caato2_gazebo/maps/others/house.pgm
[0.585s] -- Up-to-date: /home/msi/caato2_ws/install/caato2_gazebo/share/caato2_gazebo/maps/others/world.pgm
[0.585s] -- Up-to-date: /home/msi/caato2_ws/install/caato2_gazebo/share/caato2_gazebo/maps/others/world.yaml
[0.585s] -- Up-to-date: /home/msi/caato2_ws/install/caato2_gazebo/share/caato2_gazebo/maps/mbc
[0.585s] -- Up-to-date: /home/msi/caato2_ws/install/caato2_gazebo/share/caato2_gazebo/maps/mbc/mbc_lvl_10_060522.png
[0.585s] -- Up-to-date: /home/msi/caato2_ws/install/caato2_gazebo/share/caato2_gazebo/maps/mbc/lvl10.png
[0.585s] -- Up-to-date: /home/msi/caato2_ws/install/caato2_gazebo/share/caato2_gazebo/maps/mbc/old_mbc
[0.585s] -- Up-to-date: /home/msi/caato2_ws/install/caato2_gazebo/share/caato2_gazebo/maps/mbc/old_mbc/mbc.pgm
[0.585s] -- Up-to-date: /home/msi/caato2_ws/install/caato2_gazebo/share/caato2_gazebo/maps/mbc/old_mbc/mbc.png
[0.585s] -- Up-to-date: /home/msi/caato2_ws/install/caato2_gazebo/share/caato2_gazebo/maps/mbc/old_mbc/mbc.yaml
[0.585s] -- Up-to-date: /home/msi/caato2_ws/install/caato2_gazebo/share/caato2_gazebo/maps/mbc/mbc_lvl_10_060522.pgm
[0.585s] -- Up-to-date: /home/msi/caato2_ws/install/caato2_gazebo/share/caato2_gazebo/maps/mbc/mbc_lvl_10_060522.yaml
[0.585s] -- Up-to-date: /home/msi/caato2_ws/install/caato2_gazebo/share/caato2_gazebo/maps/tb3_world
[0.585s] -- Up-to-date: /home/msi/caato2_ws/install/caato2_gazebo/share/caato2_gazebo/maps/tb3_world/world.pgm
[0.585s] -- Up-to-date: /home/msi/caato2_ws/install/caato2_gazebo/share/caato2_gazebo/maps/tb3_world/world.yaml
[0.602s] Invoked command in '/home/msi/caato2_ws/build/caato2_gazebo' returned '0': CMAKE_PREFIX_PATH=/home/msi/caato2_ws/install/caato2_description:${CMAKE_PREFIX_PATH} PKG_CONFIG_PATH=/home/msi/caato2_ws/install/caato2_description/lib/x86_64-linux-gnu/pkgconfig:/home/msi/caato2_ws/install/caato2_description/lib/pkgconfig:${PKG_CONFIG_PATH} ROS_PACKAGE_PATH=/home/msi/caato2_ws/install/caato2_description/share:${ROS_PACKAGE_PATH} /usr/bin/cmake --install /home/msi/caato2_ws/build/caato2_gazebo
