[0.389s] Invoking command in '/home/msi/caato2_ws/build/rosserial_vex_v5': CMAKE_PREFIX_PATH=/home/msi/caato2_ws/install/rosserial_python:/home/msi/caato2_ws/install/rosserial_client:/home/msi/caato2_ws/install/rosserial_msgs:${CMAKE_PREFIX_PATH} PKG_CONFIG_PATH=/home/msi/caato2_ws/install/rosserial_python/lib/x86_64-linux-gnu/pkgconfig:/home/msi/caato2_ws/install/rosserial_python/lib/pkgconfig:/home/msi/caato2_ws/install/rosserial_client/lib/x86_64-linux-gnu/pkgconfig:/home/msi/caato2_ws/install/rosserial_client/lib/pkgconfig:/home/msi/caato2_ws/install/rosserial_msgs/lib/x86_64-linux-gnu/pkgconfig:/home/msi/caato2_ws/install/rosserial_msgs/lib/pkgconfig:${PKG_CONFIG_PATH} PYTHONPATH=/home/msi/caato2_ws/install/rosserial_python/lib/python3/dist-packages:/home/msi/caato2_ws/install/rosserial_client/lib/python3/dist-packages:/home/msi/caato2_ws/install/rosserial_msgs/lib/python3/dist-packages:${PYTHONPATH} ROS_PACKAGE_PATH=/home/msi/caato2_ws/install/rosserial_python/share:/home/msi/caato2_ws/install/rosserial_client/share:/home/msi/caato2_ws/install/rosserial_msgs/share:${ROS_PACKAGE_PATH} /usr/bin/cmake /home/msi/caato2_ws/src/thirdparty/rosserial/rosserial_vex_v5 -DCATKIN_INSTALL_INTO_PREFIX_ROOT=0 -DCMAKE_INSTALL_PREFIX=/home/msi/caato2_ws/install/rosserial_vex_v5
[4.158s] -- The C compiler identification is GNU 8.4.0
[4.158s] -- The CXX compiler identification is GNU 8.4.0
[4.158s] -- Check for working C compiler: /usr/bin/cc
[4.158s] -- Check for working C compiler: /usr/bin/cc -- works
[4.158s] -- Detecting C compiler ABI info
[4.159s] -- Detecting C compiler ABI info - done
[4.159s] -- Detecting C compile features
[4.163s] -- Detecting C compile features - done
[4.163s] -- Check for working CXX compiler: /usr/bin/c++
[4.164s] -- Check for working CXX compiler: /usr/bin/c++ -- works
[4.164s] -- Detecting CXX compiler ABI info
[4.164s] -- Detecting CXX compiler ABI info - done
[4.164s] -- Detecting CXX compile features
[4.164s] -- Detecting CXX compile features - done
[4.164s] -- Using CATKIN_DEVEL_PREFIX: /home/msi/caato2_ws/build/rosserial_vex_v5/devel
[4.164s] -- Using CMAKE_PREFIX_PATH: /home/msi/caato2_ws/install/rosserial_python;/home/msi/caato2_ws/install/rosserial_client;/home/msi/caato2_ws/install/rosserial_msgs;/opt/ros/noetic
[4.164s] -- This workspace overlays: /home/msi/caato2_ws/install/rosserial_python;/home/msi/caato2_ws/install/rosserial_client;/home/msi/caato2_ws/install/rosserial_msgs;/opt/ros/noetic
[4.164s] -- Found PythonInterp: /usr/bin/python3 (found suitable version "3.8.10", minimum required is "3") 
[4.164s] -- Using PYTHON_EXECUTABLE: /usr/bin/python3
[4.164s] -- Using Debian Python package layout
[4.165s] -- Found PY_em: /usr/lib/python3/dist-packages/em.py  
[4.165s] -- Using empy: /usr/lib/python3/dist-packages/em.py
[4.165s] -- Using CATKIN_ENABLE_TESTING: ON
[4.165s] -- Call enable_testing()
[4.165s] -- Using CATKIN_TEST_RESULTS_DIR: /home/msi/caato2_ws/build/rosserial_vex_v5/test_results
[4.165s] -- Forcing gtest/gmock from source, though one was otherwise available.
[4.165s] -- Found gtest sources under '/usr/src/googletest': gtests will be built
[4.165s] -- Found gmock sources under '/usr/src/googletest': gmock will be built
[4.165s] -- Found PythonInterp: /usr/bin/python3 (found version "3.8.10") 
[4.165s] -- Found Threads: TRUE  
[4.165s] -- Using Python nosetests: /usr/bin/nosetests3
[4.166s] -- catkin 0.8.10
[4.166s] -- BUILD_SHARED_LIBS is on
[4.867s] -- Installing devel-space wrapper /home/msi/caato2_ws/src/thirdparty/rosserial/rosserial_vex_v5/src/rosserial_vex_v5/make_libraries.py to /home/msi/caato2_ws/build/rosserial_vex_v5/devel/share/rosserial_vex_v5
[4.878s] -- Configuring done
[4.878s] -- Generating done
[4.878s] -- Build files have been written to: /home/msi/caato2_ws/build/rosserial_vex_v5
[4.915s] Invoked command in '/home/msi/caato2_ws/build/rosserial_vex_v5' returned '0': CMAKE_PREFIX_PATH=/home/msi/caato2_ws/install/rosserial_python:/home/msi/caato2_ws/install/rosserial_client:/home/msi/caato2_ws/install/rosserial_msgs:${CMAKE_PREFIX_PATH} PKG_CONFIG_PATH=/home/msi/caato2_ws/install/rosserial_python/lib/x86_64-linux-gnu/pkgconfig:/home/msi/caato2_ws/install/rosserial_python/lib/pkgconfig:/home/msi/caato2_ws/install/rosserial_client/lib/x86_64-linux-gnu/pkgconfig:/home/msi/caato2_ws/install/rosserial_client/lib/pkgconfig:/home/msi/caato2_ws/install/rosserial_msgs/lib/x86_64-linux-gnu/pkgconfig:/home/msi/caato2_ws/install/rosserial_msgs/lib/pkgconfig:${PKG_CONFIG_PATH} PYTHONPATH=/home/msi/caato2_ws/install/rosserial_python/lib/python3/dist-packages:/home/msi/caato2_ws/install/rosserial_client/lib/python3/dist-packages:/home/msi/caato2_ws/install/rosserial_msgs/lib/python3/dist-packages:${PYTHONPATH} ROS_PACKAGE_PATH=/home/msi/caato2_ws/install/rosserial_python/share:/home/msi/caato2_ws/install/rosserial_client/share:/home/msi/caato2_ws/install/rosserial_msgs/share:${ROS_PACKAGE_PATH} /usr/bin/cmake /home/msi/caato2_ws/src/thirdparty/rosserial/rosserial_vex_v5 -DCATKIN_INSTALL_INTO_PREFIX_ROOT=0 -DCMAKE_INSTALL_PREFIX=/home/msi/caato2_ws/install/rosserial_vex_v5
[4.924s] Invoking command in '/home/msi/caato2_ws/build/rosserial_vex_v5': CMAKE_PREFIX_PATH=/home/msi/caato2_ws/install/rosserial_python:/home/msi/caato2_ws/install/rosserial_client:/home/msi/caato2_ws/install/rosserial_msgs:${CMAKE_PREFIX_PATH} PKG_CONFIG_PATH=/home/msi/caato2_ws/install/rosserial_python/lib/x86_64-linux-gnu/pkgconfig:/home/msi/caato2_ws/install/rosserial_python/lib/pkgconfig:/home/msi/caato2_ws/install/rosserial_client/lib/x86_64-linux-gnu/pkgconfig:/home/msi/caato2_ws/install/rosserial_client/lib/pkgconfig:/home/msi/caato2_ws/install/rosserial_msgs/lib/x86_64-linux-gnu/pkgconfig:/home/msi/caato2_ws/install/rosserial_msgs/lib/pkgconfig:${PKG_CONFIG_PATH} PYTHONPATH=/home/msi/caato2_ws/install/rosserial_python/lib/python3/dist-packages:/home/msi/caato2_ws/install/rosserial_client/lib/python3/dist-packages:/home/msi/caato2_ws/install/rosserial_msgs/lib/python3/dist-packages:${PYTHONPATH} ROS_PACKAGE_PATH=/home/msi/caato2_ws/install/rosserial_python/share:/home/msi/caato2_ws/install/rosserial_client/share:/home/msi/caato2_ws/install/rosserial_msgs/share:${ROS_PACKAGE_PATH} /usr/bin/cmake --build /home/msi/caato2_ws/build/rosserial_vex_v5 -- -j20 -l20
[5.006s] Invoked command in '/home/msi/caato2_ws/build/rosserial_vex_v5' returned '0': CMAKE_PREFIX_PATH=/home/msi/caato2_ws/install/rosserial_python:/home/msi/caato2_ws/install/rosserial_client:/home/msi/caato2_ws/install/rosserial_msgs:${CMAKE_PREFIX_PATH} PKG_CONFIG_PATH=/home/msi/caato2_ws/install/rosserial_python/lib/x86_64-linux-gnu/pkgconfig:/home/msi/caato2_ws/install/rosserial_python/lib/pkgconfig:/home/msi/caato2_ws/install/rosserial_client/lib/x86_64-linux-gnu/pkgconfig:/home/msi/caato2_ws/install/rosserial_client/lib/pkgconfig:/home/msi/caato2_ws/install/rosserial_msgs/lib/x86_64-linux-gnu/pkgconfig:/home/msi/caato2_ws/install/rosserial_msgs/lib/pkgconfig:${PKG_CONFIG_PATH} PYTHONPATH=/home/msi/caato2_ws/install/rosserial_python/lib/python3/dist-packages:/home/msi/caato2_ws/install/rosserial_client/lib/python3/dist-packages:/home/msi/caato2_ws/install/rosserial_msgs/lib/python3/dist-packages:${PYTHONPATH} ROS_PACKAGE_PATH=/home/msi/caato2_ws/install/rosserial_python/share:/home/msi/caato2_ws/install/rosserial_client/share:/home/msi/caato2_ws/install/rosserial_msgs/share:${ROS_PACKAGE_PATH} /usr/bin/cmake --build /home/msi/caato2_ws/build/rosserial_vex_v5 -- -j20 -l20
[5.176s] Invoking command in '/home/msi/caato2_ws/build/rosserial_vex_v5': CMAKE_PREFIX_PATH=/home/msi/caato2_ws/install/rosserial_python:/home/msi/caato2_ws/install/rosserial_client:/home/msi/caato2_ws/install/rosserial_msgs:${CMAKE_PREFIX_PATH} PKG_CONFIG_PATH=/home/msi/caato2_ws/install/rosserial_python/lib/x86_64-linux-gnu/pkgconfig:/home/msi/caato2_ws/install/rosserial_python/lib/pkgconfig:/home/msi/caato2_ws/install/rosserial_client/lib/x86_64-linux-gnu/pkgconfig:/home/msi/caato2_ws/install/rosserial_client/lib/pkgconfig:/home/msi/caato2_ws/install/rosserial_msgs/lib/x86_64-linux-gnu/pkgconfig:/home/msi/caato2_ws/install/rosserial_msgs/lib/pkgconfig:${PKG_CONFIG_PATH} PYTHONPATH=/home/msi/caato2_ws/install/rosserial_python/lib/python3/dist-packages:/home/msi/caato2_ws/install/rosserial_client/lib/python3/dist-packages:/home/msi/caato2_ws/install/rosserial_msgs/lib/python3/dist-packages:${PYTHONPATH} ROS_PACKAGE_PATH=/home/msi/caato2_ws/install/rosserial_python/share:/home/msi/caato2_ws/install/rosserial_client/share:/home/msi/caato2_ws/install/rosserial_msgs/share:${ROS_PACKAGE_PATH} /usr/bin/cmake --build /home/msi/caato2_ws/build/rosserial_vex_v5 --target tests -- -j20 -l20
[5.238s] [35m[1mScanning dependencies of target tests[0m
[5.247s] Built target tests
[5.303s] Invoked command in '/home/msi/caato2_ws/build/rosserial_vex_v5' returned '0': CMAKE_PREFIX_PATH=/home/msi/caato2_ws/install/rosserial_python:/home/msi/caato2_ws/install/rosserial_client:/home/msi/caato2_ws/install/rosserial_msgs:${CMAKE_PREFIX_PATH} PKG_CONFIG_PATH=/home/msi/caato2_ws/install/rosserial_python/lib/x86_64-linux-gnu/pkgconfig:/home/msi/caato2_ws/install/rosserial_python/lib/pkgconfig:/home/msi/caato2_ws/install/rosserial_client/lib/x86_64-linux-gnu/pkgconfig:/home/msi/caato2_ws/install/rosserial_client/lib/pkgconfig:/home/msi/caato2_ws/install/rosserial_msgs/lib/x86_64-linux-gnu/pkgconfig:/home/msi/caato2_ws/install/rosserial_msgs/lib/pkgconfig:${PKG_CONFIG_PATH} PYTHONPATH=/home/msi/caato2_ws/install/rosserial_python/lib/python3/dist-packages:/home/msi/caato2_ws/install/rosserial_client/lib/python3/dist-packages:/home/msi/caato2_ws/install/rosserial_msgs/lib/python3/dist-packages:${PYTHONPATH} ROS_PACKAGE_PATH=/home/msi/caato2_ws/install/rosserial_python/share:/home/msi/caato2_ws/install/rosserial_client/share:/home/msi/caato2_ws/install/rosserial_msgs/share:${ROS_PACKAGE_PATH} /usr/bin/cmake --build /home/msi/caato2_ws/build/rosserial_vex_v5 --target tests -- -j20 -l20
[5.344s] Invoking command in '/home/msi/caato2_ws/build/rosserial_vex_v5': CMAKE_PREFIX_PATH=/home/msi/caato2_ws/install/rosserial_python:/home/msi/caato2_ws/install/rosserial_client:/home/msi/caato2_ws/install/rosserial_msgs:${CMAKE_PREFIX_PATH} PKG_CONFIG_PATH=/home/msi/caato2_ws/install/rosserial_python/lib/x86_64-linux-gnu/pkgconfig:/home/msi/caato2_ws/install/rosserial_python/lib/pkgconfig:/home/msi/caato2_ws/install/rosserial_client/lib/x86_64-linux-gnu/pkgconfig:/home/msi/caato2_ws/install/rosserial_client/lib/pkgconfig:/home/msi/caato2_ws/install/rosserial_msgs/lib/x86_64-linux-gnu/pkgconfig:/home/msi/caato2_ws/install/rosserial_msgs/lib/pkgconfig:${PKG_CONFIG_PATH} PYTHONPATH=/home/msi/caato2_ws/install/rosserial_python/lib/python3/dist-packages:/home/msi/caato2_ws/install/rosserial_client/lib/python3/dist-packages:/home/msi/caato2_ws/install/rosserial_msgs/lib/python3/dist-packages:${PYTHONPATH} ROS_PACKAGE_PATH=/home/msi/caato2_ws/install/rosserial_python/share:/home/msi/caato2_ws/install/rosserial_client/share:/home/msi/caato2_ws/install/rosserial_msgs/share:${ROS_PACKAGE_PATH} /usr/bin/cmake --install /home/msi/caato2_ws/build/rosserial_vex_v5
[5.357s] -- Install configuration: ""
[5.359s] + cd /home/msi/caato2_ws/src/thirdparty/rosserial/rosserial_vex_v5
[5.366s] + mkdir -p /home/msi/caato2_ws/install/rosserial_vex_v5/lib/python3/dist-packages
[5.366s] + /usr/bin/env PYTHONPATH=/home/msi/caato2_ws/install/rosserial_vex_v5/lib/python3/dist-packages:/home/msi/caato2_ws/build/rosserial_vex_v5/lib/python3/dist-packages:/home/msi/caato2_ws/install/rosserial_python/lib/python3/dist-packages:/home/msi/caato2_ws/install/rosserial_client/lib/python3/dist-packages:/home/msi/caato2_ws/install/rosserial_msgs/lib/python3/dist-packages:/opt/ros/noetic/lib/python3/dist-packages CATKIN_BINARY_DIR=/home/msi/caato2_ws/build/rosserial_vex_v5 /usr/bin/python3 /home/msi/caato2_ws/src/thirdparty/rosserial/rosserial_vex_v5/setup.py build --build-base /home/msi/caato2_ws/build/rosserial_vex_v5 install --root=/ --install-layout=deb --prefix=/home/msi/caato2_ws/install/rosserial_vex_v5 --install-scripts=/home/msi/caato2_ws/install/rosserial_vex_v5/bin
[5.423s] running build
[5.423s] running build_py
[5.424s] package init file 'src/rosserial_vex_v5/__init__.py' not found (or not a regular file)
[5.424s] creating /home/msi/caato2_ws/build/rosserial_vex_v5/lib
[5.424s] creating /home/msi/caato2_ws/build/rosserial_vex_v5/lib/rosserial_vex_v5
[5.424s] copying src/rosserial_vex_v5/make_libraries.py -> /home/msi/caato2_ws/build/rosserial_vex_v5/lib/rosserial_vex_v5
[5.424s] package init file 'src/rosserial_vex_v5/__init__.py' not found (or not a regular file)
[5.424s] running install
[5.425s] running install_lib
[5.426s] creating /home/msi/caato2_ws/install/rosserial_vex_v5/lib/python3/dist-packages/rosserial_vex_v5
[5.426s] copying /home/msi/caato2_ws/build/rosserial_vex_v5/lib/rosserial_vex_v5/make_libraries.py -> /home/msi/caato2_ws/install/rosserial_vex_v5/lib/python3/dist-packages/rosserial_vex_v5
[5.429s] byte-compiling /home/msi/caato2_ws/install/rosserial_vex_v5/lib/python3/dist-packages/rosserial_vex_v5/make_libraries.py to make_libraries.cpython-38.pyc
[5.434s] running install_egg_info
[5.434s] Writing /home/msi/caato2_ws/install/rosserial_vex_v5/lib/python3/dist-packages/rosserial_vex_v5-0.9.2.egg-info
[5.457s] -- Installing: /home/msi/caato2_ws/install/rosserial_vex_v5/lib/pkgconfig/rosserial_vex_v5.pc
[5.457s] -- Installing: /home/msi/caato2_ws/install/rosserial_vex_v5/share/rosserial_vex_v5/cmake/rosserial_vex_v5Config.cmake
[5.457s] -- Installing: /home/msi/caato2_ws/install/rosserial_vex_v5/share/rosserial_vex_v5/cmake/rosserial_vex_v5Config-version.cmake
[5.457s] -- Installing: /home/msi/caato2_ws/install/rosserial_vex_v5/share/rosserial_vex_v5/package.xml
[5.457s] -- Installing: /home/msi/caato2_ws/install/rosserial_vex_v5/share/rosserial_vex_v5/src/ros_lib
[5.457s] -- Installing: /home/msi/caato2_ws/install/rosserial_vex_v5/share/rosserial_vex_v5/src/ros_lib/V5Hardware.h
[5.458s] -- Installing: /home/msi/caato2_ws/install/rosserial_vex_v5/share/rosserial_vex_v5/src/ros_lib/opcontrol.cpp
[5.458s] -- Installing: /home/msi/caato2_ws/install/rosserial_vex_v5/share/rosserial_vex_v5/src/ros_lib/rosserial_vex_v5
[5.458s] -- Installing: /home/msi/caato2_ws/install/rosserial_vex_v5/share/rosserial_vex_v5/src/ros_lib/rosserial_vex_v5/utils
[5.458s] -- Installing: /home/msi/caato2_ws/install/rosserial_vex_v5/share/rosserial_vex_v5/src/ros_lib/rosserial_vex_v5/utils/RingBufHelpers.h
[5.458s] -- Installing: /home/msi/caato2_ws/install/rosserial_vex_v5/share/rosserial_vex_v5/src/ros_lib/rosserial_vex_v5/utils/RingBuf.h
[5.458s] -- Installing: /home/msi/caato2_ws/install/rosserial_vex_v5/share/rosserial_vex_v5/src/ros_lib/rosserial_vex_v5/examples
[5.458s] -- Installing: /home/msi/caato2_ws/install/rosserial_vex_v5/share/rosserial_vex_v5/src/ros_lib/rosserial_vex_v5/examples/helloworld.h
[5.458s] -- Installing: /home/msi/caato2_ws/install/rosserial_vex_v5/share/rosserial_vex_v5/src/ros_lib/rosserial_vex_v5/examples/helloworld.cpp
[5.458s] -- Installing: /home/msi/caato2_ws/install/rosserial_vex_v5/share/rosserial_vex_v5/src/ros_lib/autonomous.cpp
[5.458s] -- Installing: /home/msi/caato2_ws/install/rosserial_vex_v5/share/rosserial_vex_v5/src/ros_lib/ros.h
[5.458s] -- Installing: /home/msi/caato2_ws/install/rosserial_vex_v5/share/rosserial_vex_v5/src/ros_lib/initialize.cpp
[5.458s] -- Installing: /home/msi/caato2_ws/install/rosserial_vex_v5/lib/rosserial_vex_v5/genproject.sh
[5.460s] -- Up-to-date: /home/msi/caato2_ws/install/rosserial_vex_v5/share/rosserial_vex_v5
[5.461s] -- Installing: /home/msi/caato2_ws/install/rosserial_vex_v5/share/rosserial_vex_v5/joystick.launch
[5.462s] -- Installing: /home/msi/caato2_ws/install/rosserial_vex_v5/share/rosserial_vex_v5/minimal_robot.launch
[5.462s] -- Installing: /home/msi/caato2_ws/install/rosserial_vex_v5/share/rosserial_vex_v5/hello_world.launch
[5.462s] -- Installing: /home/msi/caato2_ws/install/rosserial_vex_v5/share/rosserial_vex_v5/make_libraries.py
[5.469s] Invoked command in '/home/msi/caato2_ws/build/rosserial_vex_v5' returned '0': CMAKE_PREFIX_PATH=/home/msi/caato2_ws/install/rosserial_python:/home/msi/caato2_ws/install/rosserial_client:/home/msi/caato2_ws/install/rosserial_msgs:${CMAKE_PREFIX_PATH} PKG_CONFIG_PATH=/home/msi/caato2_ws/install/rosserial_python/lib/x86_64-linux-gnu/pkgconfig:/home/msi/caato2_ws/install/rosserial_python/lib/pkgconfig:/home/msi/caato2_ws/install/rosserial_client/lib/x86_64-linux-gnu/pkgconfig:/home/msi/caato2_ws/install/rosserial_client/lib/pkgconfig:/home/msi/caato2_ws/install/rosserial_msgs/lib/x86_64-linux-gnu/pkgconfig:/home/msi/caato2_ws/install/rosserial_msgs/lib/pkgconfig:${PKG_CONFIG_PATH} PYTHONPATH=/home/msi/caato2_ws/install/rosserial_python/lib/python3/dist-packages:/home/msi/caato2_ws/install/rosserial_client/lib/python3/dist-packages:/home/msi/caato2_ws/install/rosserial_msgs/lib/python3/dist-packages:${PYTHONPATH} ROS_PACKAGE_PATH=/home/msi/caato2_ws/install/rosserial_python/share:/home/msi/caato2_ws/install/rosserial_client/share:/home/msi/caato2_ws/install/rosserial_msgs/share:${ROS_PACKAGE_PATH} /usr/bin/cmake --install /home/msi/caato2_ws/build/rosserial_vex_v5
