[0.108s] Invoking command in '/home/msi/caato2_ws/build/caato_fleet_client': /usr/bin/cmake /home/msi/caato2_ws/src/siot/caato2/caato_fleet_client -DCATKIN_INSTALL_INTO_PREFIX_ROOT=0 -DCMAKE_INSTALL_PREFIX=/home/msi/caato2_ws/install/caato_fleet_client
[0.311s] -- The C compiler identification is GNU 8.4.0
[0.383s] -- The CXX compiler identification is GNU 8.4.0
[0.392s] -- Check for working C compiler: /usr/bin/cc
[0.474s] -- Check for working C compiler: /usr/bin/cc -- works
[0.479s] -- Detecting C compiler ABI info
[0.527s] -- Detecting C compiler ABI info - done
[0.545s] -- Detecting C compile features
[0.545s] -- Detecting C compile features - done
[0.550s] -- Check for working CXX compiler: /usr/bin/c++
[0.611s] -- Check for working CXX compiler: /usr/bin/c++ -- works
[0.613s] -- Detecting CXX compiler ABI info
[0.672s] -- Detecting CXX compiler ABI info - done
[0.689s] -- Detecting CXX compile features
[0.691s] -- Detecting CXX compile features - done
[0.696s] -- Using CATKIN_DEVEL_PREFIX: /home/msi/caato2_ws/build/caato_fleet_client/devel
[0.697s] -- Using CMAKE_PREFIX_PATH: /home/msi/caato2_ws/install/xnergy_charger_rcu;/home/msi/caato2_ws/install/trolley_arm;/home/msi/caato2_ws/install/teleop_twist_joy;/home/msi/caato2_ws/install/rviz_atc_plugins;/home/msi/caato2_ws/install/rosserial_xbee;/home/msi/caato2_ws/install/rosserial_windows;/home/msi/caato2_ws/install/rosserial_vex_v5;/home/msi/caato2_ws/install/rosserial_vex_cortex;/home/msi/caato2_ws/install/rosserial_tivac;/home/msi/caato2_ws/install/rosserial_test;/home/msi/caato2_ws/install/rosserial_server;/home/msi/caato2_ws/install/rosserial_arduino;/home/msi/caato2_ws/install/rosserial_python;/home/msi/caato2_ws/install/rosserial_mbed;/home/msi/caato2_ws/install/rosserial_embeddedlinux;/home/msi/caato2_ws/install/rosserial_chibios;/home/msi/caato2_ws/install/rosserial_client;/home/msi/caato2_ws/install/rosserial_msgs;/home/msi/caato2_ws/install/caato_teleop;/home/msi/caato2_ws/install/caato_slam;/home/msi/caato2_ws/install/caato_navigation;/home/msi/caato2_ws/install/caato_bringup;/home/msi/caato2_ws/install/caato2_navigation;/home/msi/caato2_ws/install/caato2_bringup;/home/msi/caato2_ws/install/roboteq_diff_driver;/home/msi/caato2_ws/install/roboteq_diff_msgs;/home/msi/caato2_ws/install/realsense_gazebo_plugin;/home/msi/caato2_ws/install/realsense2_description;/home/msi/caato2_ws/install/realsense2_camera;/home/msi/caato2_ws/install/plc_modbus_node;/home/msi/caato2_ws/install/ouster_example;/home/msi/caato2_ws/install/ouster-gazebo-simulation;/home/msi/caato2_ws/install/map_server;/home/msi/caato2_ws/install/laser_filters;/home/msi/caato2_ws/install/ira_laser_tools;/home/msi/caato2_ws/install/eband_local_planner;/home/msi/caato2_ws/install/ds4_driver;/home/msi/caato2_ws/install/device_diagnostics;/home/msi/caato2_ws/install/decada_sim_assets;/home/msi/caato2_ws/install/caato_gazebo;/home/msi/caato2_ws/install/caato_description;/home/msi/caato2_ws/install/caato_alexa;/home/msi/caato2_ws/install/caato2_gazebo;/home/msi/caato2_ws/install/caato2_description;/home/msi/caato2_ws/install/atc_waypoints;/home/msi/caato2_ws/install/atc_stm;/home/msi/caato2_ws/install/atc_utils;/home/msi/caato2_ws/install/atc_msgs;/home/msi/caato2_ws/install/apriltag_ros;/home/msi/caato2_ws/install/apriltag;/opt/ros/noetic
[0.698s] -- This workspace overlays: /home/msi/caato2_ws/install/xnergy_charger_rcu;/home/msi/caato2_ws/install/trolley_arm;/home/msi/caato2_ws/install/teleop_twist_joy;/home/msi/caato2_ws/install/rviz_atc_plugins;/home/msi/caato2_ws/install/rosserial_xbee;/home/msi/caato2_ws/install/rosserial_windows;/home/msi/caato2_ws/install/rosserial_vex_v5;/home/msi/caato2_ws/install/rosserial_vex_cortex;/home/msi/caato2_ws/install/rosserial_tivac;/home/msi/caato2_ws/install/rosserial_test;/home/msi/caato2_ws/install/rosserial_server;/home/msi/caato2_ws/install/rosserial_arduino;/home/msi/caato2_ws/install/rosserial_python;/home/msi/caato2_ws/install/rosserial_mbed;/home/msi/caato2_ws/install/rosserial_embeddedlinux;/home/msi/caato2_ws/install/rosserial_chibios;/home/msi/caato2_ws/install/rosserial_client;/home/msi/caato2_ws/install/rosserial_msgs;/home/msi/caato2_ws/install/caato_teleop;/home/msi/caato2_ws/install/caato_slam;/home/msi/caato2_ws/install/caato_navigation;/home/msi/caato2_ws/install/caato_bringup;/home/msi/caato2_ws/install/caato2_navigation;/home/msi/caato2_ws/install/caato2_bringup;/home/msi/caato2_ws/install/roboteq_diff_driver;/home/msi/caato2_ws/install/roboteq_diff_msgs;/home/msi/caato2_ws/install/realsense_gazebo_plugin;/home/msi/caato2_ws/install/realsense2_description;/home/msi/caato2_ws/install/realsense2_camera;/home/msi/caato2_ws/install/plc_modbus_node;/home/msi/caato2_ws/install/ouster-gazebo-simulation;/home/msi/caato2_ws/install/map_server;/home/msi/caato2_ws/install/laser_filters;/home/msi/caato2_ws/install/ira_laser_tools;/home/msi/caato2_ws/install/eband_local_planner;/home/msi/caato2_ws/install/ds4_driver;/home/msi/caato2_ws/install/device_diagnostics;/home/msi/caato2_ws/install/decada_sim_assets;/home/msi/caato2_ws/install/caato_gazebo;/home/msi/caato2_ws/install/caato_description;/home/msi/caato2_ws/install/caato_alexa;/home/msi/caato2_ws/install/caato2_gazebo;/home/msi/caato2_ws/install/caato2_description;/home/msi/caato2_ws/install/atc_waypoints;/home/msi/caato2_ws/install/atc_stm;/home/msi/caato2_ws/install/atc_utils;/home/msi/caato2_ws/install/atc_msgs;/home/msi/caato2_ws/install/apriltag_ros;/opt/ros/noetic
[0.716s] -- Found PythonInterp: /usr/bin/python3 (found suitable version "3.8.10", minimum required is "3") 
[0.716s] -- Using PYTHON_EXECUTABLE: /usr/bin/python3
[0.716s] -- Using Debian Python package layout
[0.747s] -- Found PY_em: /usr/lib/python3/dist-packages/em.py  
[0.747s] -- Using empy: /usr/lib/python3/dist-packages/em.py
[0.850s] -- Using CATKIN_ENABLE_TESTING: ON
[0.850s] -- Call enable_testing()
[0.851s] -- Using CATKIN_TEST_RESULTS_DIR: /home/msi/caato2_ws/build/caato_fleet_client/test_results
[1.096s] -- Forcing gtest/gmock from source, though one was otherwise available.
[1.096s] -- Found gtest sources under '/usr/src/googletest': gtests will be built
[1.096s] -- Found gmock sources under '/usr/src/googletest': gmock will be built
[1.129s] -- Found PythonInterp: /usr/bin/python3 (found version "3.8.10") 
[1.131s] -- Found Threads: TRUE  
[1.137s] -- Using Python nosetests: /usr/bin/nosetests3
[1.214s] -- catkin 0.8.10
[1.214s] -- BUILD_SHARED_LIBS is on
[1.411s] -- Using these message generators: gencpp;geneus;genlisp;gennodejs;genpy
[1.744s] -- Installing devel-space wrapper /home/msi/caato2_ws/src/siot/caato2/caato_fleet_client/scripts/talker.py to /home/msi/caato2_ws/build/caato_fleet_client/devel/lib/caato_fleet_client
[1.744s] -- Installing devel-space wrapper /home/msi/caato2_ws/src/siot/caato2/caato_fleet_client/scripts/listener.py to /home/msi/caato2_ws/build/caato_fleet_client/devel/lib/caato_fleet_client
[1.746s] -- Installing devel-space wrapper /home/msi/caato2_ws/src/siot/caato2/caato_fleet_client/scripts/REST_API_Server.py to /home/msi/caato2_ws/build/caato_fleet_client/devel/lib/caato_fleet_client
[1.749s] -- Configuring done
[1.765s] -- Generating done
[1.765s] -- Build files have been written to: /home/msi/caato2_ws/build/caato_fleet_client
[1.782s] Invoked command in '/home/msi/caato2_ws/build/caato_fleet_client' returned '0': /usr/bin/cmake /home/msi/caato2_ws/src/siot/caato2/caato_fleet_client -DCATKIN_INSTALL_INTO_PREFIX_ROOT=0 -DCMAKE_INSTALL_PREFIX=/home/msi/caato2_ws/install/caato_fleet_client
[1.783s] Invoking command in '/home/msi/caato2_ws/build/caato_fleet_client': /usr/bin/cmake --build /home/msi/caato2_ws/build/caato_fleet_client -- -j20 -l20
[1.841s] Invoked command in '/home/msi/caato2_ws/build/caato_fleet_client' returned '0': /usr/bin/cmake --build /home/msi/caato2_ws/build/caato_fleet_client -- -j20 -l20
[1.936s] Invoking command in '/home/msi/caato2_ws/build/caato_fleet_client': /usr/bin/cmake --build /home/msi/caato2_ws/build/caato_fleet_client --target tests -- -j20 -l20
[1.970s] [35m[1mScanning dependencies of target tests[0m
[1.977s] Built target tests
[2.088s] Invoked command in '/home/msi/caato2_ws/build/caato_fleet_client' returned '0': /usr/bin/cmake --build /home/msi/caato2_ws/build/caato_fleet_client --target tests -- -j20 -l20
[2.252s] Invoking command in '/home/msi/caato2_ws/build/caato_fleet_client': /usr/bin/cmake --install /home/msi/caato2_ws/build/caato_fleet_client
[2.277s] -- Install configuration: ""
[2.277s] -- Installing: /home/msi/caato2_ws/install/caato_fleet_client/lib/pkgconfig/caato_fleet_client.pc
[2.278s] -- Installing: /home/msi/caato2_ws/install/caato_fleet_client/share/caato_fleet_client/cmake/caato_fleet_clientConfig.cmake
[2.278s] -- Installing: /home/msi/caato2_ws/install/caato_fleet_client/share/caato_fleet_client/cmake/caato_fleet_clientConfig-version.cmake
[2.278s] -- Installing: /home/msi/caato2_ws/install/caato_fleet_client/share/caato_fleet_client/package.xml
[2.278s] -- Installing: /home/msi/caato2_ws/install/caato_fleet_client/lib/caato_fleet_client/talker.py
[2.280s] -- Installing: /home/msi/caato2_ws/install/caato_fleet_client/lib/caato_fleet_client/listener.py
[2.280s] -- Installing: /home/msi/caato2_ws/install/caato_fleet_client/lib/caato_fleet_client/REST_API_Server.py
[2.305s] Invoked command in '/home/msi/caato2_ws/build/caato_fleet_client' returned '0': /usr/bin/cmake --install /home/msi/caato2_ws/build/caato_fleet_client
