[0.071s] Invoking command in '/home/msi/caato2_ws/build/rosinrange_msg': /usr/bin/cmake --build /home/msi/caato2_ws/build/rosinrange_msg -- -j20 -l20
[0.246s] [  0%] Built target geometry_msgs_generate_messages_py
[0.246s] [  0%] Built target geometry_msgs_generate_messages_lisp
[0.246s] [  0%] Built target geometry_msgs_generate_messages_eus
[0.247s] [  0%] Built target geometry_msgs_generate_messages_nodejs
[0.247s] [  0%] Built target geometry_msgs_generate_messages_cpp
[0.247s] [  0%] Built target _rosinrange_msg_generate_messages_check_deps_RangePose
[0.266s] [ 28%] Built target rosinrange_msg_generate_messages_py
[0.267s] [ 57%] Built target rosinrange_msg_generate_messages_cpp
[0.267s] [ 57%] Built target rosinrange_msg_generate_messages_lisp
[0.273s] [ 85%] Built target rosinrange_msg_generate_messages_eus
[0.294s] [100%] Built target rosinrange_msg_generate_messages_nodejs
[0.318s] [100%] Built target rosinrange_msg_generate_messages
[0.401s] Invoked command in '/home/msi/caato2_ws/build/rosinrange_msg' returned '0': /usr/bin/cmake --build /home/msi/caato2_ws/build/rosinrange_msg -- -j20 -l20
[0.470s] Invoking command in '/home/msi/caato2_ws/build/rosinrange_msg': /usr/bin/cmake --build /home/msi/caato2_ws/build/rosinrange_msg --target tests -- -j20 -l20
[0.510s] Built target tests
[0.542s] Invoked command in '/home/msi/caato2_ws/build/rosinrange_msg' returned '0': /usr/bin/cmake --build /home/msi/caato2_ws/build/rosinrange_msg --target tests -- -j20 -l20
[0.631s] Invoking command in '/home/msi/caato2_ws/build/rosinrange_msg': /usr/bin/cmake --install /home/msi/caato2_ws/build/rosinrange_msg
[0.651s] -- Install configuration: ""
[0.652s] -- Up-to-date: /home/msi/caato2_ws/install/rosinrange_msg/share/rosinrange_msg/msg/RangePose.msg
[0.652s] -- Up-to-date: /home/msi/caato2_ws/install/rosinrange_msg/share/rosinrange_msg/cmake/rosinrange_msg-msg-paths.cmake
[0.652s] -- Up-to-date: /home/msi/caato2_ws/install/rosinrange_msg/include/rosinrange_msg
[0.652s] -- Up-to-date: /home/msi/caato2_ws/install/rosinrange_msg/include/rosinrange_msg/RangePose.h
[0.652s] -- Up-to-date: /home/msi/caato2_ws/install/rosinrange_msg/share/roseus/ros/rosinrange_msg
[0.653s] -- Up-to-date: /home/msi/caato2_ws/install/rosinrange_msg/share/roseus/ros/rosinrange_msg/msg
[0.653s] -- Up-to-date: /home/msi/caato2_ws/install/rosinrange_msg/share/roseus/ros/rosinrange_msg/msg/RangePose.l
[0.654s] -- Up-to-date: /home/msi/caato2_ws/install/rosinrange_msg/share/roseus/ros/rosinrange_msg/manifest.l
[0.654s] -- Up-to-date: /home/msi/caato2_ws/install/rosinrange_msg/share/common-lisp/ros/rosinrange_msg
[0.654s] -- Up-to-date: /home/msi/caato2_ws/install/rosinrange_msg/share/common-lisp/ros/rosinrange_msg/msg
[0.654s] -- Up-to-date: /home/msi/caato2_ws/install/rosinrange_msg/share/common-lisp/ros/rosinrange_msg/msg/_package.lisp
[0.655s] -- Up-to-date: /home/msi/caato2_ws/install/rosinrange_msg/share/common-lisp/ros/rosinrange_msg/msg/rosinrange_msg-msg.asd
[0.655s] -- Up-to-date: /home/msi/caato2_ws/install/rosinrange_msg/share/common-lisp/ros/rosinrange_msg/msg/_package_RangePose.lisp
[0.655s] -- Up-to-date: /home/msi/caato2_ws/install/rosinrange_msg/share/common-lisp/ros/rosinrange_msg/msg/RangePose.lisp
[0.655s] -- Up-to-date: /home/msi/caato2_ws/install/rosinrange_msg/share/gennodejs/ros/rosinrange_msg
[0.656s] -- Up-to-date: /home/msi/caato2_ws/install/rosinrange_msg/share/gennodejs/ros/rosinrange_msg/_index.js
[0.656s] -- Up-to-date: /home/msi/caato2_ws/install/rosinrange_msg/share/gennodejs/ros/rosinrange_msg/msg
[0.656s] -- Up-to-date: /home/msi/caato2_ws/install/rosinrange_msg/share/gennodejs/ros/rosinrange_msg/msg/_index.js
[0.656s] -- Up-to-date: /home/msi/caato2_ws/install/rosinrange_msg/share/gennodejs/ros/rosinrange_msg/msg/RangePose.js
[0.662s] Listing '/home/msi/caato2_ws/build/rosinrange_msg/devel/lib/python3/dist-packages/rosinrange_msg'...
[0.662s] Listing '/home/msi/caato2_ws/build/rosinrange_msg/devel/lib/python3/dist-packages/rosinrange_msg/msg'...
[0.662s] -- Up-to-date: /home/msi/caato2_ws/install/rosinrange_msg/lib/python3/dist-packages/rosinrange_msg
[0.662s] -- Up-to-date: /home/msi/caato2_ws/install/rosinrange_msg/lib/python3/dist-packages/rosinrange_msg/msg
[0.662s] -- Up-to-date: /home/msi/caato2_ws/install/rosinrange_msg/lib/python3/dist-packages/rosinrange_msg/msg/_RangePose.py
[0.662s] -- Up-to-date: /home/msi/caato2_ws/install/rosinrange_msg/lib/python3/dist-packages/rosinrange_msg/msg/__init__.py
[0.662s] -- Up-to-date: /home/msi/caato2_ws/install/rosinrange_msg/lib/python3/dist-packages/rosinrange_msg/msg/__pycache__
[0.663s] -- Up-to-date: /home/msi/caato2_ws/install/rosinrange_msg/lib/python3/dist-packages/rosinrange_msg/msg/__pycache__/_RangePose.cpython-38.pyc
[0.663s] -- Up-to-date: /home/msi/caato2_ws/install/rosinrange_msg/lib/python3/dist-packages/rosinrange_msg/msg/__pycache__/__init__.cpython-38.pyc
[0.663s] -- Up-to-date: /home/msi/caato2_ws/install/rosinrange_msg/lib/python3/dist-packages/rosinrange_msg/__init__.py
[0.663s] -- Up-to-date: /home/msi/caato2_ws/install/rosinrange_msg/lib/python3/dist-packages/rosinrange_msg/__pycache__
[0.663s] -- Up-to-date: /home/msi/caato2_ws/install/rosinrange_msg/lib/python3/dist-packages/rosinrange_msg/__pycache__/__init__.cpython-38.pyc
[0.664s] -- Up-to-date: /home/msi/caato2_ws/install/rosinrange_msg/lib/pkgconfig/rosinrange_msg.pc
[0.664s] -- Up-to-date: /home/msi/caato2_ws/install/rosinrange_msg/share/rosinrange_msg/cmake/rosinrange_msg-msg-extras.cmake
[0.665s] -- Up-to-date: /home/msi/caato2_ws/install/rosinrange_msg/share/rosinrange_msg/cmake/rosinrange_msgConfig.cmake
[0.665s] -- Up-to-date: /home/msi/caato2_ws/install/rosinrange_msg/share/rosinrange_msg/cmake/rosinrange_msgConfig-version.cmake
[0.665s] -- Up-to-date: /home/msi/caato2_ws/install/rosinrange_msg/share/rosinrange_msg/package.xml
[0.763s] Invoked command in '/home/msi/caato2_ws/build/rosinrange_msg' returned '0': /usr/bin/cmake --install /home/msi/caato2_ws/build/rosinrange_msg
