[0.093s] Invoking command in '/home/msi/caato2_ws/build/apriltag': /usr/bin/cmake --build /home/msi/caato2_ws/build/apriltag -- -j20 -l20
[0.326s] [ 79%] Built target apriltag
[0.326s] [ 84%] Built target apriltag_demo
[0.326s] [ 89%] Built target opencv_demo
[0.327s] [100%] Built target apriltag_python
[0.413s] Invoked command in '/home/msi/caato2_ws/build/apriltag' returned '0': /usr/bin/cmake --build /home/msi/caato2_ws/build/apriltag -- -j20 -l20
[0.560s] Invoking command in '/home/msi/caato2_ws/build/apriltag': /usr/bin/cmake --install /home/msi/caato2_ws/build/apriltag
[0.575s] -- Install configuration: "Release"
[0.576s] -- Up-to-date: /home/msi/caato2_ws/install/apriltag/lib/libapriltag.so.3.1.0
[0.576s] -- Up-to-date: /home/msi/caato2_ws/install/apriltag/lib/libapriltag.so.3
[0.577s] -- Up-to-date: /home/msi/caato2_ws/install/apriltag/lib/libapriltag.so
[0.578s] -- Up-to-date: /home/msi/caato2_ws/install/apriltag/include/apriltag/apriltag.h
[0.579s] -- Up-to-date: /home/msi/caato2_ws/install/apriltag/include/apriltag/apriltag_math.h
[0.580s] -- Up-to-date: /home/msi/caato2_ws/install/apriltag/include/apriltag/apriltag_pose.h
[0.580s] -- Up-to-date: /home/msi/caato2_ws/install/apriltag/include/apriltag/common/doubles.h
[0.581s] -- Up-to-date: /home/msi/caato2_ws/install/apriltag/include/apriltag/common/doubles_floats_impl.h
[0.581s] -- Up-to-date: /home/msi/caato2_ws/install/apriltag/include/apriltag/common/floats.h
[0.581s] -- Up-to-date: /home/msi/caato2_ws/install/apriltag/include/apriltag/common/g2d.h
[0.581s] -- Up-to-date: /home/msi/caato2_ws/install/apriltag/include/apriltag/common/getopt.h
[0.581s] -- Up-to-date: /home/msi/caato2_ws/install/apriltag/include/apriltag/common/homography.h
[0.581s] -- Up-to-date: /home/msi/caato2_ws/install/apriltag/include/apriltag/common/image_types.h
[0.581s] -- Up-to-date: /home/msi/caato2_ws/install/apriltag/include/apriltag/common/image_u8.h
[0.581s] -- Up-to-date: /home/msi/caato2_ws/install/apriltag/include/apriltag/common/image_u8x3.h
[0.581s] -- Up-to-date: /home/msi/caato2_ws/install/apriltag/include/apriltag/common/image_u8x4.h
[0.581s] -- Up-to-date: /home/msi/caato2_ws/install/apriltag/include/apriltag/common/matd.h
[0.582s] -- Up-to-date: /home/msi/caato2_ws/install/apriltag/include/apriltag/common/math_util.h
[0.582s] -- Up-to-date: /home/msi/caato2_ws/install/apriltag/include/apriltag/common/pam.h
[0.583s] -- Up-to-date: /home/msi/caato2_ws/install/apriltag/include/apriltag/common/pjpeg.h
[0.583s] -- Up-to-date: /home/msi/caato2_ws/install/apriltag/include/apriltag/common/pnm.h
[0.583s] -- Up-to-date: /home/msi/caato2_ws/install/apriltag/include/apriltag/common/postscript_utils.h
[0.585s] -- Up-to-date: /home/msi/caato2_ws/install/apriltag/include/apriltag/common/string_util.h
[0.586s] -- Up-to-date: /home/msi/caato2_ws/install/apriltag/include/apriltag/common/svd22.h
[0.586s] -- Up-to-date: /home/msi/caato2_ws/install/apriltag/include/apriltag/common/time_util.h
[0.586s] -- Up-to-date: /home/msi/caato2_ws/install/apriltag/include/apriltag/common/timeprofile.h
[0.586s] -- Up-to-date: /home/msi/caato2_ws/install/apriltag/include/apriltag/common/unionfind.h
[0.587s] -- Up-to-date: /home/msi/caato2_ws/install/apriltag/include/apriltag/common/workerpool.h
[0.589s] -- Up-to-date: /home/msi/caato2_ws/install/apriltag/include/apriltag/common/zarray.h
[0.590s] -- Up-to-date: /home/msi/caato2_ws/install/apriltag/include/apriltag/common/zhash.h
[0.590s] -- Up-to-date: /home/msi/caato2_ws/install/apriltag/include/apriltag/common/zmaxheap.h
[0.590s] -- Up-to-date: /home/msi/caato2_ws/install/apriltag/include/apriltag/tag16h5.h
[0.590s] -- Up-to-date: /home/msi/caato2_ws/install/apriltag/include/apriltag/tag25h9.h
[0.591s] -- Up-to-date: /home/msi/caato2_ws/install/apriltag/include/apriltag/tag36h11.h
[0.591s] -- Up-to-date: /home/msi/caato2_ws/install/apriltag/include/apriltag/tagCircle21h7.h
[0.593s] -- Up-to-date: /home/msi/caato2_ws/install/apriltag/include/apriltag/tagCircle49h12.h
[0.593s] -- Up-to-date: /home/msi/caato2_ws/install/apriltag/include/apriltag/tagCustom48h12.h
[0.593s] -- Up-to-date: /home/msi/caato2_ws/install/apriltag/include/apriltag/tagStandard41h12.h
[0.593s] -- Up-to-date: /home/msi/caato2_ws/install/apriltag/include/apriltag/tagStandard52h13.h
[0.593s] -- Up-to-date: /home/msi/caato2_ws/install/apriltag/share/apriltag/cmake/apriltagTargets.cmake
[0.594s] -- Up-to-date: /home/msi/caato2_ws/install/apriltag/share/apriltag/cmake/apriltagTargets-release.cmake
[0.594s] -- Up-to-date: /home/msi/caato2_ws/install/apriltag/share/apriltag/cmake/apriltagConfig.cmake
[0.597s] -- Up-to-date: /home/msi/caato2_ws/install/apriltag/lib/pkgconfig/apriltag.pc
[0.597s] -- Up-to-date: /home/msi/.local/lib/python3.8/site-packages/apriltag.cpython-38-x86_64-linux-gnu.so
[0.598s] -- Up-to-date: /home/msi/caato2_ws/install/apriltag/bin/opencv_demo
[0.598s] -- Up-to-date: /home/msi/caato2_ws/install/apriltag/bin/apriltag_demo
[0.605s] Invoked command in '/home/msi/caato2_ws/build/apriltag' returned '0': /usr/bin/cmake --install /home/msi/caato2_ws/build/apriltag
