[0.100s] Invoking command in '/home/msi/caato2_ws/build/atc_utils': /usr/bin/cmake --build /home/msi/caato2_ws/build/atc_utils -- -j20 -l20
[0.331s] [100%] Built target atc_utils
[0.400s] Invoked command in '/home/msi/caato2_ws/build/atc_utils' returned '0': /usr/bin/cmake --build /home/msi/caato2_ws/build/atc_utils -- -j20 -l20
[0.532s] Invoking command in '/home/msi/caato2_ws/build/atc_utils': /usr/bin/cmake --build /home/msi/caato2_ws/build/atc_utils --target tests -- -j20 -l20
[0.586s] Built target tests
[0.624s] Invoked command in '/home/msi/caato2_ws/build/atc_utils' returned '0': /usr/bin/cmake --build /home/msi/caato2_ws/build/atc_utils --target tests -- -j20 -l20
[0.723s] Invoking command in '/home/msi/caato2_ws/build/atc_utils': /usr/bin/cmake --install /home/msi/caato2_ws/build/atc_utils
[0.744s] -- Install configuration: ""
[0.744s] -- Up-to-date: /home/msi/caato2_ws/install/atc_utils/lib/pkgconfig/atc_utils.pc
[0.744s] -- Up-to-date: /home/msi/caato2_ws/install/atc_utils/share/atc_utils/cmake/atc_utilsConfig.cmake
[0.744s] -- Up-to-date: /home/msi/caato2_ws/install/atc_utils/share/atc_utils/cmake/atc_utilsConfig-version.cmake
[0.744s] -- Up-to-date: /home/msi/caato2_ws/install/atc_utils/share/atc_utils/package.xml
[0.744s] -- Up-to-date: /home/msi/caato2_ws/install/atc_utils/lib/libatc_utils.so
[0.745s] -- Up-to-date: /home/msi/caato2_ws/install/rviz_atc_plugins/lib/libatc_utils.so
[0.745s] -- Up-to-date: /home/msi/caato2_ws/install/atc_utils/include/atc_utils
[0.745s] -- Up-to-date: /home/msi/caato2_ws/install/atc_utils/include/atc_utils/Quaternion.hpp
[0.745s] -- Up-to-date: /home/msi/caato2_ws/install/atc_utils/include/atc_utils/atc_utils.h
[0.745s] -- Up-to-date: /home/msi/caato2_ws/install/atc_utils/include/atc_utils/Matrix3x3.hpp
[0.745s] -- Up-to-date: /home/msi/caato2_ws/install/atc_utils/include/atc_utils/Vector2.hpp
[0.745s] -- Up-to-date: /home/msi/caato2_ws/install/atc_utils/include/atc_utils/angles.h
[0.745s] -- Up-to-date: /home/msi/caato2_ws/install/atc_utils/include/atc_utils/Vector3.hpp
[0.786s] Invoked command in '/home/msi/caato2_ws/build/atc_utils' returned '0': /usr/bin/cmake --install /home/msi/caato2_ws/build/atc_utils
