[0.203s] Invoking command in '/home/msi/caato2_ws/build/realsense_gazebo_plugin': /usr/bin/cmake --build /home/msi/caato2_ws/build/realsense_gazebo_plugin -- -j20 -l20
[0.250s] [  0%] Built target dynamic_reconfigure_generate_messages_eus
[0.250s] [  0%] Built target trajectory_msgs_generate_messages_nodejs
[0.250s] [  0%] Built target trajectory_msgs_generate_messages_lisp
[0.250s] [  0%] Built target gazebo_msgs_generate_messages_py
[0.250s] [  0%] Built target trajectory_msgs_generate_messages_cpp
[0.250s] [  0%] Built target gazebo_msgs_generate_messages_nodejs
[0.250s] [  0%] Built target gazebo_msgs_generate_messages_cpp
[0.255s] [  0%] Built target dynamic_reconfigure_gencfg
[0.255s] [  0%] Built target std_srvs_generate_messages_lisp
[0.256s] [  0%] Built target dynamic_reconfigure_generate_messages_lisp
[0.256s] [  0%] Built target std_msgs_generate_messages_py
[0.256s] [  0%] Built target std_msgs_generate_messages_nodejs
[0.257s] [  0%] Built target geometry_msgs_generate_messages_eus
[0.257s] [  0%] Built target std_srvs_generate_messages_eus
[0.257s] [  0%] Built target std_msgs_generate_messages_cpp
[0.258s] [  0%] Built target tf2_msgs_generate_messages_cpp
[0.259s] [  0%] Built target actionlib_msgs_generate_messages_py
[0.259s] [  0%] Built target rosgraph_msgs_generate_messages_nodejs
[0.259s] [  0%] Built target actionlib_generate_messages_cpp
[0.270s] [  0%] Built target roscpp_generate_messages_lisp
[0.271s] [  0%] Built target std_msgs_generate_messages_lisp
[0.271s] [  0%] Built target std_srvs_generate_messages_cpp
[0.271s] [  0%] Built target tf_generate_messages_eus
[0.271s] [  0%] Built target std_srvs_generate_messages_nodejs
[0.271s] [  0%] Built target actionlib_generate_messages_lisp
[0.272s] [  0%] Built target dynamic_reconfigure_generate_messages_py
[0.272s] [  0%] Built target rosgraph_msgs_generate_messages_py
[0.273s] [  0%] Built target actionlib_msgs_generate_messages_eus
[0.273s] [  0%] Built target geometry_msgs_generate_messages_py
[0.273s] [  0%] Built target roscpp_generate_messages_py
[0.279s] [  0%] Built target rosgraph_msgs_generate_messages_lisp
[0.279s] [  0%] Built target roscpp_generate_messages_cpp
[0.279s] [  0%] Built target sensor_msgs_generate_messages_py
[0.279s] [  0%] Built target trajectory_msgs_generate_messages_eus
[0.279s] [  0%] Built target tf2_msgs_generate_messages_eus
[0.279s] [  0%] Built target gazebo_ros_gencfg
[0.279s] [  0%] Built target roscpp_generate_messages_eus
[0.279s] [  0%] Built target geometry_msgs_generate_messages_cpp
[0.292s] [  0%] Built target tf2_msgs_generate_messages_py
[0.294s] [  0%] Built target dynamic_reconfigure_generate_messages_nodejs
[0.297s] [  0%] Built target gazebo_msgs_generate_messages_lisp
[0.297s] [  0%] Built target geometry_msgs_generate_messages_lisp
[0.297s] [  0%] Built target roscpp_generate_messages_nodejs
[0.298s] [  0%] Built target std_srvs_generate_messages_py
[0.299s] [  0%] Built target rosgraph_msgs_generate_messages_eus
[0.302s] [  0%] Built target tf_generate_messages_cpp
[0.302s] [  0%] Built target dynamic_reconfigure_generate_messages_cpp
[0.302s] [  0%] Built target tf_generate_messages_lisp
[0.302s] [  0%] Built target tf_generate_messages_nodejs
[0.302s] [  0%] Built target sensor_msgs_generate_messages_cpp
[0.307s] [  0%] Built target sensor_msgs_generate_messages_eus
[0.309s] [  0%] Built target trajectory_msgs_generate_messages_py
[0.309s] [  0%] Built target sensor_msgs_generate_messages_lisp
[0.310s] [  0%] Built target sensor_msgs_generate_messages_nodejs
[0.328s] [  0%] Built target actionlib_generate_messages_eus
[0.333s] [  0%] Built target rosgraph_msgs_generate_messages_cpp
[0.334s] [  0%] Built target actionlib_generate_messages_nodejs
[0.334s] [  0%] Built target actionlib_msgs_generate_messages_lisp
[0.334s] [  0%] Built target tf_generate_messages_py
[0.347s] [  0%] Built target actionlib_msgs_generate_messages_cpp
[0.348s] [  0%] Built target tf2_msgs_generate_messages_lisp
[0.349s] [  0%] Built target actionlib_generate_messages_py
[0.351s] [  0%] Built target tf2_msgs_generate_messages_nodejs
[0.352s] [  0%] Built target actionlib_msgs_generate_messages_nodejs
[0.353s] [  0%] Built target geometry_msgs_generate_messages_nodejs
[0.354s] [  0%] Built target std_msgs_generate_messages_eus
[0.357s] [  0%] Built target gazebo_msgs_generate_messages_eus
[0.399s] [100%] Built target realsense_gazebo_plugin
