Built target tests
-- Install configuration: ""
-- Up-to-date: /home/msi/caato2_ws/install/rosserial_tivac/lib/pkgconfig/rosserial_tivac.pc
-- Up-to-date: /home/msi/caato2_ws/install/rosserial_tivac/share/rosserial_tivac/cmake/rosserial_tivac-extras.cmake
-- Up-to-date: /home/msi/caato2_ws/install/rosserial_tivac/share/rosserial_tivac/cmake/rosserial_tivacConfig.cmake
-- Up-to-date: /home/msi/caato2_ws/install/rosserial_tivac/share/rosserial_tivac/cmake/rosserial_tivacConfig-version.cmake
-- Up-to-date: /home/msi/caato2_ws/install/rosserial_tivac/share/rosserial_tivac/package.xml
-- Up-to-date: /home/msi/caato2_ws/install/rosserial_tivac/share/rosserial_tivac/src/ros_lib
-- Up-to-date: /home/msi/caato2_ws/install/rosserial_tivac/share/rosserial_tivac/src/ros_lib/tivac_hardware.h
-- Up-to-date: /home/msi/caato2_ws/install/rosserial_tivac/share/rosserial_tivac/src/ros_lib/startup_gcc.c
-- Up-to-date: /home/msi/caato2_ws/install/rosserial_tivac/share/rosserial_tivac/src/ros_lib/tivac_hardware.cpp
-- Up-to-date: /home/msi/caato2_ws/install/rosserial_tivac/share/rosserial_tivac/src/ros_lib/usb_serial_structs.c
-- Up-to-date: /home/msi/caato2_ws/install/rosserial_tivac/share/rosserial_tivac/src/ros_lib/usb_serial_structs.h
-- Up-to-date: /home/msi/caato2_ws/install/rosserial_tivac/share/rosserial_tivac/src/ros_lib/tivac_hardware_usb.h
-- Up-to-date: /home/msi/caato2_ws/install/rosserial_tivac/share/rosserial_tivac/src/ros_lib/ros.h
-- Up-to-date: /home/msi/caato2_ws/install/rosserial_tivac/share/rosserial_tivac/src/ros_lib_energia
-- Up-to-date: /home/msi/caato2_ws/install/rosserial_tivac/share/rosserial_tivac/src/ros_lib_energia/tests
-- Up-to-date: /home/msi/caato2_ws/install/rosserial_tivac/share/rosserial_tivac/src/ros_lib_energia/tests/time_test
-- Up-to-date: /home/msi/caato2_ws/install/rosserial_tivac/share/rosserial_tivac/src/ros_lib_energia/tests/time_test/time_test.ino
-- Up-to-date: /home/msi/caato2_ws/install/rosserial_tivac/share/rosserial_tivac/src/ros_lib_energia/tests/float64_test
-- Up-to-date: /home/msi/caato2_ws/install/rosserial_tivac/share/rosserial_tivac/src/ros_lib_energia/tests/float64_test/float64_test.ino
-- Up-to-date: /home/msi/caato2_ws/install/rosserial_tivac/share/rosserial_tivac/src/ros_lib_energia/tests/array_test
-- Up-to-date: /home/msi/caato2_ws/install/rosserial_tivac/share/rosserial_tivac/src/ros_lib_energia/tests/array_test/test_data
-- Up-to-date: /home/msi/caato2_ws/install/rosserial_tivac/share/rosserial_tivac/src/ros_lib_energia/tests/array_test/array_test.ino
-- Up-to-date: /home/msi/caato2_ws/install/rosserial_tivac/share/rosserial_tivac/src/ros_lib_energia/examples
-- Up-to-date: /home/msi/caato2_ws/install/rosserial_tivac/share/rosserial_tivac/src/ros_lib_energia/examples/rgb
-- Up-to-date: /home/msi/caato2_ws/install/rosserial_tivac/share/rosserial_tivac/src/ros_lib_energia/examples/rgb/rgb.ino
-- Up-to-date: /home/msi/caato2_ws/install/rosserial_tivac/share/rosserial_tivac/src/ros_lib_energia/examples/chatter
-- Up-to-date: /home/msi/caato2_ws/install/rosserial_tivac/share/rosserial_tivac/src/ros_lib_energia/examples/chatter/chatter.ino
-- Up-to-date: /home/msi/caato2_ws/install/rosserial_tivac/share/rosserial_tivac/src/ros_lib_energia/ros.h
-- Up-to-date: /home/msi/caato2_ws/install/rosserial_tivac/share/rosserial_tivac/src/ros_lib_energia/TivaCHardware.h
-- Up-to-date: /home/msi/caato2_ws/install/rosserial_tivac/share/rosserial_tivac/tivac-cmake
-- Up-to-date: /home/msi/caato2_ws/install/rosserial_tivac/share/rosserial_tivac/tivac-cmake/cmake
-- Up-to-date: /home/msi/caato2_ws/install/rosserial_tivac/share/rosserial_tivac/tivac-cmake/cmake/TivaCToolchain.cmake
-- Up-to-date: /home/msi/caato2_ws/install/rosserial_tivac/share/rosserial_tivac/tivac-cmake/tiva.specs
-- Up-to-date: /home/msi/caato2_ws/install/rosserial_tivac/share/rosserial_tivac/tivac-cmake/tm4c123g.ld
-- Up-to-date: /home/msi/caato2_ws/install/rosserial_tivac/share/rosserial_tivac/tivac-cmake/tm4c1294.ld
-- Up-to-date: /home/msi/caato2_ws/install/rosserial_tivac/share/rosserial_tivac/make_libraries_energia
-- Up-to-date: /home/msi/caato2_ws/install/rosserial_tivac/share/rosserial_tivac/make_libraries_tiva
