[0.153s] Invoking command in '/home/msi/caato2_ws/build/realsense_gazebo_plugin': /usr/bin/cmake --build /home/msi/caato2_ws/build/realsense_gazebo_plugin -- -j20 -l20
[0.232s] [  0%] Built target dynamic_reconfigure_generate_messages_eus
[0.232s] [  0%] Built target trajectory_msgs_generate_messages_nodejs
[0.232s] [  0%] Built target trajectory_msgs_generate_messages_lisp
[0.232s] [  0%] Built target gazebo_msgs_generate_messages_py
[0.232s] [  0%] Built target trajectory_msgs_generate_messages_cpp
[0.232s] [  0%] Built target gazebo_msgs_generate_messages_cpp
[0.232s] [  0%] Built target dynamic_reconfigure_gencfg
[0.232s] [  0%] Built target gazebo_msgs_generate_messages_nodejs
[0.233s] [  0%] Built target std_srvs_generate_messages_lisp
[0.233s] [  0%] Built target std_srvs_generate_messages_eus
[0.233s] [  0%] Built target dynamic_reconfigure_generate_messages_lisp
[0.234s] [  0%] Built target std_msgs_generate_messages_cpp
[0.235s] [  0%] Built target geometry_msgs_generate_messages_eus
[0.235s] [  0%] Built target std_msgs_generate_messages_nodejs
[0.235s] [  0%] Built target std_msgs_generate_messages_py
[0.235s] [  0%] Built target tf2_msgs_generate_messages_cpp
[0.235s] [  0%] Built target rosgraph_msgs_generate_messages_nodejs
[0.235s] [  0%] Built target actionlib_generate_messages_cpp
[0.235s] [  0%] Built target actionlib_msgs_generate_messages_py
[0.235s] [  0%] Built target actionlib_generate_messages_lisp
[0.235s] [  0%] Built target roscpp_generate_messages_lisp
[0.235s] [  0%] Built target std_msgs_generate_messages_lisp
[0.236s] [  0%] Built target std_srvs_generate_messages_cpp
[0.236s] [  0%] Built target std_srvs_generate_messages_nodejs
[0.236s] [  0%] Built target tf_generate_messages_eus
[0.236s] [  0%] Built target rosgraph_msgs_generate_messages_lisp
[0.236s] [  0%] Built target dynamic_reconfigure_generate_messages_py
[0.236s] [  0%] Built target actionlib_msgs_generate_messages_eus
[0.237s] [  0%] Built target rosgraph_msgs_generate_messages_py
[0.258s] [  0%] Built target trajectory_msgs_generate_messages_eus
[0.258s] [  0%] Built target roscpp_generate_messages_py
[0.259s] [  0%] Built target gazebo_ros_gencfg
[0.259s] [  0%] Built target geometry_msgs_generate_messages_py
[0.261s] [  0%] Built target roscpp_generate_messages_eus
[0.264s] [  0%] Built target geometry_msgs_generate_messages_cpp
[0.264s] [  0%] Built target tf2_msgs_generate_messages_eus
[0.264s] [  0%] Built target tf2_msgs_generate_messages_py
[0.264s] [  0%] Built target dynamic_reconfigure_generate_messages_nodejs
[0.265s] [  0%] Built target sensor_msgs_generate_messages_py
[0.265s] [  0%] Built target roscpp_generate_messages_cpp
[0.265s] [  0%] Built target gazebo_msgs_generate_messages_lisp
[0.265s] [  0%] Built target geometry_msgs_generate_messages_lisp
[0.265s] [  0%] Built target std_srvs_generate_messages_py
[0.265s] [  0%] Built target roscpp_generate_messages_nodejs
[0.269s] [  0%] Built target tf_generate_messages_cpp
[0.288s] [  0%] Built target rosgraph_msgs_generate_messages_eus
[0.288s] [  0%] Built target tf_generate_messages_lisp
[0.288s] [  0%] Built target dynamic_reconfigure_generate_messages_cpp
[0.290s] [  0%] Built target tf_generate_messages_nodejs
[0.291s] [  0%] Built target sensor_msgs_generate_messages_cpp
[0.291s] [  0%] Built target sensor_msgs_generate_messages_eus
[0.291s] [  0%] Built target sensor_msgs_generate_messages_lisp
[0.293s] [  0%] Built target sensor_msgs_generate_messages_nodejs
[0.300s] [  0%] Built target trajectory_msgs_generate_messages_py
[0.300s] [  0%] Built target rosgraph_msgs_generate_messages_cpp
[0.300s] [  0%] Built target actionlib_generate_messages_eus
[0.302s] [  0%] Built target actionlib_generate_messages_nodejs
[0.303s] [  0%] Built target actionlib_generate_messages_py
[0.303s] [  0%] Built target actionlib_msgs_generate_messages_cpp
[0.309s] [  0%] Built target tf_generate_messages_py
[0.310s] [  0%] Built target actionlib_msgs_generate_messages_nodejs
[0.310s] [  0%] Built target actionlib_msgs_generate_messages_lisp
[0.310s] [  0%] Built target std_msgs_generate_messages_eus
[0.310s] [  0%] Built target tf2_msgs_generate_messages_lisp
[0.311s] [  0%] Built target gazebo_msgs_generate_messages_eus
[0.312s] [  0%] Built target tf2_msgs_generate_messages_nodejs
[0.315s] [  0%] Built target geometry_msgs_generate_messages_nodejs
[0.342s] [100%] Built target realsense_gazebo_plugin
[0.405s] Invoked command in '/home/msi/caato2_ws/build/realsense_gazebo_plugin' returned '0': /usr/bin/cmake --build /home/msi/caato2_ws/build/realsense_gazebo_plugin -- -j20 -l20
[0.500s] Invoking command in '/home/msi/caato2_ws/build/realsense_gazebo_plugin': /usr/bin/cmake --build /home/msi/caato2_ws/build/realsense_gazebo_plugin --target tests -- -j20 -l20
[0.552s] Built target tests
[0.578s] Invoked command in '/home/msi/caato2_ws/build/realsense_gazebo_plugin' returned '0': /usr/bin/cmake --build /home/msi/caato2_ws/build/realsense_gazebo_plugin --target tests -- -j20 -l20
[0.678s] Invoking command in '/home/msi/caato2_ws/build/realsense_gazebo_plugin': /usr/bin/cmake --install /home/msi/caato2_ws/build/realsense_gazebo_plugin
[0.684s] -- Install configuration: ""
[0.684s] -- Up-to-date: /home/msi/caato2_ws/install/realsense_gazebo_plugin/lib/pkgconfig/realsense_gazebo_plugin.pc
[0.684s] -- Up-to-date: /home/msi/caato2_ws/install/realsense_gazebo_plugin/share/realsense_gazebo_plugin/cmake/realsense_gazebo_pluginConfig.cmake
[0.685s] -- Up-to-date: /home/msi/caato2_ws/install/realsense_gazebo_plugin/share/realsense_gazebo_plugin/cmake/realsense_gazebo_pluginConfig-version.cmake
[0.685s] -- Up-to-date: /home/msi/caato2_ws/install/realsense_gazebo_plugin/share/realsense_gazebo_plugin/package.xml
[0.686s] -- Up-to-date: /home/msi/caato2_ws/install/realsense_gazebo_plugin/lib/librealsense_gazebo_plugin.so
[0.686s] -- Up-to-date: /home/msi/caato2_ws/install/realsense_gazebo_plugin/share/realsense_gazebo_plugin/include
[0.686s] -- Up-to-date: /home/msi/caato2_ws/install/realsense_gazebo_plugin/share/realsense_gazebo_plugin/include/realsense_gazebo_plugin
[0.686s] -- Up-to-date: /home/msi/caato2_ws/install/realsense_gazebo_plugin/share/realsense_gazebo_plugin/include/realsense_gazebo_plugin/gazebo_ros_realsense.h
[0.686s] -- Up-to-date: /home/msi/caato2_ws/install/realsense_gazebo_plugin/share/realsense_gazebo_plugin/include/realsense_gazebo_plugin/RealSensePlugin.h
[0.722s] Invoked command in '/home/msi/caato2_ws/build/realsense_gazebo_plugin' returned '0': /usr/bin/cmake --install /home/msi/caato2_ws/build/realsense_gazebo_plugin
