-- The C compiler identification is GNU 8.4.0
-- The CXX compiler identification is GNU 8.4.0
-- Check for working C compiler: /usr/bin/cc
-- Check for working C compiler: /usr/bin/cc -- works
-- Detecting C compiler ABI info
-- Detecting C compiler ABI info - done
-- Detecting C compile features
-- Detecting C compile features - done
-- Check for working CXX compiler: /usr/bin/c++
-- Check for working CXX compiler: /usr/bin/c++ -- works
-- Detecting CXX compiler ABI info
-- Detecting CXX compiler ABI info - done
-- Detecting CXX compile features
-- Detecting CXX compile features - done
-- Using CATKIN_DEVEL_PREFIX: /home/msi/caato2_ws/build/realsense2_description/devel
-- Using CMAKE_PREFIX_PATH: /opt/ros/noetic
-- This workspace overlays: /opt/ros/noetic
-- Found PythonInterp: /usr/bin/python3 (found suitable version "3.8.10", minimum required is "3") 
-- Using PYTHON_EXECUTABLE: /usr/bin/python3
-- Using Debian Python package layout
-- Found PY_em: /usr/lib/python3/dist-packages/em.py  
-- Using empy: /usr/lib/python3/dist-packages/em.py
-- Using CATKIN_ENABLE_TESTING: ON
-- Call enable_testing()
-- Using CATKIN_TEST_RESULTS_DIR: /home/msi/caato2_ws/build/realsense2_description/test_results
-- Forcing gtest/gmock from source, though one was otherwise available.
-- Found gtest sources under '/usr/src/googletest': gtests will be built
-- Found gmock sources under '/usr/src/googletest': gmock will be built
-- Found PythonInterp: /usr/bin/python3 (found version "3.8.10") 
-- Found Threads: TRUE  
-- Using Python nosetests: /usr/bin/nosetests3
-- catkin 0.8.10
-- BUILD_SHARED_LIBS is on
-- Configuring done
-- Generating done
-- Build files have been written to: /home/msi/caato2_ws/build/realsense2_description
[35m[1mScanning dependencies of target tests[0m
Built target tests
-- Install configuration: ""
-- Installing: /home/msi/caato2_ws/install/realsense2_description/lib/pkgconfig/realsense2_description.pc
-- Installing: /home/msi/caato2_ws/install/realsense2_description/share/realsense2_description/cmake/realsense2_descriptionConfig.cmake
-- Installing: /home/msi/caato2_ws/install/realsense2_description/share/realsense2_description/cmake/realsense2_descriptionConfig-version.cmake
-- Installing: /home/msi/caato2_ws/install/realsense2_description/share/realsense2_description/package.xml
-- Installing: /home/msi/caato2_ws/install/realsense2_description/share/realsense2_description/launch
-- Installing: /home/msi/caato2_ws/install/realsense2_description/share/realsense2_description/launch/view_l515_model.launch
-- Installing: /home/msi/caato2_ws/install/realsense2_description/share/realsense2_description/launch/view_r430_model.launch
-- Installing: /home/msi/caato2_ws/install/realsense2_description/share/realsense2_description/launch/view_d415_model.launch
-- Installing: /home/msi/caato2_ws/install/realsense2_description/share/realsense2_description/launch/view_multiple_d435_models.launch
-- Installing: /home/msi/caato2_ws/install/realsense2_description/share/realsense2_description/launch/view_r410_model.launch
-- Installing: /home/msi/caato2_ws/install/realsense2_description/share/realsense2_description/launch/view_d435_model.launch
-- Installing: /home/msi/caato2_ws/install/realsense2_description/share/realsense2_description/launch/view_d435i_model.launch
-- Installing: /home/msi/caato2_ws/install/realsense2_description/share/realsense2_description/meshes
-- Installing: /home/msi/caato2_ws/install/realsense2_description/share/realsense2_description/meshes/plug.stl
-- Installing: /home/msi/caato2_ws/install/realsense2_description/share/realsense2_description/meshes/plug_collision.stl
-- Installing: /home/msi/caato2_ws/install/realsense2_description/share/realsense2_description/meshes/d415.stl
-- Installing: /home/msi/caato2_ws/install/realsense2_description/share/realsense2_description/meshes/d435.dae
-- Installing: /home/msi/caato2_ws/install/realsense2_description/share/realsense2_description/meshes/l515.dae
-- Installing: /home/msi/caato2_ws/install/realsense2_description/share/realsense2_description/rviz
-- Installing: /home/msi/caato2_ws/install/realsense2_description/share/realsense2_description/rviz/urdf.rviz
-- Installing: /home/msi/caato2_ws/install/realsense2_description/share/realsense2_description/urdf
-- Installing: /home/msi/caato2_ws/install/realsense2_description/share/realsense2_description/urdf/test_r410_camera.urdf.xacro
-- Installing: /home/msi/caato2_ws/install/realsense2_description/share/realsense2_description/urdf/test_r430_camera.urdf.xacro
-- Installing: /home/msi/caato2_ws/install/realsense2_description/share/realsense2_description/urdf/_materials.urdf.xacro
-- Installing: /home/msi/caato2_ws/install/realsense2_description/share/realsense2_description/urdf/_d435.front.gazebo.xacro
-- Installing: /home/msi/caato2_ws/install/realsense2_description/share/realsense2_description/urdf/_d435.front.urdf.xacro
-- Installing: /home/msi/caato2_ws/install/realsense2_description/share/realsense2_description/urdf/_d435.2.urdf.xacro
-- Installing: /home/msi/caato2_ws/install/realsense2_description/share/realsense2_description/urdf/test_d435_multiple_cameras.urdf.xacro
-- Installing: /home/msi/caato2_ws/install/realsense2_description/share/realsense2_description/urdf/_d415.urdf.xacro
-- Installing: /home/msi/caato2_ws/install/realsense2_description/share/realsense2_description/urdf/_l515.urdf.xacro
-- Installing: /home/msi/caato2_ws/install/realsense2_description/share/realsense2_description/urdf/_d435i.urdf.xacro
-- Installing: /home/msi/caato2_ws/install/realsense2_description/share/realsense2_description/urdf/test_d435_camera.urdf.xacro
-- Installing: /home/msi/caato2_ws/install/realsense2_description/share/realsense2_description/urdf/_d435.2.urdf.xacro.bkup
-- Installing: /home/msi/caato2_ws/install/realsense2_description/share/realsense2_description/urdf/_d435.2.front.urdf.xacro
-- Installing: /home/msi/caato2_ws/install/realsense2_description/share/realsense2_description/urdf/_d435i_imu_modules.urdf.xacro
-- Installing: /home/msi/caato2_ws/install/realsense2_description/share/realsense2_description/urdf/test_d415_camera.urdf.xacro
-- Installing: /home/msi/caato2_ws/install/realsense2_description/share/realsense2_description/urdf/test_d435i_camera.urdf.xacro
-- Installing: /home/msi/caato2_ws/install/realsense2_description/share/realsense2_description/urdf/_d435.urdf.xacro
-- Installing: /home/msi/caato2_ws/install/realsense2_description/share/realsense2_description/urdf/_d435.gazebo.xacro.bkup
-- Installing: /home/msi/caato2_ws/install/realsense2_description/share/realsense2_description/urdf/test_l515_camera.urdf.xacro
-- Installing: /home/msi/caato2_ws/install/realsense2_description/share/realsense2_description/urdf/_r410.urdf.xacro
-- Installing: /home/msi/caato2_ws/install/realsense2_description/share/realsense2_description/urdf/_usb_plug.urdf.xacro
-- Installing: /home/msi/caato2_ws/install/realsense2_description/share/realsense2_description/urdf/_d435.gazebo.xacro
-- Installing: /home/msi/caato2_ws/install/realsense2_description/share/realsense2_description/urdf/_r430.urdf.xacro
