[0.070s] Invoking command in '/home/msi/caato2_ws/build/realsense2_description': /usr/bin/cmake /home/msi/caato2_ws/src/siot/realsense-ros/realsense2_description -DCATKIN_INSTALL_INTO_PREFIX_ROOT=0 -DCMAKE_INSTALL_PREFIX=/home/msi/caato2_ws/install/realsense2_description
[2.085s] -- The C compiler identification is GNU 8.4.0
[2.086s] -- The CXX compiler identification is GNU 8.4.0
[2.089s] -- Check for working C compiler: /usr/bin/cc
[2.090s] -- Check for working C compiler: /usr/bin/cc -- works
[2.090s] -- Detecting C compiler ABI info
[2.090s] -- Detecting C compiler ABI info - done
[2.090s] -- Detecting C compile features
[2.090s] -- Detecting C compile features - done
[2.090s] -- Check for working CXX compiler: /usr/bin/c++
[2.090s] -- Check for working CXX compiler: /usr/bin/c++ -- works
[2.091s] -- Detecting CXX compiler ABI info
[2.091s] -- Detecting CXX compiler ABI info - done
[2.091s] -- Detecting CXX compile features
[2.091s] -- Detecting CXX compile features - done
[2.091s] -- Using CATKIN_DEVEL_PREFIX: /home/msi/caato2_ws/build/realsense2_description/devel
[2.091s] -- Using CMAKE_PREFIX_PATH: /opt/ros/noetic
[2.091s] -- This workspace overlays: /opt/ros/noetic
[2.091s] -- Found PythonInterp: /usr/bin/python3 (found suitable version "3.8.10", minimum required is "3") 
[2.091s] -- Using PYTHON_EXECUTABLE: /usr/bin/python3
[2.091s] -- Using Debian Python package layout
[2.091s] -- Found PY_em: /usr/lib/python3/dist-packages/em.py  
[2.091s] -- Using empy: /usr/lib/python3/dist-packages/em.py
[2.091s] -- Using CATKIN_ENABLE_TESTING: ON
[2.091s] -- Call enable_testing()
[2.092s] -- Using CATKIN_TEST_RESULTS_DIR: /home/msi/caato2_ws/build/realsense2_description/test_results
[2.092s] -- Forcing gtest/gmock from source, though one was otherwise available.
[2.092s] -- Found gtest sources under '/usr/src/googletest': gtests will be built
[2.092s] -- Found gmock sources under '/usr/src/googletest': gmock will be built
[2.092s] -- Found PythonInterp: /usr/bin/python3 (found version "3.8.10") 
[2.092s] -- Found Threads: TRUE  
[2.092s] -- Using Python nosetests: /usr/bin/nosetests3
[2.092s] -- catkin 0.8.10
[2.092s] -- BUILD_SHARED_LIBS is on
[2.092s] -- Configuring done
[2.092s] -- Generating done
[2.092s] -- Build files have been written to: /home/msi/caato2_ws/build/realsense2_description
[2.121s] Invoked command in '/home/msi/caato2_ws/build/realsense2_description' returned '0': /usr/bin/cmake /home/msi/caato2_ws/src/siot/realsense-ros/realsense2_description -DCATKIN_INSTALL_INTO_PREFIX_ROOT=0 -DCMAKE_INSTALL_PREFIX=/home/msi/caato2_ws/install/realsense2_description
[2.125s] Invoking command in '/home/msi/caato2_ws/build/realsense2_description': /usr/bin/cmake --build /home/msi/caato2_ws/build/realsense2_description -- -j20 -l20
[2.353s] Invoked command in '/home/msi/caato2_ws/build/realsense2_description' returned '0': /usr/bin/cmake --build /home/msi/caato2_ws/build/realsense2_description -- -j20 -l20
[2.528s] Invoking command in '/home/msi/caato2_ws/build/realsense2_description': /usr/bin/cmake --build /home/msi/caato2_ws/build/realsense2_description --target tests -- -j20 -l20
[5.352s] [35m[1mScanning dependencies of target tests[0m
[5.352s] Built target tests
[5.395s] Invoked command in '/home/msi/caato2_ws/build/realsense2_description' returned '0': /usr/bin/cmake --build /home/msi/caato2_ws/build/realsense2_description --target tests -- -j20 -l20
[6.142s] Invoking command in '/home/msi/caato2_ws/build/realsense2_description': /usr/bin/cmake --install /home/msi/caato2_ws/build/realsense2_description
[7.329s] -- Install configuration: ""
[7.329s] -- Installing: /home/msi/caato2_ws/install/realsense2_description/lib/pkgconfig/realsense2_description.pc
[7.329s] -- Installing: /home/msi/caato2_ws/install/realsense2_description/share/realsense2_description/cmake/realsense2_descriptionConfig.cmake
[7.329s] -- Installing: /home/msi/caato2_ws/install/realsense2_description/share/realsense2_description/cmake/realsense2_descriptionConfig-version.cmake
[7.329s] -- Installing: /home/msi/caato2_ws/install/realsense2_description/share/realsense2_description/package.xml
[7.329s] -- Installing: /home/msi/caato2_ws/install/realsense2_description/share/realsense2_description/launch
[7.329s] -- Installing: /home/msi/caato2_ws/install/realsense2_description/share/realsense2_description/launch/view_l515_model.launch
[7.329s] -- Installing: /home/msi/caato2_ws/install/realsense2_description/share/realsense2_description/launch/view_r430_model.launch
[7.329s] -- Installing: /home/msi/caato2_ws/install/realsense2_description/share/realsense2_description/launch/view_d415_model.launch
[7.330s] -- Installing: /home/msi/caato2_ws/install/realsense2_description/share/realsense2_description/launch/view_multiple_d435_models.launch
[7.330s] -- Installing: /home/msi/caato2_ws/install/realsense2_description/share/realsense2_description/launch/view_r410_model.launch
[7.330s] -- Installing: /home/msi/caato2_ws/install/realsense2_description/share/realsense2_description/launch/view_d435_model.launch
[7.330s] -- Installing: /home/msi/caato2_ws/install/realsense2_description/share/realsense2_description/launch/view_d435i_model.launch
[7.330s] -- Installing: /home/msi/caato2_ws/install/realsense2_description/share/realsense2_description/meshes
[7.330s] -- Installing: /home/msi/caato2_ws/install/realsense2_description/share/realsense2_description/meshes/plug.stl
[7.330s] -- Installing: /home/msi/caato2_ws/install/realsense2_description/share/realsense2_description/meshes/plug_collision.stl
[7.330s] -- Installing: /home/msi/caato2_ws/install/realsense2_description/share/realsense2_description/meshes/d415.stl
[7.330s] -- Installing: /home/msi/caato2_ws/install/realsense2_description/share/realsense2_description/meshes/d435.dae
[7.331s] -- Installing: /home/msi/caato2_ws/install/realsense2_description/share/realsense2_description/meshes/l515.dae
[7.331s] -- Installing: /home/msi/caato2_ws/install/realsense2_description/share/realsense2_description/rviz
[7.331s] -- Installing: /home/msi/caato2_ws/install/realsense2_description/share/realsense2_description/rviz/urdf.rviz
[7.331s] -- Installing: /home/msi/caato2_ws/install/realsense2_description/share/realsense2_description/urdf
[7.331s] -- Installing: /home/msi/caato2_ws/install/realsense2_description/share/realsense2_description/urdf/test_r410_camera.urdf.xacro
[7.331s] -- Installing: /home/msi/caato2_ws/install/realsense2_description/share/realsense2_description/urdf/test_r430_camera.urdf.xacro
[7.331s] -- Installing: /home/msi/caato2_ws/install/realsense2_description/share/realsense2_description/urdf/_materials.urdf.xacro
[7.331s] -- Installing: /home/msi/caato2_ws/install/realsense2_description/share/realsense2_description/urdf/_d435.front.gazebo.xacro
[7.331s] -- Installing: /home/msi/caato2_ws/install/realsense2_description/share/realsense2_description/urdf/_d435.front.urdf.xacro
[7.331s] -- Installing: /home/msi/caato2_ws/install/realsense2_description/share/realsense2_description/urdf/_d435.2.urdf.xacro
[7.331s] -- Installing: /home/msi/caato2_ws/install/realsense2_description/share/realsense2_description/urdf/test_d435_multiple_cameras.urdf.xacro
[7.331s] -- Installing: /home/msi/caato2_ws/install/realsense2_description/share/realsense2_description/urdf/_d415.urdf.xacro
[7.331s] -- Installing: /home/msi/caato2_ws/install/realsense2_description/share/realsense2_description/urdf/_l515.urdf.xacro
[7.331s] -- Installing: /home/msi/caato2_ws/install/realsense2_description/share/realsense2_description/urdf/_d435i.urdf.xacro
[7.332s] -- Installing: /home/msi/caato2_ws/install/realsense2_description/share/realsense2_description/urdf/test_d435_camera.urdf.xacro
[7.332s] -- Installing: /home/msi/caato2_ws/install/realsense2_description/share/realsense2_description/urdf/_d435.2.urdf.xacro.bkup
[7.332s] -- Installing: /home/msi/caato2_ws/install/realsense2_description/share/realsense2_description/urdf/_d435.2.front.urdf.xacro
[7.332s] -- Installing: /home/msi/caato2_ws/install/realsense2_description/share/realsense2_description/urdf/_d435i_imu_modules.urdf.xacro
[7.332s] -- Installing: /home/msi/caato2_ws/install/realsense2_description/share/realsense2_description/urdf/test_d415_camera.urdf.xacro
[7.332s] -- Installing: /home/msi/caato2_ws/install/realsense2_description/share/realsense2_description/urdf/test_d435i_camera.urdf.xacro
[7.332s] -- Installing: /home/msi/caato2_ws/install/realsense2_description/share/realsense2_description/urdf/_d435.urdf.xacro
[7.332s] -- Installing: /home/msi/caato2_ws/install/realsense2_description/share/realsense2_description/urdf/_d435.gazebo.xacro.bkup
[7.332s] -- Installing: /home/msi/caato2_ws/install/realsense2_description/share/realsense2_description/urdf/test_l515_camera.urdf.xacro
[7.332s] -- Installing: /home/msi/caato2_ws/install/realsense2_description/share/realsense2_description/urdf/_r410.urdf.xacro
[7.332s] -- Installing: /home/msi/caato2_ws/install/realsense2_description/share/realsense2_description/urdf/_usb_plug.urdf.xacro
[7.332s] -- Installing: /home/msi/caato2_ws/install/realsense2_description/share/realsense2_description/urdf/_d435.gazebo.xacro
[7.332s] -- Installing: /home/msi/caato2_ws/install/realsense2_description/share/realsense2_description/urdf/_r430.urdf.xacro
[7.469s] Invoked command in '/home/msi/caato2_ws/build/realsense2_description' returned '0': /usr/bin/cmake --install /home/msi/caato2_ws/build/realsense2_description
