[0.137s] Invoking command in '/home/msi/caato2_ws/build/roboteq_diff_driver': CMAKE_PREFIX_PATH=/home/msi/caato2_ws/install/roboteq_diff_msgs:${CMAKE_PREFIX_PATH} PKG_CONFIG_PATH=/home/msi/caato2_ws/install/roboteq_diff_msgs/lib/x86_64-linux-gnu/pkgconfig:/home/msi/caato2_ws/install/roboteq_diff_msgs/lib/pkgconfig:${PKG_CONFIG_PATH} PYTHONPATH=/home/msi/caato2_ws/install/roboteq_diff_msgs/lib/python3/dist-packages:${PYTHONPATH} ROS_PACKAGE_PATH=/home/msi/caato2_ws/install/roboteq_diff_msgs/share:${ROS_PACKAGE_PATH} /usr/bin/cmake --build /home/msi/caato2_ws/build/roboteq_diff_driver -- -j20 -l20
[0.197s] [ 12%] [34m[1mAutomatic MOC for target roboteq_diff_driver_driver[0m
[0.198s] [ 25%] [34m[1mAutomatic MOC for target roboteq_diff_driver[0m
[0.236s] [ 25%] Built target roboteq_diff_driver_autogen
[0.236s] [ 25%] Built target roboteq_diff_driver_driver_autogen
[0.268s] [ 62%] Built target roboteq_diff_driver_driver
[0.272s] [100%] Built target roboteq_diff_driver
[0.324s] Invoked command in '/home/msi/caato2_ws/build/roboteq_diff_driver' returned '0': CMAKE_PREFIX_PATH=/home/msi/caato2_ws/install/roboteq_diff_msgs:${CMAKE_PREFIX_PATH} PKG_CONFIG_PATH=/home/msi/caato2_ws/install/roboteq_diff_msgs/lib/x86_64-linux-gnu/pkgconfig:/home/msi/caato2_ws/install/roboteq_diff_msgs/lib/pkgconfig:${PKG_CONFIG_PATH} PYTHONPATH=/home/msi/caato2_ws/install/roboteq_diff_msgs/lib/python3/dist-packages:${PYTHONPATH} ROS_PACKAGE_PATH=/home/msi/caato2_ws/install/roboteq_diff_msgs/share:${ROS_PACKAGE_PATH} /usr/bin/cmake --build /home/msi/caato2_ws/build/roboteq_diff_driver -- -j20 -l20
[0.525s] Invoking command in '/home/msi/caato2_ws/build/roboteq_diff_driver': CMAKE_PREFIX_PATH=/home/msi/caato2_ws/install/roboteq_diff_msgs:${CMAKE_PREFIX_PATH} PKG_CONFIG_PATH=/home/msi/caato2_ws/install/roboteq_diff_msgs/lib/x86_64-linux-gnu/pkgconfig:/home/msi/caato2_ws/install/roboteq_diff_msgs/lib/pkgconfig:${PKG_CONFIG_PATH} PYTHONPATH=/home/msi/caato2_ws/install/roboteq_diff_msgs/lib/python3/dist-packages:${PYTHONPATH} ROS_PACKAGE_PATH=/home/msi/caato2_ws/install/roboteq_diff_msgs/share:${ROS_PACKAGE_PATH} /usr/bin/cmake --build /home/msi/caato2_ws/build/roboteq_diff_driver --target tests -- -j20 -l20
[0.591s] Built target tests
[0.618s] Invoked command in '/home/msi/caato2_ws/build/roboteq_diff_driver' returned '0': CMAKE_PREFIX_PATH=/home/msi/caato2_ws/install/roboteq_diff_msgs:${CMAKE_PREFIX_PATH} PKG_CONFIG_PATH=/home/msi/caato2_ws/install/roboteq_diff_msgs/lib/x86_64-linux-gnu/pkgconfig:/home/msi/caato2_ws/install/roboteq_diff_msgs/lib/pkgconfig:${PKG_CONFIG_PATH} PYTHONPATH=/home/msi/caato2_ws/install/roboteq_diff_msgs/lib/python3/dist-packages:${PYTHONPATH} ROS_PACKAGE_PATH=/home/msi/caato2_ws/install/roboteq_diff_msgs/share:${ROS_PACKAGE_PATH} /usr/bin/cmake --build /home/msi/caato2_ws/build/roboteq_diff_driver --target tests -- -j20 -l20
[0.768s] Invoking command in '/home/msi/caato2_ws/build/roboteq_diff_driver': CMAKE_PREFIX_PATH=/home/msi/caato2_ws/install/roboteq_diff_msgs:${CMAKE_PREFIX_PATH} PKG_CONFIG_PATH=/home/msi/caato2_ws/install/roboteq_diff_msgs/lib/x86_64-linux-gnu/pkgconfig:/home/msi/caato2_ws/install/roboteq_diff_msgs/lib/pkgconfig:${PKG_CONFIG_PATH} PYTHONPATH=/home/msi/caato2_ws/install/roboteq_diff_msgs/lib/python3/dist-packages:${PYTHONPATH} ROS_PACKAGE_PATH=/home/msi/caato2_ws/install/roboteq_diff_msgs/share:${ROS_PACKAGE_PATH} /usr/bin/cmake --install /home/msi/caato2_ws/build/roboteq_diff_driver
[0.786s] -- Install configuration: ""
[0.787s] -- Up-to-date: /home/msi/caato2_ws/install/roboteq_diff_driver/lib/pkgconfig/roboteq_diff_driver.pc
[0.787s] -- Up-to-date: /home/msi/caato2_ws/install/roboteq_diff_driver/share/roboteq_diff_driver/cmake/roboteq_diff_driverConfig.cmake
[0.787s] -- Up-to-date: /home/msi/caato2_ws/install/roboteq_diff_driver/share/roboteq_diff_driver/cmake/roboteq_diff_driverConfig-version.cmake
[0.789s] -- Up-to-date: /home/msi/caato2_ws/install/roboteq_diff_driver/share/roboteq_diff_driver/package.xml
[0.789s] -- Up-to-date: /home/msi/caato2_ws/install/roboteq_diff_driver/lib/roboteq_diff_driver/driver
[0.790s] -- Up-to-date: /home/msi/caato2_ws/install/roboteq_diff_driver/share/roboteq_diff_driver/launch
[0.790s] -- Up-to-date: /home/msi/caato2_ws/install/roboteq_diff_driver/share/roboteq_diff_driver/launch/driver_dbg.launch
[0.791s] -- Up-to-date: /home/msi/caato2_ws/install/roboteq_diff_driver/share/roboteq_diff_driver/launch/driver.launch
[0.791s] -- Up-to-date: /home/msi/caato2_ws/install/roboteq_diff_driver/include/roboteq_diff_driver
[0.791s] -- Up-to-date: /home/msi/caato2_ws/install/roboteq_diff_driver/include/roboteq_diff_driver/driver.h
[0.791s] -- Up-to-date: /home/msi/caato2_ws/install/roboteq_diff_driver/share/roboteq_diff_driver/plugin_description.xml
[0.825s] Invoked command in '/home/msi/caato2_ws/build/roboteq_diff_driver' returned '0': CMAKE_PREFIX_PATH=/home/msi/caato2_ws/install/roboteq_diff_msgs:${CMAKE_PREFIX_PATH} PKG_CONFIG_PATH=/home/msi/caato2_ws/install/roboteq_diff_msgs/lib/x86_64-linux-gnu/pkgconfig:/home/msi/caato2_ws/install/roboteq_diff_msgs/lib/pkgconfig:${PKG_CONFIG_PATH} PYTHONPATH=/home/msi/caato2_ws/install/roboteq_diff_msgs/lib/python3/dist-packages:${PYTHONPATH} ROS_PACKAGE_PATH=/home/msi/caato2_ws/install/roboteq_diff_msgs/share:${ROS_PACKAGE_PATH} /usr/bin/cmake --install /home/msi/caato2_ws/build/roboteq_diff_driver
