-- The C compiler identification is GNU 8.4.0
-- The CXX compiler identification is GNU 8.4.0
-- Check for working C compiler: /usr/bin/cc
-- Check for working C compiler: /usr/bin/cc -- works
-- Detecting C compiler ABI info
-- Detecting C compiler ABI info - done
-- Detecting C compile features
-- Detecting C compile features - done
-- Check for working CXX compiler: /usr/bin/c++
-- Check for working CXX compiler: /usr/bin/c++ -- works
-- Detecting CXX compiler ABI info
-- Detecting CXX compiler ABI info - done
-- Detecting CXX compile features
-- Detecting CXX compile features - done
-- Using CATKIN_DEVEL_PREFIX: /home/msi/caato2_ws/build/rosserial_client/devel
-- Using CMAKE_PREFIX_PATH: /home/msi/caato2_ws/install/rosserial_msgs;/opt/ros/noetic
-- This workspace overlays: /home/msi/caato2_ws/install/rosserial_msgs;/opt/ros/noetic
-- Found PythonInterp: /usr/bin/python3 (found suitable version "3.8.10", minimum required is "3") 
-- Using PYTHON_EXECUTABLE: /usr/bin/python3
-- Using Debian Python package layout
-- Found PY_em: /usr/lib/python3/dist-packages/em.py  
-- Using empy: /usr/lib/python3/dist-packages/em.py
-- Using CATKIN_ENABLE_TESTING: ON
-- Call enable_testing()
-- Using CATKIN_TEST_RESULTS_DIR: /home/msi/caato2_ws/build/rosserial_client/test_results
-- Forcing gtest/gmock from source, though one was otherwise available.
-- Found gtest sources under '/usr/src/googletest': gtests will be built
-- Found gmock sources under '/usr/src/googletest': gmock will be built
-- Found PythonInterp: /usr/bin/python3 (found version "3.8.10") 
-- Found Threads: TRUE  
-- Using Python nosetests: /usr/bin/nosetests3
-- catkin 0.8.10
-- BUILD_SHARED_LIBS is on
-- Installing devel-space wrapper /home/msi/caato2_ws/src/thirdparty/rosserial/rosserial_client/scripts/make_libraries to /home/msi/caato2_ws/build/rosserial_client/devel/lib/rosserial_client
-- Installing devel-space wrapper /home/msi/caato2_ws/src/thirdparty/rosserial/rosserial_client/src/rosserial_client/make_library.py to /home/msi/caato2_ws/build/rosserial_client/devel/lib/rosserial_client
-- Configuring done
-- Generating done
-- Build files have been written to: /home/msi/caato2_ws/build/rosserial_client
[35m[1mScanning dependencies of target gtest[0m
[ 10%] [32mBuilding CXX object gtest/googletest/CMakeFiles/gtest.dir/src/gtest-all.cc.o[0m
[ 20%] [32m[1mLinking CXX shared library ../lib/libgtest.so[0m
[ 20%] Built target gtest
[35m[1mScanning dependencies of target time_test[0m
[35m[1mScanning dependencies of target float64_test[0m
[35m[1mScanning dependencies of target subscriber_test[0m
[ 30%] [32mBuilding CXX object CMakeFiles/subscriber_test.dir/test/subscriber_test.cpp.o[0m
[ 50%] [32mBuilding CXX object CMakeFiles/float64_test.dir/test/float64_test.cpp.o[0m
[ 50%] [32mBuilding CXX object CMakeFiles/time_test.dir/test/time_test.cpp.o[0m
[ 60%] [32mBuilding CXX object CMakeFiles/time_test.dir/src/ros_lib/duration.cpp.o[0m
[ 70%] [32mBuilding CXX object CMakeFiles/time_test.dir/src/ros_lib/time.cpp.o[0m
[ 80%] [32m[1mLinking CXX executable devel/lib/rosserial_client/float64_test[0m
[ 90%] [32m[1mLinking CXX executable devel/lib/rosserial_client/time_test[0m
[100%] [32m[1mLinking CXX executable devel/lib/rosserial_client/subscriber_test[0m
[100%] Built target float64_test
[100%] Built target subscriber_test
[100%] Built target time_test
[35m[1mScanning dependencies of target tests[0m
[100%] Built target tests
-- Install configuration: ""
-- Installing: /home/msi/caato2_ws/install/rosserial_client/lib/pkgconfig/rosserial_client.pc
-- Installing: /home/msi/caato2_ws/install/rosserial_client/share/rosserial_client/cmake/rosserial_client-extras.cmake
-- Installing: /home/msi/caato2_ws/install/rosserial_client/share/rosserial_client/cmake/rosserial_clientConfig.cmake
-- Installing: /home/msi/caato2_ws/install/rosserial_client/share/rosserial_client/cmake/rosserial_clientConfig-version.cmake
-- Installing: /home/msi/caato2_ws/install/rosserial_client/share/rosserial_client/package.xml
+ cd /home/msi/caato2_ws/src/thirdparty/rosserial/rosserial_client
+ mkdir -p /home/msi/caato2_ws/install/rosserial_client/lib/python3/dist-packages
+ /usr/bin/env PYTHONPATH=/home/msi/caato2_ws/install/rosserial_client/lib/python3/dist-packages:/home/msi/caato2_ws/build/rosserial_client/lib/python3/dist-packages:/home/msi/caato2_ws/install/rosserial_msgs/lib/python3/dist-packages:/opt/ros/noetic/lib/python3/dist-packages CATKIN_BINARY_DIR=/home/msi/caato2_ws/build/rosserial_client /usr/bin/python3 /home/msi/caato2_ws/src/thirdparty/rosserial/rosserial_client/setup.py build --build-base /home/msi/caato2_ws/build/rosserial_client install --root=/ --install-layout=deb --prefix=/home/msi/caato2_ws/install/rosserial_client --install-scripts=/home/msi/caato2_ws/install/rosserial_client/bin
running build
running build_py
creating /home/msi/caato2_ws/build/rosserial_client/lib
creating /home/msi/caato2_ws/build/rosserial_client/lib/rosserial_client
copying src/rosserial_client/__init__.py -> /home/msi/caato2_ws/build/rosserial_client/lib/rosserial_client
copying src/rosserial_client/make_library.py -> /home/msi/caato2_ws/build/rosserial_client/lib/rosserial_client
running install
running install_lib
creating /home/msi/caato2_ws/install/rosserial_client/lib/python3/dist-packages/rosserial_client
copying /home/msi/caato2_ws/build/rosserial_client/lib/rosserial_client/__init__.py -> /home/msi/caato2_ws/install/rosserial_client/lib/python3/dist-packages/rosserial_client
copying /home/msi/caato2_ws/build/rosserial_client/lib/rosserial_client/make_library.py -> /home/msi/caato2_ws/install/rosserial_client/lib/python3/dist-packages/rosserial_client
byte-compiling /home/msi/caato2_ws/install/rosserial_client/lib/python3/dist-packages/rosserial_client/__init__.py to __init__.cpython-38.pyc
byte-compiling /home/msi/caato2_ws/install/rosserial_client/lib/python3/dist-packages/rosserial_client/make_library.py to make_library.cpython-38.pyc
running install_egg_info
Writing /home/msi/caato2_ws/install/rosserial_client/lib/python3/dist-packages/rosserial_client-0.9.2.egg-info
-- Installing: /home/msi/caato2_ws/install/rosserial_client/share/rosserial_client/src/ros_lib
-- Installing: /home/msi/caato2_ws/install/rosserial_client/share/rosserial_client/src/ros_lib/ros
-- Installing: /home/msi/caato2_ws/install/rosserial_client/share/rosserial_client/src/ros_lib/ros/node_handle.h
-- Installing: /home/msi/caato2_ws/install/rosserial_client/share/rosserial_client/src/ros_lib/ros/service_server.h
-- Installing: /home/msi/caato2_ws/install/rosserial_client/share/rosserial_client/src/ros_lib/ros/time.h
-- Installing: /home/msi/caato2_ws/install/rosserial_client/share/rosserial_client/src/ros_lib/ros/subscriber.h
-- Installing: /home/msi/caato2_ws/install/rosserial_client/share/rosserial_client/src/ros_lib/ros/msg.h
-- Installing: /home/msi/caato2_ws/install/rosserial_client/share/rosserial_client/src/ros_lib/ros/service_client.h
-- Installing: /home/msi/caato2_ws/install/rosserial_client/share/rosserial_client/src/ros_lib/ros/duration.h
-- Installing: /home/msi/caato2_ws/install/rosserial_client/share/rosserial_client/src/ros_lib/ros/publisher.h
-- Installing: /home/msi/caato2_ws/install/rosserial_client/share/rosserial_client/src/ros_lib/time.cpp
-- Installing: /home/msi/caato2_ws/install/rosserial_client/share/rosserial_client/src/ros_lib/tf
-- Installing: /home/msi/caato2_ws/install/rosserial_client/share/rosserial_client/src/ros_lib/tf/transform_broadcaster.h
-- Installing: /home/msi/caato2_ws/install/rosserial_client/share/rosserial_client/src/ros_lib/tf/tf.h
-- Installing: /home/msi/caato2_ws/install/rosserial_client/share/rosserial_client/src/ros_lib/duration.cpp
-- Installing: /home/msi/caato2_ws/install/rosserial_client/lib/rosserial_client/make_libraries
-- Installing: /home/msi/caato2_ws/install/rosserial_client/lib/rosserial_client/make_library.py
