[0.139s] Invoking command in '/home/msi/caato2_ws/build/rosserial_client': CMAKE_PREFIX_PATH=/home/msi/caato2_ws/install/rosserial_msgs:${CMAKE_PREFIX_PATH} PKG_CONFIG_PATH=/home/msi/caato2_ws/install/rosserial_msgs/lib/x86_64-linux-gnu/pkgconfig:/home/msi/caato2_ws/install/rosserial_msgs/lib/pkgconfig:${PKG_CONFIG_PATH} PYTHONPATH=/home/msi/caato2_ws/install/rosserial_msgs/lib/python3/dist-packages:${PYTHONPATH} ROS_PACKAGE_PATH=/home/msi/caato2_ws/install/rosserial_msgs/share:${ROS_PACKAGE_PATH} /usr/bin/cmake /home/msi/caato2_ws/src/thirdparty/rosserial/rosserial_client -DCATKIN_INSTALL_INTO_PREFIX_ROOT=0 -DCMAKE_INSTALL_PREFIX=/home/msi/caato2_ws/install/rosserial_client
[0.357s] -- The C compiler identification is GNU 8.4.0
[0.565s] -- The CXX compiler identification is GNU 8.4.0
[0.570s] -- Check for working C compiler: /usr/bin/cc
[0.871s] -- Check for working C compiler: /usr/bin/cc -- works
[0.872s] -- Detecting C compiler ABI info
[1.185s] -- Detecting C compiler ABI info - done
[1.215s] -- Detecting C compile features
[1.216s] -- Detecting C compile features - done
[1.219s] -- Check for working CXX compiler: /usr/bin/c++
[1.524s] -- Check for working CXX compiler: /usr/bin/c++ -- works
[1.525s] -- Detecting CXX compiler ABI info
[1.830s] -- Detecting CXX compiler ABI info - done
[1.860s] -- Detecting CXX compile features
[1.861s] -- Detecting CXX compile features - done
[1.870s] -- Using CATKIN_DEVEL_PREFIX: /home/msi/caato2_ws/build/rosserial_client/devel
[1.870s] -- Using CMAKE_PREFIX_PATH: /home/msi/caato2_ws/install/rosserial_msgs;/opt/ros/noetic
[1.870s] -- This workspace overlays: /home/msi/caato2_ws/install/rosserial_msgs;/opt/ros/noetic
[1.928s] -- Found PythonInterp: /usr/bin/python3 (found suitable version "3.8.10", minimum required is "3") 
[1.928s] -- Using PYTHON_EXECUTABLE: /usr/bin/python3
[1.928s] -- Using Debian Python package layout
[2.001s] -- Found PY_em: /usr/lib/python3/dist-packages/em.py  
[2.002s] -- Using empy: /usr/lib/python3/dist-packages/em.py
[2.240s] -- Using CATKIN_ENABLE_TESTING: ON
[2.240s] -- Call enable_testing()
[2.242s] -- Using CATKIN_TEST_RESULTS_DIR: /home/msi/caato2_ws/build/rosserial_client/test_results
[3.134s] -- Forcing gtest/gmock from source, though one was otherwise available.
[3.134s] -- Found gtest sources under '/usr/src/googletest': gtests will be built
[3.134s] -- Found gmock sources under '/usr/src/googletest': gmock will be built
[3.183s] -- Found PythonInterp: /usr/bin/python3 (found version "3.8.10") 
[3.185s] -- Found Threads: TRUE  
[3.191s] -- Using Python nosetests: /usr/bin/nosetests3
[3.330s] -- catkin 0.8.10
[3.331s] -- BUILD_SHARED_LIBS is on
[4.967s] -- Installing devel-space wrapper /home/msi/caato2_ws/src/thirdparty/rosserial/rosserial_client/scripts/make_libraries to /home/msi/caato2_ws/build/rosserial_client/devel/lib/rosserial_client
[4.968s] -- Installing devel-space wrapper /home/msi/caato2_ws/src/thirdparty/rosserial/rosserial_client/src/rosserial_client/make_library.py to /home/msi/caato2_ws/build/rosserial_client/devel/lib/rosserial_client
[4.970s] -- Configuring done
[5.002s] -- Generating done
[5.007s] -- Build files have been written to: /home/msi/caato2_ws/build/rosserial_client
[5.025s] Invoked command in '/home/msi/caato2_ws/build/rosserial_client' returned '0': CMAKE_PREFIX_PATH=/home/msi/caato2_ws/install/rosserial_msgs:${CMAKE_PREFIX_PATH} PKG_CONFIG_PATH=/home/msi/caato2_ws/install/rosserial_msgs/lib/x86_64-linux-gnu/pkgconfig:/home/msi/caato2_ws/install/rosserial_msgs/lib/pkgconfig:${PKG_CONFIG_PATH} PYTHONPATH=/home/msi/caato2_ws/install/rosserial_msgs/lib/python3/dist-packages:${PYTHONPATH} ROS_PACKAGE_PATH=/home/msi/caato2_ws/install/rosserial_msgs/share:${ROS_PACKAGE_PATH} /usr/bin/cmake /home/msi/caato2_ws/src/thirdparty/rosserial/rosserial_client -DCATKIN_INSTALL_INTO_PREFIX_ROOT=0 -DCMAKE_INSTALL_PREFIX=/home/msi/caato2_ws/install/rosserial_client
[5.028s] Invoking command in '/home/msi/caato2_ws/build/rosserial_client': CMAKE_PREFIX_PATH=/home/msi/caato2_ws/install/rosserial_msgs:${CMAKE_PREFIX_PATH} PKG_CONFIG_PATH=/home/msi/caato2_ws/install/rosserial_msgs/lib/x86_64-linux-gnu/pkgconfig:/home/msi/caato2_ws/install/rosserial_msgs/lib/pkgconfig:${PKG_CONFIG_PATH} PYTHONPATH=/home/msi/caato2_ws/install/rosserial_msgs/lib/python3/dist-packages:${PYTHONPATH} ROS_PACKAGE_PATH=/home/msi/caato2_ws/install/rosserial_msgs/share:${ROS_PACKAGE_PATH} /usr/bin/cmake --build /home/msi/caato2_ws/build/rosserial_client -- -j20 -l20
[5.303s] Invoked command in '/home/msi/caato2_ws/build/rosserial_client' returned '0': CMAKE_PREFIX_PATH=/home/msi/caato2_ws/install/rosserial_msgs:${CMAKE_PREFIX_PATH} PKG_CONFIG_PATH=/home/msi/caato2_ws/install/rosserial_msgs/lib/x86_64-linux-gnu/pkgconfig:/home/msi/caato2_ws/install/rosserial_msgs/lib/pkgconfig:${PKG_CONFIG_PATH} PYTHONPATH=/home/msi/caato2_ws/install/rosserial_msgs/lib/python3/dist-packages:${PYTHONPATH} ROS_PACKAGE_PATH=/home/msi/caato2_ws/install/rosserial_msgs/share:${ROS_PACKAGE_PATH} /usr/bin/cmake --build /home/msi/caato2_ws/build/rosserial_client -- -j20 -l20
[5.531s] Invoking command in '/home/msi/caato2_ws/build/rosserial_client': CMAKE_PREFIX_PATH=/home/msi/caato2_ws/install/rosserial_msgs:${CMAKE_PREFIX_PATH} PKG_CONFIG_PATH=/home/msi/caato2_ws/install/rosserial_msgs/lib/x86_64-linux-gnu/pkgconfig:/home/msi/caato2_ws/install/rosserial_msgs/lib/pkgconfig:${PKG_CONFIG_PATH} PYTHONPATH=/home/msi/caato2_ws/install/rosserial_msgs/lib/python3/dist-packages:${PYTHONPATH} ROS_PACKAGE_PATH=/home/msi/caato2_ws/install/rosserial_msgs/share:${ROS_PACKAGE_PATH} /usr/bin/cmake --build /home/msi/caato2_ws/build/rosserial_client --target tests -- -j20 -l20
[6.900s] [35m[1mScanning dependencies of target gtest[0m
[6.900s] [ 10%] [32mBuilding CXX object gtest/googletest/CMakeFiles/gtest.dir/src/gtest-all.cc.o[0m
[8.963s] [ 20%] [32m[1mLinking CXX shared library ../lib/libgtest.so[0m
[9.180s] [ 20%] Built target gtest
[9.204s] [35m[1mScanning dependencies of target time_test[0m
[9.205s] [35m[1mScanning dependencies of target float64_test[0m
[9.216s] [35m[1mScanning dependencies of target subscriber_test[0m
[9.235s] [ 30%] [32mBuilding CXX object CMakeFiles/subscriber_test.dir/test/subscriber_test.cpp.o[0m
[9.242s] [ 50%] [32mBuilding CXX object CMakeFiles/float64_test.dir/test/float64_test.cpp.o[0m
[9.251s] [ 50%] [32mBuilding CXX object CMakeFiles/time_test.dir/test/time_test.cpp.o[0m
[9.252s] [ 60%] [32mBuilding CXX object CMakeFiles/time_test.dir/src/ros_lib/duration.cpp.o[0m
[9.254s] [ 70%] [32mBuilding CXX object CMakeFiles/time_test.dir/src/ros_lib/time.cpp.o[0m
[10.036s] [ 80%] [32m[1mLinking CXX executable devel/lib/rosserial_client/float64_test[0m
[10.182s] [ 90%] [32m[1mLinking CXX executable devel/lib/rosserial_client/time_test[0m
[10.222s] [100%] [32m[1mLinking CXX executable devel/lib/rosserial_client/subscriber_test[0m
[10.352s] [100%] Built target float64_test
[10.535s] [100%] Built target subscriber_test
[10.535s] [100%] Built target time_test
[10.598s] [35m[1mScanning dependencies of target tests[0m
[10.610s] [100%] Built target tests
[10.645s] Invoked command in '/home/msi/caato2_ws/build/rosserial_client' returned '0': CMAKE_PREFIX_PATH=/home/msi/caato2_ws/install/rosserial_msgs:${CMAKE_PREFIX_PATH} PKG_CONFIG_PATH=/home/msi/caato2_ws/install/rosserial_msgs/lib/x86_64-linux-gnu/pkgconfig:/home/msi/caato2_ws/install/rosserial_msgs/lib/pkgconfig:${PKG_CONFIG_PATH} PYTHONPATH=/home/msi/caato2_ws/install/rosserial_msgs/lib/python3/dist-packages:${PYTHONPATH} ROS_PACKAGE_PATH=/home/msi/caato2_ws/install/rosserial_msgs/share:${ROS_PACKAGE_PATH} /usr/bin/cmake --build /home/msi/caato2_ws/build/rosserial_client --target tests -- -j20 -l20
[11.381s] Invoking command in '/home/msi/caato2_ws/build/rosserial_client': CMAKE_PREFIX_PATH=/home/msi/caato2_ws/install/rosserial_msgs:${CMAKE_PREFIX_PATH} PKG_CONFIG_PATH=/home/msi/caato2_ws/install/rosserial_msgs/lib/x86_64-linux-gnu/pkgconfig:/home/msi/caato2_ws/install/rosserial_msgs/lib/pkgconfig:${PKG_CONFIG_PATH} PYTHONPATH=/home/msi/caato2_ws/install/rosserial_msgs/lib/python3/dist-packages:${PYTHONPATH} ROS_PACKAGE_PATH=/home/msi/caato2_ws/install/rosserial_msgs/share:${ROS_PACKAGE_PATH} /usr/bin/cmake --install /home/msi/caato2_ws/build/rosserial_client
[11.415s] -- Install configuration: ""
[11.415s] -- Installing: /home/msi/caato2_ws/install/rosserial_client/lib/pkgconfig/rosserial_client.pc
[11.415s] -- Installing: /home/msi/caato2_ws/install/rosserial_client/share/rosserial_client/cmake/rosserial_client-extras.cmake
[11.415s] -- Installing: /home/msi/caato2_ws/install/rosserial_client/share/rosserial_client/cmake/rosserial_clientConfig.cmake
[11.415s] -- Installing: /home/msi/caato2_ws/install/rosserial_client/share/rosserial_client/cmake/rosserial_clientConfig-version.cmake
[11.415s] -- Installing: /home/msi/caato2_ws/install/rosserial_client/share/rosserial_client/package.xml
[11.435s] + cd /home/msi/caato2_ws/src/thirdparty/rosserial/rosserial_client
[11.435s] + mkdir -p /home/msi/caato2_ws/install/rosserial_client/lib/python3/dist-packages
[11.445s] + /usr/bin/env PYTHONPATH=/home/msi/caato2_ws/install/rosserial_client/lib/python3/dist-packages:/home/msi/caato2_ws/build/rosserial_client/lib/python3/dist-packages:/home/msi/caato2_ws/install/rosserial_msgs/lib/python3/dist-packages:/opt/ros/noetic/lib/python3/dist-packages CATKIN_BINARY_DIR=/home/msi/caato2_ws/build/rosserial_client /usr/bin/python3 /home/msi/caato2_ws/src/thirdparty/rosserial/rosserial_client/setup.py build --build-base /home/msi/caato2_ws/build/rosserial_client install --root=/ --install-layout=deb --prefix=/home/msi/caato2_ws/install/rosserial_client --install-scripts=/home/msi/caato2_ws/install/rosserial_client/bin
[11.585s] running build
[11.586s] running build_py
[11.586s] creating /home/msi/caato2_ws/build/rosserial_client/lib
[11.587s] creating /home/msi/caato2_ws/build/rosserial_client/lib/rosserial_client
[11.587s] copying src/rosserial_client/__init__.py -> /home/msi/caato2_ws/build/rosserial_client/lib/rosserial_client
[11.587s] copying src/rosserial_client/make_library.py -> /home/msi/caato2_ws/build/rosserial_client/lib/rosserial_client
[11.587s] running install
[11.588s] running install_lib
[11.588s] creating /home/msi/caato2_ws/install/rosserial_client/lib/python3/dist-packages/rosserial_client
[11.588s] copying /home/msi/caato2_ws/build/rosserial_client/lib/rosserial_client/__init__.py -> /home/msi/caato2_ws/install/rosserial_client/lib/python3/dist-packages/rosserial_client
[11.588s] copying /home/msi/caato2_ws/build/rosserial_client/lib/rosserial_client/make_library.py -> /home/msi/caato2_ws/install/rosserial_client/lib/python3/dist-packages/rosserial_client
[11.591s] byte-compiling /home/msi/caato2_ws/install/rosserial_client/lib/python3/dist-packages/rosserial_client/__init__.py to __init__.cpython-38.pyc
[11.596s] byte-compiling /home/msi/caato2_ws/install/rosserial_client/lib/python3/dist-packages/rosserial_client/make_library.py to make_library.cpython-38.pyc
[11.614s] running install_egg_info
[11.615s] Writing /home/msi/caato2_ws/install/rosserial_client/lib/python3/dist-packages/rosserial_client-0.9.2.egg-info
[11.629s] -- Installing: /home/msi/caato2_ws/install/rosserial_client/share/rosserial_client/src/ros_lib
[11.630s] -- Installing: /home/msi/caato2_ws/install/rosserial_client/share/rosserial_client/src/ros_lib/ros
[11.630s] -- Installing: /home/msi/caato2_ws/install/rosserial_client/share/rosserial_client/src/ros_lib/ros/node_handle.h
[11.630s] -- Installing: /home/msi/caato2_ws/install/rosserial_client/share/rosserial_client/src/ros_lib/ros/service_server.h
[11.630s] -- Installing: /home/msi/caato2_ws/install/rosserial_client/share/rosserial_client/src/ros_lib/ros/time.h
[11.630s] -- Installing: /home/msi/caato2_ws/install/rosserial_client/share/rosserial_client/src/ros_lib/ros/subscriber.h
[11.633s] -- Installing: /home/msi/caato2_ws/install/rosserial_client/share/rosserial_client/src/ros_lib/ros/msg.h
[11.633s] -- Installing: /home/msi/caato2_ws/install/rosserial_client/share/rosserial_client/src/ros_lib/ros/service_client.h
[11.634s] -- Installing: /home/msi/caato2_ws/install/rosserial_client/share/rosserial_client/src/ros_lib/ros/duration.h
[11.635s] -- Installing: /home/msi/caato2_ws/install/rosserial_client/share/rosserial_client/src/ros_lib/ros/publisher.h
[11.635s] -- Installing: /home/msi/caato2_ws/install/rosserial_client/share/rosserial_client/src/ros_lib/time.cpp
[11.635s] -- Installing: /home/msi/caato2_ws/install/rosserial_client/share/rosserial_client/src/ros_lib/tf
[11.635s] -- Installing: /home/msi/caato2_ws/install/rosserial_client/share/rosserial_client/src/ros_lib/tf/transform_broadcaster.h
[11.635s] -- Installing: /home/msi/caato2_ws/install/rosserial_client/share/rosserial_client/src/ros_lib/tf/tf.h
[11.635s] -- Installing: /home/msi/caato2_ws/install/rosserial_client/share/rosserial_client/src/ros_lib/duration.cpp
[11.635s] -- Installing: /home/msi/caato2_ws/install/rosserial_client/lib/rosserial_client/make_libraries
[11.635s] -- Installing: /home/msi/caato2_ws/install/rosserial_client/lib/rosserial_client/make_library.py
[11.635s] Invoked command in '/home/msi/caato2_ws/build/rosserial_client' returned '0': CMAKE_PREFIX_PATH=/home/msi/caato2_ws/install/rosserial_msgs:${CMAKE_PREFIX_PATH} PKG_CONFIG_PATH=/home/msi/caato2_ws/install/rosserial_msgs/lib/x86_64-linux-gnu/pkgconfig:/home/msi/caato2_ws/install/rosserial_msgs/lib/pkgconfig:${PKG_CONFIG_PATH} PYTHONPATH=/home/msi/caato2_ws/install/rosserial_msgs/lib/python3/dist-packages:${PYTHONPATH} ROS_PACKAGE_PATH=/home/msi/caato2_ws/install/rosserial_msgs/share:${ROS_PACKAGE_PATH} /usr/bin/cmake --install /home/msi/caato2_ws/build/rosserial_client
