[0.080s] Invoking command in '/home/msi/caato2_ws/build/rosserial_mbed': CMAKE_PREFIX_PATH=/home/msi/caato2_ws/install/rosserial_client:/home/msi/caato2_ws/install/rosserial_msgs:${CMAKE_PREFIX_PATH} PKG_CONFIG_PATH=/home/msi/caato2_ws/install/rosserial_client/lib/x86_64-linux-gnu/pkgconfig:/home/msi/caato2_ws/install/rosserial_client/lib/pkgconfig:/home/msi/caato2_ws/install/rosserial_msgs/lib/x86_64-linux-gnu/pkgconfig:/home/msi/caato2_ws/install/rosserial_msgs/lib/pkgconfig:${PKG_CONFIG_PATH} PYTHONPATH=/home/msi/caato2_ws/install/rosserial_client/lib/python3/dist-packages:/home/msi/caato2_ws/install/rosserial_msgs/lib/python3/dist-packages:${PYTHONPATH} ROS_PACKAGE_PATH=/home/msi/caato2_ws/install/rosserial_client/share:/home/msi/caato2_ws/install/rosserial_msgs/share:${ROS_PACKAGE_PATH} /usr/bin/cmake --build /home/msi/caato2_ws/build/rosserial_mbed -- -j20 -l20
[0.115s] [  0%] Built target _rosserial_mbed_generate_messages_check_deps_Test
[0.126s] [  0%] Built target _rosserial_mbed_generate_messages_check_deps_Adc
[0.141s] [ 15%] Built target rosserial_mbed_generate_messages_cpp
[0.141s] [ 38%] Built target rosserial_mbed_generate_messages_eus
[0.141s] [ 61%] Built target rosserial_mbed_generate_messages_lisp
[0.142s] [100%] Built target rosserial_mbed_generate_messages_nodejs
[0.143s] [100%] Built target rosserial_mbed_generate_messages_py
[0.153s] [100%] Built target rosserial_mbed_generate_messages
[0.174s] Invoked command in '/home/msi/caato2_ws/build/rosserial_mbed' returned '0': CMAKE_PREFIX_PATH=/home/msi/caato2_ws/install/rosserial_client:/home/msi/caato2_ws/install/rosserial_msgs:${CMAKE_PREFIX_PATH} PKG_CONFIG_PATH=/home/msi/caato2_ws/install/rosserial_client/lib/x86_64-linux-gnu/pkgconfig:/home/msi/caato2_ws/install/rosserial_client/lib/pkgconfig:/home/msi/caato2_ws/install/rosserial_msgs/lib/x86_64-linux-gnu/pkgconfig:/home/msi/caato2_ws/install/rosserial_msgs/lib/pkgconfig:${PKG_CONFIG_PATH} PYTHONPATH=/home/msi/caato2_ws/install/rosserial_client/lib/python3/dist-packages:/home/msi/caato2_ws/install/rosserial_msgs/lib/python3/dist-packages:${PYTHONPATH} ROS_PACKAGE_PATH=/home/msi/caato2_ws/install/rosserial_client/share:/home/msi/caato2_ws/install/rosserial_msgs/share:${ROS_PACKAGE_PATH} /usr/bin/cmake --build /home/msi/caato2_ws/build/rosserial_mbed -- -j20 -l20
[0.277s] Invoking command in '/home/msi/caato2_ws/build/rosserial_mbed': CMAKE_PREFIX_PATH=/home/msi/caato2_ws/install/rosserial_client:/home/msi/caato2_ws/install/rosserial_msgs:${CMAKE_PREFIX_PATH} PKG_CONFIG_PATH=/home/msi/caato2_ws/install/rosserial_client/lib/x86_64-linux-gnu/pkgconfig:/home/msi/caato2_ws/install/rosserial_client/lib/pkgconfig:/home/msi/caato2_ws/install/rosserial_msgs/lib/x86_64-linux-gnu/pkgconfig:/home/msi/caato2_ws/install/rosserial_msgs/lib/pkgconfig:${PKG_CONFIG_PATH} PYTHONPATH=/home/msi/caato2_ws/install/rosserial_client/lib/python3/dist-packages:/home/msi/caato2_ws/install/rosserial_msgs/lib/python3/dist-packages:${PYTHONPATH} ROS_PACKAGE_PATH=/home/msi/caato2_ws/install/rosserial_client/share:/home/msi/caato2_ws/install/rosserial_msgs/share:${ROS_PACKAGE_PATH} /usr/bin/cmake --build /home/msi/caato2_ws/build/rosserial_mbed --target tests -- -j20 -l20
[0.302s] Built target tests
[0.325s] Invoked command in '/home/msi/caato2_ws/build/rosserial_mbed' returned '0': CMAKE_PREFIX_PATH=/home/msi/caato2_ws/install/rosserial_client:/home/msi/caato2_ws/install/rosserial_msgs:${CMAKE_PREFIX_PATH} PKG_CONFIG_PATH=/home/msi/caato2_ws/install/rosserial_client/lib/x86_64-linux-gnu/pkgconfig:/home/msi/caato2_ws/install/rosserial_client/lib/pkgconfig:/home/msi/caato2_ws/install/rosserial_msgs/lib/x86_64-linux-gnu/pkgconfig:/home/msi/caato2_ws/install/rosserial_msgs/lib/pkgconfig:${PKG_CONFIG_PATH} PYTHONPATH=/home/msi/caato2_ws/install/rosserial_client/lib/python3/dist-packages:/home/msi/caato2_ws/install/rosserial_msgs/lib/python3/dist-packages:${PYTHONPATH} ROS_PACKAGE_PATH=/home/msi/caato2_ws/install/rosserial_client/share:/home/msi/caato2_ws/install/rosserial_msgs/share:${ROS_PACKAGE_PATH} /usr/bin/cmake --build /home/msi/caato2_ws/build/rosserial_mbed --target tests -- -j20 -l20
[0.381s] Invoking command in '/home/msi/caato2_ws/build/rosserial_mbed': CMAKE_PREFIX_PATH=/home/msi/caato2_ws/install/rosserial_client:/home/msi/caato2_ws/install/rosserial_msgs:${CMAKE_PREFIX_PATH} PKG_CONFIG_PATH=/home/msi/caato2_ws/install/rosserial_client/lib/x86_64-linux-gnu/pkgconfig:/home/msi/caato2_ws/install/rosserial_client/lib/pkgconfig:/home/msi/caato2_ws/install/rosserial_msgs/lib/x86_64-linux-gnu/pkgconfig:/home/msi/caato2_ws/install/rosserial_msgs/lib/pkgconfig:${PKG_CONFIG_PATH} PYTHONPATH=/home/msi/caato2_ws/install/rosserial_client/lib/python3/dist-packages:/home/msi/caato2_ws/install/rosserial_msgs/lib/python3/dist-packages:${PYTHONPATH} ROS_PACKAGE_PATH=/home/msi/caato2_ws/install/rosserial_client/share:/home/msi/caato2_ws/install/rosserial_msgs/share:${ROS_PACKAGE_PATH} /usr/bin/cmake --install /home/msi/caato2_ws/build/rosserial_mbed
[0.434s] -- Install configuration: ""
[0.434s] -- Up-to-date: /home/msi/caato2_ws/install/rosserial_mbed/share/rosserial_mbed/msg/Adc.msg
[0.435s] -- Up-to-date: /home/msi/caato2_ws/install/rosserial_mbed/share/rosserial_mbed/srv/Test.srv
[0.435s] -- Up-to-date: /home/msi/caato2_ws/install/rosserial_mbed/share/rosserial_mbed/cmake/rosserial_mbed-msg-paths.cmake
[0.435s] -- Up-to-date: /home/msi/caato2_ws/install/rosserial_mbed/include/rosserial_mbed
[0.436s] -- Up-to-date: /home/msi/caato2_ws/install/rosserial_mbed/include/rosserial_mbed/TestResponse.h
[0.436s] -- Up-to-date: /home/msi/caato2_ws/install/rosserial_mbed/include/rosserial_mbed/Adc.h
[0.436s] -- Up-to-date: /home/msi/caato2_ws/install/rosserial_mbed/include/rosserial_mbed/TestRequest.h
[0.436s] -- Up-to-date: /home/msi/caato2_ws/install/rosserial_mbed/include/rosserial_mbed/Test.h
[0.437s] -- Up-to-date: /home/msi/caato2_ws/install/rosserial_mbed/share/roseus/ros/rosserial_mbed
[0.437s] -- Up-to-date: /home/msi/caato2_ws/install/rosserial_mbed/share/roseus/ros/rosserial_mbed/msg
[0.437s] -- Up-to-date: /home/msi/caato2_ws/install/rosserial_mbed/share/roseus/ros/rosserial_mbed/msg/Adc.l
[0.438s] -- Up-to-date: /home/msi/caato2_ws/install/rosserial_mbed/share/roseus/ros/rosserial_mbed/manifest.l
[0.438s] -- Up-to-date: /home/msi/caato2_ws/install/rosserial_mbed/share/roseus/ros/rosserial_mbed/srv
[0.438s] -- Up-to-date: /home/msi/caato2_ws/install/rosserial_mbed/share/roseus/ros/rosserial_mbed/srv/Test.l
[0.438s] -- Up-to-date: /home/msi/caato2_ws/install/rosserial_mbed/share/common-lisp/ros/rosserial_mbed
[0.439s] -- Up-to-date: /home/msi/caato2_ws/install/rosserial_mbed/share/common-lisp/ros/rosserial_mbed/msg
[0.439s] -- Up-to-date: /home/msi/caato2_ws/install/rosserial_mbed/share/common-lisp/ros/rosserial_mbed/msg/_package.lisp
[0.439s] -- Up-to-date: /home/msi/caato2_ws/install/rosserial_mbed/share/common-lisp/ros/rosserial_mbed/msg/_package_Adc.lisp
[0.440s] -- Up-to-date: /home/msi/caato2_ws/install/rosserial_mbed/share/common-lisp/ros/rosserial_mbed/msg/Adc.lisp
[0.440s] -- Up-to-date: /home/msi/caato2_ws/install/rosserial_mbed/share/common-lisp/ros/rosserial_mbed/msg/rosserial_mbed-msg.asd
[0.440s] -- Up-to-date: /home/msi/caato2_ws/install/rosserial_mbed/share/common-lisp/ros/rosserial_mbed/srv
[0.440s] -- Up-to-date: /home/msi/caato2_ws/install/rosserial_mbed/share/common-lisp/ros/rosserial_mbed/srv/_package.lisp
[0.440s] -- Up-to-date: /home/msi/caato2_ws/install/rosserial_mbed/share/common-lisp/ros/rosserial_mbed/srv/rosserial_mbed-srv.asd
[0.440s] -- Up-to-date: /home/msi/caato2_ws/install/rosserial_mbed/share/common-lisp/ros/rosserial_mbed/srv/Test.lisp
[0.440s] -- Up-to-date: /home/msi/caato2_ws/install/rosserial_mbed/share/common-lisp/ros/rosserial_mbed/srv/_package_Test.lisp
[0.440s] -- Up-to-date: /home/msi/caato2_ws/install/rosserial_mbed/share/gennodejs/ros/rosserial_mbed
[0.440s] -- Up-to-date: /home/msi/caato2_ws/install/rosserial_mbed/share/gennodejs/ros/rosserial_mbed/_index.js
[0.441s] -- Up-to-date: /home/msi/caato2_ws/install/rosserial_mbed/share/gennodejs/ros/rosserial_mbed/msg
[0.441s] -- Up-to-date: /home/msi/caato2_ws/install/rosserial_mbed/share/gennodejs/ros/rosserial_mbed/msg/_index.js
[0.441s] -- Up-to-date: /home/msi/caato2_ws/install/rosserial_mbed/share/gennodejs/ros/rosserial_mbed/msg/Adc.js
[0.441s] -- Up-to-date: /home/msi/caato2_ws/install/rosserial_mbed/share/gennodejs/ros/rosserial_mbed/srv
[0.442s] -- Up-to-date: /home/msi/caato2_ws/install/rosserial_mbed/share/gennodejs/ros/rosserial_mbed/srv/_index.js
[0.442s] -- Up-to-date: /home/msi/caato2_ws/install/rosserial_mbed/share/gennodejs/ros/rosserial_mbed/srv/Test.js
[0.442s] Listing '/home/msi/caato2_ws/build/rosserial_mbed/devel/lib/python3/dist-packages/rosserial_mbed'...
[0.442s] Listing '/home/msi/caato2_ws/build/rosserial_mbed/devel/lib/python3/dist-packages/rosserial_mbed/msg'...
[0.442s] Listing '/home/msi/caato2_ws/build/rosserial_mbed/devel/lib/python3/dist-packages/rosserial_mbed/srv'...
[0.442s] -- Up-to-date: /home/msi/caato2_ws/install/rosserial_mbed/lib/python3/dist-packages/rosserial_mbed
[0.442s] -- Up-to-date: /home/msi/caato2_ws/install/rosserial_mbed/lib/python3/dist-packages/rosserial_mbed/msg
[0.442s] -- Up-to-date: /home/msi/caato2_ws/install/rosserial_mbed/lib/python3/dist-packages/rosserial_mbed/msg/__init__.py
[0.443s] -- Up-to-date: /home/msi/caato2_ws/install/rosserial_mbed/lib/python3/dist-packages/rosserial_mbed/msg/_Adc.py
[0.443s] -- Up-to-date: /home/msi/caato2_ws/install/rosserial_mbed/lib/python3/dist-packages/rosserial_mbed/msg/__pycache__
[0.443s] -- Up-to-date: /home/msi/caato2_ws/install/rosserial_mbed/lib/python3/dist-packages/rosserial_mbed/msg/__pycache__/__init__.cpython-38.pyc
[0.443s] -- Up-to-date: /home/msi/caato2_ws/install/rosserial_mbed/lib/python3/dist-packages/rosserial_mbed/msg/__pycache__/_Adc.cpython-38.pyc
[0.443s] -- Up-to-date: /home/msi/caato2_ws/install/rosserial_mbed/lib/python3/dist-packages/rosserial_mbed/srv
[0.444s] -- Up-to-date: /home/msi/caato2_ws/install/rosserial_mbed/lib/python3/dist-packages/rosserial_mbed/srv/_Test.py
[0.444s] -- Up-to-date: /home/msi/caato2_ws/install/rosserial_mbed/lib/python3/dist-packages/rosserial_mbed/srv/__init__.py
[0.444s] -- Up-to-date: /home/msi/caato2_ws/install/rosserial_mbed/lib/python3/dist-packages/rosserial_mbed/srv/__pycache__
[0.444s] -- Up-to-date: /home/msi/caato2_ws/install/rosserial_mbed/lib/python3/dist-packages/rosserial_mbed/srv/__pycache__/__init__.cpython-38.pyc
[0.444s] -- Up-to-date: /home/msi/caato2_ws/install/rosserial_mbed/lib/python3/dist-packages/rosserial_mbed/srv/__pycache__/_Test.cpython-38.pyc
[0.444s] -- Up-to-date: /home/msi/caato2_ws/install/rosserial_mbed/lib/python3/dist-packages/rosserial_mbed/__init__.py
[0.444s] -- Up-to-date: /home/msi/caato2_ws/install/rosserial_mbed/lib/python3/dist-packages/rosserial_mbed/__pycache__
[0.444s] -- Up-to-date: /home/msi/caato2_ws/install/rosserial_mbed/lib/python3/dist-packages/rosserial_mbed/__pycache__/__init__.cpython-38.pyc
[0.445s] -- Up-to-date: /home/msi/caato2_ws/install/rosserial_mbed/lib/pkgconfig/rosserial_mbed.pc
[0.445s] -- Up-to-date: /home/msi/caato2_ws/install/rosserial_mbed/share/rosserial_mbed/cmake/rosserial_mbed-msg-extras.cmake
[0.446s] -- Up-to-date: /home/msi/caato2_ws/install/rosserial_mbed/share/rosserial_mbed/cmake/rosserial_mbedConfig.cmake
[0.446s] -- Up-to-date: /home/msi/caato2_ws/install/rosserial_mbed/share/rosserial_mbed/cmake/rosserial_mbedConfig-version.cmake
[0.446s] -- Up-to-date: /home/msi/caato2_ws/install/rosserial_mbed/share/rosserial_mbed/package.xml
[0.446s] -- Up-to-date: /home/msi/caato2_ws/install/rosserial_mbed/share/rosserial_mbed/src/ros_lib
[0.446s] -- Up-to-date: /home/msi/caato2_ws/install/rosserial_mbed/share/rosserial_mbed/src/ros_lib/BufferedSerial
[0.446s] -- Up-to-date: /home/msi/caato2_ws/install/rosserial_mbed/share/rosserial_mbed/src/ros_lib/BufferedSerial/BufferedSerial.cpp
[0.446s] -- Up-to-date: /home/msi/caato2_ws/install/rosserial_mbed/share/rosserial_mbed/src/ros_lib/BufferedSerial/BufferedSerial.h
[0.446s] -- Up-to-date: /home/msi/caato2_ws/install/rosserial_mbed/share/rosserial_mbed/src/ros_lib/BufferedSerial/Buffer
[0.446s] -- Up-to-date: /home/msi/caato2_ws/install/rosserial_mbed/share/rosserial_mbed/src/ros_lib/BufferedSerial/Buffer/Buffer.cpp
[0.446s] -- Up-to-date: /home/msi/caato2_ws/install/rosserial_mbed/share/rosserial_mbed/src/ros_lib/BufferedSerial/Buffer/Buffer.h
[0.446s] -- Up-to-date: /home/msi/caato2_ws/install/rosserial_mbed/share/rosserial_mbed/src/ros_lib/BufferedSerial/Buffer.lib
[0.447s] -- Up-to-date: /home/msi/caato2_ws/install/rosserial_mbed/share/rosserial_mbed/src/ros_lib/MbedHardware.h
[0.447s] -- Up-to-date: /home/msi/caato2_ws/install/rosserial_mbed/share/rosserial_mbed/src/ros_lib/ros.h
[0.447s] -- Up-to-date: /home/msi/caato2_ws/install/rosserial_mbed/share/rosserial_mbed/src/ros_lib/BufferedSerial.lib
[0.447s] -- Up-to-date: /home/msi/caato2_ws/install/rosserial_mbed/lib/rosserial_mbed/make_libraries.py
[0.472s] Invoked command in '/home/msi/caato2_ws/build/rosserial_mbed' returned '0': CMAKE_PREFIX_PATH=/home/msi/caato2_ws/install/rosserial_client:/home/msi/caato2_ws/install/rosserial_msgs:${CMAKE_PREFIX_PATH} PKG_CONFIG_PATH=/home/msi/caato2_ws/install/rosserial_client/lib/x86_64-linux-gnu/pkgconfig:/home/msi/caato2_ws/install/rosserial_client/lib/pkgconfig:/home/msi/caato2_ws/install/rosserial_msgs/lib/x86_64-linux-gnu/pkgconfig:/home/msi/caato2_ws/install/rosserial_msgs/lib/pkgconfig:${PKG_CONFIG_PATH} PYTHONPATH=/home/msi/caato2_ws/install/rosserial_client/lib/python3/dist-packages:/home/msi/caato2_ws/install/rosserial_msgs/lib/python3/dist-packages:${PYTHONPATH} ROS_PACKAGE_PATH=/home/msi/caato2_ws/install/rosserial_client/share:/home/msi/caato2_ws/install/rosserial_msgs/share:${ROS_PACKAGE_PATH} /usr/bin/cmake --install /home/msi/caato2_ws/build/rosserial_mbed
