[0.019s] Invoking command in '/home/msi/caato2_ws/build/caato2_navigation': CMAKE_PREFIX_PATH=/home/msi/caato2_ws/install/caato2_bringup:/home/msi/caato2_ws/install/roboteq_diff_driver:/home/msi/caato2_ws/install/roboteq_diff_msgs:/home/msi/caato2_ws/install/map_server:/home/msi/caato2_ws/install/ira_laser_tools:/home/msi/caato2_ws/install/caato2_description:${CMAKE_PREFIX_PATH} LD_LIBRARY_PATH=/home/msi/caato2_ws/install/map_server/lib:${LD_LIBRARY_PATH} PKG_CONFIG_PATH=/home/msi/caato2_ws/install/caato2_bringup/lib/x86_64-linux-gnu/pkgconfig:/home/msi/caato2_ws/install/caato2_bringup/lib/pkgconfig:/home/msi/caato2_ws/install/roboteq_diff_driver/lib/x86_64-linux-gnu/pkgconfig:/home/msi/caato2_ws/install/roboteq_diff_driver/lib/pkgconfig:/home/msi/caato2_ws/install/roboteq_diff_msgs/lib/x86_64-linux-gnu/pkgconfig:/home/msi/caato2_ws/install/roboteq_diff_msgs/lib/pkgconfig:/home/msi/caato2_ws/install/map_server/lib/x86_64-linux-gnu/pkgconfig:/home/msi/caato2_ws/install/map_server/lib/pkgconfig:/home/msi/caato2_ws/install/ira_laser_tools/lib/x86_64-linux-gnu/pkgconfig:/home/msi/caato2_ws/install/ira_laser_tools/lib/pkgconfig:/home/msi/caato2_ws/install/caato2_description/lib/x86_64-linux-gnu/pkgconfig:/home/msi/caato2_ws/install/caato2_description/lib/pkgconfig:${PKG_CONFIG_PATH} PYTHONPATH=/home/msi/caato2_ws/install/roboteq_diff_msgs/lib/python3/dist-packages:/home/msi/caato2_ws/install/ira_laser_tools/lib/python3/dist-packages:${PYTHONPATH} ROS_PACKAGE_PATH=/home/msi/caato2_ws/install/caato2_bringup/share:/home/msi/caato2_ws/install/roboteq_diff_driver/share:/home/msi/caato2_ws/install/roboteq_diff_msgs/share:/home/msi/caato2_ws/install/map_server/share:/home/msi/caato2_ws/install/ira_laser_tools/share:/home/msi/caato2_ws/install/caato2_description/share:${ROS_PACKAGE_PATH} /usr/bin/cmake /home/msi/caato2_ws/src/siot/caato2/caato2_navigation -DCATKIN_INSTALL_INTO_PREFIX_ROOT=0 -DCMAKE_INSTALL_PREFIX=/home/msi/caato2_ws/install/caato2_navigation
[0.059s] -- The C compiler identification is GNU 8.4.0
[0.103s] -- The CXX compiler identification is GNU 8.4.0
[0.107s] -- Check for working C compiler: /usr/bin/cc
[0.172s] -- Check for working C compiler: /usr/bin/cc -- works
[0.173s] -- Detecting C compiler ABI info
[0.226s] -- Detecting C compiler ABI info - done
[0.234s] -- Detecting C compile features
[0.234s] -- Detecting C compile features - done
[0.236s] -- Check for working CXX compiler: /usr/bin/c++
[0.302s] -- Check for working CXX compiler: /usr/bin/c++ -- works
[0.303s] -- Detecting CXX compiler ABI info
[0.362s] -- Detecting CXX compiler ABI info - done
[0.374s] -- Detecting CXX compile features
[0.374s] -- Detecting CXX compile features - done
[0.376s] -- Using CATKIN_DEVEL_PREFIX: /home/msi/caato2_ws/build/caato2_navigation/devel
[0.376s] -- Using CMAKE_PREFIX_PATH: /home/msi/caato2_ws/install/caato2_bringup;/home/msi/caato2_ws/install/roboteq_diff_driver;/home/msi/caato2_ws/install/roboteq_diff_msgs;/home/msi/caato2_ws/install/map_server;/home/msi/caato2_ws/install/ira_laser_tools;/home/msi/caato2_ws/install/caato2_description;/opt/ros/noetic
[0.376s] -- This workspace overlays: /home/msi/caato2_ws/install/caato2_bringup;/home/msi/caato2_ws/install/roboteq_diff_driver;/home/msi/caato2_ws/install/roboteq_diff_msgs;/home/msi/caato2_ws/install/map_server;/home/msi/caato2_ws/install/ira_laser_tools;/home/msi/caato2_ws/install/caato2_description;/opt/ros/noetic
[0.392s] -- Found PythonInterp: /usr/bin/python3 (found suitable version "3.8.10", minimum required is "3") 
[0.393s] -- Using PYTHON_EXECUTABLE: /usr/bin/python3
[0.393s] -- Using Debian Python package layout
[0.423s] -- Found PY_em: /usr/lib/python3/dist-packages/em.py  
[0.423s] -- Using empy: /usr/lib/python3/dist-packages/em.py
[0.540s] -- Using CATKIN_ENABLE_TESTING: ON
[0.541s] -- Call enable_testing()
[0.542s] -- Using CATKIN_TEST_RESULTS_DIR: /home/msi/caato2_ws/build/caato2_navigation/test_results
[0.761s] -- Forcing gtest/gmock from source, though one was otherwise available.
[0.761s] -- Found gtest sources under '/usr/src/googletest': gtests will be built
[0.761s] -- Found gmock sources under '/usr/src/googletest': gmock will be built
[0.783s] -- Found PythonInterp: /usr/bin/python3 (found version "3.8.10") 
[0.784s] -- Found Threads: TRUE  
[0.787s] -- Using Python nosetests: /usr/bin/nosetests3
[0.837s] -- catkin 0.8.10
[0.837s] -- BUILD_SHARED_LIBS is on
[1.180s] -- Configuring done
[1.188s] -- Generating done
[1.190s] -- Build files have been written to: /home/msi/caato2_ws/build/caato2_navigation
[1.197s] Invoked command in '/home/msi/caato2_ws/build/caato2_navigation' returned '0': CMAKE_PREFIX_PATH=/home/msi/caato2_ws/install/caato2_bringup:/home/msi/caato2_ws/install/roboteq_diff_driver:/home/msi/caato2_ws/install/roboteq_diff_msgs:/home/msi/caato2_ws/install/map_server:/home/msi/caato2_ws/install/ira_laser_tools:/home/msi/caato2_ws/install/caato2_description:${CMAKE_PREFIX_PATH} LD_LIBRARY_PATH=/home/msi/caato2_ws/install/map_server/lib:${LD_LIBRARY_PATH} PKG_CONFIG_PATH=/home/msi/caato2_ws/install/caato2_bringup/lib/x86_64-linux-gnu/pkgconfig:/home/msi/caato2_ws/install/caato2_bringup/lib/pkgconfig:/home/msi/caato2_ws/install/roboteq_diff_driver/lib/x86_64-linux-gnu/pkgconfig:/home/msi/caato2_ws/install/roboteq_diff_driver/lib/pkgconfig:/home/msi/caato2_ws/install/roboteq_diff_msgs/lib/x86_64-linux-gnu/pkgconfig:/home/msi/caato2_ws/install/roboteq_diff_msgs/lib/pkgconfig:/home/msi/caato2_ws/install/map_server/lib/x86_64-linux-gnu/pkgconfig:/home/msi/caato2_ws/install/map_server/lib/pkgconfig:/home/msi/caato2_ws/install/ira_laser_tools/lib/x86_64-linux-gnu/pkgconfig:/home/msi/caato2_ws/install/ira_laser_tools/lib/pkgconfig:/home/msi/caato2_ws/install/caato2_description/lib/x86_64-linux-gnu/pkgconfig:/home/msi/caato2_ws/install/caato2_description/lib/pkgconfig:${PKG_CONFIG_PATH} PYTHONPATH=/home/msi/caato2_ws/install/roboteq_diff_msgs/lib/python3/dist-packages:/home/msi/caato2_ws/install/ira_laser_tools/lib/python3/dist-packages:${PYTHONPATH} ROS_PACKAGE_PATH=/home/msi/caato2_ws/install/caato2_bringup/share:/home/msi/caato2_ws/install/roboteq_diff_driver/share:/home/msi/caato2_ws/install/roboteq_diff_msgs/share:/home/msi/caato2_ws/install/map_server/share:/home/msi/caato2_ws/install/ira_laser_tools/share:/home/msi/caato2_ws/install/caato2_description/share:${ROS_PACKAGE_PATH} /usr/bin/cmake /home/msi/caato2_ws/src/siot/caato2/caato2_navigation -DCATKIN_INSTALL_INTO_PREFIX_ROOT=0 -DCMAKE_INSTALL_PREFIX=/home/msi/caato2_ws/install/caato2_navigation
[1.200s] Invoking command in '/home/msi/caato2_ws/build/caato2_navigation': CMAKE_PREFIX_PATH=/home/msi/caato2_ws/install/caato2_bringup:/home/msi/caato2_ws/install/roboteq_diff_driver:/home/msi/caato2_ws/install/roboteq_diff_msgs:/home/msi/caato2_ws/install/map_server:/home/msi/caato2_ws/install/ira_laser_tools:/home/msi/caato2_ws/install/caato2_description:${CMAKE_PREFIX_PATH} LD_LIBRARY_PATH=/home/msi/caato2_ws/install/map_server/lib:${LD_LIBRARY_PATH} PKG_CONFIG_PATH=/home/msi/caato2_ws/install/caato2_bringup/lib/x86_64-linux-gnu/pkgconfig:/home/msi/caato2_ws/install/caato2_bringup/lib/pkgconfig:/home/msi/caato2_ws/install/roboteq_diff_driver/lib/x86_64-linux-gnu/pkgconfig:/home/msi/caato2_ws/install/roboteq_diff_driver/lib/pkgconfig:/home/msi/caato2_ws/install/roboteq_diff_msgs/lib/x86_64-linux-gnu/pkgconfig:/home/msi/caato2_ws/install/roboteq_diff_msgs/lib/pkgconfig:/home/msi/caato2_ws/install/map_server/lib/x86_64-linux-gnu/pkgconfig:/home/msi/caato2_ws/install/map_server/lib/pkgconfig:/home/msi/caato2_ws/install/ira_laser_tools/lib/x86_64-linux-gnu/pkgconfig:/home/msi/caato2_ws/install/ira_laser_tools/lib/pkgconfig:/home/msi/caato2_ws/install/caato2_description/lib/x86_64-linux-gnu/pkgconfig:/home/msi/caato2_ws/install/caato2_description/lib/pkgconfig:${PKG_CONFIG_PATH} PYTHONPATH=/home/msi/caato2_ws/install/roboteq_diff_msgs/lib/python3/dist-packages:/home/msi/caato2_ws/install/ira_laser_tools/lib/python3/dist-packages:${PYTHONPATH} ROS_PACKAGE_PATH=/home/msi/caato2_ws/install/caato2_bringup/share:/home/msi/caato2_ws/install/roboteq_diff_driver/share:/home/msi/caato2_ws/install/roboteq_diff_msgs/share:/home/msi/caato2_ws/install/map_server/share:/home/msi/caato2_ws/install/ira_laser_tools/share:/home/msi/caato2_ws/install/caato2_description/share:${ROS_PACKAGE_PATH} /usr/bin/cmake --build /home/msi/caato2_ws/build/caato2_navigation -- -j20 -l20
[1.229s] Invoked command in '/home/msi/caato2_ws/build/caato2_navigation' returned '0': CMAKE_PREFIX_PATH=/home/msi/caato2_ws/install/caato2_bringup:/home/msi/caato2_ws/install/roboteq_diff_driver:/home/msi/caato2_ws/install/roboteq_diff_msgs:/home/msi/caato2_ws/install/map_server:/home/msi/caato2_ws/install/ira_laser_tools:/home/msi/caato2_ws/install/caato2_description:${CMAKE_PREFIX_PATH} LD_LIBRARY_PATH=/home/msi/caato2_ws/install/map_server/lib:${LD_LIBRARY_PATH} PKG_CONFIG_PATH=/home/msi/caato2_ws/install/caato2_bringup/lib/x86_64-linux-gnu/pkgconfig:/home/msi/caato2_ws/install/caato2_bringup/lib/pkgconfig:/home/msi/caato2_ws/install/roboteq_diff_driver/lib/x86_64-linux-gnu/pkgconfig:/home/msi/caato2_ws/install/roboteq_diff_driver/lib/pkgconfig:/home/msi/caato2_ws/install/roboteq_diff_msgs/lib/x86_64-linux-gnu/pkgconfig:/home/msi/caato2_ws/install/roboteq_diff_msgs/lib/pkgconfig:/home/msi/caato2_ws/install/map_server/lib/x86_64-linux-gnu/pkgconfig:/home/msi/caato2_ws/install/map_server/lib/pkgconfig:/home/msi/caato2_ws/install/ira_laser_tools/lib/x86_64-linux-gnu/pkgconfig:/home/msi/caato2_ws/install/ira_laser_tools/lib/pkgconfig:/home/msi/caato2_ws/install/caato2_description/lib/x86_64-linux-gnu/pkgconfig:/home/msi/caato2_ws/install/caato2_description/lib/pkgconfig:${PKG_CONFIG_PATH} PYTHONPATH=/home/msi/caato2_ws/install/roboteq_diff_msgs/lib/python3/dist-packages:/home/msi/caato2_ws/install/ira_laser_tools/lib/python3/dist-packages:${PYTHONPATH} ROS_PACKAGE_PATH=/home/msi/caato2_ws/install/caato2_bringup/share:/home/msi/caato2_ws/install/roboteq_diff_driver/share:/home/msi/caato2_ws/install/roboteq_diff_msgs/share:/home/msi/caato2_ws/install/map_server/share:/home/msi/caato2_ws/install/ira_laser_tools/share:/home/msi/caato2_ws/install/caato2_description/share:${ROS_PACKAGE_PATH} /usr/bin/cmake --build /home/msi/caato2_ws/build/caato2_navigation -- -j20 -l20
[1.252s] Invoking command in '/home/msi/caato2_ws/build/caato2_navigation': CMAKE_PREFIX_PATH=/home/msi/caato2_ws/install/caato2_bringup:/home/msi/caato2_ws/install/roboteq_diff_driver:/home/msi/caato2_ws/install/roboteq_diff_msgs:/home/msi/caato2_ws/install/map_server:/home/msi/caato2_ws/install/ira_laser_tools:/home/msi/caato2_ws/install/caato2_description:${CMAKE_PREFIX_PATH} LD_LIBRARY_PATH=/home/msi/caato2_ws/install/map_server/lib:${LD_LIBRARY_PATH} PKG_CONFIG_PATH=/home/msi/caato2_ws/install/caato2_bringup/lib/x86_64-linux-gnu/pkgconfig:/home/msi/caato2_ws/install/caato2_bringup/lib/pkgconfig:/home/msi/caato2_ws/install/roboteq_diff_driver/lib/x86_64-linux-gnu/pkgconfig:/home/msi/caato2_ws/install/roboteq_diff_driver/lib/pkgconfig:/home/msi/caato2_ws/install/roboteq_diff_msgs/lib/x86_64-linux-gnu/pkgconfig:/home/msi/caato2_ws/install/roboteq_diff_msgs/lib/pkgconfig:/home/msi/caato2_ws/install/map_server/lib/x86_64-linux-gnu/pkgconfig:/home/msi/caato2_ws/install/map_server/lib/pkgconfig:/home/msi/caato2_ws/install/ira_laser_tools/lib/x86_64-linux-gnu/pkgconfig:/home/msi/caato2_ws/install/ira_laser_tools/lib/pkgconfig:/home/msi/caato2_ws/install/caato2_description/lib/x86_64-linux-gnu/pkgconfig:/home/msi/caato2_ws/install/caato2_description/lib/pkgconfig:${PKG_CONFIG_PATH} PYTHONPATH=/home/msi/caato2_ws/install/roboteq_diff_msgs/lib/python3/dist-packages:/home/msi/caato2_ws/install/ira_laser_tools/lib/python3/dist-packages:${PYTHONPATH} ROS_PACKAGE_PATH=/home/msi/caato2_ws/install/caato2_bringup/share:/home/msi/caato2_ws/install/roboteq_diff_driver/share:/home/msi/caato2_ws/install/roboteq_diff_msgs/share:/home/msi/caato2_ws/install/map_server/share:/home/msi/caato2_ws/install/ira_laser_tools/share:/home/msi/caato2_ws/install/caato2_description/share:${ROS_PACKAGE_PATH} /usr/bin/cmake --build /home/msi/caato2_ws/build/caato2_navigation --target tests -- -j20 -l20
[1.294s] [35m[1mScanning dependencies of target tests[0m
[1.303s] Built target tests
[1.309s] Invoked command in '/home/msi/caato2_ws/build/caato2_navigation' returned '0': CMAKE_PREFIX_PATH=/home/msi/caato2_ws/install/caato2_bringup:/home/msi/caato2_ws/install/roboteq_diff_driver:/home/msi/caato2_ws/install/roboteq_diff_msgs:/home/msi/caato2_ws/install/map_server:/home/msi/caato2_ws/install/ira_laser_tools:/home/msi/caato2_ws/install/caato2_description:${CMAKE_PREFIX_PATH} LD_LIBRARY_PATH=/home/msi/caato2_ws/install/map_server/lib:${LD_LIBRARY_PATH} PKG_CONFIG_PATH=/home/msi/caato2_ws/install/caato2_bringup/lib/x86_64-linux-gnu/pkgconfig:/home/msi/caato2_ws/install/caato2_bringup/lib/pkgconfig:/home/msi/caato2_ws/install/roboteq_diff_driver/lib/x86_64-linux-gnu/pkgconfig:/home/msi/caato2_ws/install/roboteq_diff_driver/lib/pkgconfig:/home/msi/caato2_ws/install/roboteq_diff_msgs/lib/x86_64-linux-gnu/pkgconfig:/home/msi/caato2_ws/install/roboteq_diff_msgs/lib/pkgconfig:/home/msi/caato2_ws/install/map_server/lib/x86_64-linux-gnu/pkgconfig:/home/msi/caato2_ws/install/map_server/lib/pkgconfig:/home/msi/caato2_ws/install/ira_laser_tools/lib/x86_64-linux-gnu/pkgconfig:/home/msi/caato2_ws/install/ira_laser_tools/lib/pkgconfig:/home/msi/caato2_ws/install/caato2_description/lib/x86_64-linux-gnu/pkgconfig:/home/msi/caato2_ws/install/caato2_description/lib/pkgconfig:${PKG_CONFIG_PATH} PYTHONPATH=/home/msi/caato2_ws/install/roboteq_diff_msgs/lib/python3/dist-packages:/home/msi/caato2_ws/install/ira_laser_tools/lib/python3/dist-packages:${PYTHONPATH} ROS_PACKAGE_PATH=/home/msi/caato2_ws/install/caato2_bringup/share:/home/msi/caato2_ws/install/roboteq_diff_driver/share:/home/msi/caato2_ws/install/roboteq_diff_msgs/share:/home/msi/caato2_ws/install/map_server/share:/home/msi/caato2_ws/install/ira_laser_tools/share:/home/msi/caato2_ws/install/caato2_description/share:${ROS_PACKAGE_PATH} /usr/bin/cmake --build /home/msi/caato2_ws/build/caato2_navigation --target tests -- -j20 -l20
[1.335s] Invoking command in '/home/msi/caato2_ws/build/caato2_navigation': CMAKE_PREFIX_PATH=/home/msi/caato2_ws/install/caato2_bringup:/home/msi/caato2_ws/install/roboteq_diff_driver:/home/msi/caato2_ws/install/roboteq_diff_msgs:/home/msi/caato2_ws/install/map_server:/home/msi/caato2_ws/install/ira_laser_tools:/home/msi/caato2_ws/install/caato2_description:${CMAKE_PREFIX_PATH} LD_LIBRARY_PATH=/home/msi/caato2_ws/install/map_server/lib:${LD_LIBRARY_PATH} PKG_CONFIG_PATH=/home/msi/caato2_ws/install/caato2_bringup/lib/x86_64-linux-gnu/pkgconfig:/home/msi/caato2_ws/install/caato2_bringup/lib/pkgconfig:/home/msi/caato2_ws/install/roboteq_diff_driver/lib/x86_64-linux-gnu/pkgconfig:/home/msi/caato2_ws/install/roboteq_diff_driver/lib/pkgconfig:/home/msi/caato2_ws/install/roboteq_diff_msgs/lib/x86_64-linux-gnu/pkgconfig:/home/msi/caato2_ws/install/roboteq_diff_msgs/lib/pkgconfig:/home/msi/caato2_ws/install/map_server/lib/x86_64-linux-gnu/pkgconfig:/home/msi/caato2_ws/install/map_server/lib/pkgconfig:/home/msi/caato2_ws/install/ira_laser_tools/lib/x86_64-linux-gnu/pkgconfig:/home/msi/caato2_ws/install/ira_laser_tools/lib/pkgconfig:/home/msi/caato2_ws/install/caato2_description/lib/x86_64-linux-gnu/pkgconfig:/home/msi/caato2_ws/install/caato2_description/lib/pkgconfig:${PKG_CONFIG_PATH} PYTHONPATH=/home/msi/caato2_ws/install/roboteq_diff_msgs/lib/python3/dist-packages:/home/msi/caato2_ws/install/ira_laser_tools/lib/python3/dist-packages:${PYTHONPATH} ROS_PACKAGE_PATH=/home/msi/caato2_ws/install/caato2_bringup/share:/home/msi/caato2_ws/install/roboteq_diff_driver/share:/home/msi/caato2_ws/install/roboteq_diff_msgs/share:/home/msi/caato2_ws/install/map_server/share:/home/msi/caato2_ws/install/ira_laser_tools/share:/home/msi/caato2_ws/install/caato2_description/share:${ROS_PACKAGE_PATH} /usr/bin/cmake --install /home/msi/caato2_ws/build/caato2_navigation
[1.341s] -- Install configuration: ""
[1.341s] -- Installing: /home/msi/caato2_ws/install/caato2_navigation/lib/pkgconfig/caato2_navigation.pc
[1.342s] -- Installing: /home/msi/caato2_ws/install/caato2_navigation/share/caato2_navigation/cmake/caato2_navigationConfig.cmake
[1.342s] -- Installing: /home/msi/caato2_ws/install/caato2_navigation/share/caato2_navigation/cmake/caato2_navigationConfig-version.cmake
[1.342s] -- Installing: /home/msi/caato2_ws/install/caato2_navigation/share/caato2_navigation/package.xml
[1.342s] -- Installing: /home/msi/caato2_ws/install/caato2_navigation/share/caato2_navigation/launch
[1.342s] -- Installing: /home/msi/caato2_ws/install/caato2_navigation/share/caato2_navigation/launch/caato2_cartographer_2d.launch
[1.342s] -- Installing: /home/msi/caato2_ws/install/caato2_navigation/share/caato2_navigation/launch/caato2_docking.launch
[1.342s] -- Installing: /home/msi/caato2_ws/install/caato2_navigation/share/caato2_navigation/launch/move_base
[1.342s] -- Installing: /home/msi/caato2_ws/install/caato2_navigation/share/caato2_navigation/launch/move_base/move_base_eband.launch
[1.342s] -- Installing: /home/msi/caato2_ws/install/caato2_navigation/share/caato2_navigation/launch/move_base/amcl.launch
[1.343s] -- Installing: /home/msi/caato2_ws/install/caato2_navigation/share/caato2_navigation/launch/move_base/move_base_dwa.launch
[1.343s] -- Installing: /home/msi/caato2_ws/install/caato2_navigation/share/caato2_navigation/launch/move_base/move_base_teb.launch
[1.343s] -- Installing: /home/msi/caato2_ws/install/caato2_navigation/share/caato2_navigation/maps
[1.343s] -- Installing: /home/msi/caato2_ws/install/caato2_navigation/share/caato2_navigation/maps/130622_L9.pgm
[1.343s] -- Installing: /home/msi/caato2_ws/install/caato2_navigation/share/caato2_navigation/maps/070622_L9.yaml
[1.343s] -- Installing: /home/msi/caato2_ws/install/caato2_navigation/share/caato2_navigation/maps/130622_L9.yaml
[1.343s] -- Installing: /home/msi/caato2_ws/install/caato2_navigation/share/caato2_navigation/maps/070622_L9.pgm
[1.343s] -- Installing: /home/msi/caato2_ws/install/caato2_navigation/share/caato2_navigation/maps/trl_l2_caato2.pgm
[1.344s] -- Installing: /home/msi/caato2_ws/install/caato2_navigation/share/caato2_navigation/maps/mbc_L10.pgm
[1.345s] -- Installing: /home/msi/caato2_ws/install/caato2_navigation/share/caato2_navigation/maps/mbc_L10.yaml
[1.345s] -- Installing: /home/msi/caato2_ws/install/caato2_navigation/share/caato2_navigation/maps/trl_l2_caato2.yaml
[1.346s] -- Installing: /home/msi/caato2_ws/install/caato2_navigation/share/caato2_navigation/param
[1.346s] -- Installing: /home/msi/caato2_ws/install/caato2_navigation/share/caato2_navigation/param/dwa_local_planner_params.yaml
[1.346s] -- Installing: /home/msi/caato2_ws/install/caato2_navigation/share/caato2_navigation/param/eband_local_planner_params.yaml
[1.346s] -- Installing: /home/msi/caato2_ws/install/caato2_navigation/share/caato2_navigation/param/teb_local_planner_params.yaml
[1.347s] -- Installing: /home/msi/caato2_ws/install/caato2_navigation/share/caato2_navigation/param/tb3_default
[1.347s] -- Installing: /home/msi/caato2_ws/install/caato2_navigation/share/caato2_navigation/param/tb3_default/local_costmap_params.yaml
[1.347s] -- Installing: /home/msi/caato2_ws/install/caato2_navigation/share/caato2_navigation/param/tb3_default/global_costmap_params.yaml
[1.347s] -- Installing: /home/msi/caato2_ws/install/caato2_navigation/share/caato2_navigation/param/tb3_default/base_local_planner_params.yaml
[1.347s] -- Installing: /home/msi/caato2_ws/install/caato2_navigation/share/caato2_navigation/param/tb3_default/move_base_params.yaml
[1.348s] -- Installing: /home/msi/caato2_ws/install/caato2_navigation/share/caato2_navigation/param/tb3_default/costmap_common_params_waffle.yaml
[1.348s] -- Installing: /home/msi/caato2_ws/install/caato2_navigation/share/caato2_navigation/param/caato1
[1.351s] -- Installing: /home/msi/caato2_ws/install/caato2_navigation/share/caato2_navigation/param/caato1/dwa_local_planner_params.yaml
[1.351s] -- Installing: /home/msi/caato2_ws/install/caato2_navigation/share/caato2_navigation/param/caato1/ekf_caato.yaml
[1.352s] -- Installing: /home/msi/caato2_ws/install/caato2_navigation/share/caato2_navigation/param/caato1/eband_local_planner_params.yaml
[1.352s] -- Installing: /home/msi/caato2_ws/install/caato2_navigation/share/caato2_navigation/param/caato1/global_planner_params.yaml
[1.353s] -- Installing: /home/msi/caato2_ws/install/caato2_navigation/share/caato2_navigation/param/caato1/costmap_common_params.yaml
[1.353s] -- Installing: /home/msi/caato2_ws/install/caato2_navigation/share/caato2_navigation/param/caato1/local_costmap_params.yaml
[1.353s] -- Installing: /home/msi/caato2_ws/install/caato2_navigation/share/caato2_navigation/param/caato1/global_costmap_params.yaml
[1.353s] -- Installing: /home/msi/caato2_ws/install/caato2_navigation/share/caato2_navigation/param/caato1/move_base_params.yaml
[1.353s] -- Installing: /home/msi/caato2_ws/install/caato2_navigation/share/caato2_navigation/param/caato1/teb_local_planner_params.yaml
[1.353s] -- Installing: /home/msi/caato2_ws/install/caato2_navigation/share/caato2_navigation/rviz
[1.354s] -- Installing: /home/msi/caato2_ws/install/caato2_navigation/share/caato2_navigation/rviz/caato2_navigation.rviz
[1.354s] -- Installing: /home/msi/caato2_ws/install/caato2_navigation/share/caato2_navigation/rviz/atc.rviz
[1.355s] Invoked command in '/home/msi/caato2_ws/build/caato2_navigation' returned '0': CMAKE_PREFIX_PATH=/home/msi/caato2_ws/install/caato2_bringup:/home/msi/caato2_ws/install/roboteq_diff_driver:/home/msi/caato2_ws/install/roboteq_diff_msgs:/home/msi/caato2_ws/install/map_server:/home/msi/caato2_ws/install/ira_laser_tools:/home/msi/caato2_ws/install/caato2_description:${CMAKE_PREFIX_PATH} LD_LIBRARY_PATH=/home/msi/caato2_ws/install/map_server/lib:${LD_LIBRARY_PATH} PKG_CONFIG_PATH=/home/msi/caato2_ws/install/caato2_bringup/lib/x86_64-linux-gnu/pkgconfig:/home/msi/caato2_ws/install/caato2_bringup/lib/pkgconfig:/home/msi/caato2_ws/install/roboteq_diff_driver/lib/x86_64-linux-gnu/pkgconfig:/home/msi/caato2_ws/install/roboteq_diff_driver/lib/pkgconfig:/home/msi/caato2_ws/install/roboteq_diff_msgs/lib/x86_64-linux-gnu/pkgconfig:/home/msi/caato2_ws/install/roboteq_diff_msgs/lib/pkgconfig:/home/msi/caato2_ws/install/map_server/lib/x86_64-linux-gnu/pkgconfig:/home/msi/caato2_ws/install/map_server/lib/pkgconfig:/home/msi/caato2_ws/install/ira_laser_tools/lib/x86_64-linux-gnu/pkgconfig:/home/msi/caato2_ws/install/ira_laser_tools/lib/pkgconfig:/home/msi/caato2_ws/install/caato2_description/lib/x86_64-linux-gnu/pkgconfig:/home/msi/caato2_ws/install/caato2_description/lib/pkgconfig:${PKG_CONFIG_PATH} PYTHONPATH=/home/msi/caato2_ws/install/roboteq_diff_msgs/lib/python3/dist-packages:/home/msi/caato2_ws/install/ira_laser_tools/lib/python3/dist-packages:${PYTHONPATH} ROS_PACKAGE_PATH=/home/msi/caato2_ws/install/caato2_bringup/share:/home/msi/caato2_ws/install/roboteq_diff_driver/share:/home/msi/caato2_ws/install/roboteq_diff_msgs/share:/home/msi/caato2_ws/install/map_server/share:/home/msi/caato2_ws/install/ira_laser_tools/share:/home/msi/caato2_ws/install/caato2_description/share:${ROS_PACKAGE_PATH} /usr/bin/cmake --install /home/msi/caato2_ws/build/caato2_navigation
