[0.163s] Invoking command in '/home/msi/caato2_ws/build/eband_local_planner': /usr/bin/cmake --build /home/msi/caato2_ws/build/eband_local_planner -- -j20 -l20
[0.248s] [ 14%] Built target eband_local_planner_gencfg
[0.299s] [100%] Built target eband_local_planner
[0.380s] Invoked command in '/home/msi/caato2_ws/build/eband_local_planner' returned '0': /usr/bin/cmake --build /home/msi/caato2_ws/build/eband_local_planner -- -j20 -l20
[0.490s] Invoking command in '/home/msi/caato2_ws/build/eband_local_planner': /usr/bin/cmake --build /home/msi/caato2_ws/build/eband_local_planner --target tests -- -j20 -l20
[0.521s] Built target tests
[0.570s] Invoked command in '/home/msi/caato2_ws/build/eband_local_planner' returned '0': /usr/bin/cmake --build /home/msi/caato2_ws/build/eband_local_planner --target tests -- -j20 -l20
[0.706s] Invoking command in '/home/msi/caato2_ws/build/eband_local_planner': /usr/bin/cmake --install /home/msi/caato2_ws/build/eband_local_planner
[0.734s] -- Install configuration: ""
[0.734s] -- Up-to-date: /home/msi/caato2_ws/install/eband_local_planner/include/eband_local_planner/EBandPlannerConfig.h
[0.734s] -- Up-to-date: /home/msi/caato2_ws/install/eband_local_planner/lib/python3/dist-packages/eband_local_planner/__init__.py
[0.735s] Listing '/home/msi/caato2_ws/build/eband_local_planner/devel/lib/python3/dist-packages/eband_local_planner/cfg'...
[0.735s] -- Up-to-date: /home/msi/caato2_ws/install/eband_local_planner/lib/python3/dist-packages/eband_local_planner/cfg
[0.735s] -- Up-to-date: /home/msi/caato2_ws/install/eband_local_planner/lib/python3/dist-packages/eband_local_planner/cfg/EBandPlannerConfig.py
[0.735s] -- Up-to-date: /home/msi/caato2_ws/install/eband_local_planner/lib/python3/dist-packages/eband_local_planner/cfg/__init__.py
[0.735s] -- Up-to-date: /home/msi/caato2_ws/install/eband_local_planner/lib/python3/dist-packages/eband_local_planner/cfg/__pycache__
[0.735s] -- Up-to-date: /home/msi/caato2_ws/install/eband_local_planner/lib/python3/dist-packages/eband_local_planner/cfg/__pycache__/EBandPlannerConfig.cpython-38.pyc
[0.735s] -- Up-to-date: /home/msi/caato2_ws/install/eband_local_planner/lib/python3/dist-packages/eband_local_planner/cfg/__pycache__/__init__.cpython-38.pyc
[0.735s] -- Up-to-date: /home/msi/caato2_ws/install/eband_local_planner/lib/pkgconfig/eband_local_planner.pc
[0.735s] -- Up-to-date: /home/msi/caato2_ws/install/eband_local_planner/share/eband_local_planner/cmake/eband_local_plannerConfig.cmake
[0.735s] -- Up-to-date: /home/msi/caato2_ws/install/eband_local_planner/share/eband_local_planner/cmake/eband_local_plannerConfig-version.cmake
[0.735s] -- Up-to-date: /home/msi/caato2_ws/install/eband_local_planner/share/eband_local_planner/package.xml
[0.735s] -- Up-to-date: /home/msi/caato2_ws/install/eband_local_planner/include/eband_local_planner
[0.736s] -- Up-to-date: /home/msi/caato2_ws/install/eband_local_planner/include/eband_local_planner/eband_local_planner_ros.h
[0.736s] -- Up-to-date: /home/msi/caato2_ws/install/eband_local_planner/include/eband_local_planner/conversions_and_types.h
[0.736s] -- Up-to-date: /home/msi/caato2_ws/install/eband_local_planner/include/eband_local_planner/eband_local_planner.h
[0.736s] -- Up-to-date: /home/msi/caato2_ws/install/eband_local_planner/include/eband_local_planner/eband_trajectory_controller.h
[0.736s] -- Up-to-date: /home/msi/caato2_ws/install/eband_local_planner/include/eband_local_planner/eband_visualization.h
[0.736s] -- Up-to-date: /home/msi/caato2_ws/install/eband_local_planner/lib/libeband_local_planner.so
[0.736s] -- Up-to-date: /home/msi/caato2_ws/install/eband_local_planner/share/eband_local_planner/elp_plugin.xml
[0.828s] Invoked command in '/home/msi/caato2_ws/build/eband_local_planner' returned '0': /usr/bin/cmake --install /home/msi/caato2_ws/build/eband_local_planner
