[0.136s] Invoking command in '/home/msi/caato2_ws/build/rosserial_mbed': CMAKE_PREFIX_PATH=/home/msi/caato2_ws/install/rosserial_client:/home/msi/caato2_ws/install/rosserial_msgs:${CMAKE_PREFIX_PATH} PKG_CONFIG_PATH=/home/msi/caato2_ws/install/rosserial_client/lib/x86_64-linux-gnu/pkgconfig:/home/msi/caato2_ws/install/rosserial_client/lib/pkgconfig:/home/msi/caato2_ws/install/rosserial_msgs/lib/x86_64-linux-gnu/pkgconfig:/home/msi/caato2_ws/install/rosserial_msgs/lib/pkgconfig:${PKG_CONFIG_PATH} PYTHONPATH=/home/msi/caato2_ws/install/rosserial_client/lib/python3/dist-packages:/home/msi/caato2_ws/install/rosserial_msgs/lib/python3/dist-packages:${PYTHONPATH} ROS_PACKAGE_PATH=/home/msi/caato2_ws/install/rosserial_client/share:/home/msi/caato2_ws/install/rosserial_msgs/share:${ROS_PACKAGE_PATH} /usr/bin/cmake --build /home/msi/caato2_ws/build/rosserial_mbed -- -j20 -l20
[0.169s] [  0%] Built target _rosserial_mbed_generate_messages_check_deps_Test
[0.174s] [  0%] Built target _rosserial_mbed_generate_messages_check_deps_Adc
[0.192s] [ 15%] Built target rosserial_mbed_generate_messages_lisp
[0.192s] [ 61%] Built target rosserial_mbed_generate_messages_cpp
[0.192s] [ 61%] Built target rosserial_mbed_generate_messages_nodejs
[0.193s] [ 92%] Built target rosserial_mbed_generate_messages_py
[0.193s] [100%] Built target rosserial_mbed_generate_messages_eus
[0.205s] [100%] Built target rosserial_mbed_generate_messages
[0.271s] Invoked command in '/home/msi/caato2_ws/build/rosserial_mbed' returned '0': CMAKE_PREFIX_PATH=/home/msi/caato2_ws/install/rosserial_client:/home/msi/caato2_ws/install/rosserial_msgs:${CMAKE_PREFIX_PATH} PKG_CONFIG_PATH=/home/msi/caato2_ws/install/rosserial_client/lib/x86_64-linux-gnu/pkgconfig:/home/msi/caato2_ws/install/rosserial_client/lib/pkgconfig:/home/msi/caato2_ws/install/rosserial_msgs/lib/x86_64-linux-gnu/pkgconfig:/home/msi/caato2_ws/install/rosserial_msgs/lib/pkgconfig:${PKG_CONFIG_PATH} PYTHONPATH=/home/msi/caato2_ws/install/rosserial_client/lib/python3/dist-packages:/home/msi/caato2_ws/install/rosserial_msgs/lib/python3/dist-packages:${PYTHONPATH} ROS_PACKAGE_PATH=/home/msi/caato2_ws/install/rosserial_client/share:/home/msi/caato2_ws/install/rosserial_msgs/share:${ROS_PACKAGE_PATH} /usr/bin/cmake --build /home/msi/caato2_ws/build/rosserial_mbed -- -j20 -l20
[0.350s] Invoking command in '/home/msi/caato2_ws/build/rosserial_mbed': CMAKE_PREFIX_PATH=/home/msi/caato2_ws/install/rosserial_client:/home/msi/caato2_ws/install/rosserial_msgs:${CMAKE_PREFIX_PATH} PKG_CONFIG_PATH=/home/msi/caato2_ws/install/rosserial_client/lib/x86_64-linux-gnu/pkgconfig:/home/msi/caato2_ws/install/rosserial_client/lib/pkgconfig:/home/msi/caato2_ws/install/rosserial_msgs/lib/x86_64-linux-gnu/pkgconfig:/home/msi/caato2_ws/install/rosserial_msgs/lib/pkgconfig:${PKG_CONFIG_PATH} PYTHONPATH=/home/msi/caato2_ws/install/rosserial_client/lib/python3/dist-packages:/home/msi/caato2_ws/install/rosserial_msgs/lib/python3/dist-packages:${PYTHONPATH} ROS_PACKAGE_PATH=/home/msi/caato2_ws/install/rosserial_client/share:/home/msi/caato2_ws/install/rosserial_msgs/share:${ROS_PACKAGE_PATH} /usr/bin/cmake --build /home/msi/caato2_ws/build/rosserial_mbed --target tests -- -j20 -l20
[0.401s] Built target tests
[0.460s] Invoked command in '/home/msi/caato2_ws/build/rosserial_mbed' returned '0': CMAKE_PREFIX_PATH=/home/msi/caato2_ws/install/rosserial_client:/home/msi/caato2_ws/install/rosserial_msgs:${CMAKE_PREFIX_PATH} PKG_CONFIG_PATH=/home/msi/caato2_ws/install/rosserial_client/lib/x86_64-linux-gnu/pkgconfig:/home/msi/caato2_ws/install/rosserial_client/lib/pkgconfig:/home/msi/caato2_ws/install/rosserial_msgs/lib/x86_64-linux-gnu/pkgconfig:/home/msi/caato2_ws/install/rosserial_msgs/lib/pkgconfig:${PKG_CONFIG_PATH} PYTHONPATH=/home/msi/caato2_ws/install/rosserial_client/lib/python3/dist-packages:/home/msi/caato2_ws/install/rosserial_msgs/lib/python3/dist-packages:${PYTHONPATH} ROS_PACKAGE_PATH=/home/msi/caato2_ws/install/rosserial_client/share:/home/msi/caato2_ws/install/rosserial_msgs/share:${ROS_PACKAGE_PATH} /usr/bin/cmake --build /home/msi/caato2_ws/build/rosserial_mbed --target tests -- -j20 -l20
[0.534s] Invoking command in '/home/msi/caato2_ws/build/rosserial_mbed': CMAKE_PREFIX_PATH=/home/msi/caato2_ws/install/rosserial_client:/home/msi/caato2_ws/install/rosserial_msgs:${CMAKE_PREFIX_PATH} PKG_CONFIG_PATH=/home/msi/caato2_ws/install/rosserial_client/lib/x86_64-linux-gnu/pkgconfig:/home/msi/caato2_ws/install/rosserial_client/lib/pkgconfig:/home/msi/caato2_ws/install/rosserial_msgs/lib/x86_64-linux-gnu/pkgconfig:/home/msi/caato2_ws/install/rosserial_msgs/lib/pkgconfig:${PKG_CONFIG_PATH} PYTHONPATH=/home/msi/caato2_ws/install/rosserial_client/lib/python3/dist-packages:/home/msi/caato2_ws/install/rosserial_msgs/lib/python3/dist-packages:${PYTHONPATH} ROS_PACKAGE_PATH=/home/msi/caato2_ws/install/rosserial_client/share:/home/msi/caato2_ws/install/rosserial_msgs/share:${ROS_PACKAGE_PATH} /usr/bin/cmake --install /home/msi/caato2_ws/build/rosserial_mbed
[0.554s] -- Install configuration: ""
[0.555s] -- Up-to-date: /home/msi/caato2_ws/install/rosserial_mbed/share/rosserial_mbed/msg/Adc.msg
[0.555s] -- Up-to-date: /home/msi/caato2_ws/install/rosserial_mbed/share/rosserial_mbed/srv/Test.srv
[0.555s] -- Up-to-date: /home/msi/caato2_ws/install/rosserial_mbed/share/rosserial_mbed/cmake/rosserial_mbed-msg-paths.cmake
[0.556s] -- Up-to-date: /home/msi/caato2_ws/install/rosserial_mbed/include/rosserial_mbed
[0.556s] -- Up-to-date: /home/msi/caato2_ws/install/rosserial_mbed/include/rosserial_mbed/TestResponse.h
[0.556s] -- Up-to-date: /home/msi/caato2_ws/install/rosserial_mbed/include/rosserial_mbed/Adc.h
[0.556s] -- Up-to-date: /home/msi/caato2_ws/install/rosserial_mbed/include/rosserial_mbed/TestRequest.h
[0.556s] -- Up-to-date: /home/msi/caato2_ws/install/rosserial_mbed/include/rosserial_mbed/Test.h
[0.557s] -- Up-to-date: /home/msi/caato2_ws/install/rosserial_mbed/share/roseus/ros/rosserial_mbed
[0.557s] -- Up-to-date: /home/msi/caato2_ws/install/rosserial_mbed/share/roseus/ros/rosserial_mbed/msg
[0.558s] -- Up-to-date: /home/msi/caato2_ws/install/rosserial_mbed/share/roseus/ros/rosserial_mbed/msg/Adc.l
[0.559s] -- Up-to-date: /home/msi/caato2_ws/install/rosserial_mbed/share/roseus/ros/rosserial_mbed/manifest.l
[0.559s] -- Up-to-date: /home/msi/caato2_ws/install/rosserial_mbed/share/roseus/ros/rosserial_mbed/srv
[0.559s] -- Up-to-date: /home/msi/caato2_ws/install/rosserial_mbed/share/roseus/ros/rosserial_mbed/srv/Test.l
[0.559s] -- Up-to-date: /home/msi/caato2_ws/install/rosserial_mbed/share/common-lisp/ros/rosserial_mbed
[0.561s] -- Up-to-date: /home/msi/caato2_ws/install/rosserial_mbed/share/common-lisp/ros/rosserial_mbed/msg
[0.561s] -- Up-to-date: /home/msi/caato2_ws/install/rosserial_mbed/share/common-lisp/ros/rosserial_mbed/msg/_package.lisp
[0.562s] -- Up-to-date: /home/msi/caato2_ws/install/rosserial_mbed/share/common-lisp/ros/rosserial_mbed/msg/_package_Adc.lisp
[0.562s] -- Up-to-date: /home/msi/caato2_ws/install/rosserial_mbed/share/common-lisp/ros/rosserial_mbed/msg/Adc.lisp
[0.562s] -- Up-to-date: /home/msi/caato2_ws/install/rosserial_mbed/share/common-lisp/ros/rosserial_mbed/msg/rosserial_mbed-msg.asd
[0.562s] -- Up-to-date: /home/msi/caato2_ws/install/rosserial_mbed/share/common-lisp/ros/rosserial_mbed/srv
[0.562s] -- Up-to-date: /home/msi/caato2_ws/install/rosserial_mbed/share/common-lisp/ros/rosserial_mbed/srv/_package.lisp
[0.563s] -- Up-to-date: /home/msi/caato2_ws/install/rosserial_mbed/share/common-lisp/ros/rosserial_mbed/srv/rosserial_mbed-srv.asd
[0.563s] -- Up-to-date: /home/msi/caato2_ws/install/rosserial_mbed/share/common-lisp/ros/rosserial_mbed/srv/Test.lisp
[0.564s] -- Up-to-date: /home/msi/caato2_ws/install/rosserial_mbed/share/common-lisp/ros/rosserial_mbed/srv/_package_Test.lisp
[0.564s] -- Up-to-date: /home/msi/caato2_ws/install/rosserial_mbed/share/gennodejs/ros/rosserial_mbed
[0.564s] -- Up-to-date: /home/msi/caato2_ws/install/rosserial_mbed/share/gennodejs/ros/rosserial_mbed/_index.js
[0.564s] -- Up-to-date: /home/msi/caato2_ws/install/rosserial_mbed/share/gennodejs/ros/rosserial_mbed/msg
[0.564s] -- Up-to-date: /home/msi/caato2_ws/install/rosserial_mbed/share/gennodejs/ros/rosserial_mbed/msg/_index.js
[0.565s] -- Up-to-date: /home/msi/caato2_ws/install/rosserial_mbed/share/gennodejs/ros/rosserial_mbed/msg/Adc.js
[0.565s] -- Up-to-date: /home/msi/caato2_ws/install/rosserial_mbed/share/gennodejs/ros/rosserial_mbed/srv
[0.566s] -- Up-to-date: /home/msi/caato2_ws/install/rosserial_mbed/share/gennodejs/ros/rosserial_mbed/srv/_index.js
[0.566s] -- Up-to-date: /home/msi/caato2_ws/install/rosserial_mbed/share/gennodejs/ros/rosserial_mbed/srv/Test.js
[0.582s] Listing '/home/msi/caato2_ws/build/rosserial_mbed/devel/lib/python3/dist-packages/rosserial_mbed'...
[0.582s] Listing '/home/msi/caato2_ws/build/rosserial_mbed/devel/lib/python3/dist-packages/rosserial_mbed/msg'...
[0.582s] Listing '/home/msi/caato2_ws/build/rosserial_mbed/devel/lib/python3/dist-packages/rosserial_mbed/srv'...
[0.585s] -- Up-to-date: /home/msi/caato2_ws/install/rosserial_mbed/lib/python3/dist-packages/rosserial_mbed
[0.585s] -- Up-to-date: /home/msi/caato2_ws/install/rosserial_mbed/lib/python3/dist-packages/rosserial_mbed/msg
[0.586s] -- Up-to-date: /home/msi/caato2_ws/install/rosserial_mbed/lib/python3/dist-packages/rosserial_mbed/msg/__init__.py
[0.586s] -- Up-to-date: /home/msi/caato2_ws/install/rosserial_mbed/lib/python3/dist-packages/rosserial_mbed/msg/_Adc.py
[0.587s] -- Up-to-date: /home/msi/caato2_ws/install/rosserial_mbed/lib/python3/dist-packages/rosserial_mbed/msg/__pycache__
[0.587s] -- Up-to-date: /home/msi/caato2_ws/install/rosserial_mbed/lib/python3/dist-packages/rosserial_mbed/msg/__pycache__/__init__.cpython-38.pyc
[0.587s] -- Up-to-date: /home/msi/caato2_ws/install/rosserial_mbed/lib/python3/dist-packages/rosserial_mbed/msg/__pycache__/_Adc.cpython-38.pyc
[0.587s] -- Up-to-date: /home/msi/caato2_ws/install/rosserial_mbed/lib/python3/dist-packages/rosserial_mbed/srv
[0.587s] -- Up-to-date: /home/msi/caato2_ws/install/rosserial_mbed/lib/python3/dist-packages/rosserial_mbed/srv/_Test.py
[0.588s] -- Up-to-date: /home/msi/caato2_ws/install/rosserial_mbed/lib/python3/dist-packages/rosserial_mbed/srv/__init__.py
[0.588s] -- Up-to-date: /home/msi/caato2_ws/install/rosserial_mbed/lib/python3/dist-packages/rosserial_mbed/srv/__pycache__
[0.589s] -- Up-to-date: /home/msi/caato2_ws/install/rosserial_mbed/lib/python3/dist-packages/rosserial_mbed/srv/__pycache__/__init__.cpython-38.pyc
[0.589s] -- Up-to-date: /home/msi/caato2_ws/install/rosserial_mbed/lib/python3/dist-packages/rosserial_mbed/srv/__pycache__/_Test.cpython-38.pyc
[0.589s] -- Up-to-date: /home/msi/caato2_ws/install/rosserial_mbed/lib/python3/dist-packages/rosserial_mbed/__init__.py
[0.590s] -- Up-to-date: /home/msi/caato2_ws/install/rosserial_mbed/lib/python3/dist-packages/rosserial_mbed/__pycache__
[0.591s] -- Up-to-date: /home/msi/caato2_ws/install/rosserial_mbed/lib/python3/dist-packages/rosserial_mbed/__pycache__/__init__.cpython-38.pyc
[0.591s] -- Up-to-date: /home/msi/caato2_ws/install/rosserial_mbed/lib/pkgconfig/rosserial_mbed.pc
[0.591s] -- Up-to-date: /home/msi/caato2_ws/install/rosserial_mbed/share/rosserial_mbed/cmake/rosserial_mbed-msg-extras.cmake
[0.591s] -- Up-to-date: /home/msi/caato2_ws/install/rosserial_mbed/share/rosserial_mbed/cmake/rosserial_mbedConfig.cmake
[0.591s] -- Up-to-date: /home/msi/caato2_ws/install/rosserial_mbed/share/rosserial_mbed/cmake/rosserial_mbedConfig-version.cmake
[0.591s] -- Up-to-date: /home/msi/caato2_ws/install/rosserial_mbed/share/rosserial_mbed/package.xml
[0.592s] -- Up-to-date: /home/msi/caato2_ws/install/rosserial_mbed/share/rosserial_mbed/src/ros_lib
[0.592s] -- Up-to-date: /home/msi/caato2_ws/install/rosserial_mbed/share/rosserial_mbed/src/ros_lib/BufferedSerial
[0.592s] -- Up-to-date: /home/msi/caato2_ws/install/rosserial_mbed/share/rosserial_mbed/src/ros_lib/BufferedSerial/BufferedSerial.cpp
[0.592s] -- Up-to-date: /home/msi/caato2_ws/install/rosserial_mbed/share/rosserial_mbed/src/ros_lib/BufferedSerial/BufferedSerial.h
[0.592s] -- Up-to-date: /home/msi/caato2_ws/install/rosserial_mbed/share/rosserial_mbed/src/ros_lib/BufferedSerial/Buffer
[0.592s] -- Up-to-date: /home/msi/caato2_ws/install/rosserial_mbed/share/rosserial_mbed/src/ros_lib/BufferedSerial/Buffer/Buffer.cpp
[0.592s] -- Up-to-date: /home/msi/caato2_ws/install/rosserial_mbed/share/rosserial_mbed/src/ros_lib/BufferedSerial/Buffer/Buffer.h
[0.593s] -- Up-to-date: /home/msi/caato2_ws/install/rosserial_mbed/share/rosserial_mbed/src/ros_lib/BufferedSerial/Buffer.lib
[0.593s] -- Up-to-date: /home/msi/caato2_ws/install/rosserial_mbed/share/rosserial_mbed/src/ros_lib/MbedHardware.h
[0.593s] -- Up-to-date: /home/msi/caato2_ws/install/rosserial_mbed/share/rosserial_mbed/src/ros_lib/ros.h
[0.593s] -- Up-to-date: /home/msi/caato2_ws/install/rosserial_mbed/share/rosserial_mbed/src/ros_lib/BufferedSerial.lib
[0.594s] -- Up-to-date: /home/msi/caato2_ws/install/rosserial_mbed/lib/rosserial_mbed/make_libraries.py
[0.653s] Invoked command in '/home/msi/caato2_ws/build/rosserial_mbed' returned '0': CMAKE_PREFIX_PATH=/home/msi/caato2_ws/install/rosserial_client:/home/msi/caato2_ws/install/rosserial_msgs:${CMAKE_PREFIX_PATH} PKG_CONFIG_PATH=/home/msi/caato2_ws/install/rosserial_client/lib/x86_64-linux-gnu/pkgconfig:/home/msi/caato2_ws/install/rosserial_client/lib/pkgconfig:/home/msi/caato2_ws/install/rosserial_msgs/lib/x86_64-linux-gnu/pkgconfig:/home/msi/caato2_ws/install/rosserial_msgs/lib/pkgconfig:${PKG_CONFIG_PATH} PYTHONPATH=/home/msi/caato2_ws/install/rosserial_client/lib/python3/dist-packages:/home/msi/caato2_ws/install/rosserial_msgs/lib/python3/dist-packages:${PYTHONPATH} ROS_PACKAGE_PATH=/home/msi/caato2_ws/install/rosserial_client/share:/home/msi/caato2_ws/install/rosserial_msgs/share:${ROS_PACKAGE_PATH} /usr/bin/cmake --install /home/msi/caato2_ws/build/rosserial_mbed
