[0.053s] Invoking command in '/home/msi/caato2_ws/build/plc_modbus_node': /usr/bin/cmake /home/msi/caato2_ws/src/siot/plc-rosbridge/plc_modbus_node -DCATKIN_INSTALL_INTO_PREFIX_ROOT=0 -DCMAKE_INSTALL_PREFIX=/home/msi/caato2_ws/install/plc_modbus_node
[0.130s] -- The C compiler identification is GNU 8.4.0
[0.184s] -- The CXX compiler identification is GNU 8.4.0
[0.206s] -- Check for working C compiler: /usr/bin/cc
[0.289s] -- Check for working C compiler: /usr/bin/cc -- works
[0.290s] -- Detecting C compiler ABI info
[0.355s] -- Detecting C compiler ABI info - done
[0.371s] -- Detecting C compile features
[0.371s] -- Detecting C compile features - done
[0.376s] -- Check for working CXX compiler: /usr/bin/c++
[0.456s] -- Check for working CXX compiler: /usr/bin/c++ -- works
[0.458s] -- Detecting CXX compiler ABI info
[0.554s] -- Detecting CXX compiler ABI info - done
[0.575s] -- Detecting CXX compile features
[0.576s] -- Detecting CXX compile features - done
[0.578s] -- Using CATKIN_DEVEL_PREFIX: /home/msi/caato2_ws/build/plc_modbus_node/devel
[0.578s] -- Using CMAKE_PREFIX_PATH: /opt/ros/noetic
[0.578s] -- This workspace overlays: /opt/ros/noetic
[0.605s] -- Found PythonInterp: /usr/bin/python3 (found suitable version "3.8.10", minimum required is "3") 
[0.605s] -- Using PYTHON_EXECUTABLE: /usr/bin/python3
[0.605s] -- Using Debian Python package layout
[0.645s] -- Found PY_em: /usr/lib/python3/dist-packages/em.py  
[0.645s] -- Using empy: /usr/lib/python3/dist-packages/em.py
[0.802s] -- Using CATKIN_ENABLE_TESTING: ON
[0.802s] -- Call enable_testing()
[0.804s] -- Using CATKIN_TEST_RESULTS_DIR: /home/msi/caato2_ws/build/plc_modbus_node/test_results
[1.129s] -- Forcing gtest/gmock from source, though one was otherwise available.
[1.129s] -- Found gtest sources under '/usr/src/googletest': gtests will be built
[1.129s] -- Found gmock sources under '/usr/src/googletest': gmock will be built
[1.166s] -- Found PythonInterp: /usr/bin/python3 (found version "3.8.10") 
[1.168s] -- Found Threads: TRUE  
[1.173s] -- Using Python nosetests: /usr/bin/nosetests3
[1.249s] -- catkin 0.8.10
[1.249s] -- BUILD_SHARED_LIBS is on
[1.502s] -- Using these message generators: gencpp;geneus;genlisp;gennodejs;genpy
[1.922s] -- plc_modbus_node: 8 messages, 0 services
[2.256s] -- Configuring done
[2.310s] -- Generating done
[2.316s] -- Build files have been written to: /home/msi/caato2_ws/build/plc_modbus_node
[2.426s] Invoked command in '/home/msi/caato2_ws/build/plc_modbus_node' returned '0': /usr/bin/cmake /home/msi/caato2_ws/src/siot/plc-rosbridge/plc_modbus_node -DCATKIN_INSTALL_INTO_PREFIX_ROOT=0 -DCMAKE_INSTALL_PREFIX=/home/msi/caato2_ws/install/plc_modbus_node
[2.427s] Invoking command in '/home/msi/caato2_ws/build/plc_modbus_node': /usr/bin/cmake --build /home/msi/caato2_ws/build/plc_modbus_node -- -j20 -l20
[2.865s] [35m[1mScanning dependencies of target roscpp_generate_messages_cpp[0m
[2.865s] [35m[1mScanning dependencies of target _plc_modbus_node_generate_messages_check_deps_main_controller[0m
[2.865s] [35m[1mScanning dependencies of target _plc_modbus_node_generate_messages_check_deps_MultiUInt16Array[0m
[2.866s] [35m[1mScanning dependencies of target _plc_modbus_node_generate_messages_check_deps_MultiByteArray[0m
[2.866s] [35m[1mScanning dependencies of target _plc_modbus_node_generate_messages_check_deps_ByteArray[0m
[2.866s] [35m[1mScanning dependencies of target _plc_modbus_node_generate_messages_check_deps_UInt16Array[0m
[2.866s] [  0%] Built target _plc_modbus_node_generate_messages_check_deps_main_controller
[2.866s] [35m[1mScanning dependencies of target _plc_modbus_node_generate_messages_check_deps_xnergy_sensors[0m
[2.866s] [  0%] Built target roscpp_generate_messages_cpp
[2.866s] [35m[1mScanning dependencies of target geometry_msgs_generate_messages_nodejs[0m
[2.866s] [35m[1mScanning dependencies of target std_msgs_generate_messages_nodejs[0m
[2.866s] [  0%] Built target _plc_modbus_node_generate_messages_check_deps_MultiUInt16Array
[2.866s] [  0%] Built target geometry_msgs_generate_messages_nodejs
[2.866s] [  0%] Built target _plc_modbus_node_generate_messages_check_deps_ByteArray
[2.867s] [  0%] Built target std_msgs_generate_messages_nodejs
[2.867s] [35m[1mScanning dependencies of target _plc_modbus_node_generate_messages_check_deps_roboteq_sensors[0m
[2.867s] [35m[1mScanning dependencies of target _plc_modbus_node_generate_messages_check_deps_forklift_sensors[0m
[2.867s] [  0%] Built target _plc_modbus_node_generate_messages_check_deps_MultiByteArray
[2.873s] [35m[1mScanning dependencies of target geometry_msgs_generate_messages_py[0m
[2.890s] [35m[1mScanning dependencies of target std_msgs_generate_messages_lisp[0m
[2.902s] [35m[1mScanning dependencies of target geometry_msgs_generate_messages_lisp[0m
[2.916s] [35m[1mScanning dependencies of target std_msgs_generate_messages_eus[0m
[2.918s] [35m[1mScanning dependencies of target std_msgs_generate_messages_py[0m
[2.992s] [  0%] Built target _plc_modbus_node_generate_messages_check_deps_xnergy_sensors
[3.002s] [  0%] Built target _plc_modbus_node_generate_messages_check_deps_UInt16Array
[3.018s] [  0%] Built target geometry_msgs_generate_messages_py
[3.048s] [  0%] Built target std_msgs_generate_messages_py
[3.052s] [  0%] Built target std_msgs_generate_messages_lisp
[3.054s] [  0%] Built target _plc_modbus_node_generate_messages_check_deps_roboteq_sensors
[3.070s] [  0%] Built target geometry_msgs_generate_messages_lisp
[3.081s] [  0%] Built target std_msgs_generate_messages_eus
[3.090s] [  0%] Built target _plc_modbus_node_generate_messages_check_deps_forklift_sensors
[3.147s] [35m[1mScanning dependencies of target geometry_msgs_generate_messages_cpp[0m
[3.151s] [35m[1mScanning dependencies of target std_msgs_generate_messages_cpp[0m
[3.151s] [35m[1mScanning dependencies of target geometry_msgs_generate_messages_eus[0m
[3.152s] [35m[1mScanning dependencies of target roscpp_generate_messages_nodejs[0m
[3.169s] [35m[1mScanning dependencies of target rosgraph_msgs_generate_messages_py[0m
[3.171s] [35m[1mScanning dependencies of target rosgraph_msgs_generate_messages_cpp[0m
[3.184s] [35m[1mScanning dependencies of target roscpp_generate_messages_lisp[0m
[3.187s] [35m[1mScanning dependencies of target roscpp_generate_messages_eus[0m
[3.223s] [35m[1mScanning dependencies of target roscpp_generate_messages_py[0m
[3.346s] [  0%] Built target geometry_msgs_generate_messages_eus
[3.346s] [  0%] Built target geometry_msgs_generate_messages_cpp
[3.373s] [  0%] Built target roscpp_generate_messages_nodejs
[3.385s] [  0%] Built target std_msgs_generate_messages_cpp
[3.389s] [  0%] Built target rosgraph_msgs_generate_messages_py
[3.389s] [  0%] Built target rosgraph_msgs_generate_messages_cpp
[3.431s] [  0%] Built target roscpp_generate_messages_eus
[3.438s] [  0%] Built target roscpp_generate_messages_lisp
[3.449s] [  0%] Built target roscpp_generate_messages_py
[3.488s] [35m[1mScanning dependencies of target rosgraph_msgs_generate_messages_eus[0m
[3.507s] [35m[1mScanning dependencies of target rosgraph_msgs_generate_messages_nodejs[0m
[3.519s] [35m[1mScanning dependencies of target rosgraph_msgs_generate_messages_lisp[0m
[3.534s] [35m[1mScanning dependencies of target plc_read_translator_node[0m
[3.535s] [  0%] Built target rosgraph_msgs_generate_messages_eus
[3.558s] [  0%] Built target rosgraph_msgs_generate_messages_nodejs
[3.606s] [  2%] [32mBuilding CXX object CMakeFiles/plc_read_translator_node.dir/src/plc_read_translator_node.cpp.o[0m
[3.607s] [  2%] Built target rosgraph_msgs_generate_messages_lisp
[3.645s] [35m[1mScanning dependencies of target plc_modbus_node_generate_messages_lisp[0m
[3.649s] [35m[1mScanning dependencies of target plc_modbus_node_generate_messages_py[0m
[3.662s] [35m[1mScanning dependencies of target plc_modbus_node_generate_messages_eus[0m
[3.676s] [35m[1mScanning dependencies of target plc_modbus_node_generate_messages_cpp[0m
[3.694s] [35m[1mScanning dependencies of target plc_modbus_node_generate_messages_nodejs[0m
[3.711s] [  4%] [34m[1mGenerating Lisp code from plc_modbus_node/roboteq_sensors.msg[0m
[3.717s] [  6%] [34m[1mGenerating Lisp code from plc_modbus_node/forklift_sensors.msg[0m
[3.717s] [  8%] [34m[1mGenerating EusLisp code from plc_modbus_node/roboteq_sensors.msg[0m
[3.726s] [ 10%] [34m[1mGenerating Python from MSG plc_modbus_node/forklift_sensors[0m
[3.730s] [ 13%] [34m[1mGenerating Lisp code from plc_modbus_node/main_controller.msg[0m
[3.730s] [ 15%] [34m[1mGenerating Python from MSG plc_modbus_node/roboteq_sensors[0m
[3.749s] [ 17%] [34m[1mGenerating Javascript code from plc_modbus_node/roboteq_sensors.msg[0m
[3.753s] [ 19%] [34m[1mGenerating Python from MSG plc_modbus_node/main_controller[0m
[3.754s] [ 21%] [34m[1mGenerating Javascript code from plc_modbus_node/forklift_sensors.msg[0m
[3.761s] [ 23%] [34m[1mGenerating Lisp code from plc_modbus_node/xnergy_sensors.msg[0m
[3.765s] [ 26%] [34m[1mGenerating Javascript code from plc_modbus_node/main_controller.msg[0m
[3.768s] [ 28%] [34m[1mGenerating Python from MSG plc_modbus_node/xnergy_sensors[0m
[3.773s] [ 30%] [34m[1mGenerating C++ code from plc_modbus_node/forklift_sensors.msg[0m
[3.778s] [ 32%] [34m[1mGenerating Javascript code from plc_modbus_node/xnergy_sensors.msg[0m
[3.806s] [ 34%] [34m[1mGenerating C++ code from plc_modbus_node/roboteq_sensors.msg[0m
[3.807s] [ 36%] [34m[1mGenerating Javascript code from plc_modbus_node/ByteArray.msg[0m
[3.807s] [ 39%] [34m[1mGenerating C++ code from plc_modbus_node/main_controller.msg[0m
[3.817s] [ 41%] [34m[1mGenerating EusLisp code from plc_modbus_node/forklift_sensors.msg[0m
[3.854s] [ 43%] [34m[1mGenerating Javascript code from plc_modbus_node/MultiByteArray.msg[0m
[3.906s] [ 45%] [34m[1mGenerating C++ code from plc_modbus_node/xnergy_sensors.msg[0m
[3.958s] [ 47%] [34m[1mGenerating Lisp code from plc_modbus_node/MultiByteArray.msg[0m
[3.961s] [ 50%] [34m[1mGenerating Javascript code from plc_modbus_node/UInt16Array.msg[0m
[3.979s] [ 52%] [34m[1mGenerating Lisp code from plc_modbus_node/ByteArray.msg[0m
[3.997s] [ 54%] [34m[1mGenerating Javascript code from plc_modbus_node/MultiUInt16Array.msg[0m
[4.043s] [ 56%] [34m[1mGenerating C++ code from plc_modbus_node/ByteArray.msg[0m
[4.075s] [ 60%] [34m[1mGenerating Lisp code from plc_modbus_node/UInt16Array.msg[0m
[4.082s] [ 60%] [34m[1mGenerating C++ code from plc_modbus_node/MultiByteArray.msg[0m
[4.086s] [ 63%] [34m[1mGenerating C++ code from plc_modbus_node/UInt16Array.msg[0m
[4.116s] [ 65%] [34m[1mGenerating Lisp code from plc_modbus_node/MultiUInt16Array.msg[0m
[4.173s] [ 67%] [34m[1mGenerating EusLisp code from plc_modbus_node/xnergy_sensors.msg[0m
[4.177s] [ 69%] Built target plc_modbus_node_generate_messages_nodejs
[4.182s] [ 69%] [34m[1mGenerating EusLisp code from plc_modbus_node/main_controller.msg[0m
[4.203s] [ 71%] [34m[1mGenerating C++ code from plc_modbus_node/MultiUInt16Array.msg[0m
[4.222s] [ 73%] [34m[1mGenerating EusLisp code from plc_modbus_node/ByteArray.msg[0m
[4.230s] [ 76%] [34m[1mGenerating Python from MSG plc_modbus_node/ByteArray[0m
[4.243s] [ 78%] [34m[1mGenerating Python from MSG plc_modbus_node/MultiByteArray[0m
[4.321s] [ 78%] Built target plc_modbus_node_generate_messages_lisp
[4.326s] [ 80%] [34m[1mGenerating EusLisp code from plc_modbus_node/MultiByteArray.msg[0m
[4.346s] [ 82%] [34m[1mGenerating Python from MSG plc_modbus_node/UInt16Array[0m
[4.418s] [ 84%] [34m[1mGenerating Python from MSG plc_modbus_node/MultiUInt16Array[0m
[4.426s] [ 89%] [34m[1mGenerating EusLisp code from plc_modbus_node/UInt16Array.msg[0m
[4.426s] [ 89%] [34m[1mGenerating EusLisp code from plc_modbus_node/MultiUInt16Array.msg[0m
[4.457s] [ 91%] [34m[1mGenerating EusLisp manifest code for plc_modbus_node[0m
[4.863s] [ 91%] Built target plc_modbus_node_generate_messages_cpp
[5.299s] [ 93%] [34m[1mGenerating Python msg __init__.py for plc_modbus_node[0m
[5.957s] [ 93%] Built target plc_modbus_node_generate_messages_py
[6.345s] [ 93%] Built target plc_modbus_node_generate_messages_eus
[6.403s] [35m[1mScanning dependencies of target ros_plc_modbus[0m
[6.433s] [35m[1mScanning dependencies of target plc_modbus_node_generate_messages[0m
[6.506s] [ 95%] [32mBuilding CXX object CMakeFiles/ros_plc_modbus.dir/src/ros_plc_modbus.cpp.o[0m
[6.511s] [ 95%] Built target plc_modbus_node_generate_messages
[9.231s] In file included from [01m[K/home/msi/caato2_ws/src/siot/plc-rosbridge/plc_modbus_node/src/modbus_wrapper.h:4[m[K,
[9.231s]                  from [01m[K/home/msi/caato2_ws/src/siot/plc-rosbridge/plc_modbus_node/src/ros_plc_modbus.cpp:13[m[K:
[9.232s] [01m[K/home/msi/caato2_ws/src/siot/plc-rosbridge/plc_modbus_node/src/test_modbus/modbus_mock.h:[m[K In member function ‘[01m[Kchar* modbus_mock::modbus_strerror()[m[K’:
[9.232s] [01m[K/home/msi/caato2_ws/src/siot/plc-rosbridge/plc_modbus_node/src/test_modbus/modbus_mock.h:91:16:[m[K [01;35m[Kwarning: [m[KISO C++ forbids converting a string constant to ‘[01m[Kchar*[m[K’ [[01;35m[K-Wwrite-strings[m[K]
[9.232s]          return [01;35m[K"Invalid Address"[m[K;
[9.232s]                 [01;35m[K^~~~~~~~~~~~~~~~~[m[K
[9.280s] In file included from [01m[K/opt/ros/noetic/include/ros/ros.h:40[m[K,
[9.281s]                  from [01m[K/home/msi/caato2_ws/src/siot/plc-rosbridge/plc_modbus_node/src/ros_plc_modbus.cpp:5[m[K:
[9.281s] [01m[K/home/msi/caato2_ws/src/siot/plc-rosbridge/plc_modbus_node/src/ros_plc_modbus.cpp:[m[K In member function ‘[01m[Kvoid plc_modbus_manager::regs_callBack(const ConstPtr&)[m[K’:
[9.281s] [01m[K/home/msi/caato2_ws/src/siot/plc-rosbridge/plc_modbus_node/src/ros_plc_modbus.cpp:238:27:[m[K [01;35m[Kwarning: [m[Kformat ‘[01m[K%d[m[K’ expects argument of type ‘[01m[Kint[m[K’, but argument 8 has type ‘[01m[Kstd::vector<int>::size_type[m[K’ {aka ‘[01m[Klong unsigned int[m[K’} [[01;35m[K-Wformat=[m[K]
[9.281s]                  ROS_ERROR([01;35m[K"%d registers to write but only %d given!"[m[K, [32m[Kit->second.regs_write_addr.size()[m[K, regs_data->data.size());
[9.281s]                            [01;35m[K^~~~~~~~~~~~~~~~~~~~~~~~~~~~~~~~~~~~~~~~~~[m[K  [32m[K~~~~~~~~~~~~~~~~~~~~~~~~~~~~~~~~~[m[K
[9.281s] [01m[K/opt/ros/noetic/include/ros/console.h:351:165:[m[K [01;36m[Knote: [m[Kin definition of macro ‘[01m[KROSCONSOLE_PRINT_AT_LOCATION_WITH_FILTER[m[K’
[9.281s]  _location__loc.level_, __FILE__, __LINE__, __ROSCONSOLE_FUNCTION__, [01;36m[K__VA_ARGS__[m[K)
[9.281s]                                                                      [01;36m[K^~~~~~~~~~~[m[K
[9.281s] 
[9.281s] [01m[K/opt/ros/noetic/include/ros/console.h:390:7:[m[K [01;36m[Knote: [m[Kin expansion of macro ‘[01m[KROSCONSOLE_PRINT_AT_LOCATION[m[K’
[9.282s]        [01;36m[KROSCONSOLE_PRINT_AT_LOCATION[m[K(__VA_ARGS__); \
[9.282s]        [01;36m[K^~~~~~~~~~~~~~~~~~~~~~~~~~~~[m[K
[9.282s] [01m[K/opt/ros/noetic/include/ros/console.h:575:35:[m[K [01;36m[Knote: [m[Kin expansion of macro ‘[01m[KROS_LOG_COND[m[K’
[9.282s]  #define ROS_LOG(level, name, ...) [01;36m[KROS_LOG_COND[m[K(true, level, name, __VA_ARGS__)
[9.282s]                                    [01;36m[K^~~~~~~~~~~~[m[K
[9.282s] [01m[K/opt/ros/noetic/include/rosconsole/macros_generated.h:214:24:[m[K [01;36m[Knote: [m[Kin expansion of macro ‘[01m[KROS_LOG[m[K’
[9.282s]  #define ROS_ERROR(...) [01;36m[KROS_LOG[m[K(::ros::console::levels::Error, ROSCONSOLE_DEFAULT_NAME, __VA_ARGS__)
[9.282s]                         [01;36m[K^~~~~~~[m[K
[9.282s] [01m[K/home/msi/caato2_ws/src/siot/plc-rosbridge/plc_modbus_node/src/ros_plc_modbus.cpp:238:17:[m[K [01;36m[Knote: [m[Kin expansion of macro ‘[01m[KROS_ERROR[m[K’
[9.282s]                  [01;36m[KROS_ERROR[m[K("%d registers to write but only %d given!", it->second.regs_write_addr.size(), regs_data->data.size());
[9.282s]                  [01;36m[K^~~~~~~~~[m[K
[9.282s] [01m[K/home/msi/caato2_ws/src/siot/plc-rosbridge/plc_modbus_node/src/ros_plc_modbus.cpp:238:27:[m[K [01;35m[Kwarning: [m[Kformat ‘[01m[K%d[m[K’ expects argument of type ‘[01m[Kint[m[K’, but argument 9 has type ‘[01m[Kstd::vector<short unsigned int, std::allocator<short unsigned int> >::size_type[m[K’ {aka ‘[01m[Klong unsigned int[m[K’} [[01;35m[K-Wformat=[m[K]
[9.283s]                  ROS_ERROR([01;35m[K"%d registers to write but only %d given!"[m[K, it->second.regs_write_addr.size(), [32m[Kregs_data->data.size()[m[K);
[9.283s]                            [01;35m[K^~~~~~~~~~~~~~~~~~~~~~~~~~~~~~~~~~~~~~~~~~[m[K                                     [32m[K~~~~~~~~~~~~~~~~~~~~~~[m[K
[9.283s] [01m[K/opt/ros/noetic/include/ros/console.h:351:165:[m[K [01;36m[Knote: [m[Kin definition of macro ‘[01m[KROSCONSOLE_PRINT_AT_LOCATION_WITH_FILTER[m[K’
[9.283s]  _location__loc.level_, __FILE__, __LINE__, __ROSCONSOLE_FUNCTION__, [01;36m[K__VA_ARGS__[m[K)
[9.283s]                                                                      [01;36m[K^~~~~~~~~~~[m[K
[9.283s] 
[9.283s] [01m[K/opt/ros/noetic/include/ros/console.h:390:7:[m[K [01;36m[Knote: [m[Kin expansion of macro ‘[01m[KROSCONSOLE_PRINT_AT_LOCATION[m[K’
[9.283s]        [01;36m[KROSCONSOLE_PRINT_AT_LOCATION[m[K(__VA_ARGS__); \
[9.283s]        [01;36m[K^~~~~~~~~~~~~~~~~~~~~~~~~~~~[m[K
[9.283s] [01m[K/opt/ros/noetic/include/ros/console.h:575:35:[m[K [01;36m[Knote: [m[Kin expansion of macro ‘[01m[KROS_LOG_COND[m[K’
[9.283s]  #define ROS_LOG(level, name, ...) [01;36m[KROS_LOG_COND[m[K(true, level, name, __VA_ARGS__)
[9.284s]                                    [01;36m[K^~~~~~~~~~~~[m[K
[9.284s] [01m[K/opt/ros/noetic/include/rosconsole/macros_generated.h:214:24:[m[K [01;36m[Knote: [m[Kin expansion of macro ‘[01m[KROS_LOG[m[K’
[9.284s]  #define ROS_ERROR(...) [01;36m[KROS_LOG[m[K(::ros::console::levels::Error, ROSCONSOLE_DEFAULT_NAME, __VA_ARGS__)
[9.284s]                         [01;36m[K^~~~~~~[m[K
[9.284s] [01m[K/home/msi/caato2_ws/src/siot/plc-rosbridge/plc_modbus_node/src/ros_plc_modbus.cpp:238:17:[m[K [01;36m[Knote: [m[Kin expansion of macro ‘[01m[KROS_ERROR[m[K’
[9.284s]                  [01;36m[KROS_ERROR[m[K("%d registers to write but only %d given!", it->second.regs_write_addr.size(), regs_data->data.size());
[9.284s]                  [01;36m[K^~~~~~~~~[m[K
[9.284s] [01m[K/home/msi/caato2_ws/src/siot/plc-rosbridge/plc_modbus_node/src/ros_plc_modbus.cpp:[m[K In member function ‘[01m[Kvoid plc_modbus_manager::coils_callBack(const ConstPtr&)[m[K’:
[9.284s] [01m[K/home/msi/caato2_ws/src/siot/plc-rosbridge/plc_modbus_node/src/ros_plc_modbus.cpp:268:27:[m[K [01;35m[Kwarning: [m[Kformat ‘[01m[K%d[m[K’ expects argument of type ‘[01m[Kint[m[K’, but argument 8 has type ‘[01m[Kstd::vector<int>::size_type[m[K’ {aka ‘[01m[Klong unsigned int[m[K’} [[01;35m[K-Wformat=[m[K]
[9.284s]                  ROS_ERROR([01;35m[K"%d coils to write but %d given!"[m[K, [32m[Kit->second.coils_addr.size()[m[K, coils_data->data.size());
[9.284s]                            [01;35m[K^~~~~~~~~~~~~~~~~~~~~~~~~~~~~~~~~[m[K  [32m[K~~~~~~~~~~~~~~~~~~~~~~~~~~~~[m[K
[9.285s] [01m[K/opt/ros/noetic/include/ros/console.h:351:165:[m[K [01;36m[Knote: [m[Kin definition of macro ‘[01m[KROSCONSOLE_PRINT_AT_LOCATION_WITH_FILTER[m[K’
[9.285s]  _location__loc.level_, __FILE__, __LINE__, __ROSCONSOLE_FUNCTION__, [01;36m[K__VA_ARGS__[m[K)
[9.285s]                                                                      [01;36m[K^~~~~~~~~~~[m[K
[9.285s] 
[9.285s] [01m[K/opt/ros/noetic/include/ros/console.h:390:7:[m[K [01;36m[Knote: [m[Kin expansion of macro ‘[01m[KROSCONSOLE_PRINT_AT_LOCATION[m[K’
[9.285s]        [01;36m[KROSCONSOLE_PRINT_AT_LOCATION[m[K(__VA_ARGS__); \
[9.285s]        [01;36m[K^~~~~~~~~~~~~~~~~~~~~~~~~~~~[m[K
[9.285s] [01m[K/opt/ros/noetic/include/ros/console.h:575:35:[m[K [01;36m[Knote: [m[Kin expansion of macro ‘[01m[KROS_LOG_COND[m[K’
[9.285s]  #define ROS_LOG(level, name, ...) [01;36m[KROS_LOG_COND[m[K(true, level, name, __VA_ARGS__)
[9.285s]                                    [01;36m[K^~~~~~~~~~~~[m[K
[9.285s] [01m[K/opt/ros/noetic/include/rosconsole/macros_generated.h:214:24:[m[K [01;36m[Knote: [m[Kin expansion of macro ‘[01m[KROS_LOG[m[K’
[9.285s]  #define ROS_ERROR(...) [01;36m[KROS_LOG[m[K(::ros::console::levels::Error, ROSCONSOLE_DEFAULT_NAME, __VA_ARGS__)
[9.286s]                         [01;36m[K^~~~~~~[m[K
[9.286s] [01m[K/home/msi/caato2_ws/src/siot/plc-rosbridge/plc_modbus_node/src/ros_plc_modbus.cpp:268:17:[m[K [01;36m[Knote: [m[Kin expansion of macro ‘[01m[KROS_ERROR[m[K’
[9.286s]                  [01;36m[KROS_ERROR[m[K("%d coils to write but %d given!", it->second.coils_addr.size(), coils_data->data.size());
[9.286s]                  [01;36m[K^~~~~~~~~[m[K
[9.286s] [01m[K/home/msi/caato2_ws/src/siot/plc-rosbridge/plc_modbus_node/src/ros_plc_modbus.cpp:268:27:[m[K [01;35m[Kwarning: [m[Kformat ‘[01m[K%d[m[K’ expects argument of type ‘[01m[Kint[m[K’, but argument 9 has type ‘[01m[Kstd::vector<unsigned char, std::allocator<unsigned char> >::size_type[m[K’ {aka ‘[01m[Klong unsigned int[m[K’} [[01;35m[K-Wformat=[m[K]
[9.286s]                  ROS_ERROR([01;35m[K"%d coils to write but %d given!"[m[K, it->second.coils_addr.size(), [32m[Kcoils_data->data.size()[m[K);
[9.286s]                            [01;35m[K^~~~~~~~~~~~~~~~~~~~~~~~~~~~~~~~~[m[K                                [32m[K~~~~~~~~~~~~~~~~~~~~~~~[m[K
[9.286s] [01m[K/opt/ros/noetic/include/ros/console.h:351:165:[m[K [01;36m[Knote: [m[Kin definition of macro ‘[01m[KROSCONSOLE_PRINT_AT_LOCATION_WITH_FILTER[m[K’
[9.286s]  _location__loc.level_, __FILE__, __LINE__, __ROSCONSOLE_FUNCTION__, [01;36m[K__VA_ARGS__[m[K)
[9.286s]                                                                      [01;36m[K^~~~~~~~~~~[m[K
[9.286s] 
[9.286s] [01m[K/opt/ros/noetic/include/ros/console.h:390:7:[m[K [01;36m[Knote: [m[Kin expansion of macro ‘[01m[KROSCONSOLE_PRINT_AT_LOCATION[m[K’
[9.286s]        [01;36m[KROSCONSOLE_PRINT_AT_LOCATION[m[K(__VA_ARGS__); \
[9.287s]        [01;36m[K^~~~~~~~~~~~~~~~~~~~~~~~~~~~[m[K
[9.287s] [01m[K/opt/ros/noetic/include/ros/console.h:575:35:[m[K [01;36m[Knote: [m[Kin expansion of macro ‘[01m[KROS_LOG_COND[m[K’
[9.287s]  #define ROS_LOG(level, name, ...) [01;36m[KROS_LOG_COND[m[K(true, level, name, __VA_ARGS__)
[9.287s]                                    [01;36m[K^~~~~~~~~~~~[m[K
[9.287s] [01m[K/opt/ros/noetic/include/rosconsole/macros_generated.h:214:24:[m[K [01;36m[Knote: [m[Kin expansion of macro ‘[01m[KROS_LOG[m[K’
[9.287s]  #define ROS_ERROR(...) [01;36m[KROS_LOG[m[K(::ros::console::levels::Error, ROSCONSOLE_DEFAULT_NAME, __VA_ARGS__)
[9.287s]                         [01;36m[K^~~~~~~[m[K
[9.287s] [01m[K/home/msi/caato2_ws/src/siot/plc-rosbridge/plc_modbus_node/src/ros_plc_modbus.cpp:268:17:[m[K [01;36m[Knote: [m[Kin expansion of macro ‘[01m[KROS_ERROR[m[K’
[9.287s]                  [01;36m[KROS_ERROR[m[K("%d coils to write but %d given!", it->second.coils_addr.size(), coils_data->data.size());
[9.287s]                  [01;36m[K^~~~~~~~~[m[K
[10.627s] [ 97%] [32m[1mLinking CXX executable devel/lib/plc_modbus_node/plc_read_translator_node[0m
[11.403s] [ 97%] Built target plc_read_translator_node
[11.542s] [100%] [32m[1mLinking CXX executable devel/lib/plc_modbus_node/ros_plc_modbus[0m
[11.895s] [100%] Built target ros_plc_modbus
[11.918s] Invoked command in '/home/msi/caato2_ws/build/plc_modbus_node' returned '0': /usr/bin/cmake --build /home/msi/caato2_ws/build/plc_modbus_node -- -j20 -l20
[12.088s] Invoking command in '/home/msi/caato2_ws/build/plc_modbus_node': /usr/bin/cmake --build /home/msi/caato2_ws/build/plc_modbus_node --target tests -- -j20 -l20
[15.097s] [35m[1mScanning dependencies of target tests[0m
[15.097s] Built target tests
[15.126s] Invoked command in '/home/msi/caato2_ws/build/plc_modbus_node' returned '0': /usr/bin/cmake --build /home/msi/caato2_ws/build/plc_modbus_node --target tests -- -j20 -l20
[15.610s] Invoking command in '/home/msi/caato2_ws/build/plc_modbus_node': /usr/bin/cmake --install /home/msi/caato2_ws/build/plc_modbus_node
[16.459s] -- Install configuration: ""
[16.460s] -- Installing: /home/msi/caato2_ws/install/plc_modbus_node/share/plc_modbus_node/msg/roboteq_sensors.msg
[16.460s] -- Installing: /home/msi/caato2_ws/install/plc_modbus_node/share/plc_modbus_node/msg/forklift_sensors.msg
[16.461s] -- Installing: /home/msi/caato2_ws/install/plc_modbus_node/share/plc_modbus_node/msg/main_controller.msg
[16.461s] -- Installing: /home/msi/caato2_ws/install/plc_modbus_node/share/plc_modbus_node/msg/xnergy_sensors.msg
[16.461s] -- Installing: /home/msi/caato2_ws/install/plc_modbus_node/share/plc_modbus_node/msg/ByteArray.msg
[16.461s] -- Installing: /home/msi/caato2_ws/install/plc_modbus_node/share/plc_modbus_node/msg/MultiByteArray.msg
[16.461s] -- Installing: /home/msi/caato2_ws/install/plc_modbus_node/share/plc_modbus_node/msg/UInt16Array.msg
[16.461s] -- Installing: /home/msi/caato2_ws/install/plc_modbus_node/share/plc_modbus_node/msg/MultiUInt16Array.msg
[16.461s] -- Installing: /home/msi/caato2_ws/install/plc_modbus_node/share/plc_modbus_node/cmake/plc_modbus_node-msg-paths.cmake
[16.461s] -- Installing: /home/msi/caato2_ws/install/plc_modbus_node/include/plc_modbus_node
[16.461s] -- Installing: /home/msi/caato2_ws/install/plc_modbus_node/include/plc_modbus_node/main_controller.h
[16.461s] -- Installing: /home/msi/caato2_ws/install/plc_modbus_node/include/plc_modbus_node/UInt16Array.h
[16.461s] -- Installing: /home/msi/caato2_ws/install/plc_modbus_node/include/plc_modbus_node/roboteq_sensors.h
[16.462s] -- Installing: /home/msi/caato2_ws/install/plc_modbus_node/include/plc_modbus_node/MultiByteArray.h
[16.462s] -- Installing: /home/msi/caato2_ws/install/plc_modbus_node/include/plc_modbus_node/forklift_sensors.h
[16.462s] -- Installing: /home/msi/caato2_ws/install/plc_modbus_node/include/plc_modbus_node/xnergy_sensors.h
[16.462s] -- Installing: /home/msi/caato2_ws/install/plc_modbus_node/include/plc_modbus_node/MultiUInt16Array.h
[16.462s] -- Installing: /home/msi/caato2_ws/install/plc_modbus_node/include/plc_modbus_node/ByteArray.h
[16.462s] -- Installing: /home/msi/caato2_ws/install/plc_modbus_node/share/roseus/ros/plc_modbus_node
[16.462s] -- Installing: /home/msi/caato2_ws/install/plc_modbus_node/share/roseus/ros/plc_modbus_node/msg
[16.462s] -- Installing: /home/msi/caato2_ws/install/plc_modbus_node/share/roseus/ros/plc_modbus_node/msg/forklift_sensors.l
[16.462s] -- Installing: /home/msi/caato2_ws/install/plc_modbus_node/share/roseus/ros/plc_modbus_node/msg/UInt16Array.l
[16.462s] -- Installing: /home/msi/caato2_ws/install/plc_modbus_node/share/roseus/ros/plc_modbus_node/msg/roboteq_sensors.l
[16.462s] -- Installing: /home/msi/caato2_ws/install/plc_modbus_node/share/roseus/ros/plc_modbus_node/msg/main_controller.l
[16.462s] -- Installing: /home/msi/caato2_ws/install/plc_modbus_node/share/roseus/ros/plc_modbus_node/msg/MultiByteArray.l
[16.463s] -- Installing: /home/msi/caato2_ws/install/plc_modbus_node/share/roseus/ros/plc_modbus_node/msg/MultiUInt16Array.l
[16.463s] -- Installing: /home/msi/caato2_ws/install/plc_modbus_node/share/roseus/ros/plc_modbus_node/msg/ByteArray.l
[16.463s] -- Installing: /home/msi/caato2_ws/install/plc_modbus_node/share/roseus/ros/plc_modbus_node/msg/xnergy_sensors.l
[16.463s] -- Installing: /home/msi/caato2_ws/install/plc_modbus_node/share/roseus/ros/plc_modbus_node/manifest.l
[16.463s] -- Installing: /home/msi/caato2_ws/install/plc_modbus_node/share/common-lisp/ros/plc_modbus_node
[16.463s] -- Installing: /home/msi/caato2_ws/install/plc_modbus_node/share/common-lisp/ros/plc_modbus_node/msg
[16.463s] -- Installing: /home/msi/caato2_ws/install/plc_modbus_node/share/common-lisp/ros/plc_modbus_node/msg/_package.lisp
[16.463s] -- Installing: /home/msi/caato2_ws/install/plc_modbus_node/share/common-lisp/ros/plc_modbus_node/msg/_package_ByteArray.lisp
[16.463s] -- Installing: /home/msi/caato2_ws/install/plc_modbus_node/share/common-lisp/ros/plc_modbus_node/msg/ByteArray.lisp
[16.463s] -- Installing: /home/msi/caato2_ws/install/plc_modbus_node/share/common-lisp/ros/plc_modbus_node/msg/_package_MultiUInt16Array.lisp
[16.463s] -- Installing: /home/msi/caato2_ws/install/plc_modbus_node/share/common-lisp/ros/plc_modbus_node/msg/_package_MultiByteArray.lisp
[16.463s] -- Installing: /home/msi/caato2_ws/install/plc_modbus_node/share/common-lisp/ros/plc_modbus_node/msg/xnergy_sensors.lisp
[16.464s] -- Installing: /home/msi/caato2_ws/install/plc_modbus_node/share/common-lisp/ros/plc_modbus_node/msg/_package_forklift_sensors.lisp
[16.464s] -- Installing: /home/msi/caato2_ws/install/plc_modbus_node/share/common-lisp/ros/plc_modbus_node/msg/_package_main_controller.lisp
[16.464s] -- Installing: /home/msi/caato2_ws/install/plc_modbus_node/share/common-lisp/ros/plc_modbus_node/msg/_package_roboteq_sensors.lisp
[16.464s] -- Installing: /home/msi/caato2_ws/install/plc_modbus_node/share/common-lisp/ros/plc_modbus_node/msg/roboteq_sensors.lisp
[16.464s] -- Installing: /home/msi/caato2_ws/install/plc_modbus_node/share/common-lisp/ros/plc_modbus_node/msg/MultiByteArray.lisp
[16.464s] -- Installing: /home/msi/caato2_ws/install/plc_modbus_node/share/common-lisp/ros/plc_modbus_node/msg/_package_xnergy_sensors.lisp
[16.464s] -- Installing: /home/msi/caato2_ws/install/plc_modbus_node/share/common-lisp/ros/plc_modbus_node/msg/MultiUInt16Array.lisp
[16.464s] -- Installing: /home/msi/caato2_ws/install/plc_modbus_node/share/common-lisp/ros/plc_modbus_node/msg/UInt16Array.lisp
[16.464s] -- Installing: /home/msi/caato2_ws/install/plc_modbus_node/share/common-lisp/ros/plc_modbus_node/msg/forklift_sensors.lisp
[16.464s] -- Installing: /home/msi/caato2_ws/install/plc_modbus_node/share/common-lisp/ros/plc_modbus_node/msg/main_controller.lisp
[16.464s] -- Installing: /home/msi/caato2_ws/install/plc_modbus_node/share/common-lisp/ros/plc_modbus_node/msg/_package_UInt16Array.lisp
[16.465s] -- Installing: /home/msi/caato2_ws/install/plc_modbus_node/share/common-lisp/ros/plc_modbus_node/msg/plc_modbus_node-msg.asd
[16.465s] -- Installing: /home/msi/caato2_ws/install/plc_modbus_node/share/gennodejs/ros/plc_modbus_node
[16.465s] -- Installing: /home/msi/caato2_ws/install/plc_modbus_node/share/gennodejs/ros/plc_modbus_node/_index.js
[16.465s] -- Installing: /home/msi/caato2_ws/install/plc_modbus_node/share/gennodejs/ros/plc_modbus_node/msg
[16.465s] -- Installing: /home/msi/caato2_ws/install/plc_modbus_node/share/gennodejs/ros/plc_modbus_node/msg/_index.js
[16.465s] -- Installing: /home/msi/caato2_ws/install/plc_modbus_node/share/gennodejs/ros/plc_modbus_node/msg/roboteq_sensors.js
[16.465s] -- Installing: /home/msi/caato2_ws/install/plc_modbus_node/share/gennodejs/ros/plc_modbus_node/msg/ByteArray.js
[16.465s] -- Installing: /home/msi/caato2_ws/install/plc_modbus_node/share/gennodejs/ros/plc_modbus_node/msg/MultiByteArray.js
[16.465s] -- Installing: /home/msi/caato2_ws/install/plc_modbus_node/share/gennodejs/ros/plc_modbus_node/msg/MultiUInt16Array.js
[16.465s] -- Installing: /home/msi/caato2_ws/install/plc_modbus_node/share/gennodejs/ros/plc_modbus_node/msg/xnergy_sensors.js
[16.465s] -- Installing: /home/msi/caato2_ws/install/plc_modbus_node/share/gennodejs/ros/plc_modbus_node/msg/forklift_sensors.js
[16.469s] -- Installing: /home/msi/caato2_ws/install/plc_modbus_node/share/gennodejs/ros/plc_modbus_node/msg/main_controller.js
[16.469s] -- Installing: /home/msi/caato2_ws/install/plc_modbus_node/share/gennodejs/ros/plc_modbus_node/msg/UInt16Array.js
[16.469s] Listing '/home/msi/caato2_ws/build/plc_modbus_node/devel/lib/python3/dist-packages/plc_modbus_node'...
[16.470s] Compiling '/home/msi/caato2_ws/build/plc_modbus_node/devel/lib/python3/dist-packages/plc_modbus_node/__init__.py'...
[16.470s] Listing '/home/msi/caato2_ws/build/plc_modbus_node/devel/lib/python3/dist-packages/plc_modbus_node/msg'...
[16.470s] Compiling '/home/msi/caato2_ws/build/plc_modbus_node/devel/lib/python3/dist-packages/plc_modbus_node/msg/_ByteArray.py'...
[16.470s] Compiling '/home/msi/caato2_ws/build/plc_modbus_node/devel/lib/python3/dist-packages/plc_modbus_node/msg/_MultiByteArray.py'...
[16.470s] Compiling '/home/msi/caato2_ws/build/plc_modbus_node/devel/lib/python3/dist-packages/plc_modbus_node/msg/_MultiUInt16Array.py'...
[16.470s] Compiling '/home/msi/caato2_ws/build/plc_modbus_node/devel/lib/python3/dist-packages/plc_modbus_node/msg/_UInt16Array.py'...
[16.470s] Compiling '/home/msi/caato2_ws/build/plc_modbus_node/devel/lib/python3/dist-packages/plc_modbus_node/msg/__init__.py'...
[16.470s] Compiling '/home/msi/caato2_ws/build/plc_modbus_node/devel/lib/python3/dist-packages/plc_modbus_node/msg/_forklift_sensors.py'...
[16.470s] Compiling '/home/msi/caato2_ws/build/plc_modbus_node/devel/lib/python3/dist-packages/plc_modbus_node/msg/_main_controller.py'...
[16.475s] Compiling '/home/msi/caato2_ws/build/plc_modbus_node/devel/lib/python3/dist-packages/plc_modbus_node/msg/_roboteq_sensors.py'...
[16.475s] Compiling '/home/msi/caato2_ws/build/plc_modbus_node/devel/lib/python3/dist-packages/plc_modbus_node/msg/_xnergy_sensors.py'...
[16.475s] -- Installing: /home/msi/caato2_ws/install/plc_modbus_node/lib/python3/dist-packages/plc_modbus_node
[16.475s] -- Installing: /home/msi/caato2_ws/install/plc_modbus_node/lib/python3/dist-packages/plc_modbus_node/msg
[16.475s] -- Installing: /home/msi/caato2_ws/install/plc_modbus_node/lib/python3/dist-packages/plc_modbus_node/msg/_UInt16Array.py
[16.475s] -- Installing: /home/msi/caato2_ws/install/plc_modbus_node/lib/python3/dist-packages/plc_modbus_node/msg/_MultiUInt16Array.py
[16.475s] -- Installing: /home/msi/caato2_ws/install/plc_modbus_node/lib/python3/dist-packages/plc_modbus_node/msg/_ByteArray.py
[16.475s] -- Installing: /home/msi/caato2_ws/install/plc_modbus_node/lib/python3/dist-packages/plc_modbus_node/msg/_forklift_sensors.py
[16.475s] -- Installing: /home/msi/caato2_ws/install/plc_modbus_node/lib/python3/dist-packages/plc_modbus_node/msg/__init__.py
[16.476s] -- Installing: /home/msi/caato2_ws/install/plc_modbus_node/lib/python3/dist-packages/plc_modbus_node/msg/_main_controller.py
[16.476s] -- Installing: /home/msi/caato2_ws/install/plc_modbus_node/lib/python3/dist-packages/plc_modbus_node/msg/__pycache__
[16.476s] -- Installing: /home/msi/caato2_ws/install/plc_modbus_node/lib/python3/dist-packages/plc_modbus_node/msg/__pycache__/_MultiUInt16Array.cpython-38.pyc
[16.476s] -- Installing: /home/msi/caato2_ws/install/plc_modbus_node/lib/python3/dist-packages/plc_modbus_node/msg/__pycache__/_xnergy_sensors.cpython-38.pyc
[16.476s] -- Installing: /home/msi/caato2_ws/install/plc_modbus_node/lib/python3/dist-packages/plc_modbus_node/msg/__pycache__/_forklift_sensors.cpython-38.pyc
[16.476s] -- Installing: /home/msi/caato2_ws/install/plc_modbus_node/lib/python3/dist-packages/plc_modbus_node/msg/__pycache__/_MultiByteArray.cpython-38.pyc
[16.476s] -- Installing: /home/msi/caato2_ws/install/plc_modbus_node/lib/python3/dist-packages/plc_modbus_node/msg/__pycache__/_roboteq_sensors.cpython-38.pyc
[16.476s] -- Installing: /home/msi/caato2_ws/install/plc_modbus_node/lib/python3/dist-packages/plc_modbus_node/msg/__pycache__/__init__.cpython-38.pyc
[16.476s] -- Installing: /home/msi/caato2_ws/install/plc_modbus_node/lib/python3/dist-packages/plc_modbus_node/msg/__pycache__/_main_controller.cpython-38.pyc
[16.476s] -- Installing: /home/msi/caato2_ws/install/plc_modbus_node/lib/python3/dist-packages/plc_modbus_node/msg/__pycache__/_ByteArray.cpython-38.pyc
[16.476s] -- Installing: /home/msi/caato2_ws/install/plc_modbus_node/lib/python3/dist-packages/plc_modbus_node/msg/__pycache__/_UInt16Array.cpython-38.pyc
[16.477s] -- Installing: /home/msi/caato2_ws/install/plc_modbus_node/lib/python3/dist-packages/plc_modbus_node/msg/_xnergy_sensors.py
[16.477s] -- Installing: /home/msi/caato2_ws/install/plc_modbus_node/lib/python3/dist-packages/plc_modbus_node/msg/_MultiByteArray.py
[16.477s] -- Installing: /home/msi/caato2_ws/install/plc_modbus_node/lib/python3/dist-packages/plc_modbus_node/msg/_roboteq_sensors.py
[16.477s] -- Installing: /home/msi/caato2_ws/install/plc_modbus_node/lib/python3/dist-packages/plc_modbus_node/__init__.py
[16.477s] -- Installing: /home/msi/caato2_ws/install/plc_modbus_node/lib/python3/dist-packages/plc_modbus_node/__pycache__
[16.477s] -- Installing: /home/msi/caato2_ws/install/plc_modbus_node/lib/python3/dist-packages/plc_modbus_node/__pycache__/__init__.cpython-38.pyc
[16.477s] -- Installing: /home/msi/caato2_ws/install/plc_modbus_node/lib/pkgconfig/plc_modbus_node.pc
[16.477s] -- Installing: /home/msi/caato2_ws/install/plc_modbus_node/share/plc_modbus_node/cmake/plc_modbus_node-msg-extras.cmake
[16.477s] -- Installing: /home/msi/caato2_ws/install/plc_modbus_node/share/plc_modbus_node/cmake/plc_modbus_nodeConfig.cmake
[16.477s] -- Installing: /home/msi/caato2_ws/install/plc_modbus_node/share/plc_modbus_node/cmake/plc_modbus_nodeConfig-version.cmake
[16.477s] -- Installing: /home/msi/caato2_ws/install/plc_modbus_node/share/plc_modbus_node/package.xml
[16.478s] -- Installing: /home/msi/caato2_ws/install/plc_modbus_node/share/plc_modbus_node/ros_plc_modbus
[16.478s] -- Set runtime path of "/home/msi/caato2_ws/install/plc_modbus_node/share/plc_modbus_node/ros_plc_modbus" to ""
[16.478s] -- Installing: /home/msi/caato2_ws/install/plc_modbus_node/share/plc_modbus_node/plc_read_translator_node
[16.478s] -- Set runtime path of "/home/msi/caato2_ws/install/plc_modbus_node/share/plc_modbus_node/plc_read_translator_node" to ""
[16.478s] -- Installing: /home/msi/caato2_ws/install/plc_modbus_node/share/plc_modbus_node/config
[16.478s] -- Installing: /home/msi/caato2_ws/install/plc_modbus_node/share/plc_modbus_node/config/plc_addresses.yaml
[16.478s] -- Installing: /home/msi/caato2_ws/install/plc_modbus_node/share/plc_modbus_node/config/forklift_only.yaml
[16.478s] -- Installing: /home/msi/caato2_ws/install/plc_modbus_node/share/plc_modbus_node/launch
[16.478s] -- Installing: /home/msi/caato2_ws/install/plc_modbus_node/share/plc_modbus_node/launch/PLC_mock.launch
[16.478s] -- Installing: /home/msi/caato2_ws/install/plc_modbus_node/share/plc_modbus_node/launch/PLC_forklift.launch
[16.478s] -- Installing: /home/msi/caato2_ws/install/plc_modbus_node/share/plc_modbus_node/launch/PLC_main.launch
[16.506s] Invoked command in '/home/msi/caato2_ws/build/plc_modbus_node' returned '0': /usr/bin/cmake --install /home/msi/caato2_ws/build/plc_modbus_node
