[0.139s] Invoking command in '/home/msi/caato2_ws/build/xnergy_charger_rcu': /usr/bin/cmake --build /home/msi/caato2_ws/build/xnergy_charger_rcu -- -j20 -l20
[0.222s] [  0%] Built target actionlib_msgs_generate_messages_py
[0.222s] [  0%] Built target std_msgs_generate_messages_py
[0.222s] [  0%] Built target sensor_msgs_generate_messages_py
[0.222s] [  0%] Built target std_msgs_generate_messages_nodejs
[0.236s] [  0%] Built target _xnergy_charger_rcu_generate_messages_check_deps_ChargeActionResult
[0.236s] [  0%] Built target _xnergy_charger_rcu_generate_messages_check_deps_ChargeFeedback
[0.238s] [  0%] Built target _xnergy_charger_rcu_generate_messages_check_deps_ChargeGoal
[0.248s] [  0%] Built target _xnergy_charger_rcu_generate_messages_check_deps_ChargerState
[0.248s] [  0%] Built target _xnergy_charger_rcu_generate_messages_check_deps_ChargeActionFeedback
[0.248s] [  0%] Built target sensor_msgs_generate_messages_nodejs
[0.249s] [  0%] Built target actionlib_msgs_generate_messages_eus
[0.249s] [  0%] Built target actionlib_msgs_generate_messages_nodejs
[0.255s] [  0%] Built target _xnergy_charger_rcu_generate_messages_check_deps_ChargeResult
[0.256s] [  0%] Built target _xnergy_charger_rcu_generate_messages_check_deps_ChargeActionGoal
[0.256s] [  0%] Built target sensor_msgs_generate_messages_eus
[0.258s] [  0%] Built target std_msgs_generate_messages_eus
[0.270s] [  0%] Built target _xnergy_charger_rcu_generate_messages_check_deps_ChargeAction
[0.277s] [  0%] Built target std_msgs_generate_messages_cpp
[0.277s] [  0%] Built target sensor_msgs_generate_messages_cpp
[0.277s] [  0%] Built target actionlib_msgs_generate_messages_cpp
[0.280s] [  0%] Built target std_msgs_generate_messages_lisp
[0.280s] [  0%] Built target actionlib_msgs_generate_messages_lisp
[0.281s] [  0%] Built target sensor_msgs_generate_messages_lisp
[0.290s] [ 40%] Built target xnergy_charger_rcu_generate_messages_py
[0.290s] [ 40%] Built target xnergy_charger_rcu_generate_messages_nodejs
[0.300s] [ 78%] Built target xnergy_charger_rcu_generate_messages_cpp
[0.300s] [ 78%] Built target xnergy_charger_rcu_generate_messages_lisp
[0.300s] [100%] Built target xnergy_charger_rcu_generate_messages_eus
[0.318s] [100%] Built target xnergy_charger_rcu_generate_messages
