[  0%] Built target _rosserial_arduino_generate_messages_check_deps_Adc
[  0%] Built target _rosserial_arduino_generate_messages_check_deps_Test
[ 46%] Built target rosserial_arduino_generate_messages_cpp
[ 46%] Built target rosserial_arduino_generate_messages_eus
[ 53%] Built target rosserial_arduino_generate_messages_nodejs
[ 69%] Built target rosserial_arduino_generate_messages_lisp
[100%] Built target rosserial_arduino_generate_messages_py
[100%] Built target rosserial_arduino_generate_messages
Built target tests
-- Install configuration: ""
-- Up-to-date: /home/msi/caato2_ws/install/rosserial_arduino/share/rosserial_arduino/msg/Adc.msg
-- Up-to-date: /home/msi/caato2_ws/install/rosserial_arduino/share/rosserial_arduino/srv/Test.srv
+ cd /home/msi/caato2_ws/src/thirdparty/rosserial/rosserial_arduino
+ mkdir -p /home/msi/caato2_ws/install/rosserial_arduino/lib/python3/dist-packages
+ /usr/bin/env PYTHONPATH=/home/msi/caato2_ws/install/rosserial_arduino/lib/python3/dist-packages:/home/msi/caato2_ws/build/rosserial_arduino/lib/python3/dist-packages:/home/msi/caato2_ws/install/rosserial_python/lib/python3/dist-packages:/home/msi/caato2_ws/install/rosserial_client/lib/python3/dist-packages:/home/msi/caato2_ws/install/rosserial_msgs/lib/python3/dist-packages:/opt/ros/noetic/lib/python3/dist-packages CATKIN_BINARY_DIR=/home/msi/caato2_ws/build/rosserial_arduino /usr/bin/python3 /home/msi/caato2_ws/src/thirdparty/rosserial/rosserial_arduino/setup.py build --build-base /home/msi/caato2_ws/build/rosserial_arduino install --root=/ --install-layout=deb --prefix=/home/msi/caato2_ws/install/rosserial_arduino --install-scripts=/home/msi/caato2_ws/install/rosserial_arduino/bin
running build
running build_py
running install
running install_lib
running install_egg_info
Removing /home/msi/caato2_ws/install/rosserial_arduino/lib/python3/dist-packages/rosserial_arduino-0.9.2.egg-info
Writing /home/msi/caato2_ws/install/rosserial_arduino/lib/python3/dist-packages/rosserial_arduino-0.9.2.egg-info
-- Up-to-date: /home/msi/caato2_ws/install/rosserial_arduino/share/rosserial_arduino/cmake/rosserial_arduino-msg-paths.cmake
-- Up-to-date: /home/msi/caato2_ws/install/rosserial_arduino/include/rosserial_arduino
-- Up-to-date: /home/msi/caato2_ws/install/rosserial_arduino/include/rosserial_arduino/TestResponse.h
-- Up-to-date: /home/msi/caato2_ws/install/rosserial_arduino/include/rosserial_arduino/Adc.h
-- Up-to-date: /home/msi/caato2_ws/install/rosserial_arduino/include/rosserial_arduino/TestRequest.h
-- Up-to-date: /home/msi/caato2_ws/install/rosserial_arduino/include/rosserial_arduino/Test.h
-- Up-to-date: /home/msi/caato2_ws/install/rosserial_arduino/share/roseus/ros/rosserial_arduino
-- Up-to-date: /home/msi/caato2_ws/install/rosserial_arduino/share/roseus/ros/rosserial_arduino/msg
-- Up-to-date: /home/msi/caato2_ws/install/rosserial_arduino/share/roseus/ros/rosserial_arduino/msg/Adc.l
-- Up-to-date: /home/msi/caato2_ws/install/rosserial_arduino/share/roseus/ros/rosserial_arduino/manifest.l
-- Up-to-date: /home/msi/caato2_ws/install/rosserial_arduino/share/roseus/ros/rosserial_arduino/srv
-- Up-to-date: /home/msi/caato2_ws/install/rosserial_arduino/share/roseus/ros/rosserial_arduino/srv/Test.l
-- Up-to-date: /home/msi/caato2_ws/install/rosserial_arduino/share/common-lisp/ros/rosserial_arduino
-- Up-to-date: /home/msi/caato2_ws/install/rosserial_arduino/share/common-lisp/ros/rosserial_arduino/msg
-- Up-to-date: /home/msi/caato2_ws/install/rosserial_arduino/share/common-lisp/ros/rosserial_arduino/msg/_package.lisp
-- Up-to-date: /home/msi/caato2_ws/install/rosserial_arduino/share/common-lisp/ros/rosserial_arduino/msg/rosserial_arduino-msg.asd
-- Up-to-date: /home/msi/caato2_ws/install/rosserial_arduino/share/common-lisp/ros/rosserial_arduino/msg/_package_Adc.lisp
-- Up-to-date: /home/msi/caato2_ws/install/rosserial_arduino/share/common-lisp/ros/rosserial_arduino/msg/Adc.lisp
-- Up-to-date: /home/msi/caato2_ws/install/rosserial_arduino/share/common-lisp/ros/rosserial_arduino/srv
-- Up-to-date: /home/msi/caato2_ws/install/rosserial_arduino/share/common-lisp/ros/rosserial_arduino/srv/_package.lisp
-- Up-to-date: /home/msi/caato2_ws/install/rosserial_arduino/share/common-lisp/ros/rosserial_arduino/srv/Test.lisp
-- Up-to-date: /home/msi/caato2_ws/install/rosserial_arduino/share/common-lisp/ros/rosserial_arduino/srv/_package_Test.lisp
-- Up-to-date: /home/msi/caato2_ws/install/rosserial_arduino/share/common-lisp/ros/rosserial_arduino/srv/rosserial_arduino-srv.asd
-- Up-to-date: /home/msi/caato2_ws/install/rosserial_arduino/share/gennodejs/ros/rosserial_arduino
-- Up-to-date: /home/msi/caato2_ws/install/rosserial_arduino/share/gennodejs/ros/rosserial_arduino/_index.js
-- Up-to-date: /home/msi/caato2_ws/install/rosserial_arduino/share/gennodejs/ros/rosserial_arduino/msg
-- Up-to-date: /home/msi/caato2_ws/install/rosserial_arduino/share/gennodejs/ros/rosserial_arduino/msg/_index.js
-- Up-to-date: /home/msi/caato2_ws/install/rosserial_arduino/share/gennodejs/ros/rosserial_arduino/msg/Adc.js
-- Up-to-date: /home/msi/caato2_ws/install/rosserial_arduino/share/gennodejs/ros/rosserial_arduino/srv
-- Up-to-date: /home/msi/caato2_ws/install/rosserial_arduino/share/gennodejs/ros/rosserial_arduino/srv/_index.js
-- Up-to-date: /home/msi/caato2_ws/install/rosserial_arduino/share/gennodejs/ros/rosserial_arduino/srv/Test.js
Listing '/home/msi/caato2_ws/build/rosserial_arduino/devel/lib/python3/dist-packages/rosserial_arduino'...
Listing '/home/msi/caato2_ws/build/rosserial_arduino/devel/lib/python3/dist-packages/rosserial_arduino/msg'...
Listing '/home/msi/caato2_ws/build/rosserial_arduino/devel/lib/python3/dist-packages/rosserial_arduino/srv'...
-- Up-to-date: /home/msi/caato2_ws/install/rosserial_arduino/lib/python3/dist-packages/rosserial_arduino
-- Up-to-date: /home/msi/caato2_ws/install/rosserial_arduino/lib/python3/dist-packages/rosserial_arduino/msg
-- Up-to-date: /home/msi/caato2_ws/install/rosserial_arduino/lib/python3/dist-packages/rosserial_arduino/msg/_Adc.py
-- Up-to-date: /home/msi/caato2_ws/install/rosserial_arduino/lib/python3/dist-packages/rosserial_arduino/msg/__pycache__
-- Up-to-date: /home/msi/caato2_ws/install/rosserial_arduino/lib/python3/dist-packages/rosserial_arduino/msg/__pycache__/__init__.cpython-38.pyc
-- Up-to-date: /home/msi/caato2_ws/install/rosserial_arduino/lib/python3/dist-packages/rosserial_arduino/msg/__pycache__/_Adc.cpython-38.pyc
-- Up-to-date: /home/msi/caato2_ws/install/rosserial_arduino/lib/python3/dist-packages/rosserial_arduino/srv
-- Up-to-date: /home/msi/caato2_ws/install/rosserial_arduino/lib/python3/dist-packages/rosserial_arduino/srv/_Test.py
-- Up-to-date: /home/msi/caato2_ws/install/rosserial_arduino/lib/python3/dist-packages/rosserial_arduino/srv/__pycache__
-- Up-to-date: /home/msi/caato2_ws/install/rosserial_arduino/lib/python3/dist-packages/rosserial_arduino/srv/__pycache__/__init__.cpython-38.pyc
-- Up-to-date: /home/msi/caato2_ws/install/rosserial_arduino/lib/python3/dist-packages/rosserial_arduino/srv/__pycache__/_Test.cpython-38.pyc
-- Up-to-date: /home/msi/caato2_ws/install/rosserial_arduino/lib/python3/dist-packages/rosserial_arduino/__pycache__
-- Up-to-date: /home/msi/caato2_ws/install/rosserial_arduino/lib/python3/dist-packages/rosserial_arduino/__pycache__/__init__.cpython-38.pyc
-- Up-to-date: /home/msi/caato2_ws/install/rosserial_arduino/lib/python3/dist-packages/rosserial_arduino
-- Up-to-date: /home/msi/caato2_ws/install/rosserial_arduino/lib/python3/dist-packages/rosserial_arduino/msg
-- Up-to-date: /home/msi/caato2_ws/install/rosserial_arduino/lib/python3/dist-packages/rosserial_arduino/msg/__init__.py
-- Up-to-date: /home/msi/caato2_ws/install/rosserial_arduino/lib/python3/dist-packages/rosserial_arduino/msg/__pycache__
-- Up-to-date: /home/msi/caato2_ws/install/rosserial_arduino/lib/python3/dist-packages/rosserial_arduino/srv
-- Up-to-date: /home/msi/caato2_ws/install/rosserial_arduino/lib/python3/dist-packages/rosserial_arduino/srv/__init__.py
-- Up-to-date: /home/msi/caato2_ws/install/rosserial_arduino/lib/python3/dist-packages/rosserial_arduino/srv/__pycache__
-- Up-to-date: /home/msi/caato2_ws/install/rosserial_arduino/lib/python3/dist-packages/rosserial_arduino/__pycache__
-- Up-to-date: /home/msi/caato2_ws/install/rosserial_arduino/lib/pkgconfig/rosserial_arduino.pc
-- Up-to-date: /home/msi/caato2_ws/install/rosserial_arduino/share/rosserial_arduino/cmake/rosserial_arduino-msg-extras.cmake
-- Up-to-date: /home/msi/caato2_ws/install/rosserial_arduino/share/rosserial_arduino/cmake/rosserial_arduino-extras.cmake
-- Up-to-date: /home/msi/caato2_ws/install/rosserial_arduino/share/rosserial_arduino/cmake/rosserial_arduinoConfig.cmake
-- Up-to-date: /home/msi/caato2_ws/install/rosserial_arduino/share/rosserial_arduino/cmake/rosserial_arduinoConfig-version.cmake
-- Up-to-date: /home/msi/caato2_ws/install/rosserial_arduino/share/rosserial_arduino/package.xml
-- Up-to-date: /home/msi/caato2_ws/install/rosserial_arduino/share/rosserial_arduino/src/ros_lib
-- Up-to-date: /home/msi/caato2_ws/install/rosserial_arduino/share/rosserial_arduino/src/ros_lib/ArduinoHardware.h
-- Up-to-date: /home/msi/caato2_ws/install/rosserial_arduino/share/rosserial_arduino/src/ros_lib/ArduinoTcpHardware.h
-- Up-to-date: /home/msi/caato2_ws/install/rosserial_arduino/share/rosserial_arduino/src/ros_lib/tests
-- Up-to-date: /home/msi/caato2_ws/install/rosserial_arduino/share/rosserial_arduino/src/ros_lib/tests/time_test
-- Up-to-date: /home/msi/caato2_ws/install/rosserial_arduino/share/rosserial_arduino/src/ros_lib/tests/time_test/time_test.pde
-- Up-to-date: /home/msi/caato2_ws/install/rosserial_arduino/share/rosserial_arduino/src/ros_lib/tests/float64_test
-- Up-to-date: /home/msi/caato2_ws/install/rosserial_arduino/share/rosserial_arduino/src/ros_lib/tests/float64_test/float64_test.pde
-- Up-to-date: /home/msi/caato2_ws/install/rosserial_arduino/share/rosserial_arduino/src/ros_lib/tests/array_test
-- Up-to-date: /home/msi/caato2_ws/install/rosserial_arduino/share/rosserial_arduino/src/ros_lib/tests/array_test/array_test.pde
-- Up-to-date: /home/msi/caato2_ws/install/rosserial_arduino/share/rosserial_arduino/src/ros_lib/examples
-- Up-to-date: /home/msi/caato2_ws/install/rosserial_arduino/share/rosserial_arduino/src/ros_lib/examples/BlinkM
-- Up-to-date: /home/msi/caato2_ws/install/rosserial_arduino/share/rosserial_arduino/src/ros_lib/examples/BlinkM/BlinkM.pde
-- Up-to-date: /home/msi/caato2_ws/install/rosserial_arduino/share/rosserial_arduino/src/ros_lib/examples/BlinkM/BlinkM_funcs.h
-- Up-to-date: /home/msi/caato2_ws/install/rosserial_arduino/share/rosserial_arduino/src/ros_lib/examples/pubsub
-- Up-to-date: /home/msi/caato2_ws/install/rosserial_arduino/share/rosserial_arduino/src/ros_lib/examples/pubsub/pubsub.pde
-- Up-to-date: /home/msi/caato2_ws/install/rosserial_arduino/share/rosserial_arduino/src/ros_lib/examples/Logging
-- Up-to-date: /home/msi/caato2_ws/install/rosserial_arduino/share/rosserial_arduino/src/ros_lib/examples/Logging/Logging.pde
-- Up-to-date: /home/msi/caato2_ws/install/rosserial_arduino/share/rosserial_arduino/src/ros_lib/examples/ServoControl
-- Up-to-date: /home/msi/caato2_ws/install/rosserial_arduino/share/rosserial_arduino/src/ros_lib/examples/ServoControl/ServoControl.pde
-- Up-to-date: /home/msi/caato2_ws/install/rosserial_arduino/share/rosserial_arduino/src/ros_lib/examples/ADC
-- Up-to-date: /home/msi/caato2_ws/install/rosserial_arduino/share/rosserial_arduino/src/ros_lib/examples/ADC/ADC.pde
-- Up-to-date: /home/msi/caato2_ws/install/rosserial_arduino/share/rosserial_arduino/src/ros_lib/examples/Blink
-- Up-to-date: /home/msi/caato2_ws/install/rosserial_arduino/share/rosserial_arduino/src/ros_lib/examples/Blink/Blink.pde
-- Up-to-date: /home/msi/caato2_ws/install/rosserial_arduino/share/rosserial_arduino/src/ros_lib/examples/Clapper
-- Up-to-date: /home/msi/caato2_ws/install/rosserial_arduino/share/rosserial_arduino/src/ros_lib/examples/Clapper/Clapper.pde
-- Up-to-date: /home/msi/caato2_ws/install/rosserial_arduino/share/rosserial_arduino/src/ros_lib/examples/IrRanger
-- Up-to-date: /home/msi/caato2_ws/install/rosserial_arduino/share/rosserial_arduino/src/ros_lib/examples/IrRanger/IrRanger.pde
-- Up-to-date: /home/msi/caato2_ws/install/rosserial_arduino/share/rosserial_arduino/src/ros_lib/examples/TimeTF
-- Up-to-date: /home/msi/caato2_ws/install/rosserial_arduino/share/rosserial_arduino/src/ros_lib/examples/TimeTF/TimeTF.pde
-- Up-to-date: /home/msi/caato2_ws/install/rosserial_arduino/share/rosserial_arduino/src/ros_lib/examples/HelloWorld
-- Up-to-date: /home/msi/caato2_ws/install/rosserial_arduino/share/rosserial_arduino/src/ros_lib/examples/HelloWorld/HelloWorld.pde
-- Up-to-date: /home/msi/caato2_ws/install/rosserial_arduino/share/rosserial_arduino/src/ros_lib/examples/Temperature
-- Up-to-date: /home/msi/caato2_ws/install/rosserial_arduino/share/rosserial_arduino/src/ros_lib/examples/Temperature/Temperature.pde
-- Up-to-date: /home/msi/caato2_ws/install/rosserial_arduino/share/rosserial_arduino/src/ros_lib/examples/TcpBlink
-- Up-to-date: /home/msi/caato2_ws/install/rosserial_arduino/share/rosserial_arduino/src/ros_lib/examples/TcpBlink/TcpBlink.ino
-- Up-to-date: /home/msi/caato2_ws/install/rosserial_arduino/share/rosserial_arduino/src/ros_lib/examples/Odom
-- Up-to-date: /home/msi/caato2_ws/install/rosserial_arduino/share/rosserial_arduino/src/ros_lib/examples/Odom/Odom.pde
-- Up-to-date: /home/msi/caato2_ws/install/rosserial_arduino/share/rosserial_arduino/src/ros_lib/examples/button_example
-- Up-to-date: /home/msi/caato2_ws/install/rosserial_arduino/share/rosserial_arduino/src/ros_lib/examples/button_example/button_example.pde
-- Up-to-date: /home/msi/caato2_ws/install/rosserial_arduino/share/rosserial_arduino/src/ros_lib/examples/ServiceServer
-- Up-to-date: /home/msi/caato2_ws/install/rosserial_arduino/share/rosserial_arduino/src/ros_lib/examples/ServiceServer/ServiceServer.pde
-- Up-to-date: /home/msi/caato2_ws/install/rosserial_arduino/share/rosserial_arduino/src/ros_lib/examples/Esp8266HelloWorld
-- Up-to-date: /home/msi/caato2_ws/install/rosserial_arduino/share/rosserial_arduino/src/ros_lib/examples/Esp8266HelloWorld/Esp8266HelloWorld.ino
-- Up-to-date: /home/msi/caato2_ws/install/rosserial_arduino/share/rosserial_arduino/src/ros_lib/examples/BlinkerWithClass
-- Up-to-date: /home/msi/caato2_ws/install/rosserial_arduino/share/rosserial_arduino/src/ros_lib/examples/BlinkerWithClass/BlinkerWithClass.ino
-- Up-to-date: /home/msi/caato2_ws/install/rosserial_arduino/share/rosserial_arduino/src/ros_lib/examples/Ultrasound
-- Up-to-date: /home/msi/caato2_ws/install/rosserial_arduino/share/rosserial_arduino/src/ros_lib/examples/Ultrasound/Ultrasound.pde
-- Up-to-date: /home/msi/caato2_ws/install/rosserial_arduino/share/rosserial_arduino/src/ros_lib/examples/TcpHelloWorld
-- Up-to-date: /home/msi/caato2_ws/install/rosserial_arduino/share/rosserial_arduino/src/ros_lib/examples/TcpHelloWorld/TcpHelloWorld.ino
-- Up-to-date: /home/msi/caato2_ws/install/rosserial_arduino/share/rosserial_arduino/src/ros_lib/examples/ServiceClient
-- Up-to-date: /home/msi/caato2_ws/install/rosserial_arduino/share/rosserial_arduino/src/ros_lib/examples/ServiceClient/ServiceClient.pde
-- Up-to-date: /home/msi/caato2_ws/install/rosserial_arduino/share/rosserial_arduino/src/ros_lib/examples/ServiceClient/client.py
-- Up-to-date: /home/msi/caato2_ws/install/rosserial_arduino/share/rosserial_arduino/src/ros_lib/ros.h
-- Up-to-date: /home/msi/caato2_ws/install/rosserial_arduino/share/rosserial_arduino/arduino-cmake
-- Up-to-date: /home/msi/caato2_ws/install/rosserial_arduino/share/rosserial_arduino/arduino-cmake/cmake
-- Up-to-date: /home/msi/caato2_ws/install/rosserial_arduino/share/rosserial_arduino/arduino-cmake/cmake/ArduinoToolchain.cmake
-- Up-to-date: /home/msi/caato2_ws/install/rosserial_arduino/share/rosserial_arduino/arduino-cmake/cmake/Platform
-- Up-to-date: /home/msi/caato2_ws/install/rosserial_arduino/share/rosserial_arduino/arduino-cmake/cmake/Platform/Arduino.cmake
-- Up-to-date: /home/msi/caato2_ws/install/rosserial_arduino/lib/rosserial_arduino/make_libraries.py
-- Up-to-date: /home/msi/caato2_ws/install/rosserial_arduino/lib/rosserial_arduino/serial_node.py
