[  0%] Built target geometry_msgs_generate_messages_lisp
[  0%] Built target geometry_msgs_generate_messages_eus
[  0%] Built target geometry_msgs_generate_messages_py
[  0%] Built target geometry_msgs_generate_messages_nodejs
[  0%] Built target _rosinrange_msg_generate_messages_check_deps_RangePose
[  0%] Built target geometry_msgs_generate_messages_cpp
[  1%] Built target convert_pointcloud_to_image
[  1%] Built target std_msgs_generate_messages_eus
[  1%] Built target std_msgs_generate_messages_cpp
[  3%] Built target convert_pcd_to_image
[  3%] Built target std_srvs_generate_messages_cpp
Checking md5sum on /home/msi/caato2_ws/build/Project/devel/share/pcl_ros/samples/data/table_scene_lms400.pcd
[  3%] Built target std_msgs_generate_messages_nodejs
[  3%] Built target roscpp_generate_messages_lisp
[  3%] Built target rosgraph_msgs_generate_messages_py
[  3%] Built target sensor_msgs_generate_messages_py
[  3%] Built target table_scene_lms400.pcd
[  3%] Built target std_msgs_generate_messages_py
[  3%] Built target std_msgs_generate_messages_lisp
[  3%] Built target rosgraph_msgs_generate_messages_lisp
[  3%] Built target pcl_msgs_generate_messages_lisp
[  3%] Built target roscpp_generate_messages_nodejs
[  3%] Built target roscpp_generate_messages_eus
[  3%] Built target rosgraph_msgs_generate_messages_eus
[  3%] Built target roscpp_generate_messages_py
[  3%] Built target pcl_msgs_generate_messages_eus
[  3%] Built target pcl_msgs_generate_messages_nodejs
[  3%] Built target sensor_msgs_generate_messages_eus
[  3%] Built target rosgraph_msgs_generate_messages_nodejs
[  3%] Built target roscpp_generate_messages_cpp
[  3%] Built target sensor_msgs_generate_messages_lisp
[  3%] Built target pcl_msgs_generate_messages_cpp
[  3%] Built target pcl_msgs_generate_messages_py
[  3%] Built target sensor_msgs_generate_messages_cpp
[  3%] Built target sensor_msgs_generate_messages_nodejs
[  3%] Built target rosgraph_msgs_generate_messages_cpp
[  3%] Built target tf2_msgs_generate_messages_eus
[  3%] Built target tf_generate_messages_cpp
[  3%] Built target topic_tools_generate_messages_nodejs
[  3%] Built target tf_generate_messages_eus
[  3%] Built target std_srvs_generate_messages_eus
[  3%] Built target tf_generate_messages_lisp
[  3%] Built target std_srvs_generate_messages_py
[  3%] Built target dynamic_reconfigure_generate_messages_cpp
[  3%] Built target nodelet_topic_tools_gencfg
[  3%] Built target topic_tools_generate_messages_lisp
[  3%] Built target bond_generate_messages_nodejs
[  3%] Built target tf2_msgs_generate_messages_nodejs
[  3%] Built target bond_generate_messages_py
[  3%] Built target dynamic_reconfigure_generate_messages_eus
[  3%] Built target dynamic_reconfigure_gencfg
[  3%] Built target topic_tools_generate_messages_cpp
[  3%] Built target dynamic_reconfigure_generate_messages_lisp
[  3%] Built target tf2_msgs_generate_messages_cpp
[  3%] Built target topic_tools_generate_messages_py
[  3%] Built target std_srvs_generate_messages_lisp
[  3%] Built target nodelet_generate_messages_eus
[  3%] Built target actionlib_generate_messages_nodejs
[  3%] Built target bond_generate_messages_lisp
[  3%] Built target std_srvs_generate_messages_nodejs
[  3%] Built target tf_generate_messages_nodejs
[  3%] Built target nodelet_generate_messages_lisp
[  3%] Built target bond_generate_messages_eus
[  3%] Built target nodelet_generate_messages_py
[  3%] Built target actionlib_generate_messages_cpp
[  3%] Built target actionlib_generate_messages_eus
[  3%] Built target actionlib_msgs_generate_messages_py
[  3%] Built target actionlib_msgs_generate_messages_cpp
[  3%] Built target actionlib_generate_messages_py
[  3%] Built target dynamic_reconfigure_generate_messages_py
[  3%] Built target actionlib_msgs_generate_messages_nodejs
[  3%] Built target tf_generate_messages_py
[  3%] Built target actionlib_msgs_generate_messages_lisp
[  3%] Built target actionlib_generate_messages_lisp
[  3%] Built target actionlib_msgs_generate_messages_eus
[  3%] Built target bond_generate_messages_cpp
[  3%] Built target topic_tools_generate_messages_eus
[  3%] Built target tf2_msgs_generate_messages_py
[  3%] Built target tf2_msgs_generate_messages_lisp
[  3%] Built target nodelet_generate_messages_nodejs
[  3%] Built target dynamic_reconfigure_generate_messages_nodejs
[  3%] Built target visualization_msgs_generate_messages_cpp
[ 16%] Built target octomap_msgs_generate_messages_py
[ 16%] Built target pcl_ros_gencfg
[ 16%] Built target nodelet_generate_messages_cpp
[ 16%] Built target nav_msgs_generate_messages_eus
[ 16%] Built target octomap_msgs_generate_messages_lisp
[ 16%] Built target nav_msgs_generate_messages_lisp
[ 16%] Built target nav_msgs_generate_messages_cpp
[ 17%] Built target pointcloud_to_pcd
[ 20%] Built target pcd_to_pointcloud
[ 20%] Built target octomap_msgs_generate_messages_eus
[ 20%] Built target nav_msgs_generate_messages_py
[ 20%] Built target visualization_msgs_generate_messages_nodejs
[ 20%] Built target visualization_msgs_generate_messages_py
[ 20%] Built target nav_msgs_generate_messages_nodejs
[ 20%] Built target visualization_msgs_generate_messages_lisp
[ 20%] Built target octomap_msgs_generate_messages_cpp
[ 20%] Built target octomap_msgs_generate_messages_nodejs
[ 20%] Built target visualization_msgs_generate_messages_eus
[ 21%] Built target octomap_server_gencfg
[ 23%] Built target rosinrange_msg_generate_messages_lisp
[ 23%] Built target rosinrange_msg_generate_messages_py
[ 25%] Built target rosinrange_msg_generate_messages_eus
[ 27%] Built target rosinrange_msg_generate_messages_nodejs
[ 27%] Built target download_extra_data
[ 28%] Built target rosinrange_msg_generate_messages_cpp
[ 30%] Built target pcl_ros_tf
[ 30%] Built target download
[ 30%] Built target rosinrange_msg_generate_messages
[ 34%] Built target pcl_ros_surface
[ 36%] Built target pcl_ros_filter
[ 38%] Built target bag_to_pcd
[ 51%] Built target pcl_ros_features
[ 57%] Built target pcl_ros_io
[ 63%] Built target pcl_ros_segmentation
[ 67%] Built target amcl3d
[ 70%] Built target octomap_server
[ 74%] Built target octomap_server_color
[ 81%] Built target pcl_ros_filters
[ 84%] Built target amcl3d_node
[ 87%] Built target octomap_server_static
[ 89%] Built target octomap_saver
[ 90%] Built target octomap_server_nodelet
[ 91%] Built target octomap_tracking_server_node
[ 94%] Built target octomap_server_node
[ 96%] Built target octomap_server_multilayer
[ 98%] Built target octomap_color_server_nodelet
[100%] Built target octomap_color_server_node
-- Install configuration: ""
-- Up-to-date: /home/msi/caato2_ws/install/Project/_setup_util.py
-- Up-to-date: /home/msi/caato2_ws/install/Project/env.sh
-- Up-to-date: /home/msi/caato2_ws/install/Project/setup.bash
-- Up-to-date: /home/msi/caato2_ws/install/Project/local_setup.bash
-- Up-to-date: /home/msi/caato2_ws/install/Project/setup.sh
-- Up-to-date: /home/msi/caato2_ws/install/Project/local_setup.sh
-- Up-to-date: /home/msi/caato2_ws/install/Project/setup.zsh
-- Up-to-date: /home/msi/caato2_ws/install/Project/local_setup.zsh
-- Up-to-date: /home/msi/caato2_ws/install/Project/.rosinstall
-- Up-to-date: /home/msi/caato2_ws/install/Project/share/octomap_mapping/package.xml
-- Up-to-date: /home/msi/caato2_ws/install/Project/share/perception_pcl/package.xml
-- Up-to-date: /home/msi/caato2_ws/install/Project/share/rosinrange_msg/msg/RangePose.msg
-- Up-to-date: /home/msi/caato2_ws/install/Project/share/rosinrange_msg/cmake/rosinrange_msg-msg-paths.cmake
-- Up-to-date: /home/msi/caato2_ws/install/Project/include/rosinrange_msg
-- Up-to-date: /home/msi/caato2_ws/install/Project/include/rosinrange_msg/RangePose.h
-- Up-to-date: /home/msi/caato2_ws/install/Project/share/roseus/ros/rosinrange_msg
-- Up-to-date: /home/msi/caato2_ws/install/Project/share/roseus/ros/rosinrange_msg/msg
-- Up-to-date: /home/msi/caato2_ws/install/Project/share/roseus/ros/rosinrange_msg/msg/RangePose.l
-- Up-to-date: /home/msi/caato2_ws/install/Project/share/roseus/ros/rosinrange_msg/manifest.l
-- Up-to-date: /home/msi/caato2_ws/install/Project/share/common-lisp/ros/rosinrange_msg
-- Up-to-date: /home/msi/caato2_ws/install/Project/share/common-lisp/ros/rosinrange_msg/msg
-- Up-to-date: /home/msi/caato2_ws/install/Project/share/common-lisp/ros/rosinrange_msg/msg/_package.lisp
-- Up-to-date: /home/msi/caato2_ws/install/Project/share/common-lisp/ros/rosinrange_msg/msg/rosinrange_msg-msg.asd
-- Up-to-date: /home/msi/caato2_ws/install/Project/share/common-lisp/ros/rosinrange_msg/msg/_package_RangePose.lisp
-- Up-to-date: /home/msi/caato2_ws/install/Project/share/common-lisp/ros/rosinrange_msg/msg/RangePose.lisp
-- Up-to-date: /home/msi/caato2_ws/install/Project/share/gennodejs/ros/rosinrange_msg
-- Up-to-date: /home/msi/caato2_ws/install/Project/share/gennodejs/ros/rosinrange_msg/_index.js
-- Up-to-date: /home/msi/caato2_ws/install/Project/share/gennodejs/ros/rosinrange_msg/msg
-- Up-to-date: /home/msi/caato2_ws/install/Project/share/gennodejs/ros/rosinrange_msg/msg/_index.js
-- Up-to-date: /home/msi/caato2_ws/install/Project/share/gennodejs/ros/rosinrange_msg/msg/RangePose.js
Listing '/home/msi/caato2_ws/build/Project/devel/lib/python3/dist-packages/rosinrange_msg'...
Listing '/home/msi/caato2_ws/build/Project/devel/lib/python3/dist-packages/rosinrange_msg/msg'...
-- Up-to-date: /home/msi/caato2_ws/install/Project/lib/python3/dist-packages/rosinrange_msg
-- Up-to-date: /home/msi/caato2_ws/install/Project/lib/python3/dist-packages/rosinrange_msg/msg
-- Up-to-date: /home/msi/caato2_ws/install/Project/lib/python3/dist-packages/rosinrange_msg/msg/_RangePose.py
-- Up-to-date: /home/msi/caato2_ws/install/Project/lib/python3/dist-packages/rosinrange_msg/msg/__init__.py
-- Up-to-date: /home/msi/caato2_ws/install/Project/lib/python3/dist-packages/rosinrange_msg/msg/__pycache__
-- Up-to-date: /home/msi/caato2_ws/install/Project/lib/python3/dist-packages/rosinrange_msg/msg/__pycache__/_RangePose.cpython-38.pyc
-- Up-to-date: /home/msi/caato2_ws/install/Project/lib/python3/dist-packages/rosinrange_msg/msg/__pycache__/__init__.cpython-38.pyc
-- Up-to-date: /home/msi/caato2_ws/install/Project/lib/python3/dist-packages/rosinrange_msg/__init__.py
-- Up-to-date: /home/msi/caato2_ws/install/Project/lib/python3/dist-packages/rosinrange_msg/__pycache__
-- Up-to-date: /home/msi/caato2_ws/install/Project/lib/python3/dist-packages/rosinrange_msg/__pycache__/__init__.cpython-38.pyc
-- Up-to-date: /home/msi/caato2_ws/install/Project/lib/pkgconfig/rosinrange_msg.pc
-- Up-to-date: /home/msi/caato2_ws/install/Project/share/rosinrange_msg/cmake/rosinrange_msg-msg-extras.cmake
-- Up-to-date: /home/msi/caato2_ws/install/Project/share/rosinrange_msg/cmake/rosinrange_msgConfig.cmake
-- Up-to-date: /home/msi/caato2_ws/install/Project/share/rosinrange_msg/cmake/rosinrange_msgConfig-version.cmake
-- Up-to-date: /home/msi/caato2_ws/install/Project/share/rosinrange_msg/package.xml
-- Up-to-date: /home/msi/caato2_ws/install/Project/lib/pkgconfig/pcl_conversions.pc
-- Up-to-date: /home/msi/caato2_ws/install/Project/share/pcl_conversions/cmake/pcl_conversionsConfig.cmake
-- Up-to-date: /home/msi/caato2_ws/install/Project/share/pcl_conversions/cmake/pcl_conversionsConfig-version.cmake
-- Up-to-date: /home/msi/caato2_ws/install/Project/share/pcl_conversions/package.xml
-- Up-to-date: /home/msi/caato2_ws/install/Project/include/pcl_conversions
-- Up-to-date: /home/msi/caato2_ws/install/Project/include/pcl_conversions/pcl_conversions.h
-- Up-to-date: /home/msi/caato2_ws/install/Project/include/pcl_ros/EuclideanClusterExtractionConfig.h
-- Up-to-date: /home/msi/caato2_ws/install/Project/include/pcl_ros/ExtractIndicesConfig.h
-- Up-to-date: /home/msi/caato2_ws/install/Project/include/pcl_ros/ExtractPolygonalPrismDataConfig.h
-- Up-to-date: /home/msi/caato2_ws/install/Project/include/pcl_ros/FeatureConfig.h
-- Up-to-date: /home/msi/caato2_ws/install/Project/include/pcl_ros/FilterConfig.h
-- Up-to-date: /home/msi/caato2_ws/install/Project/include/pcl_ros/MLSConfig.h
-- Up-to-date: /home/msi/caato2_ws/install/Project/include/pcl_ros/SACSegmentationConfig.h
-- Up-to-date: /home/msi/caato2_ws/install/Project/include/pcl_ros/SACSegmentationFromNormalsConfig.h
-- Up-to-date: /home/msi/caato2_ws/install/Project/include/pcl_ros/SegmentDifferencesConfig.h
-- Up-to-date: /home/msi/caato2_ws/install/Project/include/pcl_ros/StatisticalOutlierRemovalConfig.h
-- Up-to-date: /home/msi/caato2_ws/install/Project/include/pcl_ros/RadiusOutlierRemovalConfig.h
-- Up-to-date: /home/msi/caato2_ws/install/Project/include/pcl_ros/VoxelGridConfig.h
-- Up-to-date: /home/msi/caato2_ws/install/Project/include/pcl_ros/CropBoxConfig.h
-- Up-to-date: /home/msi/caato2_ws/install/Project/lib/python3/dist-packages/pcl_ros/__init__.py
Listing '/home/msi/caato2_ws/build/Project/devel/lib/python3/dist-packages/pcl_ros/cfg'...
-- Up-to-date: /home/msi/caato2_ws/install/Project/lib/python3/dist-packages/pcl_ros/cfg
-- Up-to-date: /home/msi/caato2_ws/install/Project/lib/python3/dist-packages/pcl_ros/cfg/ExtractIndicesConfig.py
-- Up-to-date: /home/msi/caato2_ws/install/Project/lib/python3/dist-packages/pcl_ros/cfg/EuclideanClusterExtractionConfig.py
-- Up-to-date: /home/msi/caato2_ws/install/Project/lib/python3/dist-packages/pcl_ros/cfg/FeatureConfig.py
-- Up-to-date: /home/msi/caato2_ws/install/Project/lib/python3/dist-packages/pcl_ros/cfg/FilterConfig.py
-- Up-to-date: /home/msi/caato2_ws/install/Project/lib/python3/dist-packages/pcl_ros/cfg/RadiusOutlierRemovalConfig.py
-- Up-to-date: /home/msi/caato2_ws/install/Project/lib/python3/dist-packages/pcl_ros/cfg/MLSConfig.py
-- Up-to-date: /home/msi/caato2_ws/install/Project/lib/python3/dist-packages/pcl_ros/cfg/StatisticalOutlierRemovalConfig.py
-- Up-to-date: /home/msi/caato2_ws/install/Project/lib/python3/dist-packages/pcl_ros/cfg/CropBoxConfig.py
-- Up-to-date: /home/msi/caato2_ws/install/Project/lib/python3/dist-packages/pcl_ros/cfg/VoxelGridConfig.py
-- Up-to-date: /home/msi/caato2_ws/install/Project/lib/python3/dist-packages/pcl_ros/cfg/SegmentDifferencesConfig.py
-- Up-to-date: /home/msi/caato2_ws/install/Project/lib/python3/dist-packages/pcl_ros/cfg/ExtractPolygonalPrismDataConfig.py
-- Up-to-date: /home/msi/caato2_ws/install/Project/lib/python3/dist-packages/pcl_ros/cfg/__init__.py
-- Up-to-date: /home/msi/caato2_ws/install/Project/lib/python3/dist-packages/pcl_ros/cfg/SACSegmentationConfig.py
-- Up-to-date: /home/msi/caato2_ws/install/Project/lib/python3/dist-packages/pcl_ros/cfg/__pycache__
-- Up-to-date: /home/msi/caato2_ws/install/Project/lib/python3/dist-packages/pcl_ros/cfg/__pycache__/StatisticalOutlierRemovalConfig.cpython-38.pyc
-- Up-to-date: /home/msi/caato2_ws/install/Project/lib/python3/dist-packages/pcl_ros/cfg/__pycache__/ExtractPolygonalPrismDataConfig.cpython-38.pyc
-- Up-to-date: /home/msi/caato2_ws/install/Project/lib/python3/dist-packages/pcl_ros/cfg/__pycache__/CropBoxConfig.cpython-38.pyc
-- Up-to-date: /home/msi/caato2_ws/install/Project/lib/python3/dist-packages/pcl_ros/cfg/__pycache__/MLSConfig.cpython-38.pyc
-- Up-to-date: /home/msi/caato2_ws/install/Project/lib/python3/dist-packages/pcl_ros/cfg/__pycache__/VoxelGridConfig.cpython-38.pyc
-- Up-to-date: /home/msi/caato2_ws/install/Project/lib/python3/dist-packages/pcl_ros/cfg/__pycache__/SACSegmentationFromNormalsConfig.cpython-38.pyc
-- Up-to-date: /home/msi/caato2_ws/install/Project/lib/python3/dist-packages/pcl_ros/cfg/__pycache__/ExtractIndicesConfig.cpython-38.pyc
-- Up-to-date: /home/msi/caato2_ws/install/Project/lib/python3/dist-packages/pcl_ros/cfg/__pycache__/__init__.cpython-38.pyc
-- Up-to-date: /home/msi/caato2_ws/install/Project/lib/python3/dist-packages/pcl_ros/cfg/__pycache__/RadiusOutlierRemovalConfig.cpython-38.pyc
-- Up-to-date: /home/msi/caato2_ws/install/Project/lib/python3/dist-packages/pcl_ros/cfg/__pycache__/SegmentDifferencesConfig.cpython-38.pyc
-- Up-to-date: /home/msi/caato2_ws/install/Project/lib/python3/dist-packages/pcl_ros/cfg/__pycache__/FeatureConfig.cpython-38.pyc
-- Up-to-date: /home/msi/caato2_ws/install/Project/lib/python3/dist-packages/pcl_ros/cfg/__pycache__/SACSegmentationConfig.cpython-38.pyc
-- Up-to-date: /home/msi/caato2_ws/install/Project/lib/python3/dist-packages/pcl_ros/cfg/__pycache__/FilterConfig.cpython-38.pyc
-- Up-to-date: /home/msi/caato2_ws/install/Project/lib/python3/dist-packages/pcl_ros/cfg/__pycache__/EuclideanClusterExtractionConfig.cpython-38.pyc
-- Up-to-date: /home/msi/caato2_ws/install/Project/lib/python3/dist-packages/pcl_ros/cfg/SACSegmentationFromNormalsConfig.py
-- Up-to-date: /home/msi/caato2_ws/install/Project/lib/pkgconfig/pcl_ros.pc
-- Up-to-date: /home/msi/caato2_ws/install/Project/share/pcl_ros/cmake/pcl_rosConfig.cmake
-- Up-to-date: /home/msi/caato2_ws/install/Project/share/pcl_ros/cmake/pcl_rosConfig-version.cmake
-- Up-to-date: /home/msi/caato2_ws/install/Project/share/pcl_ros/package.xml
-- Up-to-date: /home/msi/caato2_ws/install/Project/include/pcl_ros
-- Up-to-date: /home/msi/caato2_ws/install/Project/include/pcl_ros/transforms.h
-- Up-to-date: /home/msi/caato2_ws/install/Project/include/pcl_ros/filters
-- Up-to-date: /home/msi/caato2_ws/install/Project/include/pcl_ros/filters/filter.h
-- Up-to-date: /home/msi/caato2_ws/install/Project/include/pcl_ros/filters/statistical_outlier_removal.h
-- Up-to-date: /home/msi/caato2_ws/install/Project/include/pcl_ros/filters/voxel_grid.h
-- Up-to-date: /home/msi/caato2_ws/install/Project/include/pcl_ros/filters/crop_box.h
-- Up-to-date: /home/msi/caato2_ws/install/Project/include/pcl_ros/filters/project_inliers.h
-- Up-to-date: /home/msi/caato2_ws/install/Project/include/pcl_ros/filters/passthrough.h
-- Up-to-date: /home/msi/caato2_ws/install/Project/include/pcl_ros/filters/radius_outlier_removal.h
-- Up-to-date: /home/msi/caato2_ws/install/Project/include/pcl_ros/filters/extract_indices.h
-- Up-to-date: /home/msi/caato2_ws/install/Project/include/pcl_ros/pcl_nodelet.h
-- Up-to-date: /home/msi/caato2_ws/install/Project/include/pcl_ros/features
-- Up-to-date: /home/msi/caato2_ws/install/Project/include/pcl_ros/features/shot.h
-- Up-to-date: /home/msi/caato2_ws/install/Project/include/pcl_ros/features/moment_invariants.h
-- Up-to-date: /home/msi/caato2_ws/install/Project/include/pcl_ros/features/normal_3d_omp.h
-- Up-to-date: /home/msi/caato2_ws/install/Project/include/pcl_ros/features/normal_3d_tbb.h
-- Up-to-date: /home/msi/caato2_ws/install/Project/include/pcl_ros/features/pfh.h
-- Up-to-date: /home/msi/caato2_ws/install/Project/include/pcl_ros/features/fpfh.h
-- Up-to-date: /home/msi/caato2_ws/install/Project/include/pcl_ros/features/vfh.h
-- Up-to-date: /home/msi/caato2_ws/install/Project/include/pcl_ros/features/feature.h
-- Up-to-date: /home/msi/caato2_ws/install/Project/include/pcl_ros/features/shot_omp.h
-- Up-to-date: /home/msi/caato2_ws/install/Project/include/pcl_ros/features/normal_3d.h
-- Up-to-date: /home/msi/caato2_ws/install/Project/include/pcl_ros/features/boundary.h
-- Up-to-date: /home/msi/caato2_ws/install/Project/include/pcl_ros/features/principal_curvatures.h
-- Up-to-date: /home/msi/caato2_ws/install/Project/include/pcl_ros/features/fpfh_omp.h
-- Up-to-date: /home/msi/caato2_ws/install/Project/include/pcl_ros/io
-- Up-to-date: /home/msi/caato2_ws/install/Project/include/pcl_ros/io/concatenate_fields.h
-- Up-to-date: /home/msi/caato2_ws/install/Project/include/pcl_ros/io/concatenate_data.h
-- Up-to-date: /home/msi/caato2_ws/install/Project/include/pcl_ros/io/bag_io.h
-- Up-to-date: /home/msi/caato2_ws/install/Project/include/pcl_ros/io/pcd_io.h
-- Up-to-date: /home/msi/caato2_ws/install/Project/include/pcl_ros/segmentation
-- Up-to-date: /home/msi/caato2_ws/install/Project/include/pcl_ros/segmentation/sac_segmentation.h
-- Up-to-date: /home/msi/caato2_ws/install/Project/include/pcl_ros/segmentation/extract_clusters.h
-- Up-to-date: /home/msi/caato2_ws/install/Project/include/pcl_ros/segmentation/extract_polygonal_prism_data.h
-- Up-to-date: /home/msi/caato2_ws/install/Project/include/pcl_ros/segmentation/segment_differences.h
-- Up-to-date: /home/msi/caato2_ws/install/Project/include/pcl_ros/impl
-- Up-to-date: /home/msi/caato2_ws/install/Project/include/pcl_ros/impl/transforms.hpp
-- Up-to-date: /home/msi/caato2_ws/install/Project/include/pcl_ros/point_cloud.h
-- Up-to-date: /home/msi/caato2_ws/install/Project/include/pcl_ros/surface
-- Up-to-date: /home/msi/caato2_ws/install/Project/include/pcl_ros/surface/convex_hull.h
-- Up-to-date: /home/msi/caato2_ws/install/Project/include/pcl_ros/surface/moving_least_squares.h
-- Up-to-date: /home/msi/caato2_ws/install/Project/include/pcl_ros/publisher.h
-- Up-to-date: /home/msi/caato2_ws/install/Project/lib/libpcl_ros_tf.so
-- Up-to-date: /home/msi/caato2_ws/install/Project/lib/libpcl_ros_io.so
-- Up-to-date: /home/msi/caato2_ws/install/Project/lib/libpcl_ros_features.so
-- Up-to-date: /home/msi/caato2_ws/install/Project/lib/libpcl_ros_filter.so
-- Up-to-date: /home/msi/caato2_ws/install/Project/lib/libpcl_ros_filters.so
-- Up-to-date: /home/msi/caato2_ws/install/Project/lib/libpcl_ros_surface.so
-- Up-to-date: /home/msi/caato2_ws/install/Project/lib/libpcl_ros_segmentation.so
-- Up-to-date: /home/msi/caato2_ws/install/Project/lib/pcl_ros/pcd_to_pointcloud
-- Up-to-date: /home/msi/caato2_ws/install/Project/lib/pcl_ros/pointcloud_to_pcd
-- Up-to-date: /home/msi/caato2_ws/install/Project/lib/pcl_ros/bag_to_pcd
-- Up-to-date: /home/msi/caato2_ws/install/Project/lib/pcl_ros/convert_pcd_to_image
-- Up-to-date: /home/msi/caato2_ws/install/Project/lib/pcl_ros/convert_pointcloud_to_image
-- Up-to-date: /home/msi/caato2_ws/install/Project/share/pcl_ros/plugins
-- Up-to-date: /home/msi/caato2_ws/install/Project/share/pcl_ros/plugins/nodelet
-- Up-to-date: /home/msi/caato2_ws/install/Project/share/pcl_ros/plugins/nodelet/libpcl_ros_filters.xml
-- Up-to-date: /home/msi/caato2_ws/install/Project/share/pcl_ros/plugins/nodelet/libpcl_ros_features.xml
-- Up-to-date: /home/msi/caato2_ws/install/Project/share/pcl_ros/plugins/nodelet/libpcl_ros_io.xml
-- Up-to-date: /home/msi/caato2_ws/install/Project/share/pcl_ros/plugins/nodelet/libpcl_ros_segmentation.xml
-- Up-to-date: /home/msi/caato2_ws/install/Project/share/pcl_ros/plugins/nodelet/libpcl_ros_surface.xml
-- Up-to-date: /home/msi/caato2_ws/install/Project/share/pcl_ros/samples
-- Up-to-date: /home/msi/caato2_ws/install/Project/share/pcl_ros/samples/pcl_ros
-- Up-to-date: /home/msi/caato2_ws/install/Project/share/pcl_ros/samples/pcl_ros/filters
-- Up-to-date: /home/msi/caato2_ws/install/Project/share/pcl_ros/samples/pcl_ros/filters/sample_voxel_grid.launch
-- Up-to-date: /home/msi/caato2_ws/install/Project/share/pcl_ros/samples/pcl_ros/filters/config
-- Up-to-date: /home/msi/caato2_ws/install/Project/share/pcl_ros/samples/pcl_ros/filters/config/voxel_grid.rviz
-- Up-to-date: /home/msi/caato2_ws/install/Project/share/pcl_ros/samples/pcl_ros/filters/config/statistical_outlier_removal.rviz
-- Up-to-date: /home/msi/caato2_ws/install/Project/share/pcl_ros/samples/pcl_ros/filters/sample_statistical_outlier_removal.launch
-- Up-to-date: /home/msi/caato2_ws/install/Project/share/pcl_ros/samples/pcl_ros/features
-- Up-to-date: /home/msi/caato2_ws/install/Project/share/pcl_ros/samples/pcl_ros/features/sample_normal_3d.launch
-- Up-to-date: /home/msi/caato2_ws/install/Project/share/pcl_ros/samples/pcl_ros/io
-- Up-to-date: /home/msi/caato2_ws/install/Project/share/pcl_ros/samples/pcl_ros/io/sample_concatenate_data.launch
-- Up-to-date: /home/msi/caato2_ws/install/Project/share/pcl_ros/samples/pcl_ros/segmentation
-- Up-to-date: /home/msi/caato2_ws/install/Project/share/pcl_ros/samples/pcl_ros/segmentation/sample_extract_clusters.launch
-- Up-to-date: /home/msi/caato2_ws/install/Project/share/pcl_ros/samples/pcl_ros/surface
-- Up-to-date: /home/msi/caato2_ws/install/Project/share/pcl_ros/samples/pcl_ros/surface/sample_convex_hull.launch
-- Up-to-date: /home/msi/caato2_ws/install/Project/share/pcl_ros/samples/data
-- Up-to-date: /home/msi/caato2_ws/install/Project/share/pcl_ros/samples/data/.gitignore
-- Up-to-date: /home/msi/caato2_ws/install/Project/lib/pkgconfig/amcl3d.pc
-- Up-to-date: /home/msi/caato2_ws/install/Project/share/amcl3d/cmake/amcl3dConfig.cmake
-- Up-to-date: /home/msi/caato2_ws/install/Project/share/amcl3d/cmake/amcl3dConfig-version.cmake
-- Up-to-date: /home/msi/caato2_ws/install/Project/share/amcl3d/package.xml
-- Up-to-date: /home/msi/caato2_ws/install/Project/include/octomap_server/OctomapServerConfig.h
-- Up-to-date: /home/msi/caato2_ws/install/Project/lib/python3/dist-packages/octomap_server/__init__.py
Listing '/home/msi/caato2_ws/build/Project/devel/lib/python3/dist-packages/octomap_server/cfg'...
-- Up-to-date: /home/msi/caato2_ws/install/Project/lib/python3/dist-packages/octomap_server/cfg
-- Up-to-date: /home/msi/caato2_ws/install/Project/lib/python3/dist-packages/octomap_server/cfg/OctomapServerConfig.py
-- Up-to-date: /home/msi/caato2_ws/install/Project/lib/python3/dist-packages/octomap_server/cfg/__init__.py
-- Up-to-date: /home/msi/caato2_ws/install/Project/lib/python3/dist-packages/octomap_server/cfg/__pycache__
-- Up-to-date: /home/msi/caato2_ws/install/Project/lib/python3/dist-packages/octomap_server/cfg/__pycache__/__init__.cpython-38.pyc
-- Up-to-date: /home/msi/caato2_ws/install/Project/lib/python3/dist-packages/octomap_server/cfg/__pycache__/OctomapServerConfig.cpython-38.pyc
-- Up-to-date: /home/msi/caato2_ws/install/Project/lib/pkgconfig/octomap_server.pc
-- Up-to-date: /home/msi/caato2_ws/install/Project/share/octomap_server/cmake/octomap_serverConfig.cmake
-- Up-to-date: /home/msi/caato2_ws/install/Project/share/octomap_server/cmake/octomap_serverConfig-version.cmake
-- Up-to-date: /home/msi/caato2_ws/install/Project/share/octomap_server/package.xml
-- Up-to-date: /home/msi/caato2_ws/install/Project/lib/liboctomap_server.so
-- Up-to-date: /home/msi/caato2_ws/install/Project/lib/liboctomap_server_color.so
-- Up-to-date: /home/msi/caato2_ws/install/Project/lib/octomap_server/octomap_server_node
-- Up-to-date: /home/msi/caato2_ws/install/Project/lib/octomap_server/octomap_color_server_node
-- Up-to-date: /home/msi/caato2_ws/install/Project/lib/octomap_server/octomap_server_static
-- Up-to-date: /home/msi/caato2_ws/install/Project/lib/octomap_server/octomap_server_multilayer
-- Up-to-date: /home/msi/caato2_ws/install/Project/lib/octomap_server/octomap_saver
-- Up-to-date: /home/msi/caato2_ws/install/Project/lib/octomap_server/octomap_tracking_server_node
-- Up-to-date: /home/msi/caato2_ws/install/Project/lib/liboctomap_server_nodelet.so
-- Up-to-date: /home/msi/caato2_ws/install/Project/lib/liboctomap_color_server_nodelet.so
-- Up-to-date: /home/msi/caato2_ws/install/Project/include/octomap_server
-- Up-to-date: /home/msi/caato2_ws/install/Project/include/octomap_server/OctomapServerMultilayer.h
-- Up-to-date: /home/msi/caato2_ws/install/Project/include/octomap_server/TrackingOctomapServer.h
-- Up-to-date: /home/msi/caato2_ws/install/Project/include/octomap_server/OctomapServer.h
-- Up-to-date: /home/msi/caato2_ws/install/Project/share/octomap_server/launch
-- Up-to-date: /home/msi/caato2_ws/install/Project/share/octomap_server/launch/octomap_tracking_client.launch
-- Up-to-date: /home/msi/caato2_ws/install/Project/share/octomap_server/launch/octomap_tracking_server.launch
-- Up-to-date: /home/msi/caato2_ws/install/Project/share/octomap_server/launch/octomap_mapping_nodelet.launch
-- Up-to-date: /home/msi/caato2_ws/install/Project/share/octomap_server/launch/octomap_mapping.launch
-- Up-to-date: /home/msi/caato2_ws/install/Project/share/octomap_server/nodelet_plugins.xml
-- Up-to-date: /home/msi/caato2_ws/install/Project/share/octomap_server/color_nodelet_plugins.xml
