[0.102s] Invoking command in '/home/msi/caato2_ws/build/Project': /usr/bin/cmake --build /home/msi/caato2_ws/build/Project -- -j20 -l20
[0.346s] [  0%] Built target geometry_msgs_generate_messages_lisp
[0.346s] [  0%] Built target geometry_msgs_generate_messages_eus
[0.346s] [  0%] Built target geometry_msgs_generate_messages_py
[0.346s] [  0%] Built target geometry_msgs_generate_messages_nodejs
[0.347s] [  0%] Built target _rosinrange_msg_generate_messages_check_deps_RangePose
[0.347s] [  0%] Built target geometry_msgs_generate_messages_cpp
[0.347s] [  1%] Built target convert_pointcloud_to_image
[0.347s] [  1%] Built target std_msgs_generate_messages_eus
[0.347s] [  1%] Built target std_msgs_generate_messages_cpp
[0.347s] [  3%] Built target convert_pcd_to_image
[0.370s] [  3%] Built target std_srvs_generate_messages_cpp
[0.383s] Checking md5sum on /home/msi/caato2_ws/build/Project/devel/share/pcl_ros/samples/data/table_scene_lms400.pcd
[0.390s] [  3%] Built target std_msgs_generate_messages_nodejs
[0.398s] [  3%] Built target roscpp_generate_messages_lisp
[0.403s] [  3%] Built target rosgraph_msgs_generate_messages_py
[0.404s] [  3%] Built target sensor_msgs_generate_messages_py
[0.408s] [  3%] Built target table_scene_lms400.pcd
[0.422s] [  3%] Built target std_msgs_generate_messages_py
[0.425s] [  3%] Built target std_msgs_generate_messages_lisp
[0.429s] [  3%] Built target rosgraph_msgs_generate_messages_lisp
[0.477s] [  3%] Built target pcl_msgs_generate_messages_lisp
[0.484s] [  3%] Built target roscpp_generate_messages_nodejs
[0.486s] [  3%] Built target roscpp_generate_messages_eus
[0.487s] [  3%] Built target rosgraph_msgs_generate_messages_eus
[0.492s] [  3%] Built target roscpp_generate_messages_py
[0.499s] [  3%] Built target pcl_msgs_generate_messages_eus
[0.500s] [  3%] Built target pcl_msgs_generate_messages_nodejs
[0.501s] [  3%] Built target sensor_msgs_generate_messages_eus
[0.509s] [  3%] Built target rosgraph_msgs_generate_messages_nodejs
[0.519s] [  3%] Built target roscpp_generate_messages_cpp
[0.535s] [  3%] Built target sensor_msgs_generate_messages_lisp
[0.545s] [  3%] Built target pcl_msgs_generate_messages_cpp
[0.545s] [  3%] Built target pcl_msgs_generate_messages_py
[0.546s] [  3%] Built target sensor_msgs_generate_messages_cpp
[0.552s] [  3%] Built target sensor_msgs_generate_messages_nodejs
[0.555s] [  3%] Built target rosgraph_msgs_generate_messages_cpp
[0.576s] [  3%] Built target tf2_msgs_generate_messages_eus
[0.576s] [  3%] Built target tf_generate_messages_cpp
[0.576s] [  3%] Built target topic_tools_generate_messages_nodejs
[0.577s] [  3%] Built target tf_generate_messages_eus
[0.581s] [  3%] Built target std_srvs_generate_messages_eus
[0.581s] [  3%] Built target tf_generate_messages_lisp
[0.582s] [  3%] Built target std_srvs_generate_messages_py
[0.583s] [  3%] Built target dynamic_reconfigure_generate_messages_cpp
[0.585s] [  3%] Built target nodelet_topic_tools_gencfg
[0.586s] [  3%] Built target topic_tools_generate_messages_lisp
[0.595s] [  3%] Built target bond_generate_messages_nodejs
[0.597s] [  3%] Built target tf2_msgs_generate_messages_nodejs
[0.598s] [  3%] Built target bond_generate_messages_py
[0.604s] [  3%] Built target dynamic_reconfigure_generate_messages_eus
[0.605s] [  3%] Built target dynamic_reconfigure_gencfg
[0.606s] [  3%] Built target topic_tools_generate_messages_cpp
[0.606s] [  3%] Built target dynamic_reconfigure_generate_messages_lisp
[0.606s] [  3%] Built target tf2_msgs_generate_messages_cpp
[0.607s] [  3%] Built target topic_tools_generate_messages_py
[0.607s] [  3%] Built target std_srvs_generate_messages_lisp
[0.607s] [  3%] Built target nodelet_generate_messages_eus
[0.608s] [  3%] Built target actionlib_generate_messages_nodejs
[0.615s] [  3%] Built target bond_generate_messages_lisp
[0.621s] [  3%] Built target std_srvs_generate_messages_nodejs
[0.631s] [  3%] Built target tf_generate_messages_nodejs
[0.631s] [  3%] Built target nodelet_generate_messages_lisp
[0.631s] [  3%] Built target bond_generate_messages_eus
[0.632s] [  3%] Built target nodelet_generate_messages_py
[0.632s] [  3%] Built target actionlib_generate_messages_cpp
[0.632s] [  3%] Built target actionlib_generate_messages_eus
[0.632s] [  3%] Built target actionlib_msgs_generate_messages_py
[0.636s] [  3%] Built target actionlib_msgs_generate_messages_cpp
[0.638s] [  3%] Built target actionlib_generate_messages_py
[0.638s] [  3%] Built target dynamic_reconfigure_generate_messages_py
[0.640s] [  3%] Built target actionlib_msgs_generate_messages_nodejs
[0.640s] [  3%] Built target tf_generate_messages_py
[0.640s] [  3%] Built target actionlib_msgs_generate_messages_lisp
[0.640s] [  3%] Built target actionlib_generate_messages_lisp
[0.641s] [  3%] Built target actionlib_msgs_generate_messages_eus
[0.663s] [  3%] Built target bond_generate_messages_cpp
[0.667s] [  3%] Built target topic_tools_generate_messages_eus
[0.667s] [  3%] Built target tf2_msgs_generate_messages_py
[0.667s] [  3%] Built target tf2_msgs_generate_messages_lisp
[0.667s] [  3%] Built target nodelet_generate_messages_nodejs
[0.667s] [  3%] Built target dynamic_reconfigure_generate_messages_nodejs
[0.668s] [  3%] Built target visualization_msgs_generate_messages_cpp
[0.668s] [ 16%] Built target octomap_msgs_generate_messages_py
[0.672s] [ 16%] Built target pcl_ros_gencfg
[0.672s] [ 16%] Built target nodelet_generate_messages_cpp
[0.673s] [ 16%] Built target nav_msgs_generate_messages_eus
[0.677s] [ 16%] Built target octomap_msgs_generate_messages_lisp
[0.677s] [ 16%] Built target nav_msgs_generate_messages_lisp
[0.677s] [ 16%] Built target nav_msgs_generate_messages_cpp
[0.681s] [ 17%] Built target pointcloud_to_pcd
[0.682s] [ 20%] Built target pcd_to_pointcloud
[0.698s] [ 20%] Built target octomap_msgs_generate_messages_eus
[0.698s] [ 20%] Built target nav_msgs_generate_messages_py
[0.698s] [ 20%] Built target visualization_msgs_generate_messages_nodejs
[0.699s] [ 20%] Built target visualization_msgs_generate_messages_py
[0.699s] [ 20%] Built target nav_msgs_generate_messages_nodejs
[0.701s] [ 20%] Built target visualization_msgs_generate_messages_lisp
[0.705s] [ 20%] Built target octomap_msgs_generate_messages_cpp
[0.705s] [ 20%] Built target octomap_msgs_generate_messages_nodejs
[0.706s] [ 20%] Built target visualization_msgs_generate_messages_eus
[0.708s] [ 21%] Built target octomap_server_gencfg
[0.709s] [ 23%] Built target rosinrange_msg_generate_messages_lisp
[0.709s] [ 23%] Built target rosinrange_msg_generate_messages_py
[0.721s] [ 25%] Built target rosinrange_msg_generate_messages_eus
[0.721s] [ 27%] Built target rosinrange_msg_generate_messages_nodejs
[0.721s] [ 27%] Built target download_extra_data
[0.721s] [ 28%] Built target rosinrange_msg_generate_messages_cpp
[0.741s] [ 30%] Built target pcl_ros_tf
[0.741s] [ 30%] Built target download
[0.747s] [ 30%] Built target rosinrange_msg_generate_messages
[0.751s] [ 34%] Built target pcl_ros_surface
[0.781s] [ 36%] Built target pcl_ros_filter
[0.781s] [ 38%] Built target bag_to_pcd
[0.781s] [ 51%] Built target pcl_ros_features
[0.785s] [ 57%] Built target pcl_ros_io
[0.794s] [ 63%] Built target pcl_ros_segmentation
[0.814s] [ 67%] Built target amcl3d
[0.825s] [ 70%] Built target octomap_server
[0.827s] [ 74%] Built target octomap_server_color
[0.832s] [ 81%] Built target pcl_ros_filters
[0.851s] [ 84%] Built target amcl3d_node
[0.863s] [ 87%] Built target octomap_server_static
[0.863s] [ 89%] Built target octomap_saver
[0.863s] [ 90%] Built target octomap_server_nodelet
[0.863s] [ 91%] Built target octomap_tracking_server_node
[0.864s] [ 94%] Built target octomap_server_node
[0.865s] [ 96%] Built target octomap_server_multilayer
[0.869s] [ 98%] Built target octomap_color_server_nodelet
[0.877s] [100%] Built target octomap_color_server_node
[0.932s] Invoked command in '/home/msi/caato2_ws/build/Project' returned '0': /usr/bin/cmake --build /home/msi/caato2_ws/build/Project -- -j20 -l20
[1.115s] Invoking command in '/home/msi/caato2_ws/build/Project': /usr/bin/cmake --install /home/msi/caato2_ws/build/Project
[1.166s] -- Install configuration: ""
[1.166s] -- Up-to-date: /home/msi/caato2_ws/install/Project/_setup_util.py
[1.166s] -- Up-to-date: /home/msi/caato2_ws/install/Project/env.sh
[1.166s] -- Up-to-date: /home/msi/caato2_ws/install/Project/setup.bash
[1.166s] -- Up-to-date: /home/msi/caato2_ws/install/Project/local_setup.bash
[1.166s] -- Up-to-date: /home/msi/caato2_ws/install/Project/setup.sh
[1.166s] -- Up-to-date: /home/msi/caato2_ws/install/Project/local_setup.sh
[1.167s] -- Up-to-date: /home/msi/caato2_ws/install/Project/setup.zsh
[1.167s] -- Up-to-date: /home/msi/caato2_ws/install/Project/local_setup.zsh
[1.167s] -- Up-to-date: /home/msi/caato2_ws/install/Project/.rosinstall
[1.169s] -- Up-to-date: /home/msi/caato2_ws/install/Project/share/octomap_mapping/package.xml
[1.171s] -- Up-to-date: /home/msi/caato2_ws/install/Project/share/perception_pcl/package.xml
[1.171s] -- Up-to-date: /home/msi/caato2_ws/install/Project/share/rosinrange_msg/msg/RangePose.msg
[1.171s] -- Up-to-date: /home/msi/caato2_ws/install/Project/share/rosinrange_msg/cmake/rosinrange_msg-msg-paths.cmake
[1.171s] -- Up-to-date: /home/msi/caato2_ws/install/Project/include/rosinrange_msg
[1.171s] -- Up-to-date: /home/msi/caato2_ws/install/Project/include/rosinrange_msg/RangePose.h
[1.172s] -- Up-to-date: /home/msi/caato2_ws/install/Project/share/roseus/ros/rosinrange_msg
[1.172s] -- Up-to-date: /home/msi/caato2_ws/install/Project/share/roseus/ros/rosinrange_msg/msg
[1.172s] -- Up-to-date: /home/msi/caato2_ws/install/Project/share/roseus/ros/rosinrange_msg/msg/RangePose.l
[1.172s] -- Up-to-date: /home/msi/caato2_ws/install/Project/share/roseus/ros/rosinrange_msg/manifest.l
[1.172s] -- Up-to-date: /home/msi/caato2_ws/install/Project/share/common-lisp/ros/rosinrange_msg
[1.172s] -- Up-to-date: /home/msi/caato2_ws/install/Project/share/common-lisp/ros/rosinrange_msg/msg
[1.172s] -- Up-to-date: /home/msi/caato2_ws/install/Project/share/common-lisp/ros/rosinrange_msg/msg/_package.lisp
[1.172s] -- Up-to-date: /home/msi/caato2_ws/install/Project/share/common-lisp/ros/rosinrange_msg/msg/rosinrange_msg-msg.asd
[1.173s] -- Up-to-date: /home/msi/caato2_ws/install/Project/share/common-lisp/ros/rosinrange_msg/msg/_package_RangePose.lisp
[1.173s] -- Up-to-date: /home/msi/caato2_ws/install/Project/share/common-lisp/ros/rosinrange_msg/msg/RangePose.lisp
[1.173s] -- Up-to-date: /home/msi/caato2_ws/install/Project/share/gennodejs/ros/rosinrange_msg
[1.173s] -- Up-to-date: /home/msi/caato2_ws/install/Project/share/gennodejs/ros/rosinrange_msg/_index.js
[1.173s] -- Up-to-date: /home/msi/caato2_ws/install/Project/share/gennodejs/ros/rosinrange_msg/msg
[1.173s] -- Up-to-date: /home/msi/caato2_ws/install/Project/share/gennodejs/ros/rosinrange_msg/msg/_index.js
[1.173s] -- Up-to-date: /home/msi/caato2_ws/install/Project/share/gennodejs/ros/rosinrange_msg/msg/RangePose.js
[1.173s] Listing '/home/msi/caato2_ws/build/Project/devel/lib/python3/dist-packages/rosinrange_msg'...
[1.173s] Listing '/home/msi/caato2_ws/build/Project/devel/lib/python3/dist-packages/rosinrange_msg/msg'...
[1.174s] -- Up-to-date: /home/msi/caato2_ws/install/Project/lib/python3/dist-packages/rosinrange_msg
[1.174s] -- Up-to-date: /home/msi/caato2_ws/install/Project/lib/python3/dist-packages/rosinrange_msg/msg
[1.174s] -- Up-to-date: /home/msi/caato2_ws/install/Project/lib/python3/dist-packages/rosinrange_msg/msg/_RangePose.py
[1.174s] -- Up-to-date: /home/msi/caato2_ws/install/Project/lib/python3/dist-packages/rosinrange_msg/msg/__init__.py
[1.174s] -- Up-to-date: /home/msi/caato2_ws/install/Project/lib/python3/dist-packages/rosinrange_msg/msg/__pycache__
[1.174s] -- Up-to-date: /home/msi/caato2_ws/install/Project/lib/python3/dist-packages/rosinrange_msg/msg/__pycache__/_RangePose.cpython-38.pyc
[1.174s] -- Up-to-date: /home/msi/caato2_ws/install/Project/lib/python3/dist-packages/rosinrange_msg/msg/__pycache__/__init__.cpython-38.pyc
[1.174s] -- Up-to-date: /home/msi/caato2_ws/install/Project/lib/python3/dist-packages/rosinrange_msg/__init__.py
[1.175s] -- Up-to-date: /home/msi/caato2_ws/install/Project/lib/python3/dist-packages/rosinrange_msg/__pycache__
[1.175s] -- Up-to-date: /home/msi/caato2_ws/install/Project/lib/python3/dist-packages/rosinrange_msg/__pycache__/__init__.cpython-38.pyc
[1.175s] -- Up-to-date: /home/msi/caato2_ws/install/Project/lib/pkgconfig/rosinrange_msg.pc
[1.175s] -- Up-to-date: /home/msi/caato2_ws/install/Project/share/rosinrange_msg/cmake/rosinrange_msg-msg-extras.cmake
[1.176s] -- Up-to-date: /home/msi/caato2_ws/install/Project/share/rosinrange_msg/cmake/rosinrange_msgConfig.cmake
[1.176s] -- Up-to-date: /home/msi/caato2_ws/install/Project/share/rosinrange_msg/cmake/rosinrange_msgConfig-version.cmake
[1.176s] -- Up-to-date: /home/msi/caato2_ws/install/Project/share/rosinrange_msg/package.xml
[1.176s] -- Up-to-date: /home/msi/caato2_ws/install/Project/lib/pkgconfig/pcl_conversions.pc
[1.176s] -- Up-to-date: /home/msi/caato2_ws/install/Project/share/pcl_conversions/cmake/pcl_conversionsConfig.cmake
[1.176s] -- Up-to-date: /home/msi/caato2_ws/install/Project/share/pcl_conversions/cmake/pcl_conversionsConfig-version.cmake
[1.176s] -- Up-to-date: /home/msi/caato2_ws/install/Project/share/pcl_conversions/package.xml
[1.176s] -- Up-to-date: /home/msi/caato2_ws/install/Project/include/pcl_conversions
[1.176s] -- Up-to-date: /home/msi/caato2_ws/install/Project/include/pcl_conversions/pcl_conversions.h
[1.176s] -- Up-to-date: /home/msi/caato2_ws/install/Project/include/pcl_ros/EuclideanClusterExtractionConfig.h
[1.177s] -- Up-to-date: /home/msi/caato2_ws/install/Project/include/pcl_ros/ExtractIndicesConfig.h
[1.177s] -- Up-to-date: /home/msi/caato2_ws/install/Project/include/pcl_ros/ExtractPolygonalPrismDataConfig.h
[1.177s] -- Up-to-date: /home/msi/caato2_ws/install/Project/include/pcl_ros/FeatureConfig.h
[1.177s] -- Up-to-date: /home/msi/caato2_ws/install/Project/include/pcl_ros/FilterConfig.h
[1.177s] -- Up-to-date: /home/msi/caato2_ws/install/Project/include/pcl_ros/MLSConfig.h
[1.177s] -- Up-to-date: /home/msi/caato2_ws/install/Project/include/pcl_ros/SACSegmentationConfig.h
[1.177s] -- Up-to-date: /home/msi/caato2_ws/install/Project/include/pcl_ros/SACSegmentationFromNormalsConfig.h
[1.177s] -- Up-to-date: /home/msi/caato2_ws/install/Project/include/pcl_ros/SegmentDifferencesConfig.h
[1.177s] -- Up-to-date: /home/msi/caato2_ws/install/Project/include/pcl_ros/StatisticalOutlierRemovalConfig.h
[1.177s] -- Up-to-date: /home/msi/caato2_ws/install/Project/include/pcl_ros/RadiusOutlierRemovalConfig.h
[1.177s] -- Up-to-date: /home/msi/caato2_ws/install/Project/include/pcl_ros/VoxelGridConfig.h
[1.178s] -- Up-to-date: /home/msi/caato2_ws/install/Project/include/pcl_ros/CropBoxConfig.h
[1.178s] -- Up-to-date: /home/msi/caato2_ws/install/Project/lib/python3/dist-packages/pcl_ros/__init__.py
[1.213s] Listing '/home/msi/caato2_ws/build/Project/devel/lib/python3/dist-packages/pcl_ros/cfg'...
[1.217s] -- Up-to-date: /home/msi/caato2_ws/install/Project/lib/python3/dist-packages/pcl_ros/cfg
[1.217s] -- Up-to-date: /home/msi/caato2_ws/install/Project/lib/python3/dist-packages/pcl_ros/cfg/ExtractIndicesConfig.py
[1.217s] -- Up-to-date: /home/msi/caato2_ws/install/Project/lib/python3/dist-packages/pcl_ros/cfg/EuclideanClusterExtractionConfig.py
[1.217s] -- Up-to-date: /home/msi/caato2_ws/install/Project/lib/python3/dist-packages/pcl_ros/cfg/FeatureConfig.py
[1.217s] -- Up-to-date: /home/msi/caato2_ws/install/Project/lib/python3/dist-packages/pcl_ros/cfg/FilterConfig.py
[1.217s] -- Up-to-date: /home/msi/caato2_ws/install/Project/lib/python3/dist-packages/pcl_ros/cfg/RadiusOutlierRemovalConfig.py
[1.217s] -- Up-to-date: /home/msi/caato2_ws/install/Project/lib/python3/dist-packages/pcl_ros/cfg/MLSConfig.py
[1.218s] -- Up-to-date: /home/msi/caato2_ws/install/Project/lib/python3/dist-packages/pcl_ros/cfg/StatisticalOutlierRemovalConfig.py
[1.218s] -- Up-to-date: /home/msi/caato2_ws/install/Project/lib/python3/dist-packages/pcl_ros/cfg/CropBoxConfig.py
[1.218s] -- Up-to-date: /home/msi/caato2_ws/install/Project/lib/python3/dist-packages/pcl_ros/cfg/VoxelGridConfig.py
[1.218s] -- Up-to-date: /home/msi/caato2_ws/install/Project/lib/python3/dist-packages/pcl_ros/cfg/SegmentDifferencesConfig.py
[1.218s] -- Up-to-date: /home/msi/caato2_ws/install/Project/lib/python3/dist-packages/pcl_ros/cfg/ExtractPolygonalPrismDataConfig.py
[1.218s] -- Up-to-date: /home/msi/caato2_ws/install/Project/lib/python3/dist-packages/pcl_ros/cfg/__init__.py
[1.218s] -- Up-to-date: /home/msi/caato2_ws/install/Project/lib/python3/dist-packages/pcl_ros/cfg/SACSegmentationConfig.py
[1.218s] -- Up-to-date: /home/msi/caato2_ws/install/Project/lib/python3/dist-packages/pcl_ros/cfg/__pycache__
[1.218s] -- Up-to-date: /home/msi/caato2_ws/install/Project/lib/python3/dist-packages/pcl_ros/cfg/__pycache__/StatisticalOutlierRemovalConfig.cpython-38.pyc
[1.219s] -- Up-to-date: /home/msi/caato2_ws/install/Project/lib/python3/dist-packages/pcl_ros/cfg/__pycache__/ExtractPolygonalPrismDataConfig.cpython-38.pyc
[1.219s] -- Up-to-date: /home/msi/caato2_ws/install/Project/lib/python3/dist-packages/pcl_ros/cfg/__pycache__/CropBoxConfig.cpython-38.pyc
[1.219s] -- Up-to-date: /home/msi/caato2_ws/install/Project/lib/python3/dist-packages/pcl_ros/cfg/__pycache__/MLSConfig.cpython-38.pyc
[1.219s] -- Up-to-date: /home/msi/caato2_ws/install/Project/lib/python3/dist-packages/pcl_ros/cfg/__pycache__/VoxelGridConfig.cpython-38.pyc
[1.219s] -- Up-to-date: /home/msi/caato2_ws/install/Project/lib/python3/dist-packages/pcl_ros/cfg/__pycache__/SACSegmentationFromNormalsConfig.cpython-38.pyc
[1.219s] -- Up-to-date: /home/msi/caato2_ws/install/Project/lib/python3/dist-packages/pcl_ros/cfg/__pycache__/ExtractIndicesConfig.cpython-38.pyc
[1.219s] -- Up-to-date: /home/msi/caato2_ws/install/Project/lib/python3/dist-packages/pcl_ros/cfg/__pycache__/__init__.cpython-38.pyc
[1.219s] -- Up-to-date: /home/msi/caato2_ws/install/Project/lib/python3/dist-packages/pcl_ros/cfg/__pycache__/RadiusOutlierRemovalConfig.cpython-38.pyc
[1.220s] -- Up-to-date: /home/msi/caato2_ws/install/Project/lib/python3/dist-packages/pcl_ros/cfg/__pycache__/SegmentDifferencesConfig.cpython-38.pyc
[1.220s] -- Up-to-date: /home/msi/caato2_ws/install/Project/lib/python3/dist-packages/pcl_ros/cfg/__pycache__/FeatureConfig.cpython-38.pyc
[1.220s] -- Up-to-date: /home/msi/caato2_ws/install/Project/lib/python3/dist-packages/pcl_ros/cfg/__pycache__/SACSegmentationConfig.cpython-38.pyc
[1.220s] -- Up-to-date: /home/msi/caato2_ws/install/Project/lib/python3/dist-packages/pcl_ros/cfg/__pycache__/FilterConfig.cpython-38.pyc
[1.220s] -- Up-to-date: /home/msi/caato2_ws/install/Project/lib/python3/dist-packages/pcl_ros/cfg/__pycache__/EuclideanClusterExtractionConfig.cpython-38.pyc
[1.226s] -- Up-to-date: /home/msi/caato2_ws/install/Project/lib/python3/dist-packages/pcl_ros/cfg/SACSegmentationFromNormalsConfig.py
[1.226s] -- Up-to-date: /home/msi/caato2_ws/install/Project/lib/pkgconfig/pcl_ros.pc
[1.226s] -- Up-to-date: /home/msi/caato2_ws/install/Project/share/pcl_ros/cmake/pcl_rosConfig.cmake
[1.226s] -- Up-to-date: /home/msi/caato2_ws/install/Project/share/pcl_ros/cmake/pcl_rosConfig-version.cmake
[1.226s] -- Up-to-date: /home/msi/caato2_ws/install/Project/share/pcl_ros/package.xml
[1.227s] -- Up-to-date: /home/msi/caato2_ws/install/Project/include/pcl_ros
[1.227s] -- Up-to-date: /home/msi/caato2_ws/install/Project/include/pcl_ros/transforms.h
[1.227s] -- Up-to-date: /home/msi/caato2_ws/install/Project/include/pcl_ros/filters
[1.228s] -- Up-to-date: /home/msi/caato2_ws/install/Project/include/pcl_ros/filters/filter.h
[1.228s] -- Up-to-date: /home/msi/caato2_ws/install/Project/include/pcl_ros/filters/statistical_outlier_removal.h
[1.228s] -- Up-to-date: /home/msi/caato2_ws/install/Project/include/pcl_ros/filters/voxel_grid.h
[1.228s] -- Up-to-date: /home/msi/caato2_ws/install/Project/include/pcl_ros/filters/crop_box.h
[1.228s] -- Up-to-date: /home/msi/caato2_ws/install/Project/include/pcl_ros/filters/project_inliers.h
[1.228s] -- Up-to-date: /home/msi/caato2_ws/install/Project/include/pcl_ros/filters/passthrough.h
[1.228s] -- Up-to-date: /home/msi/caato2_ws/install/Project/include/pcl_ros/filters/radius_outlier_removal.h
[1.228s] -- Up-to-date: /home/msi/caato2_ws/install/Project/include/pcl_ros/filters/extract_indices.h
[1.228s] -- Up-to-date: /home/msi/caato2_ws/install/Project/include/pcl_ros/pcl_nodelet.h
[1.228s] -- Up-to-date: /home/msi/caato2_ws/install/Project/include/pcl_ros/features
[1.228s] -- Up-to-date: /home/msi/caato2_ws/install/Project/include/pcl_ros/features/shot.h
[1.229s] -- Up-to-date: /home/msi/caato2_ws/install/Project/include/pcl_ros/features/moment_invariants.h
[1.229s] -- Up-to-date: /home/msi/caato2_ws/install/Project/include/pcl_ros/features/normal_3d_omp.h
[1.229s] -- Up-to-date: /home/msi/caato2_ws/install/Project/include/pcl_ros/features/normal_3d_tbb.h
[1.229s] -- Up-to-date: /home/msi/caato2_ws/install/Project/include/pcl_ros/features/pfh.h
[1.229s] -- Up-to-date: /home/msi/caato2_ws/install/Project/include/pcl_ros/features/fpfh.h
[1.229s] -- Up-to-date: /home/msi/caato2_ws/install/Project/include/pcl_ros/features/vfh.h
[1.229s] -- Up-to-date: /home/msi/caato2_ws/install/Project/include/pcl_ros/features/feature.h
[1.229s] -- Up-to-date: /home/msi/caato2_ws/install/Project/include/pcl_ros/features/shot_omp.h
[1.229s] -- Up-to-date: /home/msi/caato2_ws/install/Project/include/pcl_ros/features/normal_3d.h
[1.229s] -- Up-to-date: /home/msi/caato2_ws/install/Project/include/pcl_ros/features/boundary.h
[1.229s] -- Up-to-date: /home/msi/caato2_ws/install/Project/include/pcl_ros/features/principal_curvatures.h
[1.229s] -- Up-to-date: /home/msi/caato2_ws/install/Project/include/pcl_ros/features/fpfh_omp.h
[1.229s] -- Up-to-date: /home/msi/caato2_ws/install/Project/include/pcl_ros/io
[1.229s] -- Up-to-date: /home/msi/caato2_ws/install/Project/include/pcl_ros/io/concatenate_fields.h
[1.229s] -- Up-to-date: /home/msi/caato2_ws/install/Project/include/pcl_ros/io/concatenate_data.h
[1.229s] -- Up-to-date: /home/msi/caato2_ws/install/Project/include/pcl_ros/io/bag_io.h
[1.229s] -- Up-to-date: /home/msi/caato2_ws/install/Project/include/pcl_ros/io/pcd_io.h
[1.230s] -- Up-to-date: /home/msi/caato2_ws/install/Project/include/pcl_ros/segmentation
[1.230s] -- Up-to-date: /home/msi/caato2_ws/install/Project/include/pcl_ros/segmentation/sac_segmentation.h
[1.230s] -- Up-to-date: /home/msi/caato2_ws/install/Project/include/pcl_ros/segmentation/extract_clusters.h
[1.230s] -- Up-to-date: /home/msi/caato2_ws/install/Project/include/pcl_ros/segmentation/extract_polygonal_prism_data.h
[1.230s] -- Up-to-date: /home/msi/caato2_ws/install/Project/include/pcl_ros/segmentation/segment_differences.h
[1.230s] -- Up-to-date: /home/msi/caato2_ws/install/Project/include/pcl_ros/impl
[1.230s] -- Up-to-date: /home/msi/caato2_ws/install/Project/include/pcl_ros/impl/transforms.hpp
[1.232s] -- Up-to-date: /home/msi/caato2_ws/install/Project/include/pcl_ros/point_cloud.h
[1.233s] -- Up-to-date: /home/msi/caato2_ws/install/Project/include/pcl_ros/surface
[1.233s] -- Up-to-date: /home/msi/caato2_ws/install/Project/include/pcl_ros/surface/convex_hull.h
[1.233s] -- Up-to-date: /home/msi/caato2_ws/install/Project/include/pcl_ros/surface/moving_least_squares.h
[1.233s] -- Up-to-date: /home/msi/caato2_ws/install/Project/include/pcl_ros/publisher.h
[1.233s] -- Up-to-date: /home/msi/caato2_ws/install/Project/lib/libpcl_ros_tf.so
[1.233s] -- Up-to-date: /home/msi/caato2_ws/install/Project/lib/libpcl_ros_io.so
[1.233s] -- Up-to-date: /home/msi/caato2_ws/install/Project/lib/libpcl_ros_features.so
[1.233s] -- Up-to-date: /home/msi/caato2_ws/install/Project/lib/libpcl_ros_filter.so
[1.233s] -- Up-to-date: /home/msi/caato2_ws/install/Project/lib/libpcl_ros_filters.so
[1.234s] -- Up-to-date: /home/msi/caato2_ws/install/Project/lib/libpcl_ros_surface.so
[1.234s] -- Up-to-date: /home/msi/caato2_ws/install/Project/lib/libpcl_ros_segmentation.so
[1.234s] -- Up-to-date: /home/msi/caato2_ws/install/Project/lib/pcl_ros/pcd_to_pointcloud
[1.234s] -- Up-to-date: /home/msi/caato2_ws/install/Project/lib/pcl_ros/pointcloud_to_pcd
[1.234s] -- Up-to-date: /home/msi/caato2_ws/install/Project/lib/pcl_ros/bag_to_pcd
[1.234s] -- Up-to-date: /home/msi/caato2_ws/install/Project/lib/pcl_ros/convert_pcd_to_image
[1.234s] -- Up-to-date: /home/msi/caato2_ws/install/Project/lib/pcl_ros/convert_pointcloud_to_image
[1.235s] -- Up-to-date: /home/msi/caato2_ws/install/Project/share/pcl_ros/plugins
[1.235s] -- Up-to-date: /home/msi/caato2_ws/install/Project/share/pcl_ros/plugins/nodelet
[1.236s] -- Up-to-date: /home/msi/caato2_ws/install/Project/share/pcl_ros/plugins/nodelet/libpcl_ros_filters.xml
[1.236s] -- Up-to-date: /home/msi/caato2_ws/install/Project/share/pcl_ros/plugins/nodelet/libpcl_ros_features.xml
[1.236s] -- Up-to-date: /home/msi/caato2_ws/install/Project/share/pcl_ros/plugins/nodelet/libpcl_ros_io.xml
[1.236s] -- Up-to-date: /home/msi/caato2_ws/install/Project/share/pcl_ros/plugins/nodelet/libpcl_ros_segmentation.xml
[1.236s] -- Up-to-date: /home/msi/caato2_ws/install/Project/share/pcl_ros/plugins/nodelet/libpcl_ros_surface.xml
[1.236s] -- Up-to-date: /home/msi/caato2_ws/install/Project/share/pcl_ros/samples
[1.236s] -- Up-to-date: /home/msi/caato2_ws/install/Project/share/pcl_ros/samples/pcl_ros
[1.237s] -- Up-to-date: /home/msi/caato2_ws/install/Project/share/pcl_ros/samples/pcl_ros/filters
[1.237s] -- Up-to-date: /home/msi/caato2_ws/install/Project/share/pcl_ros/samples/pcl_ros/filters/sample_voxel_grid.launch
[1.237s] -- Up-to-date: /home/msi/caato2_ws/install/Project/share/pcl_ros/samples/pcl_ros/filters/config
[1.237s] -- Up-to-date: /home/msi/caato2_ws/install/Project/share/pcl_ros/samples/pcl_ros/filters/config/voxel_grid.rviz
[1.237s] -- Up-to-date: /home/msi/caato2_ws/install/Project/share/pcl_ros/samples/pcl_ros/filters/config/statistical_outlier_removal.rviz
[1.237s] -- Up-to-date: /home/msi/caato2_ws/install/Project/share/pcl_ros/samples/pcl_ros/filters/sample_statistical_outlier_removal.launch
[1.237s] -- Up-to-date: /home/msi/caato2_ws/install/Project/share/pcl_ros/samples/pcl_ros/features
[1.237s] -- Up-to-date: /home/msi/caato2_ws/install/Project/share/pcl_ros/samples/pcl_ros/features/sample_normal_3d.launch
[1.237s] -- Up-to-date: /home/msi/caato2_ws/install/Project/share/pcl_ros/samples/pcl_ros/io
[1.237s] -- Up-to-date: /home/msi/caato2_ws/install/Project/share/pcl_ros/samples/pcl_ros/io/sample_concatenate_data.launch
[1.237s] -- Up-to-date: /home/msi/caato2_ws/install/Project/share/pcl_ros/samples/pcl_ros/segmentation
[1.237s] -- Up-to-date: /home/msi/caato2_ws/install/Project/share/pcl_ros/samples/pcl_ros/segmentation/sample_extract_clusters.launch
[1.237s] -- Up-to-date: /home/msi/caato2_ws/install/Project/share/pcl_ros/samples/pcl_ros/surface
[1.237s] -- Up-to-date: /home/msi/caato2_ws/install/Project/share/pcl_ros/samples/pcl_ros/surface/sample_convex_hull.launch
[1.237s] -- Up-to-date: /home/msi/caato2_ws/install/Project/share/pcl_ros/samples/data
[1.238s] -- Up-to-date: /home/msi/caato2_ws/install/Project/share/pcl_ros/samples/data/.gitignore
[1.239s] -- Up-to-date: /home/msi/caato2_ws/install/Project/lib/pkgconfig/amcl3d.pc
[1.239s] -- Up-to-date: /home/msi/caato2_ws/install/Project/share/amcl3d/cmake/amcl3dConfig.cmake
[1.239s] -- Up-to-date: /home/msi/caato2_ws/install/Project/share/amcl3d/cmake/amcl3dConfig-version.cmake
[1.239s] -- Up-to-date: /home/msi/caato2_ws/install/Project/share/amcl3d/package.xml
[1.239s] -- Up-to-date: /home/msi/caato2_ws/install/Project/include/octomap_server/OctomapServerConfig.h
[1.239s] -- Up-to-date: /home/msi/caato2_ws/install/Project/lib/python3/dist-packages/octomap_server/__init__.py
[1.275s] Listing '/home/msi/caato2_ws/build/Project/devel/lib/python3/dist-packages/octomap_server/cfg'...
[1.275s] -- Up-to-date: /home/msi/caato2_ws/install/Project/lib/python3/dist-packages/octomap_server/cfg
[1.276s] -- Up-to-date: /home/msi/caato2_ws/install/Project/lib/python3/dist-packages/octomap_server/cfg/OctomapServerConfig.py
[1.276s] -- Up-to-date: /home/msi/caato2_ws/install/Project/lib/python3/dist-packages/octomap_server/cfg/__init__.py
[1.276s] -- Up-to-date: /home/msi/caato2_ws/install/Project/lib/python3/dist-packages/octomap_server/cfg/__pycache__
[1.276s] -- Up-to-date: /home/msi/caato2_ws/install/Project/lib/python3/dist-packages/octomap_server/cfg/__pycache__/__init__.cpython-38.pyc
[1.276s] -- Up-to-date: /home/msi/caato2_ws/install/Project/lib/python3/dist-packages/octomap_server/cfg/__pycache__/OctomapServerConfig.cpython-38.pyc
[1.276s] -- Up-to-date: /home/msi/caato2_ws/install/Project/lib/pkgconfig/octomap_server.pc
[1.276s] -- Up-to-date: /home/msi/caato2_ws/install/Project/share/octomap_server/cmake/octomap_serverConfig.cmake
[1.276s] -- Up-to-date: /home/msi/caato2_ws/install/Project/share/octomap_server/cmake/octomap_serverConfig-version.cmake
[1.276s] -- Up-to-date: /home/msi/caato2_ws/install/Project/share/octomap_server/package.xml
[1.276s] -- Up-to-date: /home/msi/caato2_ws/install/Project/lib/liboctomap_server.so
[1.276s] -- Up-to-date: /home/msi/caato2_ws/install/Project/lib/liboctomap_server_color.so
[1.281s] -- Up-to-date: /home/msi/caato2_ws/install/Project/lib/octomap_server/octomap_server_node
[1.287s] -- Up-to-date: /home/msi/caato2_ws/install/Project/lib/octomap_server/octomap_color_server_node
[1.287s] -- Up-to-date: /home/msi/caato2_ws/install/Project/lib/octomap_server/octomap_server_static
[1.287s] -- Up-to-date: /home/msi/caato2_ws/install/Project/lib/octomap_server/octomap_server_multilayer
[1.287s] -- Up-to-date: /home/msi/caato2_ws/install/Project/lib/octomap_server/octomap_saver
[1.288s] -- Up-to-date: /home/msi/caato2_ws/install/Project/lib/octomap_server/octomap_tracking_server_node
[1.288s] -- Up-to-date: /home/msi/caato2_ws/install/Project/lib/liboctomap_server_nodelet.so
[1.288s] -- Up-to-date: /home/msi/caato2_ws/install/Project/lib/liboctomap_color_server_nodelet.so
[1.288s] -- Up-to-date: /home/msi/caato2_ws/install/Project/include/octomap_server
[1.288s] -- Up-to-date: /home/msi/caato2_ws/install/Project/include/octomap_server/OctomapServerMultilayer.h
[1.288s] -- Up-to-date: /home/msi/caato2_ws/install/Project/include/octomap_server/TrackingOctomapServer.h
[1.288s] -- Up-to-date: /home/msi/caato2_ws/install/Project/include/octomap_server/OctomapServer.h
[1.288s] -- Up-to-date: /home/msi/caato2_ws/install/Project/share/octomap_server/launch
[1.289s] -- Up-to-date: /home/msi/caato2_ws/install/Project/share/octomap_server/launch/octomap_tracking_client.launch
[1.289s] -- Up-to-date: /home/msi/caato2_ws/install/Project/share/octomap_server/launch/octomap_tracking_server.launch
[1.290s] -- Up-to-date: /home/msi/caato2_ws/install/Project/share/octomap_server/launch/octomap_mapping_nodelet.launch
[1.290s] -- Up-to-date: /home/msi/caato2_ws/install/Project/share/octomap_server/launch/octomap_mapping.launch
[1.290s] -- Up-to-date: /home/msi/caato2_ws/install/Project/share/octomap_server/nodelet_plugins.xml
[1.290s] -- Up-to-date: /home/msi/caato2_ws/install/Project/share/octomap_server/color_nodelet_plugins.xml
[1.461s] Invoked command in '/home/msi/caato2_ws/build/Project' returned '0': /usr/bin/cmake --install /home/msi/caato2_ws/build/Project
