** WARNING ** io features related to pcap will be disabled
** WARNING ** io features related to png will be disabled
** WARNING ** io features related to libusb-1.0 will be disabled
[01m[K/home/msi/caato2_ws/src/siot/ira_laser_tools/src/laserscan_multi_merger.cpp:[m[K In member function ‘[01m[Kvoid LaserscanMerger::scanCallback(const ConstPtr&, std::__cxx11::string)[m[K’:
[01m[K/home/msi/caato2_ws/src/siot/ira_laser_tools/src/laserscan_multi_merger.cpp:183:68:[m[K [01;35m[Kwarning: [m[K‘[01m[Kbool pcl::concatenatePointCloud(const pcl::PCLPointCloud2&, const pcl::PCLPointCloud2&, pcl::PCLPointCloud2&)[m[K’ is deprecated: use pcl::concatenate() instead, but beware of subtle difference in behavior (see documentation) [[01;35m[K-Wdeprecated-declarations[m[K]
    pcl::concatenatePointCloud(merged_cloud, clouds[i], merged_cloud[01;35m[K)[m[K;
                                                                    [01;35m[K^[m[K
In file included from [01m[K/usr/include/pcl-1.10/pcl/io/file_io.h:41[m[K,
                 from [01m[K/usr/include/pcl-1.10/pcl/io/pcd_io.h:44[m[K,
                 from [01m[K/home/msi/caato2_ws/src/siot/ira_laser_tools/src/laserscan_multi_merger.cpp:9[m[K:
[01m[K/usr/include/pcl-1.10/pcl/common/io.h:332:3:[m[K [01;36m[Knote: [m[Kdeclared here
   [01;36m[KconcatenatePointCloud[m[K (const pcl::PCLPointCloud2 &cloud1,
   [01;36m[K^~~~~~~~~~~~~~~~~~~~~[m[K
[01m[K/home/msi/caato2_ws/src/siot/ira_laser_tools/src/laserscan_multi_merger.cpp:183:68:[m[K [01;35m[Kwarning: [m[K‘[01m[Kbool pcl::concatenatePointCloud(const pcl::PCLPointCloud2&, const pcl::PCLPointCloud2&, pcl::PCLPointCloud2&)[m[K’ is deprecated: use pcl::concatenate() instead, but beware of subtle difference in behavior (see documentation) [[01;35m[K-Wdeprecated-declarations[m[K]
    pcl::concatenatePointCloud(merged_cloud, clouds[i], merged_cloud[01;35m[K)[m[K;
                                                                    [01;35m[K^[m[K
In file included from [01m[K/usr/include/pcl-1.10/pcl/io/file_io.h:41[m[K,
                 from [01m[K/usr/include/pcl-1.10/pcl/io/pcd_io.h:44[m[K,
                 from [01m[K/home/msi/caato2_ws/src/siot/ira_laser_tools/src/laserscan_multi_merger.cpp:9[m[K:
[01m[K/usr/include/pcl-1.10/pcl/common/io.h:332:3:[m[K [01;36m[Knote: [m[Kdeclared here
   [01;36m[KconcatenatePointCloud[m[K (const pcl::PCLPointCloud2 &cloud1,
   [01;36m[K^~~~~~~~~~~~~~~~~~~~~[m[K
