-- The C compiler identification is GNU 8.4.0
-- The CXX compiler identification is GNU 8.4.0
-- Check for working C compiler: /usr/bin/cc
-- Check for working C compiler: /usr/bin/cc -- works
-- Detecting C compiler ABI info
-- Detecting C compiler ABI info - done
-- Detecting C compile features
-- Detecting C compile features - done
-- Check for working CXX compiler: /usr/bin/c++
-- Check for working CXX compiler: /usr/bin/c++ -- works
-- Detecting CXX compiler ABI info
-- Detecting CXX compiler ABI info - done
-- Detecting CXX compile features
-- Detecting CXX compile features - done
-- Using CATKIN_DEVEL_PREFIX: /home/msi/caato2_ws/build/ira_laser_tools/devel
-- Using CMAKE_PREFIX_PATH: /opt/ros/noetic
-- This workspace overlays: /opt/ros/noetic
-- Found PythonInterp: /usr/bin/python3 (found suitable version "3.8.10", minimum required is "3") 
-- Using PYTHON_EXECUTABLE: /usr/bin/python3
-- Using Debian Python package layout
-- Found PY_em: /usr/lib/python3/dist-packages/em.py  
-- Using empy: /usr/lib/python3/dist-packages/em.py
-- Using CATKIN_ENABLE_TESTING: ON
-- Call enable_testing()
-- Using CATKIN_TEST_RESULTS_DIR: /home/msi/caato2_ws/build/ira_laser_tools/test_results
-- Forcing gtest/gmock from source, though one was otherwise available.
-- Found gtest sources under '/usr/src/googletest': gtests will be built
-- Found gmock sources under '/usr/src/googletest': gmock will be built
-- Found PythonInterp: /usr/bin/python3 (found version "3.8.10") 
-- Found Threads: TRUE  
-- Using Python nosetests: /usr/bin/nosetests3
-- catkin 0.8.10
-- BUILD_SHARED_LIBS is on
-- Using these message generators: gencpp;geneus;genlisp;gennodejs;genpy
-- Checking for module 'eigen3'
--   Found eigen3, version 3.3.7
-- Found Eigen: /usr/include/eigen3 (Required is at least version "3.1") 
-- Eigen found (include: /usr/include/eigen3, version: 3.3.7)
-- Found Boost: /usr/include (found suitable version "1.71.0", minimum required is "1.55.0") found components: system filesystem date_time iostreams regex 
-- Checking for module 'flann'
--   Found flann, version 1.9.1
-- Found FLANN: /usr/lib/x86_64-linux-gnu/libflann_cpp.so  
-- The imported target "vtkParseOGLExt" references the file
   "/usr/bin/vtkParseOGLExt-7.1"
but this file does not exist.  Possible reasons include:
* The file was deleted, renamed, or moved to another location.
* An install or uninstall procedure did not complete successfully.
* The installation package was faulty and contained
   "/usr/lib/cmake/vtk-7.1/VTKTargets.cmake"
but not all the files it references.

-- The imported target "vtkRenderingPythonTkWidgets" references the file
   "/usr/lib/x86_64-linux-gnu/libvtkRenderingPythonTkWidgets.so"
but this file does not exist.  Possible reasons include:
* The file was deleted, renamed, or moved to another location.
* An install or uninstall procedure did not complete successfully.
* The installation package was faulty and contained
   "/usr/lib/cmake/vtk-7.1/VTKTargets.cmake"
but not all the files it references.

-- The imported target "vtk" references the file
   "/usr/bin/vtk"
but this file does not exist.  Possible reasons include:
* The file was deleted, renamed, or moved to another location.
* An install or uninstall procedure did not complete successfully.
* The installation package was faulty and contained
   "/usr/lib/cmake/vtk-7.1/VTKTargets.cmake"
but not all the files it references.

-- The imported target "pvtk" references the file
   "/usr/bin/pvtk"
but this file does not exist.  Possible reasons include:
* The file was deleted, renamed, or moved to another location.
* An install or uninstall procedure did not complete successfully.
* The installation package was faulty and contained
   "/usr/lib/cmake/vtk-7.1/VTKTargets.cmake"
but not all the files it references.

-- Checking for module 'libusb-1.0'
--   Found libusb-1.0, version 1.0.23
-- Found USB_10: /usr/lib/x86_64-linux-gnu/libusb-1.0.so  
-- Found OpenNI: /usr/lib/libOpenNI.so  
-- OpenNI found (include: /usr/include/ni, lib: /usr/lib/libOpenNI.so)
-- Found OpenNI2: /usr/lib/libOpenNI2.so  
-- OpenNI2 found (include: /usr/include/openni2, lib: /usr/lib/libOpenNI2.so)
** WARNING ** io features related to pcap will be disabled
** WARNING ** io features related to png will be disabled
-- Found libusb-1.0: /usr/include  
** WARNING ** io features related to libusb-1.0 will be disabled
-- OpenNI found (include: /usr/include/ni, lib: /usr/lib/libOpenNI.so)
-- OpenNI2 found (include: /usr/include/openni2, lib: /usr/lib/libOpenNI2.so)
-- Found Qhull: optimized;/usr/lib/x86_64-linux-gnu/libqhull.so;debug;/usr/lib/x86_64-linux-gnu/libqhull.so  
-- QHULL found (include: /usr/include, lib: optimized;/usr/lib/x86_64-linux-gnu/libqhull.so;debug;/usr/lib/x86_64-linux-gnu/libqhull.so)
-- OpenNI found (include: /usr/include/ni, lib: /usr/lib/libOpenNI.so)
-- looking for PCL_COMMON
-- Found PCL_COMMON: /usr/lib/x86_64-linux-gnu/libpcl_common.so  
-- looking for PCL_KDTREE
-- Found PCL_KDTREE: /usr/lib/x86_64-linux-gnu/libpcl_kdtree.so  
-- looking for PCL_OCTREE
-- Found PCL_OCTREE: /usr/lib/x86_64-linux-gnu/libpcl_octree.so  
-- looking for PCL_SEARCH
-- Found PCL_SEARCH: /usr/lib/x86_64-linux-gnu/libpcl_search.so  
-- looking for PCL_SAMPLE_CONSENSUS
-- Found PCL_SAMPLE_CONSENSUS: /usr/lib/x86_64-linux-gnu/libpcl_sample_consensus.so  
-- looking for PCL_FILTERS
-- Found PCL_FILTERS: /usr/lib/x86_64-linux-gnu/libpcl_filters.so  
-- looking for PCL_2D
-- Found PCL_2D: /usr/include/pcl-1.10  
-- looking for PCL_GEOMETRY
-- Found PCL_GEOMETRY: /usr/include/pcl-1.10  
-- looking for PCL_IO
-- Found PCL_IO: /usr/lib/x86_64-linux-gnu/libpcl_io.so  
-- looking for PCL_FEATURES
-- Found PCL_FEATURES: /usr/lib/x86_64-linux-gnu/libpcl_features.so  
-- looking for PCL_ML
-- Found PCL_ML: /usr/lib/x86_64-linux-gnu/libpcl_ml.so  
-- looking for PCL_SEGMENTATION
-- Found PCL_SEGMENTATION: /usr/lib/x86_64-linux-gnu/libpcl_segmentation.so  
-- looking for PCL_VISUALIZATION
-- Found PCL_VISUALIZATION: /usr/lib/x86_64-linux-gnu/libpcl_visualization.so  
-- looking for PCL_SURFACE
-- Found PCL_SURFACE: /usr/lib/x86_64-linux-gnu/libpcl_surface.so  
-- looking for PCL_REGISTRATION
-- Found PCL_REGISTRATION: /usr/lib/x86_64-linux-gnu/libpcl_registration.so  
-- looking for PCL_KEYPOINTS
-- Found PCL_KEYPOINTS: /usr/lib/x86_64-linux-gnu/libpcl_keypoints.so  
-- looking for PCL_TRACKING
-- Found PCL_TRACKING: /usr/lib/x86_64-linux-gnu/libpcl_tracking.so  
-- looking for PCL_RECOGNITION
-- Found PCL_RECOGNITION: /usr/lib/x86_64-linux-gnu/libpcl_recognition.so  
-- looking for PCL_STEREO
-- Found PCL_STEREO: /usr/lib/x86_64-linux-gnu/libpcl_stereo.so  
-- looking for PCL_APPS
-- Found PCL_APPS: /usr/lib/x86_64-linux-gnu/libpcl_apps.so  
-- looking for PCL_IN_HAND_SCANNER
-- Found PCL_IN_HAND_SCANNER: /usr/include/pcl-1.10  
-- looking for PCL_POINT_CLOUD_EDITOR
-- Found PCL_POINT_CLOUD_EDITOR: /usr/include/pcl-1.10  
-- looking for PCL_OUTOFCORE
-- Found PCL_OUTOFCORE: /usr/lib/x86_64-linux-gnu/libpcl_outofcore.so  
-- looking for PCL_PEOPLE
-- Found PCL_PEOPLE: /usr/lib/x86_64-linux-gnu/libpcl_people.so  
-- Found PCL: pcl_common;pcl_kdtree;pcl_octree;pcl_search;pcl_sample_consensus;pcl_filters;pcl_io;pcl_features;pcl_ml;pcl_segmentation;pcl_visualization;pcl_surface;pcl_registration;pcl_keypoints;pcl_tracking;pcl_recognition;pcl_stereo;pcl_apps;pcl_outofcore;pcl_people;/usr/lib/x86_64-linux-gnu/libboost_system.so;/usr/lib/x86_64-linux-gnu/libboost_filesystem.so;/usr/lib/x86_64-linux-gnu/libboost_date_time.so;/usr/lib/x86_64-linux-gnu/libboost_iostreams.so;/usr/lib/x86_64-linux-gnu/libboost_regex.so;optimized;/usr/lib/x86_64-linux-gnu/libqhull.so;debug;/usr/lib/x86_64-linux-gnu/libqhull.so;/usr/lib/libOpenNI.so;/usr/lib/libOpenNI2.so;vtkChartsCore;vtkCommonColor;vtkCommonCore;vtksys;vtkCommonDataModel;vtkCommonMath;vtkCommonMisc;vtkCommonSystem;vtkCommonTransforms;vtkCommonExecutionModel;vtkFiltersGeneral;vtkCommonComputationalGeometry;vtkFiltersCore;vtkInfovisCore;vtkFiltersExtraction;vtkFiltersStatistics;vtkImagingFourier;vtkImagingCore;vtkalglib;vtkRenderingContext2D;vtkRenderingCore;vtkFiltersGeometry;vtkFiltersSources;vtkRenderingFreeType;/usr/lib/x86_64-linux-gnu/libfreetype.so;/usr/lib/x86_64-linux-gnu/libz.so;vtkFiltersModeling;vtkImagingSources;vtkInteractionStyle;vtkInteractionWidgets;vtkFiltersHybrid;vtkImagingColor;vtkImagingGeneral;vtkImagingHybrid;vtkIOImage;vtkDICOMParser;vtkmetaio;/usr/lib/x86_64-linux-gnu/libjpeg.so;/usr/lib/x86_64-linux-gnu/libpng.so;/usr/lib/x86_64-linux-gnu/libtiff.so;vtkRenderingAnnotation;vtkRenderingVolume;vtkIOXML;vtkIOCore;vtkIOXMLParser;/usr/lib/x86_64-linux-gnu/libexpat.so;vtkIOGeometry;vtkIOLegacy;vtkIOPLY;vtkRenderingLOD;vtkViewsContext2D;vtkViewsCore;vtkRenderingContextOpenGL2;vtkRenderingOpenGL2;FLANN::FLANN  
-- Configuring done
-- Generating done
-- Build files have been written to: /home/msi/caato2_ws/build/ira_laser_tools
[35m[1mScanning dependencies of target ira_laser_tools_gencfg[0m
[ 16%] [34m[1mGenerating dynamic reconfigure files from cfg/laserscan_multi_merger.cfg: /home/msi/caato2_ws/build/ira_laser_tools/devel/include/ira_laser_tools/laserscan_multi_mergerConfig.h /home/msi/caato2_ws/build/ira_laser_tools/devel/lib/python3/dist-packages/ira_laser_tools/cfg/laserscan_multi_mergerConfig.py[0m
[ 33%] [34m[1mGenerating dynamic reconfigure files from cfg/laserscan_virtualizer.cfg: /home/msi/caato2_ws/build/ira_laser_tools/devel/include/ira_laser_tools/laserscan_virtualizerConfig.h /home/msi/caato2_ws/build/ira_laser_tools/devel/lib/python3/dist-packages/ira_laser_tools/cfg/laserscan_virtualizerConfig.py[0m
Generating reconfiguration files for laserscan_virtualizer in laserscan_virtualizer
Wrote header file in /home/msi/caato2_ws/build/ira_laser_tools/devel/include/ira_laser_tools/laserscan_virtualizerConfig.h
Generating reconfiguration files for laserscan_multi_merger in laserscan_multi_merger
Wrote header file in /home/msi/caato2_ws/build/ira_laser_tools/devel/include/ira_laser_tools/laserscan_multi_mergerConfig.h
[ 33%] Built target ira_laser_tools_gencfg
[35m[1mScanning dependencies of target laserscan_multi_merger[0m
[35m[1mScanning dependencies of target laserscan_virtualizer[0m
[ 50%] [32mBuilding CXX object CMakeFiles/laserscan_multi_merger.dir/src/laserscan_multi_merger.cpp.o[0m
[ 66%] [32mBuilding CXX object CMakeFiles/laserscan_virtualizer.dir/src/laserscan_virtualizer.cpp.o[0m
[01m[K/home/msi/caato2_ws/src/siot/ira_laser_tools/src/laserscan_multi_merger.cpp:[m[K In member function ‘[01m[Kvoid LaserscanMerger::scanCallback(const ConstPtr&, std::__cxx11::string)[m[K’:
[01m[K/home/msi/caato2_ws/src/siot/ira_laser_tools/src/laserscan_multi_merger.cpp:183:68:[m[K [01;35m[Kwarning: [m[K‘[01m[Kbool pcl::concatenatePointCloud(const pcl::PCLPointCloud2&, const pcl::PCLPointCloud2&, pcl::PCLPointCloud2&)[m[K’ is deprecated: use pcl::concatenate() instead, but beware of subtle difference in behavior (see documentation) [[01;35m[K-Wdeprecated-declarations[m[K]
    pcl::concatenatePointCloud(merged_cloud, clouds[i], merged_cloud[01;35m[K)[m[K;
                                                                    [01;35m[K^[m[K
In file included from [01m[K/usr/include/pcl-1.10/pcl/io/file_io.h:41[m[K,
                 from [01m[K/usr/include/pcl-1.10/pcl/io/pcd_io.h:44[m[K,
                 from [01m[K/home/msi/caato2_ws/src/siot/ira_laser_tools/src/laserscan_multi_merger.cpp:9[m[K:
[01m[K/usr/include/pcl-1.10/pcl/common/io.h:332:3:[m[K [01;36m[Knote: [m[Kdeclared here
   [01;36m[KconcatenatePointCloud[m[K (const pcl::PCLPointCloud2 &cloud1,
   [01;36m[K^~~~~~~~~~~~~~~~~~~~~[m[K
[01m[K/home/msi/caato2_ws/src/siot/ira_laser_tools/src/laserscan_multi_merger.cpp:183:68:[m[K [01;35m[Kwarning: [m[K‘[01m[Kbool pcl::concatenatePointCloud(const pcl::PCLPointCloud2&, const pcl::PCLPointCloud2&, pcl::PCLPointCloud2&)[m[K’ is deprecated: use pcl::concatenate() instead, but beware of subtle difference in behavior (see documentation) [[01;35m[K-Wdeprecated-declarations[m[K]
    pcl::concatenatePointCloud(merged_cloud, clouds[i], merged_cloud[01;35m[K)[m[K;
                                                                    [01;35m[K^[m[K
In file included from [01m[K/usr/include/pcl-1.10/pcl/io/file_io.h:41[m[K,
                 from [01m[K/usr/include/pcl-1.10/pcl/io/pcd_io.h:44[m[K,
                 from [01m[K/home/msi/caato2_ws/src/siot/ira_laser_tools/src/laserscan_multi_merger.cpp:9[m[K:
[01m[K/usr/include/pcl-1.10/pcl/common/io.h:332:3:[m[K [01;36m[Knote: [m[Kdeclared here
   [01;36m[KconcatenatePointCloud[m[K (const pcl::PCLPointCloud2 &cloud1,
   [01;36m[K^~~~~~~~~~~~~~~~~~~~~[m[K
[ 83%] [32m[1mLinking CXX executable devel/lib/ira_laser_tools/laserscan_multi_merger[0m
[100%] [32m[1mLinking CXX executable devel/lib/ira_laser_tools/laserscan_virtualizer[0m
[100%] Built target laserscan_multi_merger
[100%] Built target laserscan_virtualizer
[35m[1mScanning dependencies of target tests[0m
Built target tests
-- Install configuration: ""
-- Installing: /home/msi/caato2_ws/install/ira_laser_tools/include/ira_laser_tools/laserscan_multi_mergerConfig.h
-- Installing: /home/msi/caato2_ws/install/ira_laser_tools/include/ira_laser_tools/laserscan_virtualizerConfig.h
-- Installing: /home/msi/caato2_ws/install/ira_laser_tools/lib/python3/dist-packages/ira_laser_tools/__init__.py
Listing '/home/msi/caato2_ws/build/ira_laser_tools/devel/lib/python3/dist-packages/ira_laser_tools/cfg'...
Compiling '/home/msi/caato2_ws/build/ira_laser_tools/devel/lib/python3/dist-packages/ira_laser_tools/cfg/__init__.py'...
Compiling '/home/msi/caato2_ws/build/ira_laser_tools/devel/lib/python3/dist-packages/ira_laser_tools/cfg/laserscan_multi_mergerConfig.py'...
Compiling '/home/msi/caato2_ws/build/ira_laser_tools/devel/lib/python3/dist-packages/ira_laser_tools/cfg/laserscan_virtualizerConfig.py'...
-- Installing: /home/msi/caato2_ws/install/ira_laser_tools/lib/python3/dist-packages/ira_laser_tools/cfg
-- Installing: /home/msi/caato2_ws/install/ira_laser_tools/lib/python3/dist-packages/ira_laser_tools/cfg/laserscan_multi_mergerConfig.py
-- Installing: /home/msi/caato2_ws/install/ira_laser_tools/lib/python3/dist-packages/ira_laser_tools/cfg/laserscan_virtualizerConfig.py
-- Installing: /home/msi/caato2_ws/install/ira_laser_tools/lib/python3/dist-packages/ira_laser_tools/cfg/__init__.py
-- Installing: /home/msi/caato2_ws/install/ira_laser_tools/lib/python3/dist-packages/ira_laser_tools/cfg/__pycache__
-- Installing: /home/msi/caato2_ws/install/ira_laser_tools/lib/python3/dist-packages/ira_laser_tools/cfg/__pycache__/laserscan_virtualizerConfig.cpython-38.pyc
-- Installing: /home/msi/caato2_ws/install/ira_laser_tools/lib/python3/dist-packages/ira_laser_tools/cfg/__pycache__/laserscan_multi_mergerConfig.cpython-38.pyc
-- Installing: /home/msi/caato2_ws/install/ira_laser_tools/lib/python3/dist-packages/ira_laser_tools/cfg/__pycache__/__init__.cpython-38.pyc
-- Installing: /home/msi/caato2_ws/install/ira_laser_tools/lib/pkgconfig/ira_laser_tools.pc
-- Installing: /home/msi/caato2_ws/install/ira_laser_tools/share/ira_laser_tools/cmake/ira_laser_toolsConfig.cmake
-- Installing: /home/msi/caato2_ws/install/ira_laser_tools/share/ira_laser_tools/cmake/ira_laser_toolsConfig-version.cmake
-- Installing: /home/msi/caato2_ws/install/ira_laser_tools/share/ira_laser_tools/package.xml
-- Installing: /home/msi/caato2_ws/install/ira_laser_tools/lib/ira_laser_tools/laserscan_multi_merger
-- Set runtime path of "/home/msi/caato2_ws/install/ira_laser_tools/lib/ira_laser_tools/laserscan_multi_merger" to ""
-- Installing: /home/msi/caato2_ws/install/ira_laser_tools/lib/ira_laser_tools/laserscan_virtualizer
-- Set runtime path of "/home/msi/caato2_ws/install/ira_laser_tools/lib/ira_laser_tools/laserscan_virtualizer" to ""
-- Installing: /home/msi/caato2_ws/install/ira_laser_tools/share/ira_laser_tools/launch
-- Installing: /home/msi/caato2_ws/install/ira_laser_tools/share/ira_laser_tools/launch/laserscan_virtualizer.launch
-- Installing: /home/msi/caato2_ws/install/ira_laser_tools/share/ira_laser_tools/launch/laserscan_multi_merger.launch
