[0.056s] Invoking command in '/home/msi/caato2_ws/build/ira_laser_tools': /usr/bin/cmake /home/msi/caato2_ws/src/siot/ira_laser_tools -DCATKIN_INSTALL_INTO_PREFIX_ROOT=0 -DCMAKE_INSTALL_PREFIX=/home/msi/caato2_ws/install/ira_laser_tools
[0.126s] -- The C compiler identification is GNU 8.4.0
[0.173s] -- The CXX compiler identification is GNU 8.4.0
[0.178s] -- Check for working C compiler: /usr/bin/cc
[0.249s] -- Check for working C compiler: /usr/bin/cc -- works
[0.250s] -- Detecting C compiler ABI info
[0.323s] -- Detecting C compiler ABI info - done
[0.339s] -- Detecting C compile features
[0.339s] -- Detecting C compile features - done
[0.343s] -- Check for working CXX compiler: /usr/bin/c++
[0.440s] -- Check for working CXX compiler: /usr/bin/c++ -- works
[0.442s] -- Detecting CXX compiler ABI info
[0.529s] -- Detecting CXX compiler ABI info - done
[0.546s] -- Detecting CXX compile features
[0.548s] -- Detecting CXX compile features - done
[0.550s] -- Using CATKIN_DEVEL_PREFIX: /home/msi/caato2_ws/build/ira_laser_tools/devel
[0.550s] -- Using CMAKE_PREFIX_PATH: /opt/ros/noetic
[0.550s] -- This workspace overlays: /opt/ros/noetic
[0.576s] -- Found PythonInterp: /usr/bin/python3 (found suitable version "3.8.10", minimum required is "3") 
[0.592s] -- Using PYTHON_EXECUTABLE: /usr/bin/python3
[0.592s] -- Using Debian Python package layout
[0.612s] -- Found PY_em: /usr/lib/python3/dist-packages/em.py  
[0.612s] -- Using empy: /usr/lib/python3/dist-packages/em.py
[0.783s] -- Using CATKIN_ENABLE_TESTING: ON
[0.783s] -- Call enable_testing()
[0.785s] -- Using CATKIN_TEST_RESULTS_DIR: /home/msi/caato2_ws/build/ira_laser_tools/test_results
[1.108s] -- Forcing gtest/gmock from source, though one was otherwise available.
[1.108s] -- Found gtest sources under '/usr/src/googletest': gtests will be built
[1.109s] -- Found gmock sources under '/usr/src/googletest': gmock will be built
[1.140s] -- Found PythonInterp: /usr/bin/python3 (found version "3.8.10") 
[1.142s] -- Found Threads: TRUE  
[1.147s] -- Using Python nosetests: /usr/bin/nosetests3
[1.219s] -- catkin 0.8.10
[1.219s] -- BUILD_SHARED_LIBS is on
[1.554s] -- Using these message generators: gencpp;geneus;genlisp;gennodejs;genpy
[2.325s] -- Checking for module 'eigen3'
[2.365s] --   Found eigen3, version 3.3.7
[2.522s] -- Found Eigen: /usr/include/eigen3 (Required is at least version "3.1") 
[2.523s] -- Eigen found (include: /usr/include/eigen3, version: 3.3.7)
[2.667s] -- Found Boost: /usr/include (found suitable version "1.71.0", minimum required is "1.55.0") found components: system filesystem date_time iostreams regex 
[2.689s] -- Checking for module 'flann'
[2.796s] --   Found flann, version 1.9.1
[3.261s] -- Found FLANN: /usr/lib/x86_64-linux-gnu/libflann_cpp.so  
[3.507s] -- The imported target "vtkParseOGLExt" references the file
[3.507s]    "/usr/bin/vtkParseOGLExt-7.1"
[3.507s] but this file does not exist.  Possible reasons include:
[3.507s] * The file was deleted, renamed, or moved to another location.
[3.507s] * An install or uninstall procedure did not complete successfully.
[3.508s] * The installation package was faulty and contained
[3.508s]    "/usr/lib/cmake/vtk-7.1/VTKTargets.cmake"
[3.508s] but not all the files it references.
[3.508s] 
[3.508s] -- The imported target "vtkRenderingPythonTkWidgets" references the file
[3.508s]    "/usr/lib/x86_64-linux-gnu/libvtkRenderingPythonTkWidgets.so"
[3.508s] but this file does not exist.  Possible reasons include:
[3.508s] * The file was deleted, renamed, or moved to another location.
[3.508s] * An install or uninstall procedure did not complete successfully.
[3.509s] * The installation package was faulty and contained
[3.509s]    "/usr/lib/cmake/vtk-7.1/VTKTargets.cmake"
[3.509s] but not all the files it references.
[3.509s] 
[3.509s] -- The imported target "vtk" references the file
[3.509s]    "/usr/bin/vtk"
[3.509s] but this file does not exist.  Possible reasons include:
[3.509s] * The file was deleted, renamed, or moved to another location.
[3.509s] * An install or uninstall procedure did not complete successfully.
[3.509s] * The installation package was faulty and contained
[3.509s]    "/usr/lib/cmake/vtk-7.1/VTKTargets.cmake"
[3.509s] but not all the files it references.
[3.510s] 
[3.520s] -- The imported target "pvtk" references the file
[3.520s]    "/usr/bin/pvtk"
[3.520s] but this file does not exist.  Possible reasons include:
[3.520s] * The file was deleted, renamed, or moved to another location.
[3.520s] * An install or uninstall procedure did not complete successfully.
[3.520s] * The installation package was faulty and contained
[3.520s]    "/usr/lib/cmake/vtk-7.1/VTKTargets.cmake"
[3.521s] but not all the files it references.
[3.521s] 
[3.588s] -- Checking for module 'libusb-1.0'
[3.705s] --   Found libusb-1.0, version 1.0.23
[4.182s] -- Found USB_10: /usr/lib/x86_64-linux-gnu/libusb-1.0.so  
[4.844s] -- Found OpenNI: /usr/lib/libOpenNI.so  
[4.844s] -- OpenNI found (include: /usr/include/ni, lib: /usr/lib/libOpenNI.so)
[5.505s] -- Found OpenNI2: /usr/lib/libOpenNI2.so  
[5.505s] -- OpenNI2 found (include: /usr/include/openni2, lib: /usr/lib/libOpenNI2.so)
[5.505s] ** WARNING ** io features related to pcap will be disabled
[5.506s] ** WARNING ** io features related to png will be disabled
[5.560s] -- Found libusb-1.0: /usr/include  
[5.565s] ** WARNING ** io features related to libusb-1.0 will be disabled
[5.596s] -- OpenNI found (include: /usr/include/ni, lib: /usr/lib/libOpenNI.so)
[5.633s] -- OpenNI2 found (include: /usr/include/openni2, lib: /usr/lib/libOpenNI2.so)
[5.845s] -- Found Qhull: optimized;/usr/lib/x86_64-linux-gnu/libqhull.so;debug;/usr/lib/x86_64-linux-gnu/libqhull.so  
[5.860s] -- QHULL found (include: /usr/include, lib: optimized;/usr/lib/x86_64-linux-gnu/libqhull.so;debug;/usr/lib/x86_64-linux-gnu/libqhull.so)
[5.882s] -- OpenNI found (include: /usr/include/ni, lib: /usr/lib/libOpenNI.so)
[5.946s] -- looking for PCL_COMMON
[5.959s] -- Found PCL_COMMON: /usr/lib/x86_64-linux-gnu/libpcl_common.so  
[5.961s] -- looking for PCL_KDTREE
[5.972s] -- Found PCL_KDTREE: /usr/lib/x86_64-linux-gnu/libpcl_kdtree.so  
[5.974s] -- looking for PCL_OCTREE
[5.986s] -- Found PCL_OCTREE: /usr/lib/x86_64-linux-gnu/libpcl_octree.so  
[5.986s] -- looking for PCL_SEARCH
[5.993s] -- Found PCL_SEARCH: /usr/lib/x86_64-linux-gnu/libpcl_search.so  
[5.993s] -- looking for PCL_SAMPLE_CONSENSUS
[6.001s] -- Found PCL_SAMPLE_CONSENSUS: /usr/lib/x86_64-linux-gnu/libpcl_sample_consensus.so  
[6.003s] -- looking for PCL_FILTERS
[6.027s] -- Found PCL_FILTERS: /usr/lib/x86_64-linux-gnu/libpcl_filters.so  
[6.028s] -- looking for PCL_2D
[6.029s] -- Found PCL_2D: /usr/include/pcl-1.10  
[6.032s] -- looking for PCL_GEOMETRY
[6.033s] -- Found PCL_GEOMETRY: /usr/include/pcl-1.10  
[6.034s] -- looking for PCL_IO
[6.047s] -- Found PCL_IO: /usr/lib/x86_64-linux-gnu/libpcl_io.so  
[6.051s] -- looking for PCL_FEATURES
[6.062s] -- Found PCL_FEATURES: /usr/lib/x86_64-linux-gnu/libpcl_features.so  
[6.064s] -- looking for PCL_ML
[6.077s] -- Found PCL_ML: /usr/lib/x86_64-linux-gnu/libpcl_ml.so  
[6.084s] -- looking for PCL_SEGMENTATION
[6.100s] -- Found PCL_SEGMENTATION: /usr/lib/x86_64-linux-gnu/libpcl_segmentation.so  
[6.101s] -- looking for PCL_VISUALIZATION
[6.132s] -- Found PCL_VISUALIZATION: /usr/lib/x86_64-linux-gnu/libpcl_visualization.so  
[6.135s] -- looking for PCL_SURFACE
[6.143s] -- Found PCL_SURFACE: /usr/lib/x86_64-linux-gnu/libpcl_surface.so  
[6.148s] -- looking for PCL_REGISTRATION
[6.166s] -- Found PCL_REGISTRATION: /usr/lib/x86_64-linux-gnu/libpcl_registration.so  
[6.167s] -- looking for PCL_KEYPOINTS
[6.179s] -- Found PCL_KEYPOINTS: /usr/lib/x86_64-linux-gnu/libpcl_keypoints.so  
[6.179s] -- looking for PCL_TRACKING
[6.197s] -- Found PCL_TRACKING: /usr/lib/x86_64-linux-gnu/libpcl_tracking.so  
[6.199s] -- looking for PCL_RECOGNITION
[6.213s] -- Found PCL_RECOGNITION: /usr/lib/x86_64-linux-gnu/libpcl_recognition.so  
[6.214s] -- looking for PCL_STEREO
[6.228s] -- Found PCL_STEREO: /usr/lib/x86_64-linux-gnu/libpcl_stereo.so  
[6.229s] -- looking for PCL_APPS
[6.240s] -- Found PCL_APPS: /usr/lib/x86_64-linux-gnu/libpcl_apps.so  
[6.244s] -- looking for PCL_IN_HAND_SCANNER
[6.247s] -- Found PCL_IN_HAND_SCANNER: /usr/include/pcl-1.10  
[6.247s] -- looking for PCL_POINT_CLOUD_EDITOR
[6.248s] -- Found PCL_POINT_CLOUD_EDITOR: /usr/include/pcl-1.10  
[6.249s] -- looking for PCL_OUTOFCORE
[6.260s] -- Found PCL_OUTOFCORE: /usr/lib/x86_64-linux-gnu/libpcl_outofcore.so  
[6.264s] -- looking for PCL_PEOPLE
[6.275s] -- Found PCL_PEOPLE: /usr/lib/x86_64-linux-gnu/libpcl_people.so  
[6.282s] -- Found PCL: pcl_common;pcl_kdtree;pcl_octree;pcl_search;pcl_sample_consensus;pcl_filters;pcl_io;pcl_features;pcl_ml;pcl_segmentation;pcl_visualization;pcl_surface;pcl_registration;pcl_keypoints;pcl_tracking;pcl_recognition;pcl_stereo;pcl_apps;pcl_outofcore;pcl_people;/usr/lib/x86_64-linux-gnu/libboost_system.so;/usr/lib/x86_64-linux-gnu/libboost_filesystem.so;/usr/lib/x86_64-linux-gnu/libboost_date_time.so;/usr/lib/x86_64-linux-gnu/libboost_iostreams.so;/usr/lib/x86_64-linux-gnu/libboost_regex.so;optimized;/usr/lib/x86_64-linux-gnu/libqhull.so;debug;/usr/lib/x86_64-linux-gnu/libqhull.so;/usr/lib/libOpenNI.so;/usr/lib/libOpenNI2.so;vtkChartsCore;vtkCommonColor;vtkCommonCore;vtksys;vtkCommonDataModel;vtkCommonMath;vtkCommonMisc;vtkCommonSystem;vtkCommonTransforms;vtkCommonExecutionModel;vtkFiltersGeneral;vtkCommonComputationalGeometry;vtkFiltersCore;vtkInfovisCore;vtkFiltersExtraction;vtkFiltersStatistics;vtkImagingFourier;vtkImagingCore;vtkalglib;vtkRenderingContext2D;vtkRenderingCore;vtkFiltersGeometry;vtkFiltersSources;vtkRenderingFreeType;/usr/lib/x86_64-linux-gnu/libfreetype.so;/usr/lib/x86_64-linux-gnu/libz.so;vtkFiltersModeling;vtkImagingSources;vtkInteractionStyle;vtkInteractionWidgets;vtkFiltersHybrid;vtkImagingColor;vtkImagingGeneral;vtkImagingHybrid;vtkIOImage;vtkDICOMParser;vtkmetaio;/usr/lib/x86_64-linux-gnu/libjpeg.so;/usr/lib/x86_64-linux-gnu/libpng.so;/usr/lib/x86_64-linux-gnu/libtiff.so;vtkRenderingAnnotation;vtkRenderingVolume;vtkIOXML;vtkIOCore;vtkIOXMLParser;/usr/lib/x86_64-linux-gnu/libexpat.so;vtkIOGeometry;vtkIOLegacy;vtkIOPLY;vtkRenderingLOD;vtkViewsContext2D;vtkViewsCore;vtkRenderingContextOpenGL2;vtkRenderingOpenGL2;FLANN::FLANN  
[6.992s] -- Configuring done
[7.298s] -- Generating done
[7.329s] -- Build files have been written to: /home/msi/caato2_ws/build/ira_laser_tools
[7.369s] Invoked command in '/home/msi/caato2_ws/build/ira_laser_tools' returned '0': /usr/bin/cmake /home/msi/caato2_ws/src/siot/ira_laser_tools -DCATKIN_INSTALL_INTO_PREFIX_ROOT=0 -DCMAKE_INSTALL_PREFIX=/home/msi/caato2_ws/install/ira_laser_tools
[7.374s] Invoking command in '/home/msi/caato2_ws/build/ira_laser_tools': /usr/bin/cmake --build /home/msi/caato2_ws/build/ira_laser_tools -- -j20 -l20
[7.542s] [35m[1mScanning dependencies of target ira_laser_tools_gencfg[0m
[7.607s] [ 16%] [34m[1mGenerating dynamic reconfigure files from cfg/laserscan_multi_merger.cfg: /home/msi/caato2_ws/build/ira_laser_tools/devel/include/ira_laser_tools/laserscan_multi_mergerConfig.h /home/msi/caato2_ws/build/ira_laser_tools/devel/lib/python3/dist-packages/ira_laser_tools/cfg/laserscan_multi_mergerConfig.py[0m
[7.648s] [ 33%] [34m[1mGenerating dynamic reconfigure files from cfg/laserscan_virtualizer.cfg: /home/msi/caato2_ws/build/ira_laser_tools/devel/include/ira_laser_tools/laserscan_virtualizerConfig.h /home/msi/caato2_ws/build/ira_laser_tools/devel/lib/python3/dist-packages/ira_laser_tools/cfg/laserscan_virtualizerConfig.py[0m
[7.843s] Generating reconfiguration files for laserscan_virtualizer in laserscan_virtualizer
[7.845s] Wrote header file in /home/msi/caato2_ws/build/ira_laser_tools/devel/include/ira_laser_tools/laserscan_virtualizerConfig.h
[7.863s] Generating reconfiguration files for laserscan_multi_merger in laserscan_multi_merger
[7.865s] Wrote header file in /home/msi/caato2_ws/build/ira_laser_tools/devel/include/ira_laser_tools/laserscan_multi_mergerConfig.h
[8.096s] [ 33%] Built target ira_laser_tools_gencfg
[8.156s] [35m[1mScanning dependencies of target laserscan_multi_merger[0m
[8.156s] [35m[1mScanning dependencies of target laserscan_virtualizer[0m
[8.289s] [ 50%] [32mBuilding CXX object CMakeFiles/laserscan_multi_merger.dir/src/laserscan_multi_merger.cpp.o[0m
[8.304s] [ 66%] [32mBuilding CXX object CMakeFiles/laserscan_virtualizer.dir/src/laserscan_virtualizer.cpp.o[0m
[17.261s] [01m[K/home/msi/caato2_ws/src/siot/ira_laser_tools/src/laserscan_multi_merger.cpp:[m[K In member function ‘[01m[Kvoid LaserscanMerger::scanCallback(const ConstPtr&, std::__cxx11::string)[m[K’:
[17.261s] [01m[K/home/msi/caato2_ws/src/siot/ira_laser_tools/src/laserscan_multi_merger.cpp:183:68:[m[K [01;35m[Kwarning: [m[K‘[01m[Kbool pcl::concatenatePointCloud(const pcl::PCLPointCloud2&, const pcl::PCLPointCloud2&, pcl::PCLPointCloud2&)[m[K’ is deprecated: use pcl::concatenate() instead, but beware of subtle difference in behavior (see documentation) [[01;35m[K-Wdeprecated-declarations[m[K]
[17.261s]     pcl::concatenatePointCloud(merged_cloud, clouds[i], merged_cloud[01;35m[K)[m[K;
[17.262s]                                                                     [01;35m[K^[m[K
[17.263s] In file included from [01m[K/usr/include/pcl-1.10/pcl/io/file_io.h:41[m[K,
[17.264s]                  from [01m[K/usr/include/pcl-1.10/pcl/io/pcd_io.h:44[m[K,
[17.264s]                  from [01m[K/home/msi/caato2_ws/src/siot/ira_laser_tools/src/laserscan_multi_merger.cpp:9[m[K:
[17.264s] [01m[K/usr/include/pcl-1.10/pcl/common/io.h:332:3:[m[K [01;36m[Knote: [m[Kdeclared here
[17.265s]    [01;36m[KconcatenatePointCloud[m[K (const pcl::PCLPointCloud2 &cloud1,
[17.265s]    [01;36m[K^~~~~~~~~~~~~~~~~~~~~[m[K
[17.265s] [01m[K/home/msi/caato2_ws/src/siot/ira_laser_tools/src/laserscan_multi_merger.cpp:183:68:[m[K [01;35m[Kwarning: [m[K‘[01m[Kbool pcl::concatenatePointCloud(const pcl::PCLPointCloud2&, const pcl::PCLPointCloud2&, pcl::PCLPointCloud2&)[m[K’ is deprecated: use pcl::concatenate() instead, but beware of subtle difference in behavior (see documentation) [[01;35m[K-Wdeprecated-declarations[m[K]
[17.267s]     pcl::concatenatePointCloud(merged_cloud, clouds[i], merged_cloud[01;35m[K)[m[K;
[17.267s]                                                                     [01;35m[K^[m[K
[17.267s] In file included from [01m[K/usr/include/pcl-1.10/pcl/io/file_io.h:41[m[K,
[17.268s]                  from [01m[K/usr/include/pcl-1.10/pcl/io/pcd_io.h:44[m[K,
[17.268s]                  from [01m[K/home/msi/caato2_ws/src/siot/ira_laser_tools/src/laserscan_multi_merger.cpp:9[m[K:
[17.268s] [01m[K/usr/include/pcl-1.10/pcl/common/io.h:332:3:[m[K [01;36m[Knote: [m[Kdeclared here
[17.268s]    [01;36m[KconcatenatePointCloud[m[K (const pcl::PCLPointCloud2 &cloud1,
[17.269s]    [01;36m[K^~~~~~~~~~~~~~~~~~~~~[m[K
[27.249s] [ 83%] [32m[1mLinking CXX executable devel/lib/ira_laser_tools/laserscan_multi_merger[0m
[28.086s] [100%] [32m[1mLinking CXX executable devel/lib/ira_laser_tools/laserscan_virtualizer[0m
[28.855s] [100%] Built target laserscan_multi_merger
[29.301s] [100%] Built target laserscan_virtualizer
[29.310s] Invoked command in '/home/msi/caato2_ws/build/ira_laser_tools' returned '0': /usr/bin/cmake --build /home/msi/caato2_ws/build/ira_laser_tools -- -j20 -l20
[29.357s] Invoking command in '/home/msi/caato2_ws/build/ira_laser_tools': /usr/bin/cmake --build /home/msi/caato2_ws/build/ira_laser_tools --target tests -- -j20 -l20
[29.399s] [35m[1mScanning dependencies of target tests[0m
[29.404s] Built target tests
[29.413s] Invoked command in '/home/msi/caato2_ws/build/ira_laser_tools' returned '0': /usr/bin/cmake --build /home/msi/caato2_ws/build/ira_laser_tools --target tests -- -j20 -l20
[29.462s] Invoking command in '/home/msi/caato2_ws/build/ira_laser_tools': /usr/bin/cmake --install /home/msi/caato2_ws/build/ira_laser_tools
[29.469s] -- Install configuration: ""
[29.470s] -- Installing: /home/msi/caato2_ws/install/ira_laser_tools/include/ira_laser_tools/laserscan_multi_mergerConfig.h
[29.470s] -- Installing: /home/msi/caato2_ws/install/ira_laser_tools/include/ira_laser_tools/laserscan_virtualizerConfig.h
[29.470s] -- Installing: /home/msi/caato2_ws/install/ira_laser_tools/lib/python3/dist-packages/ira_laser_tools/__init__.py
[29.492s] Listing '/home/msi/caato2_ws/build/ira_laser_tools/devel/lib/python3/dist-packages/ira_laser_tools/cfg'...
[29.493s] Compiling '/home/msi/caato2_ws/build/ira_laser_tools/devel/lib/python3/dist-packages/ira_laser_tools/cfg/__init__.py'...
[29.493s] Compiling '/home/msi/caato2_ws/build/ira_laser_tools/devel/lib/python3/dist-packages/ira_laser_tools/cfg/laserscan_multi_mergerConfig.py'...
[29.493s] Compiling '/home/msi/caato2_ws/build/ira_laser_tools/devel/lib/python3/dist-packages/ira_laser_tools/cfg/laserscan_virtualizerConfig.py'...
[29.496s] -- Installing: /home/msi/caato2_ws/install/ira_laser_tools/lib/python3/dist-packages/ira_laser_tools/cfg
[29.497s] -- Installing: /home/msi/caato2_ws/install/ira_laser_tools/lib/python3/dist-packages/ira_laser_tools/cfg/laserscan_multi_mergerConfig.py
[29.497s] -- Installing: /home/msi/caato2_ws/install/ira_laser_tools/lib/python3/dist-packages/ira_laser_tools/cfg/laserscan_virtualizerConfig.py
[29.497s] -- Installing: /home/msi/caato2_ws/install/ira_laser_tools/lib/python3/dist-packages/ira_laser_tools/cfg/__init__.py
[29.497s] -- Installing: /home/msi/caato2_ws/install/ira_laser_tools/lib/python3/dist-packages/ira_laser_tools/cfg/__pycache__
[29.498s] -- Installing: /home/msi/caato2_ws/install/ira_laser_tools/lib/python3/dist-packages/ira_laser_tools/cfg/__pycache__/laserscan_virtualizerConfig.cpython-38.pyc
[29.498s] -- Installing: /home/msi/caato2_ws/install/ira_laser_tools/lib/python3/dist-packages/ira_laser_tools/cfg/__pycache__/laserscan_multi_mergerConfig.cpython-38.pyc
[29.498s] -- Installing: /home/msi/caato2_ws/install/ira_laser_tools/lib/python3/dist-packages/ira_laser_tools/cfg/__pycache__/__init__.cpython-38.pyc
[29.498s] -- Installing: /home/msi/caato2_ws/install/ira_laser_tools/lib/pkgconfig/ira_laser_tools.pc
[29.498s] -- Installing: /home/msi/caato2_ws/install/ira_laser_tools/share/ira_laser_tools/cmake/ira_laser_toolsConfig.cmake
[29.498s] -- Installing: /home/msi/caato2_ws/install/ira_laser_tools/share/ira_laser_tools/cmake/ira_laser_toolsConfig-version.cmake
[29.498s] -- Installing: /home/msi/caato2_ws/install/ira_laser_tools/share/ira_laser_tools/package.xml
[29.498s] -- Installing: /home/msi/caato2_ws/install/ira_laser_tools/lib/ira_laser_tools/laserscan_multi_merger
[29.499s] -- Set runtime path of "/home/msi/caato2_ws/install/ira_laser_tools/lib/ira_laser_tools/laserscan_multi_merger" to ""
[29.499s] -- Installing: /home/msi/caato2_ws/install/ira_laser_tools/lib/ira_laser_tools/laserscan_virtualizer
[29.500s] -- Set runtime path of "/home/msi/caato2_ws/install/ira_laser_tools/lib/ira_laser_tools/laserscan_virtualizer" to ""
[29.500s] -- Installing: /home/msi/caato2_ws/install/ira_laser_tools/share/ira_laser_tools/launch
[29.500s] -- Installing: /home/msi/caato2_ws/install/ira_laser_tools/share/ira_laser_tools/launch/laserscan_virtualizer.launch
[29.500s] -- Installing: /home/msi/caato2_ws/install/ira_laser_tools/share/ira_laser_tools/launch/laserscan_multi_merger.launch
[29.504s] Invoked command in '/home/msi/caato2_ws/build/ira_laser_tools' returned '0': /usr/bin/cmake --install /home/msi/caato2_ws/build/ira_laser_tools
