[0.033s] Invoking command in '/home/msi/caato2_ws/build/caato_slam': CMAKE_PREFIX_PATH=/home/msi/caato2_ws/install/caato_bringup:/home/msi/caato2_ws/install/roboteq_diff_driver:/home/msi/caato2_ws/install/roboteq_diff_msgs:/home/msi/caato2_ws/install/ira_laser_tools:${CMAKE_PREFIX_PATH} PKG_CONFIG_PATH=/home/msi/caato2_ws/install/caato_bringup/lib/x86_64-linux-gnu/pkgconfig:/home/msi/caato2_ws/install/caato_bringup/lib/pkgconfig:/home/msi/caato2_ws/install/roboteq_diff_driver/lib/x86_64-linux-gnu/pkgconfig:/home/msi/caato2_ws/install/roboteq_diff_driver/lib/pkgconfig:/home/msi/caato2_ws/install/roboteq_diff_msgs/lib/x86_64-linux-gnu/pkgconfig:/home/msi/caato2_ws/install/roboteq_diff_msgs/lib/pkgconfig:/home/msi/caato2_ws/install/ira_laser_tools/lib/x86_64-linux-gnu/pkgconfig:/home/msi/caato2_ws/install/ira_laser_tools/lib/pkgconfig:${PKG_CONFIG_PATH} PYTHONPATH=/home/msi/caato2_ws/install/roboteq_diff_msgs/lib/python3/dist-packages:/home/msi/caato2_ws/install/ira_laser_tools/lib/python3/dist-packages:${PYTHONPATH} ROS_PACKAGE_PATH=/home/msi/caato2_ws/install/caato_bringup/share:/home/msi/caato2_ws/install/roboteq_diff_driver/share:/home/msi/caato2_ws/install/roboteq_diff_msgs/share:/home/msi/caato2_ws/install/ira_laser_tools/share:${ROS_PACKAGE_PATH} /usr/bin/cmake /home/msi/caato2_ws/src/siot/caato/caato_slam -DCATKIN_INSTALL_INTO_PREFIX_ROOT=0 -DCMAKE_INSTALL_PREFIX=/home/msi/caato2_ws/install/caato_slam
[0.085s] -- The C compiler identification is GNU 8.4.0
[0.134s] -- The CXX compiler identification is GNU 8.4.0
[0.139s] -- Check for working C compiler: /usr/bin/cc
[0.211s] -- Check for working C compiler: /usr/bin/cc -- works
[0.212s] -- Detecting C compiler ABI info
[0.272s] -- Detecting C compiler ABI info - done
[0.283s] -- Detecting C compile features
[0.283s] -- Detecting C compile features - done
[0.285s] -- Check for working CXX compiler: /usr/bin/c++
[0.349s] -- Check for working CXX compiler: /usr/bin/c++ -- works
[0.350s] -- Detecting CXX compiler ABI info
[0.419s] -- Detecting CXX compiler ABI info - done
[0.437s] -- Detecting CXX compile features
[0.438s] -- Detecting CXX compile features - done
[0.440s] -- Using CATKIN_DEVEL_PREFIX: /home/msi/caato2_ws/build/caato_slam/devel
[0.441s] -- Using CMAKE_PREFIX_PATH: /home/msi/caato2_ws/install/caato_bringup;/home/msi/caato2_ws/install/roboteq_diff_driver;/home/msi/caato2_ws/install/roboteq_diff_msgs;/home/msi/caato2_ws/install/ira_laser_tools;/opt/ros/noetic
[0.441s] -- This workspace overlays: /home/msi/caato2_ws/install/caato_bringup;/home/msi/caato2_ws/install/roboteq_diff_driver;/home/msi/caato2_ws/install/roboteq_diff_msgs;/home/msi/caato2_ws/install/ira_laser_tools;/opt/ros/noetic
[0.467s] -- Found PythonInterp: /usr/bin/python3 (found suitable version "3.8.10", minimum required is "3") 
[0.467s] -- Using PYTHON_EXECUTABLE: /usr/bin/python3
[0.467s] -- Using Debian Python package layout
[0.504s] -- Found PY_em: /usr/lib/python3/dist-packages/em.py  
[0.504s] -- Using empy: /usr/lib/python3/dist-packages/em.py
[0.607s] -- Using CATKIN_ENABLE_TESTING: ON
[0.607s] -- Call enable_testing()
[0.609s] -- Using CATKIN_TEST_RESULTS_DIR: /home/msi/caato2_ws/build/caato_slam/test_results
[0.863s] -- Forcing gtest/gmock from source, though one was otherwise available.
[0.863s] -- Found gtest sources under '/usr/src/googletest': gtests will be built
[0.863s] -- Found gmock sources under '/usr/src/googletest': gmock will be built
[0.885s] -- Found PythonInterp: /usr/bin/python3 (found version "3.8.10") 
[0.887s] -- Found Threads: TRUE  
[0.892s] -- Using Python nosetests: /usr/bin/nosetests3
[0.943s] -- catkin 0.8.10
[0.943s] -- BUILD_SHARED_LIBS is on
[1.325s] -- Configuring done
[1.338s] -- Generating done
[1.339s] -- Build files have been written to: /home/msi/caato2_ws/build/caato_slam
[1.350s] Invoked command in '/home/msi/caato2_ws/build/caato_slam' returned '0': CMAKE_PREFIX_PATH=/home/msi/caato2_ws/install/caato_bringup:/home/msi/caato2_ws/install/roboteq_diff_driver:/home/msi/caato2_ws/install/roboteq_diff_msgs:/home/msi/caato2_ws/install/ira_laser_tools:${CMAKE_PREFIX_PATH} PKG_CONFIG_PATH=/home/msi/caato2_ws/install/caato_bringup/lib/x86_64-linux-gnu/pkgconfig:/home/msi/caato2_ws/install/caato_bringup/lib/pkgconfig:/home/msi/caato2_ws/install/roboteq_diff_driver/lib/x86_64-linux-gnu/pkgconfig:/home/msi/caato2_ws/install/roboteq_diff_driver/lib/pkgconfig:/home/msi/caato2_ws/install/roboteq_diff_msgs/lib/x86_64-linux-gnu/pkgconfig:/home/msi/caato2_ws/install/roboteq_diff_msgs/lib/pkgconfig:/home/msi/caato2_ws/install/ira_laser_tools/lib/x86_64-linux-gnu/pkgconfig:/home/msi/caato2_ws/install/ira_laser_tools/lib/pkgconfig:${PKG_CONFIG_PATH} PYTHONPATH=/home/msi/caato2_ws/install/roboteq_diff_msgs/lib/python3/dist-packages:/home/msi/caato2_ws/install/ira_laser_tools/lib/python3/dist-packages:${PYTHONPATH} ROS_PACKAGE_PATH=/home/msi/caato2_ws/install/caato_bringup/share:/home/msi/caato2_ws/install/roboteq_diff_driver/share:/home/msi/caato2_ws/install/roboteq_diff_msgs/share:/home/msi/caato2_ws/install/ira_laser_tools/share:${ROS_PACKAGE_PATH} /usr/bin/cmake /home/msi/caato2_ws/src/siot/caato/caato_slam -DCATKIN_INSTALL_INTO_PREFIX_ROOT=0 -DCMAKE_INSTALL_PREFIX=/home/msi/caato2_ws/install/caato_slam
[1.353s] Invoking command in '/home/msi/caato2_ws/build/caato_slam': CMAKE_PREFIX_PATH=/home/msi/caato2_ws/install/caato_bringup:/home/msi/caato2_ws/install/roboteq_diff_driver:/home/msi/caato2_ws/install/roboteq_diff_msgs:/home/msi/caato2_ws/install/ira_laser_tools:${CMAKE_PREFIX_PATH} PKG_CONFIG_PATH=/home/msi/caato2_ws/install/caato_bringup/lib/x86_64-linux-gnu/pkgconfig:/home/msi/caato2_ws/install/caato_bringup/lib/pkgconfig:/home/msi/caato2_ws/install/roboteq_diff_driver/lib/x86_64-linux-gnu/pkgconfig:/home/msi/caato2_ws/install/roboteq_diff_driver/lib/pkgconfig:/home/msi/caato2_ws/install/roboteq_diff_msgs/lib/x86_64-linux-gnu/pkgconfig:/home/msi/caato2_ws/install/roboteq_diff_msgs/lib/pkgconfig:/home/msi/caato2_ws/install/ira_laser_tools/lib/x86_64-linux-gnu/pkgconfig:/home/msi/caato2_ws/install/ira_laser_tools/lib/pkgconfig:${PKG_CONFIG_PATH} PYTHONPATH=/home/msi/caato2_ws/install/roboteq_diff_msgs/lib/python3/dist-packages:/home/msi/caato2_ws/install/ira_laser_tools/lib/python3/dist-packages:${PYTHONPATH} ROS_PACKAGE_PATH=/home/msi/caato2_ws/install/caato_bringup/share:/home/msi/caato2_ws/install/roboteq_diff_driver/share:/home/msi/caato2_ws/install/roboteq_diff_msgs/share:/home/msi/caato2_ws/install/ira_laser_tools/share:${ROS_PACKAGE_PATH} /usr/bin/cmake --build /home/msi/caato2_ws/build/caato_slam -- -j20 -l20
[1.382s] Invoked command in '/home/msi/caato2_ws/build/caato_slam' returned '0': CMAKE_PREFIX_PATH=/home/msi/caato2_ws/install/caato_bringup:/home/msi/caato2_ws/install/roboteq_diff_driver:/home/msi/caato2_ws/install/roboteq_diff_msgs:/home/msi/caato2_ws/install/ira_laser_tools:${CMAKE_PREFIX_PATH} PKG_CONFIG_PATH=/home/msi/caato2_ws/install/caato_bringup/lib/x86_64-linux-gnu/pkgconfig:/home/msi/caato2_ws/install/caato_bringup/lib/pkgconfig:/home/msi/caato2_ws/install/roboteq_diff_driver/lib/x86_64-linux-gnu/pkgconfig:/home/msi/caato2_ws/install/roboteq_diff_driver/lib/pkgconfig:/home/msi/caato2_ws/install/roboteq_diff_msgs/lib/x86_64-linux-gnu/pkgconfig:/home/msi/caato2_ws/install/roboteq_diff_msgs/lib/pkgconfig:/home/msi/caato2_ws/install/ira_laser_tools/lib/x86_64-linux-gnu/pkgconfig:/home/msi/caato2_ws/install/ira_laser_tools/lib/pkgconfig:${PKG_CONFIG_PATH} PYTHONPATH=/home/msi/caato2_ws/install/roboteq_diff_msgs/lib/python3/dist-packages:/home/msi/caato2_ws/install/ira_laser_tools/lib/python3/dist-packages:${PYTHONPATH} ROS_PACKAGE_PATH=/home/msi/caato2_ws/install/caato_bringup/share:/home/msi/caato2_ws/install/roboteq_diff_driver/share:/home/msi/caato2_ws/install/roboteq_diff_msgs/share:/home/msi/caato2_ws/install/ira_laser_tools/share:${ROS_PACKAGE_PATH} /usr/bin/cmake --build /home/msi/caato2_ws/build/caato_slam -- -j20 -l20
[1.415s] Invoking command in '/home/msi/caato2_ws/build/caato_slam': CMAKE_PREFIX_PATH=/home/msi/caato2_ws/install/caato_bringup:/home/msi/caato2_ws/install/roboteq_diff_driver:/home/msi/caato2_ws/install/roboteq_diff_msgs:/home/msi/caato2_ws/install/ira_laser_tools:${CMAKE_PREFIX_PATH} PKG_CONFIG_PATH=/home/msi/caato2_ws/install/caato_bringup/lib/x86_64-linux-gnu/pkgconfig:/home/msi/caato2_ws/install/caato_bringup/lib/pkgconfig:/home/msi/caato2_ws/install/roboteq_diff_driver/lib/x86_64-linux-gnu/pkgconfig:/home/msi/caato2_ws/install/roboteq_diff_driver/lib/pkgconfig:/home/msi/caato2_ws/install/roboteq_diff_msgs/lib/x86_64-linux-gnu/pkgconfig:/home/msi/caato2_ws/install/roboteq_diff_msgs/lib/pkgconfig:/home/msi/caato2_ws/install/ira_laser_tools/lib/x86_64-linux-gnu/pkgconfig:/home/msi/caato2_ws/install/ira_laser_tools/lib/pkgconfig:${PKG_CONFIG_PATH} PYTHONPATH=/home/msi/caato2_ws/install/roboteq_diff_msgs/lib/python3/dist-packages:/home/msi/caato2_ws/install/ira_laser_tools/lib/python3/dist-packages:${PYTHONPATH} ROS_PACKAGE_PATH=/home/msi/caato2_ws/install/caato_bringup/share:/home/msi/caato2_ws/install/roboteq_diff_driver/share:/home/msi/caato2_ws/install/roboteq_diff_msgs/share:/home/msi/caato2_ws/install/ira_laser_tools/share:${ROS_PACKAGE_PATH} /usr/bin/cmake --build /home/msi/caato2_ws/build/caato_slam --target tests -- -j20 -l20
[1.448s] [35m[1mScanning dependencies of target tests[0m
[1.455s] Built target tests
[1.466s] Invoked command in '/home/msi/caato2_ws/build/caato_slam' returned '0': CMAKE_PREFIX_PATH=/home/msi/caato2_ws/install/caato_bringup:/home/msi/caato2_ws/install/roboteq_diff_driver:/home/msi/caato2_ws/install/roboteq_diff_msgs:/home/msi/caato2_ws/install/ira_laser_tools:${CMAKE_PREFIX_PATH} PKG_CONFIG_PATH=/home/msi/caato2_ws/install/caato_bringup/lib/x86_64-linux-gnu/pkgconfig:/home/msi/caato2_ws/install/caato_bringup/lib/pkgconfig:/home/msi/caato2_ws/install/roboteq_diff_driver/lib/x86_64-linux-gnu/pkgconfig:/home/msi/caato2_ws/install/roboteq_diff_driver/lib/pkgconfig:/home/msi/caato2_ws/install/roboteq_diff_msgs/lib/x86_64-linux-gnu/pkgconfig:/home/msi/caato2_ws/install/roboteq_diff_msgs/lib/pkgconfig:/home/msi/caato2_ws/install/ira_laser_tools/lib/x86_64-linux-gnu/pkgconfig:/home/msi/caato2_ws/install/ira_laser_tools/lib/pkgconfig:${PKG_CONFIG_PATH} PYTHONPATH=/home/msi/caato2_ws/install/roboteq_diff_msgs/lib/python3/dist-packages:/home/msi/caato2_ws/install/ira_laser_tools/lib/python3/dist-packages:${PYTHONPATH} ROS_PACKAGE_PATH=/home/msi/caato2_ws/install/caato_bringup/share:/home/msi/caato2_ws/install/roboteq_diff_driver/share:/home/msi/caato2_ws/install/roboteq_diff_msgs/share:/home/msi/caato2_ws/install/ira_laser_tools/share:${ROS_PACKAGE_PATH} /usr/bin/cmake --build /home/msi/caato2_ws/build/caato_slam --target tests -- -j20 -l20
[1.492s] Invoking command in '/home/msi/caato2_ws/build/caato_slam': CMAKE_PREFIX_PATH=/home/msi/caato2_ws/install/caato_bringup:/home/msi/caato2_ws/install/roboteq_diff_driver:/home/msi/caato2_ws/install/roboteq_diff_msgs:/home/msi/caato2_ws/install/ira_laser_tools:${CMAKE_PREFIX_PATH} PKG_CONFIG_PATH=/home/msi/caato2_ws/install/caato_bringup/lib/x86_64-linux-gnu/pkgconfig:/home/msi/caato2_ws/install/caato_bringup/lib/pkgconfig:/home/msi/caato2_ws/install/roboteq_diff_driver/lib/x86_64-linux-gnu/pkgconfig:/home/msi/caato2_ws/install/roboteq_diff_driver/lib/pkgconfig:/home/msi/caato2_ws/install/roboteq_diff_msgs/lib/x86_64-linux-gnu/pkgconfig:/home/msi/caato2_ws/install/roboteq_diff_msgs/lib/pkgconfig:/home/msi/caato2_ws/install/ira_laser_tools/lib/x86_64-linux-gnu/pkgconfig:/home/msi/caato2_ws/install/ira_laser_tools/lib/pkgconfig:${PKG_CONFIG_PATH} PYTHONPATH=/home/msi/caato2_ws/install/roboteq_diff_msgs/lib/python3/dist-packages:/home/msi/caato2_ws/install/ira_laser_tools/lib/python3/dist-packages:${PYTHONPATH} ROS_PACKAGE_PATH=/home/msi/caato2_ws/install/caato_bringup/share:/home/msi/caato2_ws/install/roboteq_diff_driver/share:/home/msi/caato2_ws/install/roboteq_diff_msgs/share:/home/msi/caato2_ws/install/ira_laser_tools/share:${ROS_PACKAGE_PATH} /usr/bin/cmake --install /home/msi/caato2_ws/build/caato_slam
[1.498s] -- Install configuration: ""
[1.498s] -- Installing: /home/msi/caato2_ws/install/caato_slam/lib/pkgconfig/caato_slam.pc
[1.498s] -- Installing: /home/msi/caato2_ws/install/caato_slam/share/caato_slam/cmake/caato_slamConfig.cmake
[1.498s] -- Installing: /home/msi/caato2_ws/install/caato_slam/share/caato_slam/cmake/caato_slamConfig-version.cmake
[1.498s] -- Installing: /home/msi/caato2_ws/install/caato_slam/share/caato_slam/package.xml
[1.499s] -- Installing: /home/msi/caato2_ws/install/caato_slam/share/caato_slam/config
[1.499s] -- Installing: /home/msi/caato2_ws/install/caato_slam/share/caato_slam/config/gmapping_params.yaml
[1.499s] -- Installing: /home/msi/caato2_ws/install/caato_slam/share/caato_slam/launch
[1.499s] -- Installing: /home/msi/caato2_ws/install/caato_slam/share/caato_slam/launch/hector.launch
[1.499s] -- Installing: /home/msi/caato2_ws/install/caato_slam/share/caato_slam/launch/gmapping_bringup.launch
[1.499s] -- Installing: /home/msi/caato2_ws/install/caato_slam/share/caato_slam/launch/gmapping.launch
[1.500s] Invoked command in '/home/msi/caato2_ws/build/caato_slam' returned '0': CMAKE_PREFIX_PATH=/home/msi/caato2_ws/install/caato_bringup:/home/msi/caato2_ws/install/roboteq_diff_driver:/home/msi/caato2_ws/install/roboteq_diff_msgs:/home/msi/caato2_ws/install/ira_laser_tools:${CMAKE_PREFIX_PATH} PKG_CONFIG_PATH=/home/msi/caato2_ws/install/caato_bringup/lib/x86_64-linux-gnu/pkgconfig:/home/msi/caato2_ws/install/caato_bringup/lib/pkgconfig:/home/msi/caato2_ws/install/roboteq_diff_driver/lib/x86_64-linux-gnu/pkgconfig:/home/msi/caato2_ws/install/roboteq_diff_driver/lib/pkgconfig:/home/msi/caato2_ws/install/roboteq_diff_msgs/lib/x86_64-linux-gnu/pkgconfig:/home/msi/caato2_ws/install/roboteq_diff_msgs/lib/pkgconfig:/home/msi/caato2_ws/install/ira_laser_tools/lib/x86_64-linux-gnu/pkgconfig:/home/msi/caato2_ws/install/ira_laser_tools/lib/pkgconfig:${PKG_CONFIG_PATH} PYTHONPATH=/home/msi/caato2_ws/install/roboteq_diff_msgs/lib/python3/dist-packages:/home/msi/caato2_ws/install/ira_laser_tools/lib/python3/dist-packages:${PYTHONPATH} ROS_PACKAGE_PATH=/home/msi/caato2_ws/install/caato_bringup/share:/home/msi/caato2_ws/install/roboteq_diff_driver/share:/home/msi/caato2_ws/install/roboteq_diff_msgs/share:/home/msi/caato2_ws/install/ira_laser_tools/share:${ROS_PACKAGE_PATH} /usr/bin/cmake --install /home/msi/caato2_ws/build/caato_slam
