[0.140s] Invoking command in '/home/msi/caato2_ws/build/rosserial_vex_v5': CMAKE_PREFIX_PATH=/home/msi/caato2_ws/install/rosserial_python:/home/msi/caato2_ws/install/rosserial_client:/home/msi/caato2_ws/install/rosserial_msgs:${CMAKE_PREFIX_PATH} PKG_CONFIG_PATH=/home/msi/caato2_ws/install/rosserial_python/lib/x86_64-linux-gnu/pkgconfig:/home/msi/caato2_ws/install/rosserial_python/lib/pkgconfig:/home/msi/caato2_ws/install/rosserial_client/lib/x86_64-linux-gnu/pkgconfig:/home/msi/caato2_ws/install/rosserial_client/lib/pkgconfig:/home/msi/caato2_ws/install/rosserial_msgs/lib/x86_64-linux-gnu/pkgconfig:/home/msi/caato2_ws/install/rosserial_msgs/lib/pkgconfig:${PKG_CONFIG_PATH} PYTHONPATH=/home/msi/caato2_ws/install/rosserial_python/lib/python3/dist-packages:/home/msi/caato2_ws/install/rosserial_client/lib/python3/dist-packages:/home/msi/caato2_ws/install/rosserial_msgs/lib/python3/dist-packages:${PYTHONPATH} ROS_PACKAGE_PATH=/home/msi/caato2_ws/install/rosserial_python/share:/home/msi/caato2_ws/install/rosserial_client/share:/home/msi/caato2_ws/install/rosserial_msgs/share:${ROS_PACKAGE_PATH} /usr/bin/cmake --build /home/msi/caato2_ws/build/rosserial_vex_v5 -- -j20 -l20
[0.204s] Invoked command in '/home/msi/caato2_ws/build/rosserial_vex_v5' returned '0': CMAKE_PREFIX_PATH=/home/msi/caato2_ws/install/rosserial_python:/home/msi/caato2_ws/install/rosserial_client:/home/msi/caato2_ws/install/rosserial_msgs:${CMAKE_PREFIX_PATH} PKG_CONFIG_PATH=/home/msi/caato2_ws/install/rosserial_python/lib/x86_64-linux-gnu/pkgconfig:/home/msi/caato2_ws/install/rosserial_python/lib/pkgconfig:/home/msi/caato2_ws/install/rosserial_client/lib/x86_64-linux-gnu/pkgconfig:/home/msi/caato2_ws/install/rosserial_client/lib/pkgconfig:/home/msi/caato2_ws/install/rosserial_msgs/lib/x86_64-linux-gnu/pkgconfig:/home/msi/caato2_ws/install/rosserial_msgs/lib/pkgconfig:${PKG_CONFIG_PATH} PYTHONPATH=/home/msi/caato2_ws/install/rosserial_python/lib/python3/dist-packages:/home/msi/caato2_ws/install/rosserial_client/lib/python3/dist-packages:/home/msi/caato2_ws/install/rosserial_msgs/lib/python3/dist-packages:${PYTHONPATH} ROS_PACKAGE_PATH=/home/msi/caato2_ws/install/rosserial_python/share:/home/msi/caato2_ws/install/rosserial_client/share:/home/msi/caato2_ws/install/rosserial_msgs/share:${ROS_PACKAGE_PATH} /usr/bin/cmake --build /home/msi/caato2_ws/build/rosserial_vex_v5 -- -j20 -l20
[0.295s] Invoking command in '/home/msi/caato2_ws/build/rosserial_vex_v5': CMAKE_PREFIX_PATH=/home/msi/caato2_ws/install/rosserial_python:/home/msi/caato2_ws/install/rosserial_client:/home/msi/caato2_ws/install/rosserial_msgs:${CMAKE_PREFIX_PATH} PKG_CONFIG_PATH=/home/msi/caato2_ws/install/rosserial_python/lib/x86_64-linux-gnu/pkgconfig:/home/msi/caato2_ws/install/rosserial_python/lib/pkgconfig:/home/msi/caato2_ws/install/rosserial_client/lib/x86_64-linux-gnu/pkgconfig:/home/msi/caato2_ws/install/rosserial_client/lib/pkgconfig:/home/msi/caato2_ws/install/rosserial_msgs/lib/x86_64-linux-gnu/pkgconfig:/home/msi/caato2_ws/install/rosserial_msgs/lib/pkgconfig:${PKG_CONFIG_PATH} PYTHONPATH=/home/msi/caato2_ws/install/rosserial_python/lib/python3/dist-packages:/home/msi/caato2_ws/install/rosserial_client/lib/python3/dist-packages:/home/msi/caato2_ws/install/rosserial_msgs/lib/python3/dist-packages:${PYTHONPATH} ROS_PACKAGE_PATH=/home/msi/caato2_ws/install/rosserial_python/share:/home/msi/caato2_ws/install/rosserial_client/share:/home/msi/caato2_ws/install/rosserial_msgs/share:${ROS_PACKAGE_PATH} /usr/bin/cmake --build /home/msi/caato2_ws/build/rosserial_vex_v5 --target tests -- -j20 -l20
[0.354s] Built target tests
[0.385s] Invoked command in '/home/msi/caato2_ws/build/rosserial_vex_v5' returned '0': CMAKE_PREFIX_PATH=/home/msi/caato2_ws/install/rosserial_python:/home/msi/caato2_ws/install/rosserial_client:/home/msi/caato2_ws/install/rosserial_msgs:${CMAKE_PREFIX_PATH} PKG_CONFIG_PATH=/home/msi/caato2_ws/install/rosserial_python/lib/x86_64-linux-gnu/pkgconfig:/home/msi/caato2_ws/install/rosserial_python/lib/pkgconfig:/home/msi/caato2_ws/install/rosserial_client/lib/x86_64-linux-gnu/pkgconfig:/home/msi/caato2_ws/install/rosserial_client/lib/pkgconfig:/home/msi/caato2_ws/install/rosserial_msgs/lib/x86_64-linux-gnu/pkgconfig:/home/msi/caato2_ws/install/rosserial_msgs/lib/pkgconfig:${PKG_CONFIG_PATH} PYTHONPATH=/home/msi/caato2_ws/install/rosserial_python/lib/python3/dist-packages:/home/msi/caato2_ws/install/rosserial_client/lib/python3/dist-packages:/home/msi/caato2_ws/install/rosserial_msgs/lib/python3/dist-packages:${PYTHONPATH} ROS_PACKAGE_PATH=/home/msi/caato2_ws/install/rosserial_python/share:/home/msi/caato2_ws/install/rosserial_client/share:/home/msi/caato2_ws/install/rosserial_msgs/share:${ROS_PACKAGE_PATH} /usr/bin/cmake --build /home/msi/caato2_ws/build/rosserial_vex_v5 --target tests -- -j20 -l20
[0.486s] Invoking command in '/home/msi/caato2_ws/build/rosserial_vex_v5': CMAKE_PREFIX_PATH=/home/msi/caato2_ws/install/rosserial_python:/home/msi/caato2_ws/install/rosserial_client:/home/msi/caato2_ws/install/rosserial_msgs:${CMAKE_PREFIX_PATH} PKG_CONFIG_PATH=/home/msi/caato2_ws/install/rosserial_python/lib/x86_64-linux-gnu/pkgconfig:/home/msi/caato2_ws/install/rosserial_python/lib/pkgconfig:/home/msi/caato2_ws/install/rosserial_client/lib/x86_64-linux-gnu/pkgconfig:/home/msi/caato2_ws/install/rosserial_client/lib/pkgconfig:/home/msi/caato2_ws/install/rosserial_msgs/lib/x86_64-linux-gnu/pkgconfig:/home/msi/caato2_ws/install/rosserial_msgs/lib/pkgconfig:${PKG_CONFIG_PATH} PYTHONPATH=/home/msi/caato2_ws/install/rosserial_python/lib/python3/dist-packages:/home/msi/caato2_ws/install/rosserial_client/lib/python3/dist-packages:/home/msi/caato2_ws/install/rosserial_msgs/lib/python3/dist-packages:${PYTHONPATH} ROS_PACKAGE_PATH=/home/msi/caato2_ws/install/rosserial_python/share:/home/msi/caato2_ws/install/rosserial_client/share:/home/msi/caato2_ws/install/rosserial_msgs/share:${ROS_PACKAGE_PATH} /usr/bin/cmake --install /home/msi/caato2_ws/build/rosserial_vex_v5
[0.499s] -- Install configuration: ""
[0.499s] + cd /home/msi/caato2_ws/src/thirdparty/rosserial/rosserial_vex_v5
[0.502s] + mkdir -p /home/msi/caato2_ws/install/rosserial_vex_v5/lib/python3/dist-packages
[0.502s] + /usr/bin/env PYTHONPATH=/home/msi/caato2_ws/install/rosserial_vex_v5/lib/python3/dist-packages:/home/msi/caato2_ws/build/rosserial_vex_v5/lib/python3/dist-packages:/home/msi/caato2_ws/install/rosserial_python/lib/python3/dist-packages:/home/msi/caato2_ws/install/rosserial_client/lib/python3/dist-packages:/home/msi/caato2_ws/install/rosserial_msgs/lib/python3/dist-packages:/opt/ros/noetic/lib/python3/dist-packages CATKIN_BINARY_DIR=/home/msi/caato2_ws/build/rosserial_vex_v5 /usr/bin/python3 /home/msi/caato2_ws/src/thirdparty/rosserial/rosserial_vex_v5/setup.py build --build-base /home/msi/caato2_ws/build/rosserial_vex_v5 install --root=/ --install-layout=deb --prefix=/home/msi/caato2_ws/install/rosserial_vex_v5 --install-scripts=/home/msi/caato2_ws/install/rosserial_vex_v5/bin
[0.519s] running build
[0.522s] running build_py
[0.524s] package init file 'src/rosserial_vex_v5/__init__.py' not found (or not a regular file)
[0.526s] package init file 'src/rosserial_vex_v5/__init__.py' not found (or not a regular file)
[0.527s] running install
[0.527s] running install_lib
[0.527s] running install_egg_info
[0.527s] Removing /home/msi/caato2_ws/install/rosserial_vex_v5/lib/python3/dist-packages/rosserial_vex_v5-0.9.2.egg-info
[0.528s] Writing /home/msi/caato2_ws/install/rosserial_vex_v5/lib/python3/dist-packages/rosserial_vex_v5-0.9.2.egg-info
[0.554s] -- Up-to-date: /home/msi/caato2_ws/install/rosserial_vex_v5/lib/pkgconfig/rosserial_vex_v5.pc
[0.554s] -- Up-to-date: /home/msi/caato2_ws/install/rosserial_vex_v5/share/rosserial_vex_v5/cmake/rosserial_vex_v5Config.cmake
[0.554s] -- Up-to-date: /home/msi/caato2_ws/install/rosserial_vex_v5/share/rosserial_vex_v5/cmake/rosserial_vex_v5Config-version.cmake
[0.555s] -- Up-to-date: /home/msi/caato2_ws/install/rosserial_vex_v5/share/rosserial_vex_v5/package.xml
[0.555s] -- Up-to-date: /home/msi/caato2_ws/install/rosserial_vex_v5/share/rosserial_vex_v5/src/ros_lib
[0.556s] -- Up-to-date: /home/msi/caato2_ws/install/rosserial_vex_v5/share/rosserial_vex_v5/src/ros_lib/V5Hardware.h
[0.556s] -- Up-to-date: /home/msi/caato2_ws/install/rosserial_vex_v5/share/rosserial_vex_v5/src/ros_lib/opcontrol.cpp
[0.556s] -- Up-to-date: /home/msi/caato2_ws/install/rosserial_vex_v5/share/rosserial_vex_v5/src/ros_lib/rosserial_vex_v5
[0.557s] -- Up-to-date: /home/msi/caato2_ws/install/rosserial_vex_v5/share/rosserial_vex_v5/src/ros_lib/rosserial_vex_v5/utils
[0.557s] -- Up-to-date: /home/msi/caato2_ws/install/rosserial_vex_v5/share/rosserial_vex_v5/src/ros_lib/rosserial_vex_v5/utils/RingBufHelpers.h
[0.557s] -- Up-to-date: /home/msi/caato2_ws/install/rosserial_vex_v5/share/rosserial_vex_v5/src/ros_lib/rosserial_vex_v5/utils/RingBuf.h
[0.558s] -- Up-to-date: /home/msi/caato2_ws/install/rosserial_vex_v5/share/rosserial_vex_v5/src/ros_lib/rosserial_vex_v5/examples
[0.558s] -- Up-to-date: /home/msi/caato2_ws/install/rosserial_vex_v5/share/rosserial_vex_v5/src/ros_lib/rosserial_vex_v5/examples/helloworld.h
[0.558s] -- Up-to-date: /home/msi/caato2_ws/install/rosserial_vex_v5/share/rosserial_vex_v5/src/ros_lib/rosserial_vex_v5/examples/helloworld.cpp
[0.558s] -- Up-to-date: /home/msi/caato2_ws/install/rosserial_vex_v5/share/rosserial_vex_v5/src/ros_lib/autonomous.cpp
[0.559s] -- Up-to-date: /home/msi/caato2_ws/install/rosserial_vex_v5/share/rosserial_vex_v5/src/ros_lib/ros.h
[0.559s] -- Up-to-date: /home/msi/caato2_ws/install/rosserial_vex_v5/share/rosserial_vex_v5/src/ros_lib/initialize.cpp
[0.559s] -- Up-to-date: /home/msi/caato2_ws/install/rosserial_vex_v5/lib/rosserial_vex_v5/genproject.sh
[0.560s] -- Up-to-date: /home/msi/caato2_ws/install/rosserial_vex_v5/share/rosserial_vex_v5
[0.560s] -- Up-to-date: /home/msi/caato2_ws/install/rosserial_vex_v5/share/rosserial_vex_v5/joystick.launch
[0.561s] -- Up-to-date: /home/msi/caato2_ws/install/rosserial_vex_v5/share/rosserial_vex_v5/minimal_robot.launch
[0.561s] -- Up-to-date: /home/msi/caato2_ws/install/rosserial_vex_v5/share/rosserial_vex_v5/hello_world.launch
[0.561s] -- Up-to-date: /home/msi/caato2_ws/install/rosserial_vex_v5/share/rosserial_vex_v5/make_libraries.py
[0.629s] Invoked command in '/home/msi/caato2_ws/build/rosserial_vex_v5' returned '0': CMAKE_PREFIX_PATH=/home/msi/caato2_ws/install/rosserial_python:/home/msi/caato2_ws/install/rosserial_client:/home/msi/caato2_ws/install/rosserial_msgs:${CMAKE_PREFIX_PATH} PKG_CONFIG_PATH=/home/msi/caato2_ws/install/rosserial_python/lib/x86_64-linux-gnu/pkgconfig:/home/msi/caato2_ws/install/rosserial_python/lib/pkgconfig:/home/msi/caato2_ws/install/rosserial_client/lib/x86_64-linux-gnu/pkgconfig:/home/msi/caato2_ws/install/rosserial_client/lib/pkgconfig:/home/msi/caato2_ws/install/rosserial_msgs/lib/x86_64-linux-gnu/pkgconfig:/home/msi/caato2_ws/install/rosserial_msgs/lib/pkgconfig:${PKG_CONFIG_PATH} PYTHONPATH=/home/msi/caato2_ws/install/rosserial_python/lib/python3/dist-packages:/home/msi/caato2_ws/install/rosserial_client/lib/python3/dist-packages:/home/msi/caato2_ws/install/rosserial_msgs/lib/python3/dist-packages:${PYTHONPATH} ROS_PACKAGE_PATH=/home/msi/caato2_ws/install/rosserial_python/share:/home/msi/caato2_ws/install/rosserial_client/share:/home/msi/caato2_ws/install/rosserial_msgs/share:${ROS_PACKAGE_PATH} /usr/bin/cmake --install /home/msi/caato2_ws/build/rosserial_vex_v5
