-- The C compiler identification is GNU 8.4.0
-- The CXX compiler identification is GNU 8.4.0
-- Check for working C compiler: /usr/bin/cc
-- Check for working C compiler: /usr/bin/cc -- works
-- Detecting C compiler ABI info
-- Detecting C compiler ABI info - done
-- Detecting C compile features
-- Detecting C compile features - done
-- Check for working CXX compiler: /usr/bin/c++
-- Check for working CXX compiler: /usr/bin/c++ -- works
-- Detecting CXX compiler ABI info
-- Detecting CXX compiler ABI info - done
-- Detecting CXX compile features
-- Detecting CXX compile features - done
-- Using CATKIN_DEVEL_PREFIX: /home/msi/caato2_ws/build/rosserial_embeddedlinux/devel
-- Using CMAKE_PREFIX_PATH: /home/msi/caato2_ws/install/rosserial_client;/home/msi/caato2_ws/install/rosserial_msgs;/opt/ros/noetic
-- This workspace overlays: /home/msi/caato2_ws/install/rosserial_client;/home/msi/caato2_ws/install/rosserial_msgs;/opt/ros/noetic
-- Found PythonInterp: /usr/bin/python3 (found suitable version "3.8.10", minimum required is "3") 
-- Using PYTHON_EXECUTABLE: /usr/bin/python3
-- Using Debian Python package layout
-- Found PY_em: /usr/lib/python3/dist-packages/em.py  
-- Using empy: /usr/lib/python3/dist-packages/em.py
-- Using CATKIN_ENABLE_TESTING: ON
-- Call enable_testing()
-- Using CATKIN_TEST_RESULTS_DIR: /home/msi/caato2_ws/build/rosserial_embeddedlinux/test_results
-- Forcing gtest/gmock from source, though one was otherwise available.
-- Found gtest sources under '/usr/src/googletest': gtests will be built
-- Found gmock sources under '/usr/src/googletest': gmock will be built
-- Found PythonInterp: /usr/bin/python3 (found version "3.8.10") 
-- Found Threads: TRUE  
-- Using Python nosetests: /usr/bin/nosetests3
-- catkin 0.8.10
-- BUILD_SHARED_LIBS is on
-- Installing devel-space wrapper /home/msi/caato2_ws/src/thirdparty/rosserial/rosserial_embeddedlinux/src/rosserial_embeddedlinux/make_libraries.py to /home/msi/caato2_ws/build/rosserial_embeddedlinux/devel/lib/rosserial_embeddedlinux
-- Configuring done
-- Generating done
-- Build files have been written to: /home/msi/caato2_ws/build/rosserial_embeddedlinux
[35m[1mScanning dependencies of target tests[0m
Built target tests
-- Install configuration: ""
-- Installing: /home/msi/caato2_ws/install/rosserial_embeddedlinux/lib/pkgconfig/rosserial_embeddedlinux.pc
-- Installing: /home/msi/caato2_ws/install/rosserial_embeddedlinux/share/rosserial_embeddedlinux/cmake/rosserial_embeddedlinuxConfig.cmake
-- Installing: /home/msi/caato2_ws/install/rosserial_embeddedlinux/share/rosserial_embeddedlinux/cmake/rosserial_embeddedlinuxConfig-version.cmake
-- Installing: /home/msi/caato2_ws/install/rosserial_embeddedlinux/share/rosserial_embeddedlinux/package.xml
-- Installing: /home/msi/caato2_ws/install/rosserial_embeddedlinux/share/rosserial_embeddedlinux/src/ros_lib
-- Installing: /home/msi/caato2_ws/install/rosserial_embeddedlinux/share/rosserial_embeddedlinux/src/ros_lib/ros.h
-- Installing: /home/msi/caato2_ws/install/rosserial_embeddedlinux/share/rosserial_embeddedlinux/src/ros_lib/embedded_linux_comms.c
-- Installing: /home/msi/caato2_ws/install/rosserial_embeddedlinux/share/rosserial_embeddedlinux/src/ros_lib/embedded_linux_hardware.h
-- Installing: /home/msi/caato2_ws/install/rosserial_embeddedlinux/share/rosserial_embeddedlinux/src/examples
-- Installing: /home/msi/caato2_ws/install/rosserial_embeddedlinux/share/rosserial_embeddedlinux/src/examples/HelloRos
-- Installing: /home/msi/caato2_ws/install/rosserial_embeddedlinux/share/rosserial_embeddedlinux/src/examples/HelloRos/HelloROS.cpp
-- Installing: /home/msi/caato2_ws/install/rosserial_embeddedlinux/share/rosserial_embeddedlinux/src/examples/ExampleSubscriber
-- Installing: /home/msi/caato2_ws/install/rosserial_embeddedlinux/share/rosserial_embeddedlinux/src/examples/ExampleSubscriber/ExampleSubscriber.cpp
-- Installing: /home/msi/caato2_ws/install/rosserial_embeddedlinux/share/rosserial_embeddedlinux/src/examples/VEXProMotor13Subscribe
-- Installing: /home/msi/caato2_ws/install/rosserial_embeddedlinux/share/rosserial_embeddedlinux/src/examples/VEXProMotor13Subscribe/VEXProMotor13Subscribe.cpp
-- Installing: /home/msi/caato2_ws/install/rosserial_embeddedlinux/share/rosserial_embeddedlinux/src/examples/ExampleService
-- Installing: /home/msi/caato2_ws/install/rosserial_embeddedlinux/share/rosserial_embeddedlinux/src/examples/ExampleService/ExampleService.cpp
-- Installing: /home/msi/caato2_ws/install/rosserial_embeddedlinux/share/rosserial_embeddedlinux/src/examples/VEXProRangeMotorLoop
-- Installing: /home/msi/caato2_ws/install/rosserial_embeddedlinux/share/rosserial_embeddedlinux/src/examples/VEXProRangeMotorLoop/VEXProRangeMotorLoop.cpp
-- Installing: /home/msi/caato2_ws/install/rosserial_embeddedlinux/share/rosserial_embeddedlinux/src/examples/VEXProServoSubscribe
-- Installing: /home/msi/caato2_ws/install/rosserial_embeddedlinux/share/rosserial_embeddedlinux/src/examples/VEXProServoSubscribe/VEXProServoSubscribe.cpp
-- Installing: /home/msi/caato2_ws/install/rosserial_embeddedlinux/share/rosserial_embeddedlinux/src/examples/ExampleServiceClient
-- Installing: /home/msi/caato2_ws/install/rosserial_embeddedlinux/share/rosserial_embeddedlinux/src/examples/ExampleServiceClient/ExampleServiceClient.cpp
-- Installing: /home/msi/caato2_ws/install/rosserial_embeddedlinux/share/rosserial_embeddedlinux/src/examples/ExampleServiceClient/exampleService.py
-- Installing: /home/msi/caato2_ws/install/rosserial_embeddedlinux/share/rosserial_embeddedlinux/src/examples/VEXProRangePublish
-- Installing: /home/msi/caato2_ws/install/rosserial_embeddedlinux/share/rosserial_embeddedlinux/src/examples/VEXProRangePublish/VEXProRangePublish.cpp
-- Installing: /home/msi/caato2_ws/install/rosserial_embeddedlinux/lib/rosserial_embeddedlinux/make_libraries.py
