[  0%] Built target actionlib_msgs_generate_messages_py
[  0%] Built target sensor_msgs_generate_messages_py
[  0%] Built target actionlib_msgs_generate_messages_eus
[  0%] Built target std_msgs_generate_messages_py
[  0%] Built target std_msgs_generate_messages_nodejs
[  0%] Built target actionlib_msgs_generate_messages_nodejs
[  0%] Built target std_msgs_generate_messages_eus
[  0%] Built target sensor_msgs_generate_messages_nodejs
[  0%] Built target sensor_msgs_generate_messages_cpp
[  0%] Built target sensor_msgs_generate_messages_eus
[  0%] Built target std_msgs_generate_messages_cpp
[  0%] Built target actionlib_msgs_generate_messages_cpp
[  0%] Built target actionlib_msgs_generate_messages_lisp
[  0%] Built target sensor_msgs_generate_messages_lisp
[  0%] Built target _xnergy_charger_rcu_generate_messages_check_deps_ChargeActionResult
[  0%] Built target std_msgs_generate_messages_lisp
[  0%] Built target _xnergy_charger_rcu_generate_messages_check_deps_ChargeAction
[  0%] Built target _xnergy_charger_rcu_generate_messages_check_deps_ChargeResult
[  0%] Built target _xnergy_charger_rcu_generate_messages_check_deps_ChargerState
[  0%] Built target _xnergy_charger_rcu_generate_messages_check_deps_ChargeGoal
[  0%] Built target _xnergy_charger_rcu_generate_messages_check_deps_ChargeActionFeedback
[  0%] Built target _xnergy_charger_rcu_generate_messages_check_deps_ChargeFeedback
[  0%] Built target _xnergy_charger_rcu_generate_messages_check_deps_ChargeActionGoal
[ 30%] Built target xnergy_charger_rcu_generate_messages_nodejs
[ 40%] Built target xnergy_charger_rcu_generate_messages_py
[ 61%] Built target xnergy_charger_rcu_generate_messages_eus
[ 80%] Built target xnergy_charger_rcu_generate_messages_cpp
[100%] Built target xnergy_charger_rcu_generate_messages_lisp
[100%] Built target xnergy_charger_rcu_generate_messages
