[0.145s] Invoking command in '/home/msi/caato2_ws/build/xnergy_charger_rcu': /usr/bin/cmake --build /home/msi/caato2_ws/build/xnergy_charger_rcu -- -j20 -l20
[0.213s] [  0%] Built target actionlib_msgs_generate_messages_py
[0.213s] [  0%] Built target sensor_msgs_generate_messages_py
[0.213s] [  0%] Built target actionlib_msgs_generate_messages_eus
[0.213s] [  0%] Built target std_msgs_generate_messages_py
[0.213s] [  0%] Built target std_msgs_generate_messages_nodejs
[0.213s] [  0%] Built target actionlib_msgs_generate_messages_nodejs
[0.214s] [  0%] Built target std_msgs_generate_messages_eus
[0.215s] [  0%] Built target sensor_msgs_generate_messages_nodejs
[0.221s] [  0%] Built target sensor_msgs_generate_messages_cpp
[0.221s] [  0%] Built target sensor_msgs_generate_messages_eus
[0.221s] [  0%] Built target std_msgs_generate_messages_cpp
[0.221s] [  0%] Built target actionlib_msgs_generate_messages_cpp
[0.229s] [  0%] Built target actionlib_msgs_generate_messages_lisp
[0.229s] [  0%] Built target sensor_msgs_generate_messages_lisp
[0.241s] [  0%] Built target _xnergy_charger_rcu_generate_messages_check_deps_ChargeActionResult
[0.243s] [  0%] Built target std_msgs_generate_messages_lisp
[0.243s] [  0%] Built target _xnergy_charger_rcu_generate_messages_check_deps_ChargeAction
[0.243s] [  0%] Built target _xnergy_charger_rcu_generate_messages_check_deps_ChargeResult
[0.245s] [  0%] Built target _xnergy_charger_rcu_generate_messages_check_deps_ChargerState
[0.248s] [  0%] Built target _xnergy_charger_rcu_generate_messages_check_deps_ChargeGoal
[0.248s] [  0%] Built target _xnergy_charger_rcu_generate_messages_check_deps_ChargeActionFeedback
[0.249s] [  0%] Built target _xnergy_charger_rcu_generate_messages_check_deps_ChargeFeedback
[0.249s] [  0%] Built target _xnergy_charger_rcu_generate_messages_check_deps_ChargeActionGoal
[0.257s] [ 30%] Built target xnergy_charger_rcu_generate_messages_nodejs
[0.259s] [ 40%] Built target xnergy_charger_rcu_generate_messages_py
[0.259s] [ 61%] Built target xnergy_charger_rcu_generate_messages_eus
[0.259s] [ 80%] Built target xnergy_charger_rcu_generate_messages_cpp
[0.260s] [100%] Built target xnergy_charger_rcu_generate_messages_lisp
[0.270s] [100%] Built target xnergy_charger_rcu_generate_messages
