[0.176s] Invoking command in '/home/msi/caato2_ws/build/realsense2_camera': /usr/bin/cmake --build /home/msi/caato2_ws/build/realsense2_camera -- -j20 -l20
[0.235s] [  0%] Built target std_msgs_generate_messages_nodejs
[0.235s] [  0%] Built target sensor_msgs_generate_messages_nodejs
[0.236s] [  0%] Built target sensor_msgs_generate_messages_lisp
[0.236s] [  0%] Built target sensor_msgs_generate_messages_eus
[0.236s] [  0%] Built target std_msgs_generate_messages_lisp
[0.236s] [  0%] Built target tf_generate_messages_lisp
[0.236s] [  0%] Built target std_msgs_generate_messages_py
[0.236s] [  0%] Built target sensor_msgs_generate_messages_cpp
[0.236s] [  0%] Built target std_msgs_generate_messages_cpp
[0.236s] [  0%] Built target std_msgs_generate_messages_eus
[0.236s] [  0%] Built target sensor_msgs_generate_messages_py
[0.236s] [  0%] Built target diagnostic_msgs_generate_messages_nodejs
[0.236s] [  0%] Built target diagnostic_msgs_generate_messages_eus
[0.236s] [  0%] Built target dynamic_reconfigure_gencfg
[0.237s] [  0%] Built target dynamic_reconfigure_generate_messages_cpp
[0.239s] [  0%] Built target tf2_msgs_generate_messages_cpp
[0.239s] [  0%] Built target dynamic_reconfigure_generate_messages_lisp
[0.239s] [  0%] Built target diagnostic_msgs_generate_messages_lisp
[0.239s] [  0%] Built target tf2_msgs_generate_messages_lisp
[0.239s] [  0%] Built target tf2_msgs_generate_messages_nodejs
[0.239s] [  0%] Built target actionlib_generate_messages_py
[0.240s] [  0%] Built target actionlib_generate_messages_nodejs
[0.247s] [  0%] Built target tf_generate_messages_nodejs
[0.251s] [  0%] Built target roscpp_generate_messages_eus
[0.252s] [  0%] Built target nav_msgs_generate_messages_eus
[0.252s] [  0%] Built target actionlib_msgs_generate_messages_py
[0.255s] [  0%] Built target actionlib_generate_messages_cpp
[0.259s] [  0%] Built target _realsense2_camera_generate_messages_check_deps_Extrinsics
[0.259s] [  0%] Built target _realsense2_camera_generate_messages_check_deps_IMUInfo
[0.264s] [  0%] Built target rosgraph_msgs_generate_messages_nodejs
[0.268s] [  0%] Built target nodelet_generate_messages_lisp
[0.270s] [  0%] Built target actionlib_msgs_generate_messages_nodejs
[0.270s] [  0%] Built target tf_generate_messages_py
[0.270s] [  0%] Built target roscpp_generate_messages_lisp
[0.271s] [  0%] Built target geometry_msgs_generate_messages_lisp
[0.271s] [  0%] Built target actionlib_msgs_generate_messages_lisp
[0.274s] [  0%] Built target _catkin_empty_exported_target
[0.274s] [  0%] Built target actionlib_generate_messages_lisp
[0.275s] [  0%] Built target geometry_msgs_generate_messages_eus
[0.275s] [  0%] Built target tf_generate_messages_cpp
[0.275s] [  0%] Built target dynamic_reconfigure_generate_messages_py
[0.297s] [  0%] Built target actionlib_msgs_generate_messages_eus
[0.297s] [  0%] Built target diagnostic_msgs_generate_messages_cpp
[0.297s] [  0%] Built target rosgraph_msgs_generate_messages_lisp
[0.297s] [  0%] Built target tf_generate_messages_eus
[0.298s] [  0%] Built target actionlib_msgs_generate_messages_cpp
[0.304s] [  0%] Built target std_srvs_generate_messages_cpp
[0.304s] [  0%] Built target rosgraph_msgs_generate_messages_py
[0.305s] [  0%] Built target geometry_msgs_generate_messages_py
[0.307s] [  0%] Built target tf2_msgs_generate_messages_eus
[0.307s] [  0%] Built target dynamic_reconfigure_generate_messages_eus
[0.307s] [  0%] Built target geometry_msgs_generate_messages_nodejs
[0.315s] [  0%] Built target geometry_msgs_generate_messages_cpp
[0.323s] [  0%] Built target roscpp_generate_messages_cpp
[0.343s] [  0%] Built target nav_msgs_generate_messages_cpp
[0.347s] [  0%] Built target roscpp_generate_messages_py
[0.347s] [  0%] Built target roscpp_generate_messages_nodejs
[0.347s] [  0%] Built target rosgraph_msgs_generate_messages_cpp
[0.347s] [  0%] Built target nav_msgs_generate_messages_lisp
[0.348s] [  0%] Built target actionlib_generate_messages_eus
[0.348s] [  0%] Built target bond_generate_messages_lisp
[0.348s] [  0%] Built target rosgraph_msgs_generate_messages_eus
[0.348s] [  0%] Built target std_srvs_generate_messages_py
[0.348s] [  0%] Built target dynamic_reconfigure_generate_messages_nodejs
[0.348s] [  0%] Built target diagnostic_msgs_generate_messages_py
[0.355s] [  0%] Built target bond_generate_messages_cpp
[0.355s] [  0%] Built target nav_msgs_generate_messages_nodejs
[0.355s] [  0%] Built target tf2_msgs_generate_messages_py
[0.378s] [  0%] Built target bond_generate_messages_eus
[0.378s] [  0%] Built target std_srvs_generate_messages_lisp
[0.378s] [  0%] Built target nodelet_generate_messages_eus
[0.378s] [  0%] Built target nodelet_generate_messages_cpp
[0.380s] [  0%] Built target bond_generate_messages_nodejs
[0.380s] [  0%] Built target std_srvs_generate_messages_eus
[0.383s] [  0%] Built target nodelet_generate_messages_py
[0.384s] [  0%] Built target bond_generate_messages_py
[0.384s] [  0%] Built target std_srvs_generate_messages_nodejs
[0.384s] [  0%] Built target nav_msgs_generate_messages_py
[0.385s] [ 12%] Built target realsense2_camera_generate_messages_lisp
[0.385s] [ 25%] Built target realsense2_camera_generate_messages_nodejs
[0.385s] [ 43%] Built target realsense2_camera_generate_messages_eus
[0.386s] [ 43%] Built target nodelet_generate_messages_nodejs
[0.386s] [ 62%] Built target realsense2_camera_generate_messages_py
[0.387s] [ 75%] Built target realsense2_camera_generate_messages_cpp
[0.411s] [ 75%] Built target realsense2_camera_generate_messages
[0.422s] [100%] Built target realsense2_camera
[0.505s] Invoked command in '/home/msi/caato2_ws/build/realsense2_camera' returned '0': /usr/bin/cmake --build /home/msi/caato2_ws/build/realsense2_camera -- -j20 -l20
[0.690s] Invoking command in '/home/msi/caato2_ws/build/realsense2_camera': /usr/bin/cmake --build /home/msi/caato2_ws/build/realsense2_camera --target tests -- -j20 -l20
[0.745s] Built target tests
[0.798s] Invoked command in '/home/msi/caato2_ws/build/realsense2_camera' returned '0': /usr/bin/cmake --build /home/msi/caato2_ws/build/realsense2_camera --target tests -- -j20 -l20
[0.917s] Invoking command in '/home/msi/caato2_ws/build/realsense2_camera': /usr/bin/cmake --install /home/msi/caato2_ws/build/realsense2_camera
[0.932s] -- Install configuration: "Release"
[0.932s] -- Up-to-date: /home/msi/caato2_ws/install/realsense2_camera/share/realsense2_camera/msg/IMUInfo.msg
[0.933s] -- Up-to-date: /home/msi/caato2_ws/install/realsense2_camera/share/realsense2_camera/msg/Extrinsics.msg
[0.933s] -- Up-to-date: /home/msi/caato2_ws/install/realsense2_camera/share/realsense2_camera/cmake/realsense2_camera-msg-paths.cmake
[0.935s] -- Up-to-date: /home/msi/caato2_ws/install/realsense2_camera/include/realsense2_camera
[0.936s] -- Up-to-date: /home/msi/caato2_ws/install/realsense2_camera/include/realsense2_camera/IMUInfo.h
[0.937s] -- Up-to-date: /home/msi/caato2_ws/install/realsense2_camera/include/realsense2_camera/Extrinsics.h
[0.937s] -- Up-to-date: /home/msi/caato2_ws/install/realsense2_camera/share/roseus/ros/realsense2_camera
[0.937s] -- Up-to-date: /home/msi/caato2_ws/install/realsense2_camera/share/roseus/ros/realsense2_camera/msg
[0.937s] -- Up-to-date: /home/msi/caato2_ws/install/realsense2_camera/share/roseus/ros/realsense2_camera/msg/IMUInfo.l
[0.937s] -- Up-to-date: /home/msi/caato2_ws/install/realsense2_camera/share/roseus/ros/realsense2_camera/msg/Extrinsics.l
[0.937s] -- Up-to-date: /home/msi/caato2_ws/install/realsense2_camera/share/roseus/ros/realsense2_camera/manifest.l
[0.937s] -- Up-to-date: /home/msi/caato2_ws/install/realsense2_camera/share/common-lisp/ros/realsense2_camera
[0.938s] -- Up-to-date: /home/msi/caato2_ws/install/realsense2_camera/share/common-lisp/ros/realsense2_camera/msg
[0.938s] -- Up-to-date: /home/msi/caato2_ws/install/realsense2_camera/share/common-lisp/ros/realsense2_camera/msg/_package_Extrinsics.lisp
[0.938s] -- Up-to-date: /home/msi/caato2_ws/install/realsense2_camera/share/common-lisp/ros/realsense2_camera/msg/_package.lisp
[0.938s] -- Up-to-date: /home/msi/caato2_ws/install/realsense2_camera/share/common-lisp/ros/realsense2_camera/msg/realsense2_camera-msg.asd
[0.938s] -- Up-to-date: /home/msi/caato2_ws/install/realsense2_camera/share/common-lisp/ros/realsense2_camera/msg/_package_IMUInfo.lisp
[0.938s] -- Up-to-date: /home/msi/caato2_ws/install/realsense2_camera/share/common-lisp/ros/realsense2_camera/msg/Extrinsics.lisp
[0.938s] -- Up-to-date: /home/msi/caato2_ws/install/realsense2_camera/share/common-lisp/ros/realsense2_camera/msg/IMUInfo.lisp
[0.938s] -- Up-to-date: /home/msi/caato2_ws/install/realsense2_camera/share/gennodejs/ros/realsense2_camera
[0.938s] -- Up-to-date: /home/msi/caato2_ws/install/realsense2_camera/share/gennodejs/ros/realsense2_camera/_index.js
[0.938s] -- Up-to-date: /home/msi/caato2_ws/install/realsense2_camera/share/gennodejs/ros/realsense2_camera/msg
[0.939s] -- Up-to-date: /home/msi/caato2_ws/install/realsense2_camera/share/gennodejs/ros/realsense2_camera/msg/IMUInfo.js
[0.939s] -- Up-to-date: /home/msi/caato2_ws/install/realsense2_camera/share/gennodejs/ros/realsense2_camera/msg/_index.js
[0.939s] -- Up-to-date: /home/msi/caato2_ws/install/realsense2_camera/share/gennodejs/ros/realsense2_camera/msg/Extrinsics.js
[0.965s] Listing '/home/msi/caato2_ws/build/realsense2_camera/devel/lib/python3/dist-packages/realsense2_camera'...
[0.965s] Listing '/home/msi/caato2_ws/build/realsense2_camera/devel/lib/python3/dist-packages/realsense2_camera/msg'...
[0.969s] -- Up-to-date: /home/msi/caato2_ws/install/realsense2_camera/lib/python3/dist-packages/realsense2_camera
[0.970s] -- Up-to-date: /home/msi/caato2_ws/install/realsense2_camera/lib/python3/dist-packages/realsense2_camera/msg
[0.970s] -- Up-to-date: /home/msi/caato2_ws/install/realsense2_camera/lib/python3/dist-packages/realsense2_camera/msg/_Extrinsics.py
[0.971s] -- Up-to-date: /home/msi/caato2_ws/install/realsense2_camera/lib/python3/dist-packages/realsense2_camera/msg/__init__.py
[0.974s] -- Up-to-date: /home/msi/caato2_ws/install/realsense2_camera/lib/python3/dist-packages/realsense2_camera/msg/__pycache__
[0.974s] -- Up-to-date: /home/msi/caato2_ws/install/realsense2_camera/lib/python3/dist-packages/realsense2_camera/msg/__pycache__/__init__.cpython-38.pyc
[0.974s] -- Up-to-date: /home/msi/caato2_ws/install/realsense2_camera/lib/python3/dist-packages/realsense2_camera/msg/__pycache__/_IMUInfo.cpython-38.pyc
[0.974s] -- Up-to-date: /home/msi/caato2_ws/install/realsense2_camera/lib/python3/dist-packages/realsense2_camera/msg/__pycache__/_Extrinsics.cpython-38.pyc
[0.974s] -- Up-to-date: /home/msi/caato2_ws/install/realsense2_camera/lib/python3/dist-packages/realsense2_camera/msg/_IMUInfo.py
[0.974s] -- Up-to-date: /home/msi/caato2_ws/install/realsense2_camera/lib/python3/dist-packages/realsense2_camera/__init__.py
[0.974s] -- Up-to-date: /home/msi/caato2_ws/install/realsense2_camera/lib/python3/dist-packages/realsense2_camera/__pycache__
[0.974s] -- Up-to-date: /home/msi/caato2_ws/install/realsense2_camera/lib/python3/dist-packages/realsense2_camera/__pycache__/__init__.cpython-38.pyc
[0.974s] -- Up-to-date: /home/msi/caato2_ws/install/realsense2_camera/lib/pkgconfig/realsense2_camera.pc
[0.974s] -- Up-to-date: /home/msi/caato2_ws/install/realsense2_camera/share/realsense2_camera/cmake/realsense2_camera-msg-extras.cmake
[0.974s] -- Up-to-date: /home/msi/caato2_ws/install/realsense2_camera/share/realsense2_camera/cmake/realsense2_cameraConfig.cmake
[0.975s] -- Up-to-date: /home/msi/caato2_ws/install/realsense2_camera/share/realsense2_camera/cmake/realsense2_cameraConfig-version.cmake
[0.975s] -- Up-to-date: /home/msi/caato2_ws/install/realsense2_camera/share/realsense2_camera/package.xml
[0.988s] -- Up-to-date: /home/msi/caato2_ws/install/realsense2_camera/lib/librealsense2_camera.so
[0.991s] -- Up-to-date: /home/msi/caato2_ws/install/realsense2_camera/include/realsense2_camera
[0.992s] -- Up-to-date: /home/msi/caato2_ws/install/realsense2_camera/include/realsense2_camera/t265_realsense_node.h
[0.992s] -- Up-to-date: /home/msi/caato2_ws/install/realsense2_camera/include/realsense2_camera/realsense_node_factory.h
[0.992s] -- Up-to-date: /home/msi/caato2_ws/install/realsense2_camera/include/realsense2_camera/base_realsense_node.h
[0.992s] -- Up-to-date: /home/msi/caato2_ws/install/realsense2_camera/include/realsense2_camera/constants.h
[0.992s] -- Up-to-date: /home/msi/caato2_ws/install/realsense2_camera/share/realsense2_camera/launch
[0.992s] -- Up-to-date: /home/msi/caato2_ws/install/realsense2_camera/share/realsense2_camera/launch/includes
[0.992s] -- Up-to-date: /home/msi/caato2_ws/install/realsense2_camera/share/realsense2_camera/launch/includes/nodelet.launch.xml
[0.992s] -- Up-to-date: /home/msi/caato2_ws/install/realsense2_camera/share/realsense2_camera/launch/rs_from_file.launch
[0.992s] -- Up-to-date: /home/msi/caato2_ws/install/realsense2_camera/share/realsense2_camera/launch/rs_d435_camera_with_model.launch
[0.992s] -- Up-to-date: /home/msi/caato2_ws/install/realsense2_camera/share/realsense2_camera/launch/rs_d400_and_t265.launch
[0.992s] -- Up-to-date: /home/msi/caato2_ws/install/realsense2_camera/share/realsense2_camera/launch/rs_rgbd.launch
[0.993s] -- Up-to-date: /home/msi/caato2_ws/install/realsense2_camera/share/realsense2_camera/launch/rs_rtabmap.launch
[0.993s] -- Up-to-date: /home/msi/caato2_ws/install/realsense2_camera/share/realsense2_camera/launch/rs_camera.launch
[0.994s] -- Up-to-date: /home/msi/caato2_ws/install/realsense2_camera/share/realsense2_camera/launch/opensource_tracking.launch
[0.995s] -- Up-to-date: /home/msi/caato2_ws/install/realsense2_camera/share/realsense2_camera/launch/demo_t265.launch
[0.995s] -- Up-to-date: /home/msi/caato2_ws/install/realsense2_camera/share/realsense2_camera/launch/rs_multiple_devices.launch
[0.996s] -- Up-to-date: /home/msi/caato2_ws/install/realsense2_camera/share/realsense2_camera/launch/demo_pointcloud.launch
[0.997s] -- Up-to-date: /home/msi/caato2_ws/install/realsense2_camera/share/realsense2_camera/launch/rs_aligned_depth.launch
[0.997s] -- Up-to-date: /home/msi/caato2_ws/install/realsense2_camera/share/realsense2_camera/launch/rs_t265.launch
[0.997s] -- Up-to-date: /home/msi/caato2_ws/install/realsense2_camera/share/realsense2_camera/rviz
[0.997s] -- Up-to-date: /home/msi/caato2_ws/install/realsense2_camera/share/realsense2_camera/rviz/t265.rviz
[0.997s] -- Up-to-date: /home/msi/caato2_ws/install/realsense2_camera/share/realsense2_camera/rviz/pointcloud.rviz
[0.997s] -- Up-to-date: /home/msi/caato2_ws/install/realsense2_camera/share/realsense2_camera/nodelet_plugins.xml
[1.005s] Invoked command in '/home/msi/caato2_ws/build/realsense2_camera' returned '0': /usr/bin/cmake --install /home/msi/caato2_ws/build/realsense2_camera
