[0.081s] Invoking command in '/home/msi/caato2_ws/build/Project': /usr/bin/cmake /home/msi/caato2_ws/src/siot/amcl -DCMAKE_INSTALL_PREFIX=/home/msi/caato2_ws/install/Project
[0.268s] -- The C compiler identification is GNU 8.4.0
[0.268s] -- The CXX compiler identification is GNU 8.4.0
[0.268s] -- Check for working C compiler: /usr/bin/cc
[0.358s] -- Check for working C compiler: /usr/bin/cc -- works
[0.359s] -- Detecting C compiler ABI info
[0.427s] -- Detecting C compiler ABI info - done
[0.441s] -- Detecting C compile features
[0.442s] -- Detecting C compile features - done
[0.447s] -- Check for working CXX compiler: /usr/bin/c++
[0.509s] -- Check for working CXX compiler: /usr/bin/c++ -- works
[0.511s] -- Detecting CXX compiler ABI info
[0.559s] -- Detecting CXX compiler ABI info - done
[0.569s] -- Detecting CXX compile features
[0.571s] -- Detecting CXX compile features - done
[0.637s] -- Using CATKIN_DEVEL_PREFIX: /home/msi/caato2_ws/build/Project/devel
[0.637s] -- Using CMAKE_PREFIX_PATH: /opt/ros/noetic
[0.637s] -- This workspace overlays: /opt/ros/noetic
[0.647s] -- Found PythonInterp: /usr/bin/python3 (found suitable version "3.8.10", minimum required is "3") 
[0.647s] -- Using PYTHON_EXECUTABLE: /usr/bin/python3
[0.648s] -- Using Debian Python package layout
[0.679s] -- Found PY_em: /usr/lib/python3/dist-packages/em.py  
[0.680s] -- Using empy: /usr/lib/python3/dist-packages/em.py
[0.756s] -- Using CATKIN_ENABLE_TESTING: ON
[0.757s] -- Call enable_testing()
[0.760s] -- Using CATKIN_TEST_RESULTS_DIR: /home/msi/caato2_ws/build/Project/test_results
[0.972s] -- Forcing gtest/gmock from source, though one was otherwise available.
[0.972s] -- Found gtest sources under '/usr/src/googletest': gtests will be built
[0.972s] -- Found gmock sources under '/usr/src/googletest': gmock will be built
[0.999s] -- Found PythonInterp: /usr/bin/python3 (found version "3.8.10") 
[1.002s] -- Found Threads: TRUE  
[1.006s] -- Using Python nosetests: /usr/bin/nosetests3
[1.056s] -- catkin 0.8.10
[1.056s] -- BUILD_SHARED_LIBS is on
[1.150s] -- BUILD_SHARED_LIBS is on
[1.693s] -- ~~~~~~~~~~~~~~~~~~~~~~~~~~~~~~~~~~~~~~~~~~~~~~~~~
[1.693s] -- ~~  traversing 7 packages in topological order:
[1.693s] -- ~~  - octomap_mapping (metapackage)
[1.693s] -- ~~  - perception_pcl (metapackage)
[1.693s] -- ~~  - rosinrange_msg
[1.694s] -- ~~  - pcl_conversions
[1.694s] -- ~~  - pcl_ros
[1.694s] -- ~~  - amcl3d
[1.694s] -- ~~  - octomap_server
[1.694s] -- ~~~~~~~~~~~~~~~~~~~~~~~~~~~~~~~~~~~~~~~~~~~~~~~~~
[1.694s] -- +++ processing catkin metapackage: 'octomap_mapping'
[1.694s] -- ==> add_subdirectory(octomap_mapping/octomap_mapping)
[1.740s] -- +++ processing catkin metapackage: 'perception_pcl'
[1.740s] -- ==> add_subdirectory(perception_pcl/perception_pcl)
[1.798s] -- +++ processing catkin package: 'rosinrange_msg'
[1.798s] -- ==> add_subdirectory(amcl3d/rosinrange_msg)
[1.799s] -- Using these message generators: gencpp;geneus;genlisp;gennodejs;genpy
[1.967s] -- rosinrange_msg: 1 messages, 0 services
[2.050s] -- +++ processing catkin package: 'pcl_conversions'
[2.050s] -- ==> add_subdirectory(perception_pcl/pcl_conversions)
[2.061s] -- Checking for module 'eigen3'
[2.076s] --   Found eigen3, version 3.3.7
[2.112s] -- Found Eigen: /usr/include/eigen3 (Required is at least version "3.1") 
[2.112s] -- Eigen found (include: /usr/include/eigen3, version: 3.3.7)
[2.148s] -- Found Boost: /usr/include (found suitable version "1.71.0", minimum required is "1.55.0") found components: system filesystem date_time iostreams regex 
[2.155s] -- Checking for module 'libusb-1.0'
[2.166s] --   Found libusb-1.0, version 1.0.23
[2.258s] -- Found USB_10: /usr/lib/x86_64-linux-gnu/libusb-1.0.so  
[2.295s] -- Found OpenNI: /usr/lib/libOpenNI.so  
[2.295s] -- OpenNI found (include: /usr/include/ni, lib: /usr/lib/libOpenNI.so)
[2.325s] -- Found OpenNI2: /usr/lib/libOpenNI2.so  
[2.325s] -- OpenNI2 found (include: /usr/include/openni2, lib: /usr/lib/libOpenNI2.so)
[2.325s] ** WARNING ** io features related to pcap will be disabled
[2.325s] ** WARNING ** io features related to png will be disabled
[2.365s] -- The imported target "vtkParseOGLExt" references the file
[2.365s]    "/usr/bin/vtkParseOGLExt-7.1"
[2.365s] but this file does not exist.  Possible reasons include:
[2.365s] * The file was deleted, renamed, or moved to another location.
[2.365s] * An install or uninstall procedure did not complete successfully.
[2.365s] * The installation package was faulty and contained
[2.365s]    "/usr/lib/cmake/vtk-7.1/VTKTargets.cmake"
[2.366s] but not all the files it references.
[2.366s] 
[2.366s] -- The imported target "vtkRenderingPythonTkWidgets" references the file
[2.366s]    "/usr/lib/x86_64-linux-gnu/libvtkRenderingPythonTkWidgets.so"
[2.366s] but this file does not exist.  Possible reasons include:
[2.367s] * The file was deleted, renamed, or moved to another location.
[2.367s] * An install or uninstall procedure did not complete successfully.
[2.367s] * The installation package was faulty and contained
[2.367s]    "/usr/lib/cmake/vtk-7.1/VTKTargets.cmake"
[2.367s] but not all the files it references.
[2.367s] 
[2.368s] -- The imported target "vtk" references the file
[2.368s]    "/usr/bin/vtk"
[2.368s] but this file does not exist.  Possible reasons include:
[2.368s] * The file was deleted, renamed, or moved to another location.
[2.368s] * An install or uninstall procedure did not complete successfully.
[2.368s] * The installation package was faulty and contained
[2.369s]    "/usr/lib/cmake/vtk-7.1/VTKTargets.cmake"
[2.369s] but not all the files it references.
[2.369s] 
[2.369s] -- The imported target "pvtk" references the file
[2.369s]    "/usr/bin/pvtk"
[2.370s] but this file does not exist.  Possible reasons include:
[2.370s] * The file was deleted, renamed, or moved to another location.
[2.370s] * An install or uninstall procedure did not complete successfully.
[2.370s] * The installation package was faulty and contained
[2.370s]    "/usr/lib/cmake/vtk-7.1/VTKTargets.cmake"
[2.370s] but not all the files it references.
[2.370s] 
[2.379s] -- Found libusb-1.0: /usr/include  
[2.380s] -- looking for PCL_COMMON
[2.381s] ** WARNING ** io features related to libusb-1.0 will be disabled
[2.384s] -- Found PCL_COMMON: /usr/lib/x86_64-linux-gnu/libpcl_common.so  
[2.384s] -- looking for PCL_OCTREE
[2.384s] -- Found PCL_OCTREE: /usr/lib/x86_64-linux-gnu/libpcl_octree.so  
[2.384s] -- looking for PCL_IO
[2.384s] -- Found PCL_IO: /usr/lib/x86_64-linux-gnu/libpcl_io.so  
[2.385s] -- Found PCL: pcl_common;pcl_octree;pcl_io;/usr/lib/x86_64-linux-gnu/libboost_system.so;/usr/lib/x86_64-linux-gnu/libboost_filesystem.so;/usr/lib/x86_64-linux-gnu/libboost_date_time.so;/usr/lib/x86_64-linux-gnu/libboost_iostreams.so;/usr/lib/x86_64-linux-gnu/libboost_regex.so;/usr/lib/libOpenNI.so;/usr/lib/libOpenNI2.so;vtkChartsCore;vtkCommonColor;vtkCommonCore;vtksys;vtkCommonDataModel;vtkCommonMath;vtkCommonMisc;vtkCommonSystem;vtkCommonTransforms;vtkCommonExecutionModel;vtkFiltersGeneral;vtkCommonComputationalGeometry;vtkFiltersCore;vtkInfovisCore;vtkFiltersExtraction;vtkFiltersStatistics;vtkImagingFourier;vtkImagingCore;vtkalglib;vtkRenderingContext2D;vtkRenderingCore;vtkFiltersGeometry;vtkFiltersSources;vtkRenderingFreeType;/usr/lib/x86_64-linux-gnu/libfreetype.so;/usr/lib/x86_64-linux-gnu/libz.so;vtkFiltersModeling;vtkImagingSources;vtkInteractionStyle;vtkInteractionWidgets;vtkFiltersHybrid;vtkImagingColor;vtkImagingGeneral;vtkImagingHybrid;vtkIOImage;vtkDICOMParser;vtkmetaio;/usr/lib/x86_64-linux-gnu/libjpeg.so;/usr/lib/x86_64-linux-gnu/libpng.so;/usr/lib/x86_64-linux-gnu/libtiff.so;vtkRenderingAnnotation;vtkRenderingVolume;vtkIOXML;vtkIOCore;vtkIOXMLParser;/usr/lib/x86_64-linux-gnu/libexpat.so;vtkIOGeometry;vtkIOLegacy;vtkIOPLY;vtkRenderingLOD;vtkViewsContext2D;vtkViewsCore;vtkRenderingContextOpenGL2;vtkRenderingOpenGL2  
[2.512s] -- Found Boost: /usr/include (found version "1.71.0") found components: iostreams regex 
[2.598s] -- +++ processing catkin package: 'pcl_ros'
[2.598s] -- ==> add_subdirectory(perception_pcl/pcl_ros)
[2.608s] -- Eigen found (include: /usr/include/eigen3, version: 3.3.7)
[2.616s] -- Found Boost: /usr/include (found suitable version "1.71.0", minimum required is "1.55.0") found components: system filesystem date_time iostreams regex 
[2.627s] -- Checking for module 'flann'
[2.639s] --   Found flann, version 1.9.1
[2.673s] -- Found FLANN: /usr/lib/x86_64-linux-gnu/libflann_cpp.so  
[2.712s] -- The imported target "vtkParseOGLExt" references the file
[2.712s]    "/usr/bin/vtkParseOGLExt-7.1"
[2.712s] but this file does not exist.  Possible reasons include:
[2.712s] * The file was deleted, renamed, or moved to another location.
[2.712s] * An install or uninstall procedure did not complete successfully.
[2.712s] * The installation package was faulty and contained
[2.712s]    "/usr/lib/cmake/vtk-7.1/VTKTargets.cmake"
[2.712s] but not all the files it references.
[2.712s] 
[2.712s] -- The imported target "vtkRenderingPythonTkWidgets" references the file
[2.712s]    "/usr/lib/x86_64-linux-gnu/libvtkRenderingPythonTkWidgets.so"
[2.713s] but this file does not exist.  Possible reasons include:
[2.713s] * The file was deleted, renamed, or moved to another location.
[2.713s] * An install or uninstall procedure did not complete successfully.
[2.713s] * The installation package was faulty and contained
[2.713s]    "/usr/lib/cmake/vtk-7.1/VTKTargets.cmake"
[2.713s] but not all the files it references.
[2.713s] 
[2.713s] -- The imported target "vtk" references the file
[2.713s]    "/usr/bin/vtk"
[2.713s] but this file does not exist.  Possible reasons include:
[2.713s] * The file was deleted, renamed, or moved to another location.
[2.714s] * An install or uninstall procedure did not complete successfully.
[2.714s] * The installation package was faulty and contained
[2.714s]    "/usr/lib/cmake/vtk-7.1/VTKTargets.cmake"
[2.714s] but not all the files it references.
[2.714s] 
[2.714s] -- The imported target "pvtk" references the file
[2.714s]    "/usr/bin/pvtk"
[2.714s] but this file does not exist.  Possible reasons include:
[2.714s] * The file was deleted, renamed, or moved to another location.
[2.714s] * An install or uninstall procedure did not complete successfully.
[2.714s] * The installation package was faulty and contained
[2.714s]    "/usr/lib/cmake/vtk-7.1/VTKTargets.cmake"
[2.714s] but not all the files it references.
[2.715s] 
[2.729s] -- OpenNI found (include: /usr/include/ni, lib: /usr/lib/libOpenNI.so)
[2.733s] -- OpenNI2 found (include: /usr/include/openni2, lib: /usr/lib/libOpenNI2.so)
[2.733s] ** WARNING ** io features related to pcap will be disabled
[2.733s] ** WARNING ** io features related to png will be disabled
[2.742s] ** WARNING ** io features related to libusb-1.0 will be disabled
[2.747s] -- OpenNI found (include: /usr/include/ni, lib: /usr/lib/libOpenNI.so)
[2.750s] -- OpenNI2 found (include: /usr/include/openni2, lib: /usr/lib/libOpenNI2.so)
[2.769s] -- Found Qhull: optimized;/usr/lib/x86_64-linux-gnu/libqhull.so;debug;/usr/lib/x86_64-linux-gnu/libqhull.so  
[2.769s] -- QHULL found (include: /usr/include, lib: optimized;/usr/lib/x86_64-linux-gnu/libqhull.so;debug;/usr/lib/x86_64-linux-gnu/libqhull.so)
[2.773s] -- OpenNI found (include: /usr/include/ni, lib: /usr/lib/libOpenNI.so)
[2.781s] -- looking for PCL_COMMON
[2.782s] -- looking for PCL_KDTREE
[2.782s] -- Found PCL_KDTREE: /usr/lib/x86_64-linux-gnu/libpcl_kdtree.so  
[2.783s] -- looking for PCL_OCTREE
[2.783s] -- looking for PCL_SEARCH
[2.784s] -- Found PCL_SEARCH: /usr/lib/x86_64-linux-gnu/libpcl_search.so  
[2.784s] -- looking for PCL_SAMPLE_CONSENSUS
[2.785s] -- Found PCL_SAMPLE_CONSENSUS: /usr/lib/x86_64-linux-gnu/libpcl_sample_consensus.so  
[2.785s] -- looking for PCL_FILTERS
[2.786s] -- Found PCL_FILTERS: /usr/lib/x86_64-linux-gnu/libpcl_filters.so  
[2.786s] -- looking for PCL_2D
[2.786s] -- Found PCL_2D: /usr/include/pcl-1.10  
[2.787s] -- looking for PCL_GEOMETRY
[2.787s] -- Found PCL_GEOMETRY: /usr/include/pcl-1.10  
[2.787s] -- looking for PCL_IO
[2.788s] -- looking for PCL_FEATURES
[2.788s] -- Found PCL_FEATURES: /usr/lib/x86_64-linux-gnu/libpcl_features.so  
[2.789s] -- looking for PCL_ML
[2.790s] -- Found PCL_ML: /usr/lib/x86_64-linux-gnu/libpcl_ml.so  
[2.790s] -- looking for PCL_SEGMENTATION
[2.791s] -- Found PCL_SEGMENTATION: /usr/lib/x86_64-linux-gnu/libpcl_segmentation.so  
[2.791s] -- looking for PCL_VISUALIZATION
[2.792s] -- Found PCL_VISUALIZATION: /usr/lib/x86_64-linux-gnu/libpcl_visualization.so  
[2.792s] -- looking for PCL_SURFACE
[2.793s] -- Found PCL_SURFACE: /usr/lib/x86_64-linux-gnu/libpcl_surface.so  
[2.793s] -- looking for PCL_REGISTRATION
[2.794s] -- Found PCL_REGISTRATION: /usr/lib/x86_64-linux-gnu/libpcl_registration.so  
[2.794s] -- looking for PCL_KEYPOINTS
[2.795s] -- Found PCL_KEYPOINTS: /usr/lib/x86_64-linux-gnu/libpcl_keypoints.so  
[2.795s] -- looking for PCL_TRACKING
[2.796s] -- Found PCL_TRACKING: /usr/lib/x86_64-linux-gnu/libpcl_tracking.so  
[2.797s] -- looking for PCL_RECOGNITION
[2.797s] -- Found PCL_RECOGNITION: /usr/lib/x86_64-linux-gnu/libpcl_recognition.so  
[2.798s] -- looking for PCL_STEREO
[2.799s] -- Found PCL_STEREO: /usr/lib/x86_64-linux-gnu/libpcl_stereo.so  
[2.799s] -- looking for PCL_APPS
[2.800s] -- Found PCL_APPS: /usr/lib/x86_64-linux-gnu/libpcl_apps.so  
[2.800s] -- looking for PCL_IN_HAND_SCANNER
[2.801s] -- Found PCL_IN_HAND_SCANNER: /usr/include/pcl-1.10  
[2.801s] -- looking for PCL_POINT_CLOUD_EDITOR
[2.801s] -- Found PCL_POINT_CLOUD_EDITOR: /usr/include/pcl-1.10  
[2.801s] -- looking for PCL_OUTOFCORE
[2.802s] -- Found PCL_OUTOFCORE: /usr/lib/x86_64-linux-gnu/libpcl_outofcore.so  
[2.802s] -- looking for PCL_PEOPLE
[2.803s] -- Found PCL_PEOPLE: /usr/lib/x86_64-linux-gnu/libpcl_people.so  
[2.804s] -- Found PCL: pcl_common;pcl_kdtree;pcl_octree;pcl_search;pcl_sample_consensus;pcl_filters;pcl_io;pcl_features;pcl_ml;pcl_segmentation;pcl_visualization;pcl_surface;pcl_registration;pcl_keypoints;pcl_tracking;pcl_recognition;pcl_stereo;pcl_apps;pcl_outofcore;pcl_people;/usr/lib/x86_64-linux-gnu/libboost_system.so;/usr/lib/x86_64-linux-gnu/libboost_filesystem.so;/usr/lib/x86_64-linux-gnu/libboost_date_time.so;/usr/lib/x86_64-linux-gnu/libboost_iostreams.so;/usr/lib/x86_64-linux-gnu/libboost_regex.so;optimized;/usr/lib/x86_64-linux-gnu/libqhull.so;debug;/usr/lib/x86_64-linux-gnu/libqhull.so;/usr/lib/libOpenNI.so;/usr/lib/libOpenNI2.so;vtkChartsCore;vtkCommonColor;vtkCommonCore;vtksys;vtkCommonDataModel;vtkCommonMath;vtkCommonMisc;vtkCommonSystem;vtkCommonTransforms;vtkCommonExecutionModel;vtkFiltersGeneral;vtkCommonComputationalGeometry;vtkFiltersCore;vtkInfovisCore;vtkFiltersExtraction;vtkFiltersStatistics;vtkImagingFourier;vtkImagingCore;vtkalglib;vtkRenderingContext2D;vtkRenderingCore;vtkFiltersGeometry;vtkFiltersSources;vtkRenderingFreeType;/usr/lib/x86_64-linux-gnu/libfreetype.so;/usr/lib/x86_64-linux-gnu/libz.so;vtkFiltersModeling;vtkImagingSources;vtkInteractionStyle;vtkInteractionWidgets;vtkFiltersHybrid;vtkImagingColor;vtkImagingGeneral;vtkImagingHybrid;vtkIOImage;vtkDICOMParser;vtkmetaio;/usr/lib/x86_64-linux-gnu/libjpeg.so;/usr/lib/x86_64-linux-gnu/libpng.so;/usr/lib/x86_64-linux-gnu/libtiff.so;vtkRenderingAnnotation;vtkRenderingVolume;vtkIOXML;vtkIOCore;vtkIOXMLParser;/usr/lib/x86_64-linux-gnu/libexpat.so;vtkIOGeometry;vtkIOLegacy;vtkIOPLY;vtkRenderingLOD;vtkViewsContext2D;vtkViewsCore;vtkRenderingContextOpenGL2;vtkRenderingOpenGL2;FLANN::FLANN (Required is at least version "1.9") 
[2.829s] -- Found Boost: /usr/include (found version "1.71.0") found components: system filesystem thread chrono date_time atomic 
[3.015s] -- Using these message generators: gencpp;geneus;genlisp;gennodejs;genpy
[3.255s] -- Checking to see if CXX compiler accepts flag -Wl,--version-script,"/home/msi/caato2_ws/build/Project/perception_pcl/pcl_ros/class_loader_hide_library_symbols__pcl_ros_io.script"
[3.308s] -- Checking to see if CXX compiler accepts flag -Wl,--version-script,"/home/msi/caato2_ws/build/Project/perception_pcl/pcl_ros/class_loader_hide_library_symbols__pcl_ros_io.script" - yes
[3.321s] -- +++ processing catkin package: 'amcl3d'
[3.321s] -- ==> add_subdirectory(amcl3d/amcl3d)
[3.331s] -- Eigen found (include: /usr/include/eigen3, version: 3.3.7)
[3.341s] -- Found Boost: /usr/include (found suitable version "1.71.0", minimum required is "1.55.0") found components: system filesystem date_time iostreams regex 
[3.394s] -- The imported target "vtkParseOGLExt" references the file
[3.395s]    "/usr/bin/vtkParseOGLExt-7.1"
[3.395s] but this file does not exist.  Possible reasons include:
[3.395s] * The file was deleted, renamed, or moved to another location.
[3.395s] * An install or uninstall procedure did not complete successfully.
[3.395s] * The installation package was faulty and contained
[3.395s]    "/usr/lib/cmake/vtk-7.1/VTKTargets.cmake"
[3.395s] but not all the files it references.
[3.395s] 
[3.395s] -- The imported target "vtkRenderingPythonTkWidgets" references the file
[3.396s]    "/usr/lib/x86_64-linux-gnu/libvtkRenderingPythonTkWidgets.so"
[3.396s] but this file does not exist.  Possible reasons include:
[3.396s] * The file was deleted, renamed, or moved to another location.
[3.396s] * An install or uninstall procedure did not complete successfully.
[3.396s] * The installation package was faulty and contained
[3.396s]    "/usr/lib/cmake/vtk-7.1/VTKTargets.cmake"
[3.396s] but not all the files it references.
[3.396s] 
[3.396s] -- The imported target "vtk" references the file
[3.396s]    "/usr/bin/vtk"
[3.396s] but this file does not exist.  Possible reasons include:
[3.396s] * The file was deleted, renamed, or moved to another location.
[3.396s] * An install or uninstall procedure did not complete successfully.
[3.396s] * The installation package was faulty and contained
[3.397s]    "/usr/lib/cmake/vtk-7.1/VTKTargets.cmake"
[3.397s] but not all the files it references.
[3.397s] 
[3.397s] -- The imported target "pvtk" references the file
[3.397s]    "/usr/bin/pvtk"
[3.397s] but this file does not exist.  Possible reasons include:
[3.397s] * The file was deleted, renamed, or moved to another location.
[3.397s] * An install or uninstall procedure did not complete successfully.
[3.397s] * The installation package was faulty and contained
[3.397s]    "/usr/lib/cmake/vtk-7.1/VTKTargets.cmake"
[3.397s] but not all the files it references.
[3.397s] 
[3.411s] -- OpenNI found (include: /usr/include/ni, lib: /usr/lib/libOpenNI.so)
[3.415s] -- OpenNI2 found (include: /usr/include/openni2, lib: /usr/lib/libOpenNI2.so)
[3.415s] ** WARNING ** io features related to pcap will be disabled
[3.415s] ** WARNING ** io features related to png will be disabled
[3.423s] ** WARNING ** io features related to libusb-1.0 will be disabled
[3.427s] -- OpenNI found (include: /usr/include/ni, lib: /usr/lib/libOpenNI.so)
[3.431s] -- OpenNI2 found (include: /usr/include/openni2, lib: /usr/lib/libOpenNI2.so)
[3.440s] -- QHULL found (include: /usr/include, lib: optimized;/usr/lib/x86_64-linux-gnu/libqhull.so;debug;/usr/lib/x86_64-linux-gnu/libqhull.so)
[3.444s] -- OpenNI found (include: /usr/include/ni, lib: /usr/lib/libOpenNI.so)
[3.452s] -- looking for PCL_COMMON
[3.452s] -- looking for PCL_KDTREE
[3.453s] -- looking for PCL_OCTREE
[3.453s] -- looking for PCL_SEARCH
[3.453s] -- looking for PCL_SAMPLE_CONSENSUS
[3.454s] -- looking for PCL_FILTERS
[3.454s] -- looking for PCL_2D
[3.455s] -- looking for PCL_GEOMETRY
[3.455s] -- looking for PCL_IO
[3.456s] -- looking for PCL_FEATURES
[3.456s] -- looking for PCL_ML
[3.456s] -- looking for PCL_SEGMENTATION
[3.457s] -- looking for PCL_VISUALIZATION
[3.458s] -- looking for PCL_SURFACE
[3.458s] -- looking for PCL_REGISTRATION
[3.459s] -- looking for PCL_KEYPOINTS
[3.459s] -- looking for PCL_TRACKING
[3.460s] -- looking for PCL_RECOGNITION
[3.460s] -- looking for PCL_STEREO
[3.461s] -- looking for PCL_APPS
[3.462s] -- looking for PCL_IN_HAND_SCANNER
[3.462s] -- looking for PCL_POINT_CLOUD_EDITOR
[3.462s] -- looking for PCL_OUTOFCORE
[3.463s] -- looking for PCL_PEOPLE
[3.478s] -- Using these message generators: gencpp;geneus;genlisp;gennodejs;genpy
[3.770s] -- +++ processing catkin package: 'octomap_server'
[3.770s] -- ==> add_subdirectory(octomap_mapping/octomap_server)
[3.971s] -- Using these message generators: gencpp;geneus;genlisp;gennodejs;genpy
[4.276s] -- Configuring done
[4.800s] -- Generating done
[4.812s] -- Build files have been written to: /home/msi/caato2_ws/build/Project
[4.829s] Invoked command in '/home/msi/caato2_ws/build/Project' returned '0': /usr/bin/cmake /home/msi/caato2_ws/src/siot/amcl -DCMAKE_INSTALL_PREFIX=/home/msi/caato2_ws/install/Project
[4.831s] Invoking command in '/home/msi/caato2_ws/build/Project': /usr/bin/cmake --build /home/msi/caato2_ws/build/Project -- -j20 -l20
[4.860s] [35m[1mScanning dependencies of target _rosinrange_msg_generate_messages_check_deps_RangePose[0m
[4.861s] [35m[1mScanning dependencies of target geometry_msgs_generate_messages_nodejs[0m
[4.862s] [35m[1mScanning dependencies of target geometry_msgs_generate_messages_py[0m
[4.862s] [35m[1mScanning dependencies of target geometry_msgs_generate_messages_lisp[0m
[4.862s] [35m[1mScanning dependencies of target geometry_msgs_generate_messages_cpp[0m
[4.862s] [35m[1mScanning dependencies of target geometry_msgs_generate_messages_eus[0m
[4.862s] [35m[1mScanning dependencies of target table_scene_lms400.pcd[0m
[4.862s] [35m[1mScanning dependencies of target std_srvs_generate_messages_cpp[0m
[4.863s] [35m[1mScanning dependencies of target std_msgs_generate_messages_cpp[0m
[4.863s] [35m[1mScanning dependencies of target std_msgs_generate_messages_eus[0m
[4.863s] [35m[1mScanning dependencies of target std_msgs_generate_messages_nodejs[0m
[4.863s] [35m[1mScanning dependencies of target std_msgs_generate_messages_lisp[0m
[4.863s] [35m[1mScanning dependencies of target std_msgs_generate_messages_py[0m
[4.863s] [35m[1mScanning dependencies of target convert_pointcloud_to_image[0m
[4.863s] [35m[1mScanning dependencies of target sensor_msgs_generate_messages_py[0m
[4.863s] [35m[1mScanning dependencies of target roscpp_generate_messages_lisp[0m
[4.863s] [35m[1mScanning dependencies of target rosgraph_msgs_generate_messages_py[0m
[4.863s] [35m[1mScanning dependencies of target rosgraph_msgs_generate_messages_lisp[0m
[4.863s] [35m[1mScanning dependencies of target pcl_msgs_generate_messages_lisp[0m
[4.870s] [  0%] Built target std_msgs_generate_messages_nodejs
[4.870s] [35m[1mScanning dependencies of target convert_pcd_to_image[0m
[4.870s] [  0%] Built target geometry_msgs_generate_messages_lisp
[4.870s] [  0%] Built target geometry_msgs_generate_messages_py
[4.871s] [  0%] Built target geometry_msgs_generate_messages_nodejs
[4.871s] [  0%] Built target geometry_msgs_generate_messages_eus
[4.871s] [  0%] Built target geometry_msgs_generate_messages_cpp
[4.871s] [  0%] Built target std_srvs_generate_messages_cpp
[4.871s] [  0%] Built target std_msgs_generate_messages_lisp
[4.872s] [  0%] Built target std_msgs_generate_messages_eus
[4.872s] [  0%] Built target std_msgs_generate_messages_py
[4.872s] [  0%] Built target std_msgs_generate_messages_cpp
[4.872s] [  0%] Built target rosgraph_msgs_generate_messages_py
[4.872s] [  0%] Built target sensor_msgs_generate_messages_py
[4.872s] [  0%] Built target pcl_msgs_generate_messages_lisp
[4.872s] [  0%] Built target roscpp_generate_messages_lisp
[4.879s] [  0%] Built target rosgraph_msgs_generate_messages_lisp
[4.879s] [35m[1mScanning dependencies of target rosgraph_msgs_generate_messages_eus[0m
[4.879s] [35m[1mScanning dependencies of target rosgraph_msgs_generate_messages_cpp[0m
[4.879s] [35m[1mScanning dependencies of target rosgraph_msgs_generate_messages_nodejs[0m
[4.879s] [35m[1mScanning dependencies of target roscpp_generate_messages_nodejs[0m
[4.879s] [35m[1mScanning dependencies of target roscpp_generate_messages_eus[0m
[4.880s] [35m[1mScanning dependencies of target pcl_msgs_generate_messages_eus[0m
[4.880s] [35m[1mScanning dependencies of target roscpp_generate_messages_py[0m
[4.880s] [35m[1mScanning dependencies of target sensor_msgs_generate_messages_eus[0m
[4.880s] [35m[1mScanning dependencies of target pcl_msgs_generate_messages_nodejs[0m
[4.880s] [35m[1mScanning dependencies of target sensor_msgs_generate_messages_lisp[0m
[4.880s] [35m[1mScanning dependencies of target sensor_msgs_generate_messages_nodejs[0m
[4.881s] [35m[1mScanning dependencies of target pcl_msgs_generate_messages_cpp[0m
[4.881s] [35m[1mScanning dependencies of target pcl_msgs_generate_messages_py[0m
[4.881s] [35m[1mScanning dependencies of target sensor_msgs_generate_messages_cpp[0m
[4.886s] [  0%] Built target rosgraph_msgs_generate_messages_cpp
[4.886s] [  0%] Built target rosgraph_msgs_generate_messages_nodejs
[4.886s] [  0%] Built target roscpp_generate_messages_nodejs
[4.886s] [35m[1mScanning dependencies of target tf_generate_messages_cpp[0m
[4.887s] [35m[1mScanning dependencies of target roscpp_generate_messages_cpp[0m
[4.888s] [  0%] Built target rosgraph_msgs_generate_messages_eus
[4.893s] [  0%] Built target pcl_msgs_generate_messages_nodejs
[4.893s] [  0%] Built target sensor_msgs_generate_messages_lisp
[4.893s] [  0%] Built target sensor_msgs_generate_messages_eus
[4.893s] [  0%] Built target roscpp_generate_messages_eus
[4.893s] [  0%] Built target sensor_msgs_generate_messages_nodejs
[4.894s] [  0%] Built target roscpp_generate_messages_py
[4.894s] [  0%] Built target pcl_msgs_generate_messages_py
[4.894s] [  0%] Built target pcl_msgs_generate_messages_cpp
[4.894s] [  0%] Built target pcl_msgs_generate_messages_eus
[4.894s] [  0%] Built target sensor_msgs_generate_messages_cpp
[4.895s] [35m[1mScanning dependencies of target tf2_msgs_generate_messages_eus[0m
[4.895s] [35m[1mScanning dependencies of target std_srvs_generate_messages_py[0m
[4.896s] [  0%] Built target roscpp_generate_messages_cpp
[4.896s] [  0%] Built target tf_generate_messages_cpp
[4.896s] [35m[1mScanning dependencies of target topic_tools_generate_messages_nodejs[0m
[4.896s] [35m[1mScanning dependencies of target std_srvs_generate_messages_eus[0m
[4.902s] [35m[1mScanning dependencies of target tf_generate_messages_eus[0m
[4.902s] [  0%] Built target _rosinrange_msg_generate_messages_check_deps_RangePose
[4.902s] [35m[1mScanning dependencies of target bond_generate_messages_nodejs[0m
[4.902s] [35m[1mScanning dependencies of target tf_generate_messages_lisp[0m
[4.902s] [35m[1mScanning dependencies of target nodelet_topic_tools_gencfg[0m
[4.902s] [35m[1mScanning dependencies of target dynamic_reconfigure_generate_messages_cpp[0m
[4.902s] [35m[1mScanning dependencies of target tf2_msgs_generate_messages_nodejs[0m
[4.903s] [35m[1mScanning dependencies of target dynamic_reconfigure_generate_messages_eus[0m
[4.903s] [35m[1mScanning dependencies of target bond_generate_messages_py[0m
[4.903s] [  0%] Built target tf2_msgs_generate_messages_eus
[4.903s] [35m[1mScanning dependencies of target dynamic_reconfigure_gencfg[0m
[4.906s] [  0%] Built target std_srvs_generate_messages_py
[4.906s] [  0%] [32mBuilding CXX object perception_pcl/pcl_ros/CMakeFiles/convert_pointcloud_to_image.dir/tools/convert_pointcloud_to_image.cpp.o[0m
[4.906s] [35m[1mScanning dependencies of target topic_tools_generate_messages_lisp[0m
[4.906s] [35m[1mScanning dependencies of target topic_tools_generate_messages_py[0m
[4.907s] [  0%] Built target std_srvs_generate_messages_eus
[4.910s] [  0%] Built target topic_tools_generate_messages_nodejs
[4.910s] [  0%] Built target tf_generate_messages_eus
[4.911s] [35m[1mScanning dependencies of target tf2_msgs_generate_messages_cpp[0m
[4.911s] Downloading http://download.ros.org/data/pcl/table_scene_lms400.pcd to /home/msi/caato2_ws/build/Project/devel/share/pcl_ros/samples/data/table_scene_lms400.pcd...[  1%] [32mBuilding CXX object perception_pcl/pcl_ros/CMakeFiles/convert_pcd_to_image.dir/tools/convert_pcd_to_image.cpp.o[0m
[4.911s] [35m[1mScanning dependencies of target dynamic_reconfigure_generate_messages_lisp[0m
[4.911s] [  1%] Built target nodelet_topic_tools_gencfg
[4.911s] [  1%] Built target tf_generate_messages_lisp
[4.911s] [  1%] Built target bond_generate_messages_nodejs
[4.912s] [  1%] Built target dynamic_reconfigure_generate_messages_cpp
[4.912s] [35m[1mScanning dependencies of target std_srvs_generate_messages_lisp[0m
[4.912s] [  1%] Built target tf2_msgs_generate_messages_nodejs
[4.912s] [  1%] Built target bond_generate_messages_py
[4.913s] [  1%] Built target dynamic_reconfigure_generate_messages_eus
[4.915s] [  1%] Built target dynamic_reconfigure_gencfg
[4.916s] [  1%] Built target topic_tools_generate_messages_lisp
[4.916s] [35m[1mScanning dependencies of target nodelet_generate_messages_eus[0m
[4.916s] [35m[1mScanning dependencies of target topic_tools_generate_messages_cpp[0m
[4.918s] [35m[1mScanning dependencies of target actionlib_generate_messages_nodejs[0m
[4.918s] [35m[1mScanning dependencies of target std_srvs_generate_messages_nodejs[0m
[4.918s] [  1%] Built target topic_tools_generate_messages_py
[4.918s] [35m[1mScanning dependencies of target bond_generate_messages_lisp[0m
[4.918s] [35m[1mScanning dependencies of target bond_generate_messages_eus[0m
[4.919s] [35m[1mScanning dependencies of target nodelet_generate_messages_lisp[0m
[4.921s] [35m[1mScanning dependencies of target nodelet_generate_messages_py[0m
[4.924s] [  1%] Built target dynamic_reconfigure_generate_messages_lisp
[4.925s] [  1%] Built target tf2_msgs_generate_messages_cpp
[4.925s] [  1%] Built target std_srvs_generate_messages_lisp
[4.926s] [35m[1mScanning dependencies of target tf_generate_messages_nodejs[0m
[4.926s] [35m[1mScanning dependencies of target actionlib_generate_messages_eus[0m
[4.926s] [35m[1mScanning dependencies of target actionlib_msgs_generate_messages_py[0m
[4.926s] [  1%] Built target topic_tools_generate_messages_cpp
[4.926s] [35m[1mScanning dependencies of target actionlib_generate_messages_cpp[0m
[4.926s] [  1%] Built target nodelet_generate_messages_eus
[4.926s] [35m[1mScanning dependencies of target actionlib_msgs_generate_messages_cpp[0m
[4.926s] [  1%] Built target actionlib_generate_messages_nodejs
[4.927s] [35m[1mScanning dependencies of target actionlib_generate_messages_lisp[0m
[4.927s] [  1%] Built target std_srvs_generate_messages_nodejs
[4.927s] [  1%] Built target bond_generate_messages_lisp
[4.928s] [  1%] Built target nodelet_generate_messages_lisp
[4.928s] [  1%] Built target bond_generate_messages_eus
[4.931s] [  1%] Built target nodelet_generate_messages_py
[4.933s] [35m[1mScanning dependencies of target actionlib_generate_messages_py[0m
[4.934s] [35m[1mScanning dependencies of target dynamic_reconfigure_generate_messages_py[0m
[4.934s] [35m[1mScanning dependencies of target actionlib_msgs_generate_messages_eus[0m
[4.934s] [35m[1mScanning dependencies of target tf_generate_messages_py[0m
[4.934s] [  1%] Built target actionlib_generate_messages_eus
[4.935s] [  1%] Built target actionlib_msgs_generate_messages_py
[4.935s] [35m[1mScanning dependencies of target tf2_msgs_generate_messages_lisp[0m
[4.935s] [  1%] Built target actionlib_generate_messages_cpp
[4.935s] [  1%] Built target tf_generate_messages_nodejs
[4.935s] [35m[1mScanning dependencies of target actionlib_msgs_generate_messages_nodejs[0m
[4.935s] [  1%] Built target actionlib_msgs_generate_messages_cpp
[4.935s] [35m[1mScanning dependencies of target actionlib_msgs_generate_messages_lisp[0m
[4.935s] [  1%] Built target actionlib_generate_messages_lisp
[4.936s] [35m[1mScanning dependencies of target dynamic_reconfigure_generate_messages_nodejs[0m
[4.936s] [35m[1mScanning dependencies of target tf2_msgs_generate_messages_py[0m
[4.936s] [35m[1mScanning dependencies of target bond_generate_messages_cpp[0m
[4.939s] [35m[1mScanning dependencies of target topic_tools_generate_messages_eus[0m
[4.943s] [  1%] Built target actionlib_msgs_generate_messages_lisp
[4.944s] [  1%] Built target actionlib_msgs_generate_messages_eus
[4.944s] [  1%] Built target tf_generate_messages_py
[4.944s] [  1%] Built target tf2_msgs_generate_messages_lisp
[4.944s] [  1%] Built target actionlib_msgs_generate_messages_nodejs
[4.944s] [35m[1mScanning dependencies of target nodelet_generate_messages_nodejs[0m
[4.944s] [  1%] Built target dynamic_reconfigure_generate_messages_py
[4.944s] [  1%] Built target dynamic_reconfigure_generate_messages_nodejs
[4.944s] [  1%] Built target actionlib_generate_messages_py
[4.944s] [35m[1mScanning dependencies of target nodelet_generate_messages_cpp[0m
[4.945s] [  1%] Built target tf2_msgs_generate_messages_py
[4.945s] [  1%] Built target bond_generate_messages_cpp
[4.946s] [35m[1mScanning dependencies of target nav_msgs_generate_messages_eus[0m
[4.946s] [35m[1mScanning dependencies of target pointcloud_to_pcd[0m
[4.946s] [35m[1mScanning dependencies of target pcd_to_pointcloud[0m
[4.946s] [35m[1mScanning dependencies of target pcl_ros_gencfg[0m
[4.948s] [  1%] Built target topic_tools_generate_messages_eus
[4.953s] [35m[1mScanning dependencies of target nav_msgs_generate_messages_py[0m
[4.953s] [35m[1mScanning dependencies of target nav_msgs_generate_messages_cpp[0m
[4.953s] [35m[1mScanning dependencies of target visualization_msgs_generate_messages_cpp[0m
[4.953s] [35m[1mScanning dependencies of target nav_msgs_generate_messages_lisp[0m
[4.953s] [35m[1mScanning dependencies of target octomap_msgs_generate_messages_py[0m
[4.953s] [  1%] Built target nodelet_generate_messages_nodejs
[4.954s] [35m[1mScanning dependencies of target octomap_msgs_generate_messages_lisp[0m
[4.954s] [35m[1mScanning dependencies of target octomap_msgs_generate_messages_eus[0m
[4.954s] [35m[1mScanning dependencies of target visualization_msgs_generate_messages_nodejs[0m
[4.954s] [35m[1mScanning dependencies of target octomap_msgs_generate_messages_nodejs[0m
[4.954s] [  1%] Built target nodelet_generate_messages_cpp
[4.954s] [35m[1mScanning dependencies of target visualization_msgs_generate_messages_py[0m
[4.954s] [  1%] Built target nav_msgs_generate_messages_eus
[4.955s] [  2%] [34m[1mGenerating dynamic reconfigure files from cfg/EuclideanClusterExtraction.cfg: /home/msi/caato2_ws/build/Project/devel/include/pcl_ros/EuclideanClusterExtractionConfig.h /home/msi/caato2_ws/build/Project/devel/lib/python3/dist-packages/pcl_ros/cfg/EuclideanClusterExtractionConfig.py[0m
[4.955s] [  3%] [34m[1mGenerating dynamic reconfigure files from cfg/ExtractIndices.cfg: /home/msi/caato2_ws/build/Project/devel/include/pcl_ros/ExtractIndicesConfig.h /home/msi/caato2_ws/build/Project/devel/lib/python3/dist-packages/pcl_ros/cfg/ExtractIndicesConfig.py[0m
[4.961s] [  3%] [34m[1mGenerating dynamic reconfigure files from cfg/Feature.cfg: /home/msi/caato2_ws/build/Project/devel/include/pcl_ros/FeatureConfig.h /home/msi/caato2_ws/build/Project/devel/lib/python3/dist-packages/pcl_ros/cfg/FeatureConfig.py[0m
[4.961s] [  4%] [34m[1mGenerating dynamic reconfigure files from cfg/ExtractPolygonalPrismData.cfg: /home/msi/caato2_ws/build/Project/devel/include/pcl_ros/ExtractPolygonalPrismDataConfig.h /home/msi/caato2_ws/build/Project/devel/lib/python3/dist-packages/pcl_ros/cfg/ExtractPolygonalPrismDataConfig.py[0m
[4.962s] [  4%] Built target octomap_msgs_generate_messages_py
[4.962s] [  4%] Built target nav_msgs_generate_messages_lisp
[4.962s] [  4%] Built target nav_msgs_generate_messages_cpp
[4.962s] [  4%] Built target octomap_msgs_generate_messages_lisp
[4.962s] [  4%] Built target octomap_msgs_generate_messages_eus
[4.962s] [  4%] Built target visualization_msgs_generate_messages_py
[4.962s] [  4%] Built target nav_msgs_generate_messages_py
[4.962s] [  4%] Built target octomap_msgs_generate_messages_nodejs
[4.963s] [  4%] Built target visualization_msgs_generate_messages_cpp
[4.963s] [  4%] Built target visualization_msgs_generate_messages_nodejs
[4.963s] [35m[1mScanning dependencies of target nav_msgs_generate_messages_nodejs[0m
[4.969s] [35m[1mScanning dependencies of target octomap_msgs_generate_messages_cpp[0m
[4.970s] [35m[1mScanning dependencies of target visualization_msgs_generate_messages_eus[0m
[4.970s] [  5%] [34m[1mGenerating dynamic reconfigure files from cfg/Filter.cfg: /home/msi/caato2_ws/build/Project/devel/include/pcl_ros/FilterConfig.h /home/msi/caato2_ws/build/Project/devel/lib/python3/dist-packages/pcl_ros/cfg/FilterConfig.py[0m
[4.971s] [35m[1mScanning dependencies of target visualization_msgs_generate_messages_lisp[0m
[4.971s] [  7%] [34m[1mGenerating dynamic reconfigure files from cfg/MLS.cfg: /home/msi/caato2_ws/build/Project/devel/include/pcl_ros/MLSConfig.h /home/msi/caato2_ws/build/Project/devel/lib/python3/dist-packages/pcl_ros/cfg/MLSConfig.py[0m
[4.971s] [35m[1mScanning dependencies of target octomap_server_gencfg[0m
[4.971s] [35m[1mScanning dependencies of target rosinrange_msg_generate_messages_py[0m
[4.971s] [35m[1mScanning dependencies of target rosinrange_msg_generate_messages_nodejs[0m
[4.971s] [  7%] Built target nav_msgs_generate_messages_nodejs
[4.971s] [35m[1mScanning dependencies of target rosinrange_msg_generate_messages_lisp[0m
[4.971s] [35m[1mScanning dependencies of target rosinrange_msg_generate_messages_eus[0m
[4.978s] [  8%] [34m[1mGenerating Javascript code from rosinrange_msg/RangePose.msg[0m
[4.979s] [  8%] Built target octomap_msgs_generate_messages_cpp
[4.979s] [  9%] Built target visualization_msgs_generate_messages_eus
[4.979s] [  9%] [34m[1mGenerating dynamic reconfigure files from cfg/SACSegmentation.cfg: /home/msi/caato2_ws/build/Project/devel/include/pcl_ros/SACSegmentationConfig.h /home/msi/caato2_ws/build/Project/devel/lib/python3/dist-packages/pcl_ros/cfg/SACSegmentationConfig.py[0m
[4.979s] [  9%] Built target visualization_msgs_generate_messages_lisp
[4.980s] [ 10%] [34m[1mGenerating dynamic reconfigure files from cfg/OctomapServer.cfg: /home/msi/caato2_ws/build/Project/devel/include/octomap_server/OctomapServerConfig.h /home/msi/caato2_ws/build/Project/devel/lib/python3/dist-packages/octomap_server/cfg/OctomapServerConfig.py[0m
[4.980s] [ 10%] [34m[1mGenerating Python from MSG rosinrange_msg/RangePose[0m
[4.980s] [ 11%] [34m[1mGenerating Lisp code from rosinrange_msg/RangePose.msg[0m
[4.980s] [ 12%] [34m[1mGenerating EusLisp code from rosinrange_msg/RangePose.msg[0m
[4.988s] [ 14%] [34m[1mGenerating EusLisp manifest code for rosinrange_msg[0m
[4.989s] [35m[1mScanning dependencies of target rosinrange_msg_generate_messages_cpp[0m
[4.989s] [35m[1mScanning dependencies of target pcl_ros_tf[0m
[4.994s] [ 15%] [32mBuilding CXX object perception_pcl/pcl_ros/CMakeFiles/pcd_to_pointcloud.dir/tools/pcd_to_pointcloud.cpp.o[0m
[5.001s] [ 16%] [34m[1mGenerating C++ code from rosinrange_msg/RangePose.msg[0m
[5.005s] [ 17%] [32mBuilding CXX object perception_pcl/pcl_ros/CMakeFiles/pointcloud_to_pcd.dir/tools/pointcloud_to_pcd.cpp.o[0m
[5.018s] Generating reconfiguration files for EuclideanClusterExtraction in pcl_ros
[5.019s] Wrote header file in /home/msi/caato2_ws/build/Project/devel/include/pcl_ros/EuclideanClusterExtractionConfig.h
[5.021s] Generating reconfiguration files for ExtractIndices in pcl_ros
[5.022s] Wrote header file in /home/msi/caato2_ws/build/Project/devel/include/pcl_ros/ExtractIndicesConfig.h
[5.029s] Generating reconfiguration files for ExtractPolygonalPrismData in pcl_ros
[5.029s] Generating reconfiguration files for Feature in pcl_ros
[5.030s] Wrote header file in /home/msi/caato2_ws/build/Project/devel/include/pcl_ros/ExtractPolygonalPrismDataConfig.h
[5.030s] Wrote header file in /home/msi/caato2_ws/build/Project/devel/include/pcl_ros/FeatureConfig.h
[5.033s] [ 17%] Built target rosinrange_msg_generate_messages_nodejs
[5.034s] [ 17%] Built target rosinrange_msg_generate_messages_lisp
[5.038s] Generating reconfiguration files for MLS in pcl_ros
[5.039s] Generating reconfiguration files for Filter in pcl_ros
[5.039s] Wrote header file in /home/msi/caato2_ws/build/Project/devel/include/pcl_ros/MLSConfig.h
[5.041s] Wrote header file in /home/msi/caato2_ws/build/Project/devel/include/pcl_ros/FilterConfig.h
[5.049s] Generating reconfiguration files for OctomapServer in octomap_server
[5.052s] Generating reconfiguration files for SACSegmentation in pcl_ros
[5.053s] [ 18%] [34m[1mGenerating dynamic reconfigure files from cfg/SegmentDifferences.cfg: /home/msi/caato2_ws/build/Project/devel/include/pcl_ros/SegmentDifferencesConfig.h /home/msi/caato2_ws/build/Project/devel/lib/python3/dist-packages/pcl_ros/cfg/SegmentDifferencesConfig.py[0m
[5.054s] Wrote header file in /home/msi/caato2_ws/build/Project/devel/include/pcl_ros/SACSegmentationConfig.h
[5.056s] Wrote header file in /home/msi/caato2_ws/build/Project/devel/include/octomap_server/OctomapServerConfig.h
[5.056s] [ 21%] [34m[1mGenerating dynamic reconfigure files from cfg/RadiusOutlierRemoval.cfg: /home/msi/caato2_ws/build/Project/devel/include/pcl_ros/RadiusOutlierRemovalConfig.h /home/msi/caato2_ws/build/Project/devel/lib/python3/dist-packages/pcl_ros/cfg/RadiusOutlierRemovalConfig.py[0m
[5.058s] [ 22%] [34m[1mGenerating dynamic reconfigure files from cfg/CropBox.cfg: /home/msi/caato2_ws/build/Project/devel/include/pcl_ros/CropBoxConfig.h /home/msi/caato2_ws/build/Project/devel/lib/python3/dist-packages/pcl_ros/cfg/CropBoxConfig.py[0m
[5.059s] [ 22%] [34m[1mGenerating dynamic reconfigure files from cfg/StatisticalOutlierRemoval.cfg: /home/msi/caato2_ws/build/Project/devel/include/pcl_ros/StatisticalOutlierRemovalConfig.h /home/msi/caato2_ws/build/Project/devel/lib/python3/dist-packages/pcl_ros/cfg/StatisticalOutlierRemovalConfig.py[0m
[5.063s] [ 23%] [34m[1mGenerating dynamic reconfigure files from cfg/SACSegmentationFromNormals.cfg: /home/msi/caato2_ws/build/Project/devel/include/pcl_ros/SACSegmentationFromNormalsConfig.h /home/msi/caato2_ws/build/Project/devel/lib/python3/dist-packages/pcl_ros/cfg/SACSegmentationFromNormalsConfig.py[0m
[5.063s] [ 20%] [32mBuilding CXX object perception_pcl/pcl_ros/CMakeFiles/pcl_ros_tf.dir/src/transforms.cpp.o[0m
[5.070s] [ 24%] [34m[1mGenerating dynamic reconfigure files from cfg/VoxelGrid.cfg: /home/msi/caato2_ws/build/Project/devel/include/pcl_ros/VoxelGridConfig.h /home/msi/caato2_ws/build/Project/devel/lib/python3/dist-packages/pcl_ros/cfg/VoxelGridConfig.py[0m
[5.097s] [ 24%] Built target octomap_server_gencfg
[5.122s] [ 25%] [34m[1mGenerating Python msg __init__.py for rosinrange_msg[0m
[5.122s] [ 25%] Built target rosinrange_msg_generate_messages_cpp
[5.135s] Generating reconfiguration files for RadiusOutlierRemoval in pcl_ros
[5.136s] Wrote header file in /home/msi/caato2_ws/build/Project/devel/include/pcl_ros/RadiusOutlierRemovalConfig.h
[5.137s] Generating reconfiguration files for VoxelGrid in pcl_ros
[5.137s] Generating reconfiguration files for SegmentDifferences in pcl_ros
[5.137s] Generating reconfiguration files for CropBox in pcl_ros
[5.137s] Generating reconfiguration files for StatisticalOutlierRemoval in pcl_ros
[5.138s] Generating reconfiguration files for SACSegmentationFromNormals in pcl_ros
[5.138s] Wrote header file in /home/msi/caato2_ws/build/Project/devel/include/pcl_ros/SegmentDifferencesConfig.h
[5.138s] Wrote header file in /home/msi/caato2_ws/build/Project/devel/include/pcl_ros/StatisticalOutlierRemovalConfig.h
[5.139s] Wrote header file in /home/msi/caato2_ws/build/Project/devel/include/pcl_ros/VoxelGridConfig.h
[5.139s] Wrote header file in /home/msi/caato2_ws/build/Project/devel/include/pcl_ros/CropBoxConfig.h
[5.140s] Wrote header file in /home/msi/caato2_ws/build/Project/devel/include/pcl_ros/SACSegmentationFromNormalsConfig.h
[5.178s] [ 25%] Built target pcl_ros_gencfg
[5.198s] [35m[1mScanning dependencies of target pcl_ros_features[0m
[5.200s] [35m[1mScanning dependencies of target pcl_ros_surface[0m
[5.245s] [ 25%] Built target rosinrange_msg_generate_messages_py
[5.254s] [ 27%] [32mBuilding CXX object perception_pcl/pcl_ros/CMakeFiles/pcl_ros_surface.dir/src/pcl_ros/surface/surface.cpp.o[0m
[5.257s] [ 27%] [32mBuilding CXX object perception_pcl/pcl_ros/CMakeFiles/pcl_ros_surface.dir/src/pcl_ros/surface/convex_hull.cpp.o[0m
[5.257s] [ 28%] [32mBuilding CXX object perception_pcl/pcl_ros/CMakeFiles/pcl_ros_surface.dir/src/pcl_ros/surface/moving_least_squares.cpp.o[0m
[5.316s] [ 30%] [32mBuilding CXX object perception_pcl/pcl_ros/CMakeFiles/pcl_ros_features.dir/src/pcl_ros/features/boundary.cpp.o[0m
[5.316s] [ 30%] [32mBuilding CXX object perception_pcl/pcl_ros/CMakeFiles/pcl_ros_features.dir/src/pcl_ros/features/feature.cpp.o[0m
[5.316s] [ 31%] [32mBuilding CXX object perception_pcl/pcl_ros/CMakeFiles/pcl_ros_features.dir/src/pcl_ros/features/shot.cpp.o[0m
[5.316s] [ 32%] [32mBuilding CXX object perception_pcl/pcl_ros/CMakeFiles/pcl_ros_features.dir/src/pcl_ros/features/fpfh.cpp.o[0m
[5.316s] [ 32%] [32mBuilding CXX object perception_pcl/pcl_ros/CMakeFiles/pcl_ros_features.dir/src/pcl_ros/features/fpfh_omp.cpp.o[0m
[5.317s] [ 35%] [32mBuilding CXX object perception_pcl/pcl_ros/CMakeFiles/pcl_ros_features.dir/src/pcl_ros/features/moment_invariants.cpp.o[0m
[5.317s] [ 35%] [32mBuilding CXX object perception_pcl/pcl_ros/CMakeFiles/pcl_ros_features.dir/src/pcl_ros/features/shot_omp.cpp.o[0m
[5.317s] [ 36%] [32mBuilding CXX object perception_pcl/pcl_ros/CMakeFiles/pcl_ros_features.dir/src/pcl_ros/features/normal_3d.cpp.o[0m
[5.318s] [ 37%] [32mBuilding CXX object perception_pcl/pcl_ros/CMakeFiles/pcl_ros_features.dir/src/pcl_ros/features/normal_3d_omp.cpp.o[0m
[5.319s] [ 38%] [32mBuilding CXX object perception_pcl/pcl_ros/CMakeFiles/pcl_ros_features.dir/src/pcl_ros/features/principal_curvatures.cpp.o[0m
[5.320s] [ 38%] [32mBuilding CXX object perception_pcl/pcl_ros/CMakeFiles/pcl_ros_features.dir/src/pcl_ros/features/pfh.cpp.o[0m
[5.601s] [ 38%] Built target rosinrange_msg_generate_messages_eus
[5.611s] [ 40%] [32mBuilding CXX object perception_pcl/pcl_ros/CMakeFiles/pcl_ros_features.dir/src/pcl_ros/features/vfh.cpp.o[0m
[10.341s] [ 41%] [32m[1mLinking CXX executable ../../devel/lib/pcl_ros/convert_pcd_to_image[0m
[10.379s] [ 42%] [32m[1mLinking CXX executable ../../devel/lib/pcl_ros/pcd_to_pointcloud[0m
[10.776s] [ 43%] [32m[1mLinking CXX executable ../../devel/lib/pcl_ros/convert_pointcloud_to_image[0m
[11.388s]  done.
[11.417s] Checking md5sum on /home/msi/caato2_ws/build/Project/devel/share/pcl_ros/samples/data/table_scene_lms400.pcd
[11.445s] [ 43%] Built target table_scene_lms400.pcd
[11.460s] [35m[1mScanning dependencies of target rosinrange_msg_generate_messages[0m
[11.475s] [ 43%] Built target rosinrange_msg_generate_messages
[11.490s] [35m[1mScanning dependencies of target download_extra_data[0m
[11.494s] [ 43%] Built target convert_pcd_to_image
[11.504s] [ 43%] Built target download_extra_data
[11.517s] [35m[1mScanning dependencies of target download[0m
[11.529s] [ 43%] Built target download
[11.544s] [ 43%] Built target pcd_to_pointcloud
[11.664s] [ 43%] Built target convert_pointcloud_to_image
[13.780s] [ 43%] [32m[1mLinking CXX executable ../../devel/lib/pcl_ros/pointcloud_to_pcd[0m
[15.185s] [ 43%] Built target pointcloud_to_pcd
[17.531s] [ 44%] [32m[1mLinking CXX shared library ../../devel/lib/libpcl_ros_surface.so[0m
[18.591s] [ 45%] [32m[1mLinking CXX shared library ../../devel/lib/libpcl_ros_tf.so[0m
[19.010s] [ 45%] Built target pcl_ros_tf
[19.017s] [35m[1mScanning dependencies of target bag_to_pcd[0m
[19.017s] [35m[1mScanning dependencies of target pcl_ros_filter[0m
[19.018s] [35m[1mScanning dependencies of target pcl_ros_segmentation[0m
[19.018s] [35m[1mScanning dependencies of target pcl_ros_io[0m
[19.051s] [ 48%] [32mBuilding CXX object perception_pcl/pcl_ros/CMakeFiles/pcl_ros_filter.dir/src/pcl_ros/filters/filter.cpp.o[0m
[19.052s] [ 48%] [32mBuilding CXX object perception_pcl/pcl_ros/CMakeFiles/bag_to_pcd.dir/tools/bag_to_pcd.cpp.o[0m
[19.064s] [ 49%] [32mBuilding CXX object perception_pcl/pcl_ros/CMakeFiles/pcl_ros_io.dir/src/pcl_ros/io/bag_io.cpp.o[0m
[19.065s] [ 50%] [32mBuilding CXX object perception_pcl/pcl_ros/CMakeFiles/pcl_ros_io.dir/src/pcl_ros/io/concatenate_fields.cpp.o[0m
[19.065s] [ 51%] [32mBuilding CXX object perception_pcl/pcl_ros/CMakeFiles/pcl_ros_io.dir/src/pcl_ros/io/concatenate_data.cpp.o[0m
[19.065s] [ 51%] [32mBuilding CXX object perception_pcl/pcl_ros/CMakeFiles/pcl_ros_io.dir/src/pcl_ros/io/io.cpp.o[0m
[19.068s] [ 52%] [32mBuilding CXX object perception_pcl/pcl_ros/CMakeFiles/pcl_ros_io.dir/src/pcl_ros/io/pcd_io.cpp.o[0m
[19.077s] [ 55%] [32mBuilding CXX object perception_pcl/pcl_ros/CMakeFiles/pcl_ros_segmentation.dir/src/pcl_ros/segmentation/extract_clusters.cpp.o[0m
[19.077s] [ 55%] [32mBuilding CXX object perception_pcl/pcl_ros/CMakeFiles/pcl_ros_segmentation.dir/src/pcl_ros/segmentation/extract_polygonal_prism_data.cpp.o[0m
[19.077s] [ 55%] [32mBuilding CXX object perception_pcl/pcl_ros/CMakeFiles/pcl_ros_segmentation.dir/src/pcl_ros/segmentation/sac_segmentation.cpp.o[0m
[19.078s] [ 56%] [32mBuilding CXX object perception_pcl/pcl_ros/CMakeFiles/pcl_ros_segmentation.dir/src/pcl_ros/segmentation/segmentation.cpp.o[0m
[19.078s] [ 57%] [32mBuilding CXX object perception_pcl/pcl_ros/CMakeFiles/pcl_ros_segmentation.dir/src/pcl_ros/segmentation/segment_differences.cpp.o[0m
[19.171s] [ 57%] Built target pcl_ros_surface
[20.101s] [ 58%] [32m[1mLinking CXX shared library ../../devel/lib/libpcl_ros_features.so[0m
[23.237s] [ 58%] Built target pcl_ros_features
[25.690s] [ 60%] [32m[1mLinking CXX executable ../../devel/lib/pcl_ros/bag_to_pcd[0m
[26.281s] [ 60%] Built target bag_to_pcd
[26.874s] [ 61%] [32m[1mLinking CXX shared library ../../devel/lib/libpcl_ros_io.so[0m
[27.655s] [ 61%] Built target pcl_ros_io
[29.410s] [ 62%] [32m[1mLinking CXX shared library ../../devel/lib/libpcl_ros_segmentation.so[0m
[29.576s] [ 63%] [32m[1mLinking CXX shared library ../../devel/lib/libpcl_ros_filter.so[0m
[30.121s] [ 63%] Built target pcl_ros_filter
[30.129s] [35m[1mScanning dependencies of target octomap_server[0m
[30.129s] [35m[1mScanning dependencies of target octomap_server_color[0m
[30.129s] [35m[1mScanning dependencies of target amcl3d[0m
[30.129s] [35m[1mScanning dependencies of target pcl_ros_filters[0m
[30.170s] [ 65%] [32mBuilding CXX object amcl3d/amcl3d/CMakeFiles/amcl3d.dir/src/PointCloudTools.cpp.o[0m
[30.170s] [ 65%] [32mBuilding CXX object amcl3d/amcl3d/CMakeFiles/amcl3d.dir/src/ParticleFilter.cpp.o[0m
[30.170s] [ 65%] [32mBuilding CXX object amcl3d/amcl3d/CMakeFiles/amcl3d.dir/src/Grid3d.cpp.o[0m
[30.186s] [ 67%] [32mBuilding CXX object octomap_mapping/octomap_server/CMakeFiles/octomap_server_color.dir/src/OctomapServerMultilayer.cpp.o[0m
[30.186s] [ 67%] [32mBuilding CXX object octomap_mapping/octomap_server/CMakeFiles/octomap_server.dir/src/OctomapServerMultilayer.cpp.o[0m
[30.187s] [ 68%] [32mBuilding CXX object octomap_mapping/octomap_server/CMakeFiles/octomap_server_color.dir/src/OctomapServer.cpp.o[0m
[30.187s] [ 69%] [32mBuilding CXX object octomap_mapping/octomap_server/CMakeFiles/octomap_server.dir/src/OctomapServer.cpp.o[0m
[30.187s] [ 70%] [32mBuilding CXX object octomap_mapping/octomap_server/CMakeFiles/octomap_server.dir/src/TrackingOctomapServer.cpp.o[0m
[30.187s] [ 71%] [32mBuilding CXX object octomap_mapping/octomap_server/CMakeFiles/octomap_server_color.dir/src/TrackingOctomapServer.cpp.o[0m
[30.207s] [ 74%] [32mBuilding CXX object perception_pcl/pcl_ros/CMakeFiles/pcl_ros_filters.dir/src/pcl_ros/filters/extract_indices.cpp.o[0m
[30.207s] [ 74%] [32mBuilding CXX object perception_pcl/pcl_ros/CMakeFiles/pcl_ros_filters.dir/src/pcl_ros/filters/project_inliers.cpp.o[0m
[30.207s] [ 74%] [32mBuilding CXX object perception_pcl/pcl_ros/CMakeFiles/pcl_ros_filters.dir/src/pcl_ros/filters/passthrough.cpp.o[0m
[30.207s] [ 75%] [32mBuilding CXX object perception_pcl/pcl_ros/CMakeFiles/pcl_ros_filters.dir/src/pcl_ros/filters/radius_outlier_removal.cpp.o[0m
[30.207s] [ 75%] [32mBuilding CXX object perception_pcl/pcl_ros/CMakeFiles/pcl_ros_filters.dir/src/pcl_ros/filters/voxel_grid.cpp.o[0m
[30.208s] [ 76%] [32mBuilding CXX object perception_pcl/pcl_ros/CMakeFiles/pcl_ros_filters.dir/src/pcl_ros/filters/statistical_outlier_removal.cpp.o[0m
[30.208s] [ 77%] [32mBuilding CXX object perception_pcl/pcl_ros/CMakeFiles/pcl_ros_filters.dir/src/pcl_ros/filters/crop_box.cpp.o[0m
[31.625s] [ 77%] Built target pcl_ros_segmentation
[36.225s] [ 78%] [32m[1mLinking CXX shared library ../../devel/lib/libamcl3d.so[0m
[36.870s] [ 78%] Built target amcl3d
[36.878s] [35m[1mScanning dependencies of target amcl3d_node[0m
[36.922s] [ 81%] [32mBuilding CXX object amcl3d/amcl3d/CMakeFiles/amcl3d_node.dir/src/main.cpp.o[0m
[36.922s] [ 81%] [32mBuilding CXX object amcl3d/amcl3d/CMakeFiles/amcl3d_node.dir/src/Node.cpp.o[0m
[36.922s] [ 81%] [32mBuilding CXX object amcl3d/amcl3d/CMakeFiles/amcl3d_node.dir/src/Parameters.cpp.o[0m
[41.152s] [ 81%] [32m[1mLinking CXX shared library ../../devel/lib/liboctomap_server_color.so[0m
[41.998s] [ 82%] [32m[1mLinking CXX shared library ../../devel/lib/libpcl_ros_filters.so[0m
[42.493s] [ 83%] [32m[1mLinking CXX executable ../../devel/lib/amcl3d/amcl3d_node[0m
[43.167s] [ 84%] [32m[1mLinking CXX shared library ../../devel/lib/liboctomap_server.so[0m
[44.294s] [ 84%] Built target pcl_ros_filters
[44.517s] [ 84%] Built target octomap_server_color
[44.525s] [35m[1mScanning dependencies of target octomap_color_server_nodelet[0m
[44.525s] [35m[1mScanning dependencies of target octomap_color_server_node[0m
[44.571s] [ 87%] [32mBuilding CXX object octomap_mapping/octomap_server/CMakeFiles/octomap_color_server_node.dir/src/octomap_server_node.cpp.o[0m
[44.571s] [ 87%] [32mBuilding CXX object octomap_mapping/octomap_server/CMakeFiles/octomap_color_server_nodelet.dir/src/octomap_server_nodelet.cpp.o[0m
[46.161s] [ 87%] Built target amcl3d_node
[46.602s] [ 87%] Built target octomap_server
[46.609s] [35m[1mScanning dependencies of target octomap_server_nodelet[0m
[46.609s] [35m[1mScanning dependencies of target octomap_server_static[0m
[46.609s] [35m[1mScanning dependencies of target octomap_tracking_server_node[0m
[46.609s] [35m[1mScanning dependencies of target octomap_saver[0m
[46.609s] [35m[1mScanning dependencies of target octomap_server_node[0m
[46.609s] [35m[1mScanning dependencies of target octomap_server_multilayer[0m
[46.622s] [ 89%] [32mBuilding CXX object octomap_mapping/octomap_server/CMakeFiles/octomap_server_static.dir/src/octomap_server_static.cpp.o[0m
[46.622s] [ 89%] [32mBuilding CXX object octomap_mapping/octomap_server/CMakeFiles/octomap_saver.dir/src/octomap_saver.cpp.o[0m
[46.651s] [ 90%] [32mBuilding CXX object octomap_mapping/octomap_server/CMakeFiles/octomap_server_node.dir/src/octomap_server_node.cpp.o[0m
[46.651s] [ 90%] [32mBuilding CXX object octomap_mapping/octomap_server/CMakeFiles/octomap_server_nodelet.dir/src/octomap_server_nodelet.cpp.o[0m
[46.651s] [ 91%] [32mBuilding CXX object octomap_mapping/octomap_server/CMakeFiles/octomap_server_multilayer.dir/src/octomap_server_multilayer.cpp.o[0m
[46.653s] [ 92%] [32mBuilding CXX object octomap_mapping/octomap_server/CMakeFiles/octomap_tracking_server_node.dir/src/octomap_tracking_server_node.cpp.o[0m
[47.934s] [ 94%] [32m[1mLinking CXX executable ../../devel/lib/octomap_server/octomap_saver[0m
[48.043s] [ 95%] [32m[1mLinking CXX executable ../../devel/lib/octomap_server/octomap_server_static[0m
[48.545s] [ 95%] Built target octomap_saver
[48.677s] [ 95%] Built target octomap_server_static
[50.652s] [ 96%] [32m[1mLinking CXX shared library ../../devel/lib/liboctomap_color_server_nodelet.so[0m
[50.682s] [ 96%] [32m[1mLinking CXX executable ../../devel/lib/octomap_server/octomap_color_server_node[0m
[51.429s] [ 96%] Built target octomap_color_server_nodelet
[51.725s] [ 96%] Built target octomap_color_server_node
[52.433s] [ 97%] [32m[1mLinking CXX executable ../../devel/lib/octomap_server/octomap_server_node[0m
[52.441s] [ 98%] [32m[1mLinking CXX executable ../../devel/lib/octomap_server/octomap_server_multilayer[0m
[52.447s] [ 98%] [32m[1mLinking CXX executable ../../devel/lib/octomap_server/octomap_tracking_server_node[0m
[52.551s] [100%] [32m[1mLinking CXX shared library ../../devel/lib/liboctomap_server_nodelet.so[0m
[53.302s] [100%] Built target octomap_server_nodelet
[53.460s] [100%] Built target octomap_tracking_server_node
[53.460s] [100%] Built target octomap_server_multilayer
[53.465s] [100%] Built target octomap_server_node
[53.472s] Invoked command in '/home/msi/caato2_ws/build/Project' returned '0': /usr/bin/cmake --build /home/msi/caato2_ws/build/Project -- -j20 -l20
[53.539s] Invoking command in '/home/msi/caato2_ws/build/Project': /usr/bin/cmake --install /home/msi/caato2_ws/build/Project
[53.545s] -- Install configuration: ""
[53.545s] -- Installing: /home/msi/caato2_ws/install/Project/_setup_util.py
[53.545s] -- Installing: /home/msi/caato2_ws/install/Project/env.sh
[53.545s] -- Installing: /home/msi/caato2_ws/install/Project/setup.bash
[53.545s] -- Installing: /home/msi/caato2_ws/install/Project/local_setup.bash
[53.545s] -- Installing: /home/msi/caato2_ws/install/Project/setup.sh
[53.545s] -- Installing: /home/msi/caato2_ws/install/Project/local_setup.sh
[53.545s] -- Installing: /home/msi/caato2_ws/install/Project/setup.zsh
[53.545s] -- Installing: /home/msi/caato2_ws/install/Project/local_setup.zsh
[53.545s] -- Installing: /home/msi/caato2_ws/install/Project/.rosinstall
[53.546s] -- Installing: /home/msi/caato2_ws/install/Project/share/octomap_mapping/package.xml
[53.546s] -- Installing: /home/msi/caato2_ws/install/Project/share/perception_pcl/package.xml
[53.546s] -- Installing: /home/msi/caato2_ws/install/Project/share/rosinrange_msg/msg/RangePose.msg
[53.546s] -- Installing: /home/msi/caato2_ws/install/Project/share/rosinrange_msg/cmake/rosinrange_msg-msg-paths.cmake
[53.546s] -- Installing: /home/msi/caato2_ws/install/Project/include/rosinrange_msg
[53.546s] -- Installing: /home/msi/caato2_ws/install/Project/include/rosinrange_msg/RangePose.h
[53.547s] -- Installing: /home/msi/caato2_ws/install/Project/share/roseus/ros/rosinrange_msg
[53.547s] -- Installing: /home/msi/caato2_ws/install/Project/share/roseus/ros/rosinrange_msg/msg
[53.547s] -- Installing: /home/msi/caato2_ws/install/Project/share/roseus/ros/rosinrange_msg/msg/RangePose.l
[53.547s] -- Installing: /home/msi/caato2_ws/install/Project/share/roseus/ros/rosinrange_msg/manifest.l
[53.547s] -- Installing: /home/msi/caato2_ws/install/Project/share/common-lisp/ros/rosinrange_msg
[53.547s] -- Installing: /home/msi/caato2_ws/install/Project/share/common-lisp/ros/rosinrange_msg/msg
[53.547s] -- Installing: /home/msi/caato2_ws/install/Project/share/common-lisp/ros/rosinrange_msg/msg/_package.lisp
[53.547s] -- Installing: /home/msi/caato2_ws/install/Project/share/common-lisp/ros/rosinrange_msg/msg/rosinrange_msg-msg.asd
[53.547s] -- Installing: /home/msi/caato2_ws/install/Project/share/common-lisp/ros/rosinrange_msg/msg/_package_RangePose.lisp
[53.547s] -- Installing: /home/msi/caato2_ws/install/Project/share/common-lisp/ros/rosinrange_msg/msg/RangePose.lisp
[53.547s] -- Installing: /home/msi/caato2_ws/install/Project/share/gennodejs/ros/rosinrange_msg
[53.547s] -- Installing: /home/msi/caato2_ws/install/Project/share/gennodejs/ros/rosinrange_msg/_index.js
[53.547s] -- Installing: /home/msi/caato2_ws/install/Project/share/gennodejs/ros/rosinrange_msg/msg
[53.547s] -- Installing: /home/msi/caato2_ws/install/Project/share/gennodejs/ros/rosinrange_msg/msg/_index.js
[53.547s] -- Installing: /home/msi/caato2_ws/install/Project/share/gennodejs/ros/rosinrange_msg/msg/RangePose.js
[53.568s] Listing '/home/msi/caato2_ws/build/Project/devel/lib/python3/dist-packages/rosinrange_msg'...
[53.568s] Compiling '/home/msi/caato2_ws/build/Project/devel/lib/python3/dist-packages/rosinrange_msg/__init__.py'...
[53.568s] Listing '/home/msi/caato2_ws/build/Project/devel/lib/python3/dist-packages/rosinrange_msg/msg'...
[53.568s] Compiling '/home/msi/caato2_ws/build/Project/devel/lib/python3/dist-packages/rosinrange_msg/msg/_RangePose.py'...
[53.568s] Compiling '/home/msi/caato2_ws/build/Project/devel/lib/python3/dist-packages/rosinrange_msg/msg/__init__.py'...
[53.570s] -- Installing: /home/msi/caato2_ws/install/Project/lib/python3/dist-packages/rosinrange_msg
[53.571s] -- Installing: /home/msi/caato2_ws/install/Project/lib/python3/dist-packages/rosinrange_msg/msg
[53.571s] -- Installing: /home/msi/caato2_ws/install/Project/lib/python3/dist-packages/rosinrange_msg/msg/_RangePose.py
[53.571s] -- Installing: /home/msi/caato2_ws/install/Project/lib/python3/dist-packages/rosinrange_msg/msg/__init__.py
[53.571s] -- Installing: /home/msi/caato2_ws/install/Project/lib/python3/dist-packages/rosinrange_msg/msg/__pycache__
[53.571s] -- Installing: /home/msi/caato2_ws/install/Project/lib/python3/dist-packages/rosinrange_msg/msg/__pycache__/_RangePose.cpython-38.pyc
[53.571s] -- Installing: /home/msi/caato2_ws/install/Project/lib/python3/dist-packages/rosinrange_msg/msg/__pycache__/__init__.cpython-38.pyc
[53.571s] -- Installing: /home/msi/caato2_ws/install/Project/lib/python3/dist-packages/rosinrange_msg/__init__.py
[53.571s] -- Installing: /home/msi/caato2_ws/install/Project/lib/python3/dist-packages/rosinrange_msg/__pycache__
[53.571s] -- Installing: /home/msi/caato2_ws/install/Project/lib/python3/dist-packages/rosinrange_msg/__pycache__/__init__.cpython-38.pyc
[53.571s] -- Installing: /home/msi/caato2_ws/install/Project/lib/pkgconfig/rosinrange_msg.pc
[53.571s] -- Installing: /home/msi/caato2_ws/install/Project/share/rosinrange_msg/cmake/rosinrange_msg-msg-extras.cmake
[53.571s] -- Installing: /home/msi/caato2_ws/install/Project/share/rosinrange_msg/cmake/rosinrange_msgConfig.cmake
[53.571s] -- Installing: /home/msi/caato2_ws/install/Project/share/rosinrange_msg/cmake/rosinrange_msgConfig-version.cmake
[53.571s] -- Installing: /home/msi/caato2_ws/install/Project/share/rosinrange_msg/package.xml
[53.571s] -- Installing: /home/msi/caato2_ws/install/Project/lib/pkgconfig/pcl_conversions.pc
[53.572s] -- Installing: /home/msi/caato2_ws/install/Project/share/pcl_conversions/cmake/pcl_conversionsConfig.cmake
[53.572s] -- Installing: /home/msi/caato2_ws/install/Project/share/pcl_conversions/cmake/pcl_conversionsConfig-version.cmake
[53.572s] -- Installing: /home/msi/caato2_ws/install/Project/share/pcl_conversions/package.xml
[53.572s] -- Installing: /home/msi/caato2_ws/install/Project/include/pcl_conversions
[53.572s] -- Installing: /home/msi/caato2_ws/install/Project/include/pcl_conversions/pcl_conversions.h
[53.572s] -- Installing: /home/msi/caato2_ws/install/Project/include/pcl_ros/EuclideanClusterExtractionConfig.h
[53.572s] -- Installing: /home/msi/caato2_ws/install/Project/include/pcl_ros/ExtractIndicesConfig.h
[53.572s] -- Installing: /home/msi/caato2_ws/install/Project/include/pcl_ros/ExtractPolygonalPrismDataConfig.h
[53.572s] -- Installing: /home/msi/caato2_ws/install/Project/include/pcl_ros/FeatureConfig.h
[53.572s] -- Installing: /home/msi/caato2_ws/install/Project/include/pcl_ros/FilterConfig.h
[53.572s] -- Installing: /home/msi/caato2_ws/install/Project/include/pcl_ros/MLSConfig.h
[53.572s] -- Installing: /home/msi/caato2_ws/install/Project/include/pcl_ros/SACSegmentationConfig.h
[53.573s] -- Installing: /home/msi/caato2_ws/install/Project/include/pcl_ros/SACSegmentationFromNormalsConfig.h
[53.573s] -- Installing: /home/msi/caato2_ws/install/Project/include/pcl_ros/SegmentDifferencesConfig.h
[53.573s] -- Installing: /home/msi/caato2_ws/install/Project/include/pcl_ros/StatisticalOutlierRemovalConfig.h
[53.573s] -- Installing: /home/msi/caato2_ws/install/Project/include/pcl_ros/RadiusOutlierRemovalConfig.h
[53.573s] -- Installing: /home/msi/caato2_ws/install/Project/include/pcl_ros/VoxelGridConfig.h
[53.573s] -- Installing: /home/msi/caato2_ws/install/Project/include/pcl_ros/CropBoxConfig.h
[53.573s] -- Installing: /home/msi/caato2_ws/install/Project/lib/python3/dist-packages/pcl_ros/__init__.py
[53.596s] Listing '/home/msi/caato2_ws/build/Project/devel/lib/python3/dist-packages/pcl_ros/cfg'...
[53.596s] Compiling '/home/msi/caato2_ws/build/Project/devel/lib/python3/dist-packages/pcl_ros/cfg/CropBoxConfig.py'...
[53.596s] Compiling '/home/msi/caato2_ws/build/Project/devel/lib/python3/dist-packages/pcl_ros/cfg/EuclideanClusterExtractionConfig.py'...
[53.596s] Compiling '/home/msi/caato2_ws/build/Project/devel/lib/python3/dist-packages/pcl_ros/cfg/ExtractIndicesConfig.py'...
[53.597s] Compiling '/home/msi/caato2_ws/build/Project/devel/lib/python3/dist-packages/pcl_ros/cfg/ExtractPolygonalPrismDataConfig.py'...
[53.597s] Compiling '/home/msi/caato2_ws/build/Project/devel/lib/python3/dist-packages/pcl_ros/cfg/FeatureConfig.py'...
[53.597s] Compiling '/home/msi/caato2_ws/build/Project/devel/lib/python3/dist-packages/pcl_ros/cfg/FilterConfig.py'...
[53.597s] Compiling '/home/msi/caato2_ws/build/Project/devel/lib/python3/dist-packages/pcl_ros/cfg/MLSConfig.py'...
[53.597s] Compiling '/home/msi/caato2_ws/build/Project/devel/lib/python3/dist-packages/pcl_ros/cfg/RadiusOutlierRemovalConfig.py'...
[53.597s] Compiling '/home/msi/caato2_ws/build/Project/devel/lib/python3/dist-packages/pcl_ros/cfg/SACSegmentationConfig.py'...
[53.597s] Compiling '/home/msi/caato2_ws/build/Project/devel/lib/python3/dist-packages/pcl_ros/cfg/SACSegmentationFromNormalsConfig.py'...
[53.597s] Compiling '/home/msi/caato2_ws/build/Project/devel/lib/python3/dist-packages/pcl_ros/cfg/SegmentDifferencesConfig.py'...
[53.597s] Compiling '/home/msi/caato2_ws/build/Project/devel/lib/python3/dist-packages/pcl_ros/cfg/StatisticalOutlierRemovalConfig.py'...
[53.597s] Compiling '/home/msi/caato2_ws/build/Project/devel/lib/python3/dist-packages/pcl_ros/cfg/VoxelGridConfig.py'...
[53.597s] Compiling '/home/msi/caato2_ws/build/Project/devel/lib/python3/dist-packages/pcl_ros/cfg/__init__.py'...
[53.599s] -- Installing: /home/msi/caato2_ws/install/Project/lib/python3/dist-packages/pcl_ros/cfg
[53.599s] -- Installing: /home/msi/caato2_ws/install/Project/lib/python3/dist-packages/pcl_ros/cfg/ExtractIndicesConfig.py
[53.599s] -- Installing: /home/msi/caato2_ws/install/Project/lib/python3/dist-packages/pcl_ros/cfg/EuclideanClusterExtractionConfig.py
[53.599s] -- Installing: /home/msi/caato2_ws/install/Project/lib/python3/dist-packages/pcl_ros/cfg/FeatureConfig.py
[53.599s] -- Installing: /home/msi/caato2_ws/install/Project/lib/python3/dist-packages/pcl_ros/cfg/FilterConfig.py
[53.599s] -- Installing: /home/msi/caato2_ws/install/Project/lib/python3/dist-packages/pcl_ros/cfg/RadiusOutlierRemovalConfig.py
[53.599s] -- Installing: /home/msi/caato2_ws/install/Project/lib/python3/dist-packages/pcl_ros/cfg/MLSConfig.py
[53.599s] -- Installing: /home/msi/caato2_ws/install/Project/lib/python3/dist-packages/pcl_ros/cfg/StatisticalOutlierRemovalConfig.py
[53.599s] -- Installing: /home/msi/caato2_ws/install/Project/lib/python3/dist-packages/pcl_ros/cfg/CropBoxConfig.py
[53.599s] -- Installing: /home/msi/caato2_ws/install/Project/lib/python3/dist-packages/pcl_ros/cfg/VoxelGridConfig.py
[53.599s] -- Installing: /home/msi/caato2_ws/install/Project/lib/python3/dist-packages/pcl_ros/cfg/SegmentDifferencesConfig.py
[53.599s] -- Installing: /home/msi/caato2_ws/install/Project/lib/python3/dist-packages/pcl_ros/cfg/ExtractPolygonalPrismDataConfig.py
[53.600s] -- Installing: /home/msi/caato2_ws/install/Project/lib/python3/dist-packages/pcl_ros/cfg/__init__.py
[53.600s] -- Installing: /home/msi/caato2_ws/install/Project/lib/python3/dist-packages/pcl_ros/cfg/SACSegmentationConfig.py
[53.600s] -- Installing: /home/msi/caato2_ws/install/Project/lib/python3/dist-packages/pcl_ros/cfg/__pycache__
[53.600s] -- Installing: /home/msi/caato2_ws/install/Project/lib/python3/dist-packages/pcl_ros/cfg/__pycache__/StatisticalOutlierRemovalConfig.cpython-38.pyc
[53.600s] -- Installing: /home/msi/caato2_ws/install/Project/lib/python3/dist-packages/pcl_ros/cfg/__pycache__/ExtractPolygonalPrismDataConfig.cpython-38.pyc
[53.600s] -- Installing: /home/msi/caato2_ws/install/Project/lib/python3/dist-packages/pcl_ros/cfg/__pycache__/CropBoxConfig.cpython-38.pyc
[53.600s] -- Installing: /home/msi/caato2_ws/install/Project/lib/python3/dist-packages/pcl_ros/cfg/__pycache__/MLSConfig.cpython-38.pyc
[53.600s] -- Installing: /home/msi/caato2_ws/install/Project/lib/python3/dist-packages/pcl_ros/cfg/__pycache__/VoxelGridConfig.cpython-38.pyc
[53.600s] -- Installing: /home/msi/caato2_ws/install/Project/lib/python3/dist-packages/pcl_ros/cfg/__pycache__/SACSegmentationFromNormalsConfig.cpython-38.pyc
[53.600s] -- Installing: /home/msi/caato2_ws/install/Project/lib/python3/dist-packages/pcl_ros/cfg/__pycache__/ExtractIndicesConfig.cpython-38.pyc
[53.600s] -- Installing: /home/msi/caato2_ws/install/Project/lib/python3/dist-packages/pcl_ros/cfg/__pycache__/__init__.cpython-38.pyc
[53.600s] -- Installing: /home/msi/caato2_ws/install/Project/lib/python3/dist-packages/pcl_ros/cfg/__pycache__/RadiusOutlierRemovalConfig.cpython-38.pyc
[53.600s] -- Installing: /home/msi/caato2_ws/install/Project/lib/python3/dist-packages/pcl_ros/cfg/__pycache__/SegmentDifferencesConfig.cpython-38.pyc
[53.600s] -- Installing: /home/msi/caato2_ws/install/Project/lib/python3/dist-packages/pcl_ros/cfg/__pycache__/FeatureConfig.cpython-38.pyc
[53.600s] -- Installing: /home/msi/caato2_ws/install/Project/lib/python3/dist-packages/pcl_ros/cfg/__pycache__/SACSegmentationConfig.cpython-38.pyc
[53.600s] -- Installing: /home/msi/caato2_ws/install/Project/lib/python3/dist-packages/pcl_ros/cfg/__pycache__/FilterConfig.cpython-38.pyc
[53.600s] -- Installing: /home/msi/caato2_ws/install/Project/lib/python3/dist-packages/pcl_ros/cfg/__pycache__/EuclideanClusterExtractionConfig.cpython-38.pyc
[53.600s] -- Installing: /home/msi/caato2_ws/install/Project/lib/python3/dist-packages/pcl_ros/cfg/SACSegmentationFromNormalsConfig.py
[53.601s] -- Installing: /home/msi/caato2_ws/install/Project/lib/pkgconfig/pcl_ros.pc
[53.601s] -- Installing: /home/msi/caato2_ws/install/Project/share/pcl_ros/cmake/pcl_rosConfig.cmake
[53.601s] -- Installing: /home/msi/caato2_ws/install/Project/share/pcl_ros/cmake/pcl_rosConfig-version.cmake
[53.601s] -- Installing: /home/msi/caato2_ws/install/Project/share/pcl_ros/package.xml
[53.601s] -- Up-to-date: /home/msi/caato2_ws/install/Project/include/pcl_ros
[53.601s] -- Installing: /home/msi/caato2_ws/install/Project/include/pcl_ros/transforms.h
[53.601s] -- Installing: /home/msi/caato2_ws/install/Project/include/pcl_ros/filters
[53.601s] -- Installing: /home/msi/caato2_ws/install/Project/include/pcl_ros/filters/filter.h
[53.601s] -- Installing: /home/msi/caato2_ws/install/Project/include/pcl_ros/filters/statistical_outlier_removal.h
[53.601s] -- Installing: /home/msi/caato2_ws/install/Project/include/pcl_ros/filters/voxel_grid.h
[53.601s] -- Installing: /home/msi/caato2_ws/install/Project/include/pcl_ros/filters/crop_box.h
[53.601s] -- Installing: /home/msi/caato2_ws/install/Project/include/pcl_ros/filters/project_inliers.h
[53.601s] -- Installing: /home/msi/caato2_ws/install/Project/include/pcl_ros/filters/passthrough.h
[53.601s] -- Installing: /home/msi/caato2_ws/install/Project/include/pcl_ros/filters/radius_outlier_removal.h
[53.601s] -- Installing: /home/msi/caato2_ws/install/Project/include/pcl_ros/filters/extract_indices.h
[53.601s] -- Installing: /home/msi/caato2_ws/install/Project/include/pcl_ros/pcl_nodelet.h
[53.602s] -- Installing: /home/msi/caato2_ws/install/Project/include/pcl_ros/features
[53.602s] -- Installing: /home/msi/caato2_ws/install/Project/include/pcl_ros/features/shot.h
[53.602s] -- Installing: /home/msi/caato2_ws/install/Project/include/pcl_ros/features/moment_invariants.h
[53.602s] -- Installing: /home/msi/caato2_ws/install/Project/include/pcl_ros/features/normal_3d_omp.h
[53.602s] -- Installing: /home/msi/caato2_ws/install/Project/include/pcl_ros/features/normal_3d_tbb.h
[53.602s] -- Installing: /home/msi/caato2_ws/install/Project/include/pcl_ros/features/pfh.h
[53.602s] -- Installing: /home/msi/caato2_ws/install/Project/include/pcl_ros/features/fpfh.h
[53.602s] -- Installing: /home/msi/caato2_ws/install/Project/include/pcl_ros/features/vfh.h
[53.602s] -- Installing: /home/msi/caato2_ws/install/Project/include/pcl_ros/features/feature.h
[53.602s] -- Installing: /home/msi/caato2_ws/install/Project/include/pcl_ros/features/shot_omp.h
[53.602s] -- Installing: /home/msi/caato2_ws/install/Project/include/pcl_ros/features/normal_3d.h
[53.602s] -- Installing: /home/msi/caato2_ws/install/Project/include/pcl_ros/features/boundary.h
[53.602s] -- Installing: /home/msi/caato2_ws/install/Project/include/pcl_ros/features/principal_curvatures.h
[53.602s] -- Installing: /home/msi/caato2_ws/install/Project/include/pcl_ros/features/fpfh_omp.h
[53.602s] -- Installing: /home/msi/caato2_ws/install/Project/include/pcl_ros/io
[53.602s] -- Installing: /home/msi/caato2_ws/install/Project/include/pcl_ros/io/concatenate_fields.h
[53.602s] -- Installing: /home/msi/caato2_ws/install/Project/include/pcl_ros/io/concatenate_data.h
[53.602s] -- Installing: /home/msi/caato2_ws/install/Project/include/pcl_ros/io/bag_io.h
[53.602s] -- Installing: /home/msi/caato2_ws/install/Project/include/pcl_ros/io/pcd_io.h
[53.603s] -- Installing: /home/msi/caato2_ws/install/Project/include/pcl_ros/segmentation
[53.603s] -- Installing: /home/msi/caato2_ws/install/Project/include/pcl_ros/segmentation/sac_segmentation.h
[53.603s] -- Installing: /home/msi/caato2_ws/install/Project/include/pcl_ros/segmentation/extract_clusters.h
[53.603s] -- Installing: /home/msi/caato2_ws/install/Project/include/pcl_ros/segmentation/extract_polygonal_prism_data.h
[53.603s] -- Installing: /home/msi/caato2_ws/install/Project/include/pcl_ros/segmentation/segment_differences.h
[53.603s] -- Installing: /home/msi/caato2_ws/install/Project/include/pcl_ros/impl
[53.603s] -- Installing: /home/msi/caato2_ws/install/Project/include/pcl_ros/impl/transforms.hpp
[53.603s] -- Installing: /home/msi/caato2_ws/install/Project/include/pcl_ros/point_cloud.h
[53.603s] -- Installing: /home/msi/caato2_ws/install/Project/include/pcl_ros/surface
[53.603s] -- Installing: /home/msi/caato2_ws/install/Project/include/pcl_ros/surface/convex_hull.h
[53.603s] -- Installing: /home/msi/caato2_ws/install/Project/include/pcl_ros/surface/moving_least_squares.h
[53.603s] -- Installing: /home/msi/caato2_ws/install/Project/include/pcl_ros/publisher.h
[53.603s] -- Installing: /home/msi/caato2_ws/install/Project/lib/libpcl_ros_tf.so
[53.603s] -- Set runtime path of "/home/msi/caato2_ws/install/Project/lib/libpcl_ros_tf.so" to ""
[53.603s] -- Installing: /home/msi/caato2_ws/install/Project/lib/libpcl_ros_io.so
[53.605s] -- Set runtime path of "/home/msi/caato2_ws/install/Project/lib/libpcl_ros_io.so" to ""
[53.605s] -- Installing: /home/msi/caato2_ws/install/Project/lib/libpcl_ros_features.so
[53.607s] -- Set runtime path of "/home/msi/caato2_ws/install/Project/lib/libpcl_ros_features.so" to ""
[53.607s] -- Installing: /home/msi/caato2_ws/install/Project/lib/libpcl_ros_filter.so
[53.609s] -- Set runtime path of "/home/msi/caato2_ws/install/Project/lib/libpcl_ros_filter.so" to ""
[53.609s] -- Installing: /home/msi/caato2_ws/install/Project/lib/libpcl_ros_filters.so
[53.611s] -- Set runtime path of "/home/msi/caato2_ws/install/Project/lib/libpcl_ros_filters.so" to ""
[53.611s] -- Installing: /home/msi/caato2_ws/install/Project/lib/libpcl_ros_surface.so
[53.613s] -- Set runtime path of "/home/msi/caato2_ws/install/Project/lib/libpcl_ros_surface.so" to ""
[53.613s] -- Installing: /home/msi/caato2_ws/install/Project/lib/libpcl_ros_segmentation.so
[53.616s] -- Set runtime path of "/home/msi/caato2_ws/install/Project/lib/libpcl_ros_segmentation.so" to ""
[53.616s] -- Installing: /home/msi/caato2_ws/install/Project/lib/pcl_ros/pcd_to_pointcloud
[53.616s] -- Set runtime path of "/home/msi/caato2_ws/install/Project/lib/pcl_ros/pcd_to_pointcloud" to ""
[53.616s] -- Installing: /home/msi/caato2_ws/install/Project/lib/pcl_ros/pointcloud_to_pcd
[53.617s] -- Set runtime path of "/home/msi/caato2_ws/install/Project/lib/pcl_ros/pointcloud_to_pcd" to ""
[53.617s] -- Installing: /home/msi/caato2_ws/install/Project/lib/pcl_ros/bag_to_pcd
[53.618s] -- Set runtime path of "/home/msi/caato2_ws/install/Project/lib/pcl_ros/bag_to_pcd" to ""
[53.618s] -- Installing: /home/msi/caato2_ws/install/Project/lib/pcl_ros/convert_pcd_to_image
[53.618s] -- Set runtime path of "/home/msi/caato2_ws/install/Project/lib/pcl_ros/convert_pcd_to_image" to ""
[53.619s] -- Installing: /home/msi/caato2_ws/install/Project/lib/pcl_ros/convert_pointcloud_to_image
[53.619s] -- Set runtime path of "/home/msi/caato2_ws/install/Project/lib/pcl_ros/convert_pointcloud_to_image" to ""
[53.619s] -- Installing: /home/msi/caato2_ws/install/Project/share/pcl_ros/plugins
[53.619s] -- Installing: /home/msi/caato2_ws/install/Project/share/pcl_ros/plugins/nodelet
[53.619s] -- Installing: /home/msi/caato2_ws/install/Project/share/pcl_ros/plugins/nodelet/libpcl_ros_filters.xml
[53.619s] -- Installing: /home/msi/caato2_ws/install/Project/share/pcl_ros/plugins/nodelet/libpcl_ros_features.xml
[53.619s] -- Installing: /home/msi/caato2_ws/install/Project/share/pcl_ros/plugins/nodelet/libpcl_ros_io.xml
[53.619s] -- Installing: /home/msi/caato2_ws/install/Project/share/pcl_ros/plugins/nodelet/libpcl_ros_segmentation.xml
[53.619s] -- Installing: /home/msi/caato2_ws/install/Project/share/pcl_ros/plugins/nodelet/libpcl_ros_surface.xml
[53.619s] -- Installing: /home/msi/caato2_ws/install/Project/share/pcl_ros/samples
[53.619s] -- Installing: /home/msi/caato2_ws/install/Project/share/pcl_ros/samples/pcl_ros
[53.619s] -- Installing: /home/msi/caato2_ws/install/Project/share/pcl_ros/samples/pcl_ros/filters
[53.620s] -- Installing: /home/msi/caato2_ws/install/Project/share/pcl_ros/samples/pcl_ros/filters/sample_voxel_grid.launch
[53.620s] -- Installing: /home/msi/caato2_ws/install/Project/share/pcl_ros/samples/pcl_ros/filters/config
[53.620s] -- Installing: /home/msi/caato2_ws/install/Project/share/pcl_ros/samples/pcl_ros/filters/config/voxel_grid.rviz
[53.620s] -- Installing: /home/msi/caato2_ws/install/Project/share/pcl_ros/samples/pcl_ros/filters/config/statistical_outlier_removal.rviz
[53.620s] -- Installing: /home/msi/caato2_ws/install/Project/share/pcl_ros/samples/pcl_ros/filters/sample_statistical_outlier_removal.launch
[53.620s] -- Installing: /home/msi/caato2_ws/install/Project/share/pcl_ros/samples/pcl_ros/features
[53.620s] -- Installing: /home/msi/caato2_ws/install/Project/share/pcl_ros/samples/pcl_ros/features/sample_normal_3d.launch
[53.620s] -- Installing: /home/msi/caato2_ws/install/Project/share/pcl_ros/samples/pcl_ros/io
[53.620s] -- Installing: /home/msi/caato2_ws/install/Project/share/pcl_ros/samples/pcl_ros/io/sample_concatenate_data.launch
[53.620s] -- Installing: /home/msi/caato2_ws/install/Project/share/pcl_ros/samples/pcl_ros/segmentation
[53.620s] -- Installing: /home/msi/caato2_ws/install/Project/share/pcl_ros/samples/pcl_ros/segmentation/sample_extract_clusters.launch
[53.620s] -- Installing: /home/msi/caato2_ws/install/Project/share/pcl_ros/samples/pcl_ros/surface
[53.620s] -- Installing: /home/msi/caato2_ws/install/Project/share/pcl_ros/samples/pcl_ros/surface/sample_convex_hull.launch
[53.620s] -- Installing: /home/msi/caato2_ws/install/Project/share/pcl_ros/samples/data
[53.620s] -- Installing: /home/msi/caato2_ws/install/Project/share/pcl_ros/samples/data/.gitignore
[53.620s] -- Installing: /home/msi/caato2_ws/install/Project/lib/pkgconfig/amcl3d.pc
[53.620s] -- Installing: /home/msi/caato2_ws/install/Project/share/amcl3d/cmake/amcl3dConfig.cmake
[53.620s] -- Installing: /home/msi/caato2_ws/install/Project/share/amcl3d/cmake/amcl3dConfig-version.cmake
[53.620s] -- Installing: /home/msi/caato2_ws/install/Project/share/amcl3d/package.xml
[53.621s] -- Installing: /home/msi/caato2_ws/install/Project/include/octomap_server/OctomapServerConfig.h
[53.621s] -- Installing: /home/msi/caato2_ws/install/Project/lib/python3/dist-packages/octomap_server/__init__.py
[53.641s] Listing '/home/msi/caato2_ws/build/Project/devel/lib/python3/dist-packages/octomap_server/cfg'...
[53.641s] Compiling '/home/msi/caato2_ws/build/Project/devel/lib/python3/dist-packages/octomap_server/cfg/OctomapServerConfig.py'...
[53.641s] Compiling '/home/msi/caato2_ws/build/Project/devel/lib/python3/dist-packages/octomap_server/cfg/__init__.py'...
[53.643s] -- Installing: /home/msi/caato2_ws/install/Project/lib/python3/dist-packages/octomap_server/cfg
[53.643s] -- Installing: /home/msi/caato2_ws/install/Project/lib/python3/dist-packages/octomap_server/cfg/OctomapServerConfig.py
[53.643s] -- Installing: /home/msi/caato2_ws/install/Project/lib/python3/dist-packages/octomap_server/cfg/__init__.py
[53.643s] -- Installing: /home/msi/caato2_ws/install/Project/lib/python3/dist-packages/octomap_server/cfg/__pycache__
[53.643s] -- Installing: /home/msi/caato2_ws/install/Project/lib/python3/dist-packages/octomap_server/cfg/__pycache__/__init__.cpython-38.pyc
[53.643s] -- Installing: /home/msi/caato2_ws/install/Project/lib/python3/dist-packages/octomap_server/cfg/__pycache__/OctomapServerConfig.cpython-38.pyc
[53.644s] -- Installing: /home/msi/caato2_ws/install/Project/lib/pkgconfig/octomap_server.pc
[53.645s] -- Installing: /home/msi/caato2_ws/install/Project/share/octomap_server/cmake/octomap_serverConfig.cmake
[53.645s] -- Installing: /home/msi/caato2_ws/install/Project/share/octomap_server/cmake/octomap_serverConfig-version.cmake
[53.645s] -- Installing: /home/msi/caato2_ws/install/Project/share/octomap_server/package.xml
[53.645s] -- Installing: /home/msi/caato2_ws/install/Project/lib/liboctomap_server.so
[53.647s] -- Set runtime path of "/home/msi/caato2_ws/install/Project/lib/liboctomap_server.so" to ""
[53.647s] -- Installing: /home/msi/caato2_ws/install/Project/lib/liboctomap_server_color.so
[53.650s] -- Set runtime path of "/home/msi/caato2_ws/install/Project/lib/liboctomap_server_color.so" to ""
[53.650s] -- Installing: /home/msi/caato2_ws/install/Project/lib/octomap_server/octomap_server_node
[53.650s] -- Set runtime path of "/home/msi/caato2_ws/install/Project/lib/octomap_server/octomap_server_node" to ""
[53.650s] -- Installing: /home/msi/caato2_ws/install/Project/lib/octomap_server/octomap_color_server_node
[53.650s] -- Set runtime path of "/home/msi/caato2_ws/install/Project/lib/octomap_server/octomap_color_server_node" to ""
[53.650s] -- Installing: /home/msi/caato2_ws/install/Project/lib/octomap_server/octomap_server_static
[53.651s] -- Set runtime path of "/home/msi/caato2_ws/install/Project/lib/octomap_server/octomap_server_static" to ""
[53.651s] -- Installing: /home/msi/caato2_ws/install/Project/lib/octomap_server/octomap_server_multilayer
[53.651s] -- Set runtime path of "/home/msi/caato2_ws/install/Project/lib/octomap_server/octomap_server_multilayer" to ""
[53.651s] -- Installing: /home/msi/caato2_ws/install/Project/lib/octomap_server/octomap_saver
[53.651s] -- Set runtime path of "/home/msi/caato2_ws/install/Project/lib/octomap_server/octomap_saver" to ""
[53.651s] -- Installing: /home/msi/caato2_ws/install/Project/lib/octomap_server/octomap_tracking_server_node
[53.651s] -- Set runtime path of "/home/msi/caato2_ws/install/Project/lib/octomap_server/octomap_tracking_server_node" to ""
[53.652s] -- Installing: /home/msi/caato2_ws/install/Project/lib/liboctomap_server_nodelet.so
[53.652s] -- Set runtime path of "/home/msi/caato2_ws/install/Project/lib/liboctomap_server_nodelet.so" to ""
[53.652s] -- Installing: /home/msi/caato2_ws/install/Project/lib/liboctomap_color_server_nodelet.so
[53.652s] -- Set runtime path of "/home/msi/caato2_ws/install/Project/lib/liboctomap_color_server_nodelet.so" to ""
[53.652s] -- Up-to-date: /home/msi/caato2_ws/install/Project/include/octomap_server
[53.652s] -- Installing: /home/msi/caato2_ws/install/Project/include/octomap_server/OctomapServerMultilayer.h
[53.652s] -- Installing: /home/msi/caato2_ws/install/Project/include/octomap_server/TrackingOctomapServer.h
[53.652s] -- Installing: /home/msi/caato2_ws/install/Project/include/octomap_server/OctomapServer.h
[53.653s] -- Installing: /home/msi/caato2_ws/install/Project/share/octomap_server/launch
[53.653s] -- Installing: /home/msi/caato2_ws/install/Project/share/octomap_server/launch/octomap_tracking_client.launch
[53.653s] -- Installing: /home/msi/caato2_ws/install/Project/share/octomap_server/launch/octomap_tracking_server.launch
[53.653s] -- Installing: /home/msi/caato2_ws/install/Project/share/octomap_server/launch/octomap_mapping_nodelet.launch
[53.653s] -- Installing: /home/msi/caato2_ws/install/Project/share/octomap_server/launch/octomap_mapping.launch
[53.653s] -- Installing: /home/msi/caato2_ws/install/Project/share/octomap_server/nodelet_plugins.xml
[53.653s] -- Installing: /home/msi/caato2_ws/install/Project/share/octomap_server/color_nodelet_plugins.xml
[53.654s] Invoked command in '/home/msi/caato2_ws/build/Project' returned '0': /usr/bin/cmake --install /home/msi/caato2_ws/build/Project
