[0.026s] Invoking command in '/home/msi/caato2_ws/build/caato2_bringup': CMAKE_PREFIX_PATH=/home/msi/caato2_ws/install/roboteq_diff_driver:/home/msi/caato2_ws/install/roboteq_diff_msgs:/home/msi/caato2_ws/install/ira_laser_tools:/home/msi/caato2_ws/install/caato2_description:${CMAKE_PREFIX_PATH} PKG_CONFIG_PATH=/home/msi/caato2_ws/install/roboteq_diff_driver/lib/x86_64-linux-gnu/pkgconfig:/home/msi/caato2_ws/install/roboteq_diff_driver/lib/pkgconfig:/home/msi/caato2_ws/install/roboteq_diff_msgs/lib/x86_64-linux-gnu/pkgconfig:/home/msi/caato2_ws/install/roboteq_diff_msgs/lib/pkgconfig:/home/msi/caato2_ws/install/ira_laser_tools/lib/x86_64-linux-gnu/pkgconfig:/home/msi/caato2_ws/install/ira_laser_tools/lib/pkgconfig:/home/msi/caato2_ws/install/caato2_description/lib/x86_64-linux-gnu/pkgconfig:/home/msi/caato2_ws/install/caato2_description/lib/pkgconfig:${PKG_CONFIG_PATH} PYTHONPATH=/home/msi/caato2_ws/install/roboteq_diff_msgs/lib/python3/dist-packages:/home/msi/caato2_ws/install/ira_laser_tools/lib/python3/dist-packages:${PYTHONPATH} ROS_PACKAGE_PATH=/home/msi/caato2_ws/install/roboteq_diff_driver/share:/home/msi/caato2_ws/install/roboteq_diff_msgs/share:/home/msi/caato2_ws/install/ira_laser_tools/share:/home/msi/caato2_ws/install/caato2_description/share:${ROS_PACKAGE_PATH} /usr/bin/cmake /home/msi/caato2_ws/src/siot/caato2/caato2_bringup -DCATKIN_INSTALL_INTO_PREFIX_ROOT=0 -DCMAKE_INSTALL_PREFIX=/home/msi/caato2_ws/install/caato2_bringup
[0.080s] -- The C compiler identification is GNU 8.4.0
[0.146s] -- The CXX compiler identification is GNU 8.4.0
[0.154s] -- Check for working C compiler: /usr/bin/cc
[0.210s] -- Check for working C compiler: /usr/bin/cc -- works
[0.211s] -- Detecting C compiler ABI info
[0.263s] -- Detecting C compiler ABI info - done
[0.278s] -- Detecting C compile features
[0.279s] -- Detecting C compile features - done
[0.283s] -- Check for working CXX compiler: /usr/bin/c++
[0.340s] -- Check for working CXX compiler: /usr/bin/c++ -- works
[0.341s] -- Detecting CXX compiler ABI info
[0.396s] -- Detecting CXX compiler ABI info - done
[0.407s] -- Detecting CXX compile features
[0.407s] -- Detecting CXX compile features - done
[0.409s] -- Using CATKIN_DEVEL_PREFIX: /home/msi/caato2_ws/build/caato2_bringup/devel
[0.409s] -- Using CMAKE_PREFIX_PATH: /home/msi/caato2_ws/install/roboteq_diff_driver;/home/msi/caato2_ws/install/roboteq_diff_msgs;/home/msi/caato2_ws/install/ira_laser_tools;/home/msi/caato2_ws/install/caato2_description;/opt/ros/noetic
[0.409s] -- This workspace overlays: /home/msi/caato2_ws/install/roboteq_diff_driver;/home/msi/caato2_ws/install/roboteq_diff_msgs;/home/msi/caato2_ws/install/ira_laser_tools;/home/msi/caato2_ws/install/caato2_description;/opt/ros/noetic
[0.426s] -- Found PythonInterp: /usr/bin/python3 (found suitable version "3.8.10", minimum required is "3") 
[0.426s] -- Using PYTHON_EXECUTABLE: /usr/bin/python3
[0.426s] -- Using Debian Python package layout
[0.450s] -- Found PY_em: /usr/lib/python3/dist-packages/em.py  
[0.450s] -- Using empy: /usr/lib/python3/dist-packages/em.py
[0.543s] -- Using CATKIN_ENABLE_TESTING: ON
[0.543s] -- Call enable_testing()
[0.544s] -- Using CATKIN_TEST_RESULTS_DIR: /home/msi/caato2_ws/build/caato2_bringup/test_results
[0.765s] -- Forcing gtest/gmock from source, though one was otherwise available.
[0.765s] -- Found gtest sources under '/usr/src/googletest': gtests will be built
[0.765s] -- Found gmock sources under '/usr/src/googletest': gmock will be built
[0.783s] -- Found PythonInterp: /usr/bin/python3 (found version "3.8.10") 
[0.785s] -- Found Threads: TRUE  
[0.788s] -- Using Python nosetests: /usr/bin/nosetests3
[0.830s] -- catkin 0.8.10
[0.831s] -- BUILD_SHARED_LIBS is on
[1.155s] -- Configuring done
[1.167s] -- Generating done
[1.169s] -- Build files have been written to: /home/msi/caato2_ws/build/caato2_bringup
[1.176s] Invoked command in '/home/msi/caato2_ws/build/caato2_bringup' returned '0': CMAKE_PREFIX_PATH=/home/msi/caato2_ws/install/roboteq_diff_driver:/home/msi/caato2_ws/install/roboteq_diff_msgs:/home/msi/caato2_ws/install/ira_laser_tools:/home/msi/caato2_ws/install/caato2_description:${CMAKE_PREFIX_PATH} PKG_CONFIG_PATH=/home/msi/caato2_ws/install/roboteq_diff_driver/lib/x86_64-linux-gnu/pkgconfig:/home/msi/caato2_ws/install/roboteq_diff_driver/lib/pkgconfig:/home/msi/caato2_ws/install/roboteq_diff_msgs/lib/x86_64-linux-gnu/pkgconfig:/home/msi/caato2_ws/install/roboteq_diff_msgs/lib/pkgconfig:/home/msi/caato2_ws/install/ira_laser_tools/lib/x86_64-linux-gnu/pkgconfig:/home/msi/caato2_ws/install/ira_laser_tools/lib/pkgconfig:/home/msi/caato2_ws/install/caato2_description/lib/x86_64-linux-gnu/pkgconfig:/home/msi/caato2_ws/install/caato2_description/lib/pkgconfig:${PKG_CONFIG_PATH} PYTHONPATH=/home/msi/caato2_ws/install/roboteq_diff_msgs/lib/python3/dist-packages:/home/msi/caato2_ws/install/ira_laser_tools/lib/python3/dist-packages:${PYTHONPATH} ROS_PACKAGE_PATH=/home/msi/caato2_ws/install/roboteq_diff_driver/share:/home/msi/caato2_ws/install/roboteq_diff_msgs/share:/home/msi/caato2_ws/install/ira_laser_tools/share:/home/msi/caato2_ws/install/caato2_description/share:${ROS_PACKAGE_PATH} /usr/bin/cmake /home/msi/caato2_ws/src/siot/caato2/caato2_bringup -DCATKIN_INSTALL_INTO_PREFIX_ROOT=0 -DCMAKE_INSTALL_PREFIX=/home/msi/caato2_ws/install/caato2_bringup
[1.178s] Invoking command in '/home/msi/caato2_ws/build/caato2_bringup': CMAKE_PREFIX_PATH=/home/msi/caato2_ws/install/roboteq_diff_driver:/home/msi/caato2_ws/install/roboteq_diff_msgs:/home/msi/caato2_ws/install/ira_laser_tools:/home/msi/caato2_ws/install/caato2_description:${CMAKE_PREFIX_PATH} PKG_CONFIG_PATH=/home/msi/caato2_ws/install/roboteq_diff_driver/lib/x86_64-linux-gnu/pkgconfig:/home/msi/caato2_ws/install/roboteq_diff_driver/lib/pkgconfig:/home/msi/caato2_ws/install/roboteq_diff_msgs/lib/x86_64-linux-gnu/pkgconfig:/home/msi/caato2_ws/install/roboteq_diff_msgs/lib/pkgconfig:/home/msi/caato2_ws/install/ira_laser_tools/lib/x86_64-linux-gnu/pkgconfig:/home/msi/caato2_ws/install/ira_laser_tools/lib/pkgconfig:/home/msi/caato2_ws/install/caato2_description/lib/x86_64-linux-gnu/pkgconfig:/home/msi/caato2_ws/install/caato2_description/lib/pkgconfig:${PKG_CONFIG_PATH} PYTHONPATH=/home/msi/caato2_ws/install/roboteq_diff_msgs/lib/python3/dist-packages:/home/msi/caato2_ws/install/ira_laser_tools/lib/python3/dist-packages:${PYTHONPATH} ROS_PACKAGE_PATH=/home/msi/caato2_ws/install/roboteq_diff_driver/share:/home/msi/caato2_ws/install/roboteq_diff_msgs/share:/home/msi/caato2_ws/install/ira_laser_tools/share:/home/msi/caato2_ws/install/caato2_description/share:${ROS_PACKAGE_PATH} /usr/bin/cmake --build /home/msi/caato2_ws/build/caato2_bringup -- -j20 -l20
[1.206s] Invoked command in '/home/msi/caato2_ws/build/caato2_bringup' returned '0': CMAKE_PREFIX_PATH=/home/msi/caato2_ws/install/roboteq_diff_driver:/home/msi/caato2_ws/install/roboteq_diff_msgs:/home/msi/caato2_ws/install/ira_laser_tools:/home/msi/caato2_ws/install/caato2_description:${CMAKE_PREFIX_PATH} PKG_CONFIG_PATH=/home/msi/caato2_ws/install/roboteq_diff_driver/lib/x86_64-linux-gnu/pkgconfig:/home/msi/caato2_ws/install/roboteq_diff_driver/lib/pkgconfig:/home/msi/caato2_ws/install/roboteq_diff_msgs/lib/x86_64-linux-gnu/pkgconfig:/home/msi/caato2_ws/install/roboteq_diff_msgs/lib/pkgconfig:/home/msi/caato2_ws/install/ira_laser_tools/lib/x86_64-linux-gnu/pkgconfig:/home/msi/caato2_ws/install/ira_laser_tools/lib/pkgconfig:/home/msi/caato2_ws/install/caato2_description/lib/x86_64-linux-gnu/pkgconfig:/home/msi/caato2_ws/install/caato2_description/lib/pkgconfig:${PKG_CONFIG_PATH} PYTHONPATH=/home/msi/caato2_ws/install/roboteq_diff_msgs/lib/python3/dist-packages:/home/msi/caato2_ws/install/ira_laser_tools/lib/python3/dist-packages:${PYTHONPATH} ROS_PACKAGE_PATH=/home/msi/caato2_ws/install/roboteq_diff_driver/share:/home/msi/caato2_ws/install/roboteq_diff_msgs/share:/home/msi/caato2_ws/install/ira_laser_tools/share:/home/msi/caato2_ws/install/caato2_description/share:${ROS_PACKAGE_PATH} /usr/bin/cmake --build /home/msi/caato2_ws/build/caato2_bringup -- -j20 -l20
[1.233s] Invoking command in '/home/msi/caato2_ws/build/caato2_bringup': CMAKE_PREFIX_PATH=/home/msi/caato2_ws/install/roboteq_diff_driver:/home/msi/caato2_ws/install/roboteq_diff_msgs:/home/msi/caato2_ws/install/ira_laser_tools:/home/msi/caato2_ws/install/caato2_description:${CMAKE_PREFIX_PATH} PKG_CONFIG_PATH=/home/msi/caato2_ws/install/roboteq_diff_driver/lib/x86_64-linux-gnu/pkgconfig:/home/msi/caato2_ws/install/roboteq_diff_driver/lib/pkgconfig:/home/msi/caato2_ws/install/roboteq_diff_msgs/lib/x86_64-linux-gnu/pkgconfig:/home/msi/caato2_ws/install/roboteq_diff_msgs/lib/pkgconfig:/home/msi/caato2_ws/install/ira_laser_tools/lib/x86_64-linux-gnu/pkgconfig:/home/msi/caato2_ws/install/ira_laser_tools/lib/pkgconfig:/home/msi/caato2_ws/install/caato2_description/lib/x86_64-linux-gnu/pkgconfig:/home/msi/caato2_ws/install/caato2_description/lib/pkgconfig:${PKG_CONFIG_PATH} PYTHONPATH=/home/msi/caato2_ws/install/roboteq_diff_msgs/lib/python3/dist-packages:/home/msi/caato2_ws/install/ira_laser_tools/lib/python3/dist-packages:${PYTHONPATH} ROS_PACKAGE_PATH=/home/msi/caato2_ws/install/roboteq_diff_driver/share:/home/msi/caato2_ws/install/roboteq_diff_msgs/share:/home/msi/caato2_ws/install/ira_laser_tools/share:/home/msi/caato2_ws/install/caato2_description/share:${ROS_PACKAGE_PATH} /usr/bin/cmake --build /home/msi/caato2_ws/build/caato2_bringup --target tests -- -j20 -l20
[1.267s] [35m[1mScanning dependencies of target tests[0m
[1.274s] Built target tests
[1.281s] Invoked command in '/home/msi/caato2_ws/build/caato2_bringup' returned '0': CMAKE_PREFIX_PATH=/home/msi/caato2_ws/install/roboteq_diff_driver:/home/msi/caato2_ws/install/roboteq_diff_msgs:/home/msi/caato2_ws/install/ira_laser_tools:/home/msi/caato2_ws/install/caato2_description:${CMAKE_PREFIX_PATH} PKG_CONFIG_PATH=/home/msi/caato2_ws/install/roboteq_diff_driver/lib/x86_64-linux-gnu/pkgconfig:/home/msi/caato2_ws/install/roboteq_diff_driver/lib/pkgconfig:/home/msi/caato2_ws/install/roboteq_diff_msgs/lib/x86_64-linux-gnu/pkgconfig:/home/msi/caato2_ws/install/roboteq_diff_msgs/lib/pkgconfig:/home/msi/caato2_ws/install/ira_laser_tools/lib/x86_64-linux-gnu/pkgconfig:/home/msi/caato2_ws/install/ira_laser_tools/lib/pkgconfig:/home/msi/caato2_ws/install/caato2_description/lib/x86_64-linux-gnu/pkgconfig:/home/msi/caato2_ws/install/caato2_description/lib/pkgconfig:${PKG_CONFIG_PATH} PYTHONPATH=/home/msi/caato2_ws/install/roboteq_diff_msgs/lib/python3/dist-packages:/home/msi/caato2_ws/install/ira_laser_tools/lib/python3/dist-packages:${PYTHONPATH} ROS_PACKAGE_PATH=/home/msi/caato2_ws/install/roboteq_diff_driver/share:/home/msi/caato2_ws/install/roboteq_diff_msgs/share:/home/msi/caato2_ws/install/ira_laser_tools/share:/home/msi/caato2_ws/install/caato2_description/share:${ROS_PACKAGE_PATH} /usr/bin/cmake --build /home/msi/caato2_ws/build/caato2_bringup --target tests -- -j20 -l20
[1.308s] Invoking command in '/home/msi/caato2_ws/build/caato2_bringup': CMAKE_PREFIX_PATH=/home/msi/caato2_ws/install/roboteq_diff_driver:/home/msi/caato2_ws/install/roboteq_diff_msgs:/home/msi/caato2_ws/install/ira_laser_tools:/home/msi/caato2_ws/install/caato2_description:${CMAKE_PREFIX_PATH} PKG_CONFIG_PATH=/home/msi/caato2_ws/install/roboteq_diff_driver/lib/x86_64-linux-gnu/pkgconfig:/home/msi/caato2_ws/install/roboteq_diff_driver/lib/pkgconfig:/home/msi/caato2_ws/install/roboteq_diff_msgs/lib/x86_64-linux-gnu/pkgconfig:/home/msi/caato2_ws/install/roboteq_diff_msgs/lib/pkgconfig:/home/msi/caato2_ws/install/ira_laser_tools/lib/x86_64-linux-gnu/pkgconfig:/home/msi/caato2_ws/install/ira_laser_tools/lib/pkgconfig:/home/msi/caato2_ws/install/caato2_description/lib/x86_64-linux-gnu/pkgconfig:/home/msi/caato2_ws/install/caato2_description/lib/pkgconfig:${PKG_CONFIG_PATH} PYTHONPATH=/home/msi/caato2_ws/install/roboteq_diff_msgs/lib/python3/dist-packages:/home/msi/caato2_ws/install/ira_laser_tools/lib/python3/dist-packages:${PYTHONPATH} ROS_PACKAGE_PATH=/home/msi/caato2_ws/install/roboteq_diff_driver/share:/home/msi/caato2_ws/install/roboteq_diff_msgs/share:/home/msi/caato2_ws/install/ira_laser_tools/share:/home/msi/caato2_ws/install/caato2_description/share:${ROS_PACKAGE_PATH} /usr/bin/cmake --install /home/msi/caato2_ws/build/caato2_bringup
[1.314s] -- Install configuration: ""
[1.314s] -- Installing: /home/msi/caato2_ws/install/caato2_bringup/lib/pkgconfig/caato2_bringup.pc
[1.314s] -- Installing: /home/msi/caato2_ws/install/caato2_bringup/share/caato2_bringup/cmake/caato2_bringupConfig.cmake
[1.314s] -- Installing: /home/msi/caato2_ws/install/caato2_bringup/share/caato2_bringup/cmake/caato2_bringupConfig-version.cmake
[1.315s] -- Installing: /home/msi/caato2_ws/install/caato2_bringup/share/caato2_bringup/package.xml
[1.315s] -- Installing: /home/msi/caato2_ws/install/caato2_bringup/share/caato2_bringup/launch
[1.315s] -- Installing: /home/msi/caato2_ws/install/caato2_bringup/share/caato2_bringup/launch/caato2_teleop.launch
[1.315s] -- Installing: /home/msi/caato2_ws/install/caato2_bringup/share/caato2_bringup/launch/caato2_remote.launch
[1.315s] -- Installing: /home/msi/caato2_ws/install/caato2_bringup/share/caato2_bringup/launch/include
[1.315s] -- Installing: /home/msi/caato2_ws/install/caato2_bringup/share/caato2_bringup/launch/include/caato2_lasers.launch
[1.315s] -- Installing: /home/msi/caato2_ws/install/caato2_bringup/share/caato2_bringup/launch/include/description.launch
[1.315s] -- Installing: /home/msi/caato2_ws/install/caato2_bringup/share/caato2_bringup/launch/include/caato2_realsense.launch
[1.315s] -- Installing: /home/msi/caato2_ws/install/caato2_bringup/share/caato2_bringup/launch/include/caato2_motors.launch
[1.315s] -- Installing: /home/msi/caato2_ws/install/caato2_bringup/share/caato2_bringup/rviz
[1.315s] -- Installing: /home/msi/caato2_ws/install/caato2_bringup/share/caato2_bringup/rviz/realsense.rviz
[1.315s] -- Installing: /home/msi/caato2_ws/install/caato2_bringup/share/caato2_bringup/rviz/bringup.rviz
[1.316s] Invoked command in '/home/msi/caato2_ws/build/caato2_bringup' returned '0': CMAKE_PREFIX_PATH=/home/msi/caato2_ws/install/roboteq_diff_driver:/home/msi/caato2_ws/install/roboteq_diff_msgs:/home/msi/caato2_ws/install/ira_laser_tools:/home/msi/caato2_ws/install/caato2_description:${CMAKE_PREFIX_PATH} PKG_CONFIG_PATH=/home/msi/caato2_ws/install/roboteq_diff_driver/lib/x86_64-linux-gnu/pkgconfig:/home/msi/caato2_ws/install/roboteq_diff_driver/lib/pkgconfig:/home/msi/caato2_ws/install/roboteq_diff_msgs/lib/x86_64-linux-gnu/pkgconfig:/home/msi/caato2_ws/install/roboteq_diff_msgs/lib/pkgconfig:/home/msi/caato2_ws/install/ira_laser_tools/lib/x86_64-linux-gnu/pkgconfig:/home/msi/caato2_ws/install/ira_laser_tools/lib/pkgconfig:/home/msi/caato2_ws/install/caato2_description/lib/x86_64-linux-gnu/pkgconfig:/home/msi/caato2_ws/install/caato2_description/lib/pkgconfig:${PKG_CONFIG_PATH} PYTHONPATH=/home/msi/caato2_ws/install/roboteq_diff_msgs/lib/python3/dist-packages:/home/msi/caato2_ws/install/ira_laser_tools/lib/python3/dist-packages:${PYTHONPATH} ROS_PACKAGE_PATH=/home/msi/caato2_ws/install/roboteq_diff_driver/share:/home/msi/caato2_ws/install/roboteq_diff_msgs/share:/home/msi/caato2_ws/install/ira_laser_tools/share:/home/msi/caato2_ws/install/caato2_description/share:${ROS_PACKAGE_PATH} /usr/bin/cmake --install /home/msi/caato2_ws/build/caato2_bringup
