[0.120s] Invoking command in '/home/msi/caato2_ws/build/roboteq_diff_msgs': /usr/bin/cmake --build /home/msi/caato2_ws/build/roboteq_diff_msgs -- -j20 -l20
[0.340s] [  0%] Built target std_msgs_generate_messages_nodejs
[0.340s] [  0%] Built target std_msgs_generate_messages_lisp
[0.341s] [  0%] Built target std_msgs_generate_messages_py
[0.341s] [  0%] Built target std_msgs_generate_messages_cpp
[0.341s] [  0%] Built target _roboteq_diff_msgs_generate_messages_check_deps_RequestParam
[0.341s] [  0%] Built target std_msgs_generate_messages_eus
[0.341s] [  0%] Built target _roboteq_diff_msgs_generate_messages_check_deps_Pose
[0.341s] [  0%] Built target _roboteq_diff_msgs_generate_messages_check_deps_Twist
[0.341s] [  0%] Built target _roboteq_diff_msgs_generate_messages_check_deps_Duplex
[0.341s] [  0%] Built target _roboteq_diff_msgs_generate_messages_check_deps_Point
[0.341s] [  0%] Built target _roboteq_diff_msgs_generate_messages_check_deps_OdometryCovariances
[0.342s] [  0%] Built target _roboteq_diff_msgs_generate_messages_check_deps_Vector3
[0.342s] [  0%] Built target _roboteq_diff_msgs_generate_messages_check_deps_Quaternion
[0.342s] [  0%] Built target _roboteq_diff_msgs_generate_messages_check_deps_RequestOdometryCovariances
[0.342s] [ 37%] Built target roboteq_diff_msgs_generate_messages_cpp
[0.342s] [ 37%] Built target roboteq_diff_msgs_generate_messages_nodejs
[0.342s] [ 60%] Built target roboteq_diff_msgs_generate_messages_py
[0.342s] [ 79%] Built target roboteq_diff_msgs_generate_messages_lisp
[0.353s] [100%] Built target roboteq_diff_msgs_generate_messages_eus
[0.430s] [100%] Built target roboteq_diff_msgs_generate_messages
[0.592s] Invoked command in '/home/msi/caato2_ws/build/roboteq_diff_msgs' returned '0': /usr/bin/cmake --build /home/msi/caato2_ws/build/roboteq_diff_msgs -- -j20 -l20
[0.743s] Invoking command in '/home/msi/caato2_ws/build/roboteq_diff_msgs': /usr/bin/cmake --build /home/msi/caato2_ws/build/roboteq_diff_msgs --target tests -- -j20 -l20
[0.813s] Built target tests
[0.863s] Invoked command in '/home/msi/caato2_ws/build/roboteq_diff_msgs' returned '0': /usr/bin/cmake --build /home/msi/caato2_ws/build/roboteq_diff_msgs --target tests -- -j20 -l20
[0.992s] Invoking command in '/home/msi/caato2_ws/build/roboteq_diff_msgs': /usr/bin/cmake --install /home/msi/caato2_ws/build/roboteq_diff_msgs
[1.052s] -- Install configuration: ""
[1.052s] -- Up-to-date: /home/msi/caato2_ws/install/roboteq_diff_msgs/share/roboteq_diff_msgs/msg/Duplex.msg
[1.052s] -- Up-to-date: /home/msi/caato2_ws/install/roboteq_diff_msgs/share/roboteq_diff_msgs/msg/OdometryCovariances.msg
[1.052s] -- Up-to-date: /home/msi/caato2_ws/install/roboteq_diff_msgs/share/roboteq_diff_msgs/msg/Point.msg
[1.052s] -- Up-to-date: /home/msi/caato2_ws/install/roboteq_diff_msgs/share/roboteq_diff_msgs/msg/Vector3.msg
[1.052s] -- Up-to-date: /home/msi/caato2_ws/install/roboteq_diff_msgs/share/roboteq_diff_msgs/msg/Quaternion.msg
[1.053s] -- Up-to-date: /home/msi/caato2_ws/install/roboteq_diff_msgs/share/roboteq_diff_msgs/msg/Pose.msg
[1.053s] -- Up-to-date: /home/msi/caato2_ws/install/roboteq_diff_msgs/share/roboteq_diff_msgs/msg/Twist.msg
[1.055s] -- Up-to-date: /home/msi/caato2_ws/install/roboteq_diff_msgs/share/roboteq_diff_msgs/srv/RequestParam.srv
[1.055s] -- Up-to-date: /home/msi/caato2_ws/install/roboteq_diff_msgs/share/roboteq_diff_msgs/srv/RequestOdometryCovariances.srv
[1.055s] -- Up-to-date: /home/msi/caato2_ws/install/roboteq_diff_msgs/share/roboteq_diff_msgs/cmake/roboteq_diff_msgs-msg-paths.cmake
[1.055s] -- Up-to-date: /home/msi/caato2_ws/install/roboteq_diff_msgs/include/roboteq_diff_msgs
[1.055s] -- Up-to-date: /home/msi/caato2_ws/install/roboteq_diff_msgs/include/roboteq_diff_msgs/RequestParam.h
[1.055s] -- Up-to-date: /home/msi/caato2_ws/install/roboteq_diff_msgs/include/roboteq_diff_msgs/Quaternion.h
[1.055s] -- Up-to-date: /home/msi/caato2_ws/install/roboteq_diff_msgs/include/roboteq_diff_msgs/Vector3.h
[1.055s] -- Up-to-date: /home/msi/caato2_ws/install/roboteq_diff_msgs/include/roboteq_diff_msgs/Pose.h
[1.055s] -- Up-to-date: /home/msi/caato2_ws/install/roboteq_diff_msgs/include/roboteq_diff_msgs/Point.h
[1.056s] -- Up-to-date: /home/msi/caato2_ws/install/roboteq_diff_msgs/include/roboteq_diff_msgs/OdometryCovariances.h
[1.056s] -- Up-to-date: /home/msi/caato2_ws/install/roboteq_diff_msgs/include/roboteq_diff_msgs/RequestParamRequest.h
[1.056s] -- Up-to-date: /home/msi/caato2_ws/install/roboteq_diff_msgs/include/roboteq_diff_msgs/RequestParamResponse.h
[1.056s] -- Up-to-date: /home/msi/caato2_ws/install/roboteq_diff_msgs/include/roboteq_diff_msgs/RequestOdometryCovariancesResponse.h
[1.056s] -- Up-to-date: /home/msi/caato2_ws/install/roboteq_diff_msgs/include/roboteq_diff_msgs/Twist.h
[1.056s] -- Up-to-date: /home/msi/caato2_ws/install/roboteq_diff_msgs/include/roboteq_diff_msgs/Duplex.h
[1.056s] -- Up-to-date: /home/msi/caato2_ws/install/roboteq_diff_msgs/include/roboteq_diff_msgs/RequestOdometryCovariancesRequest.h
[1.056s] -- Up-to-date: /home/msi/caato2_ws/install/roboteq_diff_msgs/include/roboteq_diff_msgs/RequestOdometryCovariances.h
[1.056s] -- Up-to-date: /home/msi/caato2_ws/install/roboteq_diff_msgs/share/roseus/ros/roboteq_diff_msgs
[1.056s] -- Up-to-date: /home/msi/caato2_ws/install/roboteq_diff_msgs/share/roseus/ros/roboteq_diff_msgs/msg
[1.056s] -- Up-to-date: /home/msi/caato2_ws/install/roboteq_diff_msgs/share/roseus/ros/roboteq_diff_msgs/msg/Quaternion.l
[1.056s] -- Up-to-date: /home/msi/caato2_ws/install/roboteq_diff_msgs/share/roseus/ros/roboteq_diff_msgs/msg/Point.l
[1.056s] -- Up-to-date: /home/msi/caato2_ws/install/roboteq_diff_msgs/share/roseus/ros/roboteq_diff_msgs/msg/Twist.l
[1.056s] -- Up-to-date: /home/msi/caato2_ws/install/roboteq_diff_msgs/share/roseus/ros/roboteq_diff_msgs/msg/Pose.l
[1.057s] -- Up-to-date: /home/msi/caato2_ws/install/roboteq_diff_msgs/share/roseus/ros/roboteq_diff_msgs/msg/OdometryCovariances.l
[1.057s] -- Up-to-date: /home/msi/caato2_ws/install/roboteq_diff_msgs/share/roseus/ros/roboteq_diff_msgs/msg/Vector3.l
[1.057s] -- Up-to-date: /home/msi/caato2_ws/install/roboteq_diff_msgs/share/roseus/ros/roboteq_diff_msgs/msg/Duplex.l
[1.057s] -- Up-to-date: /home/msi/caato2_ws/install/roboteq_diff_msgs/share/roseus/ros/roboteq_diff_msgs/manifest.l
[1.057s] -- Up-to-date: /home/msi/caato2_ws/install/roboteq_diff_msgs/share/roseus/ros/roboteq_diff_msgs/srv
[1.057s] -- Up-to-date: /home/msi/caato2_ws/install/roboteq_diff_msgs/share/roseus/ros/roboteq_diff_msgs/srv/RequestOdometryCovariances.l
[1.057s] -- Up-to-date: /home/msi/caato2_ws/install/roboteq_diff_msgs/share/roseus/ros/roboteq_diff_msgs/srv/RequestParam.l
[1.057s] -- Up-to-date: /home/msi/caato2_ws/install/roboteq_diff_msgs/share/common-lisp/ros/roboteq_diff_msgs
[1.057s] -- Up-to-date: /home/msi/caato2_ws/install/roboteq_diff_msgs/share/common-lisp/ros/roboteq_diff_msgs/msg
[1.057s] -- Up-to-date: /home/msi/caato2_ws/install/roboteq_diff_msgs/share/common-lisp/ros/roboteq_diff_msgs/msg/_package.lisp
[1.057s] -- Up-to-date: /home/msi/caato2_ws/install/roboteq_diff_msgs/share/common-lisp/ros/roboteq_diff_msgs/msg/Twist.lisp
[1.057s] -- Up-to-date: /home/msi/caato2_ws/install/roboteq_diff_msgs/share/common-lisp/ros/roboteq_diff_msgs/msg/Pose.lisp
[1.057s] -- Up-to-date: /home/msi/caato2_ws/install/roboteq_diff_msgs/share/common-lisp/ros/roboteq_diff_msgs/msg/_package_Vector3.lisp
[1.058s] -- Up-to-date: /home/msi/caato2_ws/install/roboteq_diff_msgs/share/common-lisp/ros/roboteq_diff_msgs/msg/_package_OdometryCovariances.lisp
[1.058s] -- Up-to-date: /home/msi/caato2_ws/install/roboteq_diff_msgs/share/common-lisp/ros/roboteq_diff_msgs/msg/_package_Duplex.lisp
[1.058s] -- Up-to-date: /home/msi/caato2_ws/install/roboteq_diff_msgs/share/common-lisp/ros/roboteq_diff_msgs/msg/Quaternion.lisp
[1.058s] -- Up-to-date: /home/msi/caato2_ws/install/roboteq_diff_msgs/share/common-lisp/ros/roboteq_diff_msgs/msg/roboteq_diff_msgs-msg.asd
[1.058s] -- Up-to-date: /home/msi/caato2_ws/install/roboteq_diff_msgs/share/common-lisp/ros/roboteq_diff_msgs/msg/Point.lisp
[1.058s] -- Up-to-date: /home/msi/caato2_ws/install/roboteq_diff_msgs/share/common-lisp/ros/roboteq_diff_msgs/msg/_package_Twist.lisp
[1.058s] -- Up-to-date: /home/msi/caato2_ws/install/roboteq_diff_msgs/share/common-lisp/ros/roboteq_diff_msgs/msg/Vector3.lisp
[1.058s] -- Up-to-date: /home/msi/caato2_ws/install/roboteq_diff_msgs/share/common-lisp/ros/roboteq_diff_msgs/msg/_package_Pose.lisp
[1.058s] -- Up-to-date: /home/msi/caato2_ws/install/roboteq_diff_msgs/share/common-lisp/ros/roboteq_diff_msgs/msg/_package_Point.lisp
[1.058s] -- Up-to-date: /home/msi/caato2_ws/install/roboteq_diff_msgs/share/common-lisp/ros/roboteq_diff_msgs/msg/OdometryCovariances.lisp
[1.058s] -- Up-to-date: /home/msi/caato2_ws/install/roboteq_diff_msgs/share/common-lisp/ros/roboteq_diff_msgs/msg/_package_Quaternion.lisp
[1.058s] -- Up-to-date: /home/msi/caato2_ws/install/roboteq_diff_msgs/share/common-lisp/ros/roboteq_diff_msgs/msg/Duplex.lisp
[1.058s] -- Up-to-date: /home/msi/caato2_ws/install/roboteq_diff_msgs/share/common-lisp/ros/roboteq_diff_msgs/srv
[1.058s] -- Up-to-date: /home/msi/caato2_ws/install/roboteq_diff_msgs/share/common-lisp/ros/roboteq_diff_msgs/srv/_package.lisp
[1.059s] -- Up-to-date: /home/msi/caato2_ws/install/roboteq_diff_msgs/share/common-lisp/ros/roboteq_diff_msgs/srv/_package_RequestParam.lisp
[1.059s] -- Up-to-date: /home/msi/caato2_ws/install/roboteq_diff_msgs/share/common-lisp/ros/roboteq_diff_msgs/srv/_package_RequestOdometryCovariances.lisp
[1.059s] -- Up-to-date: /home/msi/caato2_ws/install/roboteq_diff_msgs/share/common-lisp/ros/roboteq_diff_msgs/srv/RequestParam.lisp
[1.059s] -- Up-to-date: /home/msi/caato2_ws/install/roboteq_diff_msgs/share/common-lisp/ros/roboteq_diff_msgs/srv/RequestOdometryCovariances.lisp
[1.059s] -- Up-to-date: /home/msi/caato2_ws/install/roboteq_diff_msgs/share/common-lisp/ros/roboteq_diff_msgs/srv/roboteq_diff_msgs-srv.asd
[1.059s] -- Up-to-date: /home/msi/caato2_ws/install/roboteq_diff_msgs/share/gennodejs/ros/roboteq_diff_msgs
[1.059s] -- Up-to-date: /home/msi/caato2_ws/install/roboteq_diff_msgs/share/gennodejs/ros/roboteq_diff_msgs/_index.js
[1.059s] -- Up-to-date: /home/msi/caato2_ws/install/roboteq_diff_msgs/share/gennodejs/ros/roboteq_diff_msgs/msg
[1.059s] -- Up-to-date: /home/msi/caato2_ws/install/roboteq_diff_msgs/share/gennodejs/ros/roboteq_diff_msgs/msg/Twist.js
[1.059s] -- Up-to-date: /home/msi/caato2_ws/install/roboteq_diff_msgs/share/gennodejs/ros/roboteq_diff_msgs/msg/_index.js
[1.059s] -- Up-to-date: /home/msi/caato2_ws/install/roboteq_diff_msgs/share/gennodejs/ros/roboteq_diff_msgs/msg/Vector3.js
[1.059s] -- Up-to-date: /home/msi/caato2_ws/install/roboteq_diff_msgs/share/gennodejs/ros/roboteq_diff_msgs/msg/Pose.js
[1.059s] -- Up-to-date: /home/msi/caato2_ws/install/roboteq_diff_msgs/share/gennodejs/ros/roboteq_diff_msgs/msg/Quaternion.js
[1.059s] -- Up-to-date: /home/msi/caato2_ws/install/roboteq_diff_msgs/share/gennodejs/ros/roboteq_diff_msgs/msg/OdometryCovariances.js
[1.060s] -- Up-to-date: /home/msi/caato2_ws/install/roboteq_diff_msgs/share/gennodejs/ros/roboteq_diff_msgs/msg/Duplex.js
[1.060s] -- Up-to-date: /home/msi/caato2_ws/install/roboteq_diff_msgs/share/gennodejs/ros/roboteq_diff_msgs/msg/Point.js
[1.060s] -- Up-to-date: /home/msi/caato2_ws/install/roboteq_diff_msgs/share/gennodejs/ros/roboteq_diff_msgs/srv
[1.060s] -- Up-to-date: /home/msi/caato2_ws/install/roboteq_diff_msgs/share/gennodejs/ros/roboteq_diff_msgs/srv/_index.js
[1.060s] -- Up-to-date: /home/msi/caato2_ws/install/roboteq_diff_msgs/share/gennodejs/ros/roboteq_diff_msgs/srv/RequestOdometryCovariances.js
[1.060s] -- Up-to-date: /home/msi/caato2_ws/install/roboteq_diff_msgs/share/gennodejs/ros/roboteq_diff_msgs/srv/RequestParam.js
[1.060s] Listing '/home/msi/caato2_ws/build/roboteq_diff_msgs/devel/lib/python3/dist-packages/roboteq_diff_msgs'...
[1.060s] Listing '/home/msi/caato2_ws/build/roboteq_diff_msgs/devel/lib/python3/dist-packages/roboteq_diff_msgs/msg'...
[1.061s] Listing '/home/msi/caato2_ws/build/roboteq_diff_msgs/devel/lib/python3/dist-packages/roboteq_diff_msgs/srv'...
[1.061s] -- Up-to-date: /home/msi/caato2_ws/install/roboteq_diff_msgs/lib/python3/dist-packages/roboteq_diff_msgs
[1.061s] -- Up-to-date: /home/msi/caato2_ws/install/roboteq_diff_msgs/lib/python3/dist-packages/roboteq_diff_msgs/msg
[1.061s] -- Up-to-date: /home/msi/caato2_ws/install/roboteq_diff_msgs/lib/python3/dist-packages/roboteq_diff_msgs/msg/_OdometryCovariances.py
[1.061s] -- Up-to-date: /home/msi/caato2_ws/install/roboteq_diff_msgs/lib/python3/dist-packages/roboteq_diff_msgs/msg/_Point.py
[1.061s] -- Up-to-date: /home/msi/caato2_ws/install/roboteq_diff_msgs/lib/python3/dist-packages/roboteq_diff_msgs/msg/_Twist.py
[1.061s] -- Up-to-date: /home/msi/caato2_ws/install/roboteq_diff_msgs/lib/python3/dist-packages/roboteq_diff_msgs/msg/_Quaternion.py
[1.061s] -- Up-to-date: /home/msi/caato2_ws/install/roboteq_diff_msgs/lib/python3/dist-packages/roboteq_diff_msgs/msg/_Vector3.py
[1.061s] -- Up-to-date: /home/msi/caato2_ws/install/roboteq_diff_msgs/lib/python3/dist-packages/roboteq_diff_msgs/msg/_Pose.py
[1.061s] -- Up-to-date: /home/msi/caato2_ws/install/roboteq_diff_msgs/lib/python3/dist-packages/roboteq_diff_msgs/msg/__init__.py
[1.061s] -- Up-to-date: /home/msi/caato2_ws/install/roboteq_diff_msgs/lib/python3/dist-packages/roboteq_diff_msgs/msg/__pycache__
[1.062s] -- Up-to-date: /home/msi/caato2_ws/install/roboteq_diff_msgs/lib/python3/dist-packages/roboteq_diff_msgs/msg/__pycache__/_Point.cpython-38.pyc
[1.062s] -- Up-to-date: /home/msi/caato2_ws/install/roboteq_diff_msgs/lib/python3/dist-packages/roboteq_diff_msgs/msg/__pycache__/_Quaternion.cpython-38.pyc
[1.062s] -- Up-to-date: /home/msi/caato2_ws/install/roboteq_diff_msgs/lib/python3/dist-packages/roboteq_diff_msgs/msg/__pycache__/_Pose.cpython-38.pyc
[1.062s] -- Up-to-date: /home/msi/caato2_ws/install/roboteq_diff_msgs/lib/python3/dist-packages/roboteq_diff_msgs/msg/__pycache__/_Vector3.cpython-38.pyc
[1.062s] -- Up-to-date: /home/msi/caato2_ws/install/roboteq_diff_msgs/lib/python3/dist-packages/roboteq_diff_msgs/msg/__pycache__/_OdometryCovariances.cpython-38.pyc
[1.062s] -- Up-to-date: /home/msi/caato2_ws/install/roboteq_diff_msgs/lib/python3/dist-packages/roboteq_diff_msgs/msg/__pycache__/__init__.cpython-38.pyc
[1.062s] -- Up-to-date: /home/msi/caato2_ws/install/roboteq_diff_msgs/lib/python3/dist-packages/roboteq_diff_msgs/msg/__pycache__/_Twist.cpython-38.pyc
[1.062s] -- Up-to-date: /home/msi/caato2_ws/install/roboteq_diff_msgs/lib/python3/dist-packages/roboteq_diff_msgs/msg/__pycache__/_Duplex.cpython-38.pyc
[1.062s] -- Up-to-date: /home/msi/caato2_ws/install/roboteq_diff_msgs/lib/python3/dist-packages/roboteq_diff_msgs/msg/_Duplex.py
[1.062s] -- Up-to-date: /home/msi/caato2_ws/install/roboteq_diff_msgs/lib/python3/dist-packages/roboteq_diff_msgs/srv
[1.062s] -- Up-to-date: /home/msi/caato2_ws/install/roboteq_diff_msgs/lib/python3/dist-packages/roboteq_diff_msgs/srv/_RequestParam.py
[1.063s] -- Up-to-date: /home/msi/caato2_ws/install/roboteq_diff_msgs/lib/python3/dist-packages/roboteq_diff_msgs/srv/__init__.py
[1.063s] -- Up-to-date: /home/msi/caato2_ws/install/roboteq_diff_msgs/lib/python3/dist-packages/roboteq_diff_msgs/srv/_RequestOdometryCovariances.py
[1.063s] -- Up-to-date: /home/msi/caato2_ws/install/roboteq_diff_msgs/lib/python3/dist-packages/roboteq_diff_msgs/srv/__pycache__
[1.063s] -- Up-to-date: /home/msi/caato2_ws/install/roboteq_diff_msgs/lib/python3/dist-packages/roboteq_diff_msgs/srv/__pycache__/_RequestParam.cpython-38.pyc
[1.063s] -- Up-to-date: /home/msi/caato2_ws/install/roboteq_diff_msgs/lib/python3/dist-packages/roboteq_diff_msgs/srv/__pycache__/__init__.cpython-38.pyc
[1.063s] -- Up-to-date: /home/msi/caato2_ws/install/roboteq_diff_msgs/lib/python3/dist-packages/roboteq_diff_msgs/srv/__pycache__/_RequestOdometryCovariances.cpython-38.pyc
[1.063s] -- Up-to-date: /home/msi/caato2_ws/install/roboteq_diff_msgs/lib/python3/dist-packages/roboteq_diff_msgs/__init__.py
[1.063s] -- Up-to-date: /home/msi/caato2_ws/install/roboteq_diff_msgs/lib/python3/dist-packages/roboteq_diff_msgs/__pycache__
[1.063s] -- Up-to-date: /home/msi/caato2_ws/install/roboteq_diff_msgs/lib/python3/dist-packages/roboteq_diff_msgs/__pycache__/__init__.cpython-38.pyc
[1.063s] -- Up-to-date: /home/msi/caato2_ws/install/roboteq_diff_msgs/lib/pkgconfig/roboteq_diff_msgs.pc
[1.063s] -- Up-to-date: /home/msi/caato2_ws/install/roboteq_diff_msgs/share/roboteq_diff_msgs/cmake/roboteq_diff_msgs-msg-extras.cmake
[1.063s] -- Up-to-date: /home/msi/caato2_ws/install/roboteq_diff_msgs/share/roboteq_diff_msgs/cmake/roboteq_diff_msgsConfig.cmake
[1.063s] -- Up-to-date: /home/msi/caato2_ws/install/roboteq_diff_msgs/share/roboteq_diff_msgs/cmake/roboteq_diff_msgsConfig-version.cmake
[1.063s] -- Up-to-date: /home/msi/caato2_ws/install/roboteq_diff_msgs/share/roboteq_diff_msgs/package.xml
[1.159s] Invoked command in '/home/msi/caato2_ws/build/roboteq_diff_msgs' returned '0': /usr/bin/cmake --install /home/msi/caato2_ws/build/roboteq_diff_msgs
