-- The C compiler identification is GNU 8.4.0
-- The CXX compiler identification is GNU 8.4.0
-- Check for working C compiler: /usr/bin/cc
-- Check for working C compiler: /usr/bin/cc -- works
-- Detecting C compiler ABI info
-- Detecting C compiler ABI info - done
-- Detecting C compile features
-- Detecting C compile features - done
-- Check for working CXX compiler: /usr/bin/c++
-- Check for working CXX compiler: /usr/bin/c++ -- works
-- Detecting CXX compiler ABI info
-- Detecting CXX compiler ABI info - done
-- Detecting CXX compile features
-- Detecting CXX compile features - done
-- Using CATKIN_DEVEL_PREFIX: /home/msi/caato2_ws/build/rosserial_vex_cortex/devel
-- Using CMAKE_PREFIX_PATH: /home/msi/caato2_ws/install/rosserial_python;/home/msi/caato2_ws/install/rosserial_client;/home/msi/caato2_ws/install/rosserial_msgs;/opt/ros/noetic
-- This workspace overlays: /home/msi/caato2_ws/install/rosserial_python;/home/msi/caato2_ws/install/rosserial_client;/home/msi/caato2_ws/install/rosserial_msgs;/opt/ros/noetic
-- Found PythonInterp: /usr/bin/python3 (found suitable version "3.8.10", minimum required is "3") 
-- Using PYTHON_EXECUTABLE: /usr/bin/python3
-- Using Debian Python package layout
-- Found PY_em: /usr/lib/python3/dist-packages/em.py  
-- Using empy: /usr/lib/python3/dist-packages/em.py
-- Using CATKIN_ENABLE_TESTING: ON
-- Call enable_testing()
-- Using CATKIN_TEST_RESULTS_DIR: /home/msi/caato2_ws/build/rosserial_vex_cortex/test_results
-- Forcing gtest/gmock from source, though one was otherwise available.
-- Found gtest sources under '/usr/src/googletest': gtests will be built
-- Found gmock sources under '/usr/src/googletest': gmock will be built
-- Found PythonInterp: /usr/bin/python3 (found version "3.8.10") 
-- Found Threads: TRUE  
-- Using Python nosetests: /usr/bin/nosetests3
-- catkin 0.8.10
-- BUILD_SHARED_LIBS is on
-- Installing devel-space wrapper /home/msi/caato2_ws/src/thirdparty/rosserial/rosserial_vex_cortex/src/rosserial_vex_cortex/make_libraries.py to /home/msi/caato2_ws/build/rosserial_vex_cortex/devel/share/rosserial_vex_cortex
-- Configuring done
-- Generating done
-- Build files have been written to: /home/msi/caato2_ws/build/rosserial_vex_cortex
[35m[1mScanning dependencies of target tests[0m
Built target tests
-- Install configuration: ""
+ cd /home/msi/caato2_ws/src/thirdparty/rosserial/rosserial_vex_cortex
+ mkdir -p /home/msi/caato2_ws/install/rosserial_vex_cortex/lib/python3/dist-packages
+ /usr/bin/env PYTHONPATH=/home/msi/caato2_ws/install/rosserial_vex_cortex/lib/python3/dist-packages:/home/msi/caato2_ws/build/rosserial_vex_cortex/lib/python3/dist-packages:/home/msi/caato2_ws/install/rosserial_python/lib/python3/dist-packages:/home/msi/caato2_ws/install/rosserial_client/lib/python3/dist-packages:/home/msi/caato2_ws/install/rosserial_msgs/lib/python3/dist-packages:/opt/ros/noetic/lib/python3/dist-packages CATKIN_BINARY_DIR=/home/msi/caato2_ws/build/rosserial_vex_cortex /usr/bin/python3 /home/msi/caato2_ws/src/thirdparty/rosserial/rosserial_vex_cortex/setup.py build --build-base /home/msi/caato2_ws/build/rosserial_vex_cortex install --root=/ --install-layout=deb --prefix=/home/msi/caato2_ws/install/rosserial_vex_cortex --install-scripts=/home/msi/caato2_ws/install/rosserial_vex_cortex/bin
running build
running build_py
creating /home/msi/caato2_ws/build/rosserial_vex_cortex/lib
creating /home/msi/caato2_ws/build/rosserial_vex_cortex/lib/rosserial_vex_cortex
copying src/rosserial_vex_cortex/make_libraries.py -> /home/msi/caato2_ws/build/rosserial_vex_cortex/lib/rosserial_vex_cortex
running install
running install_lib
creating /home/msi/caato2_ws/install/rosserial_vex_cortex/lib/python3/dist-packages/rosserial_vex_cortex
copying /home/msi/caato2_ws/build/rosserial_vex_cortex/lib/rosserial_vex_cortex/make_libraries.py -> /home/msi/caato2_ws/install/rosserial_vex_cortex/lib/python3/dist-packages/rosserial_vex_cortex
byte-compiling /home/msi/caato2_ws/install/rosserial_vex_cortex/lib/python3/dist-packages/rosserial_vex_cortex/make_libraries.py to make_libraries.cpython-38.pyc
running install_egg_info
Writing /home/msi/caato2_ws/install/rosserial_vex_cortex/lib/python3/dist-packages/rosserial_vex_cortex-0.9.2.egg-info
-- Installing: /home/msi/caato2_ws/install/rosserial_vex_cortex/lib/pkgconfig/rosserial_vex_cortex.pc
-- Installing: /home/msi/caato2_ws/install/rosserial_vex_cortex/share/rosserial_vex_cortex/cmake/rosserial_vex_cortexConfig.cmake
-- Installing: /home/msi/caato2_ws/install/rosserial_vex_cortex/share/rosserial_vex_cortex/cmake/rosserial_vex_cortexConfig-version.cmake
-- Installing: /home/msi/caato2_ws/install/rosserial_vex_cortex/share/rosserial_vex_cortex/package.xml
-- Installing: /home/msi/caato2_ws/install/rosserial_vex_cortex/share/rosserial_vex_cortex/src/ros_lib
-- Installing: /home/msi/caato2_ws/install/rosserial_vex_cortex/share/rosserial_vex_cortex/src/ros_lib/opcontrol.cpp
-- Installing: /home/msi/caato2_ws/install/rosserial_vex_cortex/share/rosserial_vex_cortex/src/ros_lib/auto.cpp
-- Installing: /home/msi/caato2_ws/install/rosserial_vex_cortex/share/rosserial_vex_cortex/src/ros_lib/logger.h
-- Installing: /home/msi/caato2_ws/install/rosserial_vex_cortex/share/rosserial_vex_cortex/src/ros_lib/CortexHardware.h
-- Installing: /home/msi/caato2_ws/install/rosserial_vex_cortex/share/rosserial_vex_cortex/src/ros_lib/vexstrlen.h
-- Installing: /home/msi/caato2_ws/install/rosserial_vex_cortex/share/rosserial_vex_cortex/src/ros_lib/examples
-- Installing: /home/msi/caato2_ws/install/rosserial_vex_cortex/share/rosserial_vex_cortex/src/ros_lib/examples/joydrive.cpp
-- Installing: /home/msi/caato2_ws/install/rosserial_vex_cortex/share/rosserial_vex_cortex/src/ros_lib/examples/twistdrive.cpp
-- Installing: /home/msi/caato2_ws/install/rosserial_vex_cortex/share/rosserial_vex_cortex/src/ros_lib/examples/helloworld.cpp
-- Installing: /home/msi/caato2_ws/install/rosserial_vex_cortex/share/rosserial_vex_cortex/src/ros_lib/ros.h
-- Installing: /home/msi/caato2_ws/install/rosserial_vex_cortex/share/rosserial_vex_cortex/src/ros_lib/init.cpp
-- Installing: /home/msi/caato2_ws/install/rosserial_vex_cortex/lib/rosserial_vex_cortex/genproject.sh
-- Up-to-date: /home/msi/caato2_ws/install/rosserial_vex_cortex/share/rosserial_vex_cortex
-- Installing: /home/msi/caato2_ws/install/rosserial_vex_cortex/share/rosserial_vex_cortex/joystick.launch
-- Installing: /home/msi/caato2_ws/install/rosserial_vex_cortex/share/rosserial_vex_cortex/minimal_robot.launch
-- Installing: /home/msi/caato2_ws/install/rosserial_vex_cortex/share/rosserial_vex_cortex/hello_world.launch
-- Installing: /home/msi/caato2_ws/install/rosserial_vex_cortex/share/rosserial_vex_cortex/make_libraries.py
