[0.336s] Invoking command in '/home/msi/caato2_ws/build/rosserial_vex_cortex': CMAKE_PREFIX_PATH=/home/msi/caato2_ws/install/rosserial_python:/home/msi/caato2_ws/install/rosserial_client:/home/msi/caato2_ws/install/rosserial_msgs:${CMAKE_PREFIX_PATH} PKG_CONFIG_PATH=/home/msi/caato2_ws/install/rosserial_python/lib/x86_64-linux-gnu/pkgconfig:/home/msi/caato2_ws/install/rosserial_python/lib/pkgconfig:/home/msi/caato2_ws/install/rosserial_client/lib/x86_64-linux-gnu/pkgconfig:/home/msi/caato2_ws/install/rosserial_client/lib/pkgconfig:/home/msi/caato2_ws/install/rosserial_msgs/lib/x86_64-linux-gnu/pkgconfig:/home/msi/caato2_ws/install/rosserial_msgs/lib/pkgconfig:${PKG_CONFIG_PATH} PYTHONPATH=/home/msi/caato2_ws/install/rosserial_python/lib/python3/dist-packages:/home/msi/caato2_ws/install/rosserial_client/lib/python3/dist-packages:/home/msi/caato2_ws/install/rosserial_msgs/lib/python3/dist-packages:${PYTHONPATH} ROS_PACKAGE_PATH=/home/msi/caato2_ws/install/rosserial_python/share:/home/msi/caato2_ws/install/rosserial_client/share:/home/msi/caato2_ws/install/rosserial_msgs/share:${ROS_PACKAGE_PATH} /usr/bin/cmake /home/msi/caato2_ws/src/thirdparty/rosserial/rosserial_vex_cortex -DCATKIN_INSTALL_INTO_PREFIX_ROOT=0 -DCMAKE_INSTALL_PREFIX=/home/msi/caato2_ws/install/rosserial_vex_cortex
[3.805s] -- The C compiler identification is GNU 8.4.0
[3.805s] -- The CXX compiler identification is GNU 8.4.0
[3.805s] -- Check for working C compiler: /usr/bin/cc
[3.805s] -- Check for working C compiler: /usr/bin/cc -- works
[3.805s] -- Detecting C compiler ABI info
[3.805s] -- Detecting C compiler ABI info - done
[3.805s] -- Detecting C compile features
[3.805s] -- Detecting C compile features - done
[3.805s] -- Check for working CXX compiler: /usr/bin/c++
[3.805s] -- Check for working CXX compiler: /usr/bin/c++ -- works
[3.805s] -- Detecting CXX compiler ABI info
[3.806s] -- Detecting CXX compiler ABI info - done
[3.806s] -- Detecting CXX compile features
[3.806s] -- Detecting CXX compile features - done
[3.806s] -- Using CATKIN_DEVEL_PREFIX: /home/msi/caato2_ws/build/rosserial_vex_cortex/devel
[3.806s] -- Using CMAKE_PREFIX_PATH: /home/msi/caato2_ws/install/rosserial_python;/home/msi/caato2_ws/install/rosserial_client;/home/msi/caato2_ws/install/rosserial_msgs;/opt/ros/noetic
[3.806s] -- This workspace overlays: /home/msi/caato2_ws/install/rosserial_python;/home/msi/caato2_ws/install/rosserial_client;/home/msi/caato2_ws/install/rosserial_msgs;/opt/ros/noetic
[3.806s] -- Found PythonInterp: /usr/bin/python3 (found suitable version "3.8.10", minimum required is "3") 
[3.806s] -- Using PYTHON_EXECUTABLE: /usr/bin/python3
[3.806s] -- Using Debian Python package layout
[3.806s] -- Found PY_em: /usr/lib/python3/dist-packages/em.py  
[3.806s] -- Using empy: /usr/lib/python3/dist-packages/em.py
[3.806s] -- Using CATKIN_ENABLE_TESTING: ON
[3.806s] -- Call enable_testing()
[3.807s] -- Using CATKIN_TEST_RESULTS_DIR: /home/msi/caato2_ws/build/rosserial_vex_cortex/test_results
[3.807s] -- Forcing gtest/gmock from source, though one was otherwise available.
[3.807s] -- Found gtest sources under '/usr/src/googletest': gtests will be built
[3.807s] -- Found gmock sources under '/usr/src/googletest': gmock will be built
[3.807s] -- Found PythonInterp: /usr/bin/python3 (found version "3.8.10") 
[3.807s] -- Found Threads: TRUE  
[3.807s] -- Using Python nosetests: /usr/bin/nosetests3
[3.807s] -- catkin 0.8.10
[3.807s] -- BUILD_SHARED_LIBS is on
[4.970s] -- Installing devel-space wrapper /home/msi/caato2_ws/src/thirdparty/rosserial/rosserial_vex_cortex/src/rosserial_vex_cortex/make_libraries.py to /home/msi/caato2_ws/build/rosserial_vex_cortex/devel/share/rosserial_vex_cortex
[4.970s] -- Configuring done
[4.980s] -- Generating done
[4.982s] -- Build files have been written to: /home/msi/caato2_ws/build/rosserial_vex_cortex
[5.020s] Invoked command in '/home/msi/caato2_ws/build/rosserial_vex_cortex' returned '0': CMAKE_PREFIX_PATH=/home/msi/caato2_ws/install/rosserial_python:/home/msi/caato2_ws/install/rosserial_client:/home/msi/caato2_ws/install/rosserial_msgs:${CMAKE_PREFIX_PATH} PKG_CONFIG_PATH=/home/msi/caato2_ws/install/rosserial_python/lib/x86_64-linux-gnu/pkgconfig:/home/msi/caato2_ws/install/rosserial_python/lib/pkgconfig:/home/msi/caato2_ws/install/rosserial_client/lib/x86_64-linux-gnu/pkgconfig:/home/msi/caato2_ws/install/rosserial_client/lib/pkgconfig:/home/msi/caato2_ws/install/rosserial_msgs/lib/x86_64-linux-gnu/pkgconfig:/home/msi/caato2_ws/install/rosserial_msgs/lib/pkgconfig:${PKG_CONFIG_PATH} PYTHONPATH=/home/msi/caato2_ws/install/rosserial_python/lib/python3/dist-packages:/home/msi/caato2_ws/install/rosserial_client/lib/python3/dist-packages:/home/msi/caato2_ws/install/rosserial_msgs/lib/python3/dist-packages:${PYTHONPATH} ROS_PACKAGE_PATH=/home/msi/caato2_ws/install/rosserial_python/share:/home/msi/caato2_ws/install/rosserial_client/share:/home/msi/caato2_ws/install/rosserial_msgs/share:${ROS_PACKAGE_PATH} /usr/bin/cmake /home/msi/caato2_ws/src/thirdparty/rosserial/rosserial_vex_cortex -DCATKIN_INSTALL_INTO_PREFIX_ROOT=0 -DCMAKE_INSTALL_PREFIX=/home/msi/caato2_ws/install/rosserial_vex_cortex
[5.025s] Invoking command in '/home/msi/caato2_ws/build/rosserial_vex_cortex': CMAKE_PREFIX_PATH=/home/msi/caato2_ws/install/rosserial_python:/home/msi/caato2_ws/install/rosserial_client:/home/msi/caato2_ws/install/rosserial_msgs:${CMAKE_PREFIX_PATH} PKG_CONFIG_PATH=/home/msi/caato2_ws/install/rosserial_python/lib/x86_64-linux-gnu/pkgconfig:/home/msi/caato2_ws/install/rosserial_python/lib/pkgconfig:/home/msi/caato2_ws/install/rosserial_client/lib/x86_64-linux-gnu/pkgconfig:/home/msi/caato2_ws/install/rosserial_client/lib/pkgconfig:/home/msi/caato2_ws/install/rosserial_msgs/lib/x86_64-linux-gnu/pkgconfig:/home/msi/caato2_ws/install/rosserial_msgs/lib/pkgconfig:${PKG_CONFIG_PATH} PYTHONPATH=/home/msi/caato2_ws/install/rosserial_python/lib/python3/dist-packages:/home/msi/caato2_ws/install/rosserial_client/lib/python3/dist-packages:/home/msi/caato2_ws/install/rosserial_msgs/lib/python3/dist-packages:${PYTHONPATH} ROS_PACKAGE_PATH=/home/msi/caato2_ws/install/rosserial_python/share:/home/msi/caato2_ws/install/rosserial_client/share:/home/msi/caato2_ws/install/rosserial_msgs/share:${ROS_PACKAGE_PATH} /usr/bin/cmake --build /home/msi/caato2_ws/build/rosserial_vex_cortex -- -j20 -l20
[5.149s] Invoked command in '/home/msi/caato2_ws/build/rosserial_vex_cortex' returned '0': CMAKE_PREFIX_PATH=/home/msi/caato2_ws/install/rosserial_python:/home/msi/caato2_ws/install/rosserial_client:/home/msi/caato2_ws/install/rosserial_msgs:${CMAKE_PREFIX_PATH} PKG_CONFIG_PATH=/home/msi/caato2_ws/install/rosserial_python/lib/x86_64-linux-gnu/pkgconfig:/home/msi/caato2_ws/install/rosserial_python/lib/pkgconfig:/home/msi/caato2_ws/install/rosserial_client/lib/x86_64-linux-gnu/pkgconfig:/home/msi/caato2_ws/install/rosserial_client/lib/pkgconfig:/home/msi/caato2_ws/install/rosserial_msgs/lib/x86_64-linux-gnu/pkgconfig:/home/msi/caato2_ws/install/rosserial_msgs/lib/pkgconfig:${PKG_CONFIG_PATH} PYTHONPATH=/home/msi/caato2_ws/install/rosserial_python/lib/python3/dist-packages:/home/msi/caato2_ws/install/rosserial_client/lib/python3/dist-packages:/home/msi/caato2_ws/install/rosserial_msgs/lib/python3/dist-packages:${PYTHONPATH} ROS_PACKAGE_PATH=/home/msi/caato2_ws/install/rosserial_python/share:/home/msi/caato2_ws/install/rosserial_client/share:/home/msi/caato2_ws/install/rosserial_msgs/share:${ROS_PACKAGE_PATH} /usr/bin/cmake --build /home/msi/caato2_ws/build/rosserial_vex_cortex -- -j20 -l20
[5.241s] Invoking command in '/home/msi/caato2_ws/build/rosserial_vex_cortex': CMAKE_PREFIX_PATH=/home/msi/caato2_ws/install/rosserial_python:/home/msi/caato2_ws/install/rosserial_client:/home/msi/caato2_ws/install/rosserial_msgs:${CMAKE_PREFIX_PATH} PKG_CONFIG_PATH=/home/msi/caato2_ws/install/rosserial_python/lib/x86_64-linux-gnu/pkgconfig:/home/msi/caato2_ws/install/rosserial_python/lib/pkgconfig:/home/msi/caato2_ws/install/rosserial_client/lib/x86_64-linux-gnu/pkgconfig:/home/msi/caato2_ws/install/rosserial_client/lib/pkgconfig:/home/msi/caato2_ws/install/rosserial_msgs/lib/x86_64-linux-gnu/pkgconfig:/home/msi/caato2_ws/install/rosserial_msgs/lib/pkgconfig:${PKG_CONFIG_PATH} PYTHONPATH=/home/msi/caato2_ws/install/rosserial_python/lib/python3/dist-packages:/home/msi/caato2_ws/install/rosserial_client/lib/python3/dist-packages:/home/msi/caato2_ws/install/rosserial_msgs/lib/python3/dist-packages:${PYTHONPATH} ROS_PACKAGE_PATH=/home/msi/caato2_ws/install/rosserial_python/share:/home/msi/caato2_ws/install/rosserial_client/share:/home/msi/caato2_ws/install/rosserial_msgs/share:${ROS_PACKAGE_PATH} /usr/bin/cmake --build /home/msi/caato2_ws/build/rosserial_vex_cortex --target tests -- -j20 -l20
[5.314s] [35m[1mScanning dependencies of target tests[0m
[5.328s] Built target tests
[5.357s] Invoked command in '/home/msi/caato2_ws/build/rosserial_vex_cortex' returned '0': CMAKE_PREFIX_PATH=/home/msi/caato2_ws/install/rosserial_python:/home/msi/caato2_ws/install/rosserial_client:/home/msi/caato2_ws/install/rosserial_msgs:${CMAKE_PREFIX_PATH} PKG_CONFIG_PATH=/home/msi/caato2_ws/install/rosserial_python/lib/x86_64-linux-gnu/pkgconfig:/home/msi/caato2_ws/install/rosserial_python/lib/pkgconfig:/home/msi/caato2_ws/install/rosserial_client/lib/x86_64-linux-gnu/pkgconfig:/home/msi/caato2_ws/install/rosserial_client/lib/pkgconfig:/home/msi/caato2_ws/install/rosserial_msgs/lib/x86_64-linux-gnu/pkgconfig:/home/msi/caato2_ws/install/rosserial_msgs/lib/pkgconfig:${PKG_CONFIG_PATH} PYTHONPATH=/home/msi/caato2_ws/install/rosserial_python/lib/python3/dist-packages:/home/msi/caato2_ws/install/rosserial_client/lib/python3/dist-packages:/home/msi/caato2_ws/install/rosserial_msgs/lib/python3/dist-packages:${PYTHONPATH} ROS_PACKAGE_PATH=/home/msi/caato2_ws/install/rosserial_python/share:/home/msi/caato2_ws/install/rosserial_client/share:/home/msi/caato2_ws/install/rosserial_msgs/share:${ROS_PACKAGE_PATH} /usr/bin/cmake --build /home/msi/caato2_ws/build/rosserial_vex_cortex --target tests -- -j20 -l20
[5.429s] Invoking command in '/home/msi/caato2_ws/build/rosserial_vex_cortex': CMAKE_PREFIX_PATH=/home/msi/caato2_ws/install/rosserial_python:/home/msi/caato2_ws/install/rosserial_client:/home/msi/caato2_ws/install/rosserial_msgs:${CMAKE_PREFIX_PATH} PKG_CONFIG_PATH=/home/msi/caato2_ws/install/rosserial_python/lib/x86_64-linux-gnu/pkgconfig:/home/msi/caato2_ws/install/rosserial_python/lib/pkgconfig:/home/msi/caato2_ws/install/rosserial_client/lib/x86_64-linux-gnu/pkgconfig:/home/msi/caato2_ws/install/rosserial_client/lib/pkgconfig:/home/msi/caato2_ws/install/rosserial_msgs/lib/x86_64-linux-gnu/pkgconfig:/home/msi/caato2_ws/install/rosserial_msgs/lib/pkgconfig:${PKG_CONFIG_PATH} PYTHONPATH=/home/msi/caato2_ws/install/rosserial_python/lib/python3/dist-packages:/home/msi/caato2_ws/install/rosserial_client/lib/python3/dist-packages:/home/msi/caato2_ws/install/rosserial_msgs/lib/python3/dist-packages:${PYTHONPATH} ROS_PACKAGE_PATH=/home/msi/caato2_ws/install/rosserial_python/share:/home/msi/caato2_ws/install/rosserial_client/share:/home/msi/caato2_ws/install/rosserial_msgs/share:${ROS_PACKAGE_PATH} /usr/bin/cmake --install /home/msi/caato2_ws/build/rosserial_vex_cortex
[5.440s] -- Install configuration: ""
[5.440s] + cd /home/msi/caato2_ws/src/thirdparty/rosserial/rosserial_vex_cortex
[5.440s] + mkdir -p /home/msi/caato2_ws/install/rosserial_vex_cortex/lib/python3/dist-packages
[5.440s] + /usr/bin/env PYTHONPATH=/home/msi/caato2_ws/install/rosserial_vex_cortex/lib/python3/dist-packages:/home/msi/caato2_ws/build/rosserial_vex_cortex/lib/python3/dist-packages:/home/msi/caato2_ws/install/rosserial_python/lib/python3/dist-packages:/home/msi/caato2_ws/install/rosserial_client/lib/python3/dist-packages:/home/msi/caato2_ws/install/rosserial_msgs/lib/python3/dist-packages:/opt/ros/noetic/lib/python3/dist-packages CATKIN_BINARY_DIR=/home/msi/caato2_ws/build/rosserial_vex_cortex /usr/bin/python3 /home/msi/caato2_ws/src/thirdparty/rosserial/rosserial_vex_cortex/setup.py build --build-base /home/msi/caato2_ws/build/rosserial_vex_cortex install --root=/ --install-layout=deb --prefix=/home/msi/caato2_ws/install/rosserial_vex_cortex --install-scripts=/home/msi/caato2_ws/install/rosserial_vex_cortex/bin
[5.494s] running build
[5.495s] package init file 'src/rosserial_vex_cortex/__init__.py' not found (or not a regular file)
[5.495s] package init file 'src/rosserial_vex_cortex/__init__.py' not found (or not a regular file)
[5.495s] running build_py
[5.495s] creating /home/msi/caato2_ws/build/rosserial_vex_cortex/lib
[5.495s] creating /home/msi/caato2_ws/build/rosserial_vex_cortex/lib/rosserial_vex_cortex
[5.495s] copying src/rosserial_vex_cortex/make_libraries.py -> /home/msi/caato2_ws/build/rosserial_vex_cortex/lib/rosserial_vex_cortex
[5.495s] running install
[5.495s] running install_lib
[5.496s] creating /home/msi/caato2_ws/install/rosserial_vex_cortex/lib/python3/dist-packages/rosserial_vex_cortex
[5.496s] copying /home/msi/caato2_ws/build/rosserial_vex_cortex/lib/rosserial_vex_cortex/make_libraries.py -> /home/msi/caato2_ws/install/rosserial_vex_cortex/lib/python3/dist-packages/rosserial_vex_cortex
[5.500s] byte-compiling /home/msi/caato2_ws/install/rosserial_vex_cortex/lib/python3/dist-packages/rosserial_vex_cortex/make_libraries.py to make_libraries.cpython-38.pyc
[5.503s] running install_egg_info
[5.504s] Writing /home/msi/caato2_ws/install/rosserial_vex_cortex/lib/python3/dist-packages/rosserial_vex_cortex-0.9.2.egg-info
[5.531s] -- Installing: /home/msi/caato2_ws/install/rosserial_vex_cortex/lib/pkgconfig/rosserial_vex_cortex.pc
[5.531s] -- Installing: /home/msi/caato2_ws/install/rosserial_vex_cortex/share/rosserial_vex_cortex/cmake/rosserial_vex_cortexConfig.cmake
[5.532s] -- Installing: /home/msi/caato2_ws/install/rosserial_vex_cortex/share/rosserial_vex_cortex/cmake/rosserial_vex_cortexConfig-version.cmake
[5.533s] -- Installing: /home/msi/caato2_ws/install/rosserial_vex_cortex/share/rosserial_vex_cortex/package.xml
[5.533s] -- Installing: /home/msi/caato2_ws/install/rosserial_vex_cortex/share/rosserial_vex_cortex/src/ros_lib
[5.533s] -- Installing: /home/msi/caato2_ws/install/rosserial_vex_cortex/share/rosserial_vex_cortex/src/ros_lib/opcontrol.cpp
[5.534s] -- Installing: /home/msi/caato2_ws/install/rosserial_vex_cortex/share/rosserial_vex_cortex/src/ros_lib/auto.cpp
[5.534s] -- Installing: /home/msi/caato2_ws/install/rosserial_vex_cortex/share/rosserial_vex_cortex/src/ros_lib/logger.h
[5.534s] -- Installing: /home/msi/caato2_ws/install/rosserial_vex_cortex/share/rosserial_vex_cortex/src/ros_lib/CortexHardware.h
[5.535s] -- Installing: /home/msi/caato2_ws/install/rosserial_vex_cortex/share/rosserial_vex_cortex/src/ros_lib/vexstrlen.h
[5.535s] -- Installing: /home/msi/caato2_ws/install/rosserial_vex_cortex/share/rosserial_vex_cortex/src/ros_lib/examples
[5.535s] -- Installing: /home/msi/caato2_ws/install/rosserial_vex_cortex/share/rosserial_vex_cortex/src/ros_lib/examples/joydrive.cpp
[5.536s] -- Installing: /home/msi/caato2_ws/install/rosserial_vex_cortex/share/rosserial_vex_cortex/src/ros_lib/examples/twistdrive.cpp
[5.538s] -- Installing: /home/msi/caato2_ws/install/rosserial_vex_cortex/share/rosserial_vex_cortex/src/ros_lib/examples/helloworld.cpp
[5.538s] -- Installing: /home/msi/caato2_ws/install/rosserial_vex_cortex/share/rosserial_vex_cortex/src/ros_lib/ros.h
[5.539s] -- Installing: /home/msi/caato2_ws/install/rosserial_vex_cortex/share/rosserial_vex_cortex/src/ros_lib/init.cpp
[5.540s] -- Installing: /home/msi/caato2_ws/install/rosserial_vex_cortex/lib/rosserial_vex_cortex/genproject.sh
[5.540s] -- Up-to-date: /home/msi/caato2_ws/install/rosserial_vex_cortex/share/rosserial_vex_cortex
[5.540s] -- Installing: /home/msi/caato2_ws/install/rosserial_vex_cortex/share/rosserial_vex_cortex/joystick.launch
[5.540s] -- Installing: /home/msi/caato2_ws/install/rosserial_vex_cortex/share/rosserial_vex_cortex/minimal_robot.launch
[5.540s] -- Installing: /home/msi/caato2_ws/install/rosserial_vex_cortex/share/rosserial_vex_cortex/hello_world.launch
[5.540s] -- Installing: /home/msi/caato2_ws/install/rosserial_vex_cortex/share/rosserial_vex_cortex/make_libraries.py
[5.549s] Invoked command in '/home/msi/caato2_ws/build/rosserial_vex_cortex' returned '0': CMAKE_PREFIX_PATH=/home/msi/caato2_ws/install/rosserial_python:/home/msi/caato2_ws/install/rosserial_client:/home/msi/caato2_ws/install/rosserial_msgs:${CMAKE_PREFIX_PATH} PKG_CONFIG_PATH=/home/msi/caato2_ws/install/rosserial_python/lib/x86_64-linux-gnu/pkgconfig:/home/msi/caato2_ws/install/rosserial_python/lib/pkgconfig:/home/msi/caato2_ws/install/rosserial_client/lib/x86_64-linux-gnu/pkgconfig:/home/msi/caato2_ws/install/rosserial_client/lib/pkgconfig:/home/msi/caato2_ws/install/rosserial_msgs/lib/x86_64-linux-gnu/pkgconfig:/home/msi/caato2_ws/install/rosserial_msgs/lib/pkgconfig:${PKG_CONFIG_PATH} PYTHONPATH=/home/msi/caato2_ws/install/rosserial_python/lib/python3/dist-packages:/home/msi/caato2_ws/install/rosserial_client/lib/python3/dist-packages:/home/msi/caato2_ws/install/rosserial_msgs/lib/python3/dist-packages:${PYTHONPATH} ROS_PACKAGE_PATH=/home/msi/caato2_ws/install/rosserial_python/share:/home/msi/caato2_ws/install/rosserial_client/share:/home/msi/caato2_ws/install/rosserial_msgs/share:${ROS_PACKAGE_PATH} /usr/bin/cmake --install /home/msi/caato2_ws/build/rosserial_vex_cortex
