[0.202s] Invoking command in '/home/msi/caato2_ws/build/realsense_gazebo_plugin': /usr/bin/cmake --build /home/msi/caato2_ws/build/realsense_gazebo_plugin -- -j20 -l20
[0.243s] [  0%] Built target dynamic_reconfigure_generate_messages_eus
[0.243s] [  0%] Built target trajectory_msgs_generate_messages_lisp
[0.244s] [  0%] Built target gazebo_msgs_generate_messages_cpp
[0.244s] [  0%] Built target trajectory_msgs_generate_messages_cpp
[0.244s] [  0%] Built target gazebo_msgs_generate_messages_nodejs
[0.244s] [  0%] Built target trajectory_msgs_generate_messages_nodejs
[0.244s] [  0%] Built target dynamic_reconfigure_gencfg
[0.244s] [  0%] Built target gazebo_msgs_generate_messages_py
[0.244s] [  0%] Built target std_srvs_generate_messages_eus
[0.244s] [  0%] Built target geometry_msgs_generate_messages_eus
[0.244s] [  0%] Built target std_msgs_generate_messages_py
[0.244s] [  0%] Built target std_msgs_generate_messages_nodejs
[0.246s] [  0%] Built target std_msgs_generate_messages_cpp
[0.247s] [  0%] Built target tf2_msgs_generate_messages_cpp
[0.247s] [  0%] Built target rosgraph_msgs_generate_messages_nodejs
[0.247s] [  0%] Built target std_srvs_generate_messages_lisp
[0.247s] [  0%] Built target actionlib_msgs_generate_messages_py
[0.247s] [  0%] Built target dynamic_reconfigure_generate_messages_lisp
[0.247s] [  0%] Built target actionlib_generate_messages_cpp
[0.247s] [  0%] Built target roscpp_generate_messages_lisp
[0.257s] [  0%] Built target tf_generate_messages_eus
[0.257s] [  0%] Built target actionlib_generate_messages_lisp
[0.258s] [  0%] Built target rosgraph_msgs_generate_messages_lisp
[0.258s] [  0%] Built target std_srvs_generate_messages_cpp
[0.259s] [  0%] Built target std_msgs_generate_messages_lisp
[0.260s] [  0%] Built target std_srvs_generate_messages_nodejs
[0.265s] [  0%] Built target dynamic_reconfigure_generate_messages_py
[0.266s] [  0%] Built target actionlib_msgs_generate_messages_eus
[0.266s] [  0%] Built target geometry_msgs_generate_messages_py
[0.266s] [  0%] Built target roscpp_generate_messages_cpp
[0.266s] [  0%] Built target trajectory_msgs_generate_messages_eus
[0.266s] [  0%] Built target rosgraph_msgs_generate_messages_py
[0.266s] [  0%] Built target roscpp_generate_messages_py
[0.266s] [  0%] Built target roscpp_generate_messages_eus
[0.267s] [  0%] Built target tf2_msgs_generate_messages_eus
[0.267s] [  0%] Built target sensor_msgs_generate_messages_py
[0.267s] [  0%] Built target gazebo_ros_gencfg
[0.273s] [  0%] Built target geometry_msgs_generate_messages_cpp
[0.274s] [  0%] Built target gazebo_msgs_generate_messages_lisp
[0.277s] [  0%] Built target tf2_msgs_generate_messages_py
[0.278s] [  0%] Built target dynamic_reconfigure_generate_messages_nodejs
[0.278s] [  0%] Built target geometry_msgs_generate_messages_lisp
[0.282s] [  0%] Built target dynamic_reconfigure_generate_messages_cpp
[0.282s] [  0%] Built target roscpp_generate_messages_nodejs
[0.282s] [  0%] Built target tf_generate_messages_cpp
[0.283s] [  0%] Built target std_srvs_generate_messages_py
[0.283s] [  0%] Built target rosgraph_msgs_generate_messages_eus
[0.284s] [  0%] Built target tf_generate_messages_lisp
[0.284s] [  0%] Built target sensor_msgs_generate_messages_nodejs
[0.284s] [  0%] Built target tf_generate_messages_nodejs
[0.285s] [  0%] Built target sensor_msgs_generate_messages_lisp
[0.286s] [  0%] Built target trajectory_msgs_generate_messages_py
[0.286s] [  0%] Built target sensor_msgs_generate_messages_cpp
[0.290s] [  0%] Built target actionlib_msgs_generate_messages_cpp
[0.290s] [  0%] Built target rosgraph_msgs_generate_messages_cpp
[0.290s] [  0%] Built target actionlib_generate_messages_eus
[0.291s] [  0%] Built target sensor_msgs_generate_messages_eus
[0.293s] [  0%] Built target actionlib_generate_messages_py
[0.293s] [  0%] Built target actionlib_generate_messages_nodejs
[0.294s] [  0%] Built target tf_generate_messages_py
[0.297s] [  0%] Built target actionlib_msgs_generate_messages_lisp
[0.298s] [  0%] Built target actionlib_msgs_generate_messages_nodejs
[0.298s] [  0%] Built target geometry_msgs_generate_messages_nodejs
[0.298s] [  0%] Built target std_msgs_generate_messages_eus
[0.298s] [  0%] Built target tf2_msgs_generate_messages_nodejs
[0.298s] [  0%] Built target gazebo_msgs_generate_messages_eus
[0.298s] [  0%] Built target tf2_msgs_generate_messages_lisp
[0.325s] [100%] Built target realsense_gazebo_plugin
[0.437s] Invoked command in '/home/msi/caato2_ws/build/realsense_gazebo_plugin' returned '0': /usr/bin/cmake --build /home/msi/caato2_ws/build/realsense_gazebo_plugin -- -j20 -l20
