[0.091s] Invoking command in '/home/msi/caato2_ws/build/rosinrange_msg': /usr/bin/cmake --build /home/msi/caato2_ws/build/rosinrange_msg -- -j20 -l20
[0.322s] [  0%] Built target geometry_msgs_generate_messages_lisp
[0.322s] [  0%] Built target geometry_msgs_generate_messages_eus
[0.322s] [  0%] Built target geometry_msgs_generate_messages_cpp
[0.322s] [  0%] Built target geometry_msgs_generate_messages_py
[0.322s] [  0%] Built target geometry_msgs_generate_messages_nodejs
[0.322s] [  0%] Built target _rosinrange_msg_generate_messages_check_deps_RangePose
[0.329s] [ 28%] Built target rosinrange_msg_generate_messages_py
[0.339s] [ 42%] Built target rosinrange_msg_generate_messages_cpp
[0.361s] [ 57%] Built target rosinrange_msg_generate_messages_lisp
[0.361s] [ 85%] Built target rosinrange_msg_generate_messages_eus
[0.371s] [100%] Built target rosinrange_msg_generate_messages_nodejs
[0.425s] [100%] Built target rosinrange_msg_generate_messages
[0.510s] Invoked command in '/home/msi/caato2_ws/build/rosinrange_msg' returned '0': /usr/bin/cmake --build /home/msi/caato2_ws/build/rosinrange_msg -- -j20 -l20
[0.574s] Invoking command in '/home/msi/caato2_ws/build/rosinrange_msg': /usr/bin/cmake --build /home/msi/caato2_ws/build/rosinrange_msg --target tests -- -j20 -l20
[0.644s] Built target tests
[0.679s] Invoked command in '/home/msi/caato2_ws/build/rosinrange_msg' returned '0': /usr/bin/cmake --build /home/msi/caato2_ws/build/rosinrange_msg --target tests -- -j20 -l20
[0.760s] Invoking command in '/home/msi/caato2_ws/build/rosinrange_msg': /usr/bin/cmake --install /home/msi/caato2_ws/build/rosinrange_msg
[0.793s] -- Install configuration: ""
[0.794s] -- Up-to-date: /home/msi/caato2_ws/install/rosinrange_msg/share/rosinrange_msg/msg/RangePose.msg
[0.794s] -- Up-to-date: /home/msi/caato2_ws/install/rosinrange_msg/share/rosinrange_msg/cmake/rosinrange_msg-msg-paths.cmake
[0.794s] -- Up-to-date: /home/msi/caato2_ws/install/rosinrange_msg/include/rosinrange_msg
[0.795s] -- Up-to-date: /home/msi/caato2_ws/install/rosinrange_msg/include/rosinrange_msg/RangePose.h
[0.795s] -- Up-to-date: /home/msi/caato2_ws/install/rosinrange_msg/share/roseus/ros/rosinrange_msg
[0.795s] -- Up-to-date: /home/msi/caato2_ws/install/rosinrange_msg/share/roseus/ros/rosinrange_msg/msg
[0.795s] -- Up-to-date: /home/msi/caato2_ws/install/rosinrange_msg/share/roseus/ros/rosinrange_msg/msg/RangePose.l
[0.795s] -- Up-to-date: /home/msi/caato2_ws/install/rosinrange_msg/share/roseus/ros/rosinrange_msg/manifest.l
[0.796s] -- Up-to-date: /home/msi/caato2_ws/install/rosinrange_msg/share/common-lisp/ros/rosinrange_msg
[0.796s] -- Up-to-date: /home/msi/caato2_ws/install/rosinrange_msg/share/common-lisp/ros/rosinrange_msg/msg
[0.796s] -- Up-to-date: /home/msi/caato2_ws/install/rosinrange_msg/share/common-lisp/ros/rosinrange_msg/msg/_package.lisp
[0.797s] -- Up-to-date: /home/msi/caato2_ws/install/rosinrange_msg/share/common-lisp/ros/rosinrange_msg/msg/rosinrange_msg-msg.asd
[0.797s] -- Up-to-date: /home/msi/caato2_ws/install/rosinrange_msg/share/common-lisp/ros/rosinrange_msg/msg/_package_RangePose.lisp
[0.797s] -- Up-to-date: /home/msi/caato2_ws/install/rosinrange_msg/share/common-lisp/ros/rosinrange_msg/msg/RangePose.lisp
[0.797s] -- Up-to-date: /home/msi/caato2_ws/install/rosinrange_msg/share/gennodejs/ros/rosinrange_msg
[0.797s] -- Up-to-date: /home/msi/caato2_ws/install/rosinrange_msg/share/gennodejs/ros/rosinrange_msg/_index.js
[0.798s] -- Up-to-date: /home/msi/caato2_ws/install/rosinrange_msg/share/gennodejs/ros/rosinrange_msg/msg
[0.798s] -- Up-to-date: /home/msi/caato2_ws/install/rosinrange_msg/share/gennodejs/ros/rosinrange_msg/msg/_index.js
[0.798s] -- Up-to-date: /home/msi/caato2_ws/install/rosinrange_msg/share/gennodejs/ros/rosinrange_msg/msg/RangePose.js
[0.798s] Listing '/home/msi/caato2_ws/build/rosinrange_msg/devel/lib/python3/dist-packages/rosinrange_msg'...
[0.798s] Listing '/home/msi/caato2_ws/build/rosinrange_msg/devel/lib/python3/dist-packages/rosinrange_msg/msg'...
[0.799s] -- Up-to-date: /home/msi/caato2_ws/install/rosinrange_msg/lib/python3/dist-packages/rosinrange_msg
[0.799s] -- Up-to-date: /home/msi/caato2_ws/install/rosinrange_msg/lib/python3/dist-packages/rosinrange_msg/msg
[0.799s] -- Up-to-date: /home/msi/caato2_ws/install/rosinrange_msg/lib/python3/dist-packages/rosinrange_msg/msg/_RangePose.py
[0.799s] -- Up-to-date: /home/msi/caato2_ws/install/rosinrange_msg/lib/python3/dist-packages/rosinrange_msg/msg/__init__.py
[0.800s] -- Up-to-date: /home/msi/caato2_ws/install/rosinrange_msg/lib/python3/dist-packages/rosinrange_msg/msg/__pycache__
[0.800s] -- Up-to-date: /home/msi/caato2_ws/install/rosinrange_msg/lib/python3/dist-packages/rosinrange_msg/msg/__pycache__/_RangePose.cpython-38.pyc
[0.800s] -- Up-to-date: /home/msi/caato2_ws/install/rosinrange_msg/lib/python3/dist-packages/rosinrange_msg/msg/__pycache__/__init__.cpython-38.pyc
[0.800s] -- Up-to-date: /home/msi/caato2_ws/install/rosinrange_msg/lib/python3/dist-packages/rosinrange_msg/__init__.py
[0.800s] -- Up-to-date: /home/msi/caato2_ws/install/rosinrange_msg/lib/python3/dist-packages/rosinrange_msg/__pycache__
[0.801s] -- Up-to-date: /home/msi/caato2_ws/install/rosinrange_msg/lib/python3/dist-packages/rosinrange_msg/__pycache__/__init__.cpython-38.pyc
[0.801s] -- Up-to-date: /home/msi/caato2_ws/install/rosinrange_msg/lib/pkgconfig/rosinrange_msg.pc
[0.801s] -- Up-to-date: /home/msi/caato2_ws/install/rosinrange_msg/share/rosinrange_msg/cmake/rosinrange_msg-msg-extras.cmake
[0.801s] -- Up-to-date: /home/msi/caato2_ws/install/rosinrange_msg/share/rosinrange_msg/cmake/rosinrange_msgConfig.cmake
[0.801s] -- Up-to-date: /home/msi/caato2_ws/install/rosinrange_msg/share/rosinrange_msg/cmake/rosinrange_msgConfig-version.cmake
[0.801s] -- Up-to-date: /home/msi/caato2_ws/install/rosinrange_msg/share/rosinrange_msg/package.xml
[0.857s] Invoked command in '/home/msi/caato2_ws/build/rosinrange_msg' returned '0': /usr/bin/cmake --install /home/msi/caato2_ws/build/rosinrange_msg
