[0.205s] Invoking command in '/home/msi/caato2_ws/build/realsense_gazebo_plugin': /usr/bin/cmake --build /home/msi/caato2_ws/build/realsense_gazebo_plugin -- -j20 -l20
[0.288s] [  0%] Built target trajectory_msgs_generate_messages_lisp
[0.289s] [  0%] Built target gazebo_msgs_generate_messages_nodejs
[0.289s] [  0%] Built target std_srvs_generate_messages_eus
[0.289s] [  0%] Built target gazebo_msgs_generate_messages_py
[0.289s] [  0%] Built target trajectory_msgs_generate_messages_cpp
[0.289s] [  0%] Built target gazebo_msgs_generate_messages_cpp
[0.289s] [  0%] Built target std_srvs_generate_messages_lisp
[0.289s] [  0%] Built target dynamic_reconfigure_gencfg
[0.289s] [  0%] Built target trajectory_msgs_generate_messages_nodejs
[0.289s] [  0%] Built target std_msgs_generate_messages_py
[0.289s] [  0%] Built target dynamic_reconfigure_generate_messages_eus
[0.289s] [  0%] Built target std_msgs_generate_messages_cpp
[0.289s] [  0%] Built target dynamic_reconfigure_generate_messages_lisp
[0.290s] [  0%] Built target geometry_msgs_generate_messages_eus
[0.290s] [  0%] Built target rosgraph_msgs_generate_messages_nodejs
[0.290s] [  0%] Built target std_msgs_generate_messages_nodejs
[0.290s] [  0%] Built target actionlib_generate_messages_cpp
[0.290s] [  0%] Built target tf2_msgs_generate_messages_cpp
[0.290s] [  0%] Built target actionlib_msgs_generate_messages_py
[0.290s] [  0%] Built target actionlib_msgs_generate_messages_eus
[0.290s] [  0%] Built target roscpp_generate_messages_lisp
[0.290s] [  0%] Built target rosgraph_msgs_generate_messages_lisp
[0.290s] [  0%] Built target std_srvs_generate_messages_cpp
[0.290s] [  0%] Built target std_msgs_generate_messages_lisp
[0.290s] [  0%] Built target tf_generate_messages_eus
[0.290s] [  0%] Built target dynamic_reconfigure_generate_messages_py
[0.290s] [  0%] Built target std_srvs_generate_messages_nodejs
[0.291s] [  0%] Built target actionlib_generate_messages_lisp
[0.291s] [  0%] Built target gazebo_ros_gencfg
[0.291s] [  0%] Built target rosgraph_msgs_generate_messages_py
[0.291s] [  0%] Built target roscpp_generate_messages_py
[0.291s] [  0%] Built target geometry_msgs_generate_messages_py
[0.291s] [  0%] Built target trajectory_msgs_generate_messages_eus
[0.291s] [  0%] Built target roscpp_generate_messages_cpp
[0.291s] [  0%] Built target roscpp_generate_messages_eus
[0.292s] [  0%] Built target geometry_msgs_generate_messages_cpp
[0.292s] [  0%] Built target sensor_msgs_generate_messages_py
[0.292s] [  0%] Built target tf2_msgs_generate_messages_eus
[0.300s] [  0%] Built target dynamic_reconfigure_generate_messages_nodejs
[0.300s] [  0%] Built target geometry_msgs_generate_messages_lisp
[0.300s] [  0%] Built target std_srvs_generate_messages_py
[0.300s] [  0%] Built target gazebo_msgs_generate_messages_lisp
[0.300s] [  0%] Built target tf2_msgs_generate_messages_py
[0.300s] [  0%] Built target tf_generate_messages_cpp
[0.301s] [  0%] Built target roscpp_generate_messages_nodejs
[0.302s] [  0%] Built target dynamic_reconfigure_generate_messages_cpp
[0.303s] [  0%] Built target tf_generate_messages_lisp
[0.303s] [  0%] Built target rosgraph_msgs_generate_messages_eus
[0.305s] [  0%] Built target sensor_msgs_generate_messages_lisp
[0.305s] [  0%] Built target tf_generate_messages_nodejs
[0.305s] [  0%] Built target sensor_msgs_generate_messages_nodejs
[0.305s] [  0%] Built target sensor_msgs_generate_messages_eus
[0.306s] [  0%] Built target sensor_msgs_generate_messages_cpp
[0.306s] [  0%] Built target trajectory_msgs_generate_messages_py
[0.311s] [  0%] Built target actionlib_generate_messages_nodejs
[0.313s] [  0%] Built target rosgraph_msgs_generate_messages_cpp
[0.313s] [  0%] Built target actionlib_generate_messages_eus
[0.313s] [  0%] Built target actionlib_msgs_generate_messages_cpp
[0.317s] [  0%] Built target actionlib_msgs_generate_messages_lisp
[0.318s] [  0%] Built target actionlib_generate_messages_py
[0.319s] [  0%] Built target tf2_msgs_generate_messages_lisp
[0.319s] [  0%] Built target tf_generate_messages_py
[0.319s] [  0%] Built target actionlib_msgs_generate_messages_nodejs
[0.320s] [  0%] Built target std_msgs_generate_messages_eus
[0.321s] [  0%] Built target tf2_msgs_generate_messages_nodejs
[0.322s] [  0%] Built target gazebo_msgs_generate_messages_eus
[0.322s] [  0%] Built target geometry_msgs_generate_messages_nodejs
[0.349s] [100%] Built target realsense_gazebo_plugin
[0.423s] Invoked command in '/home/msi/caato2_ws/build/realsense_gazebo_plugin' returned '0': /usr/bin/cmake --build /home/msi/caato2_ws/build/realsense_gazebo_plugin -- -j20 -l20
[0.584s] Invoking command in '/home/msi/caato2_ws/build/realsense_gazebo_plugin': /usr/bin/cmake --build /home/msi/caato2_ws/build/realsense_gazebo_plugin --target tests -- -j20 -l20
[0.655s] Built target tests
[0.679s] Invoked command in '/home/msi/caato2_ws/build/realsense_gazebo_plugin' returned '0': /usr/bin/cmake --build /home/msi/caato2_ws/build/realsense_gazebo_plugin --target tests -- -j20 -l20
[0.798s] Invoking command in '/home/msi/caato2_ws/build/realsense_gazebo_plugin': /usr/bin/cmake --install /home/msi/caato2_ws/build/realsense_gazebo_plugin
[0.810s] -- Install configuration: ""
[0.810s] -- Up-to-date: /home/msi/caato2_ws/install/realsense_gazebo_plugin/lib/pkgconfig/realsense_gazebo_plugin.pc
[0.810s] -- Up-to-date: /home/msi/caato2_ws/install/realsense_gazebo_plugin/share/realsense_gazebo_plugin/cmake/realsense_gazebo_pluginConfig.cmake
[0.811s] -- Up-to-date: /home/msi/caato2_ws/install/realsense_gazebo_plugin/share/realsense_gazebo_plugin/cmake/realsense_gazebo_pluginConfig-version.cmake
[0.812s] -- Up-to-date: /home/msi/caato2_ws/install/realsense_gazebo_plugin/share/realsense_gazebo_plugin/package.xml
[0.812s] -- Up-to-date: /home/msi/caato2_ws/install/realsense_gazebo_plugin/lib/librealsense_gazebo_plugin.so
[0.812s] -- Up-to-date: /home/msi/caato2_ws/install/realsense_gazebo_plugin/share/realsense_gazebo_plugin/include
[0.812s] -- Up-to-date: /home/msi/caato2_ws/install/realsense_gazebo_plugin/share/realsense_gazebo_plugin/include/realsense_gazebo_plugin
[0.812s] -- Up-to-date: /home/msi/caato2_ws/install/realsense_gazebo_plugin/share/realsense_gazebo_plugin/include/realsense_gazebo_plugin/gazebo_ros_realsense.h
[0.812s] -- Up-to-date: /home/msi/caato2_ws/install/realsense_gazebo_plugin/share/realsense_gazebo_plugin/include/realsense_gazebo_plugin/RealSensePlugin.h
[0.826s] Invoked command in '/home/msi/caato2_ws/build/realsense_gazebo_plugin' returned '0': /usr/bin/cmake --install /home/msi/caato2_ws/build/realsense_gazebo_plugin
