[0.165s] Invoking command in '/home/msi/caato2_ws/build/eband_local_planner': /usr/bin/cmake --build /home/msi/caato2_ws/build/eband_local_planner -- -j20 -l20
[0.291s] [ 14%] Built target eband_local_planner_gencfg
[0.297s] [100%] Built target eband_local_planner
[0.390s] Invoked command in '/home/msi/caato2_ws/build/eband_local_planner' returned '0': /usr/bin/cmake --build /home/msi/caato2_ws/build/eband_local_planner -- -j20 -l20
[0.506s] Invoking command in '/home/msi/caato2_ws/build/eband_local_planner': /usr/bin/cmake --build /home/msi/caato2_ws/build/eband_local_planner --target tests -- -j20 -l20
[0.534s] Built target tests
[0.576s] Invoked command in '/home/msi/caato2_ws/build/eband_local_planner' returned '0': /usr/bin/cmake --build /home/msi/caato2_ws/build/eband_local_planner --target tests -- -j20 -l20
[0.725s] Invoking command in '/home/msi/caato2_ws/build/eband_local_planner': /usr/bin/cmake --install /home/msi/caato2_ws/build/eband_local_planner
[0.764s] -- Install configuration: ""
[0.765s] -- Up-to-date: /home/msi/caato2_ws/install/eband_local_planner/include/eband_local_planner/EBandPlannerConfig.h
[0.765s] -- Up-to-date: /home/msi/caato2_ws/install/eband_local_planner/lib/python3/dist-packages/eband_local_planner/__init__.py
[0.765s] Listing '/home/msi/caato2_ws/build/eband_local_planner/devel/lib/python3/dist-packages/eband_local_planner/cfg'...
[0.765s] -- Up-to-date: /home/msi/caato2_ws/install/eband_local_planner/lib/python3/dist-packages/eband_local_planner/cfg
[0.765s] -- Up-to-date: /home/msi/caato2_ws/install/eband_local_planner/lib/python3/dist-packages/eband_local_planner/cfg/EBandPlannerConfig.py
[0.765s] -- Up-to-date: /home/msi/caato2_ws/install/eband_local_planner/lib/python3/dist-packages/eband_local_planner/cfg/__init__.py
[0.765s] -- Up-to-date: /home/msi/caato2_ws/install/eband_local_planner/lib/python3/dist-packages/eband_local_planner/cfg/__pycache__
[0.765s] -- Up-to-date: /home/msi/caato2_ws/install/eband_local_planner/lib/python3/dist-packages/eband_local_planner/cfg/__pycache__/EBandPlannerConfig.cpython-38.pyc
[0.765s] -- Up-to-date: /home/msi/caato2_ws/install/eband_local_planner/lib/python3/dist-packages/eband_local_planner/cfg/__pycache__/__init__.cpython-38.pyc
[0.766s] -- Up-to-date: /home/msi/caato2_ws/install/eband_local_planner/lib/pkgconfig/eband_local_planner.pc
[0.766s] -- Up-to-date: /home/msi/caato2_ws/install/eband_local_planner/share/eband_local_planner/cmake/eband_local_plannerConfig.cmake
[0.767s] -- Up-to-date: /home/msi/caato2_ws/install/eband_local_planner/share/eband_local_planner/cmake/eband_local_plannerConfig-version.cmake
[0.767s] -- Up-to-date: /home/msi/caato2_ws/install/eband_local_planner/share/eband_local_planner/package.xml
[0.767s] -- Up-to-date: /home/msi/caato2_ws/install/eband_local_planner/include/eband_local_planner
[0.767s] -- Up-to-date: /home/msi/caato2_ws/install/eband_local_planner/include/eband_local_planner/eband_local_planner_ros.h
[0.767s] -- Up-to-date: /home/msi/caato2_ws/install/eband_local_planner/include/eband_local_planner/conversions_and_types.h
[0.767s] -- Up-to-date: /home/msi/caato2_ws/install/eband_local_planner/include/eband_local_planner/eband_local_planner.h
[0.767s] -- Up-to-date: /home/msi/caato2_ws/install/eband_local_planner/include/eband_local_planner/eband_trajectory_controller.h
[0.767s] -- Up-to-date: /home/msi/caato2_ws/install/eband_local_planner/include/eband_local_planner/eband_visualization.h
[0.767s] -- Up-to-date: /home/msi/caato2_ws/install/eband_local_planner/lib/libeband_local_planner.so
[0.767s] -- Up-to-date: /home/msi/caato2_ws/install/eband_local_planner/share/eband_local_planner/elp_plugin.xml
[0.811s] Invoked command in '/home/msi/caato2_ws/build/eband_local_planner' returned '0': /usr/bin/cmake --install /home/msi/caato2_ws/build/eband_local_planner
