[0.090s] Invoking command in '/home/msi/caato2_ws/build/rosserial_vex_cortex': CMAKE_PREFIX_PATH=/home/msi/caato2_ws/install/rosserial_python:/home/msi/caato2_ws/install/rosserial_client:/home/msi/caato2_ws/install/rosserial_msgs:${CMAKE_PREFIX_PATH} PKG_CONFIG_PATH=/home/msi/caato2_ws/install/rosserial_python/lib/x86_64-linux-gnu/pkgconfig:/home/msi/caato2_ws/install/rosserial_python/lib/pkgconfig:/home/msi/caato2_ws/install/rosserial_client/lib/x86_64-linux-gnu/pkgconfig:/home/msi/caato2_ws/install/rosserial_client/lib/pkgconfig:/home/msi/caato2_ws/install/rosserial_msgs/lib/x86_64-linux-gnu/pkgconfig:/home/msi/caato2_ws/install/rosserial_msgs/lib/pkgconfig:${PKG_CONFIG_PATH} PYTHONPATH=/home/msi/caato2_ws/install/rosserial_python/lib/python3/dist-packages:/home/msi/caato2_ws/install/rosserial_client/lib/python3/dist-packages:/home/msi/caato2_ws/install/rosserial_msgs/lib/python3/dist-packages:${PYTHONPATH} ROS_PACKAGE_PATH=/home/msi/caato2_ws/install/rosserial_python/share:/home/msi/caato2_ws/install/rosserial_client/share:/home/msi/caato2_ws/install/rosserial_msgs/share:${ROS_PACKAGE_PATH} /usr/bin/cmake --build /home/msi/caato2_ws/build/rosserial_vex_cortex -- -j20 -l20
[0.177s] Invoked command in '/home/msi/caato2_ws/build/rosserial_vex_cortex' returned '0': CMAKE_PREFIX_PATH=/home/msi/caato2_ws/install/rosserial_python:/home/msi/caato2_ws/install/rosserial_client:/home/msi/caato2_ws/install/rosserial_msgs:${CMAKE_PREFIX_PATH} PKG_CONFIG_PATH=/home/msi/caato2_ws/install/rosserial_python/lib/x86_64-linux-gnu/pkgconfig:/home/msi/caato2_ws/install/rosserial_python/lib/pkgconfig:/home/msi/caato2_ws/install/rosserial_client/lib/x86_64-linux-gnu/pkgconfig:/home/msi/caato2_ws/install/rosserial_client/lib/pkgconfig:/home/msi/caato2_ws/install/rosserial_msgs/lib/x86_64-linux-gnu/pkgconfig:/home/msi/caato2_ws/install/rosserial_msgs/lib/pkgconfig:${PKG_CONFIG_PATH} PYTHONPATH=/home/msi/caato2_ws/install/rosserial_python/lib/python3/dist-packages:/home/msi/caato2_ws/install/rosserial_client/lib/python3/dist-packages:/home/msi/caato2_ws/install/rosserial_msgs/lib/python3/dist-packages:${PYTHONPATH} ROS_PACKAGE_PATH=/home/msi/caato2_ws/install/rosserial_python/share:/home/msi/caato2_ws/install/rosserial_client/share:/home/msi/caato2_ws/install/rosserial_msgs/share:${ROS_PACKAGE_PATH} /usr/bin/cmake --build /home/msi/caato2_ws/build/rosserial_vex_cortex -- -j20 -l20
[0.223s] Invoking command in '/home/msi/caato2_ws/build/rosserial_vex_cortex': CMAKE_PREFIX_PATH=/home/msi/caato2_ws/install/rosserial_python:/home/msi/caato2_ws/install/rosserial_client:/home/msi/caato2_ws/install/rosserial_msgs:${CMAKE_PREFIX_PATH} PKG_CONFIG_PATH=/home/msi/caato2_ws/install/rosserial_python/lib/x86_64-linux-gnu/pkgconfig:/home/msi/caato2_ws/install/rosserial_python/lib/pkgconfig:/home/msi/caato2_ws/install/rosserial_client/lib/x86_64-linux-gnu/pkgconfig:/home/msi/caato2_ws/install/rosserial_client/lib/pkgconfig:/home/msi/caato2_ws/install/rosserial_msgs/lib/x86_64-linux-gnu/pkgconfig:/home/msi/caato2_ws/install/rosserial_msgs/lib/pkgconfig:${PKG_CONFIG_PATH} PYTHONPATH=/home/msi/caato2_ws/install/rosserial_python/lib/python3/dist-packages:/home/msi/caato2_ws/install/rosserial_client/lib/python3/dist-packages:/home/msi/caato2_ws/install/rosserial_msgs/lib/python3/dist-packages:${PYTHONPATH} ROS_PACKAGE_PATH=/home/msi/caato2_ws/install/rosserial_python/share:/home/msi/caato2_ws/install/rosserial_client/share:/home/msi/caato2_ws/install/rosserial_msgs/share:${ROS_PACKAGE_PATH} /usr/bin/cmake --build /home/msi/caato2_ws/build/rosserial_vex_cortex --target tests -- -j20 -l20
[0.261s] Built target tests
[0.299s] Invoked command in '/home/msi/caato2_ws/build/rosserial_vex_cortex' returned '0': CMAKE_PREFIX_PATH=/home/msi/caato2_ws/install/rosserial_python:/home/msi/caato2_ws/install/rosserial_client:/home/msi/caato2_ws/install/rosserial_msgs:${CMAKE_PREFIX_PATH} PKG_CONFIG_PATH=/home/msi/caato2_ws/install/rosserial_python/lib/x86_64-linux-gnu/pkgconfig:/home/msi/caato2_ws/install/rosserial_python/lib/pkgconfig:/home/msi/caato2_ws/install/rosserial_client/lib/x86_64-linux-gnu/pkgconfig:/home/msi/caato2_ws/install/rosserial_client/lib/pkgconfig:/home/msi/caato2_ws/install/rosserial_msgs/lib/x86_64-linux-gnu/pkgconfig:/home/msi/caato2_ws/install/rosserial_msgs/lib/pkgconfig:${PKG_CONFIG_PATH} PYTHONPATH=/home/msi/caato2_ws/install/rosserial_python/lib/python3/dist-packages:/home/msi/caato2_ws/install/rosserial_client/lib/python3/dist-packages:/home/msi/caato2_ws/install/rosserial_msgs/lib/python3/dist-packages:${PYTHONPATH} ROS_PACKAGE_PATH=/home/msi/caato2_ws/install/rosserial_python/share:/home/msi/caato2_ws/install/rosserial_client/share:/home/msi/caato2_ws/install/rosserial_msgs/share:${ROS_PACKAGE_PATH} /usr/bin/cmake --build /home/msi/caato2_ws/build/rosserial_vex_cortex --target tests -- -j20 -l20
[0.353s] Invoking command in '/home/msi/caato2_ws/build/rosserial_vex_cortex': CMAKE_PREFIX_PATH=/home/msi/caato2_ws/install/rosserial_python:/home/msi/caato2_ws/install/rosserial_client:/home/msi/caato2_ws/install/rosserial_msgs:${CMAKE_PREFIX_PATH} PKG_CONFIG_PATH=/home/msi/caato2_ws/install/rosserial_python/lib/x86_64-linux-gnu/pkgconfig:/home/msi/caato2_ws/install/rosserial_python/lib/pkgconfig:/home/msi/caato2_ws/install/rosserial_client/lib/x86_64-linux-gnu/pkgconfig:/home/msi/caato2_ws/install/rosserial_client/lib/pkgconfig:/home/msi/caato2_ws/install/rosserial_msgs/lib/x86_64-linux-gnu/pkgconfig:/home/msi/caato2_ws/install/rosserial_msgs/lib/pkgconfig:${PKG_CONFIG_PATH} PYTHONPATH=/home/msi/caato2_ws/install/rosserial_python/lib/python3/dist-packages:/home/msi/caato2_ws/install/rosserial_client/lib/python3/dist-packages:/home/msi/caato2_ws/install/rosserial_msgs/lib/python3/dist-packages:${PYTHONPATH} ROS_PACKAGE_PATH=/home/msi/caato2_ws/install/rosserial_python/share:/home/msi/caato2_ws/install/rosserial_client/share:/home/msi/caato2_ws/install/rosserial_msgs/share:${ROS_PACKAGE_PATH} /usr/bin/cmake --install /home/msi/caato2_ws/build/rosserial_vex_cortex
[0.368s] -- Install configuration: ""
[0.369s] + cd /home/msi/caato2_ws/src/thirdparty/rosserial/rosserial_vex_cortex
[0.369s] + mkdir -p /home/msi/caato2_ws/install/rosserial_vex_cortex/lib/python3/dist-packages
[0.370s] + /usr/bin/env PYTHONPATH=/home/msi/caato2_ws/install/rosserial_vex_cortex/lib/python3/dist-packages:/home/msi/caato2_ws/build/rosserial_vex_cortex/lib/python3/dist-packages:/home/msi/caato2_ws/install/rosserial_python/lib/python3/dist-packages:/home/msi/caato2_ws/install/rosserial_client/lib/python3/dist-packages:/home/msi/caato2_ws/install/rosserial_msgs/lib/python3/dist-packages:/opt/ros/noetic/lib/python3/dist-packages CATKIN_BINARY_DIR=/home/msi/caato2_ws/build/rosserial_vex_cortex /usr/bin/python3 /home/msi/caato2_ws/src/thirdparty/rosserial/rosserial_vex_cortex/setup.py build --build-base /home/msi/caato2_ws/build/rosserial_vex_cortex install --root=/ --install-layout=deb --prefix=/home/msi/caato2_ws/install/rosserial_vex_cortex --install-scripts=/home/msi/caato2_ws/install/rosserial_vex_cortex/bin
[0.388s] running build
[0.388s] running build_py
[0.388s] package init file 'src/rosserial_vex_cortex/__init__.py' not found (or not a regular file)
[0.388s] package init file 'src/rosserial_vex_cortex/__init__.py' not found (or not a regular file)
[0.389s] running install
[0.389s] running install_lib
[0.392s] running install_egg_info
[0.393s] Removing /home/msi/caato2_ws/install/rosserial_vex_cortex/lib/python3/dist-packages/rosserial_vex_cortex-0.9.2.egg-info
[0.393s] Writing /home/msi/caato2_ws/install/rosserial_vex_cortex/lib/python3/dist-packages/rosserial_vex_cortex-0.9.2.egg-info
[0.399s] -- Up-to-date: /home/msi/caato2_ws/install/rosserial_vex_cortex/lib/pkgconfig/rosserial_vex_cortex.pc
[0.400s] -- Up-to-date: /home/msi/caato2_ws/install/rosserial_vex_cortex/share/rosserial_vex_cortex/cmake/rosserial_vex_cortexConfig.cmake
[0.400s] -- Up-to-date: /home/msi/caato2_ws/install/rosserial_vex_cortex/share/rosserial_vex_cortex/cmake/rosserial_vex_cortexConfig-version.cmake
[0.400s] -- Up-to-date: /home/msi/caato2_ws/install/rosserial_vex_cortex/share/rosserial_vex_cortex/package.xml
[0.400s] -- Up-to-date: /home/msi/caato2_ws/install/rosserial_vex_cortex/share/rosserial_vex_cortex/src/ros_lib
[0.400s] -- Up-to-date: /home/msi/caato2_ws/install/rosserial_vex_cortex/share/rosserial_vex_cortex/src/ros_lib/opcontrol.cpp
[0.400s] -- Up-to-date: /home/msi/caato2_ws/install/rosserial_vex_cortex/share/rosserial_vex_cortex/src/ros_lib/auto.cpp
[0.401s] -- Up-to-date: /home/msi/caato2_ws/install/rosserial_vex_cortex/share/rosserial_vex_cortex/src/ros_lib/logger.h
[0.401s] -- Up-to-date: /home/msi/caato2_ws/install/rosserial_vex_cortex/share/rosserial_vex_cortex/src/ros_lib/CortexHardware.h
[0.401s] -- Up-to-date: /home/msi/caato2_ws/install/rosserial_vex_cortex/share/rosserial_vex_cortex/src/ros_lib/vexstrlen.h
[0.402s] -- Up-to-date: /home/msi/caato2_ws/install/rosserial_vex_cortex/share/rosserial_vex_cortex/src/ros_lib/examples
[0.402s] -- Up-to-date: /home/msi/caato2_ws/install/rosserial_vex_cortex/share/rosserial_vex_cortex/src/ros_lib/examples/joydrive.cpp
[0.402s] -- Up-to-date: /home/msi/caato2_ws/install/rosserial_vex_cortex/share/rosserial_vex_cortex/src/ros_lib/examples/twistdrive.cpp
[0.402s] -- Up-to-date: /home/msi/caato2_ws/install/rosserial_vex_cortex/share/rosserial_vex_cortex/src/ros_lib/examples/helloworld.cpp
[0.402s] -- Up-to-date: /home/msi/caato2_ws/install/rosserial_vex_cortex/share/rosserial_vex_cortex/src/ros_lib/ros.h
[0.402s] -- Up-to-date: /home/msi/caato2_ws/install/rosserial_vex_cortex/share/rosserial_vex_cortex/src/ros_lib/init.cpp
[0.403s] -- Up-to-date: /home/msi/caato2_ws/install/rosserial_vex_cortex/lib/rosserial_vex_cortex/genproject.sh
[0.404s] -- Up-to-date: /home/msi/caato2_ws/install/rosserial_vex_cortex/share/rosserial_vex_cortex
[0.404s] -- Up-to-date: /home/msi/caato2_ws/install/rosserial_vex_cortex/share/rosserial_vex_cortex/joystick.launch
[0.404s] -- Up-to-date: /home/msi/caato2_ws/install/rosserial_vex_cortex/share/rosserial_vex_cortex/minimal_robot.launch
[0.404s] -- Up-to-date: /home/msi/caato2_ws/install/rosserial_vex_cortex/share/rosserial_vex_cortex/hello_world.launch
[0.404s] -- Up-to-date: /home/msi/caato2_ws/install/rosserial_vex_cortex/share/rosserial_vex_cortex/make_libraries.py
[0.491s] Invoked command in '/home/msi/caato2_ws/build/rosserial_vex_cortex' returned '0': CMAKE_PREFIX_PATH=/home/msi/caato2_ws/install/rosserial_python:/home/msi/caato2_ws/install/rosserial_client:/home/msi/caato2_ws/install/rosserial_msgs:${CMAKE_PREFIX_PATH} PKG_CONFIG_PATH=/home/msi/caato2_ws/install/rosserial_python/lib/x86_64-linux-gnu/pkgconfig:/home/msi/caato2_ws/install/rosserial_python/lib/pkgconfig:/home/msi/caato2_ws/install/rosserial_client/lib/x86_64-linux-gnu/pkgconfig:/home/msi/caato2_ws/install/rosserial_client/lib/pkgconfig:/home/msi/caato2_ws/install/rosserial_msgs/lib/x86_64-linux-gnu/pkgconfig:/home/msi/caato2_ws/install/rosserial_msgs/lib/pkgconfig:${PKG_CONFIG_PATH} PYTHONPATH=/home/msi/caato2_ws/install/rosserial_python/lib/python3/dist-packages:/home/msi/caato2_ws/install/rosserial_client/lib/python3/dist-packages:/home/msi/caato2_ws/install/rosserial_msgs/lib/python3/dist-packages:${PYTHONPATH} ROS_PACKAGE_PATH=/home/msi/caato2_ws/install/rosserial_python/share:/home/msi/caato2_ws/install/rosserial_client/share:/home/msi/caato2_ws/install/rosserial_msgs/share:${ROS_PACKAGE_PATH} /usr/bin/cmake --install /home/msi/caato2_ws/build/rosserial_vex_cortex
