[0.115s] Invoking command in '/home/msi/caato2_ws/build/realsense2_camera': /usr/bin/cmake --build /home/msi/caato2_ws/build/realsense2_camera -- -j20 -l20
[0.152s] [  0%] Built target sensor_msgs_generate_messages_lisp
[0.152s] [  0%] Built target sensor_msgs_generate_messages_nodejs
[0.152s] [  0%] Built target sensor_msgs_generate_messages_py
[0.152s] [  0%] Built target sensor_msgs_generate_messages_eus
[0.153s] [  0%] Built target std_msgs_generate_messages_lisp
[0.153s] [  0%] Built target std_msgs_generate_messages_nodejs
[0.153s] [  0%] Built target std_msgs_generate_messages_cpp
[0.153s] [  0%] Built target std_msgs_generate_messages_py
[0.153s] [  0%] Built target tf_generate_messages_lisp
[0.155s] [  0%] Built target diagnostic_msgs_generate_messages_nodejs
[0.155s] [  0%] Built target diagnostic_msgs_generate_messages_eus
[0.156s] [  0%] Built target sensor_msgs_generate_messages_cpp
[0.158s] [  0%] Built target std_msgs_generate_messages_eus
[0.161s] [  0%] Built target dynamic_reconfigure_generate_messages_lisp
[0.166s] [  0%] Built target dynamic_reconfigure_generate_messages_cpp
[0.166s] [  0%] Built target tf2_msgs_generate_messages_nodejs
[0.166s] [  0%] Built target dynamic_reconfigure_gencfg
[0.166s] [  0%] Built target tf2_msgs_generate_messages_lisp
[0.174s] [  0%] Built target nav_msgs_generate_messages_eus
[0.174s] [  0%] Built target actionlib_generate_messages_cpp
[0.174s] [  0%] Built target actionlib_generate_messages_py
[0.174s] [  0%] Built target actionlib_msgs_generate_messages_py
[0.174s] [  0%] Built target tf_generate_messages_py
[0.174s] [  0%] Built target diagnostic_msgs_generate_messages_lisp
[0.174s] [  0%] Built target actionlib_msgs_generate_messages_nodejs
[0.175s] [  0%] Built target rosgraph_msgs_generate_messages_nodejs
[0.175s] [  0%] Built target tf2_msgs_generate_messages_cpp
[0.177s] [  0%] Built target tf_generate_messages_nodejs
[0.180s] [  0%] Built target actionlib_msgs_generate_messages_lisp
[0.180s] [  0%] Built target tf_generate_messages_cpp
[0.180s] [  0%] Built target roscpp_generate_messages_eus
[0.180s] [  0%] Built target actionlib_generate_messages_nodejs
[0.183s] [  0%] Built target geometry_msgs_generate_messages_lisp
[0.187s] [  0%] Built target _catkin_empty_exported_target
[0.187s] [  0%] Built target _realsense2_camera_generate_messages_check_deps_Extrinsics
[0.187s] [  0%] Built target actionlib_generate_messages_lisp
[0.190s] [  0%] Built target _realsense2_camera_generate_messages_check_deps_IMUInfo
[0.195s] [  0%] Built target roscpp_generate_messages_lisp
[0.195s] [  0%] Built target nodelet_generate_messages_lisp
[0.195s] [  0%] Built target geometry_msgs_generate_messages_eus
[0.196s] [  0%] Built target dynamic_reconfigure_generate_messages_py
[0.196s] [  0%] Built target rosgraph_msgs_generate_messages_lisp
[0.196s] [  0%] Built target actionlib_msgs_generate_messages_eus
[0.200s] [  0%] Built target diagnostic_msgs_generate_messages_cpp
[0.200s] [  0%] Built target rosgraph_msgs_generate_messages_py
[0.200s] [  0%] Built target tf_generate_messages_eus
[0.203s] [  0%] Built target actionlib_msgs_generate_messages_cpp
[0.203s] [  0%] Built target geometry_msgs_generate_messages_py
[0.203s] [  0%] Built target dynamic_reconfigure_generate_messages_eus
[0.207s] [  0%] Built target tf2_msgs_generate_messages_eus
[0.208s] [  0%] Built target std_srvs_generate_messages_cpp
[0.208s] [  0%] Built target geometry_msgs_generate_messages_nodejs
[0.218s] [  0%] Built target geometry_msgs_generate_messages_cpp
[0.220s] [  0%] Built target roscpp_generate_messages_cpp
[0.223s] [  0%] Built target nav_msgs_generate_messages_cpp
[0.224s] [  0%] Built target nav_msgs_generate_messages_lisp
[0.225s] [  0%] Built target roscpp_generate_messages_nodejs
[0.226s] [  0%] Built target roscpp_generate_messages_py
[0.226s] [  0%] Built target rosgraph_msgs_generate_messages_eus
[0.227s] [  0%] Built target rosgraph_msgs_generate_messages_cpp
[0.227s] [  0%] Built target std_srvs_generate_messages_py
[0.227s] [  0%] Built target actionlib_generate_messages_eus
[0.234s] [  0%] Built target diagnostic_msgs_generate_messages_py
[0.236s] [  0%] Built target bond_generate_messages_lisp
[0.238s] [  0%] Built target dynamic_reconfigure_generate_messages_nodejs
[0.239s] [  0%] Built target nav_msgs_generate_messages_nodejs
[0.246s] [  0%] Built target bond_generate_messages_cpp
[0.246s] [  0%] Built target bond_generate_messages_eus
[0.246s] [  0%] Built target std_srvs_generate_messages_eus
[0.247s] [  0%] Built target nodelet_generate_messages_cpp
[0.247s] [  0%] Built target std_srvs_generate_messages_lisp
[0.247s] [  0%] Built target tf2_msgs_generate_messages_py
[0.249s] [  0%] Built target nodelet_generate_messages_nodejs
[0.250s] [  0%] Built target nodelet_generate_messages_eus
[0.250s] [  0%] Built target bond_generate_messages_nodejs
[0.256s] [  0%] Built target std_srvs_generate_messages_nodejs
[0.256s] [  0%] Built target bond_generate_messages_py
[0.256s] [  0%] Built target nodelet_generate_messages_py
[0.257s] [ 12%] Built target realsense2_camera_generate_messages_nodejs
[0.258s] [ 12%] Built target nav_msgs_generate_messages_py
[0.260s] [ 31%] Built target realsense2_camera_generate_messages_py
[0.261s] [ 43%] Built target realsense2_camera_generate_messages_cpp
[0.264s] [ 56%] Built target realsense2_camera_generate_messages_lisp
[0.265s] [ 75%] Built target realsense2_camera_generate_messages_eus
[0.284s] [ 75%] Built target realsense2_camera_generate_messages
[0.295s] [100%] Built target realsense2_camera
[0.373s] Invoked command in '/home/msi/caato2_ws/build/realsense2_camera' returned '0': /usr/bin/cmake --build /home/msi/caato2_ws/build/realsense2_camera -- -j20 -l20
[0.465s] Invoking command in '/home/msi/caato2_ws/build/realsense2_camera': /usr/bin/cmake --build /home/msi/caato2_ws/build/realsense2_camera --target tests -- -j20 -l20
[0.551s] Built target tests
[0.578s] Invoked command in '/home/msi/caato2_ws/build/realsense2_camera' returned '0': /usr/bin/cmake --build /home/msi/caato2_ws/build/realsense2_camera --target tests -- -j20 -l20
[0.664s] Invoking command in '/home/msi/caato2_ws/build/realsense2_camera': /usr/bin/cmake --install /home/msi/caato2_ws/build/realsense2_camera
[0.686s] -- Install configuration: "Release"
[0.686s] -- Up-to-date: /home/msi/caato2_ws/install/realsense2_camera/share/realsense2_camera/msg/IMUInfo.msg
[0.687s] -- Up-to-date: /home/msi/caato2_ws/install/realsense2_camera/share/realsense2_camera/msg/Extrinsics.msg
[0.688s] -- Up-to-date: /home/msi/caato2_ws/install/realsense2_camera/share/realsense2_camera/cmake/realsense2_camera-msg-paths.cmake
[0.688s] -- Up-to-date: /home/msi/caato2_ws/install/realsense2_camera/include/realsense2_camera
[0.689s] -- Up-to-date: /home/msi/caato2_ws/install/realsense2_camera/include/realsense2_camera/IMUInfo.h
[0.689s] -- Up-to-date: /home/msi/caato2_ws/install/realsense2_camera/include/realsense2_camera/Extrinsics.h
[0.691s] -- Up-to-date: /home/msi/caato2_ws/install/realsense2_camera/share/roseus/ros/realsense2_camera
[0.691s] -- Up-to-date: /home/msi/caato2_ws/install/realsense2_camera/share/roseus/ros/realsense2_camera/msg
[0.691s] -- Up-to-date: /home/msi/caato2_ws/install/realsense2_camera/share/roseus/ros/realsense2_camera/msg/IMUInfo.l
[0.691s] -- Up-to-date: /home/msi/caato2_ws/install/realsense2_camera/share/roseus/ros/realsense2_camera/msg/Extrinsics.l
[0.692s] -- Up-to-date: /home/msi/caato2_ws/install/realsense2_camera/share/roseus/ros/realsense2_camera/manifest.l
[0.692s] -- Up-to-date: /home/msi/caato2_ws/install/realsense2_camera/share/common-lisp/ros/realsense2_camera
[0.692s] -- Up-to-date: /home/msi/caato2_ws/install/realsense2_camera/share/common-lisp/ros/realsense2_camera/msg
[0.692s] -- Up-to-date: /home/msi/caato2_ws/install/realsense2_camera/share/common-lisp/ros/realsense2_camera/msg/_package_Extrinsics.lisp
[0.692s] -- Up-to-date: /home/msi/caato2_ws/install/realsense2_camera/share/common-lisp/ros/realsense2_camera/msg/_package.lisp
[0.693s] -- Up-to-date: /home/msi/caato2_ws/install/realsense2_camera/share/common-lisp/ros/realsense2_camera/msg/realsense2_camera-msg.asd
[0.694s] -- Up-to-date: /home/msi/caato2_ws/install/realsense2_camera/share/common-lisp/ros/realsense2_camera/msg/_package_IMUInfo.lisp
[0.694s] -- Up-to-date: /home/msi/caato2_ws/install/realsense2_camera/share/common-lisp/ros/realsense2_camera/msg/Extrinsics.lisp
[0.694s] -- Up-to-date: /home/msi/caato2_ws/install/realsense2_camera/share/common-lisp/ros/realsense2_camera/msg/IMUInfo.lisp
[0.694s] -- Up-to-date: /home/msi/caato2_ws/install/realsense2_camera/share/gennodejs/ros/realsense2_camera
[0.694s] -- Up-to-date: /home/msi/caato2_ws/install/realsense2_camera/share/gennodejs/ros/realsense2_camera/_index.js
[0.695s] -- Up-to-date: /home/msi/caato2_ws/install/realsense2_camera/share/gennodejs/ros/realsense2_camera/msg
[0.695s] -- Up-to-date: /home/msi/caato2_ws/install/realsense2_camera/share/gennodejs/ros/realsense2_camera/msg/IMUInfo.js
[0.695s] -- Up-to-date: /home/msi/caato2_ws/install/realsense2_camera/share/gennodejs/ros/realsense2_camera/msg/_index.js
[0.696s] -- Up-to-date: /home/msi/caato2_ws/install/realsense2_camera/share/gennodejs/ros/realsense2_camera/msg/Extrinsics.js
[0.701s] Listing '/home/msi/caato2_ws/build/realsense2_camera/devel/lib/python3/dist-packages/realsense2_camera'...
[0.701s] Listing '/home/msi/caato2_ws/build/realsense2_camera/devel/lib/python3/dist-packages/realsense2_camera/msg'...
[0.701s] -- Up-to-date: /home/msi/caato2_ws/install/realsense2_camera/lib/python3/dist-packages/realsense2_camera
[0.701s] -- Up-to-date: /home/msi/caato2_ws/install/realsense2_camera/lib/python3/dist-packages/realsense2_camera/msg
[0.702s] -- Up-to-date: /home/msi/caato2_ws/install/realsense2_camera/lib/python3/dist-packages/realsense2_camera/msg/_Extrinsics.py
[0.702s] -- Up-to-date: /home/msi/caato2_ws/install/realsense2_camera/lib/python3/dist-packages/realsense2_camera/msg/__init__.py
[0.702s] -- Up-to-date: /home/msi/caato2_ws/install/realsense2_camera/lib/python3/dist-packages/realsense2_camera/msg/__pycache__
[0.702s] -- Up-to-date: /home/msi/caato2_ws/install/realsense2_camera/lib/python3/dist-packages/realsense2_camera/msg/__pycache__/__init__.cpython-38.pyc
[0.702s] -- Up-to-date: /home/msi/caato2_ws/install/realsense2_camera/lib/python3/dist-packages/realsense2_camera/msg/__pycache__/_IMUInfo.cpython-38.pyc
[0.702s] -- Up-to-date: /home/msi/caato2_ws/install/realsense2_camera/lib/python3/dist-packages/realsense2_camera/msg/__pycache__/_Extrinsics.cpython-38.pyc
[0.702s] -- Up-to-date: /home/msi/caato2_ws/install/realsense2_camera/lib/python3/dist-packages/realsense2_camera/msg/_IMUInfo.py
[0.703s] -- Up-to-date: /home/msi/caato2_ws/install/realsense2_camera/lib/python3/dist-packages/realsense2_camera/__init__.py
[0.703s] -- Up-to-date: /home/msi/caato2_ws/install/realsense2_camera/lib/python3/dist-packages/realsense2_camera/__pycache__
[0.703s] -- Up-to-date: /home/msi/caato2_ws/install/realsense2_camera/lib/python3/dist-packages/realsense2_camera/__pycache__/__init__.cpython-38.pyc
[0.703s] -- Up-to-date: /home/msi/caato2_ws/install/realsense2_camera/lib/pkgconfig/realsense2_camera.pc
[0.703s] -- Up-to-date: /home/msi/caato2_ws/install/realsense2_camera/share/realsense2_camera/cmake/realsense2_camera-msg-extras.cmake
[0.703s] -- Up-to-date: /home/msi/caato2_ws/install/realsense2_camera/share/realsense2_camera/cmake/realsense2_cameraConfig.cmake
[0.703s] -- Up-to-date: /home/msi/caato2_ws/install/realsense2_camera/share/realsense2_camera/cmake/realsense2_cameraConfig-version.cmake
[0.703s] -- Up-to-date: /home/msi/caato2_ws/install/realsense2_camera/share/realsense2_camera/package.xml
[0.704s] -- Up-to-date: /home/msi/caato2_ws/install/realsense2_camera/lib/librealsense2_camera.so
[0.704s] -- Up-to-date: /home/msi/caato2_ws/install/realsense2_camera/include/realsense2_camera
[0.704s] -- Up-to-date: /home/msi/caato2_ws/install/realsense2_camera/include/realsense2_camera/t265_realsense_node.h
[0.704s] -- Up-to-date: /home/msi/caato2_ws/install/realsense2_camera/include/realsense2_camera/realsense_node_factory.h
[0.704s] -- Up-to-date: /home/msi/caato2_ws/install/realsense2_camera/include/realsense2_camera/base_realsense_node.h
[0.704s] -- Up-to-date: /home/msi/caato2_ws/install/realsense2_camera/include/realsense2_camera/constants.h
[0.704s] -- Up-to-date: /home/msi/caato2_ws/install/realsense2_camera/share/realsense2_camera/launch
[0.705s] -- Up-to-date: /home/msi/caato2_ws/install/realsense2_camera/share/realsense2_camera/launch/includes
[0.705s] -- Up-to-date: /home/msi/caato2_ws/install/realsense2_camera/share/realsense2_camera/launch/includes/nodelet.launch.xml
[0.705s] -- Up-to-date: /home/msi/caato2_ws/install/realsense2_camera/share/realsense2_camera/launch/rs_from_file.launch
[0.705s] -- Up-to-date: /home/msi/caato2_ws/install/realsense2_camera/share/realsense2_camera/launch/rs_d435_camera_with_model.launch
[0.705s] -- Up-to-date: /home/msi/caato2_ws/install/realsense2_camera/share/realsense2_camera/launch/rs_d400_and_t265.launch
[0.705s] -- Up-to-date: /home/msi/caato2_ws/install/realsense2_camera/share/realsense2_camera/launch/rs_rgbd.launch
[0.706s] -- Up-to-date: /home/msi/caato2_ws/install/realsense2_camera/share/realsense2_camera/launch/rs_rtabmap.launch
[0.706s] -- Up-to-date: /home/msi/caato2_ws/install/realsense2_camera/share/realsense2_camera/launch/rs_camera.launch
[0.706s] -- Up-to-date: /home/msi/caato2_ws/install/realsense2_camera/share/realsense2_camera/launch/opensource_tracking.launch
[0.706s] -- Up-to-date: /home/msi/caato2_ws/install/realsense2_camera/share/realsense2_camera/launch/demo_t265.launch
[0.706s] -- Up-to-date: /home/msi/caato2_ws/install/realsense2_camera/share/realsense2_camera/launch/rs_multiple_devices.launch
[0.706s] -- Up-to-date: /home/msi/caato2_ws/install/realsense2_camera/share/realsense2_camera/launch/demo_pointcloud.launch
[0.706s] -- Up-to-date: /home/msi/caato2_ws/install/realsense2_camera/share/realsense2_camera/launch/rs_aligned_depth.launch
[0.707s] -- Up-to-date: /home/msi/caato2_ws/install/realsense2_camera/share/realsense2_camera/launch/rs_t265.launch
[0.707s] -- Up-to-date: /home/msi/caato2_ws/install/realsense2_camera/share/realsense2_camera/rviz
[0.707s] -- Up-to-date: /home/msi/caato2_ws/install/realsense2_camera/share/realsense2_camera/rviz/t265.rviz
[0.707s] -- Up-to-date: /home/msi/caato2_ws/install/realsense2_camera/share/realsense2_camera/rviz/pointcloud.rviz
[0.707s] -- Up-to-date: /home/msi/caato2_ws/install/realsense2_camera/share/realsense2_camera/nodelet_plugins.xml
[0.728s] Invoked command in '/home/msi/caato2_ws/build/realsense2_camera' returned '0': /usr/bin/cmake --install /home/msi/caato2_ws/build/realsense2_camera
