[0.185s] Invoking command in '/home/msi/caato2_ws/build/realsense2_camera': /usr/bin/cmake --build /home/msi/caato2_ws/build/realsense2_camera -- -j20 -l20
[0.246s] [  0%] Built target std_msgs_generate_messages_lisp
[0.246s] [  0%] Built target sensor_msgs_generate_messages_nodejs
[0.246s] [  0%] Built target sensor_msgs_generate_messages_lisp
[0.246s] [  0%] Built target std_msgs_generate_messages_eus
[0.246s] [  0%] Built target sensor_msgs_generate_messages_cpp
[0.246s] [  0%] Built target tf_generate_messages_lisp
[0.246s] [  0%] Built target diagnostic_msgs_generate_messages_nodejs
[0.246s] [  0%] Built target std_msgs_generate_messages_cpp
[0.246s] [  0%] Built target std_msgs_generate_messages_nodejs
[0.248s] [  0%] Built target sensor_msgs_generate_messages_py
[0.248s] [  0%] Built target diagnostic_msgs_generate_messages_eus
[0.249s] [  0%] Built target dynamic_reconfigure_gencfg
[0.251s] [  0%] Built target tf2_msgs_generate_messages_nodejs
[0.252s] [  0%] Built target dynamic_reconfigure_generate_messages_lisp
[0.252s] [  0%] Built target std_msgs_generate_messages_py
[0.252s] [  0%] Built target tf2_msgs_generate_messages_lisp
[0.252s] [  0%] Built target dynamic_reconfigure_generate_messages_cpp
[0.252s] [  0%] Built target sensor_msgs_generate_messages_eus
[0.257s] [  0%] Built target tf2_msgs_generate_messages_cpp
[0.257s] [  0%] Built target actionlib_generate_messages_cpp
[0.257s] [  0%] Built target actionlib_generate_messages_nodejs
[0.258s] [  0%] Built target actionlib_generate_messages_py
[0.258s] [  0%] Built target diagnostic_msgs_generate_messages_lisp
[0.258s] [  0%] Built target actionlib_msgs_generate_messages_py
[0.259s] [  0%] Built target rosgraph_msgs_generate_messages_nodejs
[0.259s] [  0%] Built target roscpp_generate_messages_eus
[0.259s] [  0%] Built target tf_generate_messages_py
[0.266s] [  0%] Built target actionlib_msgs_generate_messages_nodejs
[0.266s] [  0%] Built target tf_generate_messages_cpp
[0.266s] [  0%] Built target actionlib_msgs_generate_messages_lisp
[0.266s] [  0%] Built target actionlib_generate_messages_lisp
[0.266s] [  0%] Built target _catkin_empty_exported_target
[0.266s] [  0%] Built target tf_generate_messages_nodejs
[0.267s] [  0%] Built target roscpp_generate_messages_lisp
[0.267s] [  0%] Built target nav_msgs_generate_messages_eus
[0.271s] [  0%] Built target geometry_msgs_generate_messages_lisp
[0.280s] [  0%] Built target _realsense2_camera_generate_messages_check_deps_Extrinsics
[0.289s] [  0%] Built target nodelet_generate_messages_lisp
[0.290s] [  0%] Built target _realsense2_camera_generate_messages_check_deps_IMUInfo
[0.290s] [  0%] Built target geometry_msgs_generate_messages_eus
[0.290s] [  0%] Built target dynamic_reconfigure_generate_messages_py
[0.290s] [  0%] Built target actionlib_msgs_generate_messages_eus
[0.291s] [  0%] Built target tf_generate_messages_eus
[0.291s] [  0%] Built target rosgraph_msgs_generate_messages_lisp
[0.292s] [  0%] Built target diagnostic_msgs_generate_messages_cpp
[0.292s] [  0%] Built target rosgraph_msgs_generate_messages_py
[0.292s] [  0%] Built target std_srvs_generate_messages_cpp
[0.293s] [  0%] Built target geometry_msgs_generate_messages_py
[0.300s] [  0%] Built target actionlib_msgs_generate_messages_cpp
[0.303s] [  0%] Built target tf2_msgs_generate_messages_eus
[0.317s] [  0%] Built target dynamic_reconfigure_generate_messages_eus
[0.318s] [  0%] Built target geometry_msgs_generate_messages_nodejs
[0.319s] [  0%] Built target geometry_msgs_generate_messages_cpp
[0.320s] [  0%] Built target roscpp_generate_messages_cpp
[0.320s] [  0%] Built target nav_msgs_generate_messages_cpp
[0.323s] [  0%] Built target roscpp_generate_messages_py
[0.323s] [  0%] Built target roscpp_generate_messages_nodejs
[0.325s] [  0%] Built target nav_msgs_generate_messages_lisp
[0.332s] [  0%] Built target rosgraph_msgs_generate_messages_cpp
[0.332s] [  0%] Built target actionlib_generate_messages_eus
[0.332s] [  0%] Built target diagnostic_msgs_generate_messages_py
[0.333s] [  0%] Built target rosgraph_msgs_generate_messages_eus
[0.336s] [  0%] Built target nav_msgs_generate_messages_nodejs
[0.337s] [  0%] Built target bond_generate_messages_lisp
[0.340s] [  0%] Built target std_srvs_generate_messages_py
[0.351s] [  0%] Built target dynamic_reconfigure_generate_messages_nodejs
[0.357s] [  0%] Built target bond_generate_messages_cpp
[0.357s] [  0%] Built target tf2_msgs_generate_messages_py
[0.357s] [  0%] Built target nodelet_generate_messages_cpp
[0.357s] [  0%] Built target std_srvs_generate_messages_eus
[0.359s] [  0%] Built target std_srvs_generate_messages_lisp
[0.359s] [  0%] Built target bond_generate_messages_eus
[0.360s] [  0%] Built target nodelet_generate_messages_nodejs
[0.362s] [  0%] Built target nodelet_generate_messages_eus
[0.369s] [  0%] Built target bond_generate_messages_nodejs
[0.370s] [  0%] Built target bond_generate_messages_py
[0.370s] [ 12%] Built target realsense2_camera_generate_messages_nodejs
[0.371s] [ 12%] Built target std_srvs_generate_messages_nodejs
[0.374s] [ 31%] Built target realsense2_camera_generate_messages_eus
[0.374s] [ 31%] Built target nodelet_generate_messages_py
[0.374s] [ 31%] Built target nav_msgs_generate_messages_py
[0.377s] [ 43%] Built target realsense2_camera_generate_messages_lisp
[0.378s] [ 56%] Built target realsense2_camera_generate_messages_cpp
[0.391s] [ 75%] Built target realsense2_camera_generate_messages_py
[0.411s] [ 75%] Built target realsense2_camera_generate_messages
[0.420s] [100%] Built target realsense2_camera
[0.503s] Invoked command in '/home/msi/caato2_ws/build/realsense2_camera' returned '0': /usr/bin/cmake --build /home/msi/caato2_ws/build/realsense2_camera -- -j20 -l20
[0.692s] Invoking command in '/home/msi/caato2_ws/build/realsense2_camera': /usr/bin/cmake --build /home/msi/caato2_ws/build/realsense2_camera --target tests -- -j20 -l20
[0.743s] Built target tests
[0.750s] Invoked command in '/home/msi/caato2_ws/build/realsense2_camera' returned '0': /usr/bin/cmake --build /home/msi/caato2_ws/build/realsense2_camera --target tests -- -j20 -l20
[0.885s] Invoking command in '/home/msi/caato2_ws/build/realsense2_camera': /usr/bin/cmake --install /home/msi/caato2_ws/build/realsense2_camera
[0.908s] -- Install configuration: "Release"
[0.914s] -- Up-to-date: /home/msi/caato2_ws/install/realsense2_camera/share/realsense2_camera/msg/IMUInfo.msg
[0.914s] -- Up-to-date: /home/msi/caato2_ws/install/realsense2_camera/share/realsense2_camera/msg/Extrinsics.msg
[0.916s] -- Up-to-date: /home/msi/caato2_ws/install/realsense2_camera/share/realsense2_camera/cmake/realsense2_camera-msg-paths.cmake
[0.916s] -- Up-to-date: /home/msi/caato2_ws/install/realsense2_camera/include/realsense2_camera
[0.916s] -- Up-to-date: /home/msi/caato2_ws/install/realsense2_camera/include/realsense2_camera/IMUInfo.h
[0.917s] -- Up-to-date: /home/msi/caato2_ws/install/realsense2_camera/include/realsense2_camera/Extrinsics.h
[0.917s] -- Up-to-date: /home/msi/caato2_ws/install/realsense2_camera/share/roseus/ros/realsense2_camera
[0.917s] -- Up-to-date: /home/msi/caato2_ws/install/realsense2_camera/share/roseus/ros/realsense2_camera/msg
[0.917s] -- Up-to-date: /home/msi/caato2_ws/install/realsense2_camera/share/roseus/ros/realsense2_camera/msg/IMUInfo.l
[0.917s] -- Up-to-date: /home/msi/caato2_ws/install/realsense2_camera/share/roseus/ros/realsense2_camera/msg/Extrinsics.l
[0.917s] -- Up-to-date: /home/msi/caato2_ws/install/realsense2_camera/share/roseus/ros/realsense2_camera/manifest.l
[0.918s] -- Up-to-date: /home/msi/caato2_ws/install/realsense2_camera/share/common-lisp/ros/realsense2_camera
[0.918s] -- Up-to-date: /home/msi/caato2_ws/install/realsense2_camera/share/common-lisp/ros/realsense2_camera/msg
[0.919s] -- Up-to-date: /home/msi/caato2_ws/install/realsense2_camera/share/common-lisp/ros/realsense2_camera/msg/_package_Extrinsics.lisp
[0.919s] -- Up-to-date: /home/msi/caato2_ws/install/realsense2_camera/share/common-lisp/ros/realsense2_camera/msg/_package.lisp
[0.920s] -- Up-to-date: /home/msi/caato2_ws/install/realsense2_camera/share/common-lisp/ros/realsense2_camera/msg/realsense2_camera-msg.asd
[0.922s] -- Up-to-date: /home/msi/caato2_ws/install/realsense2_camera/share/common-lisp/ros/realsense2_camera/msg/_package_IMUInfo.lisp
[0.922s] -- Up-to-date: /home/msi/caato2_ws/install/realsense2_camera/share/common-lisp/ros/realsense2_camera/msg/Extrinsics.lisp
[0.923s] -- Up-to-date: /home/msi/caato2_ws/install/realsense2_camera/share/common-lisp/ros/realsense2_camera/msg/IMUInfo.lisp
[0.923s] -- Up-to-date: /home/msi/caato2_ws/install/realsense2_camera/share/gennodejs/ros/realsense2_camera
[0.924s] -- Up-to-date: /home/msi/caato2_ws/install/realsense2_camera/share/gennodejs/ros/realsense2_camera/_index.js
[0.926s] -- Up-to-date: /home/msi/caato2_ws/install/realsense2_camera/share/gennodejs/ros/realsense2_camera/msg
[0.926s] -- Up-to-date: /home/msi/caato2_ws/install/realsense2_camera/share/gennodejs/ros/realsense2_camera/msg/IMUInfo.js
[0.926s] -- Up-to-date: /home/msi/caato2_ws/install/realsense2_camera/share/gennodejs/ros/realsense2_camera/msg/_index.js
[0.926s] -- Up-to-date: /home/msi/caato2_ws/install/realsense2_camera/share/gennodejs/ros/realsense2_camera/msg/Extrinsics.js
[0.959s] Listing '/home/msi/caato2_ws/build/realsense2_camera/devel/lib/python3/dist-packages/realsense2_camera'...
[0.961s] Listing '/home/msi/caato2_ws/build/realsense2_camera/devel/lib/python3/dist-packages/realsense2_camera/msg'...
[0.962s] -- Up-to-date: /home/msi/caato2_ws/install/realsense2_camera/lib/python3/dist-packages/realsense2_camera
[0.963s] -- Up-to-date: /home/msi/caato2_ws/install/realsense2_camera/lib/python3/dist-packages/realsense2_camera/msg
[0.963s] -- Up-to-date: /home/msi/caato2_ws/install/realsense2_camera/lib/python3/dist-packages/realsense2_camera/msg/_Extrinsics.py
[0.964s] -- Up-to-date: /home/msi/caato2_ws/install/realsense2_camera/lib/python3/dist-packages/realsense2_camera/msg/__init__.py
[0.964s] -- Up-to-date: /home/msi/caato2_ws/install/realsense2_camera/lib/python3/dist-packages/realsense2_camera/msg/__pycache__
[0.964s] -- Up-to-date: /home/msi/caato2_ws/install/realsense2_camera/lib/python3/dist-packages/realsense2_camera/msg/__pycache__/__init__.cpython-38.pyc
[0.965s] -- Up-to-date: /home/msi/caato2_ws/install/realsense2_camera/lib/python3/dist-packages/realsense2_camera/msg/__pycache__/_IMUInfo.cpython-38.pyc
[0.967s] -- Up-to-date: /home/msi/caato2_ws/install/realsense2_camera/lib/python3/dist-packages/realsense2_camera/msg/__pycache__/_Extrinsics.cpython-38.pyc
[0.968s] -- Up-to-date: /home/msi/caato2_ws/install/realsense2_camera/lib/python3/dist-packages/realsense2_camera/msg/_IMUInfo.py
[0.968s] -- Up-to-date: /home/msi/caato2_ws/install/realsense2_camera/lib/python3/dist-packages/realsense2_camera/__init__.py
[0.968s] -- Up-to-date: /home/msi/caato2_ws/install/realsense2_camera/lib/python3/dist-packages/realsense2_camera/__pycache__
[0.968s] -- Up-to-date: /home/msi/caato2_ws/install/realsense2_camera/lib/python3/dist-packages/realsense2_camera/__pycache__/__init__.cpython-38.pyc
[0.968s] -- Up-to-date: /home/msi/caato2_ws/install/realsense2_camera/lib/pkgconfig/realsense2_camera.pc
[0.968s] -- Up-to-date: /home/msi/caato2_ws/install/realsense2_camera/share/realsense2_camera/cmake/realsense2_camera-msg-extras.cmake
[0.969s] -- Up-to-date: /home/msi/caato2_ws/install/realsense2_camera/share/realsense2_camera/cmake/realsense2_cameraConfig.cmake
[0.969s] -- Up-to-date: /home/msi/caato2_ws/install/realsense2_camera/share/realsense2_camera/cmake/realsense2_cameraConfig-version.cmake
[0.970s] -- Up-to-date: /home/msi/caato2_ws/install/realsense2_camera/share/realsense2_camera/package.xml
[0.971s] -- Up-to-date: /home/msi/caato2_ws/install/realsense2_camera/lib/librealsense2_camera.so
[0.971s] -- Up-to-date: /home/msi/caato2_ws/install/realsense2_camera/include/realsense2_camera
[0.971s] -- Up-to-date: /home/msi/caato2_ws/install/realsense2_camera/include/realsense2_camera/t265_realsense_node.h
[0.971s] -- Up-to-date: /home/msi/caato2_ws/install/realsense2_camera/include/realsense2_camera/realsense_node_factory.h
[0.971s] -- Up-to-date: /home/msi/caato2_ws/install/realsense2_camera/include/realsense2_camera/base_realsense_node.h
[0.972s] -- Up-to-date: /home/msi/caato2_ws/install/realsense2_camera/include/realsense2_camera/constants.h
[0.972s] -- Up-to-date: /home/msi/caato2_ws/install/realsense2_camera/share/realsense2_camera/launch
[0.972s] -- Up-to-date: /home/msi/caato2_ws/install/realsense2_camera/share/realsense2_camera/launch/includes
[0.972s] -- Up-to-date: /home/msi/caato2_ws/install/realsense2_camera/share/realsense2_camera/launch/includes/nodelet.launch.xml
[0.972s] -- Up-to-date: /home/msi/caato2_ws/install/realsense2_camera/share/realsense2_camera/launch/rs_from_file.launch
[0.972s] -- Up-to-date: /home/msi/caato2_ws/install/realsense2_camera/share/realsense2_camera/launch/rs_d435_camera_with_model.launch
[0.972s] -- Up-to-date: /home/msi/caato2_ws/install/realsense2_camera/share/realsense2_camera/launch/rs_d400_and_t265.launch
[0.972s] -- Up-to-date: /home/msi/caato2_ws/install/realsense2_camera/share/realsense2_camera/launch/rs_rgbd.launch
[0.972s] -- Up-to-date: /home/msi/caato2_ws/install/realsense2_camera/share/realsense2_camera/launch/rs_rtabmap.launch
[0.972s] -- Up-to-date: /home/msi/caato2_ws/install/realsense2_camera/share/realsense2_camera/launch/rs_camera.launch
[0.972s] -- Up-to-date: /home/msi/caato2_ws/install/realsense2_camera/share/realsense2_camera/launch/opensource_tracking.launch
[0.972s] -- Up-to-date: /home/msi/caato2_ws/install/realsense2_camera/share/realsense2_camera/launch/demo_t265.launch
[0.973s] -- Up-to-date: /home/msi/caato2_ws/install/realsense2_camera/share/realsense2_camera/launch/rs_multiple_devices.launch
[0.973s] -- Up-to-date: /home/msi/caato2_ws/install/realsense2_camera/share/realsense2_camera/launch/demo_pointcloud.launch
[0.973s] -- Up-to-date: /home/msi/caato2_ws/install/realsense2_camera/share/realsense2_camera/launch/rs_aligned_depth.launch
[0.973s] -- Up-to-date: /home/msi/caato2_ws/install/realsense2_camera/share/realsense2_camera/launch/rs_t265.launch
[0.975s] -- Up-to-date: /home/msi/caato2_ws/install/realsense2_camera/share/realsense2_camera/rviz
[0.975s] -- Up-to-date: /home/msi/caato2_ws/install/realsense2_camera/share/realsense2_camera/rviz/t265.rviz
[0.975s] -- Up-to-date: /home/msi/caato2_ws/install/realsense2_camera/share/realsense2_camera/rviz/pointcloud.rviz
[0.975s] -- Up-to-date: /home/msi/caato2_ws/install/realsense2_camera/share/realsense2_camera/nodelet_plugins.xml
[0.983s] Invoked command in '/home/msi/caato2_ws/build/realsense2_camera' returned '0': /usr/bin/cmake --install /home/msi/caato2_ws/build/realsense2_camera
