-- The C compiler identification is GNU 8.4.0
-- The CXX compiler identification is GNU 8.4.0
-- Check for working C compiler: /usr/bin/cc
-- Check for working C compiler: /usr/bin/cc -- works
-- Detecting C compiler ABI info
-- Detecting C compiler ABI info - done
-- Detecting C compile features
-- Detecting C compile features - done
-- Check for working CXX compiler: /usr/bin/c++
-- Check for working CXX compiler: /usr/bin/c++ -- works
-- Detecting CXX compiler ABI info
-- Detecting CXX compiler ABI info - done
-- Detecting CXX compile features
-- Detecting CXX compile features - done
-- Using CATKIN_DEVEL_PREFIX: /home/msi/caato2_ws/build/xnergy_charger_rcu/devel
-- Using CMAKE_PREFIX_PATH: /opt/ros/noetic
-- This workspace overlays: /opt/ros/noetic
-- Found PythonInterp: /usr/bin/python3 (found suitable version "3.8.10", minimum required is "3") 
-- Using PYTHON_EXECUTABLE: /usr/bin/python3
-- Using Debian Python package layout
-- Found PY_em: /usr/lib/python3/dist-packages/em.py  
-- Using empy: /usr/lib/python3/dist-packages/em.py
-- Using CATKIN_ENABLE_TESTING: ON
-- Call enable_testing()
-- Using CATKIN_TEST_RESULTS_DIR: /home/msi/caato2_ws/build/xnergy_charger_rcu/test_results
-- Forcing gtest/gmock from source, though one was otherwise available.
-- Found gtest sources under '/usr/src/googletest': gtests will be built
-- Found gmock sources under '/usr/src/googletest': gmock will be built
-- Found PythonInterp: /usr/bin/python3 (found version "3.8.10") 
-- Found Threads: TRUE  
-- Using Python nosetests: /usr/bin/nosetests3
-- catkin 0.8.10
-- BUILD_SHARED_LIBS is on
-- Using these message generators: gencpp;geneus;genlisp;gennodejs;genpy
-- Generating .msg files for action xnergy_charger_rcu/Charge /home/msi/caato2_ws/src/siot/xnergy_charger_rcu/action/Charge.action
Generating for action Charge
-- xnergy_charger_rcu: 8 messages, 0 services
-- Installing devel-space wrapper /home/msi/caato2_ws/src/siot/xnergy_charger_rcu/src/xnergy_charger_rcu/xnergy_charger_node.py to /home/msi/caato2_ws/build/xnergy_charger_rcu/devel/lib/xnergy_charger_rcu
-- Configuring done
-- Generating done
-- Build files have been written to: /home/msi/caato2_ws/build/xnergy_charger_rcu
[35m[1mScanning dependencies of target _xnergy_charger_rcu_generate_messages_check_deps_ChargeActionResult[0m
[35m[1mScanning dependencies of target _xnergy_charger_rcu_generate_messages_check_deps_ChargeFeedback[0m
[35m[1mScanning dependencies of target std_msgs_generate_messages_py[0m
[35m[1mScanning dependencies of target _xnergy_charger_rcu_generate_messages_check_deps_ChargeResult[0m
[  0%] Built target std_msgs_generate_messages_py
[35m[1mScanning dependencies of target _xnergy_charger_rcu_generate_messages_check_deps_ChargeActionGoal[0m
[35m[1mScanning dependencies of target _xnergy_charger_rcu_generate_messages_check_deps_ChargeGoal[0m
[35m[1mScanning dependencies of target _xnergy_charger_rcu_generate_messages_check_deps_ChargerState[0m
[35m[1mScanning dependencies of target actionlib_msgs_generate_messages_py[0m
[35m[1mScanning dependencies of target sensor_msgs_generate_messages_py[0m
[35m[1mScanning dependencies of target _xnergy_charger_rcu_generate_messages_check_deps_ChargeAction[0m
[35m[1mScanning dependencies of target std_msgs_generate_messages_nodejs[0m
[  0%] Built target _xnergy_charger_rcu_generate_messages_check_deps_ChargeActionResult
[35m[1mScanning dependencies of target actionlib_msgs_generate_messages_nodejs[0m
[35m[1mScanning dependencies of target _xnergy_charger_rcu_generate_messages_check_deps_ChargeActionFeedback[0m
[  0%] Built target _xnergy_charger_rcu_generate_messages_check_deps_ChargeFeedback
[  0%] Built target _xnergy_charger_rcu_generate_messages_check_deps_ChargeResult
[  0%] Built target _xnergy_charger_rcu_generate_messages_check_deps_ChargeActionGoal
[  0%] Built target _xnergy_charger_rcu_generate_messages_check_deps_ChargeGoal
[  0%] Built target actionlib_msgs_generate_messages_py
[  0%] Built target _xnergy_charger_rcu_generate_messages_check_deps_ChargerState
[  0%] Built target std_msgs_generate_messages_nodejs
[  0%] Built target sensor_msgs_generate_messages_py
[  0%] Built target actionlib_msgs_generate_messages_nodejs
[  0%] Built target _xnergy_charger_rcu_generate_messages_check_deps_ChargeAction
[35m[1mScanning dependencies of target actionlib_msgs_generate_messages_eus[0m
[  0%] Built target _xnergy_charger_rcu_generate_messages_check_deps_ChargeActionFeedback
[35m[1mScanning dependencies of target sensor_msgs_generate_messages_nodejs[0m
[35m[1mScanning dependencies of target std_msgs_generate_messages_eus[0m
[35m[1mScanning dependencies of target sensor_msgs_generate_messages_eus[0m
[35m[1mScanning dependencies of target std_msgs_generate_messages_cpp[0m
[  0%] Built target actionlib_msgs_generate_messages_eus
[  0%] Built target sensor_msgs_generate_messages_nodejs
[  0%] Built target sensor_msgs_generate_messages_eus
[  0%] Built target std_msgs_generate_messages_cpp
[  0%] Built target std_msgs_generate_messages_eus
[35m[1mScanning dependencies of target sensor_msgs_generate_messages_cpp[0m
[35m[1mScanning dependencies of target actionlib_msgs_generate_messages_cpp[0m
[35m[1mScanning dependencies of target actionlib_msgs_generate_messages_lisp[0m
[35m[1mScanning dependencies of target std_msgs_generate_messages_lisp[0m
[35m[1mScanning dependencies of target sensor_msgs_generate_messages_lisp[0m
[  0%] Built target sensor_msgs_generate_messages_cpp
[  0%] Built target actionlib_msgs_generate_messages_cpp
[  0%] Built target std_msgs_generate_messages_lisp
[  0%] Built target actionlib_msgs_generate_messages_lisp
[35m[1mScanning dependencies of target xnergy_charger_rcu_generate_messages_cpp[0m
[  0%] Built target sensor_msgs_generate_messages_lisp
[35m[1mScanning dependencies of target xnergy_charger_rcu_generate_messages_nodejs[0m
[35m[1mScanning dependencies of target xnergy_charger_rcu_generate_messages_eus[0m
[35m[1mScanning dependencies of target xnergy_charger_rcu_generate_messages_py[0m
[  2%] [34m[1mGenerating C++ code from xnergy_charger_rcu/ChargerState.msg[0m
[  4%] [34m[1mGenerating C++ code from xnergy_charger_rcu/ChargeActionResult.msg[0m
[  7%] [34m[1mGenerating C++ code from xnergy_charger_rcu/ChargeAction.msg[0m
[  9%] [34m[1mGenerating C++ code from xnergy_charger_rcu/ChargeActionGoal.msg[0m
[35m[1mScanning dependencies of target xnergy_charger_rcu_generate_messages_lisp[0m
[ 11%] [34m[1mGenerating Javascript code from xnergy_charger_rcu/ChargerState.msg[0m
[ 19%] [34m[1mGenerating Python from MSG xnergy_charger_rcu/ChargerState[0m
[ 19%] [34m[1mGenerating Python from MSG xnergy_charger_rcu/ChargeActionGoal[0m
[ 19%] [34m[1mGenerating Javascript code from xnergy_charger_rcu/ChargeActionGoal.msg[0m
[ 21%] [34m[1mGenerating Javascript code from xnergy_charger_rcu/ChargeAction.msg[0m
[ 23%] [34m[1mGenerating C++ code from xnergy_charger_rcu/ChargeActionFeedback.msg[0m
[ 26%] [34m[1mGenerating Javascript code from xnergy_charger_rcu/ChargeActionResult.msg[0m
[ 28%] [34m[1mGenerating Python from MSG xnergy_charger_rcu/ChargeAction[0m
[ 30%] [34m[1mGenerating Python from MSG xnergy_charger_rcu/ChargeActionResult[0m
[ 33%] [34m[1mGenerating EusLisp code from xnergy_charger_rcu/ChargerState.msg[0m
[ 35%] [34m[1mGenerating Javascript code from xnergy_charger_rcu/ChargeActionFeedback.msg[0m
[ 38%] [34m[1mGenerating EusLisp code from xnergy_charger_rcu/ChargeActionGoal.msg[0m
[ 40%] [34m[1mGenerating EusLisp code from xnergy_charger_rcu/ChargeAction.msg[0m
[ 42%] [34m[1mGenerating Lisp code from xnergy_charger_rcu/ChargerState.msg[0m
[ 45%] [34m[1mGenerating Javascript code from xnergy_charger_rcu/ChargeGoal.msg[0m
[ 47%] [34m[1mGenerating Lisp code from xnergy_charger_rcu/ChargeAction.msg[0m
[ 50%] [34m[1mGenerating EusLisp code from xnergy_charger_rcu/ChargeActionResult.msg[0m
[ 52%] [34m[1mGenerating EusLisp code from xnergy_charger_rcu/ChargeActionFeedback.msg[0m
[ 54%] [34m[1mGenerating Javascript code from xnergy_charger_rcu/ChargeResult.msg[0m
[ 57%] [34m[1mGenerating Javascript code from xnergy_charger_rcu/ChargeFeedback.msg[0m
[ 59%] [34m[1mGenerating Lisp code from xnergy_charger_rcu/ChargeActionGoal.msg[0m
[ 61%] [34m[1mGenerating Lisp code from xnergy_charger_rcu/ChargeActionResult.msg[0m
[ 64%] [34m[1mGenerating EusLisp code from xnergy_charger_rcu/ChargeGoal.msg[0m
[ 66%] [34m[1mGenerating C++ code from xnergy_charger_rcu/ChargeResult.msg[0m
[ 69%] [34m[1mGenerating C++ code from xnergy_charger_rcu/ChargeGoal.msg[0m
[ 71%] [34m[1mGenerating Lisp code from xnergy_charger_rcu/ChargeActionFeedback.msg[0m
[ 73%] [34m[1mGenerating Python from MSG xnergy_charger_rcu/ChargeActionFeedback[0m
[ 76%] [34m[1mGenerating EusLisp code from xnergy_charger_rcu/ChargeFeedback.msg[0m
[ 78%] [34m[1mGenerating EusLisp code from xnergy_charger_rcu/ChargeResult.msg[0m
[ 80%] [34m[1mGenerating Python from MSG xnergy_charger_rcu/ChargeGoal[0m
[ 83%] [34m[1mGenerating Lisp code from xnergy_charger_rcu/ChargeGoal.msg[0m
[ 85%] [34m[1mGenerating Python from MSG xnergy_charger_rcu/ChargeResult[0m
[ 85%] Built target xnergy_charger_rcu_generate_messages_nodejs
[ 88%] [34m[1mGenerating Lisp code from xnergy_charger_rcu/ChargeResult.msg[0m
[ 92%] [34m[1mGenerating C++ code from xnergy_charger_rcu/ChargeFeedback.msg[0m
[ 92%] [34m[1mGenerating EusLisp manifest code for xnergy_charger_rcu[0m
[ 95%] [34m[1mGenerating Lisp code from xnergy_charger_rcu/ChargeFeedback.msg[0m
[ 97%] [34m[1mGenerating Python from MSG xnergy_charger_rcu/ChargeFeedback[0m
[ 97%] Built target xnergy_charger_rcu_generate_messages_lisp
[ 97%] Built target xnergy_charger_rcu_generate_messages_cpp
[100%] [34m[1mGenerating Python msg __init__.py for xnergy_charger_rcu[0m
[100%] Built target xnergy_charger_rcu_generate_messages_py
[100%] Built target xnergy_charger_rcu_generate_messages_eus
[35m[1mScanning dependencies of target xnergy_charger_rcu_generate_messages[0m
[100%] Built target xnergy_charger_rcu_generate_messages
[35m[1mScanning dependencies of target tests[0m
Built target tests
-- Install configuration: ""
+ cd /home/msi/caato2_ws/src/siot/xnergy_charger_rcu
+ mkdir -p /home/msi/caato2_ws/install/xnergy_charger_rcu/lib/python3/dist-packages
+ /usr/bin/env PYTHONPATH=/home/msi/caato2_ws/install/xnergy_charger_rcu/lib/python3/dist-packages:/home/msi/caato2_ws/build/xnergy_charger_rcu/lib/python3/dist-packages:/opt/ros/noetic/lib/python3/dist-packages CATKIN_BINARY_DIR=/home/msi/caato2_ws/build/xnergy_charger_rcu /usr/bin/python3 /home/msi/caato2_ws/src/siot/xnergy_charger_rcu/setup.py egg_info --egg-base /home/msi/caato2_ws/build/xnergy_charger_rcu build --build-base /home/msi/caato2_ws/build/xnergy_charger_rcu install --root=/ --install-layout=deb --prefix=/home/msi/caato2_ws/install/xnergy_charger_rcu --install-scripts=/home/msi/caato2_ws/install/xnergy_charger_rcu/bin
running egg_info
creating /home/msi/caato2_ws/build/xnergy_charger_rcu/xnergy_charger_rcu.egg-info
writing /home/msi/caato2_ws/build/xnergy_charger_rcu/xnergy_charger_rcu.egg-info/PKG-INFO
writing dependency_links to /home/msi/caato2_ws/build/xnergy_charger_rcu/xnergy_charger_rcu.egg-info/dependency_links.txt
writing top-level names to /home/msi/caato2_ws/build/xnergy_charger_rcu/xnergy_charger_rcu.egg-info/top_level.txt
writing manifest file '/home/msi/caato2_ws/build/xnergy_charger_rcu/xnergy_charger_rcu.egg-info/SOURCES.txt'
reading manifest file '/home/msi/caato2_ws/build/xnergy_charger_rcu/xnergy_charger_rcu.egg-info/SOURCES.txt'
writing manifest file '/home/msi/caato2_ws/build/xnergy_charger_rcu/xnergy_charger_rcu.egg-info/SOURCES.txt'
running build
running build_py
creating /home/msi/caato2_ws/build/xnergy_charger_rcu/lib
creating /home/msi/caato2_ws/build/xnergy_charger_rcu/lib/xnergy_charger_rcu
copying src/xnergy_charger_rcu/xnergy_charger_action_server.py -> /home/msi/caato2_ws/build/xnergy_charger_rcu/lib/xnergy_charger_rcu
copying src/xnergy_charger_rcu/rcu_gpio_adapter.py -> /home/msi/caato2_ws/build/xnergy_charger_rcu/lib/xnergy_charger_rcu
copying src/xnergy_charger_rcu/rcu_modbus_adapter.py -> /home/msi/caato2_ws/build/xnergy_charger_rcu/lib/xnergy_charger_rcu
copying src/xnergy_charger_rcu/rcu_canbus_adapter.py -> /home/msi/caato2_ws/build/xnergy_charger_rcu/lib/xnergy_charger_rcu
copying src/xnergy_charger_rcu/xnergy_ros_wrapper.py -> /home/msi/caato2_ws/build/xnergy_charger_rcu/lib/xnergy_charger_rcu
copying src/xnergy_charger_rcu/xnergy_charger_node.py -> /home/msi/caato2_ws/build/xnergy_charger_rcu/lib/xnergy_charger_rcu
copying src/xnergy_charger_rcu/__init__.py -> /home/msi/caato2_ws/build/xnergy_charger_rcu/lib/xnergy_charger_rcu
running install
running install_lib
creating /home/msi/caato2_ws/install/xnergy_charger_rcu/lib/python3/dist-packages/xnergy_charger_rcu
copying /home/msi/caato2_ws/build/xnergy_charger_rcu/lib/xnergy_charger_rcu/xnergy_charger_action_server.py -> /home/msi/caato2_ws/install/xnergy_charger_rcu/lib/python3/dist-packages/xnergy_charger_rcu
copying /home/msi/caato2_ws/build/xnergy_charger_rcu/lib/xnergy_charger_rcu/rcu_gpio_adapter.py -> /home/msi/caato2_ws/install/xnergy_charger_rcu/lib/python3/dist-packages/xnergy_charger_rcu
copying /home/msi/caato2_ws/build/xnergy_charger_rcu/lib/xnergy_charger_rcu/rcu_modbus_adapter.py -> /home/msi/caato2_ws/install/xnergy_charger_rcu/lib/python3/dist-packages/xnergy_charger_rcu
copying /home/msi/caato2_ws/build/xnergy_charger_rcu/lib/xnergy_charger_rcu/rcu_canbus_adapter.py -> /home/msi/caato2_ws/install/xnergy_charger_rcu/lib/python3/dist-packages/xnergy_charger_rcu
copying /home/msi/caato2_ws/build/xnergy_charger_rcu/lib/xnergy_charger_rcu/xnergy_ros_wrapper.py -> /home/msi/caato2_ws/install/xnergy_charger_rcu/lib/python3/dist-packages/xnergy_charger_rcu
copying /home/msi/caato2_ws/build/xnergy_charger_rcu/lib/xnergy_charger_rcu/xnergy_charger_node.py -> /home/msi/caato2_ws/install/xnergy_charger_rcu/lib/python3/dist-packages/xnergy_charger_rcu
copying /home/msi/caato2_ws/build/xnergy_charger_rcu/lib/xnergy_charger_rcu/__init__.py -> /home/msi/caato2_ws/install/xnergy_charger_rcu/lib/python3/dist-packages/xnergy_charger_rcu
byte-compiling /home/msi/caato2_ws/install/xnergy_charger_rcu/lib/python3/dist-packages/xnergy_charger_rcu/xnergy_charger_action_server.py to xnergy_charger_action_server.cpython-38.pyc
byte-compiling /home/msi/caato2_ws/install/xnergy_charger_rcu/lib/python3/dist-packages/xnergy_charger_rcu/rcu_gpio_adapter.py to rcu_gpio_adapter.cpython-38.pyc
byte-compiling /home/msi/caato2_ws/install/xnergy_charger_rcu/lib/python3/dist-packages/xnergy_charger_rcu/rcu_modbus_adapter.py to rcu_modbus_adapter.cpython-38.pyc
byte-compiling /home/msi/caato2_ws/install/xnergy_charger_rcu/lib/python3/dist-packages/xnergy_charger_rcu/rcu_canbus_adapter.py to rcu_canbus_adapter.cpython-38.pyc
byte-compiling /home/msi/caato2_ws/install/xnergy_charger_rcu/lib/python3/dist-packages/xnergy_charger_rcu/xnergy_ros_wrapper.py to xnergy_ros_wrapper.cpython-38.pyc
byte-compiling /home/msi/caato2_ws/install/xnergy_charger_rcu/lib/python3/dist-packages/xnergy_charger_rcu/xnergy_charger_node.py to xnergy_charger_node.cpython-38.pyc
byte-compiling /home/msi/caato2_ws/install/xnergy_charger_rcu/lib/python3/dist-packages/xnergy_charger_rcu/__init__.py to __init__.cpython-38.pyc
running install_egg_info
Copying /home/msi/caato2_ws/build/xnergy_charger_rcu/xnergy_charger_rcu.egg-info to /home/msi/caato2_ws/install/xnergy_charger_rcu/lib/python3/dist-packages/xnergy_charger_rcu-0.1.0.egg-info
Skipping SOURCES.txt
running install_scripts
-- Installing: /home/msi/caato2_ws/install/xnergy_charger_rcu/share/xnergy_charger_rcu/msg/ChargerState.msg
-- Installing: /home/msi/caato2_ws/install/xnergy_charger_rcu/share/xnergy_charger_rcu/action/Charge.action
-- Installing: /home/msi/caato2_ws/install/xnergy_charger_rcu/share/xnergy_charger_rcu/msg/ChargeAction.msg
-- Installing: /home/msi/caato2_ws/install/xnergy_charger_rcu/share/xnergy_charger_rcu/msg/ChargeActionGoal.msg
-- Installing: /home/msi/caato2_ws/install/xnergy_charger_rcu/share/xnergy_charger_rcu/msg/ChargeActionResult.msg
-- Installing: /home/msi/caato2_ws/install/xnergy_charger_rcu/share/xnergy_charger_rcu/msg/ChargeActionFeedback.msg
-- Installing: /home/msi/caato2_ws/install/xnergy_charger_rcu/share/xnergy_charger_rcu/msg/ChargeGoal.msg
-- Installing: /home/msi/caato2_ws/install/xnergy_charger_rcu/share/xnergy_charger_rcu/msg/ChargeResult.msg
-- Installing: /home/msi/caato2_ws/install/xnergy_charger_rcu/share/xnergy_charger_rcu/msg/ChargeFeedback.msg
-- Installing: /home/msi/caato2_ws/install/xnergy_charger_rcu/share/xnergy_charger_rcu/cmake/xnergy_charger_rcu-msg-paths.cmake
-- Installing: /home/msi/caato2_ws/install/xnergy_charger_rcu/include/xnergy_charger_rcu
-- Installing: /home/msi/caato2_ws/install/xnergy_charger_rcu/include/xnergy_charger_rcu/ChargeActionResult.h
-- Installing: /home/msi/caato2_ws/install/xnergy_charger_rcu/include/xnergy_charger_rcu/ChargeResult.h
-- Installing: /home/msi/caato2_ws/install/xnergy_charger_rcu/include/xnergy_charger_rcu/ChargeGoal.h
-- Installing: /home/msi/caato2_ws/install/xnergy_charger_rcu/include/xnergy_charger_rcu/ChargeActionGoal.h
-- Installing: /home/msi/caato2_ws/install/xnergy_charger_rcu/include/xnergy_charger_rcu/ChargeFeedback.h
-- Installing: /home/msi/caato2_ws/install/xnergy_charger_rcu/include/xnergy_charger_rcu/ChargerState.h
-- Installing: /home/msi/caato2_ws/install/xnergy_charger_rcu/include/xnergy_charger_rcu/ChargeAction.h
-- Installing: /home/msi/caato2_ws/install/xnergy_charger_rcu/include/xnergy_charger_rcu/ChargeActionFeedback.h
-- Installing: /home/msi/caato2_ws/install/xnergy_charger_rcu/share/roseus/ros/xnergy_charger_rcu
-- Installing: /home/msi/caato2_ws/install/xnergy_charger_rcu/share/roseus/ros/xnergy_charger_rcu/msg
-- Installing: /home/msi/caato2_ws/install/xnergy_charger_rcu/share/roseus/ros/xnergy_charger_rcu/msg/ChargeActionFeedback.l
-- Installing: /home/msi/caato2_ws/install/xnergy_charger_rcu/share/roseus/ros/xnergy_charger_rcu/msg/ChargeAction.l
-- Installing: /home/msi/caato2_ws/install/xnergy_charger_rcu/share/roseus/ros/xnergy_charger_rcu/msg/ChargerState.l
-- Installing: /home/msi/caato2_ws/install/xnergy_charger_rcu/share/roseus/ros/xnergy_charger_rcu/msg/ChargeFeedback.l
-- Installing: /home/msi/caato2_ws/install/xnergy_charger_rcu/share/roseus/ros/xnergy_charger_rcu/msg/ChargeActionResult.l
-- Installing: /home/msi/caato2_ws/install/xnergy_charger_rcu/share/roseus/ros/xnergy_charger_rcu/msg/ChargeActionGoal.l
-- Installing: /home/msi/caato2_ws/install/xnergy_charger_rcu/share/roseus/ros/xnergy_charger_rcu/msg/ChargeGoal.l
-- Installing: /home/msi/caato2_ws/install/xnergy_charger_rcu/share/roseus/ros/xnergy_charger_rcu/msg/ChargeResult.l
-- Installing: /home/msi/caato2_ws/install/xnergy_charger_rcu/share/roseus/ros/xnergy_charger_rcu/manifest.l
-- Installing: /home/msi/caato2_ws/install/xnergy_charger_rcu/share/common-lisp/ros/xnergy_charger_rcu
-- Installing: /home/msi/caato2_ws/install/xnergy_charger_rcu/share/common-lisp/ros/xnergy_charger_rcu/msg
-- Installing: /home/msi/caato2_ws/install/xnergy_charger_rcu/share/common-lisp/ros/xnergy_charger_rcu/msg/_package.lisp
-- Installing: /home/msi/caato2_ws/install/xnergy_charger_rcu/share/common-lisp/ros/xnergy_charger_rcu/msg/_package_ChargerState.lisp
-- Installing: /home/msi/caato2_ws/install/xnergy_charger_rcu/share/common-lisp/ros/xnergy_charger_rcu/msg/_package_ChargeResult.lisp
-- Installing: /home/msi/caato2_ws/install/xnergy_charger_rcu/share/common-lisp/ros/xnergy_charger_rcu/msg/_package_ChargeActionFeedback.lisp
-- Installing: /home/msi/caato2_ws/install/xnergy_charger_rcu/share/common-lisp/ros/xnergy_charger_rcu/msg/_package_ChargeGoal.lisp
-- Installing: /home/msi/caato2_ws/install/xnergy_charger_rcu/share/common-lisp/ros/xnergy_charger_rcu/msg/ChargeAction.lisp
-- Installing: /home/msi/caato2_ws/install/xnergy_charger_rcu/share/common-lisp/ros/xnergy_charger_rcu/msg/ChargerState.lisp
-- Installing: /home/msi/caato2_ws/install/xnergy_charger_rcu/share/common-lisp/ros/xnergy_charger_rcu/msg/ChargeActionFeedback.lisp
-- Installing: /home/msi/caato2_ws/install/xnergy_charger_rcu/share/common-lisp/ros/xnergy_charger_rcu/msg/ChargeActionGoal.lisp
-- Installing: /home/msi/caato2_ws/install/xnergy_charger_rcu/share/common-lisp/ros/xnergy_charger_rcu/msg/ChargeActionResult.lisp
-- Installing: /home/msi/caato2_ws/install/xnergy_charger_rcu/share/common-lisp/ros/xnergy_charger_rcu/msg/xnergy_charger_rcu-msg.asd
-- Installing: /home/msi/caato2_ws/install/xnergy_charger_rcu/share/common-lisp/ros/xnergy_charger_rcu/msg/_package_ChargeFeedback.lisp
-- Installing: /home/msi/caato2_ws/install/xnergy_charger_rcu/share/common-lisp/ros/xnergy_charger_rcu/msg/_package_ChargeActionResult.lisp
-- Installing: /home/msi/caato2_ws/install/xnergy_charger_rcu/share/common-lisp/ros/xnergy_charger_rcu/msg/ChargeResult.lisp
-- Installing: /home/msi/caato2_ws/install/xnergy_charger_rcu/share/common-lisp/ros/xnergy_charger_rcu/msg/_package_ChargeAction.lisp
-- Installing: /home/msi/caato2_ws/install/xnergy_charger_rcu/share/common-lisp/ros/xnergy_charger_rcu/msg/_package_ChargeActionGoal.lisp
-- Installing: /home/msi/caato2_ws/install/xnergy_charger_rcu/share/common-lisp/ros/xnergy_charger_rcu/msg/ChargeGoal.lisp
-- Installing: /home/msi/caato2_ws/install/xnergy_charger_rcu/share/common-lisp/ros/xnergy_charger_rcu/msg/ChargeFeedback.lisp
-- Installing: /home/msi/caato2_ws/install/xnergy_charger_rcu/share/gennodejs/ros/xnergy_charger_rcu
-- Installing: /home/msi/caato2_ws/install/xnergy_charger_rcu/share/gennodejs/ros/xnergy_charger_rcu/_index.js
-- Installing: /home/msi/caato2_ws/install/xnergy_charger_rcu/share/gennodejs/ros/xnergy_charger_rcu/msg
-- Installing: /home/msi/caato2_ws/install/xnergy_charger_rcu/share/gennodejs/ros/xnergy_charger_rcu/msg/_index.js
-- Installing: /home/msi/caato2_ws/install/xnergy_charger_rcu/share/gennodejs/ros/xnergy_charger_rcu/msg/ChargeAction.js
-- Installing: /home/msi/caato2_ws/install/xnergy_charger_rcu/share/gennodejs/ros/xnergy_charger_rcu/msg/ChargeActionGoal.js
-- Installing: /home/msi/caato2_ws/install/xnergy_charger_rcu/share/gennodejs/ros/xnergy_charger_rcu/msg/ChargeActionFeedback.js
-- Installing: /home/msi/caato2_ws/install/xnergy_charger_rcu/share/gennodejs/ros/xnergy_charger_rcu/msg/ChargeFeedback.js
-- Installing: /home/msi/caato2_ws/install/xnergy_charger_rcu/share/gennodejs/ros/xnergy_charger_rcu/msg/ChargerState.js
-- Installing: /home/msi/caato2_ws/install/xnergy_charger_rcu/share/gennodejs/ros/xnergy_charger_rcu/msg/ChargeResult.js
-- Installing: /home/msi/caato2_ws/install/xnergy_charger_rcu/share/gennodejs/ros/xnergy_charger_rcu/msg/ChargeActionResult.js
-- Installing: /home/msi/caato2_ws/install/xnergy_charger_rcu/share/gennodejs/ros/xnergy_charger_rcu/msg/ChargeGoal.js
Listing '/home/msi/caato2_ws/build/xnergy_charger_rcu/devel/lib/python3/dist-packages/xnergy_charger_rcu'...
Compiling '/home/msi/caato2_ws/build/xnergy_charger_rcu/devel/lib/python3/dist-packages/xnergy_charger_rcu/__init__.py'...
Listing '/home/msi/caato2_ws/build/xnergy_charger_rcu/devel/lib/python3/dist-packages/xnergy_charger_rcu/msg'...
Compiling '/home/msi/caato2_ws/build/xnergy_charger_rcu/devel/lib/python3/dist-packages/xnergy_charger_rcu/msg/_ChargeAction.py'...
Compiling '/home/msi/caato2_ws/build/xnergy_charger_rcu/devel/lib/python3/dist-packages/xnergy_charger_rcu/msg/_ChargeActionFeedback.py'...
Compiling '/home/msi/caato2_ws/build/xnergy_charger_rcu/devel/lib/python3/dist-packages/xnergy_charger_rcu/msg/_ChargeActionGoal.py'...
Compiling '/home/msi/caato2_ws/build/xnergy_charger_rcu/devel/lib/python3/dist-packages/xnergy_charger_rcu/msg/_ChargeActionResult.py'...
Compiling '/home/msi/caato2_ws/build/xnergy_charger_rcu/devel/lib/python3/dist-packages/xnergy_charger_rcu/msg/_ChargeFeedback.py'...
Compiling '/home/msi/caato2_ws/build/xnergy_charger_rcu/devel/lib/python3/dist-packages/xnergy_charger_rcu/msg/_ChargeGoal.py'...
Compiling '/home/msi/caato2_ws/build/xnergy_charger_rcu/devel/lib/python3/dist-packages/xnergy_charger_rcu/msg/_ChargeResult.py'...
Compiling '/home/msi/caato2_ws/build/xnergy_charger_rcu/devel/lib/python3/dist-packages/xnergy_charger_rcu/msg/_ChargerState.py'...
Compiling '/home/msi/caato2_ws/build/xnergy_charger_rcu/devel/lib/python3/dist-packages/xnergy_charger_rcu/msg/__init__.py'...
-- Up-to-date: /home/msi/caato2_ws/install/xnergy_charger_rcu/lib/python3/dist-packages/xnergy_charger_rcu
-- Installing: /home/msi/caato2_ws/install/xnergy_charger_rcu/lib/python3/dist-packages/xnergy_charger_rcu/msg
-- Installing: /home/msi/caato2_ws/install/xnergy_charger_rcu/lib/python3/dist-packages/xnergy_charger_rcu/msg/_ChargerState.py
-- Installing: /home/msi/caato2_ws/install/xnergy_charger_rcu/lib/python3/dist-packages/xnergy_charger_rcu/msg/_ChargeFeedback.py
-- Installing: /home/msi/caato2_ws/install/xnergy_charger_rcu/lib/python3/dist-packages/xnergy_charger_rcu/msg/_ChargeResult.py
-- Installing: /home/msi/caato2_ws/install/xnergy_charger_rcu/lib/python3/dist-packages/xnergy_charger_rcu/msg/_ChargeActionGoal.py
-- Installing: /home/msi/caato2_ws/install/xnergy_charger_rcu/lib/python3/dist-packages/xnergy_charger_rcu/msg/_ChargeAction.py
-- Installing: /home/msi/caato2_ws/install/xnergy_charger_rcu/lib/python3/dist-packages/xnergy_charger_rcu/msg/_ChargeGoal.py
-- Installing: /home/msi/caato2_ws/install/xnergy_charger_rcu/lib/python3/dist-packages/xnergy_charger_rcu/msg/__pycache__
-- Installing: /home/msi/caato2_ws/install/xnergy_charger_rcu/lib/python3/dist-packages/xnergy_charger_rcu/msg/__pycache__/_ChargeGoal.cpython-38.pyc
-- Installing: /home/msi/caato2_ws/install/xnergy_charger_rcu/lib/python3/dist-packages/xnergy_charger_rcu/msg/__pycache__/_ChargeActionResult.cpython-38.pyc
-- Installing: /home/msi/caato2_ws/install/xnergy_charger_rcu/lib/python3/dist-packages/xnergy_charger_rcu/msg/__pycache__/_ChargeAction.cpython-38.pyc
-- Installing: /home/msi/caato2_ws/install/xnergy_charger_rcu/lib/python3/dist-packages/xnergy_charger_rcu/msg/__pycache__/__init__.cpython-38.pyc
-- Installing: /home/msi/caato2_ws/install/xnergy_charger_rcu/lib/python3/dist-packages/xnergy_charger_rcu/msg/__pycache__/_ChargeResult.cpython-38.pyc
-- Installing: /home/msi/caato2_ws/install/xnergy_charger_rcu/lib/python3/dist-packages/xnergy_charger_rcu/msg/__pycache__/_ChargeFeedback.cpython-38.pyc
-- Installing: /home/msi/caato2_ws/install/xnergy_charger_rcu/lib/python3/dist-packages/xnergy_charger_rcu/msg/__pycache__/_ChargeActionFeedback.cpython-38.pyc
-- Installing: /home/msi/caato2_ws/install/xnergy_charger_rcu/lib/python3/dist-packages/xnergy_charger_rcu/msg/__pycache__/_ChargerState.cpython-38.pyc
-- Installing: /home/msi/caato2_ws/install/xnergy_charger_rcu/lib/python3/dist-packages/xnergy_charger_rcu/msg/__pycache__/_ChargeActionGoal.cpython-38.pyc
-- Installing: /home/msi/caato2_ws/install/xnergy_charger_rcu/lib/python3/dist-packages/xnergy_charger_rcu/msg/_ChargeActionFeedback.py
-- Installing: /home/msi/caato2_ws/install/xnergy_charger_rcu/lib/python3/dist-packages/xnergy_charger_rcu/msg/_ChargeActionResult.py
-- Up-to-date: /home/msi/caato2_ws/install/xnergy_charger_rcu/lib/python3/dist-packages/xnergy_charger_rcu/__pycache__
-- Up-to-date: /home/msi/caato2_ws/install/xnergy_charger_rcu/lib/python3/dist-packages/xnergy_charger_rcu/__pycache__/__init__.cpython-38.pyc
-- Up-to-date: /home/msi/caato2_ws/install/xnergy_charger_rcu/lib/python3/dist-packages/xnergy_charger_rcu
-- Up-to-date: /home/msi/caato2_ws/install/xnergy_charger_rcu/lib/python3/dist-packages/xnergy_charger_rcu/msg
-- Installing: /home/msi/caato2_ws/install/xnergy_charger_rcu/lib/python3/dist-packages/xnergy_charger_rcu/msg/__init__.py
-- Up-to-date: /home/msi/caato2_ws/install/xnergy_charger_rcu/lib/python3/dist-packages/xnergy_charger_rcu/msg/__pycache__
-- Up-to-date: /home/msi/caato2_ws/install/xnergy_charger_rcu/lib/python3/dist-packages/xnergy_charger_rcu/__pycache__
-- Installing: /home/msi/caato2_ws/install/xnergy_charger_rcu/lib/pkgconfig/xnergy_charger_rcu.pc
-- Installing: /home/msi/caato2_ws/install/xnergy_charger_rcu/share/xnergy_charger_rcu/cmake/xnergy_charger_rcu-msg-extras.cmake
-- Installing: /home/msi/caato2_ws/install/xnergy_charger_rcu/share/xnergy_charger_rcu/cmake/xnergy_charger_rcuConfig.cmake
-- Installing: /home/msi/caato2_ws/install/xnergy_charger_rcu/share/xnergy_charger_rcu/cmake/xnergy_charger_rcuConfig-version.cmake
-- Installing: /home/msi/caato2_ws/install/xnergy_charger_rcu/share/xnergy_charger_rcu/package.xml
-- Installing: /home/msi/caato2_ws/install/xnergy_charger_rcu/share/xnergy_charger_rcu/launch
-- Installing: /home/msi/caato2_ws/install/xnergy_charger_rcu/share/xnergy_charger_rcu/launch/xnergy_charger_modbus.launch
-- Installing: /home/msi/caato2_ws/install/xnergy_charger_rcu/share/xnergy_charger_rcu/launch/xnergy_charger_gpio.launch
-- Installing: /home/msi/caato2_ws/install/xnergy_charger_rcu/share/xnergy_charger_rcu/launch/xnergy_charger_canbus.launch
-- Installing: /home/msi/caato2_ws/install/xnergy_charger_rcu/lib/xnergy_charger_rcu/xnergy_charger_node.py
