Built target tests
-- Install configuration: ""
-- Up-to-date: /home/msi/caato2_ws/install/realsense2_description/lib/pkgconfig/realsense2_description.pc
-- Up-to-date: /home/msi/caato2_ws/install/realsense2_description/share/realsense2_description/cmake/realsense2_descriptionConfig.cmake
-- Up-to-date: /home/msi/caato2_ws/install/realsense2_description/share/realsense2_description/cmake/realsense2_descriptionConfig-version.cmake
-- Up-to-date: /home/msi/caato2_ws/install/realsense2_description/share/realsense2_description/package.xml
-- Up-to-date: /home/msi/caato2_ws/install/realsense2_description/share/realsense2_description/launch
-- Up-to-date: /home/msi/caato2_ws/install/realsense2_description/share/realsense2_description/launch/view_l515_model.launch
-- Up-to-date: /home/msi/caato2_ws/install/realsense2_description/share/realsense2_description/launch/view_r430_model.launch
-- Up-to-date: /home/msi/caato2_ws/install/realsense2_description/share/realsense2_description/launch/view_d415_model.launch
-- Up-to-date: /home/msi/caato2_ws/install/realsense2_description/share/realsense2_description/launch/view_multiple_d435_models.launch
-- Up-to-date: /home/msi/caato2_ws/install/realsense2_description/share/realsense2_description/launch/view_r410_model.launch
-- Up-to-date: /home/msi/caato2_ws/install/realsense2_description/share/realsense2_description/launch/view_d435_model.launch
-- Up-to-date: /home/msi/caato2_ws/install/realsense2_description/share/realsense2_description/launch/view_d435i_model.launch
-- Up-to-date: /home/msi/caato2_ws/install/realsense2_description/share/realsense2_description/meshes
-- Up-to-date: /home/msi/caato2_ws/install/realsense2_description/share/realsense2_description/meshes/plug.stl
-- Up-to-date: /home/msi/caato2_ws/install/realsense2_description/share/realsense2_description/meshes/plug_collision.stl
-- Up-to-date: /home/msi/caato2_ws/install/realsense2_description/share/realsense2_description/meshes/d415.stl
-- Up-to-date: /home/msi/caato2_ws/install/realsense2_description/share/realsense2_description/meshes/d435.dae
-- Up-to-date: /home/msi/caato2_ws/install/realsense2_description/share/realsense2_description/meshes/l515.dae
-- Up-to-date: /home/msi/caato2_ws/install/realsense2_description/share/realsense2_description/rviz
-- Up-to-date: /home/msi/caato2_ws/install/realsense2_description/share/realsense2_description/rviz/urdf.rviz
-- Up-to-date: /home/msi/caato2_ws/install/realsense2_description/share/realsense2_description/urdf
-- Up-to-date: /home/msi/caato2_ws/install/realsense2_description/share/realsense2_description/urdf/test_r410_camera.urdf.xacro
-- Up-to-date: /home/msi/caato2_ws/install/realsense2_description/share/realsense2_description/urdf/test_r430_camera.urdf.xacro
-- Up-to-date: /home/msi/caato2_ws/install/realsense2_description/share/realsense2_description/urdf/_materials.urdf.xacro
-- Up-to-date: /home/msi/caato2_ws/install/realsense2_description/share/realsense2_description/urdf/_d435.front.gazebo.xacro
-- Up-to-date: /home/msi/caato2_ws/install/realsense2_description/share/realsense2_description/urdf/_d435.front.urdf.xacro
-- Up-to-date: /home/msi/caato2_ws/install/realsense2_description/share/realsense2_description/urdf/_d435.2.urdf.xacro
-- Up-to-date: /home/msi/caato2_ws/install/realsense2_description/share/realsense2_description/urdf/test_d435_multiple_cameras.urdf.xacro
-- Up-to-date: /home/msi/caato2_ws/install/realsense2_description/share/realsense2_description/urdf/_d415.urdf.xacro
-- Up-to-date: /home/msi/caato2_ws/install/realsense2_description/share/realsense2_description/urdf/_l515.urdf.xacro
-- Up-to-date: /home/msi/caato2_ws/install/realsense2_description/share/realsense2_description/urdf/_d435i.urdf.xacro
-- Up-to-date: /home/msi/caato2_ws/install/realsense2_description/share/realsense2_description/urdf/test_d435_camera.urdf.xacro
-- Up-to-date: /home/msi/caato2_ws/install/realsense2_description/share/realsense2_description/urdf/_d435.2.urdf.xacro.bkup
-- Up-to-date: /home/msi/caato2_ws/install/realsense2_description/share/realsense2_description/urdf/_d435.2.front.urdf.xacro
-- Up-to-date: /home/msi/caato2_ws/install/realsense2_description/share/realsense2_description/urdf/_d435i_imu_modules.urdf.xacro
-- Up-to-date: /home/msi/caato2_ws/install/realsense2_description/share/realsense2_description/urdf/test_d415_camera.urdf.xacro
-- Up-to-date: /home/msi/caato2_ws/install/realsense2_description/share/realsense2_description/urdf/test_d435i_camera.urdf.xacro
-- Up-to-date: /home/msi/caato2_ws/install/realsense2_description/share/realsense2_description/urdf/_d435.urdf.xacro
-- Up-to-date: /home/msi/caato2_ws/install/realsense2_description/share/realsense2_description/urdf/_d435.gazebo.xacro.bkup
-- Up-to-date: /home/msi/caato2_ws/install/realsense2_description/share/realsense2_description/urdf/test_l515_camera.urdf.xacro
-- Up-to-date: /home/msi/caato2_ws/install/realsense2_description/share/realsense2_description/urdf/_r410.urdf.xacro
-- Up-to-date: /home/msi/caato2_ws/install/realsense2_description/share/realsense2_description/urdf/_usb_plug.urdf.xacro
-- Up-to-date: /home/msi/caato2_ws/install/realsense2_description/share/realsense2_description/urdf/_d435.gazebo.xacro
-- Up-to-date: /home/msi/caato2_ws/install/realsense2_description/share/realsense2_description/urdf/_r430.urdf.xacro
