[0.179s] Invoking command in '/home/msi/caato2_ws/build/realsense2_camera': /usr/bin/cmake --build /home/msi/caato2_ws/build/realsense2_camera -- -j20 -l20
[0.254s] [  0%] Built target std_msgs_generate_messages_nodejs
[0.254s] [  0%] Built target sensor_msgs_generate_messages_lisp
[0.254s] [  0%] Built target sensor_msgs_generate_messages_nodejs
[0.254s] [  0%] Built target std_msgs_generate_messages_eus
[0.254s] [  0%] Built target std_msgs_generate_messages_lisp
[0.254s] [  0%] Built target sensor_msgs_generate_messages_eus
[0.255s] [  0%] Built target sensor_msgs_generate_messages_py
[0.255s] [  0%] Built target sensor_msgs_generate_messages_cpp
[0.255s] [  0%] Built target std_msgs_generate_messages_cpp
[0.255s] [  0%] Built target tf_generate_messages_lisp
[0.255s] [  0%] Built target diagnostic_msgs_generate_messages_nodejs
[0.255s] [  0%] Built target dynamic_reconfigure_gencfg
[0.255s] [  0%] Built target std_msgs_generate_messages_py
[0.255s] [  0%] Built target dynamic_reconfigure_generate_messages_cpp
[0.255s] [  0%] Built target diagnostic_msgs_generate_messages_eus
[0.255s] [  0%] Built target tf2_msgs_generate_messages_nodejs
[0.255s] [  0%] Built target tf2_msgs_generate_messages_lisp
[0.255s] [  0%] Built target dynamic_reconfigure_generate_messages_lisp
[0.255s] [  0%] Built target tf2_msgs_generate_messages_cpp
[0.255s] [  0%] Built target diagnostic_msgs_generate_messages_lisp
[0.256s] [  0%] Built target actionlib_generate_messages_nodejs
[0.256s] [  0%] Built target actionlib_generate_messages_cpp
[0.256s] [  0%] Built target actionlib_generate_messages_py
[0.256s] [  0%] Built target rosgraph_msgs_generate_messages_nodejs
[0.257s] [  0%] Built target tf_generate_messages_nodejs
[0.257s] [  0%] Built target actionlib_msgs_generate_messages_py
[0.257s] [  0%] Built target roscpp_generate_messages_eus
[0.257s] [  0%] Built target nav_msgs_generate_messages_eus
[0.259s] [  0%] Built target actionlib_msgs_generate_messages_lisp
[0.262s] [  0%] Built target actionlib_msgs_generate_messages_nodejs
[0.262s] [  0%] Built target tf_generate_messages_py
[0.262s] [  0%] Built target geometry_msgs_generate_messages_lisp
[0.262s] [  0%] Built target _realsense2_camera_generate_messages_check_deps_IMUInfo
[0.262s] [  0%] Built target tf_generate_messages_cpp
[0.262s] [  0%] Built target _realsense2_camera_generate_messages_check_deps_Extrinsics
[0.262s] [  0%] Built target roscpp_generate_messages_lisp
[0.262s] [  0%] Built target _catkin_empty_exported_target
[0.262s] [  0%] Built target nodelet_generate_messages_lisp
[0.262s] [  0%] Built target dynamic_reconfigure_generate_messages_py
[0.263s] [  0%] Built target actionlib_generate_messages_lisp
[0.263s] [  0%] Built target actionlib_msgs_generate_messages_eus
[0.263s] [  0%] Built target tf_generate_messages_eus
[0.263s] [  0%] Built target rosgraph_msgs_generate_messages_lisp
[0.263s] [  0%] Built target geometry_msgs_generate_messages_eus
[0.263s] [  0%] Built target rosgraph_msgs_generate_messages_py
[0.263s] [  0%] Built target diagnostic_msgs_generate_messages_cpp
[0.263s] [  0%] Built target std_srvs_generate_messages_cpp
[0.263s] [  0%] Built target actionlib_msgs_generate_messages_cpp
[0.263s] [  0%] Built target geometry_msgs_generate_messages_py
[0.265s] [  0%] Built target tf2_msgs_generate_messages_eus
[0.265s] [  0%] Built target nav_msgs_generate_messages_cpp
[0.265s] [  0%] Built target geometry_msgs_generate_messages_nodejs
[0.265s] [  0%] Built target geometry_msgs_generate_messages_cpp
[0.265s] [  0%] Built target dynamic_reconfigure_generate_messages_eus
[0.265s] [  0%] Built target roscpp_generate_messages_cpp
[0.265s] [  0%] Built target rosgraph_msgs_generate_messages_cpp
[0.265s] [  0%] Built target actionlib_generate_messages_eus
[0.265s] [  0%] Built target nav_msgs_generate_messages_lisp
[0.265s] [  0%] Built target roscpp_generate_messages_nodejs
[0.266s] [  0%] Built target roscpp_generate_messages_py
[0.266s] [  0%] Built target rosgraph_msgs_generate_messages_eus
[0.266s] [  0%] Built target nav_msgs_generate_messages_nodejs
[0.266s] [  0%] Built target bond_generate_messages_lisp
[0.270s] [  0%] Built target std_srvs_generate_messages_py
[0.270s] [  0%] Built target dynamic_reconfigure_generate_messages_nodejs
[0.272s] [  0%] Built target diagnostic_msgs_generate_messages_py
[0.276s] [  0%] Built target tf2_msgs_generate_messages_py
[0.277s] [  0%] Built target bond_generate_messages_cpp
[0.278s] [  0%] Built target bond_generate_messages_eus
[0.278s] [  0%] Built target nodelet_generate_messages_cpp
[0.278s] [  0%] Built target nodelet_generate_messages_eus
[0.280s] [  0%] Built target std_srvs_generate_messages_eus
[0.281s] [  0%] Built target nodelet_generate_messages_nodejs
[0.281s] [  0%] Built target bond_generate_messages_nodejs
[0.283s] [  0%] Built target nodelet_generate_messages_py
[0.283s] [  0%] Built target std_srvs_generate_messages_lisp
[0.284s] [  0%] Built target nav_msgs_generate_messages_py
[0.284s] [ 12%] Built target realsense2_camera_generate_messages_nodejs
[0.284s] [ 12%] Built target std_srvs_generate_messages_nodejs
[0.285s] [ 12%] Built target bond_generate_messages_py
[0.287s] [ 25%] Built target realsense2_camera_generate_messages_cpp
[0.288s] [ 56%] Built target realsense2_camera_generate_messages_lisp
[0.288s] [ 56%] Built target realsense2_camera_generate_messages_eus
[0.290s] [ 75%] Built target realsense2_camera_generate_messages_py
[0.312s] [ 75%] Built target realsense2_camera_generate_messages
[0.328s] [100%] Built target realsense2_camera
[0.452s] Invoked command in '/home/msi/caato2_ws/build/realsense2_camera' returned '0': /usr/bin/cmake --build /home/msi/caato2_ws/build/realsense2_camera -- -j20 -l20
[0.625s] Invoking command in '/home/msi/caato2_ws/build/realsense2_camera': /usr/bin/cmake --build /home/msi/caato2_ws/build/realsense2_camera --target tests -- -j20 -l20
[0.689s] Built target tests
[0.724s] Invoked command in '/home/msi/caato2_ws/build/realsense2_camera' returned '0': /usr/bin/cmake --build /home/msi/caato2_ws/build/realsense2_camera --target tests -- -j20 -l20
[0.877s] Invoking command in '/home/msi/caato2_ws/build/realsense2_camera': /usr/bin/cmake --install /home/msi/caato2_ws/build/realsense2_camera
[0.894s] -- Install configuration: "Release"
[0.894s] -- Up-to-date: /home/msi/caato2_ws/install/realsense2_camera/share/realsense2_camera/msg/IMUInfo.msg
[0.894s] -- Up-to-date: /home/msi/caato2_ws/install/realsense2_camera/share/realsense2_camera/msg/Extrinsics.msg
[0.895s] -- Up-to-date: /home/msi/caato2_ws/install/realsense2_camera/share/realsense2_camera/cmake/realsense2_camera-msg-paths.cmake
[0.895s] -- Up-to-date: /home/msi/caato2_ws/install/realsense2_camera/include/realsense2_camera
[0.895s] -- Up-to-date: /home/msi/caato2_ws/install/realsense2_camera/include/realsense2_camera/IMUInfo.h
[0.895s] -- Up-to-date: /home/msi/caato2_ws/install/realsense2_camera/include/realsense2_camera/Extrinsics.h
[0.897s] -- Up-to-date: /home/msi/caato2_ws/install/realsense2_camera/share/roseus/ros/realsense2_camera
[0.897s] -- Up-to-date: /home/msi/caato2_ws/install/realsense2_camera/share/roseus/ros/realsense2_camera/msg
[0.900s] -- Up-to-date: /home/msi/caato2_ws/install/realsense2_camera/share/roseus/ros/realsense2_camera/msg/IMUInfo.l
[0.900s] -- Up-to-date: /home/msi/caato2_ws/install/realsense2_camera/share/roseus/ros/realsense2_camera/msg/Extrinsics.l
[0.900s] -- Up-to-date: /home/msi/caato2_ws/install/realsense2_camera/share/roseus/ros/realsense2_camera/manifest.l
[0.900s] -- Up-to-date: /home/msi/caato2_ws/install/realsense2_camera/share/common-lisp/ros/realsense2_camera
[0.900s] -- Up-to-date: /home/msi/caato2_ws/install/realsense2_camera/share/common-lisp/ros/realsense2_camera/msg
[0.900s] -- Up-to-date: /home/msi/caato2_ws/install/realsense2_camera/share/common-lisp/ros/realsense2_camera/msg/_package_Extrinsics.lisp
[0.900s] -- Up-to-date: /home/msi/caato2_ws/install/realsense2_camera/share/common-lisp/ros/realsense2_camera/msg/_package.lisp
[0.901s] -- Up-to-date: /home/msi/caato2_ws/install/realsense2_camera/share/common-lisp/ros/realsense2_camera/msg/realsense2_camera-msg.asd
[0.901s] -- Up-to-date: /home/msi/caato2_ws/install/realsense2_camera/share/common-lisp/ros/realsense2_camera/msg/_package_IMUInfo.lisp
[0.901s] -- Up-to-date: /home/msi/caato2_ws/install/realsense2_camera/share/common-lisp/ros/realsense2_camera/msg/Extrinsics.lisp
[0.901s] -- Up-to-date: /home/msi/caato2_ws/install/realsense2_camera/share/common-lisp/ros/realsense2_camera/msg/IMUInfo.lisp
[0.901s] -- Up-to-date: /home/msi/caato2_ws/install/realsense2_camera/share/gennodejs/ros/realsense2_camera
[0.901s] -- Up-to-date: /home/msi/caato2_ws/install/realsense2_camera/share/gennodejs/ros/realsense2_camera/_index.js
[0.902s] -- Up-to-date: /home/msi/caato2_ws/install/realsense2_camera/share/gennodejs/ros/realsense2_camera/msg
[0.903s] -- Up-to-date: /home/msi/caato2_ws/install/realsense2_camera/share/gennodejs/ros/realsense2_camera/msg/IMUInfo.js
[0.905s] -- Up-to-date: /home/msi/caato2_ws/install/realsense2_camera/share/gennodejs/ros/realsense2_camera/msg/_index.js
[0.905s] -- Up-to-date: /home/msi/caato2_ws/install/realsense2_camera/share/gennodejs/ros/realsense2_camera/msg/Extrinsics.js
[0.954s] Listing '/home/msi/caato2_ws/build/realsense2_camera/devel/lib/python3/dist-packages/realsense2_camera'...
[0.954s] Listing '/home/msi/caato2_ws/build/realsense2_camera/devel/lib/python3/dist-packages/realsense2_camera/msg'...
[0.954s] -- Up-to-date: /home/msi/caato2_ws/install/realsense2_camera/lib/python3/dist-packages/realsense2_camera
[0.955s] -- Up-to-date: /home/msi/caato2_ws/install/realsense2_camera/lib/python3/dist-packages/realsense2_camera/msg
[0.955s] -- Up-to-date: /home/msi/caato2_ws/install/realsense2_camera/lib/python3/dist-packages/realsense2_camera/msg/_Extrinsics.py
[0.956s] -- Up-to-date: /home/msi/caato2_ws/install/realsense2_camera/lib/python3/dist-packages/realsense2_camera/msg/__init__.py
[0.956s] -- Up-to-date: /home/msi/caato2_ws/install/realsense2_camera/lib/python3/dist-packages/realsense2_camera/msg/__pycache__
[0.956s] -- Up-to-date: /home/msi/caato2_ws/install/realsense2_camera/lib/python3/dist-packages/realsense2_camera/msg/__pycache__/__init__.cpython-38.pyc
[0.956s] -- Up-to-date: /home/msi/caato2_ws/install/realsense2_camera/lib/python3/dist-packages/realsense2_camera/msg/__pycache__/_IMUInfo.cpython-38.pyc
[0.956s] -- Up-to-date: /home/msi/caato2_ws/install/realsense2_camera/lib/python3/dist-packages/realsense2_camera/msg/__pycache__/_Extrinsics.cpython-38.pyc
[0.956s] -- Up-to-date: /home/msi/caato2_ws/install/realsense2_camera/lib/python3/dist-packages/realsense2_camera/msg/_IMUInfo.py
[0.957s] -- Up-to-date: /home/msi/caato2_ws/install/realsense2_camera/lib/python3/dist-packages/realsense2_camera/__init__.py
[0.958s] -- Up-to-date: /home/msi/caato2_ws/install/realsense2_camera/lib/python3/dist-packages/realsense2_camera/__pycache__
[0.959s] -- Up-to-date: /home/msi/caato2_ws/install/realsense2_camera/lib/python3/dist-packages/realsense2_camera/__pycache__/__init__.cpython-38.pyc
[0.959s] -- Up-to-date: /home/msi/caato2_ws/install/realsense2_camera/lib/pkgconfig/realsense2_camera.pc
[0.959s] -- Up-to-date: /home/msi/caato2_ws/install/realsense2_camera/share/realsense2_camera/cmake/realsense2_camera-msg-extras.cmake
[0.959s] -- Up-to-date: /home/msi/caato2_ws/install/realsense2_camera/share/realsense2_camera/cmake/realsense2_cameraConfig.cmake
[0.959s] -- Up-to-date: /home/msi/caato2_ws/install/realsense2_camera/share/realsense2_camera/cmake/realsense2_cameraConfig-version.cmake
[0.959s] -- Up-to-date: /home/msi/caato2_ws/install/realsense2_camera/share/realsense2_camera/package.xml
[0.959s] -- Up-to-date: /home/msi/caato2_ws/install/realsense2_camera/lib/librealsense2_camera.so
[0.959s] -- Up-to-date: /home/msi/caato2_ws/install/realsense2_camera/include/realsense2_camera
[0.960s] -- Up-to-date: /home/msi/caato2_ws/install/realsense2_camera/include/realsense2_camera/t265_realsense_node.h
[0.960s] -- Up-to-date: /home/msi/caato2_ws/install/realsense2_camera/include/realsense2_camera/realsense_node_factory.h
[0.960s] -- Up-to-date: /home/msi/caato2_ws/install/realsense2_camera/include/realsense2_camera/base_realsense_node.h
[0.960s] -- Up-to-date: /home/msi/caato2_ws/install/realsense2_camera/include/realsense2_camera/constants.h
[0.960s] -- Up-to-date: /home/msi/caato2_ws/install/realsense2_camera/share/realsense2_camera/launch
[0.960s] -- Up-to-date: /home/msi/caato2_ws/install/realsense2_camera/share/realsense2_camera/launch/includes
[0.960s] -- Up-to-date: /home/msi/caato2_ws/install/realsense2_camera/share/realsense2_camera/launch/includes/nodelet.launch.xml
[0.961s] -- Up-to-date: /home/msi/caato2_ws/install/realsense2_camera/share/realsense2_camera/launch/rs_from_file.launch
[0.961s] -- Up-to-date: /home/msi/caato2_ws/install/realsense2_camera/share/realsense2_camera/launch/rs_d435_camera_with_model.launch
[0.961s] -- Up-to-date: /home/msi/caato2_ws/install/realsense2_camera/share/realsense2_camera/launch/rs_d400_and_t265.launch
[0.961s] -- Up-to-date: /home/msi/caato2_ws/install/realsense2_camera/share/realsense2_camera/launch/rs_rgbd.launch
[0.961s] -- Up-to-date: /home/msi/caato2_ws/install/realsense2_camera/share/realsense2_camera/launch/rs_rtabmap.launch
[0.962s] -- Up-to-date: /home/msi/caato2_ws/install/realsense2_camera/share/realsense2_camera/launch/rs_camera.launch
[0.962s] -- Up-to-date: /home/msi/caato2_ws/install/realsense2_camera/share/realsense2_camera/launch/opensource_tracking.launch
[0.962s] -- Up-to-date: /home/msi/caato2_ws/install/realsense2_camera/share/realsense2_camera/launch/demo_t265.launch
[0.962s] -- Up-to-date: /home/msi/caato2_ws/install/realsense2_camera/share/realsense2_camera/launch/rs_multiple_devices.launch
[0.962s] -- Up-to-date: /home/msi/caato2_ws/install/realsense2_camera/share/realsense2_camera/launch/demo_pointcloud.launch
[0.962s] -- Up-to-date: /home/msi/caato2_ws/install/realsense2_camera/share/realsense2_camera/launch/rs_aligned_depth.launch
[0.963s] -- Up-to-date: /home/msi/caato2_ws/install/realsense2_camera/share/realsense2_camera/launch/rs_t265.launch
[0.963s] -- Up-to-date: /home/msi/caato2_ws/install/realsense2_camera/share/realsense2_camera/rviz
[0.963s] -- Up-to-date: /home/msi/caato2_ws/install/realsense2_camera/share/realsense2_camera/rviz/t265.rviz
[0.963s] -- Up-to-date: /home/msi/caato2_ws/install/realsense2_camera/share/realsense2_camera/rviz/pointcloud.rviz
[0.964s] -- Up-to-date: /home/msi/caato2_ws/install/realsense2_camera/share/realsense2_camera/nodelet_plugins.xml
[0.979s] Invoked command in '/home/msi/caato2_ws/build/realsense2_camera' returned '0': /usr/bin/cmake --install /home/msi/caato2_ws/build/realsense2_camera
