-- The C compiler identification is GNU 8.4.0
-- The CXX compiler identification is GNU 8.4.0
-- Check for working C compiler: /usr/bin/cc
-- Check for working C compiler: /usr/bin/cc -- works
-- Detecting C compiler ABI info
-- Detecting C compiler ABI info - done
-- Detecting C compile features
-- Detecting C compile features - done
-- Check for working CXX compiler: /usr/bin/c++
-- Check for working CXX compiler: /usr/bin/c++ -- works
-- Detecting CXX compiler ABI info
-- Detecting CXX compiler ABI info - done
-- Detecting CXX compile features
-- Detecting CXX compile features - done
-- Using CATKIN_DEVEL_PREFIX: /home/msi/caato2_ws/build/caato_description/devel
-- Using CMAKE_PREFIX_PATH: /opt/ros/noetic
-- This workspace overlays: /opt/ros/noetic
-- Found PythonInterp: /usr/bin/python3 (found suitable version "3.8.10", minimum required is "3") 
-- Using PYTHON_EXECUTABLE: /usr/bin/python3
-- Using Debian Python package layout
-- Found PY_em: /usr/lib/python3/dist-packages/em.py  
-- Using empy: /usr/lib/python3/dist-packages/em.py
-- Using CATKIN_ENABLE_TESTING: ON
-- Call enable_testing()
-- Using CATKIN_TEST_RESULTS_DIR: /home/msi/caato2_ws/build/caato_description/test_results
-- Forcing gtest/gmock from source, though one was otherwise available.
-- Found gtest sources under '/usr/src/googletest': gtests will be built
-- Found gmock sources under '/usr/src/googletest': gmock will be built
-- Found PythonInterp: /usr/bin/python3 (found version "3.8.10") 
-- Found Threads: TRUE  
-- Using Python nosetests: /usr/bin/nosetests3
-- catkin 0.8.10
-- BUILD_SHARED_LIBS is on
-- Configuring done
-- Generating done
-- Build files have been written to: /home/msi/caato2_ws/build/caato_description
[35m[1mScanning dependencies of target caato_description_xacro_generated_to_devel_space_[0m
Built target caato_description_xacro_generated_to_devel_space_
[35m[1mScanning dependencies of target tests[0m
Built target tests
-- Install configuration: ""
-- Installing: /home/msi/caato2_ws/install/caato_description/lib/pkgconfig/caato_description.pc
-- Installing: /home/msi/caato2_ws/install/caato_description/share/caato_description/cmake/caato_descriptionConfig.cmake
-- Installing: /home/msi/caato2_ws/install/caato_description/share/caato_description/cmake/caato_descriptionConfig-version.cmake
-- Installing: /home/msi/caato2_ws/install/caato_description/share/caato_description/package.xml
-- Installing: /home/msi/caato2_ws/install/caato_description/share/caato_description/launch
-- Installing: /home/msi/caato2_ws/install/caato_description/share/caato_description/launch/description.launch
-- Installing: /home/msi/caato2_ws/install/caato_description/share/caato_description/meshes
-- Installing: /home/msi/caato2_ws/install/caato_description/share/caato_description/meshes/002._dc_brushed_wheels.stl
-- Installing: /home/msi/caato2_ws/install/caato_description/share/caato_description/meshes/hokuyo_laser_scanner.stl
-- Installing: /home/msi/caato2_ws/install/caato_description/share/caato_description/meshes/wheels
-- Installing: /home/msi/caato2_ws/install/caato_description/share/caato_description/meshes/wheels/front_caster_wheel.stl
-- Installing: /home/msi/caato2_ws/install/caato_description/share/caato_description/meshes/wheels/drive_wheel.stl
-- Installing: /home/msi/caato2_ws/install/caato_description/share/caato_description/meshes/wheels/rear_caster_wheel.stl
-- Installing: /home/msi/caato2_ws/install/caato_description/share/caato_description/meshes/xiaomi_pro_hub_motor.stl
-- Installing: /home/msi/caato2_ws/install/caato_description/share/caato_description/meshes/sensors
-- Installing: /home/msi/caato2_ws/install/caato_description/share/caato_description/meshes/sensors/hokuyo_laser_scanner.stl
-- Installing: /home/msi/caato2_ws/install/caato_description/share/caato_description/meshes/sensors/pal.stl
-- Installing: /home/msi/caato2_ws/install/caato_description/share/caato_description/meshes/castor_wheel.stl
-- Installing: /home/msi/caato2_ws/install/caato_description/share/caato_description/meshes/castor_mount.stl
-- Installing: /home/msi/caato2_ws/install/caato_description/share/caato_description/meshes/bases
-- Installing: /home/msi/caato2_ws/install/caato_description/share/caato_description/meshes/bases/caato_v1.stl
-- Installing: /home/msi/caato2_ws/install/caato_description/share/caato_description/meshes/base_link.stl
-- Installing: /home/msi/caato2_ws/install/caato_description/share/caato_description/urdf
-- Installing: /home/msi/caato2_ws/install/caato_description/share/caato_description/urdf/dreamvue.xacro
-- Installing: /home/msi/caato2_ws/install/caato_description/share/caato_description/urdf/backup
-- Installing: /home/msi/caato2_ws/install/caato_description/share/caato_description/urdf/backup/locust_360Cam.urdf.xacro
-- Installing: /home/msi/caato2_ws/install/caato_description/share/caato_description/urdf/caato_v1f.gazebo.xacro
-- Installing: /home/msi/caato2_ws/install/caato_description/share/caato_description/urdf/caato.urdf
-- Installing: /home/msi/caato2_ws/install/caato_description/share/caato_description/urdf/caato_v1f.urdf.xacro
-- Installing: /home/msi/caato2_ws/install/caato_description/share/caato_description/urdf/common_properties.xacro
-- Installing: /home/msi/caato2_ws/install/caato_description/share/caato_description/urdf/macro.xacro
-- Installing: /home/msi/caato2_ws/install/caato_description/share/caato_description/urdf/caato.gazebo.xacro
-- Installing: /home/msi/caato2_ws/install/caato_description/share/caato_description/urdf/caato_v1m.urdf.xacro
-- Installing: /home/msi/caato2_ws/install/caato_description/share/caato_description/urdf/caato_v1.gazebo.xacro
-- Installing: /home/msi/caato2_ws/install/caato_description/share/caato_description/urdf/caato_v1a.urdf.xacro
