[0.053s] Invoking command in '/home/msi/caato2_ws/build/caato_description': /usr/bin/cmake /home/msi/caato2_ws/src/siot/caato/caato_description -DCATKIN_INSTALL_INTO_PREFIX_ROOT=0 -DCMAKE_INSTALL_PREFIX=/home/msi/caato2_ws/install/caato_description
[0.136s] -- The C compiler identification is GNU 8.4.0
[0.197s] -- The CXX compiler identification is GNU 8.4.0
[0.204s] -- Check for working C compiler: /usr/bin/cc
[0.269s] -- Check for working C compiler: /usr/bin/cc -- works
[0.270s] -- Detecting C compiler ABI info
[0.366s] -- Detecting C compiler ABI info - done
[0.381s] -- Detecting C compile features
[0.381s] -- Detecting C compile features - done
[0.385s] -- Check for working CXX compiler: /usr/bin/c++
[0.471s] -- Check for working CXX compiler: /usr/bin/c++ -- works
[0.472s] -- Detecting CXX compiler ABI info
[0.562s] -- Detecting CXX compiler ABI info - done
[0.579s] -- Detecting CXX compile features
[0.579s] -- Detecting CXX compile features - done
[0.582s] -- Using CATKIN_DEVEL_PREFIX: /home/msi/caato2_ws/build/caato_description/devel
[0.583s] -- Using CMAKE_PREFIX_PATH: /opt/ros/noetic
[0.583s] -- This workspace overlays: /opt/ros/noetic
[0.608s] -- Found PythonInterp: /usr/bin/python3 (found suitable version "3.8.10", minimum required is "3") 
[0.608s] -- Using PYTHON_EXECUTABLE: /usr/bin/python3
[0.608s] -- Using Debian Python package layout
[0.649s] -- Found PY_em: /usr/lib/python3/dist-packages/em.py  
[0.649s] -- Using empy: /usr/lib/python3/dist-packages/em.py
[0.806s] -- Using CATKIN_ENABLE_TESTING: ON
[0.806s] -- Call enable_testing()
[0.808s] -- Using CATKIN_TEST_RESULTS_DIR: /home/msi/caato2_ws/build/caato_description/test_results
[1.129s] -- Forcing gtest/gmock from source, though one was otherwise available.
[1.129s] -- Found gtest sources under '/usr/src/googletest': gtests will be built
[1.129s] -- Found gmock sources under '/usr/src/googletest': gmock will be built
[1.162s] -- Found PythonInterp: /usr/bin/python3 (found version "3.8.10") 
[1.165s] -- Found Threads: TRUE  
[1.170s] -- Using Python nosetests: /usr/bin/nosetests3
[1.245s] -- catkin 0.8.10
[1.245s] -- BUILD_SHARED_LIBS is on
[2.084s] -- Configuring done
[2.096s] -- Generating done
[2.099s] -- Build files have been written to: /home/msi/caato2_ws/build/caato_description
[2.119s] Invoked command in '/home/msi/caato2_ws/build/caato_description' returned '0': /usr/bin/cmake /home/msi/caato2_ws/src/siot/caato/caato_description -DCATKIN_INSTALL_INTO_PREFIX_ROOT=0 -DCMAKE_INSTALL_PREFIX=/home/msi/caato2_ws/install/caato_description
[2.122s] Invoking command in '/home/msi/caato2_ws/build/caato_description': /usr/bin/cmake --build /home/msi/caato2_ws/build/caato_description -- -j20 -l20
[2.329s] [35m[1mScanning dependencies of target caato_description_xacro_generated_to_devel_space_[0m
[2.329s] Built target caato_description_xacro_generated_to_devel_space_
[2.384s] Invoked command in '/home/msi/caato2_ws/build/caato_description' returned '0': /usr/bin/cmake --build /home/msi/caato2_ws/build/caato_description -- -j20 -l20
[2.673s] Invoking command in '/home/msi/caato2_ws/build/caato_description': /usr/bin/cmake --build /home/msi/caato2_ws/build/caato_description --target tests -- -j20 -l20
[5.379s] [35m[1mScanning dependencies of target tests[0m
[5.379s] Built target tests
[5.520s] Invoked command in '/home/msi/caato2_ws/build/caato_description' returned '0': /usr/bin/cmake --build /home/msi/caato2_ws/build/caato_description --target tests -- -j20 -l20
[6.347s] Invoking command in '/home/msi/caato2_ws/build/caato_description': /usr/bin/cmake --install /home/msi/caato2_ws/build/caato_description
[7.361s] -- Install configuration: ""
[7.361s] -- Installing: /home/msi/caato2_ws/install/caato_description/lib/pkgconfig/caato_description.pc
[7.361s] -- Installing: /home/msi/caato2_ws/install/caato_description/share/caato_description/cmake/caato_descriptionConfig.cmake
[7.361s] -- Installing: /home/msi/caato2_ws/install/caato_description/share/caato_description/cmake/caato_descriptionConfig-version.cmake
[7.361s] -- Installing: /home/msi/caato2_ws/install/caato_description/share/caato_description/package.xml
[7.361s] -- Installing: /home/msi/caato2_ws/install/caato_description/share/caato_description/launch
[7.361s] -- Installing: /home/msi/caato2_ws/install/caato_description/share/caato_description/launch/description.launch
[7.361s] -- Installing: /home/msi/caato2_ws/install/caato_description/share/caato_description/meshes
[7.361s] -- Installing: /home/msi/caato2_ws/install/caato_description/share/caato_description/meshes/002._dc_brushed_wheels.stl
[7.361s] -- Installing: /home/msi/caato2_ws/install/caato_description/share/caato_description/meshes/hokuyo_laser_scanner.stl
[7.361s] -- Installing: /home/msi/caato2_ws/install/caato_description/share/caato_description/meshes/wheels
[7.361s] -- Installing: /home/msi/caato2_ws/install/caato_description/share/caato_description/meshes/wheels/front_caster_wheel.stl
[7.362s] -- Installing: /home/msi/caato2_ws/install/caato_description/share/caato_description/meshes/wheels/drive_wheel.stl
[7.362s] -- Installing: /home/msi/caato2_ws/install/caato_description/share/caato_description/meshes/wheels/rear_caster_wheel.stl
[7.362s] -- Installing: /home/msi/caato2_ws/install/caato_description/share/caato_description/meshes/xiaomi_pro_hub_motor.stl
[7.362s] -- Installing: /home/msi/caato2_ws/install/caato_description/share/caato_description/meshes/sensors
[7.362s] -- Installing: /home/msi/caato2_ws/install/caato_description/share/caato_description/meshes/sensors/hokuyo_laser_scanner.stl
[7.362s] -- Installing: /home/msi/caato2_ws/install/caato_description/share/caato_description/meshes/sensors/pal.stl
[7.362s] -- Installing: /home/msi/caato2_ws/install/caato_description/share/caato_description/meshes/castor_wheel.stl
[7.362s] -- Installing: /home/msi/caato2_ws/install/caato_description/share/caato_description/meshes/castor_mount.stl
[7.362s] -- Installing: /home/msi/caato2_ws/install/caato_description/share/caato_description/meshes/bases
[7.362s] -- Installing: /home/msi/caato2_ws/install/caato_description/share/caato_description/meshes/bases/caato_v1.stl
[7.362s] -- Installing: /home/msi/caato2_ws/install/caato_description/share/caato_description/meshes/base_link.stl
[7.362s] -- Installing: /home/msi/caato2_ws/install/caato_description/share/caato_description/urdf
[7.362s] -- Installing: /home/msi/caato2_ws/install/caato_description/share/caato_description/urdf/dreamvue.xacro
[7.362s] -- Installing: /home/msi/caato2_ws/install/caato_description/share/caato_description/urdf/backup
[7.363s] -- Installing: /home/msi/caato2_ws/install/caato_description/share/caato_description/urdf/backup/locust_360Cam.urdf.xacro
[7.363s] -- Installing: /home/msi/caato2_ws/install/caato_description/share/caato_description/urdf/caato_v1f.gazebo.xacro
[7.363s] -- Installing: /home/msi/caato2_ws/install/caato_description/share/caato_description/urdf/caato.urdf
[7.363s] -- Installing: /home/msi/caato2_ws/install/caato_description/share/caato_description/urdf/caato_v1f.urdf.xacro
[7.363s] -- Installing: /home/msi/caato2_ws/install/caato_description/share/caato_description/urdf/common_properties.xacro
[7.363s] -- Installing: /home/msi/caato2_ws/install/caato_description/share/caato_description/urdf/macro.xacro
[7.363s] -- Installing: /home/msi/caato2_ws/install/caato_description/share/caato_description/urdf/caato.gazebo.xacro
[7.363s] -- Installing: /home/msi/caato2_ws/install/caato_description/share/caato_description/urdf/caato_v1m.urdf.xacro
[7.363s] -- Installing: /home/msi/caato2_ws/install/caato_description/share/caato_description/urdf/caato_v1.gazebo.xacro
[7.363s] -- Installing: /home/msi/caato2_ws/install/caato_description/share/caato_description/urdf/caato_v1a.urdf.xacro
[7.611s] Invoked command in '/home/msi/caato2_ws/build/caato_description' returned '0': /usr/bin/cmake --install /home/msi/caato2_ws/build/caato_description
