[0.152s] Invoking command in '/home/msi/caato2_ws/build/realsense_gazebo_plugin': /usr/bin/cmake --build /home/msi/caato2_ws/build/realsense_gazebo_plugin -- -j20 -l20
[0.232s] [  0%] Built target dynamic_reconfigure_generate_messages_eus
[0.232s] [  0%] Built target trajectory_msgs_generate_messages_cpp
[0.232s] [  0%] Built target trajectory_msgs_generate_messages_nodejs
[0.234s] [  0%] Built target trajectory_msgs_generate_messages_lisp
[0.234s] [  0%] Built target gazebo_msgs_generate_messages_py
[0.234s] [  0%] Built target gazebo_msgs_generate_messages_nodejs
[0.244s] [  0%] Built target dynamic_reconfigure_gencfg
[0.245s] [  0%] Built target gazebo_msgs_generate_messages_cpp
[0.262s] [  0%] Built target geometry_msgs_generate_messages_eus
[0.270s] [  0%] Built target std_srvs_generate_messages_eus
[0.275s] [  0%] Built target std_srvs_generate_messages_lisp
[0.278s] [  0%] Built target std_msgs_generate_messages_nodejs
[0.279s] [  0%] Built target std_msgs_generate_messages_py
[0.279s] [  0%] Built target std_msgs_generate_messages_cpp
[0.286s] [  0%] Built target tf2_msgs_generate_messages_cpp
[0.286s] [  0%] Built target rosgraph_msgs_generate_messages_nodejs
[0.286s] [  0%] Built target dynamic_reconfigure_generate_messages_lisp
[0.288s] [  0%] Built target actionlib_generate_messages_cpp
[0.288s] [  0%] Built target actionlib_msgs_generate_messages_py
[0.288s] [  0%] Built target std_msgs_generate_messages_lisp
[0.296s] [  0%] Built target tf_generate_messages_eus
[0.298s] [  0%] Built target actionlib_generate_messages_lisp
[0.298s] [  0%] Built target std_srvs_generate_messages_cpp
[0.298s] [  0%] Built target rosgraph_msgs_generate_messages_lisp
[0.300s] [  0%] Built target dynamic_reconfigure_generate_messages_py
[0.302s] [  0%] Built target std_srvs_generate_messages_nodejs
[0.304s] [  0%] Built target roscpp_generate_messages_lisp
[0.315s] [  0%] Built target actionlib_msgs_generate_messages_eus
[0.320s] [  0%] Built target roscpp_generate_messages_py
[0.321s] [  0%] Built target geometry_msgs_generate_messages_py
[0.322s] [  0%] Built target gazebo_ros_gencfg
[0.323s] [  0%] Built target roscpp_generate_messages_cpp
[0.327s] [  0%] Built target trajectory_msgs_generate_messages_eus
[0.329s] [  0%] Built target roscpp_generate_messages_eus
[0.330s] [  0%] Built target tf2_msgs_generate_messages_eus
[0.331s] [  0%] Built target sensor_msgs_generate_messages_py
[0.331s] [  0%] Built target rosgraph_msgs_generate_messages_py
[0.348s] [  0%] Built target geometry_msgs_generate_messages_cpp
[0.348s] [  0%] Built target gazebo_msgs_generate_messages_lisp
[0.349s] [  0%] Built target dynamic_reconfigure_generate_messages_nodejs
[0.352s] [  0%] Built target tf2_msgs_generate_messages_py
[0.356s] [  0%] Built target geometry_msgs_generate_messages_lisp
[0.359s] [  0%] Built target tf_generate_messages_cpp
[0.359s] [  0%] Built target std_srvs_generate_messages_py
[0.360s] [  0%] Built target rosgraph_msgs_generate_messages_eus
[0.360s] [  0%] Built target tf_generate_messages_nodejs
[0.361s] [  0%] Built target sensor_msgs_generate_messages_cpp
[0.362s] [  0%] Built target sensor_msgs_generate_messages_eus
[0.364s] [  0%] Built target roscpp_generate_messages_nodejs
[0.364s] [  0%] Built target tf_generate_messages_lisp
[0.366s] [  0%] Built target dynamic_reconfigure_generate_messages_cpp
[0.367s] [  0%] Built target sensor_msgs_generate_messages_lisp
[0.371s] [  0%] Built target trajectory_msgs_generate_messages_py
[0.371s] [  0%] Built target sensor_msgs_generate_messages_nodejs
[0.373s] [  0%] Built target actionlib_generate_messages_eus
[0.374s] [  0%] Built target rosgraph_msgs_generate_messages_cpp
[0.377s] [  0%] Built target actionlib_generate_messages_py
[0.378s] [  0%] Built target actionlib_msgs_generate_messages_nodejs
[0.378s] [  0%] Built target actionlib_generate_messages_nodejs
[0.378s] [  0%] Built target actionlib_msgs_generate_messages_cpp
[0.378s] [  0%] Built target tf2_msgs_generate_messages_lisp
[0.378s] [  0%] Built target gazebo_msgs_generate_messages_eus
[0.379s] [  0%] Built target std_msgs_generate_messages_eus
[0.380s] [  0%] Built target tf_generate_messages_py
[0.382s] [  0%] Built target actionlib_msgs_generate_messages_lisp
[0.383s] [  0%] Built target tf2_msgs_generate_messages_nodejs
[0.384s] [  0%] Built target geometry_msgs_generate_messages_nodejs
[0.420s] [100%] Built target realsense_gazebo_plugin
[0.494s] Invoked command in '/home/msi/caato2_ws/build/realsense_gazebo_plugin' returned '0': /usr/bin/cmake --build /home/msi/caato2_ws/build/realsense_gazebo_plugin -- -j20 -l20
[0.696s] Invoking command in '/home/msi/caato2_ws/build/realsense_gazebo_plugin': /usr/bin/cmake --build /home/msi/caato2_ws/build/realsense_gazebo_plugin --target tests -- -j20 -l20
[0.775s] Built target tests
[0.790s] Invoked command in '/home/msi/caato2_ws/build/realsense_gazebo_plugin' returned '0': /usr/bin/cmake --build /home/msi/caato2_ws/build/realsense_gazebo_plugin --target tests -- -j20 -l20
[0.868s] Invoking command in '/home/msi/caato2_ws/build/realsense_gazebo_plugin': /usr/bin/cmake --install /home/msi/caato2_ws/build/realsense_gazebo_plugin
[0.874s] -- Install configuration: ""
[0.875s] -- Up-to-date: /home/msi/caato2_ws/install/realsense_gazebo_plugin/lib/pkgconfig/realsense_gazebo_plugin.pc
[0.875s] -- Up-to-date: /home/msi/caato2_ws/install/realsense_gazebo_plugin/share/realsense_gazebo_plugin/cmake/realsense_gazebo_pluginConfig.cmake
[0.876s] -- Up-to-date: /home/msi/caato2_ws/install/realsense_gazebo_plugin/share/realsense_gazebo_plugin/cmake/realsense_gazebo_pluginConfig-version.cmake
[0.876s] -- Up-to-date: /home/msi/caato2_ws/install/realsense_gazebo_plugin/share/realsense_gazebo_plugin/package.xml
[0.877s] -- Up-to-date: /home/msi/caato2_ws/install/realsense_gazebo_plugin/lib/librealsense_gazebo_plugin.so
[0.878s] -- Up-to-date: /home/msi/caato2_ws/install/realsense_gazebo_plugin/share/realsense_gazebo_plugin/include
[0.878s] -- Up-to-date: /home/msi/caato2_ws/install/realsense_gazebo_plugin/share/realsense_gazebo_plugin/include/realsense_gazebo_plugin
[0.878s] -- Up-to-date: /home/msi/caato2_ws/install/realsense_gazebo_plugin/share/realsense_gazebo_plugin/include/realsense_gazebo_plugin/gazebo_ros_realsense.h
[0.878s] -- Up-to-date: /home/msi/caato2_ws/install/realsense_gazebo_plugin/share/realsense_gazebo_plugin/include/realsense_gazebo_plugin/RealSensePlugin.h
[0.926s] Invoked command in '/home/msi/caato2_ws/build/realsense_gazebo_plugin' returned '0': /usr/bin/cmake --install /home/msi/caato2_ws/build/realsense_gazebo_plugin
