[0.182s] Invoking command in '/home/msi/caato2_ws/build/realsense_gazebo_plugin': /usr/bin/cmake --build /home/msi/caato2_ws/build/realsense_gazebo_plugin -- -j20 -l20
[0.220s] [  0%] Built target dynamic_reconfigure_generate_messages_eus
[0.231s] [  0%] Built target trajectory_msgs_generate_messages_nodejs
[0.237s] [  0%] Built target gazebo_msgs_generate_messages_nodejs
[0.237s] [  0%] Built target gazebo_msgs_generate_messages_py
[0.237s] [  0%] Built target trajectory_msgs_generate_messages_cpp
[0.237s] [  0%] Built target trajectory_msgs_generate_messages_lisp
[0.237s] [  0%] Built target dynamic_reconfigure_gencfg
[0.237s] [  0%] Built target std_srvs_generate_messages_lisp
[0.238s] [  0%] Built target std_msgs_generate_messages_nodejs
[0.240s] [  0%] Built target std_srvs_generate_messages_eus
[0.245s] [  0%] Built target std_msgs_generate_messages_py
[0.245s] [  0%] Built target std_msgs_generate_messages_cpp
[0.245s] [  0%] Built target gazebo_msgs_generate_messages_cpp
[0.245s] [  0%] Built target geometry_msgs_generate_messages_eus
[0.263s] [  0%] Built target dynamic_reconfigure_generate_messages_lisp
[0.265s] [  0%] Built target rosgraph_msgs_generate_messages_nodejs
[0.265s] [  0%] Built target actionlib_msgs_generate_messages_py
[0.265s] [  0%] Built target tf2_msgs_generate_messages_cpp
[0.266s] [  0%] Built target actionlib_generate_messages_cpp
[0.266s] [  0%] Built target roscpp_generate_messages_lisp
[0.277s] [  0%] Built target actionlib_generate_messages_lisp
[0.277s] [  0%] Built target std_msgs_generate_messages_lisp
[0.277s] [  0%] Built target std_srvs_generate_messages_cpp
[0.278s] [  0%] Built target std_srvs_generate_messages_nodejs
[0.279s] [  0%] Built target tf_generate_messages_eus
[0.287s] [  0%] Built target rosgraph_msgs_generate_messages_lisp
[0.291s] [  0%] Built target dynamic_reconfigure_generate_messages_py
[0.292s] [  0%] Built target actionlib_msgs_generate_messages_eus
[0.294s] [  0%] Built target rosgraph_msgs_generate_messages_py
[0.304s] [  0%] Built target trajectory_msgs_generate_messages_eus
[0.323s] [  0%] Built target roscpp_generate_messages_py
[0.323s] [  0%] Built target geometry_msgs_generate_messages_py
[0.328s] [  0%] Built target geometry_msgs_generate_messages_cpp
[0.328s] [  0%] Built target gazebo_ros_gencfg
[0.328s] [  0%] Built target tf2_msgs_generate_messages_eus
[0.328s] [  0%] Built target sensor_msgs_generate_messages_py
[0.329s] [  0%] Built target gazebo_msgs_generate_messages_lisp
[0.329s] [  0%] Built target roscpp_generate_messages_eus
[0.330s] [  0%] Built target dynamic_reconfigure_generate_messages_nodejs
[0.330s] [  0%] Built target roscpp_generate_messages_cpp
[0.332s] [  0%] Built target tf2_msgs_generate_messages_py
[0.333s] [  0%] Built target roscpp_generate_messages_nodejs
[0.333s] [  0%] Built target geometry_msgs_generate_messages_lisp
[0.333s] [  0%] Built target tf_generate_messages_cpp
[0.346s] [  0%] Built target rosgraph_msgs_generate_messages_eus
[0.350s] [  0%] Built target std_srvs_generate_messages_py
[0.362s] [  0%] Built target tf_generate_messages_nodejs
[0.362s] [  0%] Built target dynamic_reconfigure_generate_messages_cpp
[0.362s] [  0%] Built target sensor_msgs_generate_messages_cpp
[0.362s] [  0%] Built target sensor_msgs_generate_messages_eus
[0.362s] [  0%] Built target sensor_msgs_generate_messages_nodejs
[0.362s] [  0%] Built target sensor_msgs_generate_messages_lisp
[0.363s] [  0%] Built target trajectory_msgs_generate_messages_py
[0.363s] [  0%] Built target tf_generate_messages_lisp
[0.364s] [  0%] Built target rosgraph_msgs_generate_messages_cpp
[0.371s] [  0%] Built target std_msgs_generate_messages_eus
[0.371s] [  0%] Built target actionlib_generate_messages_eus
[0.371s] [  0%] Built target tf_generate_messages_py
[0.371s] [  0%] Built target actionlib_msgs_generate_messages_nodejs
[0.372s] [  0%] Built target actionlib_generate_messages_nodejs
[0.372s] [  0%] Built target actionlib_generate_messages_py
[0.373s] [  0%] Built target actionlib_msgs_generate_messages_cpp
[0.373s] [  0%] Built target actionlib_msgs_generate_messages_lisp
[0.381s] [  0%] Built target tf2_msgs_generate_messages_lisp
[0.386s] [  0%] Built target tf2_msgs_generate_messages_nodejs
[0.390s] [  0%] Built target gazebo_msgs_generate_messages_eus
[0.392s] [  0%] Built target geometry_msgs_generate_messages_nodejs
[0.424s] [100%] Built target realsense_gazebo_plugin
[0.519s] Invoked command in '/home/msi/caato2_ws/build/realsense_gazebo_plugin' returned '0': /usr/bin/cmake --build /home/msi/caato2_ws/build/realsense_gazebo_plugin -- -j20 -l20
