[0.057s] Invoking command in '/home/msi/caato2_ws/build/map_server': /usr/bin/cmake --build /home/msi/caato2_ws/build/map_server -- -j20 -l20
[0.271s] [ 18%] Built target gtest
[0.271s] [ 54%] Built target map_server-map_saver
[0.271s] [ 54%] Built target image_loader
[0.271s] [ 81%] Built target rtest
[0.271s] [100%] Built target map_server
[0.373s] Invoked command in '/home/msi/caato2_ws/build/map_server' returned '0': /usr/bin/cmake --build /home/msi/caato2_ws/build/map_server -- -j20 -l20
[0.476s] Invoking command in '/home/msi/caato2_ws/build/map_server': /usr/bin/cmake --build /home/msi/caato2_ws/build/map_server --target tests -- -j20 -l20
[0.528s] [ 28%] Built target gtest
[0.528s] [ 57%] Built target image_loader
[0.543s] [100%] Built target map_server_utest
[0.557s] [100%] Built target tests
[0.621s] Invoked command in '/home/msi/caato2_ws/build/map_server' returned '0': /usr/bin/cmake --build /home/msi/caato2_ws/build/map_server --target tests -- -j20 -l20
[0.756s] Invoking command in '/home/msi/caato2_ws/build/map_server': /usr/bin/cmake --install /home/msi/caato2_ws/build/map_server
[0.775s] -- Install configuration: ""
[0.776s] -- Up-to-date: /home/msi/caato2_ws/install/map_server/lib/pkgconfig/map_server.pc
[0.777s] -- Up-to-date: /home/msi/caato2_ws/install/map_server/share/map_server/cmake/map_serverConfig.cmake
[0.777s] -- Up-to-date: /home/msi/caato2_ws/install/map_server/share/map_server/cmake/map_serverConfig-version.cmake
[0.777s] -- Up-to-date: /home/msi/caato2_ws/install/map_server/share/map_server/package.xml
[0.777s] -- Up-to-date: /home/msi/caato2_ws/install/map_server/lib/map_server/map_saver
[0.777s] -- Up-to-date: /home/msi/caato2_ws/install/map_server/lib/map_server/map_server
[0.777s] -- Up-to-date: /home/msi/caato2_ws/install/map_server/lib/libimage_loader.so
[0.777s] -- Up-to-date: /home/msi/caato2_ws/install/map_server/include/map_server
[0.778s] -- Up-to-date: /home/msi/caato2_ws/install/map_server/include/map_server/image_loader.h
[0.779s] -- Up-to-date: /home/msi/caato2_ws/install/map_server/lib/map_server/crop_map
[0.820s] Invoked command in '/home/msi/caato2_ws/build/map_server' returned '0': /usr/bin/cmake --install /home/msi/caato2_ws/build/map_server
