[0.184s] Invoking command in '/home/msi/caato2_ws/build/trolley_arm': /usr/bin/cmake --build /home/msi/caato2_ws/build/trolley_arm -- -j20 -l20
[0.216s] [  0%] Built target std_msgs_generate_messages_lisp
[0.219s] [  0%] Built target std_msgs_generate_messages_cpp
[0.220s] [  0%] Built target std_msgs_generate_messages_py
[0.220s] [  0%] Built target std_msgs_generate_messages_eus
[0.220s] [  0%] Built target std_msgs_generate_messages_nodejs
[0.264s] [  0%] Built target _trolley_arm_generate_messages_check_deps_arm
[0.287s] [  9%] Built target trolley_arm_generate_messages_lisp
[0.287s] [ 18%] Built target trolley_arm_generate_messages_nodejs
[0.287s] [ 36%] Built target trolley_arm_generate_messages_py
[0.287s] [ 54%] Built target trolley_arm_generate_messages_eus
[0.290s] [ 63%] Built target trolley_arm_generate_messages_cpp
[0.305s] [ 63%] Built target trolley_arm_gencpp
[0.305s] [ 63%] Built target trolley_arm_generate_messages
[0.324s] [100%] Built target arm_client
[0.324s] [100%] Built target arm_server
[0.349s] Invoked command in '/home/msi/caato2_ws/build/trolley_arm' returned '0': /usr/bin/cmake --build /home/msi/caato2_ws/build/trolley_arm -- -j20 -l20
[0.424s] Invoking command in '/home/msi/caato2_ws/build/trolley_arm': /usr/bin/cmake --build /home/msi/caato2_ws/build/trolley_arm --target tests -- -j20 -l20
[0.492s] Built target tests
[0.518s] Invoked command in '/home/msi/caato2_ws/build/trolley_arm' returned '0': /usr/bin/cmake --build /home/msi/caato2_ws/build/trolley_arm --target tests -- -j20 -l20
[0.602s] Invoking command in '/home/msi/caato2_ws/build/trolley_arm': /usr/bin/cmake --install /home/msi/caato2_ws/build/trolley_arm
[0.611s] -- Install configuration: ""
[0.611s] -- Up-to-date: /home/msi/caato2_ws/install/trolley_arm/share/trolley_arm/srv/arm.srv
[0.612s] -- Up-to-date: /home/msi/caato2_ws/install/trolley_arm/share/trolley_arm/cmake/trolley_arm-msg-paths.cmake
[0.612s] -- Up-to-date: /home/msi/caato2_ws/install/trolley_arm/include/trolley_arm
[0.612s] -- Up-to-date: /home/msi/caato2_ws/install/trolley_arm/include/trolley_arm/armRequest.h
[0.612s] -- Up-to-date: /home/msi/caato2_ws/install/trolley_arm/include/trolley_arm/armResponse.h
[0.612s] -- Up-to-date: /home/msi/caato2_ws/install/trolley_arm/include/trolley_arm/arm.h
[0.613s] -- Up-to-date: /home/msi/caato2_ws/install/trolley_arm/share/roseus/ros/trolley_arm
[0.613s] -- Up-to-date: /home/msi/caato2_ws/install/trolley_arm/share/roseus/ros/trolley_arm/manifest.l
[0.613s] -- Up-to-date: /home/msi/caato2_ws/install/trolley_arm/share/roseus/ros/trolley_arm/srv
[0.613s] -- Up-to-date: /home/msi/caato2_ws/install/trolley_arm/share/roseus/ros/trolley_arm/srv/arm.l
[0.613s] -- Up-to-date: /home/msi/caato2_ws/install/trolley_arm/share/common-lisp/ros/trolley_arm
[0.613s] -- Up-to-date: /home/msi/caato2_ws/install/trolley_arm/share/common-lisp/ros/trolley_arm/srv
[0.613s] -- Up-to-date: /home/msi/caato2_ws/install/trolley_arm/share/common-lisp/ros/trolley_arm/srv/_package.lisp
[0.613s] -- Up-to-date: /home/msi/caato2_ws/install/trolley_arm/share/common-lisp/ros/trolley_arm/srv/arm.lisp
[0.614s] -- Up-to-date: /home/msi/caato2_ws/install/trolley_arm/share/common-lisp/ros/trolley_arm/srv/_package_arm.lisp
[0.614s] -- Up-to-date: /home/msi/caato2_ws/install/trolley_arm/share/common-lisp/ros/trolley_arm/srv/trolley_arm-srv.asd
[0.614s] -- Up-to-date: /home/msi/caato2_ws/install/trolley_arm/share/gennodejs/ros/trolley_arm
[0.615s] -- Up-to-date: /home/msi/caato2_ws/install/trolley_arm/share/gennodejs/ros/trolley_arm/_index.js
[0.615s] -- Up-to-date: /home/msi/caato2_ws/install/trolley_arm/share/gennodejs/ros/trolley_arm/srv
[0.615s] -- Up-to-date: /home/msi/caato2_ws/install/trolley_arm/share/gennodejs/ros/trolley_arm/srv/_index.js
[0.615s] -- Up-to-date: /home/msi/caato2_ws/install/trolley_arm/share/gennodejs/ros/trolley_arm/srv/arm.js
[0.616s] Listing '/home/msi/caato2_ws/build/trolley_arm/devel/lib/python3/dist-packages/trolley_arm'...
[0.616s] Listing '/home/msi/caato2_ws/build/trolley_arm/devel/lib/python3/dist-packages/trolley_arm/srv'...
[0.617s] -- Up-to-date: /home/msi/caato2_ws/install/trolley_arm/lib/python3/dist-packages/trolley_arm
[0.617s] -- Up-to-date: /home/msi/caato2_ws/install/trolley_arm/lib/python3/dist-packages/trolley_arm/srv
[0.617s] -- Up-to-date: /home/msi/caato2_ws/install/trolley_arm/lib/python3/dist-packages/trolley_arm/srv/_arm.py
[0.617s] -- Up-to-date: /home/msi/caato2_ws/install/trolley_arm/lib/python3/dist-packages/trolley_arm/srv/__init__.py
[0.617s] -- Up-to-date: /home/msi/caato2_ws/install/trolley_arm/lib/python3/dist-packages/trolley_arm/srv/__pycache__
[0.618s] -- Up-to-date: /home/msi/caato2_ws/install/trolley_arm/lib/python3/dist-packages/trolley_arm/srv/__pycache__/_arm.cpython-38.pyc
[0.618s] -- Up-to-date: /home/msi/caato2_ws/install/trolley_arm/lib/python3/dist-packages/trolley_arm/srv/__pycache__/__init__.cpython-38.pyc
[0.618s] -- Up-to-date: /home/msi/caato2_ws/install/trolley_arm/lib/python3/dist-packages/trolley_arm/__init__.py
[0.618s] -- Up-to-date: /home/msi/caato2_ws/install/trolley_arm/lib/python3/dist-packages/trolley_arm/__pycache__
[0.618s] -- Up-to-date: /home/msi/caato2_ws/install/trolley_arm/lib/python3/dist-packages/trolley_arm/__pycache__/__init__.cpython-38.pyc
[0.619s] -- Up-to-date: /home/msi/caato2_ws/install/trolley_arm/lib/pkgconfig/trolley_arm.pc
[0.620s] -- Up-to-date: /home/msi/caato2_ws/install/trolley_arm/share/trolley_arm/cmake/trolley_arm-msg-extras.cmake
[0.620s] -- Up-to-date: /home/msi/caato2_ws/install/trolley_arm/share/trolley_arm/cmake/trolley_armConfig.cmake
[0.620s] -- Up-to-date: /home/msi/caato2_ws/install/trolley_arm/share/trolley_arm/cmake/trolley_armConfig-version.cmake
[0.621s] -- Up-to-date: /home/msi/caato2_ws/install/trolley_arm/share/trolley_arm/package.xml
[0.621s] -- Up-to-date: /home/msi/caato2_ws/install/trolley_arm/share/trolley_arm/launch
[0.621s] -- Up-to-date: /home/msi/caato2_ws/install/trolley_arm/share/trolley_arm/launch/arm.launch
[0.621s] -- Up-to-date: /home/msi/caato2_ws/install/trolley_arm/share/trolley_arm/src
[0.622s] -- Up-to-date: /home/msi/caato2_ws/install/trolley_arm/share/trolley_arm/src/arm_server.cpp
[0.622s] -- Up-to-date: /home/msi/caato2_ws/install/trolley_arm/share/trolley_arm/src/arm_client.cpp
[0.622s] -- Up-to-date: /home/msi/caato2_ws/install/trolley_arm/lib/trolley_arm/arm_server
[0.622s] -- Up-to-date: /home/msi/caato2_ws/install/trolley_arm/lib/trolley_arm/arm_client
[0.644s] Invoked command in '/home/msi/caato2_ws/build/trolley_arm' returned '0': /usr/bin/cmake --install /home/msi/caato2_ws/build/trolley_arm
