[0.061s] Invoking command in '/home/msi/caato2_ws/build/caato_description': /usr/bin/cmake --build /home/msi/caato2_ws/build/caato_description -- -j20 -l20
[0.286s] Built target caato_description_xacro_generated_to_devel_space_
[0.343s] Invoked command in '/home/msi/caato2_ws/build/caato_description' returned '0': /usr/bin/cmake --build /home/msi/caato2_ws/build/caato_description -- -j20 -l20
[0.427s] Invoking command in '/home/msi/caato2_ws/build/caato_description': /usr/bin/cmake --build /home/msi/caato2_ws/build/caato_description --target tests -- -j20 -l20
[0.469s] Built target tests
[0.508s] Invoked command in '/home/msi/caato2_ws/build/caato_description' returned '0': /usr/bin/cmake --build /home/msi/caato2_ws/build/caato_description --target tests -- -j20 -l20
[0.575s] Invoking command in '/home/msi/caato2_ws/build/caato_description': /usr/bin/cmake --install /home/msi/caato2_ws/build/caato_description
[0.597s] -- Install configuration: ""
[0.597s] -- Up-to-date: /home/msi/caato2_ws/install/caato_description/lib/pkgconfig/caato_description.pc
[0.597s] -- Up-to-date: /home/msi/caato2_ws/install/caato_description/share/caato_description/cmake/caato_descriptionConfig.cmake
[0.597s] -- Up-to-date: /home/msi/caato2_ws/install/caato_description/share/caato_description/cmake/caato_descriptionConfig-version.cmake
[0.598s] -- Up-to-date: /home/msi/caato2_ws/install/caato_description/share/caato_description/package.xml
[0.598s] -- Up-to-date: /home/msi/caato2_ws/install/caato_description/share/caato_description/launch
[0.598s] -- Up-to-date: /home/msi/caato2_ws/install/caato_description/share/caato_description/launch/description.launch
[0.598s] -- Up-to-date: /home/msi/caato2_ws/install/caato_description/share/caato_description/meshes
[0.598s] -- Up-to-date: /home/msi/caato2_ws/install/caato_description/share/caato_description/meshes/002._dc_brushed_wheels.stl
[0.598s] -- Up-to-date: /home/msi/caato2_ws/install/caato_description/share/caato_description/meshes/hokuyo_laser_scanner.stl
[0.599s] -- Up-to-date: /home/msi/caato2_ws/install/caato_description/share/caato_description/meshes/wheels
[0.599s] -- Up-to-date: /home/msi/caato2_ws/install/caato_description/share/caato_description/meshes/wheels/front_caster_wheel.stl
[0.599s] -- Up-to-date: /home/msi/caato2_ws/install/caato_description/share/caato_description/meshes/wheels/drive_wheel.stl
[0.599s] -- Up-to-date: /home/msi/caato2_ws/install/caato_description/share/caato_description/meshes/wheels/rear_caster_wheel.stl
[0.599s] -- Up-to-date: /home/msi/caato2_ws/install/caato_description/share/caato_description/meshes/xiaomi_pro_hub_motor.stl
[0.599s] -- Up-to-date: /home/msi/caato2_ws/install/caato_description/share/caato_description/meshes/sensors
[0.599s] -- Up-to-date: /home/msi/caato2_ws/install/caato_description/share/caato_description/meshes/sensors/hokuyo_laser_scanner.stl
[0.599s] -- Up-to-date: /home/msi/caato2_ws/install/caato_description/share/caato_description/meshes/sensors/pal.stl
[0.600s] -- Up-to-date: /home/msi/caato2_ws/install/caato_description/share/caato_description/meshes/castor_wheel.stl
[0.600s] -- Up-to-date: /home/msi/caato2_ws/install/caato_description/share/caato_description/meshes/castor_mount.stl
[0.600s] -- Up-to-date: /home/msi/caato2_ws/install/caato_description/share/caato_description/meshes/bases
[0.600s] -- Up-to-date: /home/msi/caato2_ws/install/caato_description/share/caato_description/meshes/bases/caato_v1.stl
[0.600s] -- Up-to-date: /home/msi/caato2_ws/install/caato_description/share/caato_description/meshes/base_link.stl
[0.601s] -- Up-to-date: /home/msi/caato2_ws/install/caato_description/share/caato_description/urdf
[0.601s] -- Up-to-date: /home/msi/caato2_ws/install/caato_description/share/caato_description/urdf/dreamvue.xacro
[0.601s] -- Up-to-date: /home/msi/caato2_ws/install/caato_description/share/caato_description/urdf/backup
[0.601s] -- Up-to-date: /home/msi/caato2_ws/install/caato_description/share/caato_description/urdf/backup/locust_360Cam.urdf.xacro
[0.601s] -- Up-to-date: /home/msi/caato2_ws/install/caato_description/share/caato_description/urdf/caato_v1f.gazebo.xacro
[0.601s] -- Up-to-date: /home/msi/caato2_ws/install/caato_description/share/caato_description/urdf/caato.urdf
[0.601s] -- Up-to-date: /home/msi/caato2_ws/install/caato_description/share/caato_description/urdf/caato_v1f.urdf.xacro
[0.601s] -- Up-to-date: /home/msi/caato2_ws/install/caato_description/share/caato_description/urdf/common_properties.xacro
[0.601s] -- Up-to-date: /home/msi/caato2_ws/install/caato_description/share/caato_description/urdf/macro.xacro
[0.602s] -- Up-to-date: /home/msi/caato2_ws/install/caato_description/share/caato_description/urdf/caato.gazebo.xacro
[0.602s] -- Up-to-date: /home/msi/caato2_ws/install/caato_description/share/caato_description/urdf/caato_v1m.urdf.xacro
[0.602s] -- Up-to-date: /home/msi/caato2_ws/install/caato_description/share/caato_description/urdf/caato_v1.gazebo.xacro
[0.602s] -- Up-to-date: /home/msi/caato2_ws/install/caato_description/share/caato_description/urdf/caato_v1a.urdf.xacro
[0.628s] Invoked command in '/home/msi/caato2_ws/build/caato_description' returned '0': /usr/bin/cmake --install /home/msi/caato2_ws/build/caato_description
