[0.143s] Invoking command in '/home/msi/caato2_ws/build/rviz_atc_plugins': CMAKE_PREFIX_PATH=/home/msi/caato2_ws/install/plc_modbus_node:/home/msi/caato2_ws/install/atc_utils:/home/msi/caato2_ws/install/atc_msgs:${CMAKE_PREFIX_PATH} LD_LIBRARY_PATH=/home/msi/caato2_ws/install/atc_utils/lib:${LD_LIBRARY_PATH} PKG_CONFIG_PATH=/home/msi/caato2_ws/install/plc_modbus_node/lib/x86_64-linux-gnu/pkgconfig:/home/msi/caato2_ws/install/plc_modbus_node/lib/pkgconfig:/home/msi/caato2_ws/install/atc_utils/lib/x86_64-linux-gnu/pkgconfig:/home/msi/caato2_ws/install/atc_utils/lib/pkgconfig:/home/msi/caato2_ws/install/atc_msgs/lib/x86_64-linux-gnu/pkgconfig:/home/msi/caato2_ws/install/atc_msgs/lib/pkgconfig:${PKG_CONFIG_PATH} PYTHONPATH=/home/msi/caato2_ws/install/plc_modbus_node/lib/python3/dist-packages:/home/msi/caato2_ws/install/atc_msgs/lib/python3/dist-packages:${PYTHONPATH} ROS_PACKAGE_PATH=/home/msi/caato2_ws/install/plc_modbus_node/share:/home/msi/caato2_ws/install/atc_utils/share:/home/msi/caato2_ws/install/atc_msgs/share:${ROS_PACKAGE_PATH} /usr/bin/cmake --build /home/msi/caato2_ws/build/rviz_atc_plugins -- -j20 -l20
[0.195s] [ 12%] [34m[1mAutomatic MOC for target rviz_atc_plugins[0m
[0.239s] [ 12%] Built target rviz_atc_plugins_autogen
[0.286s] [100%] Built target rviz_atc_plugins
[0.324s] Invoked command in '/home/msi/caato2_ws/build/rviz_atc_plugins' returned '0': CMAKE_PREFIX_PATH=/home/msi/caato2_ws/install/plc_modbus_node:/home/msi/caato2_ws/install/atc_utils:/home/msi/caato2_ws/install/atc_msgs:${CMAKE_PREFIX_PATH} LD_LIBRARY_PATH=/home/msi/caato2_ws/install/atc_utils/lib:${LD_LIBRARY_PATH} PKG_CONFIG_PATH=/home/msi/caato2_ws/install/plc_modbus_node/lib/x86_64-linux-gnu/pkgconfig:/home/msi/caato2_ws/install/plc_modbus_node/lib/pkgconfig:/home/msi/caato2_ws/install/atc_utils/lib/x86_64-linux-gnu/pkgconfig:/home/msi/caato2_ws/install/atc_utils/lib/pkgconfig:/home/msi/caato2_ws/install/atc_msgs/lib/x86_64-linux-gnu/pkgconfig:/home/msi/caato2_ws/install/atc_msgs/lib/pkgconfig:${PKG_CONFIG_PATH} PYTHONPATH=/home/msi/caato2_ws/install/plc_modbus_node/lib/python3/dist-packages:/home/msi/caato2_ws/install/atc_msgs/lib/python3/dist-packages:${PYTHONPATH} ROS_PACKAGE_PATH=/home/msi/caato2_ws/install/plc_modbus_node/share:/home/msi/caato2_ws/install/atc_utils/share:/home/msi/caato2_ws/install/atc_msgs/share:${ROS_PACKAGE_PATH} /usr/bin/cmake --build /home/msi/caato2_ws/build/rviz_atc_plugins -- -j20 -l20
[0.394s] Invoking command in '/home/msi/caato2_ws/build/rviz_atc_plugins': CMAKE_PREFIX_PATH=/home/msi/caato2_ws/install/plc_modbus_node:/home/msi/caato2_ws/install/atc_utils:/home/msi/caato2_ws/install/atc_msgs:${CMAKE_PREFIX_PATH} LD_LIBRARY_PATH=/home/msi/caato2_ws/install/atc_utils/lib:${LD_LIBRARY_PATH} PKG_CONFIG_PATH=/home/msi/caato2_ws/install/plc_modbus_node/lib/x86_64-linux-gnu/pkgconfig:/home/msi/caato2_ws/install/plc_modbus_node/lib/pkgconfig:/home/msi/caato2_ws/install/atc_utils/lib/x86_64-linux-gnu/pkgconfig:/home/msi/caato2_ws/install/atc_utils/lib/pkgconfig:/home/msi/caato2_ws/install/atc_msgs/lib/x86_64-linux-gnu/pkgconfig:/home/msi/caato2_ws/install/atc_msgs/lib/pkgconfig:${PKG_CONFIG_PATH} PYTHONPATH=/home/msi/caato2_ws/install/plc_modbus_node/lib/python3/dist-packages:/home/msi/caato2_ws/install/atc_msgs/lib/python3/dist-packages:${PYTHONPATH} ROS_PACKAGE_PATH=/home/msi/caato2_ws/install/plc_modbus_node/share:/home/msi/caato2_ws/install/atc_utils/share:/home/msi/caato2_ws/install/atc_msgs/share:${ROS_PACKAGE_PATH} /usr/bin/cmake --build /home/msi/caato2_ws/build/rviz_atc_plugins --target tests -- -j20 -l20
[0.468s] Built target tests
[0.591s] Invoked command in '/home/msi/caato2_ws/build/rviz_atc_plugins' returned '0': CMAKE_PREFIX_PATH=/home/msi/caato2_ws/install/plc_modbus_node:/home/msi/caato2_ws/install/atc_utils:/home/msi/caato2_ws/install/atc_msgs:${CMAKE_PREFIX_PATH} LD_LIBRARY_PATH=/home/msi/caato2_ws/install/atc_utils/lib:${LD_LIBRARY_PATH} PKG_CONFIG_PATH=/home/msi/caato2_ws/install/plc_modbus_node/lib/x86_64-linux-gnu/pkgconfig:/home/msi/caato2_ws/install/plc_modbus_node/lib/pkgconfig:/home/msi/caato2_ws/install/atc_utils/lib/x86_64-linux-gnu/pkgconfig:/home/msi/caato2_ws/install/atc_utils/lib/pkgconfig:/home/msi/caato2_ws/install/atc_msgs/lib/x86_64-linux-gnu/pkgconfig:/home/msi/caato2_ws/install/atc_msgs/lib/pkgconfig:${PKG_CONFIG_PATH} PYTHONPATH=/home/msi/caato2_ws/install/plc_modbus_node/lib/python3/dist-packages:/home/msi/caato2_ws/install/atc_msgs/lib/python3/dist-packages:${PYTHONPATH} ROS_PACKAGE_PATH=/home/msi/caato2_ws/install/plc_modbus_node/share:/home/msi/caato2_ws/install/atc_utils/share:/home/msi/caato2_ws/install/atc_msgs/share:${ROS_PACKAGE_PATH} /usr/bin/cmake --build /home/msi/caato2_ws/build/rviz_atc_plugins --target tests -- -j20 -l20
[0.742s] Invoking command in '/home/msi/caato2_ws/build/rviz_atc_plugins': CMAKE_PREFIX_PATH=/home/msi/caato2_ws/install/plc_modbus_node:/home/msi/caato2_ws/install/atc_utils:/home/msi/caato2_ws/install/atc_msgs:${CMAKE_PREFIX_PATH} LD_LIBRARY_PATH=/home/msi/caato2_ws/install/atc_utils/lib:${LD_LIBRARY_PATH} PKG_CONFIG_PATH=/home/msi/caato2_ws/install/plc_modbus_node/lib/x86_64-linux-gnu/pkgconfig:/home/msi/caato2_ws/install/plc_modbus_node/lib/pkgconfig:/home/msi/caato2_ws/install/atc_utils/lib/x86_64-linux-gnu/pkgconfig:/home/msi/caato2_ws/install/atc_utils/lib/pkgconfig:/home/msi/caato2_ws/install/atc_msgs/lib/x86_64-linux-gnu/pkgconfig:/home/msi/caato2_ws/install/atc_msgs/lib/pkgconfig:${PKG_CONFIG_PATH} PYTHONPATH=/home/msi/caato2_ws/install/plc_modbus_node/lib/python3/dist-packages:/home/msi/caato2_ws/install/atc_msgs/lib/python3/dist-packages:${PYTHONPATH} ROS_PACKAGE_PATH=/home/msi/caato2_ws/install/plc_modbus_node/share:/home/msi/caato2_ws/install/atc_utils/share:/home/msi/caato2_ws/install/atc_msgs/share:${ROS_PACKAGE_PATH} /usr/bin/cmake --install /home/msi/caato2_ws/build/rviz_atc_plugins
[0.780s] -- Install configuration: ""
[0.780s] -- Up-to-date: /home/msi/caato2_ws/install/rviz_atc_plugins/lib/pkgconfig/rviz_atc_plugins.pc
[0.781s] -- Up-to-date: /home/msi/caato2_ws/install/rviz_atc_plugins/share/rviz_atc_plugins/cmake/rviz_atc_pluginsConfig.cmake
[0.781s] -- Up-to-date: /home/msi/caato2_ws/install/rviz_atc_plugins/share/rviz_atc_plugins/cmake/rviz_atc_pluginsConfig-version.cmake
[0.781s] -- Up-to-date: /home/msi/caato2_ws/install/rviz_atc_plugins/share/rviz_atc_plugins/package.xml
[0.782s] -- Up-to-date: /home/msi/caato2_ws/install/rviz_atc_plugins/lib/librviz_atc_plugins.so
[0.782s] -- Up-to-date: /home/msi/caato2_ws/install/rviz_atc_plugins/share/rviz_atc_plugins/plugin_description.xml
[0.782s] -- Up-to-date: /home/msi/caato2_ws/install/rviz_atc_plugins/share/rviz_atc_plugins/rviz
[0.783s] -- Up-to-date: /home/msi/caato2_ws/install/rviz_atc_plugins/share/rviz_atc_plugins/rviz/atc_rviz.sim.rviz
[0.784s] -- Up-to-date: /home/msi/caato2_ws/install/rviz_atc_plugins/share/rviz_atc_plugins/rviz/atc_rviz.rviz
[0.785s] -- Up-to-date: /home/msi/caato2_ws/install/rviz_atc_plugins/share/rviz_atc_plugins/rviz/with_tag_detection.rviz
[0.785s] -- Up-to-date: /home/msi/caato2_ws/install/rviz_atc_plugins/share/rviz_atc_plugins/media
[0.785s] -- Up-to-date: /home/msi/caato2_ws/install/rviz_atc_plugins/share/rviz_atc_plugins/media/flag2.dae
[0.786s] -- Up-to-date: /home/msi/caato2_ws/install/rviz_atc_plugins/share/rviz_atc_plugins/media/flag.dae
[0.787s] -- Up-to-date: /home/msi/caato2_ws/install/rviz_atc_plugins/share/rviz_atc_plugins/media/arrow.dae
[0.787s] -- Up-to-date: /home/msi/caato2_ws/install/rviz_atc_plugins/share/rviz_atc_plugins/icons
[0.787s] -- Up-to-date: /home/msi/caato2_ws/install/rviz_atc_plugins/share/rviz_atc_plugins/icons/classes
[0.787s] -- Up-to-date: /home/msi/caato2_ws/install/rviz_atc_plugins/share/rviz_atc_plugins/icons/classes/PlantFlag.png
[0.787s] -- Up-to-date: /home/msi/caato2_ws/install/rviz_atc_plugins/share/rviz_atc_plugins/icons/classes/Imu.png
[0.788s] -- Up-to-date: /home/msi/caato2_ws/install/rviz_atc_plugins/share/rviz_atc_plugins/icons/classes/Teleop.png
[0.789s] -- Up-to-date: /home/msi/caato2_ws/install/rviz_atc_plugins/lib/rviz_atc_plugins/send_test_msgs.py
[0.847s] Invoked command in '/home/msi/caato2_ws/build/rviz_atc_plugins' returned '0': CMAKE_PREFIX_PATH=/home/msi/caato2_ws/install/plc_modbus_node:/home/msi/caato2_ws/install/atc_utils:/home/msi/caato2_ws/install/atc_msgs:${CMAKE_PREFIX_PATH} LD_LIBRARY_PATH=/home/msi/caato2_ws/install/atc_utils/lib:${LD_LIBRARY_PATH} PKG_CONFIG_PATH=/home/msi/caato2_ws/install/plc_modbus_node/lib/x86_64-linux-gnu/pkgconfig:/home/msi/caato2_ws/install/plc_modbus_node/lib/pkgconfig:/home/msi/caato2_ws/install/atc_utils/lib/x86_64-linux-gnu/pkgconfig:/home/msi/caato2_ws/install/atc_utils/lib/pkgconfig:/home/msi/caato2_ws/install/atc_msgs/lib/x86_64-linux-gnu/pkgconfig:/home/msi/caato2_ws/install/atc_msgs/lib/pkgconfig:${PKG_CONFIG_PATH} PYTHONPATH=/home/msi/caato2_ws/install/plc_modbus_node/lib/python3/dist-packages:/home/msi/caato2_ws/install/atc_msgs/lib/python3/dist-packages:${PYTHONPATH} ROS_PACKAGE_PATH=/home/msi/caato2_ws/install/plc_modbus_node/share:/home/msi/caato2_ws/install/atc_utils/share:/home/msi/caato2_ws/install/atc_msgs/share:${ROS_PACKAGE_PATH} /usr/bin/cmake --install /home/msi/caato2_ws/build/rviz_atc_plugins
