[0.112s] Invoking command in '/home/msi/caato2_ws/build/atc_waypoints': CMAKE_PREFIX_PATH=/home/msi/caato2_ws/install/atc_utils:/home/msi/caato2_ws/install/atc_msgs:${CMAKE_PREFIX_PATH} LD_LIBRARY_PATH=/home/msi/caato2_ws/install/atc_utils/lib:${LD_LIBRARY_PATH} PKG_CONFIG_PATH=/home/msi/caato2_ws/install/atc_utils/lib/x86_64-linux-gnu/pkgconfig:/home/msi/caato2_ws/install/atc_utils/lib/pkgconfig:/home/msi/caato2_ws/install/atc_msgs/lib/x86_64-linux-gnu/pkgconfig:/home/msi/caato2_ws/install/atc_msgs/lib/pkgconfig:${PKG_CONFIG_PATH} PYTHONPATH=/home/msi/caato2_ws/install/atc_msgs/lib/python3/dist-packages:${PYTHONPATH} ROS_PACKAGE_PATH=/home/msi/caato2_ws/install/atc_utils/share:/home/msi/caato2_ws/install/atc_msgs/share:${ROS_PACKAGE_PATH} /usr/bin/cmake --build /home/msi/caato2_ws/build/atc_waypoints -- -j20 -l20
[0.192s] [  0%] Built target _atc_waypoints_generate_messages_check_deps_Delete_Wp
[0.192s] [  0%] Built target _atc_waypoints_generate_messages_check_deps_Load_Wp
[0.192s] [  0%] Built target _atc_waypoints_generate_messages_check_deps_waypoint_msg
[0.192s] [  0%] Built target _atc_waypoints_generate_messages_check_deps_waypointArray
[0.193s] [  0%] Built target _atc_waypoints_generate_messages_check_deps_waypoint_group
[0.193s] [  0%] Built target _atc_waypoints_generate_messages_check_deps_Run_Wp
[0.194s] [  0%] Built target _atc_waypoints_generate_messages_check_deps_Stop_Wp
[0.199s] [  0%] Built target geometry_msgs_generate_messages_cpp
[0.199s] [  0%] Built target _atc_waypoints_generate_messages_check_deps_Wp_2_Group
[0.200s] [  1%] Built target std_msgs_generate_messages_nodejs
[0.200s] [  1%] Built target std_msgs_generate_messages_py
[0.200s] [  1%] Built target geometry_msgs_generate_messages_py
[0.200s] [ 12%] Built target atc_waypoints
[0.201s] [ 12%] Built target geometry_msgs_generate_messages_nodejs
[0.206s] [ 12%] Built target std_msgs_generate_messages_lisp
[0.206s] [ 12%] Built target geometry_msgs_generate_messages_eus
[0.206s] [ 12%] Built target std_msgs_generate_messages_eus
[0.208s] [ 12%] Built target std_msgs_generate_messages_cpp
[0.216s] [ 12%] Built target geometry_msgs_generate_messages_lisp
[0.220s] [ 12%] Built target _atc_waypoints_generate_messages_check_deps_Save_Wp
[0.221s] [ 12%] Built target _atc_waypoints_generate_messages_check_deps_Groups_Wp
[0.244s] [ 55%] Built target atc_waypoints_generate_messages_nodejs
[0.246s] [ 55%] Built target atc_waypoints_generate_messages_eus
[0.246s] [ 60%] Built target atc_waypoints_generate_messages_cpp
[0.247s] [ 78%] Built target atc_waypoints_generate_messages_py
[0.247s] [ 93%] Built target atc_waypoints_generate_messages_lisp
[0.253s] [ 93%] Built target atc_waypoints_gencpp
[0.253s] [ 93%] Built target atc_waypoints_generate_messages
[0.272s] [ 96%] Built target debug_waypoints
[0.274s] [100%] Built target waypoints_server
[0.335s] Invoked command in '/home/msi/caato2_ws/build/atc_waypoints' returned '0': CMAKE_PREFIX_PATH=/home/msi/caato2_ws/install/atc_utils:/home/msi/caato2_ws/install/atc_msgs:${CMAKE_PREFIX_PATH} LD_LIBRARY_PATH=/home/msi/caato2_ws/install/atc_utils/lib:${LD_LIBRARY_PATH} PKG_CONFIG_PATH=/home/msi/caato2_ws/install/atc_utils/lib/x86_64-linux-gnu/pkgconfig:/home/msi/caato2_ws/install/atc_utils/lib/pkgconfig:/home/msi/caato2_ws/install/atc_msgs/lib/x86_64-linux-gnu/pkgconfig:/home/msi/caato2_ws/install/atc_msgs/lib/pkgconfig:${PKG_CONFIG_PATH} PYTHONPATH=/home/msi/caato2_ws/install/atc_msgs/lib/python3/dist-packages:${PYTHONPATH} ROS_PACKAGE_PATH=/home/msi/caato2_ws/install/atc_utils/share:/home/msi/caato2_ws/install/atc_msgs/share:${ROS_PACKAGE_PATH} /usr/bin/cmake --build /home/msi/caato2_ws/build/atc_waypoints -- -j20 -l20
[0.432s] Invoking command in '/home/msi/caato2_ws/build/atc_waypoints': CMAKE_PREFIX_PATH=/home/msi/caato2_ws/install/atc_utils:/home/msi/caato2_ws/install/atc_msgs:${CMAKE_PREFIX_PATH} LD_LIBRARY_PATH=/home/msi/caato2_ws/install/atc_utils/lib:${LD_LIBRARY_PATH} PKG_CONFIG_PATH=/home/msi/caato2_ws/install/atc_utils/lib/x86_64-linux-gnu/pkgconfig:/home/msi/caato2_ws/install/atc_utils/lib/pkgconfig:/home/msi/caato2_ws/install/atc_msgs/lib/x86_64-linux-gnu/pkgconfig:/home/msi/caato2_ws/install/atc_msgs/lib/pkgconfig:${PKG_CONFIG_PATH} PYTHONPATH=/home/msi/caato2_ws/install/atc_msgs/lib/python3/dist-packages:${PYTHONPATH} ROS_PACKAGE_PATH=/home/msi/caato2_ws/install/atc_utils/share:/home/msi/caato2_ws/install/atc_msgs/share:${ROS_PACKAGE_PATH} /usr/bin/cmake --build /home/msi/caato2_ws/build/atc_waypoints --target tests -- -j20 -l20
[0.485s] Built target tests
[0.568s] Invoked command in '/home/msi/caato2_ws/build/atc_waypoints' returned '0': CMAKE_PREFIX_PATH=/home/msi/caato2_ws/install/atc_utils:/home/msi/caato2_ws/install/atc_msgs:${CMAKE_PREFIX_PATH} LD_LIBRARY_PATH=/home/msi/caato2_ws/install/atc_utils/lib:${LD_LIBRARY_PATH} PKG_CONFIG_PATH=/home/msi/caato2_ws/install/atc_utils/lib/x86_64-linux-gnu/pkgconfig:/home/msi/caato2_ws/install/atc_utils/lib/pkgconfig:/home/msi/caato2_ws/install/atc_msgs/lib/x86_64-linux-gnu/pkgconfig:/home/msi/caato2_ws/install/atc_msgs/lib/pkgconfig:${PKG_CONFIG_PATH} PYTHONPATH=/home/msi/caato2_ws/install/atc_msgs/lib/python3/dist-packages:${PYTHONPATH} ROS_PACKAGE_PATH=/home/msi/caato2_ws/install/atc_utils/share:/home/msi/caato2_ws/install/atc_msgs/share:${ROS_PACKAGE_PATH} /usr/bin/cmake --build /home/msi/caato2_ws/build/atc_waypoints --target tests -- -j20 -l20
[0.680s] Invoking command in '/home/msi/caato2_ws/build/atc_waypoints': CMAKE_PREFIX_PATH=/home/msi/caato2_ws/install/atc_utils:/home/msi/caato2_ws/install/atc_msgs:${CMAKE_PREFIX_PATH} LD_LIBRARY_PATH=/home/msi/caato2_ws/install/atc_utils/lib:${LD_LIBRARY_PATH} PKG_CONFIG_PATH=/home/msi/caato2_ws/install/atc_utils/lib/x86_64-linux-gnu/pkgconfig:/home/msi/caato2_ws/install/atc_utils/lib/pkgconfig:/home/msi/caato2_ws/install/atc_msgs/lib/x86_64-linux-gnu/pkgconfig:/home/msi/caato2_ws/install/atc_msgs/lib/pkgconfig:${PKG_CONFIG_PATH} PYTHONPATH=/home/msi/caato2_ws/install/atc_msgs/lib/python3/dist-packages:${PYTHONPATH} ROS_PACKAGE_PATH=/home/msi/caato2_ws/install/atc_utils/share:/home/msi/caato2_ws/install/atc_msgs/share:${ROS_PACKAGE_PATH} /usr/bin/cmake --install /home/msi/caato2_ws/build/atc_waypoints
[0.699s] -- Install configuration: ""
[0.700s] -- Up-to-date: /home/msi/caato2_ws/install/atc_waypoints/share/atc_waypoints/msg/waypoint_msg.msg
[0.700s] -- Up-to-date: /home/msi/caato2_ws/install/atc_waypoints/share/atc_waypoints/msg/waypoint_group.msg
[0.700s] -- Up-to-date: /home/msi/caato2_ws/install/atc_waypoints/share/atc_waypoints/msg/waypointArray.msg
[0.700s] -- Up-to-date: /home/msi/caato2_ws/install/atc_waypoints/share/atc_waypoints/srv/Save_Wp.srv
[0.700s] -- Up-to-date: /home/msi/caato2_ws/install/atc_waypoints/share/atc_waypoints/srv/Load_Wp.srv
[0.700s] -- Up-to-date: /home/msi/caato2_ws/install/atc_waypoints/share/atc_waypoints/srv/Run_Wp.srv
[0.700s] -- Up-to-date: /home/msi/caato2_ws/install/atc_waypoints/share/atc_waypoints/srv/Stop_Wp.srv
[0.700s] -- Up-to-date: /home/msi/caato2_ws/install/atc_waypoints/share/atc_waypoints/srv/Delete_Wp.srv
[0.700s] -- Up-to-date: /home/msi/caato2_ws/install/atc_waypoints/share/atc_waypoints/srv/Groups_Wp.srv
[0.701s] -- Up-to-date: /home/msi/caato2_ws/install/atc_waypoints/share/atc_waypoints/srv/Wp_2_Group.srv
[0.701s] -- Up-to-date: /home/msi/caato2_ws/install/atc_waypoints/share/atc_waypoints/cmake/atc_waypoints-msg-paths.cmake
[0.701s] -- Up-to-date: /home/msi/caato2_ws/install/atc_waypoints/include/atc_waypoints
[0.701s] -- Up-to-date: /home/msi/caato2_ws/install/atc_waypoints/include/atc_waypoints/Save_Wp.h
[0.701s] -- Up-to-date: /home/msi/caato2_ws/install/atc_waypoints/include/atc_waypoints/Run_WpRequest.h
[0.701s] -- Up-to-date: /home/msi/caato2_ws/install/atc_waypoints/include/atc_waypoints/Save_WpResponse.h
[0.701s] -- Up-to-date: /home/msi/caato2_ws/install/atc_waypoints/include/atc_waypoints/Stop_Wp.h
[0.701s] -- Up-to-date: /home/msi/caato2_ws/install/atc_waypoints/include/atc_waypoints/Groups_Wp.h
[0.701s] -- Up-to-date: /home/msi/caato2_ws/install/atc_waypoints/include/atc_waypoints/Run_WpResponse.h
[0.701s] -- Up-to-date: /home/msi/caato2_ws/install/atc_waypoints/include/atc_waypoints/waypointArray.h
[0.701s] -- Up-to-date: /home/msi/caato2_ws/install/atc_waypoints/include/atc_waypoints/Load_WpRequest.h
[0.701s] -- Up-to-date: /home/msi/caato2_ws/install/atc_waypoints/include/atc_waypoints/Wp_2_GroupRequest.h
[0.701s] -- Up-to-date: /home/msi/caato2_ws/install/atc_waypoints/include/atc_waypoints/Stop_WpResponse.h
[0.701s] -- Up-to-date: /home/msi/caato2_ws/install/atc_waypoints/include/atc_waypoints/Save_WpRequest.h
[0.702s] -- Up-to-date: /home/msi/caato2_ws/install/atc_waypoints/include/atc_waypoints/Groups_WpRequest.h
[0.703s] -- Up-to-date: /home/msi/caato2_ws/install/atc_waypoints/include/atc_waypoints/Load_WpResponse.h
[0.703s] -- Up-to-date: /home/msi/caato2_ws/install/atc_waypoints/include/atc_waypoints/Wp_2_GroupResponse.h
[0.703s] -- Up-to-date: /home/msi/caato2_ws/install/atc_waypoints/include/atc_waypoints/Delete_WpRequest.h
[0.703s] -- Up-to-date: /home/msi/caato2_ws/install/atc_waypoints/include/atc_waypoints/Delete_Wp.h
[0.703s] -- Up-to-date: /home/msi/caato2_ws/install/atc_waypoints/include/atc_waypoints/Run_Wp.h
[0.703s] -- Up-to-date: /home/msi/caato2_ws/install/atc_waypoints/include/atc_waypoints/Delete_WpResponse.h
[0.703s] -- Up-to-date: /home/msi/caato2_ws/install/atc_waypoints/include/atc_waypoints/Load_Wp.h
[0.703s] -- Up-to-date: /home/msi/caato2_ws/install/atc_waypoints/include/atc_waypoints/Stop_WpRequest.h
[0.703s] -- Up-to-date: /home/msi/caato2_ws/install/atc_waypoints/include/atc_waypoints/waypoint_group.h
[0.703s] -- Up-to-date: /home/msi/caato2_ws/install/atc_waypoints/include/atc_waypoints/waypoint_msg.h
[0.704s] -- Up-to-date: /home/msi/caato2_ws/install/atc_waypoints/include/atc_waypoints/Wp_2_Group.h
[0.704s] -- Up-to-date: /home/msi/caato2_ws/install/atc_waypoints/include/atc_waypoints/Groups_WpResponse.h
[0.704s] -- Up-to-date: /home/msi/caato2_ws/install/atc_waypoints/share/roseus/ros/atc_waypoints
[0.705s] -- Up-to-date: /home/msi/caato2_ws/install/atc_waypoints/share/roseus/ros/atc_waypoints/msg
[0.705s] -- Up-to-date: /home/msi/caato2_ws/install/atc_waypoints/share/roseus/ros/atc_waypoints/msg/waypoint_msg.l
[0.705s] -- Up-to-date: /home/msi/caato2_ws/install/atc_waypoints/share/roseus/ros/atc_waypoints/msg/waypointArray.l
[0.705s] -- Up-to-date: /home/msi/caato2_ws/install/atc_waypoints/share/roseus/ros/atc_waypoints/msg/waypoint_group.l
[0.706s] -- Up-to-date: /home/msi/caato2_ws/install/atc_waypoints/share/roseus/ros/atc_waypoints/manifest.l
[0.707s] -- Up-to-date: /home/msi/caato2_ws/install/atc_waypoints/share/roseus/ros/atc_waypoints/srv
[0.707s] -- Up-to-date: /home/msi/caato2_ws/install/atc_waypoints/share/roseus/ros/atc_waypoints/srv/Groups_Wp.l
[0.707s] -- Up-to-date: /home/msi/caato2_ws/install/atc_waypoints/share/roseus/ros/atc_waypoints/srv/Wp_2_Group.l
[0.707s] -- Up-to-date: /home/msi/caato2_ws/install/atc_waypoints/share/roseus/ros/atc_waypoints/srv/Load_Wp.l
[0.707s] -- Up-to-date: /home/msi/caato2_ws/install/atc_waypoints/share/roseus/ros/atc_waypoints/srv/Run_Wp.l
[0.708s] -- Up-to-date: /home/msi/caato2_ws/install/atc_waypoints/share/roseus/ros/atc_waypoints/srv/Save_Wp.l
[0.708s] -- Up-to-date: /home/msi/caato2_ws/install/atc_waypoints/share/roseus/ros/atc_waypoints/srv/Delete_Wp.l
[0.708s] -- Up-to-date: /home/msi/caato2_ws/install/atc_waypoints/share/roseus/ros/atc_waypoints/srv/Stop_Wp.l
[0.710s] -- Up-to-date: /home/msi/caato2_ws/install/atc_waypoints/share/common-lisp/ros/atc_waypoints
[0.710s] -- Up-to-date: /home/msi/caato2_ws/install/atc_waypoints/share/common-lisp/ros/atc_waypoints/msg
[0.710s] -- Up-to-date: /home/msi/caato2_ws/install/atc_waypoints/share/common-lisp/ros/atc_waypoints/msg/_package.lisp
[0.711s] -- Up-to-date: /home/msi/caato2_ws/install/atc_waypoints/share/common-lisp/ros/atc_waypoints/msg/waypoint_msg.lisp
[0.711s] -- Up-to-date: /home/msi/caato2_ws/install/atc_waypoints/share/common-lisp/ros/atc_waypoints/msg/waypoint_group.lisp
[0.711s] -- Up-to-date: /home/msi/caato2_ws/install/atc_waypoints/share/common-lisp/ros/atc_waypoints/msg/waypointArray.lisp
[0.711s] -- Up-to-date: /home/msi/caato2_ws/install/atc_waypoints/share/common-lisp/ros/atc_waypoints/msg/atc_waypoints-msg.asd
[0.712s] -- Up-to-date: /home/msi/caato2_ws/install/atc_waypoints/share/common-lisp/ros/atc_waypoints/msg/_package_waypointArray.lisp
[0.713s] -- Up-to-date: /home/msi/caato2_ws/install/atc_waypoints/share/common-lisp/ros/atc_waypoints/msg/_package_waypoint_msg.lisp
[0.713s] -- Up-to-date: /home/msi/caato2_ws/install/atc_waypoints/share/common-lisp/ros/atc_waypoints/msg/_package_waypoint_group.lisp
[0.713s] -- Up-to-date: /home/msi/caato2_ws/install/atc_waypoints/share/common-lisp/ros/atc_waypoints/srv
[0.713s] -- Up-to-date: /home/msi/caato2_ws/install/atc_waypoints/share/common-lisp/ros/atc_waypoints/srv/_package_Run_Wp.lisp
[0.713s] -- Up-to-date: /home/msi/caato2_ws/install/atc_waypoints/share/common-lisp/ros/atc_waypoints/srv/_package.lisp
[0.713s] -- Up-to-date: /home/msi/caato2_ws/install/atc_waypoints/share/common-lisp/ros/atc_waypoints/srv/Delete_Wp.lisp
[0.714s] -- Up-to-date: /home/msi/caato2_ws/install/atc_waypoints/share/common-lisp/ros/atc_waypoints/srv/_package_Wp_2_Group.lisp
[0.714s] -- Up-to-date: /home/msi/caato2_ws/install/atc_waypoints/share/common-lisp/ros/atc_waypoints/srv/_package_Groups_Wp.lisp
[0.715s] -- Up-to-date: /home/msi/caato2_ws/install/atc_waypoints/share/common-lisp/ros/atc_waypoints/srv/_package_Stop_Wp.lisp
[0.716s] -- Up-to-date: /home/msi/caato2_ws/install/atc_waypoints/share/common-lisp/ros/atc_waypoints/srv/_package_Save_Wp.lisp
[0.716s] -- Up-to-date: /home/msi/caato2_ws/install/atc_waypoints/share/common-lisp/ros/atc_waypoints/srv/_package_Delete_Wp.lisp
[0.716s] -- Up-to-date: /home/msi/caato2_ws/install/atc_waypoints/share/common-lisp/ros/atc_waypoints/srv/Stop_Wp.lisp
[0.716s] -- Up-to-date: /home/msi/caato2_ws/install/atc_waypoints/share/common-lisp/ros/atc_waypoints/srv/Wp_2_Group.lisp
[0.716s] -- Up-to-date: /home/msi/caato2_ws/install/atc_waypoints/share/common-lisp/ros/atc_waypoints/srv/_package_Load_Wp.lisp
[0.717s] -- Up-to-date: /home/msi/caato2_ws/install/atc_waypoints/share/common-lisp/ros/atc_waypoints/srv/Groups_Wp.lisp
[0.718s] -- Up-to-date: /home/msi/caato2_ws/install/atc_waypoints/share/common-lisp/ros/atc_waypoints/srv/atc_waypoints-srv.asd
[0.718s] -- Up-to-date: /home/msi/caato2_ws/install/atc_waypoints/share/common-lisp/ros/atc_waypoints/srv/Save_Wp.lisp
[0.718s] -- Up-to-date: /home/msi/caato2_ws/install/atc_waypoints/share/common-lisp/ros/atc_waypoints/srv/Load_Wp.lisp
[0.720s] -- Up-to-date: /home/msi/caato2_ws/install/atc_waypoints/share/common-lisp/ros/atc_waypoints/srv/Run_Wp.lisp
[0.720s] -- Up-to-date: /home/msi/caato2_ws/install/atc_waypoints/share/gennodejs/ros/atc_waypoints
[0.720s] -- Up-to-date: /home/msi/caato2_ws/install/atc_waypoints/share/gennodejs/ros/atc_waypoints/_index.js
[0.720s] -- Up-to-date: /home/msi/caato2_ws/install/atc_waypoints/share/gennodejs/ros/atc_waypoints/msg
[0.720s] -- Up-to-date: /home/msi/caato2_ws/install/atc_waypoints/share/gennodejs/ros/atc_waypoints/msg/_index.js
[0.721s] -- Up-to-date: /home/msi/caato2_ws/install/atc_waypoints/share/gennodejs/ros/atc_waypoints/msg/waypoint_group.js
[0.722s] -- Up-to-date: /home/msi/caato2_ws/install/atc_waypoints/share/gennodejs/ros/atc_waypoints/msg/waypointArray.js
[0.722s] -- Up-to-date: /home/msi/caato2_ws/install/atc_waypoints/share/gennodejs/ros/atc_waypoints/msg/waypoint_msg.js
[0.722s] -- Up-to-date: /home/msi/caato2_ws/install/atc_waypoints/share/gennodejs/ros/atc_waypoints/srv
[0.722s] -- Up-to-date: /home/msi/caato2_ws/install/atc_waypoints/share/gennodejs/ros/atc_waypoints/srv/_index.js
[0.722s] -- Up-to-date: /home/msi/caato2_ws/install/atc_waypoints/share/gennodejs/ros/atc_waypoints/srv/Save_Wp.js
[0.722s] -- Up-to-date: /home/msi/caato2_ws/install/atc_waypoints/share/gennodejs/ros/atc_waypoints/srv/Run_Wp.js
[0.722s] -- Up-to-date: /home/msi/caato2_ws/install/atc_waypoints/share/gennodejs/ros/atc_waypoints/srv/Stop_Wp.js
[0.723s] -- Up-to-date: /home/msi/caato2_ws/install/atc_waypoints/share/gennodejs/ros/atc_waypoints/srv/Delete_Wp.js
[0.723s] -- Up-to-date: /home/msi/caato2_ws/install/atc_waypoints/share/gennodejs/ros/atc_waypoints/srv/Load_Wp.js
[0.723s] -- Up-to-date: /home/msi/caato2_ws/install/atc_waypoints/share/gennodejs/ros/atc_waypoints/srv/Wp_2_Group.js
[0.723s] -- Up-to-date: /home/msi/caato2_ws/install/atc_waypoints/share/gennodejs/ros/atc_waypoints/srv/Groups_Wp.js
[0.730s] Listing '/home/msi/caato2_ws/build/atc_waypoints/devel/lib/python3/dist-packages/atc_waypoints'...
[0.730s] Listing '/home/msi/caato2_ws/build/atc_waypoints/devel/lib/python3/dist-packages/atc_waypoints/msg'...
[0.731s] Listing '/home/msi/caato2_ws/build/atc_waypoints/devel/lib/python3/dist-packages/atc_waypoints/srv'...
[0.732s] -- Up-to-date: /home/msi/caato2_ws/install/atc_waypoints/lib/python3/dist-packages/atc_waypoints
[0.732s] -- Up-to-date: /home/msi/caato2_ws/install/atc_waypoints/lib/python3/dist-packages/atc_waypoints/msg
[0.732s] -- Up-to-date: /home/msi/caato2_ws/install/atc_waypoints/lib/python3/dist-packages/atc_waypoints/msg/_waypoint_group.py
[0.733s] -- Up-to-date: /home/msi/caato2_ws/install/atc_waypoints/lib/python3/dist-packages/atc_waypoints/msg/_waypointArray.py
[0.733s] -- Up-to-date: /home/msi/caato2_ws/install/atc_waypoints/lib/python3/dist-packages/atc_waypoints/msg/_waypoint_msg.py
[0.733s] -- Up-to-date: /home/msi/caato2_ws/install/atc_waypoints/lib/python3/dist-packages/atc_waypoints/msg/__init__.py
[0.733s] -- Up-to-date: /home/msi/caato2_ws/install/atc_waypoints/lib/python3/dist-packages/atc_waypoints/msg/__pycache__
[0.733s] -- Up-to-date: /home/msi/caato2_ws/install/atc_waypoints/lib/python3/dist-packages/atc_waypoints/msg/__pycache__/_waypoint_msg.cpython-38.pyc
[0.734s] -- Up-to-date: /home/msi/caato2_ws/install/atc_waypoints/lib/python3/dist-packages/atc_waypoints/msg/__pycache__/_waypoint_group.cpython-38.pyc
[0.734s] -- Up-to-date: /home/msi/caato2_ws/install/atc_waypoints/lib/python3/dist-packages/atc_waypoints/msg/__pycache__/__init__.cpython-38.pyc
[0.734s] -- Up-to-date: /home/msi/caato2_ws/install/atc_waypoints/lib/python3/dist-packages/atc_waypoints/msg/__pycache__/_waypointArray.cpython-38.pyc
[0.734s] -- Up-to-date: /home/msi/caato2_ws/install/atc_waypoints/lib/python3/dist-packages/atc_waypoints/srv
[0.734s] -- Up-to-date: /home/msi/caato2_ws/install/atc_waypoints/lib/python3/dist-packages/atc_waypoints/srv/_Stop_Wp.py
[0.734s] -- Up-to-date: /home/msi/caato2_ws/install/atc_waypoints/lib/python3/dist-packages/atc_waypoints/srv/_Wp_2_Group.py
[0.734s] -- Up-to-date: /home/msi/caato2_ws/install/atc_waypoints/lib/python3/dist-packages/atc_waypoints/srv/_Save_Wp.py
[0.734s] -- Up-to-date: /home/msi/caato2_ws/install/atc_waypoints/lib/python3/dist-packages/atc_waypoints/srv/_Delete_Wp.py
[0.735s] -- Up-to-date: /home/msi/caato2_ws/install/atc_waypoints/lib/python3/dist-packages/atc_waypoints/srv/_Run_Wp.py
[0.735s] -- Up-to-date: /home/msi/caato2_ws/install/atc_waypoints/lib/python3/dist-packages/atc_waypoints/srv/__init__.py
[0.735s] -- Up-to-date: /home/msi/caato2_ws/install/atc_waypoints/lib/python3/dist-packages/atc_waypoints/srv/_Load_Wp.py
[0.735s] -- Up-to-date: /home/msi/caato2_ws/install/atc_waypoints/lib/python3/dist-packages/atc_waypoints/srv/_Groups_Wp.py
[0.735s] -- Up-to-date: /home/msi/caato2_ws/install/atc_waypoints/lib/python3/dist-packages/atc_waypoints/srv/__pycache__
[0.735s] -- Up-to-date: /home/msi/caato2_ws/install/atc_waypoints/lib/python3/dist-packages/atc_waypoints/srv/__pycache__/_Stop_Wp.cpython-38.pyc
[0.735s] -- Up-to-date: /home/msi/caato2_ws/install/atc_waypoints/lib/python3/dist-packages/atc_waypoints/srv/__pycache__/_Load_Wp.cpython-38.pyc
[0.735s] -- Up-to-date: /home/msi/caato2_ws/install/atc_waypoints/lib/python3/dist-packages/atc_waypoints/srv/__pycache__/_Groups_Wp.cpython-38.pyc
[0.735s] -- Up-to-date: /home/msi/caato2_ws/install/atc_waypoints/lib/python3/dist-packages/atc_waypoints/srv/__pycache__/_Wp_2_Group.cpython-38.pyc
[0.735s] -- Up-to-date: /home/msi/caato2_ws/install/atc_waypoints/lib/python3/dist-packages/atc_waypoints/srv/__pycache__/__init__.cpython-38.pyc
[0.735s] -- Up-to-date: /home/msi/caato2_ws/install/atc_waypoints/lib/python3/dist-packages/atc_waypoints/srv/__pycache__/_Delete_Wp.cpython-38.pyc
[0.735s] -- Up-to-date: /home/msi/caato2_ws/install/atc_waypoints/lib/python3/dist-packages/atc_waypoints/srv/__pycache__/_Save_Wp.cpython-38.pyc
[0.736s] -- Up-to-date: /home/msi/caato2_ws/install/atc_waypoints/lib/python3/dist-packages/atc_waypoints/srv/__pycache__/_Run_Wp.cpython-38.pyc
[0.736s] -- Up-to-date: /home/msi/caato2_ws/install/atc_waypoints/lib/python3/dist-packages/atc_waypoints/__init__.py
[0.736s] -- Up-to-date: /home/msi/caato2_ws/install/atc_waypoints/lib/python3/dist-packages/atc_waypoints/__pycache__
[0.736s] -- Up-to-date: /home/msi/caato2_ws/install/atc_waypoints/lib/python3/dist-packages/atc_waypoints/__pycache__/__init__.cpython-38.pyc
[0.737s] -- Up-to-date: /home/msi/caato2_ws/install/atc_waypoints/lib/pkgconfig/atc_waypoints.pc
[0.741s] -- Up-to-date: /home/msi/caato2_ws/install/atc_waypoints/share/atc_waypoints/cmake/atc_waypoints-msg-extras.cmake
[0.741s] -- Up-to-date: /home/msi/caato2_ws/install/atc_waypoints/share/atc_waypoints/cmake/atc_waypointsConfig.cmake
[0.741s] -- Up-to-date: /home/msi/caato2_ws/install/atc_waypoints/share/atc_waypoints/cmake/atc_waypointsConfig-version.cmake
[0.741s] -- Up-to-date: /home/msi/caato2_ws/install/atc_waypoints/share/atc_waypoints/package.xml
[0.742s] -- Up-to-date: /home/msi/caato2_ws/install/atc_waypoints/lib/libatc_waypoints.so
[0.742s] -- Up-to-date: /home/msi/caato2_ws/install/atc_waypoints/share/atc_waypoints/waypoints_server
[0.742s] -- Up-to-date: /home/msi/caato2_ws/install/atc_waypoints/share/atc_waypoints/debug_waypoints
[0.742s] -- Up-to-date: /home/msi/caato2_ws/install/atc_waypoints/share/atc_waypoints/launch
[0.742s] -- Up-to-date: /home/msi/caato2_ws/install/atc_waypoints/share/atc_waypoints/launch/wpt_controller.launch
[0.742s] -- Up-to-date: /home/msi/caato2_ws/install/atc_waypoints/share/atc_waypoints/files
[0.742s] -- Up-to-date: /home/msi/caato2_ws/install/atc_waypoints/share/atc_waypoints/files/mbc_set1_wp.txt
[0.742s] -- Up-to-date: /home/msi/caato2_ws/install/atc_waypoints/share/atc_waypoints/files/Readme.txt
[0.742s] -- Up-to-date: /home/msi/caato2_ws/install/atc_waypoints/share/atc_waypoints/files/mbc_set1_gr.txt
[0.742s] -- Up-to-date: /home/msi/caato2_ws/install/atc_waypoints/share/atc_waypoints/plugin_description.xml
[0.761s] Invoked command in '/home/msi/caato2_ws/build/atc_waypoints' returned '0': CMAKE_PREFIX_PATH=/home/msi/caato2_ws/install/atc_utils:/home/msi/caato2_ws/install/atc_msgs:${CMAKE_PREFIX_PATH} LD_LIBRARY_PATH=/home/msi/caato2_ws/install/atc_utils/lib:${LD_LIBRARY_PATH} PKG_CONFIG_PATH=/home/msi/caato2_ws/install/atc_utils/lib/x86_64-linux-gnu/pkgconfig:/home/msi/caato2_ws/install/atc_utils/lib/pkgconfig:/home/msi/caato2_ws/install/atc_msgs/lib/x86_64-linux-gnu/pkgconfig:/home/msi/caato2_ws/install/atc_msgs/lib/pkgconfig:${PKG_CONFIG_PATH} PYTHONPATH=/home/msi/caato2_ws/install/atc_msgs/lib/python3/dist-packages:${PYTHONPATH} ROS_PACKAGE_PATH=/home/msi/caato2_ws/install/atc_utils/share:/home/msi/caato2_ws/install/atc_msgs/share:${ROS_PACKAGE_PATH} /usr/bin/cmake --install /home/msi/caato2_ws/build/atc_waypoints
