[0.252s] Invoking command in '/home/msi/caato2_ws/build/teleop_twist_joy': /usr/bin/cmake --build /home/msi/caato2_ws/build/teleop_twist_joy -- -j20 -l20
[0.288s] [ 50%] Built target teleop_twist_joy
[0.304s] [100%] Built target teleop_twist_joy_node
[0.353s] Invoked command in '/home/msi/caato2_ws/build/teleop_twist_joy' returned '0': /usr/bin/cmake --build /home/msi/caato2_ws/build/teleop_twist_joy -- -j20 -l20
[0.457s] Invoking command in '/home/msi/caato2_ws/build/teleop_twist_joy': /usr/bin/cmake --build /home/msi/caato2_ws/build/teleop_twist_joy --target tests -- -j20 -l20
[0.508s] Built target tests
[0.560s] Invoked command in '/home/msi/caato2_ws/build/teleop_twist_joy' returned '0': /usr/bin/cmake --build /home/msi/caato2_ws/build/teleop_twist_joy --target tests -- -j20 -l20
[0.630s] Invoking command in '/home/msi/caato2_ws/build/teleop_twist_joy': /usr/bin/cmake --install /home/msi/caato2_ws/build/teleop_twist_joy
[0.644s] -- Install configuration: ""
[0.645s] -- Up-to-date: /home/msi/caato2_ws/install/teleop_twist_joy/lib/pkgconfig/teleop_twist_joy.pc
[0.645s] -- Up-to-date: /home/msi/caato2_ws/install/teleop_twist_joy/share/teleop_twist_joy/cmake/teleop_twist_joyConfig.cmake
[0.645s] -- Up-to-date: /home/msi/caato2_ws/install/teleop_twist_joy/share/teleop_twist_joy/cmake/teleop_twist_joyConfig-version.cmake
[0.645s] -- Up-to-date: /home/msi/caato2_ws/install/teleop_twist_joy/share/teleop_twist_joy/package.xml
[0.645s] -- Up-to-date: /home/msi/caato2_ws/install/teleop_twist_joy/lib/libteleop_twist_joy.so
[0.645s] -- Up-to-date: /home/msi/caato2_ws/install/teleop_twist_joy/lib/teleop_twist_joy/teleop_node
[0.645s] -- Up-to-date: /home/msi/caato2_ws/install/teleop_twist_joy/include/teleop_twist_joy
[0.645s] -- Up-to-date: /home/msi/caato2_ws/install/teleop_twist_joy/include/teleop_twist_joy/teleop_twist_joy.h
[0.645s] -- Up-to-date: /home/msi/caato2_ws/install/teleop_twist_joy/share/teleop_twist_joy/launch
[0.646s] -- Up-to-date: /home/msi/caato2_ws/install/teleop_twist_joy/share/teleop_twist_joy/launch/teleop.launch
[0.647s] -- Up-to-date: /home/msi/caato2_ws/install/teleop_twist_joy/share/teleop_twist_joy/config
[0.648s] -- Up-to-date: /home/msi/caato2_ws/install/teleop_twist_joy/share/teleop_twist_joy/config/ps3-holonomic.config.yaml
[0.648s] -- Up-to-date: /home/msi/caato2_ws/install/teleop_twist_joy/share/teleop_twist_joy/config/ps3.config.yaml
[0.648s] -- Up-to-date: /home/msi/caato2_ws/install/teleop_twist_joy/share/teleop_twist_joy/config/atk3.config.yaml
[0.648s] -- Up-to-date: /home/msi/caato2_ws/install/teleop_twist_joy/share/teleop_twist_joy/config/xbox.config.yaml
[0.648s] -- Up-to-date: /home/msi/caato2_ws/install/teleop_twist_joy/share/teleop_twist_joy/config/xd3.config.yaml
[0.657s] Invoked command in '/home/msi/caato2_ws/build/teleop_twist_joy' returned '0': /usr/bin/cmake --install /home/msi/caato2_ws/build/teleop_twist_joy
