-- The C compiler identification is GNU 8.4.0
-- The CXX compiler identification is GNU 8.4.0
-- Check for working C compiler: /usr/bin/cc
-- Check for working C compiler: /usr/bin/cc -- works
-- Detecting C compiler ABI info
-- Detecting C compiler ABI info - done
-- Detecting C compile features
-- Detecting C compile features - done
-- Check for working CXX compiler: /usr/bin/c++
-- Check for working CXX compiler: /usr/bin/c++ -- works
-- Detecting CXX compiler ABI info
-- Detecting CXX compiler ABI info - done
-- Detecting CXX compile features
-- Detecting CXX compile features - done
-- Using CATKIN_DEVEL_PREFIX: /home/msi/caato2_ws/build/roboteq_diff_msgs/devel
-- Using CMAKE_PREFIX_PATH: /opt/ros/noetic
-- This workspace overlays: /opt/ros/noetic
-- Found PythonInterp: /usr/bin/python3 (found suitable version "3.8.10", minimum required is "3") 
-- Using PYTHON_EXECUTABLE: /usr/bin/python3
-- Using Debian Python package layout
-- Found PY_em: /usr/lib/python3/dist-packages/em.py  
-- Using empy: /usr/lib/python3/dist-packages/em.py
-- Using CATKIN_ENABLE_TESTING: ON
-- Call enable_testing()
-- Using CATKIN_TEST_RESULTS_DIR: /home/msi/caato2_ws/build/roboteq_diff_msgs/test_results
-- Forcing gtest/gmock from source, though one was otherwise available.
-- Found gtest sources under '/usr/src/googletest': gtests will be built
-- Found gmock sources under '/usr/src/googletest': gmock will be built
-- Found PythonInterp: /usr/bin/python3 (found version "3.8.10") 
-- Found Threads: TRUE  
-- Using Python nosetests: /usr/bin/nosetests3
-- catkin 0.8.10
-- BUILD_SHARED_LIBS is on
-- Using these message generators: gencpp;geneus;genlisp;gennodejs;genpy
-- roboteq_diff_msgs: 7 messages, 2 services
-- Configuring done
-- Generating done
-- Build files have been written to: /home/msi/caato2_ws/build/roboteq_diff_msgs
[35m[1mScanning dependencies of target _roboteq_diff_msgs_generate_messages_check_deps_Twist[0m
[35m[1mScanning dependencies of target std_msgs_generate_messages_nodejs[0m
[35m[1mScanning dependencies of target _roboteq_diff_msgs_generate_messages_check_deps_Duplex[0m
[35m[1mScanning dependencies of target _roboteq_diff_msgs_generate_messages_check_deps_RequestParam[0m
[35m[1mScanning dependencies of target _roboteq_diff_msgs_generate_messages_check_deps_Pose[0m
[35m[1mScanning dependencies of target _roboteq_diff_msgs_generate_messages_check_deps_Point[0m
[35m[1mScanning dependencies of target _roboteq_diff_msgs_generate_messages_check_deps_OdometryCovariances[0m
[  0%] Built target _roboteq_diff_msgs_generate_messages_check_deps_Twist
[  0%] Built target std_msgs_generate_messages_nodejs
[35m[1mScanning dependencies of target _roboteq_diff_msgs_generate_messages_check_deps_Quaternion[0m
[35m[1mScanning dependencies of target _roboteq_diff_msgs_generate_messages_check_deps_RequestOdometryCovariances[0m
[35m[1mScanning dependencies of target _roboteq_diff_msgs_generate_messages_check_deps_Vector3[0m
[  0%] Built target _roboteq_diff_msgs_generate_messages_check_deps_Pose
[35m[1mScanning dependencies of target std_msgs_generate_messages_py[0m
[  0%] Built target _roboteq_diff_msgs_generate_messages_check_deps_Point
[  0%] Built target _roboteq_diff_msgs_generate_messages_check_deps_Duplex
[35m[1mScanning dependencies of target std_msgs_generate_messages_lisp[0m
[  0%] Built target _roboteq_diff_msgs_generate_messages_check_deps_OdometryCovariances
[  0%] Built target _roboteq_diff_msgs_generate_messages_check_deps_RequestParam
[35m[1mScanning dependencies of target std_msgs_generate_messages_cpp[0m
[  0%] Built target std_msgs_generate_messages_py
[  0%] Built target _roboteq_diff_msgs_generate_messages_check_deps_Quaternion
[  0%] Built target _roboteq_diff_msgs_generate_messages_check_deps_Vector3
[  0%] Built target std_msgs_generate_messages_cpp
[  0%] Built target _roboteq_diff_msgs_generate_messages_check_deps_RequestOdometryCovariances
[35m[1mScanning dependencies of target std_msgs_generate_messages_eus[0m
[  0%] Built target std_msgs_generate_messages_lisp
[35m[1mScanning dependencies of target roboteq_diff_msgs_generate_messages_nodejs[0m
[35m[1mScanning dependencies of target roboteq_diff_msgs_generate_messages_py[0m
[35m[1mScanning dependencies of target roboteq_diff_msgs_generate_messages_lisp[0m
[35m[1mScanning dependencies of target roboteq_diff_msgs_generate_messages_cpp[0m
[  0%] Built target std_msgs_generate_messages_eus
[  2%] [34m[1mGenerating Javascript code from roboteq_diff_msgs/OdometryCovariances.msg[0m
[  4%] [34m[1mGenerating Javascript code from roboteq_diff_msgs/Point.msg[0m
[  6%] [34m[1mGenerating Python from MSG roboteq_diff_msgs/Point[0m
[  8%] [34m[1mGenerating Python from MSG roboteq_diff_msgs/Vector3[0m
[ 10%] [34m[1mGenerating Javascript code from roboteq_diff_msgs/Vector3.msg[0m
[ 12%] [34m[1mGenerating Python from MSG roboteq_diff_msgs/Duplex[0m
[ 18%] [34m[1mGenerating Javascript code from roboteq_diff_msgs/Duplex.msg[0m
[ 18%] [34m[1mGenerating Python from MSG roboteq_diff_msgs/Quaternion[0m
[ 20%] [34m[1mGenerating Lisp code from roboteq_diff_msgs/Vector3.msg[0m
[ 18%] [34m[1mGenerating Lisp code from roboteq_diff_msgs/Duplex.msg[0m
[ 22%] [34m[1mGenerating Python from MSG roboteq_diff_msgs/Pose[0m
[ 25%] [34m[1mGenerating Lisp code from roboteq_diff_msgs/Point.msg[0m
[ 27%] [34m[1mGenerating Python from MSG roboteq_diff_msgs/OdometryCovariances[0m
[ 29%] [34m[1mGenerating Lisp code from roboteq_diff_msgs/OdometryCovariances.msg[0m
[ 31%] [34m[1mGenerating Javascript code from roboteq_diff_msgs/Quaternion.msg[0m
[ 33%] [34m[1mGenerating Lisp code from roboteq_diff_msgs/Pose.msg[0m
[35m[1mScanning dependencies of target roboteq_diff_msgs_generate_messages_eus[0m
[ 35%] [34m[1mGenerating C++ code from roboteq_diff_msgs/Duplex.msg[0m
[ 37%] [34m[1mGenerating Lisp code from roboteq_diff_msgs/Quaternion.msg[0m
[ 39%] [34m[1mGenerating C++ code from roboteq_diff_msgs/OdometryCovariances.msg[0m
[ 41%] [34m[1mGenerating Javascript code from roboteq_diff_msgs/Pose.msg[0m
[ 43%] [34m[1mGenerating EusLisp code from roboteq_diff_msgs/Duplex.msg[0m
[ 45%] [34m[1mGenerating EusLisp code from roboteq_diff_msgs/OdometryCovariances.msg[0m
[ 47%] [34m[1mGenerating Lisp code from roboteq_diff_msgs/Twist.msg[0m
[ 50%] [34m[1mGenerating C++ code from roboteq_diff_msgs/Point.msg[0m
[ 52%] [34m[1mGenerating Lisp code from roboteq_diff_msgs/RequestParam.srv[0m
[ 54%] [34m[1mGenerating EusLisp code from roboteq_diff_msgs/Point.msg[0m
[ 56%] [34m[1mGenerating Javascript code from roboteq_diff_msgs/Twist.msg[0m
[ 58%] [34m[1mGenerating C++ code from roboteq_diff_msgs/Vector3.msg[0m
[ 60%] [34m[1mGenerating Lisp code from roboteq_diff_msgs/RequestOdometryCovariances.srv[0m
[ 62%] [34m[1mGenerating EusLisp code from roboteq_diff_msgs/Vector3.msg[0m
[ 64%] [34m[1mGenerating Javascript code from roboteq_diff_msgs/RequestParam.srv[0m
[ 66%] [34m[1mGenerating C++ code from roboteq_diff_msgs/Quaternion.msg[0m
[ 68%] [34m[1mGenerating Javascript code from roboteq_diff_msgs/RequestOdometryCovariances.srv[0m
[ 70%] [34m[1mGenerating EusLisp code from roboteq_diff_msgs/Quaternion.msg[0m
[ 72%] [34m[1mGenerating Python from MSG roboteq_diff_msgs/Twist[0m
[ 75%] [34m[1mGenerating C++ code from roboteq_diff_msgs/Pose.msg[0m
[ 77%] [34m[1mGenerating Python code from SRV roboteq_diff_msgs/RequestParam[0m
[ 79%] [34m[1mGenerating Python code from SRV roboteq_diff_msgs/RequestOdometryCovariances[0m
[ 81%] [34m[1mGenerating EusLisp code from roboteq_diff_msgs/Pose.msg[0m
[ 81%] Built target roboteq_diff_msgs_generate_messages_lisp
[ 81%] Built target roboteq_diff_msgs_generate_messages_nodejs
[ 83%] [34m[1mGenerating C++ code from roboteq_diff_msgs/Twist.msg[0m
[ 85%] [34m[1mGenerating C++ code from roboteq_diff_msgs/RequestParam.srv[0m
[ 87%] [34m[1mGenerating EusLisp code from roboteq_diff_msgs/Twist.msg[0m
[ 89%] [34m[1mGenerating EusLisp code from roboteq_diff_msgs/RequestParam.srv[0m
[ 95%] [34m[1mGenerating EusLisp manifest code for roboteq_diff_msgs[0m
[ 91%] [34m[1mGenerating C++ code from roboteq_diff_msgs/RequestOdometryCovariances.srv[0m
[ 93%] [34m[1mGenerating EusLisp code from roboteq_diff_msgs/RequestOdometryCovariances.srv[0m
[100%] [34m[1mGenerating Python srv __init__.py for roboteq_diff_msgs[0m
[ 97%] [34m[1mGenerating Python msg __init__.py for roboteq_diff_msgs[0m
[100%] Built target roboteq_diff_msgs_generate_messages_cpp
[100%] Built target roboteq_diff_msgs_generate_messages_eus
[100%] Built target roboteq_diff_msgs_generate_messages_py
[35m[1mScanning dependencies of target roboteq_diff_msgs_generate_messages[0m
[100%] Built target roboteq_diff_msgs_generate_messages
[35m[1mScanning dependencies of target tests[0m
Built target tests
-- Install configuration: ""
-- Installing: /home/msi/caato2_ws/install/roboteq_diff_msgs/share/roboteq_diff_msgs/msg/Duplex.msg
-- Installing: /home/msi/caato2_ws/install/roboteq_diff_msgs/share/roboteq_diff_msgs/msg/OdometryCovariances.msg
-- Installing: /home/msi/caato2_ws/install/roboteq_diff_msgs/share/roboteq_diff_msgs/msg/Point.msg
-- Installing: /home/msi/caato2_ws/install/roboteq_diff_msgs/share/roboteq_diff_msgs/msg/Vector3.msg
-- Installing: /home/msi/caato2_ws/install/roboteq_diff_msgs/share/roboteq_diff_msgs/msg/Quaternion.msg
-- Installing: /home/msi/caato2_ws/install/roboteq_diff_msgs/share/roboteq_diff_msgs/msg/Pose.msg
-- Installing: /home/msi/caato2_ws/install/roboteq_diff_msgs/share/roboteq_diff_msgs/msg/Twist.msg
-- Installing: /home/msi/caato2_ws/install/roboteq_diff_msgs/share/roboteq_diff_msgs/srv/RequestParam.srv
-- Installing: /home/msi/caato2_ws/install/roboteq_diff_msgs/share/roboteq_diff_msgs/srv/RequestOdometryCovariances.srv
-- Installing: /home/msi/caato2_ws/install/roboteq_diff_msgs/share/roboteq_diff_msgs/cmake/roboteq_diff_msgs-msg-paths.cmake
-- Installing: /home/msi/caato2_ws/install/roboteq_diff_msgs/include/roboteq_diff_msgs
-- Installing: /home/msi/caato2_ws/install/roboteq_diff_msgs/include/roboteq_diff_msgs/RequestParam.h
-- Installing: /home/msi/caato2_ws/install/roboteq_diff_msgs/include/roboteq_diff_msgs/Quaternion.h
-- Installing: /home/msi/caato2_ws/install/roboteq_diff_msgs/include/roboteq_diff_msgs/Vector3.h
-- Installing: /home/msi/caato2_ws/install/roboteq_diff_msgs/include/roboteq_diff_msgs/Pose.h
-- Installing: /home/msi/caato2_ws/install/roboteq_diff_msgs/include/roboteq_diff_msgs/Point.h
-- Installing: /home/msi/caato2_ws/install/roboteq_diff_msgs/include/roboteq_diff_msgs/OdometryCovariances.h
-- Installing: /home/msi/caato2_ws/install/roboteq_diff_msgs/include/roboteq_diff_msgs/RequestParamRequest.h
-- Installing: /home/msi/caato2_ws/install/roboteq_diff_msgs/include/roboteq_diff_msgs/RequestParamResponse.h
-- Installing: /home/msi/caato2_ws/install/roboteq_diff_msgs/include/roboteq_diff_msgs/RequestOdometryCovariancesResponse.h
-- Installing: /home/msi/caato2_ws/install/roboteq_diff_msgs/include/roboteq_diff_msgs/Twist.h
-- Installing: /home/msi/caato2_ws/install/roboteq_diff_msgs/include/roboteq_diff_msgs/Duplex.h
-- Installing: /home/msi/caato2_ws/install/roboteq_diff_msgs/include/roboteq_diff_msgs/RequestOdometryCovariancesRequest.h
-- Installing: /home/msi/caato2_ws/install/roboteq_diff_msgs/include/roboteq_diff_msgs/RequestOdometryCovariances.h
-- Installing: /home/msi/caato2_ws/install/roboteq_diff_msgs/share/roseus/ros/roboteq_diff_msgs
-- Installing: /home/msi/caato2_ws/install/roboteq_diff_msgs/share/roseus/ros/roboteq_diff_msgs/msg
-- Installing: /home/msi/caato2_ws/install/roboteq_diff_msgs/share/roseus/ros/roboteq_diff_msgs/msg/Quaternion.l
-- Installing: /home/msi/caato2_ws/install/roboteq_diff_msgs/share/roseus/ros/roboteq_diff_msgs/msg/Point.l
-- Installing: /home/msi/caato2_ws/install/roboteq_diff_msgs/share/roseus/ros/roboteq_diff_msgs/msg/Twist.l
-- Installing: /home/msi/caato2_ws/install/roboteq_diff_msgs/share/roseus/ros/roboteq_diff_msgs/msg/Pose.l
-- Installing: /home/msi/caato2_ws/install/roboteq_diff_msgs/share/roseus/ros/roboteq_diff_msgs/msg/OdometryCovariances.l
-- Installing: /home/msi/caato2_ws/install/roboteq_diff_msgs/share/roseus/ros/roboteq_diff_msgs/msg/Vector3.l
-- Installing: /home/msi/caato2_ws/install/roboteq_diff_msgs/share/roseus/ros/roboteq_diff_msgs/msg/Duplex.l
-- Installing: /home/msi/caato2_ws/install/roboteq_diff_msgs/share/roseus/ros/roboteq_diff_msgs/manifest.l
-- Installing: /home/msi/caato2_ws/install/roboteq_diff_msgs/share/roseus/ros/roboteq_diff_msgs/srv
-- Installing: /home/msi/caato2_ws/install/roboteq_diff_msgs/share/roseus/ros/roboteq_diff_msgs/srv/RequestOdometryCovariances.l
-- Installing: /home/msi/caato2_ws/install/roboteq_diff_msgs/share/roseus/ros/roboteq_diff_msgs/srv/RequestParam.l
-- Installing: /home/msi/caato2_ws/install/roboteq_diff_msgs/share/common-lisp/ros/roboteq_diff_msgs
-- Installing: /home/msi/caato2_ws/install/roboteq_diff_msgs/share/common-lisp/ros/roboteq_diff_msgs/msg
-- Installing: /home/msi/caato2_ws/install/roboteq_diff_msgs/share/common-lisp/ros/roboteq_diff_msgs/msg/_package.lisp
-- Installing: /home/msi/caato2_ws/install/roboteq_diff_msgs/share/common-lisp/ros/roboteq_diff_msgs/msg/Twist.lisp
-- Installing: /home/msi/caato2_ws/install/roboteq_diff_msgs/share/common-lisp/ros/roboteq_diff_msgs/msg/Pose.lisp
-- Installing: /home/msi/caato2_ws/install/roboteq_diff_msgs/share/common-lisp/ros/roboteq_diff_msgs/msg/_package_Vector3.lisp
-- Installing: /home/msi/caato2_ws/install/roboteq_diff_msgs/share/common-lisp/ros/roboteq_diff_msgs/msg/_package_OdometryCovariances.lisp
-- Installing: /home/msi/caato2_ws/install/roboteq_diff_msgs/share/common-lisp/ros/roboteq_diff_msgs/msg/_package_Duplex.lisp
-- Installing: /home/msi/caato2_ws/install/roboteq_diff_msgs/share/common-lisp/ros/roboteq_diff_msgs/msg/Quaternion.lisp
-- Installing: /home/msi/caato2_ws/install/roboteq_diff_msgs/share/common-lisp/ros/roboteq_diff_msgs/msg/roboteq_diff_msgs-msg.asd
-- Installing: /home/msi/caato2_ws/install/roboteq_diff_msgs/share/common-lisp/ros/roboteq_diff_msgs/msg/Point.lisp
-- Installing: /home/msi/caato2_ws/install/roboteq_diff_msgs/share/common-lisp/ros/roboteq_diff_msgs/msg/_package_Twist.lisp
-- Installing: /home/msi/caato2_ws/install/roboteq_diff_msgs/share/common-lisp/ros/roboteq_diff_msgs/msg/Vector3.lisp
-- Installing: /home/msi/caato2_ws/install/roboteq_diff_msgs/share/common-lisp/ros/roboteq_diff_msgs/msg/_package_Pose.lisp
-- Installing: /home/msi/caato2_ws/install/roboteq_diff_msgs/share/common-lisp/ros/roboteq_diff_msgs/msg/_package_Point.lisp
-- Installing: /home/msi/caato2_ws/install/roboteq_diff_msgs/share/common-lisp/ros/roboteq_diff_msgs/msg/OdometryCovariances.lisp
-- Installing: /home/msi/caato2_ws/install/roboteq_diff_msgs/share/common-lisp/ros/roboteq_diff_msgs/msg/_package_Quaternion.lisp
-- Installing: /home/msi/caato2_ws/install/roboteq_diff_msgs/share/common-lisp/ros/roboteq_diff_msgs/msg/Duplex.lisp
-- Installing: /home/msi/caato2_ws/install/roboteq_diff_msgs/share/common-lisp/ros/roboteq_diff_msgs/srv
-- Installing: /home/msi/caato2_ws/install/roboteq_diff_msgs/share/common-lisp/ros/roboteq_diff_msgs/srv/_package.lisp
-- Installing: /home/msi/caato2_ws/install/roboteq_diff_msgs/share/common-lisp/ros/roboteq_diff_msgs/srv/_package_RequestParam.lisp
-- Installing: /home/msi/caato2_ws/install/roboteq_diff_msgs/share/common-lisp/ros/roboteq_diff_msgs/srv/_package_RequestOdometryCovariances.lisp
-- Installing: /home/msi/caato2_ws/install/roboteq_diff_msgs/share/common-lisp/ros/roboteq_diff_msgs/srv/RequestParam.lisp
-- Installing: /home/msi/caato2_ws/install/roboteq_diff_msgs/share/common-lisp/ros/roboteq_diff_msgs/srv/RequestOdometryCovariances.lisp
-- Installing: /home/msi/caato2_ws/install/roboteq_diff_msgs/share/common-lisp/ros/roboteq_diff_msgs/srv/roboteq_diff_msgs-srv.asd
-- Installing: /home/msi/caato2_ws/install/roboteq_diff_msgs/share/gennodejs/ros/roboteq_diff_msgs
-- Installing: /home/msi/caato2_ws/install/roboteq_diff_msgs/share/gennodejs/ros/roboteq_diff_msgs/_index.js
-- Installing: /home/msi/caato2_ws/install/roboteq_diff_msgs/share/gennodejs/ros/roboteq_diff_msgs/msg
-- Installing: /home/msi/caato2_ws/install/roboteq_diff_msgs/share/gennodejs/ros/roboteq_diff_msgs/msg/Twist.js
-- Installing: /home/msi/caato2_ws/install/roboteq_diff_msgs/share/gennodejs/ros/roboteq_diff_msgs/msg/_index.js
-- Installing: /home/msi/caato2_ws/install/roboteq_diff_msgs/share/gennodejs/ros/roboteq_diff_msgs/msg/Vector3.js
-- Installing: /home/msi/caato2_ws/install/roboteq_diff_msgs/share/gennodejs/ros/roboteq_diff_msgs/msg/Pose.js
-- Installing: /home/msi/caato2_ws/install/roboteq_diff_msgs/share/gennodejs/ros/roboteq_diff_msgs/msg/Quaternion.js
-- Installing: /home/msi/caato2_ws/install/roboteq_diff_msgs/share/gennodejs/ros/roboteq_diff_msgs/msg/OdometryCovariances.js
-- Installing: /home/msi/caato2_ws/install/roboteq_diff_msgs/share/gennodejs/ros/roboteq_diff_msgs/msg/Duplex.js
-- Installing: /home/msi/caato2_ws/install/roboteq_diff_msgs/share/gennodejs/ros/roboteq_diff_msgs/msg/Point.js
-- Installing: /home/msi/caato2_ws/install/roboteq_diff_msgs/share/gennodejs/ros/roboteq_diff_msgs/srv
-- Installing: /home/msi/caato2_ws/install/roboteq_diff_msgs/share/gennodejs/ros/roboteq_diff_msgs/srv/_index.js
-- Installing: /home/msi/caato2_ws/install/roboteq_diff_msgs/share/gennodejs/ros/roboteq_diff_msgs/srv/RequestOdometryCovariances.js
-- Installing: /home/msi/caato2_ws/install/roboteq_diff_msgs/share/gennodejs/ros/roboteq_diff_msgs/srv/RequestParam.js
Listing '/home/msi/caato2_ws/build/roboteq_diff_msgs/devel/lib/python3/dist-packages/roboteq_diff_msgs'...
Compiling '/home/msi/caato2_ws/build/roboteq_diff_msgs/devel/lib/python3/dist-packages/roboteq_diff_msgs/__init__.py'...
Listing '/home/msi/caato2_ws/build/roboteq_diff_msgs/devel/lib/python3/dist-packages/roboteq_diff_msgs/msg'...
Compiling '/home/msi/caato2_ws/build/roboteq_diff_msgs/devel/lib/python3/dist-packages/roboteq_diff_msgs/msg/_Duplex.py'...
Compiling '/home/msi/caato2_ws/build/roboteq_diff_msgs/devel/lib/python3/dist-packages/roboteq_diff_msgs/msg/_OdometryCovariances.py'...
Compiling '/home/msi/caato2_ws/build/roboteq_diff_msgs/devel/lib/python3/dist-packages/roboteq_diff_msgs/msg/_Point.py'...
Compiling '/home/msi/caato2_ws/build/roboteq_diff_msgs/devel/lib/python3/dist-packages/roboteq_diff_msgs/msg/_Pose.py'...
Compiling '/home/msi/caato2_ws/build/roboteq_diff_msgs/devel/lib/python3/dist-packages/roboteq_diff_msgs/msg/_Quaternion.py'...
Compiling '/home/msi/caato2_ws/build/roboteq_diff_msgs/devel/lib/python3/dist-packages/roboteq_diff_msgs/msg/_Twist.py'...
Compiling '/home/msi/caato2_ws/build/roboteq_diff_msgs/devel/lib/python3/dist-packages/roboteq_diff_msgs/msg/_Vector3.py'...
Compiling '/home/msi/caato2_ws/build/roboteq_diff_msgs/devel/lib/python3/dist-packages/roboteq_diff_msgs/msg/__init__.py'...
Listing '/home/msi/caato2_ws/build/roboteq_diff_msgs/devel/lib/python3/dist-packages/roboteq_diff_msgs/srv'...
Compiling '/home/msi/caato2_ws/build/roboteq_diff_msgs/devel/lib/python3/dist-packages/roboteq_diff_msgs/srv/_RequestOdometryCovariances.py'...
Compiling '/home/msi/caato2_ws/build/roboteq_diff_msgs/devel/lib/python3/dist-packages/roboteq_diff_msgs/srv/_RequestParam.py'...
Compiling '/home/msi/caato2_ws/build/roboteq_diff_msgs/devel/lib/python3/dist-packages/roboteq_diff_msgs/srv/__init__.py'...
-- Installing: /home/msi/caato2_ws/install/roboteq_diff_msgs/lib/python3/dist-packages/roboteq_diff_msgs
-- Installing: /home/msi/caato2_ws/install/roboteq_diff_msgs/lib/python3/dist-packages/roboteq_diff_msgs/msg
-- Installing: /home/msi/caato2_ws/install/roboteq_diff_msgs/lib/python3/dist-packages/roboteq_diff_msgs/msg/_OdometryCovariances.py
-- Installing: /home/msi/caato2_ws/install/roboteq_diff_msgs/lib/python3/dist-packages/roboteq_diff_msgs/msg/_Point.py
-- Installing: /home/msi/caato2_ws/install/roboteq_diff_msgs/lib/python3/dist-packages/roboteq_diff_msgs/msg/_Twist.py
-- Installing: /home/msi/caato2_ws/install/roboteq_diff_msgs/lib/python3/dist-packages/roboteq_diff_msgs/msg/_Quaternion.py
-- Installing: /home/msi/caato2_ws/install/roboteq_diff_msgs/lib/python3/dist-packages/roboteq_diff_msgs/msg/_Vector3.py
-- Installing: /home/msi/caato2_ws/install/roboteq_diff_msgs/lib/python3/dist-packages/roboteq_diff_msgs/msg/_Pose.py
-- Installing: /home/msi/caato2_ws/install/roboteq_diff_msgs/lib/python3/dist-packages/roboteq_diff_msgs/msg/__init__.py
-- Installing: /home/msi/caato2_ws/install/roboteq_diff_msgs/lib/python3/dist-packages/roboteq_diff_msgs/msg/__pycache__
-- Installing: /home/msi/caato2_ws/install/roboteq_diff_msgs/lib/python3/dist-packages/roboteq_diff_msgs/msg/__pycache__/_Point.cpython-38.pyc
-- Installing: /home/msi/caato2_ws/install/roboteq_diff_msgs/lib/python3/dist-packages/roboteq_diff_msgs/msg/__pycache__/_Quaternion.cpython-38.pyc
-- Installing: /home/msi/caato2_ws/install/roboteq_diff_msgs/lib/python3/dist-packages/roboteq_diff_msgs/msg/__pycache__/_Pose.cpython-38.pyc
-- Installing: /home/msi/caato2_ws/install/roboteq_diff_msgs/lib/python3/dist-packages/roboteq_diff_msgs/msg/__pycache__/_Vector3.cpython-38.pyc
-- Installing: /home/msi/caato2_ws/install/roboteq_diff_msgs/lib/python3/dist-packages/roboteq_diff_msgs/msg/__pycache__/_OdometryCovariances.cpython-38.pyc
-- Installing: /home/msi/caato2_ws/install/roboteq_diff_msgs/lib/python3/dist-packages/roboteq_diff_msgs/msg/__pycache__/__init__.cpython-38.pyc
-- Installing: /home/msi/caato2_ws/install/roboteq_diff_msgs/lib/python3/dist-packages/roboteq_diff_msgs/msg/__pycache__/_Twist.cpython-38.pyc
-- Installing: /home/msi/caato2_ws/install/roboteq_diff_msgs/lib/python3/dist-packages/roboteq_diff_msgs/msg/__pycache__/_Duplex.cpython-38.pyc
-- Installing: /home/msi/caato2_ws/install/roboteq_diff_msgs/lib/python3/dist-packages/roboteq_diff_msgs/msg/_Duplex.py
-- Installing: /home/msi/caato2_ws/install/roboteq_diff_msgs/lib/python3/dist-packages/roboteq_diff_msgs/srv
-- Installing: /home/msi/caato2_ws/install/roboteq_diff_msgs/lib/python3/dist-packages/roboteq_diff_msgs/srv/_RequestParam.py
-- Installing: /home/msi/caato2_ws/install/roboteq_diff_msgs/lib/python3/dist-packages/roboteq_diff_msgs/srv/__init__.py
-- Installing: /home/msi/caato2_ws/install/roboteq_diff_msgs/lib/python3/dist-packages/roboteq_diff_msgs/srv/_RequestOdometryCovariances.py
-- Installing: /home/msi/caato2_ws/install/roboteq_diff_msgs/lib/python3/dist-packages/roboteq_diff_msgs/srv/__pycache__
-- Installing: /home/msi/caato2_ws/install/roboteq_diff_msgs/lib/python3/dist-packages/roboteq_diff_msgs/srv/__pycache__/_RequestParam.cpython-38.pyc
-- Installing: /home/msi/caato2_ws/install/roboteq_diff_msgs/lib/python3/dist-packages/roboteq_diff_msgs/srv/__pycache__/__init__.cpython-38.pyc
-- Installing: /home/msi/caato2_ws/install/roboteq_diff_msgs/lib/python3/dist-packages/roboteq_diff_msgs/srv/__pycache__/_RequestOdometryCovariances.cpython-38.pyc
-- Installing: /home/msi/caato2_ws/install/roboteq_diff_msgs/lib/python3/dist-packages/roboteq_diff_msgs/__init__.py
-- Installing: /home/msi/caato2_ws/install/roboteq_diff_msgs/lib/python3/dist-packages/roboteq_diff_msgs/__pycache__
-- Installing: /home/msi/caato2_ws/install/roboteq_diff_msgs/lib/python3/dist-packages/roboteq_diff_msgs/__pycache__/__init__.cpython-38.pyc
-- Installing: /home/msi/caato2_ws/install/roboteq_diff_msgs/lib/pkgconfig/roboteq_diff_msgs.pc
-- Installing: /home/msi/caato2_ws/install/roboteq_diff_msgs/share/roboteq_diff_msgs/cmake/roboteq_diff_msgs-msg-extras.cmake
-- Installing: /home/msi/caato2_ws/install/roboteq_diff_msgs/share/roboteq_diff_msgs/cmake/roboteq_diff_msgsConfig.cmake
-- Installing: /home/msi/caato2_ws/install/roboteq_diff_msgs/share/roboteq_diff_msgs/cmake/roboteq_diff_msgsConfig-version.cmake
-- Installing: /home/msi/caato2_ws/install/roboteq_diff_msgs/share/roboteq_diff_msgs/package.xml
