[0.056s] Invoking command in '/home/msi/caato2_ws/build/roboteq_diff_msgs': /usr/bin/cmake /home/msi/caato2_ws/src/siot/roboteq_diff_driver/roboteq_diff_msgs -DCATKIN_INSTALL_INTO_PREFIX_ROOT=0 -DCMAKE_INSTALL_PREFIX=/home/msi/caato2_ws/install/roboteq_diff_msgs
[0.128s] -- The C compiler identification is GNU 8.4.0
[0.166s] -- The CXX compiler identification is GNU 8.4.0
[0.172s] -- Check for working C compiler: /usr/bin/cc
[0.261s] -- Check for working C compiler: /usr/bin/cc -- works
[0.262s] -- Detecting C compiler ABI info
[0.336s] -- Detecting C compiler ABI info - done
[0.355s] -- Detecting C compile features
[0.356s] -- Detecting C compile features - done
[0.360s] -- Check for working CXX compiler: /usr/bin/c++
[0.447s] -- Check for working CXX compiler: /usr/bin/c++ -- works
[0.447s] -- Detecting CXX compiler ABI info
[0.537s] -- Detecting CXX compiler ABI info - done
[0.556s] -- Detecting CXX compile features
[0.556s] -- Detecting CXX compile features - done
[0.559s] -- Using CATKIN_DEVEL_PREFIX: /home/msi/caato2_ws/build/roboteq_diff_msgs/devel
[0.559s] -- Using CMAKE_PREFIX_PATH: /opt/ros/noetic
[0.559s] -- This workspace overlays: /opt/ros/noetic
[0.584s] -- Found PythonInterp: /usr/bin/python3 (found suitable version "3.8.10", minimum required is "3") 
[0.584s] -- Using PYTHON_EXECUTABLE: /usr/bin/python3
[0.584s] -- Using Debian Python package layout
[0.626s] -- Found PY_em: /usr/lib/python3/dist-packages/em.py  
[0.626s] -- Using empy: /usr/lib/python3/dist-packages/em.py
[0.788s] -- Using CATKIN_ENABLE_TESTING: ON
[0.788s] -- Call enable_testing()
[0.790s] -- Using CATKIN_TEST_RESULTS_DIR: /home/msi/caato2_ws/build/roboteq_diff_msgs/test_results
[1.122s] -- Forcing gtest/gmock from source, though one was otherwise available.
[1.122s] -- Found gtest sources under '/usr/src/googletest': gtests will be built
[1.122s] -- Found gmock sources under '/usr/src/googletest': gmock will be built
[1.153s] -- Found PythonInterp: /usr/bin/python3 (found version "3.8.10") 
[1.155s] -- Found Threads: TRUE  
[1.160s] -- Using Python nosetests: /usr/bin/nosetests3
[1.239s] -- catkin 0.8.10
[1.239s] -- BUILD_SHARED_LIBS is on
[1.419s] -- Using these message generators: gencpp;geneus;genlisp;gennodejs;genpy
[1.899s] -- roboteq_diff_msgs: 7 messages, 2 services
[2.164s] -- Configuring done
[2.186s] -- Generating done
[2.206s] -- Build files have been written to: /home/msi/caato2_ws/build/roboteq_diff_msgs
[2.229s] Invoked command in '/home/msi/caato2_ws/build/roboteq_diff_msgs' returned '0': /usr/bin/cmake /home/msi/caato2_ws/src/siot/roboteq_diff_driver/roboteq_diff_msgs -DCATKIN_INSTALL_INTO_PREFIX_ROOT=0 -DCMAKE_INSTALL_PREFIX=/home/msi/caato2_ws/install/roboteq_diff_msgs
[2.235s] Invoking command in '/home/msi/caato2_ws/build/roboteq_diff_msgs': /usr/bin/cmake --build /home/msi/caato2_ws/build/roboteq_diff_msgs -- -j20 -l20
[2.347s] [35m[1mScanning dependencies of target _roboteq_diff_msgs_generate_messages_check_deps_Twist[0m
[2.347s] [35m[1mScanning dependencies of target std_msgs_generate_messages_nodejs[0m
[2.347s] [35m[1mScanning dependencies of target _roboteq_diff_msgs_generate_messages_check_deps_Duplex[0m
[2.347s] [35m[1mScanning dependencies of target _roboteq_diff_msgs_generate_messages_check_deps_RequestParam[0m
[2.351s] [35m[1mScanning dependencies of target _roboteq_diff_msgs_generate_messages_check_deps_Pose[0m
[2.359s] [35m[1mScanning dependencies of target _roboteq_diff_msgs_generate_messages_check_deps_Point[0m
[2.363s] [35m[1mScanning dependencies of target _roboteq_diff_msgs_generate_messages_check_deps_OdometryCovariances[0m
[2.430s] [  0%] Built target _roboteq_diff_msgs_generate_messages_check_deps_Twist
[2.448s] [  0%] Built target std_msgs_generate_messages_nodejs
[2.448s] [35m[1mScanning dependencies of target _roboteq_diff_msgs_generate_messages_check_deps_Quaternion[0m
[2.448s] [35m[1mScanning dependencies of target _roboteq_diff_msgs_generate_messages_check_deps_RequestOdometryCovariances[0m
[2.457s] [35m[1mScanning dependencies of target _roboteq_diff_msgs_generate_messages_check_deps_Vector3[0m
[2.477s] [  0%] Built target _roboteq_diff_msgs_generate_messages_check_deps_Pose
[2.479s] [35m[1mScanning dependencies of target std_msgs_generate_messages_py[0m
[2.488s] [  0%] Built target _roboteq_diff_msgs_generate_messages_check_deps_Point
[2.489s] [  0%] Built target _roboteq_diff_msgs_generate_messages_check_deps_Duplex
[2.534s] [35m[1mScanning dependencies of target std_msgs_generate_messages_lisp[0m
[2.538s] [  0%] Built target _roboteq_diff_msgs_generate_messages_check_deps_OdometryCovariances
[2.538s] [  0%] Built target _roboteq_diff_msgs_generate_messages_check_deps_RequestParam
[2.558s] [35m[1mScanning dependencies of target std_msgs_generate_messages_cpp[0m
[2.566s] [  0%] Built target std_msgs_generate_messages_py
[2.568s] [  0%] Built target _roboteq_diff_msgs_generate_messages_check_deps_Quaternion
[2.612s] [  0%] Built target _roboteq_diff_msgs_generate_messages_check_deps_Vector3
[2.632s] [  0%] Built target std_msgs_generate_messages_cpp
[2.646s] [  0%] Built target _roboteq_diff_msgs_generate_messages_check_deps_RequestOdometryCovariances
[2.653s] [35m[1mScanning dependencies of target std_msgs_generate_messages_eus[0m
[2.653s] [  0%] Built target std_msgs_generate_messages_lisp
[2.723s] [35m[1mScanning dependencies of target roboteq_diff_msgs_generate_messages_nodejs[0m
[2.735s] [35m[1mScanning dependencies of target roboteq_diff_msgs_generate_messages_py[0m
[2.756s] [35m[1mScanning dependencies of target roboteq_diff_msgs_generate_messages_lisp[0m
[2.792s] [35m[1mScanning dependencies of target roboteq_diff_msgs_generate_messages_cpp[0m
[2.795s] [  0%] Built target std_msgs_generate_messages_eus
[2.798s] [  2%] [34m[1mGenerating Javascript code from roboteq_diff_msgs/OdometryCovariances.msg[0m
[2.807s] [  4%] [34m[1mGenerating Javascript code from roboteq_diff_msgs/Point.msg[0m
[2.807s] [  6%] [34m[1mGenerating Python from MSG roboteq_diff_msgs/Point[0m
[2.813s] [  8%] [34m[1mGenerating Python from MSG roboteq_diff_msgs/Vector3[0m
[2.814s] [ 10%] [34m[1mGenerating Javascript code from roboteq_diff_msgs/Vector3.msg[0m
[2.815s] [ 12%] [34m[1mGenerating Python from MSG roboteq_diff_msgs/Duplex[0m
[2.818s] [ 18%] [34m[1mGenerating Javascript code from roboteq_diff_msgs/Duplex.msg[0m
[2.818s] [ 18%] [34m[1mGenerating Python from MSG roboteq_diff_msgs/Quaternion[0m
[2.838s] [ 20%] [34m[1mGenerating Lisp code from roboteq_diff_msgs/Vector3.msg[0m
[2.838s] [ 18%] [34m[1mGenerating Lisp code from roboteq_diff_msgs/Duplex.msg[0m
[2.839s] [ 22%] [34m[1mGenerating Python from MSG roboteq_diff_msgs/Pose[0m
[2.842s] [ 25%] [34m[1mGenerating Lisp code from roboteq_diff_msgs/Point.msg[0m
[2.843s] [ 27%] [34m[1mGenerating Python from MSG roboteq_diff_msgs/OdometryCovariances[0m
[2.847s] [ 29%] [34m[1mGenerating Lisp code from roboteq_diff_msgs/OdometryCovariances.msg[0m
[2.858s] [ 31%] [34m[1mGenerating Javascript code from roboteq_diff_msgs/Quaternion.msg[0m
[2.862s] [ 33%] [34m[1mGenerating Lisp code from roboteq_diff_msgs/Pose.msg[0m
[2.902s] [35m[1mScanning dependencies of target roboteq_diff_msgs_generate_messages_eus[0m
[2.903s] [ 35%] [34m[1mGenerating C++ code from roboteq_diff_msgs/Duplex.msg[0m
[2.903s] [ 37%] [34m[1mGenerating Lisp code from roboteq_diff_msgs/Quaternion.msg[0m
[2.951s] [ 39%] [34m[1mGenerating C++ code from roboteq_diff_msgs/OdometryCovariances.msg[0m
[2.954s] [ 41%] [34m[1mGenerating Javascript code from roboteq_diff_msgs/Pose.msg[0m
[2.986s] [ 43%] [34m[1mGenerating EusLisp code from roboteq_diff_msgs/Duplex.msg[0m
[3.011s] [ 45%] [34m[1mGenerating EusLisp code from roboteq_diff_msgs/OdometryCovariances.msg[0m
[3.025s] [ 47%] [34m[1mGenerating Lisp code from roboteq_diff_msgs/Twist.msg[0m
[3.035s] [ 50%] [34m[1mGenerating C++ code from roboteq_diff_msgs/Point.msg[0m
[3.045s] [ 52%] [34m[1mGenerating Lisp code from roboteq_diff_msgs/RequestParam.srv[0m
[3.050s] [ 54%] [34m[1mGenerating EusLisp code from roboteq_diff_msgs/Point.msg[0m
[3.056s] [ 56%] [34m[1mGenerating Javascript code from roboteq_diff_msgs/Twist.msg[0m
[3.056s] [ 58%] [34m[1mGenerating C++ code from roboteq_diff_msgs/Vector3.msg[0m
[3.084s] [ 60%] [34m[1mGenerating Lisp code from roboteq_diff_msgs/RequestOdometryCovariances.srv[0m
[3.124s] [ 62%] [34m[1mGenerating EusLisp code from roboteq_diff_msgs/Vector3.msg[0m
[3.157s] [ 64%] [34m[1mGenerating Javascript code from roboteq_diff_msgs/RequestParam.srv[0m
[3.188s] [ 66%] [34m[1mGenerating C++ code from roboteq_diff_msgs/Quaternion.msg[0m
[3.228s] [ 68%] [34m[1mGenerating Javascript code from roboteq_diff_msgs/RequestOdometryCovariances.srv[0m
[3.266s] [ 70%] [34m[1mGenerating EusLisp code from roboteq_diff_msgs/Quaternion.msg[0m
[3.331s] [ 72%] [34m[1mGenerating Python from MSG roboteq_diff_msgs/Twist[0m
[3.341s] [ 75%] [34m[1mGenerating C++ code from roboteq_diff_msgs/Pose.msg[0m
[3.373s] [ 77%] [34m[1mGenerating Python code from SRV roboteq_diff_msgs/RequestParam[0m
[3.387s] [ 79%] [34m[1mGenerating Python code from SRV roboteq_diff_msgs/RequestOdometryCovariances[0m
[3.387s] [ 81%] [34m[1mGenerating EusLisp code from roboteq_diff_msgs/Pose.msg[0m
[3.391s] [ 81%] Built target roboteq_diff_msgs_generate_messages_lisp
[3.400s] [ 81%] Built target roboteq_diff_msgs_generate_messages_nodejs
[3.402s] [ 83%] [34m[1mGenerating C++ code from roboteq_diff_msgs/Twist.msg[0m
[3.442s] [ 85%] [34m[1mGenerating C++ code from roboteq_diff_msgs/RequestParam.srv[0m
[3.443s] [ 87%] [34m[1mGenerating EusLisp code from roboteq_diff_msgs/Twist.msg[0m
[3.443s] [ 89%] [34m[1mGenerating EusLisp code from roboteq_diff_msgs/RequestParam.srv[0m
[3.455s] [ 95%] [34m[1mGenerating EusLisp manifest code for roboteq_diff_msgs[0m
[3.460s] [ 91%] [34m[1mGenerating C++ code from roboteq_diff_msgs/RequestOdometryCovariances.srv[0m
[3.460s] [ 93%] [34m[1mGenerating EusLisp code from roboteq_diff_msgs/RequestOdometryCovariances.srv[0m
[4.310s] [100%] [34m[1mGenerating Python srv __init__.py for roboteq_diff_msgs[0m
[4.314s] [ 97%] [34m[1mGenerating Python msg __init__.py for roboteq_diff_msgs[0m
[4.327s] [100%] Built target roboteq_diff_msgs_generate_messages_cpp
[4.953s] [100%] Built target roboteq_diff_msgs_generate_messages_eus
[5.181s] [100%] Built target roboteq_diff_msgs_generate_messages_py
[5.251s] [35m[1mScanning dependencies of target roboteq_diff_msgs_generate_messages[0m
[5.328s] [100%] Built target roboteq_diff_msgs_generate_messages
[5.397s] Invoked command in '/home/msi/caato2_ws/build/roboteq_diff_msgs' returned '0': /usr/bin/cmake --build /home/msi/caato2_ws/build/roboteq_diff_msgs -- -j20 -l20
[6.215s] Invoking command in '/home/msi/caato2_ws/build/roboteq_diff_msgs': /usr/bin/cmake --build /home/msi/caato2_ws/build/roboteq_diff_msgs --target tests -- -j20 -l20
[7.376s] [35m[1mScanning dependencies of target tests[0m
[7.377s] Built target tests
[7.562s] Invoked command in '/home/msi/caato2_ws/build/roboteq_diff_msgs' returned '0': /usr/bin/cmake --build /home/msi/caato2_ws/build/roboteq_diff_msgs --target tests -- -j20 -l20
[8.531s] Invoking command in '/home/msi/caato2_ws/build/roboteq_diff_msgs': /usr/bin/cmake --install /home/msi/caato2_ws/build/roboteq_diff_msgs
[9.773s] -- Install configuration: ""
[9.773s] -- Installing: /home/msi/caato2_ws/install/roboteq_diff_msgs/share/roboteq_diff_msgs/msg/Duplex.msg
[9.773s] -- Installing: /home/msi/caato2_ws/install/roboteq_diff_msgs/share/roboteq_diff_msgs/msg/OdometryCovariances.msg
[9.773s] -- Installing: /home/msi/caato2_ws/install/roboteq_diff_msgs/share/roboteq_diff_msgs/msg/Point.msg
[9.773s] -- Installing: /home/msi/caato2_ws/install/roboteq_diff_msgs/share/roboteq_diff_msgs/msg/Vector3.msg
[9.773s] -- Installing: /home/msi/caato2_ws/install/roboteq_diff_msgs/share/roboteq_diff_msgs/msg/Quaternion.msg
[9.773s] -- Installing: /home/msi/caato2_ws/install/roboteq_diff_msgs/share/roboteq_diff_msgs/msg/Pose.msg
[9.773s] -- Installing: /home/msi/caato2_ws/install/roboteq_diff_msgs/share/roboteq_diff_msgs/msg/Twist.msg
[9.773s] -- Installing: /home/msi/caato2_ws/install/roboteq_diff_msgs/share/roboteq_diff_msgs/srv/RequestParam.srv
[9.773s] -- Installing: /home/msi/caato2_ws/install/roboteq_diff_msgs/share/roboteq_diff_msgs/srv/RequestOdometryCovariances.srv
[9.774s] -- Installing: /home/msi/caato2_ws/install/roboteq_diff_msgs/share/roboteq_diff_msgs/cmake/roboteq_diff_msgs-msg-paths.cmake
[9.774s] -- Installing: /home/msi/caato2_ws/install/roboteq_diff_msgs/include/roboteq_diff_msgs
[9.774s] -- Installing: /home/msi/caato2_ws/install/roboteq_diff_msgs/include/roboteq_diff_msgs/RequestParam.h
[9.774s] -- Installing: /home/msi/caato2_ws/install/roboteq_diff_msgs/include/roboteq_diff_msgs/Quaternion.h
[9.774s] -- Installing: /home/msi/caato2_ws/install/roboteq_diff_msgs/include/roboteq_diff_msgs/Vector3.h
[9.774s] -- Installing: /home/msi/caato2_ws/install/roboteq_diff_msgs/include/roboteq_diff_msgs/Pose.h
[9.774s] -- Installing: /home/msi/caato2_ws/install/roboteq_diff_msgs/include/roboteq_diff_msgs/Point.h
[9.774s] -- Installing: /home/msi/caato2_ws/install/roboteq_diff_msgs/include/roboteq_diff_msgs/OdometryCovariances.h
[9.774s] -- Installing: /home/msi/caato2_ws/install/roboteq_diff_msgs/include/roboteq_diff_msgs/RequestParamRequest.h
[9.774s] -- Installing: /home/msi/caato2_ws/install/roboteq_diff_msgs/include/roboteq_diff_msgs/RequestParamResponse.h
[9.774s] -- Installing: /home/msi/caato2_ws/install/roboteq_diff_msgs/include/roboteq_diff_msgs/RequestOdometryCovariancesResponse.h
[9.774s] -- Installing: /home/msi/caato2_ws/install/roboteq_diff_msgs/include/roboteq_diff_msgs/Twist.h
[9.774s] -- Installing: /home/msi/caato2_ws/install/roboteq_diff_msgs/include/roboteq_diff_msgs/Duplex.h
[9.774s] -- Installing: /home/msi/caato2_ws/install/roboteq_diff_msgs/include/roboteq_diff_msgs/RequestOdometryCovariancesRequest.h
[9.775s] -- Installing: /home/msi/caato2_ws/install/roboteq_diff_msgs/include/roboteq_diff_msgs/RequestOdometryCovariances.h
[9.775s] -- Installing: /home/msi/caato2_ws/install/roboteq_diff_msgs/share/roseus/ros/roboteq_diff_msgs
[9.775s] -- Installing: /home/msi/caato2_ws/install/roboteq_diff_msgs/share/roseus/ros/roboteq_diff_msgs/msg
[9.775s] -- Installing: /home/msi/caato2_ws/install/roboteq_diff_msgs/share/roseus/ros/roboteq_diff_msgs/msg/Quaternion.l
[9.775s] -- Installing: /home/msi/caato2_ws/install/roboteq_diff_msgs/share/roseus/ros/roboteq_diff_msgs/msg/Point.l
[9.775s] -- Installing: /home/msi/caato2_ws/install/roboteq_diff_msgs/share/roseus/ros/roboteq_diff_msgs/msg/Twist.l
[9.775s] -- Installing: /home/msi/caato2_ws/install/roboteq_diff_msgs/share/roseus/ros/roboteq_diff_msgs/msg/Pose.l
[9.775s] -- Installing: /home/msi/caato2_ws/install/roboteq_diff_msgs/share/roseus/ros/roboteq_diff_msgs/msg/OdometryCovariances.l
[9.775s] -- Installing: /home/msi/caato2_ws/install/roboteq_diff_msgs/share/roseus/ros/roboteq_diff_msgs/msg/Vector3.l
[9.775s] -- Installing: /home/msi/caato2_ws/install/roboteq_diff_msgs/share/roseus/ros/roboteq_diff_msgs/msg/Duplex.l
[9.775s] -- Installing: /home/msi/caato2_ws/install/roboteq_diff_msgs/share/roseus/ros/roboteq_diff_msgs/manifest.l
[9.775s] -- Installing: /home/msi/caato2_ws/install/roboteq_diff_msgs/share/roseus/ros/roboteq_diff_msgs/srv
[9.775s] -- Installing: /home/msi/caato2_ws/install/roboteq_diff_msgs/share/roseus/ros/roboteq_diff_msgs/srv/RequestOdometryCovariances.l
[9.775s] -- Installing: /home/msi/caato2_ws/install/roboteq_diff_msgs/share/roseus/ros/roboteq_diff_msgs/srv/RequestParam.l
[9.776s] -- Installing: /home/msi/caato2_ws/install/roboteq_diff_msgs/share/common-lisp/ros/roboteq_diff_msgs
[9.776s] -- Installing: /home/msi/caato2_ws/install/roboteq_diff_msgs/share/common-lisp/ros/roboteq_diff_msgs/msg
[9.776s] -- Installing: /home/msi/caato2_ws/install/roboteq_diff_msgs/share/common-lisp/ros/roboteq_diff_msgs/msg/_package.lisp
[9.776s] -- Installing: /home/msi/caato2_ws/install/roboteq_diff_msgs/share/common-lisp/ros/roboteq_diff_msgs/msg/Twist.lisp
[9.776s] -- Installing: /home/msi/caato2_ws/install/roboteq_diff_msgs/share/common-lisp/ros/roboteq_diff_msgs/msg/Pose.lisp
[9.776s] -- Installing: /home/msi/caato2_ws/install/roboteq_diff_msgs/share/common-lisp/ros/roboteq_diff_msgs/msg/_package_Vector3.lisp
[9.776s] -- Installing: /home/msi/caato2_ws/install/roboteq_diff_msgs/share/common-lisp/ros/roboteq_diff_msgs/msg/_package_OdometryCovariances.lisp
[9.776s] -- Installing: /home/msi/caato2_ws/install/roboteq_diff_msgs/share/common-lisp/ros/roboteq_diff_msgs/msg/_package_Duplex.lisp
[9.776s] -- Installing: /home/msi/caato2_ws/install/roboteq_diff_msgs/share/common-lisp/ros/roboteq_diff_msgs/msg/Quaternion.lisp
[9.776s] -- Installing: /home/msi/caato2_ws/install/roboteq_diff_msgs/share/common-lisp/ros/roboteq_diff_msgs/msg/roboteq_diff_msgs-msg.asd
[9.776s] -- Installing: /home/msi/caato2_ws/install/roboteq_diff_msgs/share/common-lisp/ros/roboteq_diff_msgs/msg/Point.lisp
[9.776s] -- Installing: /home/msi/caato2_ws/install/roboteq_diff_msgs/share/common-lisp/ros/roboteq_diff_msgs/msg/_package_Twist.lisp
[9.776s] -- Installing: /home/msi/caato2_ws/install/roboteq_diff_msgs/share/common-lisp/ros/roboteq_diff_msgs/msg/Vector3.lisp
[9.776s] -- Installing: /home/msi/caato2_ws/install/roboteq_diff_msgs/share/common-lisp/ros/roboteq_diff_msgs/msg/_package_Pose.lisp
[9.777s] -- Installing: /home/msi/caato2_ws/install/roboteq_diff_msgs/share/common-lisp/ros/roboteq_diff_msgs/msg/_package_Point.lisp
[9.777s] -- Installing: /home/msi/caato2_ws/install/roboteq_diff_msgs/share/common-lisp/ros/roboteq_diff_msgs/msg/OdometryCovariances.lisp
[9.777s] -- Installing: /home/msi/caato2_ws/install/roboteq_diff_msgs/share/common-lisp/ros/roboteq_diff_msgs/msg/_package_Quaternion.lisp
[9.777s] -- Installing: /home/msi/caato2_ws/install/roboteq_diff_msgs/share/common-lisp/ros/roboteq_diff_msgs/msg/Duplex.lisp
[9.777s] -- Installing: /home/msi/caato2_ws/install/roboteq_diff_msgs/share/common-lisp/ros/roboteq_diff_msgs/srv
[9.777s] -- Installing: /home/msi/caato2_ws/install/roboteq_diff_msgs/share/common-lisp/ros/roboteq_diff_msgs/srv/_package.lisp
[9.777s] -- Installing: /home/msi/caato2_ws/install/roboteq_diff_msgs/share/common-lisp/ros/roboteq_diff_msgs/srv/_package_RequestParam.lisp
[9.777s] -- Installing: /home/msi/caato2_ws/install/roboteq_diff_msgs/share/common-lisp/ros/roboteq_diff_msgs/srv/_package_RequestOdometryCovariances.lisp
[9.777s] -- Installing: /home/msi/caato2_ws/install/roboteq_diff_msgs/share/common-lisp/ros/roboteq_diff_msgs/srv/RequestParam.lisp
[9.777s] -- Installing: /home/msi/caato2_ws/install/roboteq_diff_msgs/share/common-lisp/ros/roboteq_diff_msgs/srv/RequestOdometryCovariances.lisp
[9.777s] -- Installing: /home/msi/caato2_ws/install/roboteq_diff_msgs/share/common-lisp/ros/roboteq_diff_msgs/srv/roboteq_diff_msgs-srv.asd
[9.777s] -- Installing: /home/msi/caato2_ws/install/roboteq_diff_msgs/share/gennodejs/ros/roboteq_diff_msgs
[9.777s] -- Installing: /home/msi/caato2_ws/install/roboteq_diff_msgs/share/gennodejs/ros/roboteq_diff_msgs/_index.js
[9.777s] -- Installing: /home/msi/caato2_ws/install/roboteq_diff_msgs/share/gennodejs/ros/roboteq_diff_msgs/msg
[9.778s] -- Installing: /home/msi/caato2_ws/install/roboteq_diff_msgs/share/gennodejs/ros/roboteq_diff_msgs/msg/Twist.js
[9.778s] -- Installing: /home/msi/caato2_ws/install/roboteq_diff_msgs/share/gennodejs/ros/roboteq_diff_msgs/msg/_index.js
[9.778s] -- Installing: /home/msi/caato2_ws/install/roboteq_diff_msgs/share/gennodejs/ros/roboteq_diff_msgs/msg/Vector3.js
[9.778s] -- Installing: /home/msi/caato2_ws/install/roboteq_diff_msgs/share/gennodejs/ros/roboteq_diff_msgs/msg/Pose.js
[9.778s] -- Installing: /home/msi/caato2_ws/install/roboteq_diff_msgs/share/gennodejs/ros/roboteq_diff_msgs/msg/Quaternion.js
[9.778s] -- Installing: /home/msi/caato2_ws/install/roboteq_diff_msgs/share/gennodejs/ros/roboteq_diff_msgs/msg/OdometryCovariances.js
[9.778s] -- Installing: /home/msi/caato2_ws/install/roboteq_diff_msgs/share/gennodejs/ros/roboteq_diff_msgs/msg/Duplex.js
[9.778s] -- Installing: /home/msi/caato2_ws/install/roboteq_diff_msgs/share/gennodejs/ros/roboteq_diff_msgs/msg/Point.js
[9.781s] -- Installing: /home/msi/caato2_ws/install/roboteq_diff_msgs/share/gennodejs/ros/roboteq_diff_msgs/srv
[9.782s] -- Installing: /home/msi/caato2_ws/install/roboteq_diff_msgs/share/gennodejs/ros/roboteq_diff_msgs/srv/_index.js
[9.782s] -- Installing: /home/msi/caato2_ws/install/roboteq_diff_msgs/share/gennodejs/ros/roboteq_diff_msgs/srv/RequestOdometryCovariances.js
[9.782s] -- Installing: /home/msi/caato2_ws/install/roboteq_diff_msgs/share/gennodejs/ros/roboteq_diff_msgs/srv/RequestParam.js
[9.782s] Listing '/home/msi/caato2_ws/build/roboteq_diff_msgs/devel/lib/python3/dist-packages/roboteq_diff_msgs'...
[9.782s] Compiling '/home/msi/caato2_ws/build/roboteq_diff_msgs/devel/lib/python3/dist-packages/roboteq_diff_msgs/__init__.py'...
[9.782s] Listing '/home/msi/caato2_ws/build/roboteq_diff_msgs/devel/lib/python3/dist-packages/roboteq_diff_msgs/msg'...
[9.782s] Compiling '/home/msi/caato2_ws/build/roboteq_diff_msgs/devel/lib/python3/dist-packages/roboteq_diff_msgs/msg/_Duplex.py'...
[9.782s] Compiling '/home/msi/caato2_ws/build/roboteq_diff_msgs/devel/lib/python3/dist-packages/roboteq_diff_msgs/msg/_OdometryCovariances.py'...
[9.782s] Compiling '/home/msi/caato2_ws/build/roboteq_diff_msgs/devel/lib/python3/dist-packages/roboteq_diff_msgs/msg/_Point.py'...
[9.782s] Compiling '/home/msi/caato2_ws/build/roboteq_diff_msgs/devel/lib/python3/dist-packages/roboteq_diff_msgs/msg/_Pose.py'...
[9.783s] Compiling '/home/msi/caato2_ws/build/roboteq_diff_msgs/devel/lib/python3/dist-packages/roboteq_diff_msgs/msg/_Quaternion.py'...
[9.783s] Compiling '/home/msi/caato2_ws/build/roboteq_diff_msgs/devel/lib/python3/dist-packages/roboteq_diff_msgs/msg/_Twist.py'...
[9.783s] Compiling '/home/msi/caato2_ws/build/roboteq_diff_msgs/devel/lib/python3/dist-packages/roboteq_diff_msgs/msg/_Vector3.py'...
[9.783s] Compiling '/home/msi/caato2_ws/build/roboteq_diff_msgs/devel/lib/python3/dist-packages/roboteq_diff_msgs/msg/__init__.py'...
[9.783s] Listing '/home/msi/caato2_ws/build/roboteq_diff_msgs/devel/lib/python3/dist-packages/roboteq_diff_msgs/srv'...
[9.783s] Compiling '/home/msi/caato2_ws/build/roboteq_diff_msgs/devel/lib/python3/dist-packages/roboteq_diff_msgs/srv/_RequestOdometryCovariances.py'...
[9.783s] Compiling '/home/msi/caato2_ws/build/roboteq_diff_msgs/devel/lib/python3/dist-packages/roboteq_diff_msgs/srv/_RequestParam.py'...
[9.783s] Compiling '/home/msi/caato2_ws/build/roboteq_diff_msgs/devel/lib/python3/dist-packages/roboteq_diff_msgs/srv/__init__.py'...
[9.783s] -- Installing: /home/msi/caato2_ws/install/roboteq_diff_msgs/lib/python3/dist-packages/roboteq_diff_msgs
[9.783s] -- Installing: /home/msi/caato2_ws/install/roboteq_diff_msgs/lib/python3/dist-packages/roboteq_diff_msgs/msg
[9.783s] -- Installing: /home/msi/caato2_ws/install/roboteq_diff_msgs/lib/python3/dist-packages/roboteq_diff_msgs/msg/_OdometryCovariances.py
[9.783s] -- Installing: /home/msi/caato2_ws/install/roboteq_diff_msgs/lib/python3/dist-packages/roboteq_diff_msgs/msg/_Point.py
[9.783s] -- Installing: /home/msi/caato2_ws/install/roboteq_diff_msgs/lib/python3/dist-packages/roboteq_diff_msgs/msg/_Twist.py
[9.783s] -- Installing: /home/msi/caato2_ws/install/roboteq_diff_msgs/lib/python3/dist-packages/roboteq_diff_msgs/msg/_Quaternion.py
[9.783s] -- Installing: /home/msi/caato2_ws/install/roboteq_diff_msgs/lib/python3/dist-packages/roboteq_diff_msgs/msg/_Vector3.py
[9.784s] -- Installing: /home/msi/caato2_ws/install/roboteq_diff_msgs/lib/python3/dist-packages/roboteq_diff_msgs/msg/_Pose.py
[9.784s] -- Installing: /home/msi/caato2_ws/install/roboteq_diff_msgs/lib/python3/dist-packages/roboteq_diff_msgs/msg/__init__.py
[9.784s] -- Installing: /home/msi/caato2_ws/install/roboteq_diff_msgs/lib/python3/dist-packages/roboteq_diff_msgs/msg/__pycache__
[9.784s] -- Installing: /home/msi/caato2_ws/install/roboteq_diff_msgs/lib/python3/dist-packages/roboteq_diff_msgs/msg/__pycache__/_Point.cpython-38.pyc
[9.784s] -- Installing: /home/msi/caato2_ws/install/roboteq_diff_msgs/lib/python3/dist-packages/roboteq_diff_msgs/msg/__pycache__/_Quaternion.cpython-38.pyc
[9.784s] -- Installing: /home/msi/caato2_ws/install/roboteq_diff_msgs/lib/python3/dist-packages/roboteq_diff_msgs/msg/__pycache__/_Pose.cpython-38.pyc
[9.784s] -- Installing: /home/msi/caato2_ws/install/roboteq_diff_msgs/lib/python3/dist-packages/roboteq_diff_msgs/msg/__pycache__/_Vector3.cpython-38.pyc
[9.784s] -- Installing: /home/msi/caato2_ws/install/roboteq_diff_msgs/lib/python3/dist-packages/roboteq_diff_msgs/msg/__pycache__/_OdometryCovariances.cpython-38.pyc
[9.784s] -- Installing: /home/msi/caato2_ws/install/roboteq_diff_msgs/lib/python3/dist-packages/roboteq_diff_msgs/msg/__pycache__/__init__.cpython-38.pyc
[9.784s] -- Installing: /home/msi/caato2_ws/install/roboteq_diff_msgs/lib/python3/dist-packages/roboteq_diff_msgs/msg/__pycache__/_Twist.cpython-38.pyc
[9.784s] -- Installing: /home/msi/caato2_ws/install/roboteq_diff_msgs/lib/python3/dist-packages/roboteq_diff_msgs/msg/__pycache__/_Duplex.cpython-38.pyc
[9.784s] -- Installing: /home/msi/caato2_ws/install/roboteq_diff_msgs/lib/python3/dist-packages/roboteq_diff_msgs/msg/_Duplex.py
[9.784s] -- Installing: /home/msi/caato2_ws/install/roboteq_diff_msgs/lib/python3/dist-packages/roboteq_diff_msgs/srv
[9.785s] -- Installing: /home/msi/caato2_ws/install/roboteq_diff_msgs/lib/python3/dist-packages/roboteq_diff_msgs/srv/_RequestParam.py
[9.785s] -- Installing: /home/msi/caato2_ws/install/roboteq_diff_msgs/lib/python3/dist-packages/roboteq_diff_msgs/srv/__init__.py
[9.785s] -- Installing: /home/msi/caato2_ws/install/roboteq_diff_msgs/lib/python3/dist-packages/roboteq_diff_msgs/srv/_RequestOdometryCovariances.py
[9.785s] -- Installing: /home/msi/caato2_ws/install/roboteq_diff_msgs/lib/python3/dist-packages/roboteq_diff_msgs/srv/__pycache__
[9.785s] -- Installing: /home/msi/caato2_ws/install/roboteq_diff_msgs/lib/python3/dist-packages/roboteq_diff_msgs/srv/__pycache__/_RequestParam.cpython-38.pyc
[9.785s] -- Installing: /home/msi/caato2_ws/install/roboteq_diff_msgs/lib/python3/dist-packages/roboteq_diff_msgs/srv/__pycache__/__init__.cpython-38.pyc
[9.785s] -- Installing: /home/msi/caato2_ws/install/roboteq_diff_msgs/lib/python3/dist-packages/roboteq_diff_msgs/srv/__pycache__/_RequestOdometryCovariances.cpython-38.pyc
[9.785s] -- Installing: /home/msi/caato2_ws/install/roboteq_diff_msgs/lib/python3/dist-packages/roboteq_diff_msgs/__init__.py
[9.785s] -- Installing: /home/msi/caato2_ws/install/roboteq_diff_msgs/lib/python3/dist-packages/roboteq_diff_msgs/__pycache__
[9.785s] -- Installing: /home/msi/caato2_ws/install/roboteq_diff_msgs/lib/python3/dist-packages/roboteq_diff_msgs/__pycache__/__init__.cpython-38.pyc
[9.785s] -- Installing: /home/msi/caato2_ws/install/roboteq_diff_msgs/lib/pkgconfig/roboteq_diff_msgs.pc
[9.785s] -- Installing: /home/msi/caato2_ws/install/roboteq_diff_msgs/share/roboteq_diff_msgs/cmake/roboteq_diff_msgs-msg-extras.cmake
[9.785s] -- Installing: /home/msi/caato2_ws/install/roboteq_diff_msgs/share/roboteq_diff_msgs/cmake/roboteq_diff_msgsConfig.cmake
[9.785s] -- Installing: /home/msi/caato2_ws/install/roboteq_diff_msgs/share/roboteq_diff_msgs/cmake/roboteq_diff_msgsConfig-version.cmake
[9.785s] -- Installing: /home/msi/caato2_ws/install/roboteq_diff_msgs/share/roboteq_diff_msgs/package.xml
[9.831s] Invoked command in '/home/msi/caato2_ws/build/roboteq_diff_msgs' returned '0': /usr/bin/cmake --install /home/msi/caato2_ws/build/roboteq_diff_msgs
