Built target caato_description_xacro_generated_to_devel_space_
Built target tests
-- Install configuration: ""
-- Up-to-date: /home/msi/caato2_ws/install/caato_description/lib/pkgconfig/caato_description.pc
-- Up-to-date: /home/msi/caato2_ws/install/caato_description/share/caato_description/cmake/caato_descriptionConfig.cmake
-- Up-to-date: /home/msi/caato2_ws/install/caato_description/share/caato_description/cmake/caato_descriptionConfig-version.cmake
-- Up-to-date: /home/msi/caato2_ws/install/caato_description/share/caato_description/package.xml
-- Up-to-date: /home/msi/caato2_ws/install/caato_description/share/caato_description/launch
-- Up-to-date: /home/msi/caato2_ws/install/caato_description/share/caato_description/launch/description.launch
-- Up-to-date: /home/msi/caato2_ws/install/caato_description/share/caato_description/meshes
-- Up-to-date: /home/msi/caato2_ws/install/caato_description/share/caato_description/meshes/002._dc_brushed_wheels.stl
-- Up-to-date: /home/msi/caato2_ws/install/caato_description/share/caato_description/meshes/hokuyo_laser_scanner.stl
-- Up-to-date: /home/msi/caato2_ws/install/caato_description/share/caato_description/meshes/wheels
-- Up-to-date: /home/msi/caato2_ws/install/caato_description/share/caato_description/meshes/wheels/front_caster_wheel.stl
-- Up-to-date: /home/msi/caato2_ws/install/caato_description/share/caato_description/meshes/wheels/drive_wheel.stl
-- Up-to-date: /home/msi/caato2_ws/install/caato_description/share/caato_description/meshes/wheels/rear_caster_wheel.stl
-- Up-to-date: /home/msi/caato2_ws/install/caato_description/share/caato_description/meshes/xiaomi_pro_hub_motor.stl
-- Up-to-date: /home/msi/caato2_ws/install/caato_description/share/caato_description/meshes/sensors
-- Up-to-date: /home/msi/caato2_ws/install/caato_description/share/caato_description/meshes/sensors/hokuyo_laser_scanner.stl
-- Up-to-date: /home/msi/caato2_ws/install/caato_description/share/caato_description/meshes/sensors/pal.stl
-- Up-to-date: /home/msi/caato2_ws/install/caato_description/share/caato_description/meshes/castor_wheel.stl
-- Up-to-date: /home/msi/caato2_ws/install/caato_description/share/caato_description/meshes/castor_mount.stl
-- Up-to-date: /home/msi/caato2_ws/install/caato_description/share/caato_description/meshes/bases
-- Up-to-date: /home/msi/caato2_ws/install/caato_description/share/caato_description/meshes/bases/caato_v1.stl
-- Up-to-date: /home/msi/caato2_ws/install/caato_description/share/caato_description/meshes/base_link.stl
-- Up-to-date: /home/msi/caato2_ws/install/caato_description/share/caato_description/urdf
-- Up-to-date: /home/msi/caato2_ws/install/caato_description/share/caato_description/urdf/dreamvue.xacro
-- Up-to-date: /home/msi/caato2_ws/install/caato_description/share/caato_description/urdf/backup
-- Up-to-date: /home/msi/caato2_ws/install/caato_description/share/caato_description/urdf/backup/locust_360Cam.urdf.xacro
-- Up-to-date: /home/msi/caato2_ws/install/caato_description/share/caato_description/urdf/caato_v1f.gazebo.xacro
-- Up-to-date: /home/msi/caato2_ws/install/caato_description/share/caato_description/urdf/caato.urdf
-- Up-to-date: /home/msi/caato2_ws/install/caato_description/share/caato_description/urdf/caato_v1f.urdf.xacro
-- Up-to-date: /home/msi/caato2_ws/install/caato_description/share/caato_description/urdf/common_properties.xacro
-- Up-to-date: /home/msi/caato2_ws/install/caato_description/share/caato_description/urdf/macro.xacro
-- Up-to-date: /home/msi/caato2_ws/install/caato_description/share/caato_description/urdf/caato.gazebo.xacro
-- Up-to-date: /home/msi/caato2_ws/install/caato_description/share/caato_description/urdf/caato_v1m.urdf.xacro
-- Up-to-date: /home/msi/caato2_ws/install/caato_description/share/caato_description/urdf/caato_v1.gazebo.xacro
-- Up-to-date: /home/msi/caato2_ws/install/caato_description/share/caato_description/urdf/caato_v1a.urdf.xacro
