[0.093s] Invoking command in '/home/msi/caato2_ws/build/caato_description': /usr/bin/cmake --build /home/msi/caato2_ws/build/caato_description -- -j20 -l20
[0.366s] Built target caato_description_xacro_generated_to_devel_space_
[0.453s] Invoked command in '/home/msi/caato2_ws/build/caato_description' returned '0': /usr/bin/cmake --build /home/msi/caato2_ws/build/caato_description -- -j20 -l20
[0.524s] Invoking command in '/home/msi/caato2_ws/build/caato_description': /usr/bin/cmake --build /home/msi/caato2_ws/build/caato_description --target tests -- -j20 -l20
[0.576s] Built target tests
[0.608s] Invoked command in '/home/msi/caato2_ws/build/caato_description' returned '0': /usr/bin/cmake --build /home/msi/caato2_ws/build/caato_description --target tests -- -j20 -l20
[0.688s] Invoking command in '/home/msi/caato2_ws/build/caato_description': /usr/bin/cmake --install /home/msi/caato2_ws/build/caato_description
[0.712s] -- Install configuration: ""
[0.712s] -- Up-to-date: /home/msi/caato2_ws/install/caato_description/lib/pkgconfig/caato_description.pc
[0.712s] -- Up-to-date: /home/msi/caato2_ws/install/caato_description/share/caato_description/cmake/caato_descriptionConfig.cmake
[0.713s] -- Up-to-date: /home/msi/caato2_ws/install/caato_description/share/caato_description/cmake/caato_descriptionConfig-version.cmake
[0.713s] -- Up-to-date: /home/msi/caato2_ws/install/caato_description/share/caato_description/package.xml
[0.714s] -- Up-to-date: /home/msi/caato2_ws/install/caato_description/share/caato_description/launch
[0.714s] -- Up-to-date: /home/msi/caato2_ws/install/caato_description/share/caato_description/launch/description.launch
[0.714s] -- Up-to-date: /home/msi/caato2_ws/install/caato_description/share/caato_description/meshes
[0.714s] -- Up-to-date: /home/msi/caato2_ws/install/caato_description/share/caato_description/meshes/002._dc_brushed_wheels.stl
[0.714s] -- Up-to-date: /home/msi/caato2_ws/install/caato_description/share/caato_description/meshes/hokuyo_laser_scanner.stl
[0.714s] -- Up-to-date: /home/msi/caato2_ws/install/caato_description/share/caato_description/meshes/wheels
[0.715s] -- Up-to-date: /home/msi/caato2_ws/install/caato_description/share/caato_description/meshes/wheels/front_caster_wheel.stl
[0.715s] -- Up-to-date: /home/msi/caato2_ws/install/caato_description/share/caato_description/meshes/wheels/drive_wheel.stl
[0.715s] -- Up-to-date: /home/msi/caato2_ws/install/caato_description/share/caato_description/meshes/wheels/rear_caster_wheel.stl
[0.716s] -- Up-to-date: /home/msi/caato2_ws/install/caato_description/share/caato_description/meshes/xiaomi_pro_hub_motor.stl
[0.716s] -- Up-to-date: /home/msi/caato2_ws/install/caato_description/share/caato_description/meshes/sensors
[0.716s] -- Up-to-date: /home/msi/caato2_ws/install/caato_description/share/caato_description/meshes/sensors/hokuyo_laser_scanner.stl
[0.716s] -- Up-to-date: /home/msi/caato2_ws/install/caato_description/share/caato_description/meshes/sensors/pal.stl
[0.716s] -- Up-to-date: /home/msi/caato2_ws/install/caato_description/share/caato_description/meshes/castor_wheel.stl
[0.716s] -- Up-to-date: /home/msi/caato2_ws/install/caato_description/share/caato_description/meshes/castor_mount.stl
[0.716s] -- Up-to-date: /home/msi/caato2_ws/install/caato_description/share/caato_description/meshes/bases
[0.718s] -- Up-to-date: /home/msi/caato2_ws/install/caato_description/share/caato_description/meshes/bases/caato_v1.stl
[0.718s] -- Up-to-date: /home/msi/caato2_ws/install/caato_description/share/caato_description/meshes/base_link.stl
[0.718s] -- Up-to-date: /home/msi/caato2_ws/install/caato_description/share/caato_description/urdf
[0.718s] -- Up-to-date: /home/msi/caato2_ws/install/caato_description/share/caato_description/urdf/dreamvue.xacro
[0.719s] -- Up-to-date: /home/msi/caato2_ws/install/caato_description/share/caato_description/urdf/backup
[0.719s] -- Up-to-date: /home/msi/caato2_ws/install/caato_description/share/caato_description/urdf/backup/locust_360Cam.urdf.xacro
[0.720s] -- Up-to-date: /home/msi/caato2_ws/install/caato_description/share/caato_description/urdf/caato_v1f.gazebo.xacro
[0.720s] -- Up-to-date: /home/msi/caato2_ws/install/caato_description/share/caato_description/urdf/caato.urdf
[0.720s] -- Up-to-date: /home/msi/caato2_ws/install/caato_description/share/caato_description/urdf/caato_v1f.urdf.xacro
[0.720s] -- Up-to-date: /home/msi/caato2_ws/install/caato_description/share/caato_description/urdf/common_properties.xacro
[0.720s] -- Up-to-date: /home/msi/caato2_ws/install/caato_description/share/caato_description/urdf/macro.xacro
[0.720s] -- Up-to-date: /home/msi/caato2_ws/install/caato_description/share/caato_description/urdf/caato.gazebo.xacro
[0.720s] -- Up-to-date: /home/msi/caato2_ws/install/caato_description/share/caato_description/urdf/caato_v1m.urdf.xacro
[0.721s] -- Up-to-date: /home/msi/caato2_ws/install/caato_description/share/caato_description/urdf/caato_v1.gazebo.xacro
[0.721s] -- Up-to-date: /home/msi/caato2_ws/install/caato_description/share/caato_description/urdf/caato_v1a.urdf.xacro
[0.729s] Invoked command in '/home/msi/caato2_ws/build/caato_description' returned '0': /usr/bin/cmake --install /home/msi/caato2_ws/build/caato_description
