Built target tests
-- Install configuration: ""
-- Up-to-date: /home/msi/caato2_ws/install/caato2_gazebo/lib/pkgconfig/caato2_gazebo.pc
-- Up-to-date: /home/msi/caato2_ws/install/caato2_gazebo/share/caato2_gazebo/cmake/caato2_gazeboConfig.cmake
-- Up-to-date: /home/msi/caato2_ws/install/caato2_gazebo/share/caato2_gazebo/cmake/caato2_gazeboConfig-version.cmake
-- Up-to-date: /home/msi/caato2_ws/install/caato2_gazebo/share/caato2_gazebo/package.xml
-- Up-to-date: /home/msi/caato2_ws/install/caato2_gazebo/share/caato2_gazebo/launch
-- Up-to-date: /home/msi/caato2_ws/install/caato2_gazebo/share/caato2_gazebo/launch/caato2_emptyworld.launch
-- Up-to-date: /home/msi/caato2_ws/install/caato2_gazebo/share/caato2_gazebo/launch/caato2_test_3d_urdf.launch
-- Up-to-date: /home/msi/caato2_ws/install/caato2_gazebo/share/caato2_gazebo/launch/caato2_testurdf.launch
-- Up-to-date: /home/msi/caato2_ws/install/caato2_gazebo/share/caato2_gazebo/launch/caato2_mbc.launch
-- Up-to-date: /home/msi/caato2_ws/install/caato2_gazebo/share/caato2_gazebo/launch/caato2_3d_emptyworld.launch
-- Up-to-date: /home/msi/caato2_ws/install/caato2_gazebo/share/caato2_gazebo/worlds
-- Up-to-date: /home/msi/caato2_ws/install/caato2_gazebo/share/caato2_gazebo/worlds/turtlebot3_world.world
-- Up-to-date: /home/msi/caato2_ws/install/caato2_gazebo/share/caato2_gazebo/worlds/empty.world
-- Up-to-date: /home/msi/caato2_ws/install/caato2_gazebo/share/caato2_gazebo/worlds/traffic-editor-file
-- Up-to-date: /home/msi/caato2_ws/install/caato2_gazebo/share/caato2_gazebo/worlds/traffic-editor-file/sam_mbc.building.yaml
-- Up-to-date: /home/msi/caato2_ws/install/caato2_gazebo/share/caato2_gazebo/worlds/sam_mbc.world
-- Up-to-date: /home/msi/caato2_ws/install/caato2_gazebo/share/caato2_gazebo/models
-- Up-to-date: /home/msi/caato2_ws/install/caato2_gazebo/share/caato2_gazebo/models/mbc_building_L1
-- Up-to-date: /home/msi/caato2_ws/install/caato2_gazebo/share/caato2_gazebo/models/mbc_building_L1/meshes
-- Up-to-date: /home/msi/caato2_ws/install/caato2_gazebo/share/caato2_gazebo/models/mbc_building_L1/meshes/floor_1.png
-- Up-to-date: /home/msi/caato2_ws/install/caato2_gazebo/share/caato2_gazebo/models/mbc_building_L1/meshes/default.png
-- Up-to-date: /home/msi/caato2_ws/install/caato2_gazebo/share/caato2_gazebo/models/mbc_building_L1/meshes/floor_2.png
-- Up-to-date: /home/msi/caato2_ws/install/caato2_gazebo/share/caato2_gazebo/models/mbc_building_L1/meshes/floor_2.mtl
-- Up-to-date: /home/msi/caato2_ws/install/caato2_gazebo/share/caato2_gazebo/models/mbc_building_L1/meshes/wall_1.obj
-- Up-to-date: /home/msi/caato2_ws/install/caato2_gazebo/share/caato2_gazebo/models/mbc_building_L1/meshes/floor_1.mtl
-- Up-to-date: /home/msi/caato2_ws/install/caato2_gazebo/share/caato2_gazebo/models/mbc_building_L1/meshes/floor_2.obj
-- Up-to-date: /home/msi/caato2_ws/install/caato2_gazebo/share/caato2_gazebo/models/mbc_building_L1/meshes/wall_1.mtl
-- Up-to-date: /home/msi/caato2_ws/install/caato2_gazebo/share/caato2_gazebo/models/mbc_building_L1/meshes/floor_1.obj
-- Up-to-date: /home/msi/caato2_ws/install/caato2_gazebo/share/caato2_gazebo/models/mbc_building_L1/model.sdf
-- Up-to-date: /home/msi/caato2_ws/install/caato2_gazebo/share/caato2_gazebo/models/mbc_building_L1/model.config
-- Up-to-date: /home/msi/caato2_ws/install/caato2_gazebo/share/caato2_gazebo/models/Trolley_id3
-- Up-to-date: /home/msi/caato2_ws/install/caato2_gazebo/share/caato2_gazebo/models/Trolley_id3/materials
-- Up-to-date: /home/msi/caato2_ws/install/caato2_gazebo/share/caato2_gazebo/models/Trolley_id3/materials/textures
-- Up-to-date: /home/msi/caato2_ws/install/caato2_gazebo/share/caato2_gazebo/models/Trolley_id3/materials/textures/AprilTag.003.png
-- Up-to-date: /home/msi/caato2_ws/install/caato2_gazebo/share/caato2_gazebo/models/Trolley_id3/materials/textures/AprilTag.002.png
-- Up-to-date: /home/msi/caato2_ws/install/caato2_gazebo/share/caato2_gazebo/models/Trolley_id3/materials/scripts
-- Up-to-date: /home/msi/caato2_ws/install/caato2_gazebo/share/caato2_gazebo/models/Trolley_id3/materials/scripts/AprilTag.003.material
-- Up-to-date: /home/msi/caato2_ws/install/caato2_gazebo/share/caato2_gazebo/models/Trolley_id3/materials/scripts/AprilTag.002.material
-- Up-to-date: /home/msi/caato2_ws/install/caato2_gazebo/share/caato2_gazebo/models/Trolley_id3/meshes
-- Up-to-date: /home/msi/caato2_ws/install/caato2_gazebo/share/caato2_gazebo/models/Trolley_id3/meshes/front_wheel.dae
-- Up-to-date: /home/msi/caato2_ws/install/caato2_gazebo/share/caato2_gazebo/models/Trolley_id3/meshes/Trolley
-- Up-to-date: /home/msi/caato2_ws/install/caato2_gazebo/share/caato2_gazebo/models/Trolley_id3/meshes/Trolley/__Terrazzo_4.jpg
-- Up-to-date: /home/msi/caato2_ws/install/caato2_gazebo/share/caato2_gazebo/models/Trolley_id3/meshes/caster_wheel.dae
-- Up-to-date: /home/msi/caato2_ws/install/caato2_gazebo/share/caato2_gazebo/models/Trolley_id3/meshes/caster_wheel.2.dae
-- Up-to-date: /home/msi/caato2_ws/install/caato2_gazebo/share/caato2_gazebo/models/Trolley_id3/meshes/Trolley.dae
-- Up-to-date: /home/msi/caato2_ws/install/caato2_gazebo/share/caato2_gazebo/models/Trolley_id3/meshes/caster_wheel_hub.dae
-- Up-to-date: /home/msi/caato2_ws/install/caato2_gazebo/share/caato2_gazebo/models/Trolley_id3/Readme.txt
-- Up-to-date: /home/msi/caato2_ws/install/caato2_gazebo/share/caato2_gazebo/models/Trolley_id3/model.sdf
-- Up-to-date: /home/msi/caato2_ws/install/caato2_gazebo/share/caato2_gazebo/models/Trolley_id3/model.config
-- Up-to-date: /home/msi/caato2_ws/install/caato2_gazebo/share/caato2_gazebo/models/Trolley
-- Up-to-date: /home/msi/caato2_ws/install/caato2_gazebo/share/caato2_gazebo/models/Trolley/materials
-- Up-to-date: /home/msi/caato2_ws/install/caato2_gazebo/share/caato2_gazebo/models/Trolley/materials/textures
-- Up-to-date: /home/msi/caato2_ws/install/caato2_gazebo/share/caato2_gazebo/models/Trolley/materials/textures/AprilTag.jpeg
-- Up-to-date: /home/msi/caato2_ws/install/caato2_gazebo/share/caato2_gazebo/models/Trolley/materials/textures/QrImage.png.bkup
-- Up-to-date: /home/msi/caato2_ws/install/caato2_gazebo/share/caato2_gazebo/models/Trolley/materials/scripts
-- Up-to-date: /home/msi/caato2_ws/install/caato2_gazebo/share/caato2_gazebo/models/Trolley/materials/scripts/AprilTag.material
-- Up-to-date: /home/msi/caato2_ws/install/caato2_gazebo/share/caato2_gazebo/models/Trolley/materials/scripts/QrImage.material.bkup
-- Up-to-date: /home/msi/caato2_ws/install/caato2_gazebo/share/caato2_gazebo/models/Trolley/meshes
-- Up-to-date: /home/msi/caato2_ws/install/caato2_gazebo/share/caato2_gazebo/models/Trolley/meshes/front_wheel.dae
-- Up-to-date: /home/msi/caato2_ws/install/caato2_gazebo/share/caato2_gazebo/models/Trolley/meshes/Trolley
-- Up-to-date: /home/msi/caato2_ws/install/caato2_gazebo/share/caato2_gazebo/models/Trolley/meshes/Trolley/__Terrazzo_4.jpg
-- Up-to-date: /home/msi/caato2_ws/install/caato2_gazebo/share/caato2_gazebo/models/Trolley/meshes/caster_wheel.dae
-- Up-to-date: /home/msi/caato2_ws/install/caato2_gazebo/share/caato2_gazebo/models/Trolley/meshes/caster_wheel.2.dae
-- Up-to-date: /home/msi/caato2_ws/install/caato2_gazebo/share/caato2_gazebo/models/Trolley/meshes/Trolley.dae
-- Up-to-date: /home/msi/caato2_ws/install/caato2_gazebo/share/caato2_gazebo/models/Trolley/meshes/caster_wheel_hub.dae
-- Up-to-date: /home/msi/caato2_ws/install/caato2_gazebo/share/caato2_gazebo/models/Trolley/model.sdf.bkup
-- Up-to-date: /home/msi/caato2_ws/install/caato2_gazebo/share/caato2_gazebo/models/Trolley/model.sdf
-- Up-to-date: /home/msi/caato2_ws/install/caato2_gazebo/share/caato2_gazebo/models/Trolley/model.config
-- Up-to-date: /home/msi/caato2_ws/install/caato2_gazebo/share/caato2_gazebo/models/Xnergy_RCU
-- Up-to-date: /home/msi/caato2_ws/install/caato2_gazebo/share/caato2_gazebo/models/Xnergy_RCU/materials
-- Up-to-date: /home/msi/caato2_ws/install/caato2_gazebo/share/caato2_gazebo/models/Xnergy_RCU/materials/textures
-- Up-to-date: /home/msi/caato2_ws/install/caato2_gazebo/share/caato2_gazebo/models/Xnergy_RCU/materials/textures/AprilTag.jpeg
-- Up-to-date: /home/msi/caato2_ws/install/caato2_gazebo/share/caato2_gazebo/models/Xnergy_RCU/materials/textures/QrImage.png.bkup
-- Up-to-date: /home/msi/caato2_ws/install/caato2_gazebo/share/caato2_gazebo/models/Xnergy_RCU/materials/scripts
-- Up-to-date: /home/msi/caato2_ws/install/caato2_gazebo/share/caato2_gazebo/models/Xnergy_RCU/materials/scripts/AprilTag.material
-- Up-to-date: /home/msi/caato2_ws/install/caato2_gazebo/share/caato2_gazebo/models/Xnergy_RCU/materials/scripts/QrImage.material.bkup
-- Up-to-date: /home/msi/caato2_ws/install/caato2_gazebo/share/caato2_gazebo/models/Xnergy_RCU/meshes
-- Up-to-date: /home/msi/caato2_ws/install/caato2_gazebo/share/caato2_gazebo/models/Xnergy_RCU/meshes/Receiver-Unit.dae
-- Up-to-date: /home/msi/caato2_ws/install/caato2_gazebo/share/caato2_gazebo/models/Xnergy_RCU/model.sdf
-- Up-to-date: /home/msi/caato2_ws/install/caato2_gazebo/share/caato2_gazebo/models/Xnergy_RCU/model.config
-- Up-to-date: /home/msi/caato2_ws/install/caato2_gazebo/share/caato2_gazebo/models/Xnergy_TPU
-- Up-to-date: /home/msi/caato2_ws/install/caato2_gazebo/share/caato2_gazebo/models/Xnergy_TPU/materials
-- Up-to-date: /home/msi/caato2_ws/install/caato2_gazebo/share/caato2_gazebo/models/Xnergy_TPU/materials/textures
-- Up-to-date: /home/msi/caato2_ws/install/caato2_gazebo/share/caato2_gazebo/models/Xnergy_TPU/materials/textures/AprilTag.015.png
-- Up-to-date: /home/msi/caato2_ws/install/caato2_gazebo/share/caato2_gazebo/models/Xnergy_TPU/materials/textures/AprilTag.jpeg
-- Up-to-date: /home/msi/caato2_ws/install/caato2_gazebo/share/caato2_gazebo/models/Xnergy_TPU/materials/textures/QrImage.png.bkup
-- Up-to-date: /home/msi/caato2_ws/install/caato2_gazebo/share/caato2_gazebo/models/Xnergy_TPU/materials/scripts
-- Up-to-date: /home/msi/caato2_ws/install/caato2_gazebo/share/caato2_gazebo/models/Xnergy_TPU/materials/scripts/AprilTag.material
-- Up-to-date: /home/msi/caato2_ws/install/caato2_gazebo/share/caato2_gazebo/models/Xnergy_TPU/materials/scripts/QrImage.material.bkup
-- Up-to-date: /home/msi/caato2_ws/install/caato2_gazebo/share/caato2_gazebo/models/Xnergy_TPU/materials/scripts/AprilTag.015.material
-- Up-to-date: /home/msi/caato2_ws/install/caato2_gazebo/share/caato2_gazebo/models/Xnergy_TPU/meshes
-- Up-to-date: /home/msi/caato2_ws/install/caato2_gazebo/share/caato2_gazebo/models/Xnergy_TPU/meshes/Transmitter-Pad.dae
-- Up-to-date: /home/msi/caato2_ws/install/caato2_gazebo/share/caato2_gazebo/models/Xnergy_TPU/model.sdf
-- Up-to-date: /home/msi/caato2_ws/install/caato2_gazebo/share/caato2_gazebo/models/Xnergy_TPU/model.config
-- Up-to-date: /home/msi/caato2_ws/install/caato2_gazebo/share/caato2_gazebo/models/Trolley_id1
-- Up-to-date: /home/msi/caato2_ws/install/caato2_gazebo/share/caato2_gazebo/models/Trolley_id1/materials
-- Up-to-date: /home/msi/caato2_ws/install/caato2_gazebo/share/caato2_gazebo/models/Trolley_id1/materials/textures
-- Up-to-date: /home/msi/caato2_ws/install/caato2_gazebo/share/caato2_gazebo/models/Trolley_id1/materials/textures/AprilTag.001.png
-- Up-to-date: /home/msi/caato2_ws/install/caato2_gazebo/share/caato2_gazebo/models/Trolley_id1/materials/textures/AprilTag.000.png
-- Up-to-date: /home/msi/caato2_ws/install/caato2_gazebo/share/caato2_gazebo/models/Trolley_id1/materials/scripts
-- Up-to-date: /home/msi/caato2_ws/install/caato2_gazebo/share/caato2_gazebo/models/Trolley_id1/materials/scripts/AprilTag.001.material
-- Up-to-date: /home/msi/caato2_ws/install/caato2_gazebo/share/caato2_gazebo/models/Trolley_id1/materials/scripts/AprilTag.000.material
-- Up-to-date: /home/msi/caato2_ws/install/caato2_gazebo/share/caato2_gazebo/models/Trolley_id1/meshes
-- Up-to-date: /home/msi/caato2_ws/install/caato2_gazebo/share/caato2_gazebo/models/Trolley_id1/meshes/front_wheel.dae
-- Up-to-date: /home/msi/caato2_ws/install/caato2_gazebo/share/caato2_gazebo/models/Trolley_id1/meshes/Trolley
-- Up-to-date: /home/msi/caato2_ws/install/caato2_gazebo/share/caato2_gazebo/models/Trolley_id1/meshes/Trolley/__Terrazzo_4.jpg
-- Up-to-date: /home/msi/caato2_ws/install/caato2_gazebo/share/caato2_gazebo/models/Trolley_id1/meshes/caster_wheel.dae
-- Up-to-date: /home/msi/caato2_ws/install/caato2_gazebo/share/caato2_gazebo/models/Trolley_id1/meshes/caster_wheel.2.dae
-- Up-to-date: /home/msi/caato2_ws/install/caato2_gazebo/share/caato2_gazebo/models/Trolley_id1/meshes/Trolley.dae
-- Up-to-date: /home/msi/caato2_ws/install/caato2_gazebo/share/caato2_gazebo/models/Trolley_id1/meshes/caster_wheel_hub.dae
-- Up-to-date: /home/msi/caato2_ws/install/caato2_gazebo/share/caato2_gazebo/models/Trolley_id1/Readme.txt
-- Up-to-date: /home/msi/caato2_ws/install/caato2_gazebo/share/caato2_gazebo/models/Trolley_id1/model.sdf
-- Up-to-date: /home/msi/caato2_ws/install/caato2_gazebo/share/caato2_gazebo/models/Trolley_id1/model.config
-- Up-to-date: /home/msi/caato2_ws/install/caato2_gazebo/share/caato2_gazebo/models/Caato
-- Up-to-date: /home/msi/caato2_ws/install/caato2_gazebo/share/caato2_gazebo/models/Caato/caato_360Cam.urdf.xacro.bkup
-- Up-to-date: /home/msi/caato2_ws/install/caato2_gazebo/share/caato2_gazebo/models/Caato/meshes
-- Up-to-date: /home/msi/caato2_ws/install/caato2_gazebo/share/caato2_gazebo/models/Caato/meshes/002._dc_brushed_wheels.stl
-- Up-to-date: /home/msi/caato2_ws/install/caato2_gazebo/share/caato2_gazebo/models/Caato/meshes/hokuyo_laser_scanner.stl
-- Up-to-date: /home/msi/caato2_ws/install/caato2_gazebo/share/caato2_gazebo/models/Caato/meshes/xiaomi_pro_hub_motor.stl
-- Up-to-date: /home/msi/caato2_ws/install/caato2_gazebo/share/caato2_gazebo/models/Caato/meshes/castor_wheel.stl
-- Up-to-date: /home/msi/caato2_ws/install/caato2_gazebo/share/caato2_gazebo/models/Caato/meshes/castor_mount.stl
-- Up-to-date: /home/msi/caato2_ws/install/caato2_gazebo/share/caato2_gazebo/models/Caato/meshes/base_link.stl
-- Up-to-date: /home/msi/caato2_ws/install/caato2_gazebo/share/caato2_gazebo/models/Caato/model.sdf
-- Up-to-date: /home/msi/caato2_ws/install/caato2_gazebo/share/caato2_gazebo/models/Caato/model.config
-- Up-to-date: /home/msi/caato2_ws/install/caato2_gazebo/share/caato2_gazebo/models/building_L9
-- Up-to-date: /home/msi/caato2_ws/install/caato2_gazebo/share/caato2_gazebo/models/building_L9/meshes
-- Up-to-date: /home/msi/caato2_ws/install/caato2_gazebo/share/caato2_gazebo/models/building_L9/meshes/model.material
-- Up-to-date: /home/msi/caato2_ws/install/caato2_gazebo/share/caato2_gazebo/models/building_L9/meshes/default.png
-- Up-to-date: /home/msi/caato2_ws/install/caato2_gazebo/share/caato2_gazebo/models/building_L9/meshes/blue_linoleum.png
-- Up-to-date: /home/msi/caato2_ws/install/caato2_gazebo/share/caato2_gazebo/models/building_L9/meshes/wall_1.obj
-- Up-to-date: /home/msi/caato2_ws/install/caato2_gazebo/share/caato2_gazebo/models/building_L9/meshes/floor_1.mtl
-- Up-to-date: /home/msi/caato2_ws/install/caato2_gazebo/share/caato2_gazebo/models/building_L9/meshes/wall_1.mtl
-- Up-to-date: /home/msi/caato2_ws/install/caato2_gazebo/share/caato2_gazebo/models/building_L9/meshes/floor_1.obj
-- Up-to-date: /home/msi/caato2_ws/install/caato2_gazebo/share/caato2_gazebo/models/building_L9/model.sdf
-- Up-to-date: /home/msi/caato2_ws/install/caato2_gazebo/share/caato2_gazebo/models/building_L9/model.config
-- Up-to-date: /home/msi/caato2_ws/install/caato2_gazebo/share/caato2_gazebo/models/sam_mbc_mbc_lvl10
-- Up-to-date: /home/msi/caato2_ws/install/caato2_gazebo/share/caato2_gazebo/models/sam_mbc_mbc_lvl10/meshes
-- Up-to-date: /home/msi/caato2_ws/install/caato2_gazebo/share/caato2_gazebo/models/sam_mbc_mbc_lvl10/meshes/model.material
-- Up-to-date: /home/msi/caato2_ws/install/caato2_gazebo/share/caato2_gazebo/models/sam_mbc_mbc_lvl10/meshes/default.png
-- Up-to-date: /home/msi/caato2_ws/install/caato2_gazebo/share/caato2_gazebo/models/sam_mbc_mbc_lvl10/meshes/blue_linoleum.png
-- Up-to-date: /home/msi/caato2_ws/install/caato2_gazebo/share/caato2_gazebo/models/sam_mbc_mbc_lvl10/meshes/wall_1.obj
-- Up-to-date: /home/msi/caato2_ws/install/caato2_gazebo/share/caato2_gazebo/models/sam_mbc_mbc_lvl10/meshes/floor_1.mtl
-- Up-to-date: /home/msi/caato2_ws/install/caato2_gazebo/share/caato2_gazebo/models/sam_mbc_mbc_lvl10/meshes/wall_1.mtl
-- Up-to-date: /home/msi/caato2_ws/install/caato2_gazebo/share/caato2_gazebo/models/sam_mbc_mbc_lvl10/meshes/floor_1.obj
-- Up-to-date: /home/msi/caato2_ws/install/caato2_gazebo/share/caato2_gazebo/models/sam_mbc_mbc_lvl10/model.sdf
-- Up-to-date: /home/msi/caato2_ws/install/caato2_gazebo/share/caato2_gazebo/models/sam_mbc_mbc_lvl10/model.config
-- Up-to-date: /home/msi/caato2_ws/install/caato2_gazebo/share/caato2_gazebo/models/Trolley_id5
-- Up-to-date: /home/msi/caato2_ws/install/caato2_gazebo/share/caato2_gazebo/models/Trolley_id5/materials
-- Up-to-date: /home/msi/caato2_ws/install/caato2_gazebo/share/caato2_gazebo/models/Trolley_id5/materials/textures
-- Up-to-date: /home/msi/caato2_ws/install/caato2_gazebo/share/caato2_gazebo/models/Trolley_id5/materials/textures/AprilTag.005.png
-- Up-to-date: /home/msi/caato2_ws/install/caato2_gazebo/share/caato2_gazebo/models/Trolley_id5/materials/textures/AprilTag.004.png
-- Up-to-date: /home/msi/caato2_ws/install/caato2_gazebo/share/caato2_gazebo/models/Trolley_id5/materials/scripts
-- Up-to-date: /home/msi/caato2_ws/install/caato2_gazebo/share/caato2_gazebo/models/Trolley_id5/materials/scripts/AprilTag.005.material
-- Up-to-date: /home/msi/caato2_ws/install/caato2_gazebo/share/caato2_gazebo/models/Trolley_id5/materials/scripts/AprilTag.004.material
-- Up-to-date: /home/msi/caato2_ws/install/caato2_gazebo/share/caato2_gazebo/models/Trolley_id5/meshes
-- Up-to-date: /home/msi/caato2_ws/install/caato2_gazebo/share/caato2_gazebo/models/Trolley_id5/meshes/front_wheel.dae
-- Up-to-date: /home/msi/caato2_ws/install/caato2_gazebo/share/caato2_gazebo/models/Trolley_id5/meshes/Trolley
-- Up-to-date: /home/msi/caato2_ws/install/caato2_gazebo/share/caato2_gazebo/models/Trolley_id5/meshes/Trolley/__Terrazzo_4.jpg
-- Up-to-date: /home/msi/caato2_ws/install/caato2_gazebo/share/caato2_gazebo/models/Trolley_id5/meshes/caster_wheel.dae
-- Up-to-date: /home/msi/caato2_ws/install/caato2_gazebo/share/caato2_gazebo/models/Trolley_id5/meshes/caster_wheel.2.dae
-- Up-to-date: /home/msi/caato2_ws/install/caato2_gazebo/share/caato2_gazebo/models/Trolley_id5/meshes/Trolley.dae
-- Up-to-date: /home/msi/caato2_ws/install/caato2_gazebo/share/caato2_gazebo/models/Trolley_id5/meshes/caster_wheel_hub.dae
-- Up-to-date: /home/msi/caato2_ws/install/caato2_gazebo/share/caato2_gazebo/models/Trolley_id5/Readme.txt
-- Up-to-date: /home/msi/caato2_ws/install/caato2_gazebo/share/caato2_gazebo/models/Trolley_id5/model.sdf
-- Up-to-date: /home/msi/caato2_ws/install/caato2_gazebo/share/caato2_gazebo/models/Trolley_id5/model.config
-- Up-to-date: /home/msi/caato2_ws/install/caato2_gazebo/share/caato2_gazebo/models/building_L10
-- Up-to-date: /home/msi/caato2_ws/install/caato2_gazebo/share/caato2_gazebo/models/building_L10/meshes
-- Up-to-date: /home/msi/caato2_ws/install/caato2_gazebo/share/caato2_gazebo/models/building_L10/meshes/model.material
-- Up-to-date: /home/msi/caato2_ws/install/caato2_gazebo/share/caato2_gazebo/models/building_L10/meshes/default.png
-- Up-to-date: /home/msi/caato2_ws/install/caato2_gazebo/share/caato2_gazebo/models/building_L10/meshes/floor_3.mtl
-- Up-to-date: /home/msi/caato2_ws/install/caato2_gazebo/share/caato2_gazebo/models/building_L10/meshes/blue_linoleum.png
-- Up-to-date: /home/msi/caato2_ws/install/caato2_gazebo/share/caato2_gazebo/models/building_L10/meshes/floor_2.mtl
-- Up-to-date: /home/msi/caato2_ws/install/caato2_gazebo/share/caato2_gazebo/models/building_L10/meshes/wall_1.obj
-- Up-to-date: /home/msi/caato2_ws/install/caato2_gazebo/share/caato2_gazebo/models/building_L10/meshes/floor_1.mtl
-- Up-to-date: /home/msi/caato2_ws/install/caato2_gazebo/share/caato2_gazebo/models/building_L10/meshes/white_beige_tiles.png
-- Up-to-date: /home/msi/caato2_ws/install/caato2_gazebo/share/caato2_gazebo/models/building_L10/meshes/floor_2.obj
-- Up-to-date: /home/msi/caato2_ws/install/caato2_gazebo/share/caato2_gazebo/models/building_L10/meshes/wall_1.mtl
-- Up-to-date: /home/msi/caato2_ws/install/caato2_gazebo/share/caato2_gazebo/models/building_L10/meshes/floor_3.obj
-- Up-to-date: /home/msi/caato2_ws/install/caato2_gazebo/share/caato2_gazebo/models/building_L10/meshes/gray_flooring.png
-- Up-to-date: /home/msi/caato2_ws/install/caato2_gazebo/share/caato2_gazebo/models/building_L10/meshes/floor_1.obj
-- Up-to-date: /home/msi/caato2_ws/install/caato2_gazebo/share/caato2_gazebo/models/building_L10/model.sdf
-- Up-to-date: /home/msi/caato2_ws/install/caato2_gazebo/share/caato2_gazebo/models/building_L10/model.config
-- Up-to-date: /home/msi/caato2_ws/install/caato2_gazebo/share/caato2_gazebo/rviz
-- Up-to-date: /home/msi/caato2_ws/install/caato2_gazebo/share/caato2_gazebo/rviz/with_realsense.rviz
-- Up-to-date: /home/msi/caato2_ws/install/caato2_gazebo/share/caato2_gazebo/rviz/sample.rviz
-- Up-to-date: /home/msi/caato2_ws/install/caato2_gazebo/share/caato2_gazebo/rviz/urdf.rviz
-- Up-to-date: /home/msi/caato2_ws/install/caato2_gazebo/share/caato2_gazebo/rviz/with_tag_detection.rviz
-- Up-to-date: /home/msi/caato2_ws/install/caato2_gazebo/share/caato2_gazebo/maps
-- Up-to-date: /home/msi/caato2_ws/install/caato2_gazebo/share/caato2_gazebo/maps/others
-- Up-to-date: /home/msi/caato2_ws/install/caato2_gazebo/share/caato2_gazebo/maps/others/house.yaml
-- Up-to-date: /home/msi/caato2_ws/install/caato2_gazebo/share/caato2_gazebo/maps/others/test2.pgm
-- Up-to-date: /home/msi/caato2_ws/install/caato2_gazebo/share/caato2_gazebo/maps/others/mbc_lvl_10_060522.pgm
-- Up-to-date: /home/msi/caato2_ws/install/caato2_gazebo/share/caato2_gazebo/maps/others/test2.yaml
-- Up-to-date: /home/msi/caato2_ws/install/caato2_gazebo/share/caato2_gazebo/maps/others/mbc_lvl_10_060522.yaml
-- Up-to-date: /home/msi/caato2_ws/install/caato2_gazebo/share/caato2_gazebo/maps/others/house.pgm
-- Up-to-date: /home/msi/caato2_ws/install/caato2_gazebo/share/caato2_gazebo/maps/others/world.pgm
-- Up-to-date: /home/msi/caato2_ws/install/caato2_gazebo/share/caato2_gazebo/maps/others/world.yaml
-- Up-to-date: /home/msi/caato2_ws/install/caato2_gazebo/share/caato2_gazebo/maps/mbc
-- Up-to-date: /home/msi/caato2_ws/install/caato2_gazebo/share/caato2_gazebo/maps/mbc/mbc_lvl_10_060522.png
-- Up-to-date: /home/msi/caato2_ws/install/caato2_gazebo/share/caato2_gazebo/maps/mbc/lvl10.png
-- Up-to-date: /home/msi/caato2_ws/install/caato2_gazebo/share/caato2_gazebo/maps/mbc/old_mbc
-- Up-to-date: /home/msi/caato2_ws/install/caato2_gazebo/share/caato2_gazebo/maps/mbc/old_mbc/mbc.pgm
-- Up-to-date: /home/msi/caato2_ws/install/caato2_gazebo/share/caato2_gazebo/maps/mbc/old_mbc/mbc.png
-- Up-to-date: /home/msi/caato2_ws/install/caato2_gazebo/share/caato2_gazebo/maps/mbc/old_mbc/mbc.yaml
-- Up-to-date: /home/msi/caato2_ws/install/caato2_gazebo/share/caato2_gazebo/maps/mbc/mbc_lvl_10_060522.pgm
-- Up-to-date: /home/msi/caato2_ws/install/caato2_gazebo/share/caato2_gazebo/maps/mbc/mbc_lvl_10_060522.yaml
-- Up-to-date: /home/msi/caato2_ws/install/caato2_gazebo/share/caato2_gazebo/maps/tb3_world
-- Up-to-date: /home/msi/caato2_ws/install/caato2_gazebo/share/caato2_gazebo/maps/tb3_world/world.pgm
-- Up-to-date: /home/msi/caato2_ws/install/caato2_gazebo/share/caato2_gazebo/maps/tb3_world/world.yaml
