[0.033s] Invoking command in '/home/msi/caato2_ws/build/caato_navigation': CMAKE_PREFIX_PATH=/home/msi/caato2_ws/install/caato_bringup:/home/msi/caato2_ws/install/roboteq_diff_driver:/home/msi/caato2_ws/install/roboteq_diff_msgs:/home/msi/caato2_ws/install/map_server:/home/msi/caato2_ws/install/ira_laser_tools:${CMAKE_PREFIX_PATH} LD_LIBRARY_PATH=/home/msi/caato2_ws/install/map_server/lib:${LD_LIBRARY_PATH} PKG_CONFIG_PATH=/home/msi/caato2_ws/install/caato_bringup/lib/x86_64-linux-gnu/pkgconfig:/home/msi/caato2_ws/install/caato_bringup/lib/pkgconfig:/home/msi/caato2_ws/install/roboteq_diff_driver/lib/x86_64-linux-gnu/pkgconfig:/home/msi/caato2_ws/install/roboteq_diff_driver/lib/pkgconfig:/home/msi/caato2_ws/install/roboteq_diff_msgs/lib/x86_64-linux-gnu/pkgconfig:/home/msi/caato2_ws/install/roboteq_diff_msgs/lib/pkgconfig:/home/msi/caato2_ws/install/map_server/lib/x86_64-linux-gnu/pkgconfig:/home/msi/caato2_ws/install/map_server/lib/pkgconfig:/home/msi/caato2_ws/install/ira_laser_tools/lib/x86_64-linux-gnu/pkgconfig:/home/msi/caato2_ws/install/ira_laser_tools/lib/pkgconfig:${PKG_CONFIG_PATH} PYTHONPATH=/home/msi/caato2_ws/install/roboteq_diff_msgs/lib/python3/dist-packages:/home/msi/caato2_ws/install/ira_laser_tools/lib/python3/dist-packages:${PYTHONPATH} ROS_PACKAGE_PATH=/home/msi/caato2_ws/install/caato_bringup/share:/home/msi/caato2_ws/install/roboteq_diff_driver/share:/home/msi/caato2_ws/install/roboteq_diff_msgs/share:/home/msi/caato2_ws/install/map_server/share:/home/msi/caato2_ws/install/ira_laser_tools/share:${ROS_PACKAGE_PATH} /usr/bin/cmake /home/msi/caato2_ws/src/siot/caato/caato_navigation -DCATKIN_INSTALL_INTO_PREFIX_ROOT=0 -DCMAKE_INSTALL_PREFIX=/home/msi/caato2_ws/install/caato_navigation
[0.078s] -- The C compiler identification is GNU 8.4.0
[0.126s] -- The CXX compiler identification is GNU 8.4.0
[0.131s] -- Check for working C compiler: /usr/bin/cc
[0.199s] -- Check for working C compiler: /usr/bin/cc -- works
[0.199s] -- Detecting C compiler ABI info
[0.252s] -- Detecting C compiler ABI info - done
[0.270s] -- Detecting C compile features
[0.270s] -- Detecting C compile features - done
[0.274s] -- Check for working CXX compiler: /usr/bin/c++
[0.339s] -- Check for working CXX compiler: /usr/bin/c++ -- works
[0.340s] -- Detecting CXX compiler ABI info
[0.404s] -- Detecting CXX compiler ABI info - done
[0.421s] -- Detecting CXX compile features
[0.422s] -- Detecting CXX compile features - done
[0.424s] -- Using CATKIN_DEVEL_PREFIX: /home/msi/caato2_ws/build/caato_navigation/devel
[0.424s] -- Using CMAKE_PREFIX_PATH: /home/msi/caato2_ws/install/caato_bringup;/home/msi/caato2_ws/install/roboteq_diff_driver;/home/msi/caato2_ws/install/roboteq_diff_msgs;/home/msi/caato2_ws/install/map_server;/home/msi/caato2_ws/install/ira_laser_tools;/opt/ros/noetic
[0.424s] -- This workspace overlays: /home/msi/caato2_ws/install/caato_bringup;/home/msi/caato2_ws/install/roboteq_diff_driver;/home/msi/caato2_ws/install/roboteq_diff_msgs;/home/msi/caato2_ws/install/map_server;/home/msi/caato2_ws/install/ira_laser_tools;/opt/ros/noetic
[0.443s] -- Found PythonInterp: /usr/bin/python3 (found suitable version "3.8.10", minimum required is "3") 
[0.443s] -- Using PYTHON_EXECUTABLE: /usr/bin/python3
[0.443s] -- Using Debian Python package layout
[0.470s] -- Found PY_em: /usr/lib/python3/dist-packages/em.py  
[0.471s] -- Using empy: /usr/lib/python3/dist-packages/em.py
[0.602s] -- Using CATKIN_ENABLE_TESTING: ON
[0.602s] -- Call enable_testing()
[0.604s] -- Using CATKIN_TEST_RESULTS_DIR: /home/msi/caato2_ws/build/caato_navigation/test_results
[0.850s] -- Forcing gtest/gmock from source, though one was otherwise available.
[0.850s] -- Found gtest sources under '/usr/src/googletest': gtests will be built
[0.850s] -- Found gmock sources under '/usr/src/googletest': gmock will be built
[0.872s] -- Found PythonInterp: /usr/bin/python3 (found version "3.8.10") 
[0.873s] -- Found Threads: TRUE  
[0.879s] -- Using Python nosetests: /usr/bin/nosetests3
[0.932s] -- catkin 0.8.10
[0.932s] -- BUILD_SHARED_LIBS is on
[1.206s] -- Configuring done
[1.216s] -- Generating done
[1.217s] -- Build files have been written to: /home/msi/caato2_ws/build/caato_navigation
[1.231s] Invoked command in '/home/msi/caato2_ws/build/caato_navigation' returned '0': CMAKE_PREFIX_PATH=/home/msi/caato2_ws/install/caato_bringup:/home/msi/caato2_ws/install/roboteq_diff_driver:/home/msi/caato2_ws/install/roboteq_diff_msgs:/home/msi/caato2_ws/install/map_server:/home/msi/caato2_ws/install/ira_laser_tools:${CMAKE_PREFIX_PATH} LD_LIBRARY_PATH=/home/msi/caato2_ws/install/map_server/lib:${LD_LIBRARY_PATH} PKG_CONFIG_PATH=/home/msi/caato2_ws/install/caato_bringup/lib/x86_64-linux-gnu/pkgconfig:/home/msi/caato2_ws/install/caato_bringup/lib/pkgconfig:/home/msi/caato2_ws/install/roboteq_diff_driver/lib/x86_64-linux-gnu/pkgconfig:/home/msi/caato2_ws/install/roboteq_diff_driver/lib/pkgconfig:/home/msi/caato2_ws/install/roboteq_diff_msgs/lib/x86_64-linux-gnu/pkgconfig:/home/msi/caato2_ws/install/roboteq_diff_msgs/lib/pkgconfig:/home/msi/caato2_ws/install/map_server/lib/x86_64-linux-gnu/pkgconfig:/home/msi/caato2_ws/install/map_server/lib/pkgconfig:/home/msi/caato2_ws/install/ira_laser_tools/lib/x86_64-linux-gnu/pkgconfig:/home/msi/caato2_ws/install/ira_laser_tools/lib/pkgconfig:${PKG_CONFIG_PATH} PYTHONPATH=/home/msi/caato2_ws/install/roboteq_diff_msgs/lib/python3/dist-packages:/home/msi/caato2_ws/install/ira_laser_tools/lib/python3/dist-packages:${PYTHONPATH} ROS_PACKAGE_PATH=/home/msi/caato2_ws/install/caato_bringup/share:/home/msi/caato2_ws/install/roboteq_diff_driver/share:/home/msi/caato2_ws/install/roboteq_diff_msgs/share:/home/msi/caato2_ws/install/map_server/share:/home/msi/caato2_ws/install/ira_laser_tools/share:${ROS_PACKAGE_PATH} /usr/bin/cmake /home/msi/caato2_ws/src/siot/caato/caato_navigation -DCATKIN_INSTALL_INTO_PREFIX_ROOT=0 -DCMAKE_INSTALL_PREFIX=/home/msi/caato2_ws/install/caato_navigation
[1.233s] Invoking command in '/home/msi/caato2_ws/build/caato_navigation': CMAKE_PREFIX_PATH=/home/msi/caato2_ws/install/caato_bringup:/home/msi/caato2_ws/install/roboteq_diff_driver:/home/msi/caato2_ws/install/roboteq_diff_msgs:/home/msi/caato2_ws/install/map_server:/home/msi/caato2_ws/install/ira_laser_tools:${CMAKE_PREFIX_PATH} LD_LIBRARY_PATH=/home/msi/caato2_ws/install/map_server/lib:${LD_LIBRARY_PATH} PKG_CONFIG_PATH=/home/msi/caato2_ws/install/caato_bringup/lib/x86_64-linux-gnu/pkgconfig:/home/msi/caato2_ws/install/caato_bringup/lib/pkgconfig:/home/msi/caato2_ws/install/roboteq_diff_driver/lib/x86_64-linux-gnu/pkgconfig:/home/msi/caato2_ws/install/roboteq_diff_driver/lib/pkgconfig:/home/msi/caato2_ws/install/roboteq_diff_msgs/lib/x86_64-linux-gnu/pkgconfig:/home/msi/caato2_ws/install/roboteq_diff_msgs/lib/pkgconfig:/home/msi/caato2_ws/install/map_server/lib/x86_64-linux-gnu/pkgconfig:/home/msi/caato2_ws/install/map_server/lib/pkgconfig:/home/msi/caato2_ws/install/ira_laser_tools/lib/x86_64-linux-gnu/pkgconfig:/home/msi/caato2_ws/install/ira_laser_tools/lib/pkgconfig:${PKG_CONFIG_PATH} PYTHONPATH=/home/msi/caato2_ws/install/roboteq_diff_msgs/lib/python3/dist-packages:/home/msi/caato2_ws/install/ira_laser_tools/lib/python3/dist-packages:${PYTHONPATH} ROS_PACKAGE_PATH=/home/msi/caato2_ws/install/caato_bringup/share:/home/msi/caato2_ws/install/roboteq_diff_driver/share:/home/msi/caato2_ws/install/roboteq_diff_msgs/share:/home/msi/caato2_ws/install/map_server/share:/home/msi/caato2_ws/install/ira_laser_tools/share:${ROS_PACKAGE_PATH} /usr/bin/cmake --build /home/msi/caato2_ws/build/caato_navigation -- -j20 -l20
[1.263s] Invoked command in '/home/msi/caato2_ws/build/caato_navigation' returned '0': CMAKE_PREFIX_PATH=/home/msi/caato2_ws/install/caato_bringup:/home/msi/caato2_ws/install/roboteq_diff_driver:/home/msi/caato2_ws/install/roboteq_diff_msgs:/home/msi/caato2_ws/install/map_server:/home/msi/caato2_ws/install/ira_laser_tools:${CMAKE_PREFIX_PATH} LD_LIBRARY_PATH=/home/msi/caato2_ws/install/map_server/lib:${LD_LIBRARY_PATH} PKG_CONFIG_PATH=/home/msi/caato2_ws/install/caato_bringup/lib/x86_64-linux-gnu/pkgconfig:/home/msi/caato2_ws/install/caato_bringup/lib/pkgconfig:/home/msi/caato2_ws/install/roboteq_diff_driver/lib/x86_64-linux-gnu/pkgconfig:/home/msi/caato2_ws/install/roboteq_diff_driver/lib/pkgconfig:/home/msi/caato2_ws/install/roboteq_diff_msgs/lib/x86_64-linux-gnu/pkgconfig:/home/msi/caato2_ws/install/roboteq_diff_msgs/lib/pkgconfig:/home/msi/caato2_ws/install/map_server/lib/x86_64-linux-gnu/pkgconfig:/home/msi/caato2_ws/install/map_server/lib/pkgconfig:/home/msi/caato2_ws/install/ira_laser_tools/lib/x86_64-linux-gnu/pkgconfig:/home/msi/caato2_ws/install/ira_laser_tools/lib/pkgconfig:${PKG_CONFIG_PATH} PYTHONPATH=/home/msi/caato2_ws/install/roboteq_diff_msgs/lib/python3/dist-packages:/home/msi/caato2_ws/install/ira_laser_tools/lib/python3/dist-packages:${PYTHONPATH} ROS_PACKAGE_PATH=/home/msi/caato2_ws/install/caato_bringup/share:/home/msi/caato2_ws/install/roboteq_diff_driver/share:/home/msi/caato2_ws/install/roboteq_diff_msgs/share:/home/msi/caato2_ws/install/map_server/share:/home/msi/caato2_ws/install/ira_laser_tools/share:${ROS_PACKAGE_PATH} /usr/bin/cmake --build /home/msi/caato2_ws/build/caato_navigation -- -j20 -l20
[1.285s] Invoking command in '/home/msi/caato2_ws/build/caato_navigation': CMAKE_PREFIX_PATH=/home/msi/caato2_ws/install/caato_bringup:/home/msi/caato2_ws/install/roboteq_diff_driver:/home/msi/caato2_ws/install/roboteq_diff_msgs:/home/msi/caato2_ws/install/map_server:/home/msi/caato2_ws/install/ira_laser_tools:${CMAKE_PREFIX_PATH} LD_LIBRARY_PATH=/home/msi/caato2_ws/install/map_server/lib:${LD_LIBRARY_PATH} PKG_CONFIG_PATH=/home/msi/caato2_ws/install/caato_bringup/lib/x86_64-linux-gnu/pkgconfig:/home/msi/caato2_ws/install/caato_bringup/lib/pkgconfig:/home/msi/caato2_ws/install/roboteq_diff_driver/lib/x86_64-linux-gnu/pkgconfig:/home/msi/caato2_ws/install/roboteq_diff_driver/lib/pkgconfig:/home/msi/caato2_ws/install/roboteq_diff_msgs/lib/x86_64-linux-gnu/pkgconfig:/home/msi/caato2_ws/install/roboteq_diff_msgs/lib/pkgconfig:/home/msi/caato2_ws/install/map_server/lib/x86_64-linux-gnu/pkgconfig:/home/msi/caato2_ws/install/map_server/lib/pkgconfig:/home/msi/caato2_ws/install/ira_laser_tools/lib/x86_64-linux-gnu/pkgconfig:/home/msi/caato2_ws/install/ira_laser_tools/lib/pkgconfig:${PKG_CONFIG_PATH} PYTHONPATH=/home/msi/caato2_ws/install/roboteq_diff_msgs/lib/python3/dist-packages:/home/msi/caato2_ws/install/ira_laser_tools/lib/python3/dist-packages:${PYTHONPATH} ROS_PACKAGE_PATH=/home/msi/caato2_ws/install/caato_bringup/share:/home/msi/caato2_ws/install/roboteq_diff_driver/share:/home/msi/caato2_ws/install/roboteq_diff_msgs/share:/home/msi/caato2_ws/install/map_server/share:/home/msi/caato2_ws/install/ira_laser_tools/share:${ROS_PACKAGE_PATH} /usr/bin/cmake --build /home/msi/caato2_ws/build/caato_navigation --target tests -- -j20 -l20
[1.325s] [35m[1mScanning dependencies of target tests[0m
[1.332s] Built target tests
[1.340s] Invoked command in '/home/msi/caato2_ws/build/caato_navigation' returned '0': CMAKE_PREFIX_PATH=/home/msi/caato2_ws/install/caato_bringup:/home/msi/caato2_ws/install/roboteq_diff_driver:/home/msi/caato2_ws/install/roboteq_diff_msgs:/home/msi/caato2_ws/install/map_server:/home/msi/caato2_ws/install/ira_laser_tools:${CMAKE_PREFIX_PATH} LD_LIBRARY_PATH=/home/msi/caato2_ws/install/map_server/lib:${LD_LIBRARY_PATH} PKG_CONFIG_PATH=/home/msi/caato2_ws/install/caato_bringup/lib/x86_64-linux-gnu/pkgconfig:/home/msi/caato2_ws/install/caato_bringup/lib/pkgconfig:/home/msi/caato2_ws/install/roboteq_diff_driver/lib/x86_64-linux-gnu/pkgconfig:/home/msi/caato2_ws/install/roboteq_diff_driver/lib/pkgconfig:/home/msi/caato2_ws/install/roboteq_diff_msgs/lib/x86_64-linux-gnu/pkgconfig:/home/msi/caato2_ws/install/roboteq_diff_msgs/lib/pkgconfig:/home/msi/caato2_ws/install/map_server/lib/x86_64-linux-gnu/pkgconfig:/home/msi/caato2_ws/install/map_server/lib/pkgconfig:/home/msi/caato2_ws/install/ira_laser_tools/lib/x86_64-linux-gnu/pkgconfig:/home/msi/caato2_ws/install/ira_laser_tools/lib/pkgconfig:${PKG_CONFIG_PATH} PYTHONPATH=/home/msi/caato2_ws/install/roboteq_diff_msgs/lib/python3/dist-packages:/home/msi/caato2_ws/install/ira_laser_tools/lib/python3/dist-packages:${PYTHONPATH} ROS_PACKAGE_PATH=/home/msi/caato2_ws/install/caato_bringup/share:/home/msi/caato2_ws/install/roboteq_diff_driver/share:/home/msi/caato2_ws/install/roboteq_diff_msgs/share:/home/msi/caato2_ws/install/map_server/share:/home/msi/caato2_ws/install/ira_laser_tools/share:${ROS_PACKAGE_PATH} /usr/bin/cmake --build /home/msi/caato2_ws/build/caato_navigation --target tests -- -j20 -l20
[1.362s] Invoking command in '/home/msi/caato2_ws/build/caato_navigation': CMAKE_PREFIX_PATH=/home/msi/caato2_ws/install/caato_bringup:/home/msi/caato2_ws/install/roboteq_diff_driver:/home/msi/caato2_ws/install/roboteq_diff_msgs:/home/msi/caato2_ws/install/map_server:/home/msi/caato2_ws/install/ira_laser_tools:${CMAKE_PREFIX_PATH} LD_LIBRARY_PATH=/home/msi/caato2_ws/install/map_server/lib:${LD_LIBRARY_PATH} PKG_CONFIG_PATH=/home/msi/caato2_ws/install/caato_bringup/lib/x86_64-linux-gnu/pkgconfig:/home/msi/caato2_ws/install/caato_bringup/lib/pkgconfig:/home/msi/caato2_ws/install/roboteq_diff_driver/lib/x86_64-linux-gnu/pkgconfig:/home/msi/caato2_ws/install/roboteq_diff_driver/lib/pkgconfig:/home/msi/caato2_ws/install/roboteq_diff_msgs/lib/x86_64-linux-gnu/pkgconfig:/home/msi/caato2_ws/install/roboteq_diff_msgs/lib/pkgconfig:/home/msi/caato2_ws/install/map_server/lib/x86_64-linux-gnu/pkgconfig:/home/msi/caato2_ws/install/map_server/lib/pkgconfig:/home/msi/caato2_ws/install/ira_laser_tools/lib/x86_64-linux-gnu/pkgconfig:/home/msi/caato2_ws/install/ira_laser_tools/lib/pkgconfig:${PKG_CONFIG_PATH} PYTHONPATH=/home/msi/caato2_ws/install/roboteq_diff_msgs/lib/python3/dist-packages:/home/msi/caato2_ws/install/ira_laser_tools/lib/python3/dist-packages:${PYTHONPATH} ROS_PACKAGE_PATH=/home/msi/caato2_ws/install/caato_bringup/share:/home/msi/caato2_ws/install/roboteq_diff_driver/share:/home/msi/caato2_ws/install/roboteq_diff_msgs/share:/home/msi/caato2_ws/install/map_server/share:/home/msi/caato2_ws/install/ira_laser_tools/share:${ROS_PACKAGE_PATH} /usr/bin/cmake --install /home/msi/caato2_ws/build/caato_navigation
[1.371s] -- Install configuration: ""
[1.371s] -- Installing: /home/msi/caato2_ws/install/caato_navigation/lib/pkgconfig/caato_navigation.pc
[1.372s] -- Installing: /home/msi/caato2_ws/install/caato_navigation/share/caato_navigation/cmake/caato_navigationConfig.cmake
[1.372s] -- Installing: /home/msi/caato2_ws/install/caato_navigation/share/caato_navigation/cmake/caato_navigationConfig-version.cmake
[1.372s] -- Installing: /home/msi/caato2_ws/install/caato_navigation/share/caato_navigation/package.xml
[1.373s] -- Installing: /home/msi/caato2_ws/install/caato_navigation/share/caato_navigation/launch
[1.373s] -- Installing: /home/msi/caato2_ws/install/caato_navigation/share/caato_navigation/launch/gazebo_gt_level10.launch
[1.373s] -- Installing: /home/msi/caato2_ws/install/caato_navigation/share/caato_navigation/launch/single_caato_ff.eband.launch
[1.373s] -- Installing: /home/msi/caato2_ws/install/caato_navigation/share/caato_navigation/launch/move_base.launch
[1.375s] -- Installing: /home/msi/caato2_ws/install/caato_navigation/share/caato_navigation/launch/single_caato_ff.mbc.percept.GDB.launch
[1.377s] -- Installing: /home/msi/caato2_ws/install/caato_navigation/share/caato_navigation/launch/single_caato_ff.teb.launch
[1.377s] -- Installing: /home/msi/caato2_ws/install/caato_navigation/share/caato_navigation/launch/single_caato_ff.dwa.launch
[1.378s] -- Installing: /home/msi/caato2_ws/install/caato_navigation/share/caato_navigation/launch/single_caato_ff.mbc.percept.noGDB.launch
[1.379s] -- Installing: /home/msi/caato2_ws/install/caato_navigation/share/caato_navigation/launch/gt_level10_room.launch
[1.379s] -- Installing: /home/msi/caato2_ws/install/caato_navigation/share/caato_navigation/launch/common
[1.379s] -- Installing: /home/msi/caato2_ws/install/caato_navigation/share/caato_navigation/launch/common/navigation.launch
[1.379s] -- Installing: /home/msi/caato2_ws/install/caato_navigation/share/caato_navigation/launch/amcl.launch
[1.379s] -- Installing: /home/msi/caato2_ws/install/caato_navigation/share/caato_navigation/launch/single_caato_ff.launch
[1.379s] -- Installing: /home/msi/caato2_ws/install/caato_navigation/share/caato_navigation/launch/gardens_corridor.launch
[1.380s] -- Installing: /home/msi/caato2_ws/install/caato_navigation/share/caato_navigation/launch/gazebo_gt_level10_with_wp_server.launch
[1.380s] -- Installing: /home/msi/caato2_ws/install/caato_navigation/share/caato_navigation/launch/single_caato_ff.mbc.caato_v1f.launch
[1.380s] -- Installing: /home/msi/caato2_ws/install/caato_navigation/share/caato_navigation/launch/ekf_caato.launch
[1.380s] -- Installing: /home/msi/caato2_ws/install/caato_navigation/share/caato_navigation/launch/move_base_teb.launch
[1.380s] -- Installing: /home/msi/caato2_ws/install/caato_navigation/share/caato_navigation/launch/gardens_supertree.launch
[1.380s] -- Installing: /home/msi/caato2_ws/install/caato_navigation/share/caato_navigation/launch/gt_level10.launch
[1.380s] -- Installing: /home/msi/caato2_ws/install/caato_navigation/share/caato_navigation/launch/single_caato_ff.mbc.launch
[1.380s] -- Installing: /home/msi/caato2_ws/install/caato_navigation/share/caato_navigation/maps
[1.380s] -- Installing: /home/msi/caato2_ws/install/caato_navigation/share/caato_navigation/maps/mymap.yaml
[1.380s] -- Installing: /home/msi/caato2_ws/install/caato_navigation/share/caato_navigation/maps/corridor.yaml
[1.381s] -- Installing: /home/msi/caato2_ws/install/caato_navigation/share/caato_navigation/maps/govtech_L10.pgm
[1.382s] -- Installing: /home/msi/caato2_ws/install/caato_navigation/share/caato_navigation/maps/room.pgm
[1.388s] -- Installing: /home/msi/caato2_ws/install/caato_navigation/share/caato_navigation/maps/gardens_supertree_round.yaml
[1.389s] -- Installing: /home/msi/caato2_ws/install/caato_navigation/share/caato_navigation/maps/govtech_L10.yaml
[1.390s] -- Installing: /home/msi/caato2_ws/install/caato_navigation/share/caato_navigation/maps/gardens_corridor_new.pgm
[1.395s] -- Installing: /home/msi/caato2_ws/install/caato_navigation/share/caato_navigation/maps/level10_2.yaml
[1.395s] -- Installing: /home/msi/caato2_ws/install/caato_navigation/share/caato_navigation/maps/gardens_corridor_new.yaml
[1.396s] -- Installing: /home/msi/caato2_ws/install/caato_navigation/share/caato_navigation/maps/corridor.pgm
[1.398s] -- Installing: /home/msi/caato2_ws/install/caato_navigation/share/caato_navigation/maps/mymap.pgm
[1.407s] -- Installing: /home/msi/caato2_ws/install/caato_navigation/share/caato_navigation/maps/level10_1.pgm
[1.410s] -- Installing: /home/msi/caato2_ws/install/caato_navigation/share/caato_navigation/maps/level10_gmapping.yaml
[1.410s] -- Installing: /home/msi/caato2_ws/install/caato_navigation/share/caato_navigation/maps/gardens_corridor.yaml
[1.410s] -- Installing: /home/msi/caato2_ws/install/caato_navigation/share/caato_navigation/maps/level10_gmapping.pgm
[1.419s] -- Installing: /home/msi/caato2_ws/install/caato_navigation/share/caato_navigation/maps/room.yaml
[1.420s] -- Installing: /home/msi/caato2_ws/install/caato_navigation/share/caato_navigation/maps/gardens_corridor.pgm
[1.420s] -- Installing: /home/msi/caato2_ws/install/caato_navigation/share/caato_navigation/maps/gardens1.yaml
[1.420s] -- Installing: /home/msi/caato2_ws/install/caato_navigation/share/caato_navigation/maps/gardens1.pgm
[1.423s] -- Installing: /home/msi/caato2_ws/install/caato_navigation/share/caato_navigation/maps/level10_1.yaml
[1.423s] -- Installing: /home/msi/caato2_ws/install/caato_navigation/share/caato_navigation/maps/gardens_supertree_round.pgm
[1.431s] -- Installing: /home/msi/caato2_ws/install/caato_navigation/share/caato_navigation/maps/level10_2.pgm
[1.437s] -- Installing: /home/msi/caato2_ws/install/caato_navigation/share/caato_navigation/param
[1.438s] -- Installing: /home/msi/caato2_ws/install/caato_navigation/share/caato_navigation/param/dwa_local_planner_params.yaml
[1.438s] -- Installing: /home/msi/caato2_ws/install/caato_navigation/share/caato_navigation/param/ekf_caato.yaml
[1.440s] -- Installing: /home/msi/caato2_ws/install/caato_navigation/share/caato_navigation/param/eband_local_planner_params.yaml
[1.440s] -- Installing: /home/msi/caato2_ws/install/caato_navigation/share/caato_navigation/param/global_planner_params.yaml
[1.440s] -- Installing: /home/msi/caato2_ws/install/caato_navigation/share/caato_navigation/param/costmap_common_params.yaml
[1.441s] -- Installing: /home/msi/caato2_ws/install/caato_navigation/share/caato_navigation/param/local_costmap_params.yaml
[1.441s] -- Installing: /home/msi/caato2_ws/install/caato_navigation/share/caato_navigation/param/global_costmap_params.yaml
[1.442s] -- Installing: /home/msi/caato2_ws/install/caato_navigation/share/caato_navigation/param/base_local_planner_params.yaml
[1.442s] -- Installing: /home/msi/caato2_ws/install/caato_navigation/share/caato_navigation/param/move_base_params.yaml
[1.442s] -- Installing: /home/msi/caato2_ws/install/caato_navigation/share/caato_navigation/param/teb_local_planner_params.yaml
[1.442s] -- Installing: /home/msi/caato2_ws/install/caato_navigation/share/caato_navigation/param/costmap_common_params.yaml.bkup
[1.442s] -- Installing: /home/msi/caato2_ws/install/caato_navigation/share/caato_navigation/rviz
[1.442s] -- Installing: /home/msi/caato2_ws/install/caato_navigation/share/caato_navigation/rviz/navigation.rviz
[1.442s] -- Installing: /home/msi/caato2_ws/install/caato_navigation/share/caato_navigation/rviz/gt_level10_with_wp_panel.rviz
[1.442s] -- Installing: /home/msi/caato2_ws/install/caato_navigation/share/caato_navigation/rviz/gazebo_level10.rviz
[1.442s] -- Installing: /home/msi/caato2_ws/install/caato_navigation/share/caato_navigation/rviz/gazebo_level10_with_wp_panel.rviz
[1.443s] Invoked command in '/home/msi/caato2_ws/build/caato_navigation' returned '0': CMAKE_PREFIX_PATH=/home/msi/caato2_ws/install/caato_bringup:/home/msi/caato2_ws/install/roboteq_diff_driver:/home/msi/caato2_ws/install/roboteq_diff_msgs:/home/msi/caato2_ws/install/map_server:/home/msi/caato2_ws/install/ira_laser_tools:${CMAKE_PREFIX_PATH} LD_LIBRARY_PATH=/home/msi/caato2_ws/install/map_server/lib:${LD_LIBRARY_PATH} PKG_CONFIG_PATH=/home/msi/caato2_ws/install/caato_bringup/lib/x86_64-linux-gnu/pkgconfig:/home/msi/caato2_ws/install/caato_bringup/lib/pkgconfig:/home/msi/caato2_ws/install/roboteq_diff_driver/lib/x86_64-linux-gnu/pkgconfig:/home/msi/caato2_ws/install/roboteq_diff_driver/lib/pkgconfig:/home/msi/caato2_ws/install/roboteq_diff_msgs/lib/x86_64-linux-gnu/pkgconfig:/home/msi/caato2_ws/install/roboteq_diff_msgs/lib/pkgconfig:/home/msi/caato2_ws/install/map_server/lib/x86_64-linux-gnu/pkgconfig:/home/msi/caato2_ws/install/map_server/lib/pkgconfig:/home/msi/caato2_ws/install/ira_laser_tools/lib/x86_64-linux-gnu/pkgconfig:/home/msi/caato2_ws/install/ira_laser_tools/lib/pkgconfig:${PKG_CONFIG_PATH} PYTHONPATH=/home/msi/caato2_ws/install/roboteq_diff_msgs/lib/python3/dist-packages:/home/msi/caato2_ws/install/ira_laser_tools/lib/python3/dist-packages:${PYTHONPATH} ROS_PACKAGE_PATH=/home/msi/caato2_ws/install/caato_bringup/share:/home/msi/caato2_ws/install/roboteq_diff_driver/share:/home/msi/caato2_ws/install/roboteq_diff_msgs/share:/home/msi/caato2_ws/install/map_server/share:/home/msi/caato2_ws/install/ira_laser_tools/share:${ROS_PACKAGE_PATH} /usr/bin/cmake --install /home/msi/caato2_ws/build/caato_navigation
