[0.060s] Invoking command in '/home/msi/caato2_ws/build/map_server': /usr/bin/cmake --build /home/msi/caato2_ws/build/map_server -- -j20 -l20
[0.262s] [ 18%] Built target gtest
[0.262s] [ 36%] Built target map_server-map_saver
[0.263s] [ 54%] Built target image_loader
[0.263s] [ 81%] Built target rtest
[0.263s] [100%] Built target map_server
[0.327s] Invoked command in '/home/msi/caato2_ws/build/map_server' returned '0': /usr/bin/cmake --build /home/msi/caato2_ws/build/map_server -- -j20 -l20
[0.464s] Invoking command in '/home/msi/caato2_ws/build/map_server': /usr/bin/cmake --build /home/msi/caato2_ws/build/map_server --target tests -- -j20 -l20
[0.507s] [ 28%] Built target gtest
[0.515s] [ 57%] Built target image_loader
[0.537s] [100%] Built target map_server_utest
[0.549s] [100%] Built target tests
[0.593s] Invoked command in '/home/msi/caato2_ws/build/map_server' returned '0': /usr/bin/cmake --build /home/msi/caato2_ws/build/map_server --target tests -- -j20 -l20
[0.685s] Invoking command in '/home/msi/caato2_ws/build/map_server': /usr/bin/cmake --install /home/msi/caato2_ws/build/map_server
[0.705s] -- Install configuration: ""
[0.705s] -- Up-to-date: /home/msi/caato2_ws/install/map_server/lib/pkgconfig/map_server.pc
[0.705s] -- Up-to-date: /home/msi/caato2_ws/install/map_server/share/map_server/cmake/map_serverConfig.cmake
[0.705s] -- Up-to-date: /home/msi/caato2_ws/install/map_server/share/map_server/cmake/map_serverConfig-version.cmake
[0.705s] -- Up-to-date: /home/msi/caato2_ws/install/map_server/share/map_server/package.xml
[0.706s] -- Up-to-date: /home/msi/caato2_ws/install/map_server/lib/map_server/map_saver
[0.706s] -- Up-to-date: /home/msi/caato2_ws/install/map_server/lib/map_server/map_server
[0.706s] -- Up-to-date: /home/msi/caato2_ws/install/map_server/lib/libimage_loader.so
[0.706s] -- Up-to-date: /home/msi/caato2_ws/install/map_server/include/map_server
[0.706s] -- Up-to-date: /home/msi/caato2_ws/install/map_server/include/map_server/image_loader.h
[0.706s] -- Up-to-date: /home/msi/caato2_ws/install/map_server/lib/map_server/crop_map
[0.766s] Invoked command in '/home/msi/caato2_ws/build/map_server' returned '0': /usr/bin/cmake --install /home/msi/caato2_ws/build/map_server
