Built target tests
-- Install configuration: ""
-- Up-to-date: /home/msi/caato2_ws/install/rosserial_embeddedlinux/lib/pkgconfig/rosserial_embeddedlinux.pc
-- Up-to-date: /home/msi/caato2_ws/install/rosserial_embeddedlinux/share/rosserial_embeddedlinux/cmake/rosserial_embeddedlinuxConfig.cmake
-- Up-to-date: /home/msi/caato2_ws/install/rosserial_embeddedlinux/share/rosserial_embeddedlinux/cmake/rosserial_embeddedlinuxConfig-version.cmake
-- Up-to-date: /home/msi/caato2_ws/install/rosserial_embeddedlinux/share/rosserial_embeddedlinux/package.xml
-- Up-to-date: /home/msi/caato2_ws/install/rosserial_embeddedlinux/share/rosserial_embeddedlinux/src/ros_lib
-- Up-to-date: /home/msi/caato2_ws/install/rosserial_embeddedlinux/share/rosserial_embeddedlinux/src/ros_lib/ros.h
-- Up-to-date: /home/msi/caato2_ws/install/rosserial_embeddedlinux/share/rosserial_embeddedlinux/src/ros_lib/embedded_linux_comms.c
-- Up-to-date: /home/msi/caato2_ws/install/rosserial_embeddedlinux/share/rosserial_embeddedlinux/src/ros_lib/embedded_linux_hardware.h
-- Up-to-date: /home/msi/caato2_ws/install/rosserial_embeddedlinux/share/rosserial_embeddedlinux/src/examples
-- Up-to-date: /home/msi/caato2_ws/install/rosserial_embeddedlinux/share/rosserial_embeddedlinux/src/examples/HelloRos
-- Up-to-date: /home/msi/caato2_ws/install/rosserial_embeddedlinux/share/rosserial_embeddedlinux/src/examples/HelloRos/HelloROS.cpp
-- Up-to-date: /home/msi/caato2_ws/install/rosserial_embeddedlinux/share/rosserial_embeddedlinux/src/examples/ExampleSubscriber
-- Up-to-date: /home/msi/caato2_ws/install/rosserial_embeddedlinux/share/rosserial_embeddedlinux/src/examples/ExampleSubscriber/ExampleSubscriber.cpp
-- Up-to-date: /home/msi/caato2_ws/install/rosserial_embeddedlinux/share/rosserial_embeddedlinux/src/examples/VEXProMotor13Subscribe
-- Up-to-date: /home/msi/caato2_ws/install/rosserial_embeddedlinux/share/rosserial_embeddedlinux/src/examples/VEXProMotor13Subscribe/VEXProMotor13Subscribe.cpp
-- Up-to-date: /home/msi/caato2_ws/install/rosserial_embeddedlinux/share/rosserial_embeddedlinux/src/examples/ExampleService
-- Up-to-date: /home/msi/caato2_ws/install/rosserial_embeddedlinux/share/rosserial_embeddedlinux/src/examples/ExampleService/ExampleService.cpp
-- Up-to-date: /home/msi/caato2_ws/install/rosserial_embeddedlinux/share/rosserial_embeddedlinux/src/examples/VEXProRangeMotorLoop
-- Up-to-date: /home/msi/caato2_ws/install/rosserial_embeddedlinux/share/rosserial_embeddedlinux/src/examples/VEXProRangeMotorLoop/VEXProRangeMotorLoop.cpp
-- Up-to-date: /home/msi/caato2_ws/install/rosserial_embeddedlinux/share/rosserial_embeddedlinux/src/examples/VEXProServoSubscribe
-- Up-to-date: /home/msi/caato2_ws/install/rosserial_embeddedlinux/share/rosserial_embeddedlinux/src/examples/VEXProServoSubscribe/VEXProServoSubscribe.cpp
-- Up-to-date: /home/msi/caato2_ws/install/rosserial_embeddedlinux/share/rosserial_embeddedlinux/src/examples/ExampleServiceClient
-- Up-to-date: /home/msi/caato2_ws/install/rosserial_embeddedlinux/share/rosserial_embeddedlinux/src/examples/ExampleServiceClient/ExampleServiceClient.cpp
-- Up-to-date: /home/msi/caato2_ws/install/rosserial_embeddedlinux/share/rosserial_embeddedlinux/src/examples/ExampleServiceClient/exampleService.py
-- Up-to-date: /home/msi/caato2_ws/install/rosserial_embeddedlinux/share/rosserial_embeddedlinux/src/examples/VEXProRangePublish
-- Up-to-date: /home/msi/caato2_ws/install/rosserial_embeddedlinux/share/rosserial_embeddedlinux/src/examples/VEXProRangePublish/VEXProRangePublish.cpp
-- Up-to-date: /home/msi/caato2_ws/install/rosserial_embeddedlinux/lib/rosserial_embeddedlinux/make_libraries.py
