[0.095s] Invoking command in '/home/msi/caato2_ws/build/caato2_cmd_mux': /usr/bin/cmake /home/msi/caato2_ws/src/siot/caato2/caato2_cmd_mux -DCATKIN_INSTALL_INTO_PREFIX_ROOT=0 -DCMAKE_INSTALL_PREFIX=/home/msi/caato2_ws/install/caato2_cmd_mux
[0.321s] -- The C compiler identification is GNU 8.4.0
[0.347s] -- The CXX compiler identification is GNU 8.4.0
[0.358s] -- Check for working C compiler: /usr/bin/cc
[0.459s] -- Check for working C compiler: /usr/bin/cc -- works
[0.466s] -- Detecting C compiler ABI info
[0.525s] -- Detecting C compiler ABI info - done
[0.541s] -- Detecting C compile features
[0.541s] -- Detecting C compile features - done
[0.549s] -- Check for working CXX compiler: /usr/bin/c++
[0.611s] -- Check for working CXX compiler: /usr/bin/c++ -- works
[0.614s] -- Detecting CXX compiler ABI info
[0.675s] -- Detecting CXX compiler ABI info - done
[0.692s] -- Detecting CXX compile features
[0.693s] -- Detecting CXX compile features - done
[0.700s] -- Using CATKIN_DEVEL_PREFIX: /home/msi/caato2_ws/build/caato2_cmd_mux/devel
[0.701s] -- Using CMAKE_PREFIX_PATH: /home/msi/caato2_ws/install/xnergy_charger_rcu;/home/msi/caato2_ws/install/trolley_arm;/home/msi/caato2_ws/install/teleop_twist_joy;/home/msi/caato2_ws/install/rviz_atc_plugins;/home/msi/caato2_ws/install/rosserial_xbee;/home/msi/caato2_ws/install/rosserial_windows;/home/msi/caato2_ws/install/rosserial_vex_v5;/home/msi/caato2_ws/install/rosserial_vex_cortex;/home/msi/caato2_ws/install/rosserial_tivac;/home/msi/caato2_ws/install/rosserial_test;/home/msi/caato2_ws/install/rosserial_server;/home/msi/caato2_ws/install/rosserial_arduino;/home/msi/caato2_ws/install/rosserial_python;/home/msi/caato2_ws/install/rosserial_mbed;/home/msi/caato2_ws/install/rosserial_embeddedlinux;/home/msi/caato2_ws/install/rosserial_chibios;/home/msi/caato2_ws/install/rosserial_client;/home/msi/caato2_ws/install/rosserial_msgs;/home/msi/caato2_ws/install/caato_teleop;/home/msi/caato2_ws/install/caato_slam;/home/msi/caato2_ws/install/caato_navigation;/home/msi/caato2_ws/install/caato_bringup;/home/msi/caato2_ws/install/caato2_navigation;/home/msi/caato2_ws/install/caato2_bringup;/home/msi/caato2_ws/install/roboteq_diff_driver;/home/msi/caato2_ws/install/roboteq_diff_msgs;/home/msi/caato2_ws/install/realsense_gazebo_plugin;/home/msi/caato2_ws/install/realsense2_description;/home/msi/caato2_ws/install/realsense2_camera;/home/msi/caato2_ws/install/plc_modbus_node;/home/msi/caato2_ws/install/ouster_example;/home/msi/caato2_ws/install/ouster-gazebo-simulation;/home/msi/caato2_ws/install/map_server;/home/msi/caato2_ws/install/laser_filters;/home/msi/caato2_ws/install/ira_laser_tools;/home/msi/caato2_ws/install/eband_local_planner;/home/msi/caato2_ws/install/ds4_driver;/home/msi/caato2_ws/install/device_diagnostics;/home/msi/caato2_ws/install/decada_sim_assets;/home/msi/caato2_ws/install/caato_gazebo;/home/msi/caato2_ws/install/caato_description;/home/msi/caato2_ws/install/caato_alexa;/home/msi/caato2_ws/install/caato2_gazebo;/home/msi/caato2_ws/install/caato2_description;/home/msi/caato2_ws/install/atc_waypoints;/home/msi/caato2_ws/install/atc_stm;/home/msi/caato2_ws/install/atc_utils;/home/msi/caato2_ws/install/atc_msgs;/home/msi/caato2_ws/install/apriltag_ros;/home/msi/caato2_ws/install/apriltag;/opt/ros/noetic
[0.702s] -- This workspace overlays: /home/msi/caato2_ws/install/xnergy_charger_rcu;/home/msi/caato2_ws/install/trolley_arm;/home/msi/caato2_ws/install/teleop_twist_joy;/home/msi/caato2_ws/install/rviz_atc_plugins;/home/msi/caato2_ws/install/rosserial_xbee;/home/msi/caato2_ws/install/rosserial_windows;/home/msi/caato2_ws/install/rosserial_vex_v5;/home/msi/caato2_ws/install/rosserial_vex_cortex;/home/msi/caato2_ws/install/rosserial_tivac;/home/msi/caato2_ws/install/rosserial_test;/home/msi/caato2_ws/install/rosserial_server;/home/msi/caato2_ws/install/rosserial_arduino;/home/msi/caato2_ws/install/rosserial_python;/home/msi/caato2_ws/install/rosserial_mbed;/home/msi/caato2_ws/install/rosserial_embeddedlinux;/home/msi/caato2_ws/install/rosserial_chibios;/home/msi/caato2_ws/install/rosserial_client;/home/msi/caato2_ws/install/rosserial_msgs;/home/msi/caato2_ws/install/caato_teleop;/home/msi/caato2_ws/install/caato_slam;/home/msi/caato2_ws/install/caato_navigation;/home/msi/caato2_ws/install/caato_bringup;/home/msi/caato2_ws/install/caato2_navigation;/home/msi/caato2_ws/install/caato2_bringup;/home/msi/caato2_ws/install/roboteq_diff_driver;/home/msi/caato2_ws/install/roboteq_diff_msgs;/home/msi/caato2_ws/install/realsense_gazebo_plugin;/home/msi/caato2_ws/install/realsense2_description;/home/msi/caato2_ws/install/realsense2_camera;/home/msi/caato2_ws/install/plc_modbus_node;/home/msi/caato2_ws/install/ouster-gazebo-simulation;/home/msi/caato2_ws/install/map_server;/home/msi/caato2_ws/install/laser_filters;/home/msi/caato2_ws/install/ira_laser_tools;/home/msi/caato2_ws/install/eband_local_planner;/home/msi/caato2_ws/install/ds4_driver;/home/msi/caato2_ws/install/device_diagnostics;/home/msi/caato2_ws/install/decada_sim_assets;/home/msi/caato2_ws/install/caato_gazebo;/home/msi/caato2_ws/install/caato_description;/home/msi/caato2_ws/install/caato_alexa;/home/msi/caato2_ws/install/caato2_gazebo;/home/msi/caato2_ws/install/caato2_description;/home/msi/caato2_ws/install/atc_waypoints;/home/msi/caato2_ws/install/atc_stm;/home/msi/caato2_ws/install/atc_utils;/home/msi/caato2_ws/install/atc_msgs;/home/msi/caato2_ws/install/apriltag_ros;/opt/ros/noetic
[0.727s] -- Found PythonInterp: /usr/bin/python3 (found suitable version "3.8.10", minimum required is "3") 
[0.727s] -- Using PYTHON_EXECUTABLE: /usr/bin/python3
[0.727s] -- Using Debian Python package layout
[0.757s] -- Found PY_em: /usr/lib/python3/dist-packages/em.py  
[0.757s] -- Using empy: /usr/lib/python3/dist-packages/em.py
[0.861s] -- Using CATKIN_ENABLE_TESTING: ON
[0.861s] -- Call enable_testing()
[0.865s] -- Using CATKIN_TEST_RESULTS_DIR: /home/msi/caato2_ws/build/caato2_cmd_mux/test_results
[1.120s] -- Forcing gtest/gmock from source, though one was otherwise available.
[1.120s] -- Found gtest sources under '/usr/src/googletest': gtests will be built
[1.120s] -- Found gmock sources under '/usr/src/googletest': gmock will be built
[1.157s] -- Found PythonInterp: /usr/bin/python3 (found version "3.8.10") 
[1.160s] -- Found Threads: TRUE  
[1.165s] -- Using Python nosetests: /usr/bin/nosetests3
[1.248s] -- catkin 0.8.10
[1.248s] -- BUILD_SHARED_LIBS is on
[1.503s] -- Using these message generators: gencpp;geneus;genlisp;gennodejs;genpy
[1.753s] -- caato2_cmd_mux: 0 messages, 1 services
[1.909s] -- Configuring done
[1.922s] -- Generating done
[1.926s] -- Build files have been written to: /home/msi/caato2_ws/build/caato2_cmd_mux
[1.976s] Invoked command in '/home/msi/caato2_ws/build/caato2_cmd_mux' returned '0': /usr/bin/cmake /home/msi/caato2_ws/src/siot/caato2/caato2_cmd_mux -DCATKIN_INSTALL_INTO_PREFIX_ROOT=0 -DCMAKE_INSTALL_PREFIX=/home/msi/caato2_ws/install/caato2_cmd_mux
[1.976s] Invoking command in '/home/msi/caato2_ws/build/caato2_cmd_mux': /usr/bin/cmake --build /home/msi/caato2_ws/build/caato2_cmd_mux -- -j20 -l20
[2.087s] [35m[1mScanning dependencies of target geometry_msgs_generate_messages_lisp[0m
[2.087s] [35m[1mScanning dependencies of target _caato2_cmd_mux_generate_messages_check_deps_change_sub_topic[0m
[2.088s] [35m[1mScanning dependencies of target geometry_msgs_generate_messages_nodejs[0m
[2.088s] [35m[1mScanning dependencies of target geometry_msgs_generate_messages_eus[0m
[2.089s] [35m[1mScanning dependencies of target std_msgs_generate_messages_lisp[0m
[2.089s] [35m[1mScanning dependencies of target geometry_msgs_generate_messages_cpp[0m
[2.089s] [35m[1mScanning dependencies of target rosgraph_msgs_generate_messages_cpp[0m
[2.089s] [35m[1mScanning dependencies of target std_msgs_generate_messages_cpp[0m
[2.089s] [35m[1mScanning dependencies of target roscpp_generate_messages_nodejs[0m
[2.089s] [35m[1mScanning dependencies of target rosgraph_msgs_generate_messages_py[0m
[2.089s] [35m[1mScanning dependencies of target geometry_msgs_generate_messages_py[0m
[2.089s] [35m[1mScanning dependencies of target roscpp_generate_messages_cpp[0m
[2.089s] [35m[1mScanning dependencies of target roscpp_generate_messages_lisp[0m
[2.089s] [35m[1mScanning dependencies of target std_msgs_generate_messages_nodejs[0m
[2.089s] [35m[1mScanning dependencies of target roscpp_generate_messages_py[0m
[2.089s] [35m[1mScanning dependencies of target std_msgs_generate_messages_py[0m
[2.090s] [35m[1mScanning dependencies of target rosgraph_msgs_generate_messages_eus[0m
[2.090s] [  0%] Built target rosgraph_msgs_generate_messages_cpp
[2.090s] [35m[1mScanning dependencies of target rosgraph_msgs_generate_messages_lisp[0m
[2.090s] [35m[1mScanning dependencies of target roscpp_generate_messages_eus[0m
[2.090s] [35m[1mScanning dependencies of target rosgraph_msgs_generate_messages_nodejs[0m
[2.090s] [  0%] Built target geometry_msgs_generate_messages_cpp
[2.090s] [  0%] Built target geometry_msgs_generate_messages_nodejs
[2.090s] [  0%] Built target roscpp_generate_messages_nodejs
[2.090s] [  0%] Built target std_msgs_generate_messages_cpp
[2.090s] [  0%] Built target geometry_msgs_generate_messages_eus
[2.090s] [  0%] Built target geometry_msgs_generate_messages_py
[2.090s] [  0%] Built target std_msgs_generate_messages_lisp
[2.090s] [  0%] Built target rosgraph_msgs_generate_messages_py
[2.090s] [  0%] Built target geometry_msgs_generate_messages_lisp
[2.090s] [  0%] Built target std_msgs_generate_messages_nodejs
[2.090s] [  0%] Built target std_msgs_generate_messages_py
[2.090s] [  0%] Built target roscpp_generate_messages_lisp
[2.090s] [  0%] Built target roscpp_generate_messages_py
[2.091s] [  0%] Built target roscpp_generate_messages_cpp
[2.091s] [  0%] Built target rosgraph_msgs_generate_messages_lisp
[2.091s] [  0%] Built target rosgraph_msgs_generate_messages_nodejs
[2.091s] [  0%] Built target rosgraph_msgs_generate_messages_eus
[2.091s] [35m[1mScanning dependencies of target std_msgs_generate_messages_eus[0m
[2.091s] [  0%] Built target roscpp_generate_messages_eus
[2.091s] [  0%] Built target std_msgs_generate_messages_eus
[2.091s] [  0%] Built target _caato2_cmd_mux_generate_messages_check_deps_change_sub_topic
[2.091s] [35m[1mScanning dependencies of target caato2_cmd_mux_generate_messages_nodejs[0m
[2.091s] [35m[1mScanning dependencies of target caato2_cmd_mux_generate_messages_lisp[0m
[2.091s] [35m[1mScanning dependencies of target caato2_cmd_mux_generate_messages_eus[0m
[2.091s] [35m[1mScanning dependencies of target caato2_cmd_mux_generate_messages_cpp[0m
[2.091s] [35m[1mScanning dependencies of target caato2_cmd_mux_generate_messages_py[0m
[2.091s] [ 44%] [34m[1mGenerating Javascript code from caato2_cmd_mux/change_sub_topic.srv[0m
[2.091s] [ 44%] [34m[1mGenerating C++ code from caato2_cmd_mux/change_sub_topic.srv[0m
[2.091s] [ 44%] [34m[1mGenerating Python code from SRV caato2_cmd_mux/change_sub_topic[0m
[2.091s] [ 44%] [34m[1mGenerating Lisp code from caato2_cmd_mux/change_sub_topic.srv[0m
[2.092s] [ 55%] [34m[1mGenerating EusLisp manifest code for caato2_cmd_mux[0m
[2.092s] [ 66%] [34m[1mGenerating EusLisp code from caato2_cmd_mux/change_sub_topic.srv[0m
[2.103s] [ 66%] Built target caato2_cmd_mux_generate_messages_lisp
[2.103s] [ 66%] Built target caato2_cmd_mux_generate_messages_nodejs
[2.188s] [ 66%] Built target caato2_cmd_mux_generate_messages_cpp
[2.199s] [ 77%] [34m[1mGenerating Python srv __init__.py for caato2_cmd_mux[0m
[2.386s] [ 77%] Built target caato2_cmd_mux_generate_messages_py
[2.596s] [ 77%] Built target caato2_cmd_mux_generate_messages_eus
[2.605s] [35m[1mScanning dependencies of target caato2_cmd_mux_node[0m
[2.608s] [35m[1mScanning dependencies of target caato2_cmd_mux_generate_messages[0m
[2.626s] [ 77%] Built target caato2_cmd_mux_generate_messages
[2.626s] [ 88%] [32mBuilding CXX object CMakeFiles/caato2_cmd_mux_node.dir/src/cmd_vel_mux.cpp.o[0m
[3.866s] [100%] [32m[1mLinking CXX executable devel/lib/caato2_cmd_mux/caato2_cmd_mux_node[0m
[3.949s] [100%] Built target caato2_cmd_mux_node
[3.956s] Invoked command in '/home/msi/caato2_ws/build/caato2_cmd_mux' returned '0': /usr/bin/cmake --build /home/msi/caato2_ws/build/caato2_cmd_mux -- -j20 -l20
[3.990s] Invoking command in '/home/msi/caato2_ws/build/caato2_cmd_mux': /usr/bin/cmake --build /home/msi/caato2_ws/build/caato2_cmd_mux --target tests -- -j20 -l20
[4.023s] [35m[1mScanning dependencies of target tests[0m
[4.029s] Built target tests
[4.036s] Invoked command in '/home/msi/caato2_ws/build/caato2_cmd_mux' returned '0': /usr/bin/cmake --build /home/msi/caato2_ws/build/caato2_cmd_mux --target tests -- -j20 -l20
[4.072s] Invoking command in '/home/msi/caato2_ws/build/caato2_cmd_mux': /usr/bin/cmake --install /home/msi/caato2_ws/build/caato2_cmd_mux
[4.077s] -- Install configuration: ""
[4.078s] -- Installing: /home/msi/caato2_ws/install/caato2_cmd_mux/share/caato2_cmd_mux/srv/change_sub_topic.srv
[4.078s] -- Installing: /home/msi/caato2_ws/install/caato2_cmd_mux/share/caato2_cmd_mux/cmake/caato2_cmd_mux-msg-paths.cmake
[4.078s] -- Installing: /home/msi/caato2_ws/install/caato2_cmd_mux/include/caato2_cmd_mux
[4.078s] -- Installing: /home/msi/caato2_ws/install/caato2_cmd_mux/include/caato2_cmd_mux/change_sub_topicRequest.h
[4.078s] -- Installing: /home/msi/caato2_ws/install/caato2_cmd_mux/include/caato2_cmd_mux/change_sub_topic.h
[4.078s] -- Installing: /home/msi/caato2_ws/install/caato2_cmd_mux/include/caato2_cmd_mux/change_sub_topicResponse.h
[4.078s] -- Installing: /home/msi/caato2_ws/install/caato2_cmd_mux/share/roseus/ros/caato2_cmd_mux
[4.078s] -- Installing: /home/msi/caato2_ws/install/caato2_cmd_mux/share/roseus/ros/caato2_cmd_mux/manifest.l
[4.078s] -- Installing: /home/msi/caato2_ws/install/caato2_cmd_mux/share/roseus/ros/caato2_cmd_mux/srv
[4.078s] -- Installing: /home/msi/caato2_ws/install/caato2_cmd_mux/share/roseus/ros/caato2_cmd_mux/srv/change_sub_topic.l
[4.078s] -- Installing: /home/msi/caato2_ws/install/caato2_cmd_mux/share/common-lisp/ros/caato2_cmd_mux
[4.078s] -- Installing: /home/msi/caato2_ws/install/caato2_cmd_mux/share/common-lisp/ros/caato2_cmd_mux/srv
[4.078s] -- Installing: /home/msi/caato2_ws/install/caato2_cmd_mux/share/common-lisp/ros/caato2_cmd_mux/srv/_package.lisp
[4.079s] -- Installing: /home/msi/caato2_ws/install/caato2_cmd_mux/share/common-lisp/ros/caato2_cmd_mux/srv/change_sub_topic.lisp
[4.079s] -- Installing: /home/msi/caato2_ws/install/caato2_cmd_mux/share/common-lisp/ros/caato2_cmd_mux/srv/_package_change_sub_topic.lisp
[4.079s] -- Installing: /home/msi/caato2_ws/install/caato2_cmd_mux/share/common-lisp/ros/caato2_cmd_mux/srv/caato2_cmd_mux-srv.asd
[4.079s] -- Installing: /home/msi/caato2_ws/install/caato2_cmd_mux/share/gennodejs/ros/caato2_cmd_mux
[4.079s] -- Installing: /home/msi/caato2_ws/install/caato2_cmd_mux/share/gennodejs/ros/caato2_cmd_mux/_index.js
[4.079s] -- Installing: /home/msi/caato2_ws/install/caato2_cmd_mux/share/gennodejs/ros/caato2_cmd_mux/srv
[4.079s] -- Installing: /home/msi/caato2_ws/install/caato2_cmd_mux/share/gennodejs/ros/caato2_cmd_mux/srv/_index.js
[4.079s] -- Installing: /home/msi/caato2_ws/install/caato2_cmd_mux/share/gennodejs/ros/caato2_cmd_mux/srv/change_sub_topic.js
[4.105s] Listing '/home/msi/caato2_ws/build/caato2_cmd_mux/devel/lib/python3/dist-packages/caato2_cmd_mux'...
[4.105s] Compiling '/home/msi/caato2_ws/build/caato2_cmd_mux/devel/lib/python3/dist-packages/caato2_cmd_mux/__init__.py'...
[4.105s] Listing '/home/msi/caato2_ws/build/caato2_cmd_mux/devel/lib/python3/dist-packages/caato2_cmd_mux/srv'...
[4.105s] Compiling '/home/msi/caato2_ws/build/caato2_cmd_mux/devel/lib/python3/dist-packages/caato2_cmd_mux/srv/__init__.py'...
[4.105s] Compiling '/home/msi/caato2_ws/build/caato2_cmd_mux/devel/lib/python3/dist-packages/caato2_cmd_mux/srv/_change_sub_topic.py'...
[4.107s] -- Installing: /home/msi/caato2_ws/install/caato2_cmd_mux/lib/python3/dist-packages/caato2_cmd_mux
[4.108s] -- Installing: /home/msi/caato2_ws/install/caato2_cmd_mux/lib/python3/dist-packages/caato2_cmd_mux/srv
[4.108s] -- Installing: /home/msi/caato2_ws/install/caato2_cmd_mux/lib/python3/dist-packages/caato2_cmd_mux/srv/__init__.py
[4.108s] -- Installing: /home/msi/caato2_ws/install/caato2_cmd_mux/lib/python3/dist-packages/caato2_cmd_mux/srv/_change_sub_topic.py
[4.108s] -- Installing: /home/msi/caato2_ws/install/caato2_cmd_mux/lib/python3/dist-packages/caato2_cmd_mux/srv/__pycache__
[4.108s] -- Installing: /home/msi/caato2_ws/install/caato2_cmd_mux/lib/python3/dist-packages/caato2_cmd_mux/srv/__pycache__/_change_sub_topic.cpython-38.pyc
[4.108s] -- Installing: /home/msi/caato2_ws/install/caato2_cmd_mux/lib/python3/dist-packages/caato2_cmd_mux/srv/__pycache__/__init__.cpython-38.pyc
[4.108s] -- Installing: /home/msi/caato2_ws/install/caato2_cmd_mux/lib/python3/dist-packages/caato2_cmd_mux/__init__.py
[4.108s] -- Installing: /home/msi/caato2_ws/install/caato2_cmd_mux/lib/python3/dist-packages/caato2_cmd_mux/__pycache__
[4.108s] -- Installing: /home/msi/caato2_ws/install/caato2_cmd_mux/lib/python3/dist-packages/caato2_cmd_mux/__pycache__/__init__.cpython-38.pyc
[4.108s] -- Installing: /home/msi/caato2_ws/install/caato2_cmd_mux/lib/pkgconfig/caato2_cmd_mux.pc
[4.108s] -- Installing: /home/msi/caato2_ws/install/caato2_cmd_mux/share/caato2_cmd_mux/cmake/caato2_cmd_mux-msg-extras.cmake
[4.108s] -- Installing: /home/msi/caato2_ws/install/caato2_cmd_mux/share/caato2_cmd_mux/cmake/caato2_cmd_muxConfig.cmake
[4.108s] -- Installing: /home/msi/caato2_ws/install/caato2_cmd_mux/share/caato2_cmd_mux/cmake/caato2_cmd_muxConfig-version.cmake
[4.108s] -- Installing: /home/msi/caato2_ws/install/caato2_cmd_mux/share/caato2_cmd_mux/package.xml
[4.108s] -- Installing: /home/msi/caato2_ws/install/caato2_cmd_mux/lib/caato2_cmd_mux/caato2_cmd_mux_node
[4.109s] -- Set runtime path of "/home/msi/caato2_ws/install/caato2_cmd_mux/lib/caato2_cmd_mux/caato2_cmd_mux_node" to ""
[4.109s] -- Installing: /home/msi/caato2_ws/install/caato2_cmd_mux/share/caato2_cmd_mux/launch
[4.109s] -- Installing: /home/msi/caato2_ws/install/caato2_cmd_mux/share/caato2_cmd_mux/launch/cmd_vel_mux.launch
[4.110s] Invoked command in '/home/msi/caato2_ws/build/caato2_cmd_mux' returned '0': /usr/bin/cmake --install /home/msi/caato2_ws/build/caato2_cmd_mux
