[0.111s] Invoking command in '/home/msi/caato2_ws/build/roboteq_diff_msgs': /usr/bin/cmake --build /home/msi/caato2_ws/build/roboteq_diff_msgs -- -j20 -l20
[0.356s] [  0%] Built target std_msgs_generate_messages_py
[0.356s] [  0%] Built target std_msgs_generate_messages_nodejs
[0.356s] [  0%] Built target std_msgs_generate_messages_lisp
[0.356s] [  0%] Built target std_msgs_generate_messages_cpp
[0.356s] [  0%] Built target std_msgs_generate_messages_eus
[0.356s] [  0%] Built target _roboteq_diff_msgs_generate_messages_check_deps_Duplex
[0.356s] [  0%] Built target _roboteq_diff_msgs_generate_messages_check_deps_RequestParam
[0.356s] [  0%] Built target _roboteq_diff_msgs_generate_messages_check_deps_Twist
[0.356s] [  0%] Built target _roboteq_diff_msgs_generate_messages_check_deps_RequestOdometryCovariances
[0.356s] [  0%] Built target _roboteq_diff_msgs_generate_messages_check_deps_Vector3
[0.356s] [  0%] Built target _roboteq_diff_msgs_generate_messages_check_deps_OdometryCovariances
[0.356s] [  0%] Built target _roboteq_diff_msgs_generate_messages_check_deps_Pose
[0.357s] [  0%] Built target _roboteq_diff_msgs_generate_messages_check_deps_Quaternion
[0.357s] [  0%] Built target _roboteq_diff_msgs_generate_messages_check_deps_Point
[0.357s] [ 20%] Built target roboteq_diff_msgs_generate_messages_eus
[0.357s] [ 39%] Built target roboteq_diff_msgs_generate_messages_cpp
[0.357s] [ 62%] Built target roboteq_diff_msgs_generate_messages_py
[0.357s] [ 81%] Built target roboteq_diff_msgs_generate_messages_lisp
[0.357s] [100%] Built target roboteq_diff_msgs_generate_messages_nodejs
[0.363s] [100%] Built target roboteq_diff_msgs_generate_messages
[0.551s] Invoked command in '/home/msi/caato2_ws/build/roboteq_diff_msgs' returned '0': /usr/bin/cmake --build /home/msi/caato2_ws/build/roboteq_diff_msgs -- -j20 -l20
[0.621s] Invoking command in '/home/msi/caato2_ws/build/roboteq_diff_msgs': /usr/bin/cmake --build /home/msi/caato2_ws/build/roboteq_diff_msgs --target tests -- -j20 -l20
[0.674s] Built target tests
[0.708s] Invoked command in '/home/msi/caato2_ws/build/roboteq_diff_msgs' returned '0': /usr/bin/cmake --build /home/msi/caato2_ws/build/roboteq_diff_msgs --target tests -- -j20 -l20
[0.801s] Invoking command in '/home/msi/caato2_ws/build/roboteq_diff_msgs': /usr/bin/cmake --install /home/msi/caato2_ws/build/roboteq_diff_msgs
[0.821s] -- Install configuration: ""
[0.822s] -- Up-to-date: /home/msi/caato2_ws/install/roboteq_diff_msgs/share/roboteq_diff_msgs/msg/Duplex.msg
[0.822s] -- Up-to-date: /home/msi/caato2_ws/install/roboteq_diff_msgs/share/roboteq_diff_msgs/msg/OdometryCovariances.msg
[0.822s] -- Up-to-date: /home/msi/caato2_ws/install/roboteq_diff_msgs/share/roboteq_diff_msgs/msg/Point.msg
[0.822s] -- Up-to-date: /home/msi/caato2_ws/install/roboteq_diff_msgs/share/roboteq_diff_msgs/msg/Vector3.msg
[0.822s] -- Up-to-date: /home/msi/caato2_ws/install/roboteq_diff_msgs/share/roboteq_diff_msgs/msg/Quaternion.msg
[0.822s] -- Up-to-date: /home/msi/caato2_ws/install/roboteq_diff_msgs/share/roboteq_diff_msgs/msg/Pose.msg
[0.822s] -- Up-to-date: /home/msi/caato2_ws/install/roboteq_diff_msgs/share/roboteq_diff_msgs/msg/Twist.msg
[0.822s] -- Up-to-date: /home/msi/caato2_ws/install/roboteq_diff_msgs/share/roboteq_diff_msgs/srv/RequestParam.srv
[0.822s] -- Up-to-date: /home/msi/caato2_ws/install/roboteq_diff_msgs/share/roboteq_diff_msgs/srv/RequestOdometryCovariances.srv
[0.822s] -- Up-to-date: /home/msi/caato2_ws/install/roboteq_diff_msgs/share/roboteq_diff_msgs/cmake/roboteq_diff_msgs-msg-paths.cmake
[0.822s] -- Up-to-date: /home/msi/caato2_ws/install/roboteq_diff_msgs/include/roboteq_diff_msgs
[0.822s] -- Up-to-date: /home/msi/caato2_ws/install/roboteq_diff_msgs/include/roboteq_diff_msgs/RequestParam.h
[0.822s] -- Up-to-date: /home/msi/caato2_ws/install/roboteq_diff_msgs/include/roboteq_diff_msgs/Quaternion.h
[0.822s] -- Up-to-date: /home/msi/caato2_ws/install/roboteq_diff_msgs/include/roboteq_diff_msgs/Vector3.h
[0.823s] -- Up-to-date: /home/msi/caato2_ws/install/roboteq_diff_msgs/include/roboteq_diff_msgs/Pose.h
[0.823s] -- Up-to-date: /home/msi/caato2_ws/install/roboteq_diff_msgs/include/roboteq_diff_msgs/Point.h
[0.823s] -- Up-to-date: /home/msi/caato2_ws/install/roboteq_diff_msgs/include/roboteq_diff_msgs/OdometryCovariances.h
[0.823s] -- Up-to-date: /home/msi/caato2_ws/install/roboteq_diff_msgs/include/roboteq_diff_msgs/RequestParamRequest.h
[0.825s] -- Up-to-date: /home/msi/caato2_ws/install/roboteq_diff_msgs/include/roboteq_diff_msgs/RequestParamResponse.h
[0.825s] -- Up-to-date: /home/msi/caato2_ws/install/roboteq_diff_msgs/include/roboteq_diff_msgs/RequestOdometryCovariancesResponse.h
[0.825s] -- Up-to-date: /home/msi/caato2_ws/install/roboteq_diff_msgs/include/roboteq_diff_msgs/Twist.h
[0.825s] -- Up-to-date: /home/msi/caato2_ws/install/roboteq_diff_msgs/include/roboteq_diff_msgs/Duplex.h
[0.825s] -- Up-to-date: /home/msi/caato2_ws/install/roboteq_diff_msgs/include/roboteq_diff_msgs/RequestOdometryCovariancesRequest.h
[0.825s] -- Up-to-date: /home/msi/caato2_ws/install/roboteq_diff_msgs/include/roboteq_diff_msgs/RequestOdometryCovariances.h
[0.826s] -- Up-to-date: /home/msi/caato2_ws/install/roboteq_diff_msgs/share/roseus/ros/roboteq_diff_msgs
[0.826s] -- Up-to-date: /home/msi/caato2_ws/install/roboteq_diff_msgs/share/roseus/ros/roboteq_diff_msgs/msg
[0.827s] -- Up-to-date: /home/msi/caato2_ws/install/roboteq_diff_msgs/share/roseus/ros/roboteq_diff_msgs/msg/Quaternion.l
[0.827s] -- Up-to-date: /home/msi/caato2_ws/install/roboteq_diff_msgs/share/roseus/ros/roboteq_diff_msgs/msg/Point.l
[0.827s] -- Up-to-date: /home/msi/caato2_ws/install/roboteq_diff_msgs/share/roseus/ros/roboteq_diff_msgs/msg/Twist.l
[0.827s] -- Up-to-date: /home/msi/caato2_ws/install/roboteq_diff_msgs/share/roseus/ros/roboteq_diff_msgs/msg/Pose.l
[0.827s] -- Up-to-date: /home/msi/caato2_ws/install/roboteq_diff_msgs/share/roseus/ros/roboteq_diff_msgs/msg/OdometryCovariances.l
[0.827s] -- Up-to-date: /home/msi/caato2_ws/install/roboteq_diff_msgs/share/roseus/ros/roboteq_diff_msgs/msg/Vector3.l
[0.827s] -- Up-to-date: /home/msi/caato2_ws/install/roboteq_diff_msgs/share/roseus/ros/roboteq_diff_msgs/msg/Duplex.l
[0.827s] -- Up-to-date: /home/msi/caato2_ws/install/roboteq_diff_msgs/share/roseus/ros/roboteq_diff_msgs/manifest.l
[0.828s] -- Up-to-date: /home/msi/caato2_ws/install/roboteq_diff_msgs/share/roseus/ros/roboteq_diff_msgs/srv
[0.828s] -- Up-to-date: /home/msi/caato2_ws/install/roboteq_diff_msgs/share/roseus/ros/roboteq_diff_msgs/srv/RequestOdometryCovariances.l
[0.828s] -- Up-to-date: /home/msi/caato2_ws/install/roboteq_diff_msgs/share/roseus/ros/roboteq_diff_msgs/srv/RequestParam.l
[0.836s] -- Up-to-date: /home/msi/caato2_ws/install/roboteq_diff_msgs/share/common-lisp/ros/roboteq_diff_msgs
[0.836s] -- Up-to-date: /home/msi/caato2_ws/install/roboteq_diff_msgs/share/common-lisp/ros/roboteq_diff_msgs/msg
[0.837s] -- Up-to-date: /home/msi/caato2_ws/install/roboteq_diff_msgs/share/common-lisp/ros/roboteq_diff_msgs/msg/_package.lisp
[0.837s] -- Up-to-date: /home/msi/caato2_ws/install/roboteq_diff_msgs/share/common-lisp/ros/roboteq_diff_msgs/msg/Twist.lisp
[0.838s] -- Up-to-date: /home/msi/caato2_ws/install/roboteq_diff_msgs/share/common-lisp/ros/roboteq_diff_msgs/msg/Pose.lisp
[0.838s] -- Up-to-date: /home/msi/caato2_ws/install/roboteq_diff_msgs/share/common-lisp/ros/roboteq_diff_msgs/msg/_package_Vector3.lisp
[0.840s] -- Up-to-date: /home/msi/caato2_ws/install/roboteq_diff_msgs/share/common-lisp/ros/roboteq_diff_msgs/msg/_package_OdometryCovariances.lisp
[0.841s] -- Up-to-date: /home/msi/caato2_ws/install/roboteq_diff_msgs/share/common-lisp/ros/roboteq_diff_msgs/msg/_package_Duplex.lisp
[0.841s] -- Up-to-date: /home/msi/caato2_ws/install/roboteq_diff_msgs/share/common-lisp/ros/roboteq_diff_msgs/msg/Quaternion.lisp
[0.841s] -- Up-to-date: /home/msi/caato2_ws/install/roboteq_diff_msgs/share/common-lisp/ros/roboteq_diff_msgs/msg/roboteq_diff_msgs-msg.asd
[0.841s] -- Up-to-date: /home/msi/caato2_ws/install/roboteq_diff_msgs/share/common-lisp/ros/roboteq_diff_msgs/msg/Point.lisp
[0.842s] -- Up-to-date: /home/msi/caato2_ws/install/roboteq_diff_msgs/share/common-lisp/ros/roboteq_diff_msgs/msg/_package_Twist.lisp
[0.845s] -- Up-to-date: /home/msi/caato2_ws/install/roboteq_diff_msgs/share/common-lisp/ros/roboteq_diff_msgs/msg/Vector3.lisp
[0.845s] -- Up-to-date: /home/msi/caato2_ws/install/roboteq_diff_msgs/share/common-lisp/ros/roboteq_diff_msgs/msg/_package_Pose.lisp
[0.845s] -- Up-to-date: /home/msi/caato2_ws/install/roboteq_diff_msgs/share/common-lisp/ros/roboteq_diff_msgs/msg/_package_Point.lisp
[0.846s] -- Up-to-date: /home/msi/caato2_ws/install/roboteq_diff_msgs/share/common-lisp/ros/roboteq_diff_msgs/msg/OdometryCovariances.lisp
[0.847s] -- Up-to-date: /home/msi/caato2_ws/install/roboteq_diff_msgs/share/common-lisp/ros/roboteq_diff_msgs/msg/_package_Quaternion.lisp
[0.847s] -- Up-to-date: /home/msi/caato2_ws/install/roboteq_diff_msgs/share/common-lisp/ros/roboteq_diff_msgs/msg/Duplex.lisp
[0.848s] -- Up-to-date: /home/msi/caato2_ws/install/roboteq_diff_msgs/share/common-lisp/ros/roboteq_diff_msgs/srv
[0.848s] -- Up-to-date: /home/msi/caato2_ws/install/roboteq_diff_msgs/share/common-lisp/ros/roboteq_diff_msgs/srv/_package.lisp
[0.849s] -- Up-to-date: /home/msi/caato2_ws/install/roboteq_diff_msgs/share/common-lisp/ros/roboteq_diff_msgs/srv/_package_RequestParam.lisp
[0.849s] -- Up-to-date: /home/msi/caato2_ws/install/roboteq_diff_msgs/share/common-lisp/ros/roboteq_diff_msgs/srv/_package_RequestOdometryCovariances.lisp
[0.850s] -- Up-to-date: /home/msi/caato2_ws/install/roboteq_diff_msgs/share/common-lisp/ros/roboteq_diff_msgs/srv/RequestParam.lisp
[0.852s] -- Up-to-date: /home/msi/caato2_ws/install/roboteq_diff_msgs/share/common-lisp/ros/roboteq_diff_msgs/srv/RequestOdometryCovariances.lisp
[0.852s] -- Up-to-date: /home/msi/caato2_ws/install/roboteq_diff_msgs/share/common-lisp/ros/roboteq_diff_msgs/srv/roboteq_diff_msgs-srv.asd
[0.852s] -- Up-to-date: /home/msi/caato2_ws/install/roboteq_diff_msgs/share/gennodejs/ros/roboteq_diff_msgs
[0.853s] -- Up-to-date: /home/msi/caato2_ws/install/roboteq_diff_msgs/share/gennodejs/ros/roboteq_diff_msgs/_index.js
[0.853s] -- Up-to-date: /home/msi/caato2_ws/install/roboteq_diff_msgs/share/gennodejs/ros/roboteq_diff_msgs/msg
[0.853s] -- Up-to-date: /home/msi/caato2_ws/install/roboteq_diff_msgs/share/gennodejs/ros/roboteq_diff_msgs/msg/Twist.js
[0.853s] -- Up-to-date: /home/msi/caato2_ws/install/roboteq_diff_msgs/share/gennodejs/ros/roboteq_diff_msgs/msg/_index.js
[0.854s] -- Up-to-date: /home/msi/caato2_ws/install/roboteq_diff_msgs/share/gennodejs/ros/roboteq_diff_msgs/msg/Vector3.js
[0.854s] -- Up-to-date: /home/msi/caato2_ws/install/roboteq_diff_msgs/share/gennodejs/ros/roboteq_diff_msgs/msg/Pose.js
[0.854s] -- Up-to-date: /home/msi/caato2_ws/install/roboteq_diff_msgs/share/gennodejs/ros/roboteq_diff_msgs/msg/Quaternion.js
[0.854s] -- Up-to-date: /home/msi/caato2_ws/install/roboteq_diff_msgs/share/gennodejs/ros/roboteq_diff_msgs/msg/OdometryCovariances.js
[0.855s] -- Up-to-date: /home/msi/caato2_ws/install/roboteq_diff_msgs/share/gennodejs/ros/roboteq_diff_msgs/msg/Duplex.js
[0.855s] -- Up-to-date: /home/msi/caato2_ws/install/roboteq_diff_msgs/share/gennodejs/ros/roboteq_diff_msgs/msg/Point.js
[0.856s] -- Up-to-date: /home/msi/caato2_ws/install/roboteq_diff_msgs/share/gennodejs/ros/roboteq_diff_msgs/srv
[0.856s] -- Up-to-date: /home/msi/caato2_ws/install/roboteq_diff_msgs/share/gennodejs/ros/roboteq_diff_msgs/srv/_index.js
[0.856s] -- Up-to-date: /home/msi/caato2_ws/install/roboteq_diff_msgs/share/gennodejs/ros/roboteq_diff_msgs/srv/RequestOdometryCovariances.js
[0.856s] -- Up-to-date: /home/msi/caato2_ws/install/roboteq_diff_msgs/share/gennodejs/ros/roboteq_diff_msgs/srv/RequestParam.js
[0.861s] Listing '/home/msi/caato2_ws/build/roboteq_diff_msgs/devel/lib/python3/dist-packages/roboteq_diff_msgs'...
[0.862s] Listing '/home/msi/caato2_ws/build/roboteq_diff_msgs/devel/lib/python3/dist-packages/roboteq_diff_msgs/msg'...
[0.862s] Listing '/home/msi/caato2_ws/build/roboteq_diff_msgs/devel/lib/python3/dist-packages/roboteq_diff_msgs/srv'...
[0.863s] -- Up-to-date: /home/msi/caato2_ws/install/roboteq_diff_msgs/lib/python3/dist-packages/roboteq_diff_msgs
[0.863s] -- Up-to-date: /home/msi/caato2_ws/install/roboteq_diff_msgs/lib/python3/dist-packages/roboteq_diff_msgs/msg
[0.864s] -- Up-to-date: /home/msi/caato2_ws/install/roboteq_diff_msgs/lib/python3/dist-packages/roboteq_diff_msgs/msg/_OdometryCovariances.py
[0.864s] -- Up-to-date: /home/msi/caato2_ws/install/roboteq_diff_msgs/lib/python3/dist-packages/roboteq_diff_msgs/msg/_Point.py
[0.864s] -- Up-to-date: /home/msi/caato2_ws/install/roboteq_diff_msgs/lib/python3/dist-packages/roboteq_diff_msgs/msg/_Twist.py
[0.864s] -- Up-to-date: /home/msi/caato2_ws/install/roboteq_diff_msgs/lib/python3/dist-packages/roboteq_diff_msgs/msg/_Quaternion.py
[0.864s] -- Up-to-date: /home/msi/caato2_ws/install/roboteq_diff_msgs/lib/python3/dist-packages/roboteq_diff_msgs/msg/_Vector3.py
[0.865s] -- Up-to-date: /home/msi/caato2_ws/install/roboteq_diff_msgs/lib/python3/dist-packages/roboteq_diff_msgs/msg/_Pose.py
[0.865s] -- Up-to-date: /home/msi/caato2_ws/install/roboteq_diff_msgs/lib/python3/dist-packages/roboteq_diff_msgs/msg/__init__.py
[0.865s] -- Up-to-date: /home/msi/caato2_ws/install/roboteq_diff_msgs/lib/python3/dist-packages/roboteq_diff_msgs/msg/__pycache__
[0.865s] -- Up-to-date: /home/msi/caato2_ws/install/roboteq_diff_msgs/lib/python3/dist-packages/roboteq_diff_msgs/msg/__pycache__/_Point.cpython-38.pyc
[0.865s] -- Up-to-date: /home/msi/caato2_ws/install/roboteq_diff_msgs/lib/python3/dist-packages/roboteq_diff_msgs/msg/__pycache__/_Quaternion.cpython-38.pyc
[0.865s] -- Up-to-date: /home/msi/caato2_ws/install/roboteq_diff_msgs/lib/python3/dist-packages/roboteq_diff_msgs/msg/__pycache__/_Pose.cpython-38.pyc
[0.865s] -- Up-to-date: /home/msi/caato2_ws/install/roboteq_diff_msgs/lib/python3/dist-packages/roboteq_diff_msgs/msg/__pycache__/_Vector3.cpython-38.pyc
[0.866s] -- Up-to-date: /home/msi/caato2_ws/install/roboteq_diff_msgs/lib/python3/dist-packages/roboteq_diff_msgs/msg/__pycache__/_OdometryCovariances.cpython-38.pyc
[0.866s] -- Up-to-date: /home/msi/caato2_ws/install/roboteq_diff_msgs/lib/python3/dist-packages/roboteq_diff_msgs/msg/__pycache__/__init__.cpython-38.pyc
[0.866s] -- Up-to-date: /home/msi/caato2_ws/install/roboteq_diff_msgs/lib/python3/dist-packages/roboteq_diff_msgs/msg/__pycache__/_Twist.cpython-38.pyc
[0.866s] -- Up-to-date: /home/msi/caato2_ws/install/roboteq_diff_msgs/lib/python3/dist-packages/roboteq_diff_msgs/msg/__pycache__/_Duplex.cpython-38.pyc
[0.866s] -- Up-to-date: /home/msi/caato2_ws/install/roboteq_diff_msgs/lib/python3/dist-packages/roboteq_diff_msgs/msg/_Duplex.py
[0.867s] -- Up-to-date: /home/msi/caato2_ws/install/roboteq_diff_msgs/lib/python3/dist-packages/roboteq_diff_msgs/srv
[0.867s] -- Up-to-date: /home/msi/caato2_ws/install/roboteq_diff_msgs/lib/python3/dist-packages/roboteq_diff_msgs/srv/_RequestParam.py
[0.867s] -- Up-to-date: /home/msi/caato2_ws/install/roboteq_diff_msgs/lib/python3/dist-packages/roboteq_diff_msgs/srv/__init__.py
[0.867s] -- Up-to-date: /home/msi/caato2_ws/install/roboteq_diff_msgs/lib/python3/dist-packages/roboteq_diff_msgs/srv/_RequestOdometryCovariances.py
[0.867s] -- Up-to-date: /home/msi/caato2_ws/install/roboteq_diff_msgs/lib/python3/dist-packages/roboteq_diff_msgs/srv/__pycache__
[0.867s] -- Up-to-date: /home/msi/caato2_ws/install/roboteq_diff_msgs/lib/python3/dist-packages/roboteq_diff_msgs/srv/__pycache__/_RequestParam.cpython-38.pyc
[0.867s] -- Up-to-date: /home/msi/caato2_ws/install/roboteq_diff_msgs/lib/python3/dist-packages/roboteq_diff_msgs/srv/__pycache__/__init__.cpython-38.pyc
[0.868s] -- Up-to-date: /home/msi/caato2_ws/install/roboteq_diff_msgs/lib/python3/dist-packages/roboteq_diff_msgs/srv/__pycache__/_RequestOdometryCovariances.cpython-38.pyc
[0.868s] -- Up-to-date: /home/msi/caato2_ws/install/roboteq_diff_msgs/lib/python3/dist-packages/roboteq_diff_msgs/__init__.py
[0.869s] -- Up-to-date: /home/msi/caato2_ws/install/roboteq_diff_msgs/lib/python3/dist-packages/roboteq_diff_msgs/__pycache__
[0.869s] -- Up-to-date: /home/msi/caato2_ws/install/roboteq_diff_msgs/lib/python3/dist-packages/roboteq_diff_msgs/__pycache__/__init__.cpython-38.pyc
[0.869s] -- Up-to-date: /home/msi/caato2_ws/install/roboteq_diff_msgs/lib/pkgconfig/roboteq_diff_msgs.pc
[0.869s] -- Up-to-date: /home/msi/caato2_ws/install/roboteq_diff_msgs/share/roboteq_diff_msgs/cmake/roboteq_diff_msgs-msg-extras.cmake
[0.869s] -- Up-to-date: /home/msi/caato2_ws/install/roboteq_diff_msgs/share/roboteq_diff_msgs/cmake/roboteq_diff_msgsConfig.cmake
[0.869s] -- Up-to-date: /home/msi/caato2_ws/install/roboteq_diff_msgs/share/roboteq_diff_msgs/cmake/roboteq_diff_msgsConfig-version.cmake
[0.870s] -- Up-to-date: /home/msi/caato2_ws/install/roboteq_diff_msgs/share/roboteq_diff_msgs/package.xml
[0.947s] Invoked command in '/home/msi/caato2_ws/build/roboteq_diff_msgs' returned '0': /usr/bin/cmake --install /home/msi/caato2_ws/build/roboteq_diff_msgs
