[0.193s] Invoking command in '/home/msi/caato2_ws/build/realsense2_camera': /usr/bin/cmake --build /home/msi/caato2_ws/build/realsense2_camera -- -j20 -l20
[0.239s] [  0%] Built target std_msgs_generate_messages_lisp
[0.240s] [  0%] Built target sensor_msgs_generate_messages_nodejs
[0.240s] [  0%] Built target sensor_msgs_generate_messages_lisp
[0.240s] [  0%] Built target std_msgs_generate_messages_nodejs
[0.241s] [  0%] Built target sensor_msgs_generate_messages_eus
[0.242s] [  0%] Built target sensor_msgs_generate_messages_py
[0.244s] [  0%] Built target std_msgs_generate_messages_cpp
[0.244s] [  0%] Built target sensor_msgs_generate_messages_cpp
[0.244s] [  0%] Built target tf_generate_messages_lisp
[0.244s] [  0%] Built target std_msgs_generate_messages_py
[0.244s] [  0%] Built target std_msgs_generate_messages_eus
[0.244s] [  0%] Built target diagnostic_msgs_generate_messages_nodejs
[0.244s] [  0%] Built target diagnostic_msgs_generate_messages_eus
[0.246s] [  0%] Built target dynamic_reconfigure_generate_messages_cpp
[0.250s] [  0%] Built target dynamic_reconfigure_gencfg
[0.250s] [  0%] Built target tf2_msgs_generate_messages_nodejs
[0.253s] [  0%] Built target tf2_msgs_generate_messages_lisp
[0.264s] [  0%] Built target dynamic_reconfigure_generate_messages_lisp
[0.280s] [  0%] Built target _realsense2_camera_generate_messages_check_deps_Extrinsics
[0.283s] [  0%] Built target tf2_msgs_generate_messages_cpp
[0.283s] [  0%] Built target actionlib_generate_messages_py
[0.283s] [  0%] Built target _realsense2_camera_generate_messages_check_deps_IMUInfo
[0.284s] [  0%] Built target actionlib_generate_messages_nodejs
[0.286s] [  0%] Built target actionlib_generate_messages_cpp
[0.286s] [  0%] Built target diagnostic_msgs_generate_messages_lisp
[0.289s] [  0%] Built target tf_generate_messages_nodejs
[0.289s] [  0%] Built target roscpp_generate_messages_eus
[0.290s] [  0%] Built target actionlib_msgs_generate_messages_py
[0.292s] [  0%] Built target rosgraph_msgs_generate_messages_nodejs
[0.305s] [  0%] Built target tf_generate_messages_py
[0.305s] [  0%] Built target nav_msgs_generate_messages_eus
[0.311s] [  0%] Built target actionlib_msgs_generate_messages_nodejs
[0.318s] [  0%] Built target actionlib_msgs_generate_messages_lisp
[0.318s] [  0%] Built target geometry_msgs_generate_messages_lisp
[0.324s] [  0%] Built target tf_generate_messages_cpp
[0.324s] [  0%] Built target roscpp_generate_messages_lisp
[0.324s] [  0%] Built target nodelet_generate_messages_lisp
[0.326s] [  0%] Built target dynamic_reconfigure_generate_messages_py
[0.326s] [  0%] Built target actionlib_generate_messages_lisp
[0.326s] [  0%] Built target geometry_msgs_generate_messages_eus
[0.326s] [  0%] Built target _catkin_empty_exported_target
[0.327s] [  0%] Built target diagnostic_msgs_generate_messages_cpp
[0.327s] [  0%] Built target rosgraph_msgs_generate_messages_lisp
[0.327s] [  0%] Built target tf_generate_messages_eus
[0.328s] [  0%] Built target actionlib_msgs_generate_messages_eus
[0.360s] [  0%] Built target actionlib_msgs_generate_messages_cpp
[0.366s] [  0%] Built target geometry_msgs_generate_messages_nodejs
[0.366s] [  0%] Built target rosgraph_msgs_generate_messages_py
[0.366s] [  0%] Built target geometry_msgs_generate_messages_py
[0.366s] [  0%] Built target tf2_msgs_generate_messages_eus
[0.366s] [  0%] Built target std_srvs_generate_messages_cpp
[0.366s] [  0%] Built target nav_msgs_generate_messages_cpp
[0.367s] [  0%] Built target dynamic_reconfigure_generate_messages_eus
[0.367s] [  0%] Built target geometry_msgs_generate_messages_cpp
[0.367s] [  0%] Built target roscpp_generate_messages_cpp
[0.368s] [  0%] Built target nav_msgs_generate_messages_lisp
[0.370s] [  0%] Built target roscpp_generate_messages_py
[0.370s] [  0%] Built target rosgraph_msgs_generate_messages_cpp
[0.370s] [  0%] Built target roscpp_generate_messages_nodejs
[0.370s] [  0%] Built target rosgraph_msgs_generate_messages_eus
[0.371s] [  0%] Built target actionlib_generate_messages_eus
[0.376s] [  0%] Built target nav_msgs_generate_messages_nodejs
[0.377s] [  0%] Built target std_srvs_generate_messages_py
[0.377s] [  0%] Built target diagnostic_msgs_generate_messages_py
[0.378s] [  0%] Built target bond_generate_messages_lisp
[0.391s] [  0%] Built target bond_generate_messages_eus
[0.396s] [  0%] Built target dynamic_reconfigure_generate_messages_nodejs
[0.396s] [  0%] Built target bond_generate_messages_cpp
[0.396s] [  0%] Built target tf2_msgs_generate_messages_py
[0.396s] [  0%] Built target std_srvs_generate_messages_eus
[0.396s] [  0%] Built target nodelet_generate_messages_eus
[0.397s] [  0%] Built target nodelet_generate_messages_nodejs
[0.398s] [  0%] Built target nodelet_generate_messages_cpp
[0.398s] [  0%] Built target std_srvs_generate_messages_lisp
[0.401s] [  0%] Built target bond_generate_messages_nodejs
[0.405s] [  0%] Built target bond_generate_messages_py
[0.405s] [  0%] Built target nodelet_generate_messages_py
[0.407s] [  0%] Built target nav_msgs_generate_messages_py
[0.408s] [  0%] Built target std_srvs_generate_messages_nodejs
[0.409s] [ 12%] Built target realsense2_camera_generate_messages_lisp
[0.409s] [ 25%] Built target realsense2_camera_generate_messages_nodejs
[0.411s] [ 43%] Built target realsense2_camera_generate_messages_eus
[0.412s] [ 62%] Built target realsense2_camera_generate_messages_py
[0.412s] [ 75%] Built target realsense2_camera_generate_messages_cpp
[0.428s] [ 75%] Built target realsense2_camera_generate_messages
[0.439s] [100%] Built target realsense2_camera
[0.536s] Invoked command in '/home/msi/caato2_ws/build/realsense2_camera' returned '0': /usr/bin/cmake --build /home/msi/caato2_ws/build/realsense2_camera -- -j20 -l20
