[0.126s] Invoking command in '/home/msi/caato2_ws/build/realsense_gazebo_plugin': /usr/bin/cmake --build /home/msi/caato2_ws/build/realsense_gazebo_plugin -- -j20 -l20
[0.186s] [  0%] Built target dynamic_reconfigure_generate_messages_eus
[0.186s] [  0%] Built target trajectory_msgs_generate_messages_lisp
[0.186s] [  0%] Built target trajectory_msgs_generate_messages_cpp
[0.186s] [  0%] Built target gazebo_msgs_generate_messages_nodejs
[0.191s] [  0%] Built target gazebo_msgs_generate_messages_py
[0.192s] [  0%] Built target gazebo_msgs_generate_messages_cpp
[0.192s] [  0%] Built target trajectory_msgs_generate_messages_nodejs
[0.193s] [  0%] Built target dynamic_reconfigure_gencfg
[0.194s] [  0%] Built target geometry_msgs_generate_messages_eus
[0.195s] [  0%] Built target std_srvs_generate_messages_lisp
[0.195s] [  0%] Built target std_srvs_generate_messages_eus
[0.205s] [  0%] Built target std_msgs_generate_messages_nodejs
[0.205s] [  0%] Built target std_msgs_generate_messages_py
[0.210s] [  0%] Built target dynamic_reconfigure_generate_messages_lisp
[0.211s] [  0%] Built target tf2_msgs_generate_messages_cpp
[0.211s] [  0%] Built target std_msgs_generate_messages_cpp
[0.212s] [  0%] Built target rosgraph_msgs_generate_messages_nodejs
[0.222s] [  0%] Built target actionlib_msgs_generate_messages_py
[0.223s] [  0%] Built target actionlib_generate_messages_cpp
[0.224s] [  0%] Built target actionlib_generate_messages_lisp
[0.225s] [  0%] Built target roscpp_generate_messages_lisp
[0.231s] [  0%] Built target std_msgs_generate_messages_lisp
[0.240s] [  0%] Built target std_srvs_generate_messages_nodejs
[0.249s] [  0%] Built target rosgraph_msgs_generate_messages_lisp
[0.249s] [  0%] Built target tf_generate_messages_eus
[0.252s] [  0%] Built target std_srvs_generate_messages_cpp
[0.254s] [  0%] Built target dynamic_reconfigure_generate_messages_py
[0.257s] [  0%] Built target trajectory_msgs_generate_messages_eus
[0.257s] [  0%] Built target actionlib_msgs_generate_messages_eus
[0.266s] [  0%] Built target roscpp_generate_messages_py
[0.266s] [  0%] Built target rosgraph_msgs_generate_messages_py
[0.289s] [  0%] Built target tf2_msgs_generate_messages_eus
[0.289s] [  0%] Built target geometry_msgs_generate_messages_cpp
[0.289s] [  0%] Built target sensor_msgs_generate_messages_py
[0.291s] [  0%] Built target geometry_msgs_generate_messages_py
[0.301s] [  0%] Built target gazebo_ros_gencfg
[0.301s] [  0%] Built target dynamic_reconfigure_generate_messages_nodejs
[0.301s] [  0%] Built target tf2_msgs_generate_messages_py
[0.301s] [  0%] Built target gazebo_msgs_generate_messages_lisp
[0.301s] [  0%] Built target geometry_msgs_generate_messages_lisp
[0.302s] [  0%] Built target tf_generate_messages_cpp
[0.307s] [  0%] Built target roscpp_generate_messages_nodejs
[0.307s] [  0%] Built target roscpp_generate_messages_eus
[0.307s] [  0%] Built target rosgraph_msgs_generate_messages_eus
[0.307s] [  0%] Built target std_srvs_generate_messages_py
[0.308s] [  0%] Built target roscpp_generate_messages_cpp
[0.331s] [  0%] Built target sensor_msgs_generate_messages_lisp
[0.331s] [  0%] Built target dynamic_reconfigure_generate_messages_cpp
[0.331s] [  0%] Built target sensor_msgs_generate_messages_cpp
[0.331s] [  0%] Built target sensor_msgs_generate_messages_eus
[0.339s] [  0%] Built target rosgraph_msgs_generate_messages_cpp
[0.339s] [  0%] Built target sensor_msgs_generate_messages_nodejs
[0.339s] [  0%] Built target trajectory_msgs_generate_messages_py
[0.340s] [  0%] Built target actionlib_msgs_generate_messages_cpp
[0.342s] [  0%] Built target actionlib_generate_messages_eus
[0.342s] [  0%] Built target actionlib_generate_messages_py
[0.352s] [  0%] Built target tf_generate_messages_lisp
[0.352s] [  0%] Built target actionlib_generate_messages_nodejs
[0.353s] [  0%] Built target tf_generate_messages_nodejs
[0.360s] [  0%] Built target tf_generate_messages_py
[0.363s] [  0%] Built target actionlib_msgs_generate_messages_nodejs
[0.363s] [  0%] Built target actionlib_msgs_generate_messages_lisp
[0.364s] [  0%] Built target gazebo_msgs_generate_messages_eus
[0.365s] [  0%] Built target geometry_msgs_generate_messages_nodejs
[0.370s] [  0%] Built target tf2_msgs_generate_messages_lisp
[0.375s] [  0%] Built target std_msgs_generate_messages_eus
[0.383s] [  0%] Built target tf2_msgs_generate_messages_nodejs
[0.426s] [100%] Built target realsense_gazebo_plugin
[0.471s] Invoked command in '/home/msi/caato2_ws/build/realsense_gazebo_plugin' returned '0': /usr/bin/cmake --build /home/msi/caato2_ws/build/realsense_gazebo_plugin -- -j20 -l20
[0.558s] Invoking command in '/home/msi/caato2_ws/build/realsense_gazebo_plugin': /usr/bin/cmake --build /home/msi/caato2_ws/build/realsense_gazebo_plugin --target tests -- -j20 -l20
[0.599s] Built target tests
[0.623s] Invoked command in '/home/msi/caato2_ws/build/realsense_gazebo_plugin' returned '0': /usr/bin/cmake --build /home/msi/caato2_ws/build/realsense_gazebo_plugin --target tests -- -j20 -l20
[0.771s] Invoking command in '/home/msi/caato2_ws/build/realsense_gazebo_plugin': /usr/bin/cmake --install /home/msi/caato2_ws/build/realsense_gazebo_plugin
[0.784s] -- Install configuration: ""
[0.784s] -- Up-to-date: /home/msi/caato2_ws/install/realsense_gazebo_plugin/lib/pkgconfig/realsense_gazebo_plugin.pc
[0.784s] -- Up-to-date: /home/msi/caato2_ws/install/realsense_gazebo_plugin/share/realsense_gazebo_plugin/cmake/realsense_gazebo_pluginConfig.cmake
[0.784s] -- Up-to-date: /home/msi/caato2_ws/install/realsense_gazebo_plugin/share/realsense_gazebo_plugin/cmake/realsense_gazebo_pluginConfig-version.cmake
[0.784s] -- Up-to-date: /home/msi/caato2_ws/install/realsense_gazebo_plugin/share/realsense_gazebo_plugin/package.xml
[0.785s] -- Up-to-date: /home/msi/caato2_ws/install/realsense_gazebo_plugin/lib/librealsense_gazebo_plugin.so
[0.785s] -- Up-to-date: /home/msi/caato2_ws/install/realsense_gazebo_plugin/share/realsense_gazebo_plugin/include
[0.785s] -- Up-to-date: /home/msi/caato2_ws/install/realsense_gazebo_plugin/share/realsense_gazebo_plugin/include/realsense_gazebo_plugin
[0.785s] -- Up-to-date: /home/msi/caato2_ws/install/realsense_gazebo_plugin/share/realsense_gazebo_plugin/include/realsense_gazebo_plugin/gazebo_ros_realsense.h
[0.785s] -- Up-to-date: /home/msi/caato2_ws/install/realsense_gazebo_plugin/share/realsense_gazebo_plugin/include/realsense_gazebo_plugin/RealSensePlugin.h
[0.831s] Invoked command in '/home/msi/caato2_ws/build/realsense_gazebo_plugin' returned '0': /usr/bin/cmake --install /home/msi/caato2_ws/build/realsense_gazebo_plugin
