[  0%] Built target _rosserial_mbed_generate_messages_check_deps_Adc
[  0%] Built target _rosserial_mbed_generate_messages_check_deps_Test
[ 30%] Built target rosserial_mbed_generate_messages_py
[ 53%] Built target rosserial_mbed_generate_messages_eus
[ 76%] Built target rosserial_mbed_generate_messages_lisp
[ 84%] Built target rosserial_mbed_generate_messages_cpp
[100%] Built target rosserial_mbed_generate_messages_nodejs
[100%] Built target rosserial_mbed_generate_messages
Built target tests
-- Install configuration: ""
-- Up-to-date: /home/msi/caato2_ws/install/rosserial_mbed/share/rosserial_mbed/msg/Adc.msg
-- Up-to-date: /home/msi/caato2_ws/install/rosserial_mbed/share/rosserial_mbed/srv/Test.srv
-- Up-to-date: /home/msi/caato2_ws/install/rosserial_mbed/share/rosserial_mbed/cmake/rosserial_mbed-msg-paths.cmake
-- Up-to-date: /home/msi/caato2_ws/install/rosserial_mbed/include/rosserial_mbed
-- Up-to-date: /home/msi/caato2_ws/install/rosserial_mbed/include/rosserial_mbed/TestResponse.h
-- Up-to-date: /home/msi/caato2_ws/install/rosserial_mbed/include/rosserial_mbed/Adc.h
-- Up-to-date: /home/msi/caato2_ws/install/rosserial_mbed/include/rosserial_mbed/TestRequest.h
-- Up-to-date: /home/msi/caato2_ws/install/rosserial_mbed/include/rosserial_mbed/Test.h
-- Up-to-date: /home/msi/caato2_ws/install/rosserial_mbed/share/roseus/ros/rosserial_mbed
-- Up-to-date: /home/msi/caato2_ws/install/rosserial_mbed/share/roseus/ros/rosserial_mbed/msg
-- Up-to-date: /home/msi/caato2_ws/install/rosserial_mbed/share/roseus/ros/rosserial_mbed/msg/Adc.l
-- Up-to-date: /home/msi/caato2_ws/install/rosserial_mbed/share/roseus/ros/rosserial_mbed/manifest.l
-- Up-to-date: /home/msi/caato2_ws/install/rosserial_mbed/share/roseus/ros/rosserial_mbed/srv
-- Up-to-date: /home/msi/caato2_ws/install/rosserial_mbed/share/roseus/ros/rosserial_mbed/srv/Test.l
-- Up-to-date: /home/msi/caato2_ws/install/rosserial_mbed/share/common-lisp/ros/rosserial_mbed
-- Up-to-date: /home/msi/caato2_ws/install/rosserial_mbed/share/common-lisp/ros/rosserial_mbed/msg
-- Up-to-date: /home/msi/caato2_ws/install/rosserial_mbed/share/common-lisp/ros/rosserial_mbed/msg/_package.lisp
-- Up-to-date: /home/msi/caato2_ws/install/rosserial_mbed/share/common-lisp/ros/rosserial_mbed/msg/_package_Adc.lisp
-- Up-to-date: /home/msi/caato2_ws/install/rosserial_mbed/share/common-lisp/ros/rosserial_mbed/msg/Adc.lisp
-- Up-to-date: /home/msi/caato2_ws/install/rosserial_mbed/share/common-lisp/ros/rosserial_mbed/msg/rosserial_mbed-msg.asd
-- Up-to-date: /home/msi/caato2_ws/install/rosserial_mbed/share/common-lisp/ros/rosserial_mbed/srv
-- Up-to-date: /home/msi/caato2_ws/install/rosserial_mbed/share/common-lisp/ros/rosserial_mbed/srv/_package.lisp
-- Up-to-date: /home/msi/caato2_ws/install/rosserial_mbed/share/common-lisp/ros/rosserial_mbed/srv/rosserial_mbed-srv.asd
-- Up-to-date: /home/msi/caato2_ws/install/rosserial_mbed/share/common-lisp/ros/rosserial_mbed/srv/Test.lisp
-- Up-to-date: /home/msi/caato2_ws/install/rosserial_mbed/share/common-lisp/ros/rosserial_mbed/srv/_package_Test.lisp
-- Up-to-date: /home/msi/caato2_ws/install/rosserial_mbed/share/gennodejs/ros/rosserial_mbed
-- Up-to-date: /home/msi/caato2_ws/install/rosserial_mbed/share/gennodejs/ros/rosserial_mbed/_index.js
-- Up-to-date: /home/msi/caato2_ws/install/rosserial_mbed/share/gennodejs/ros/rosserial_mbed/msg
-- Up-to-date: /home/msi/caato2_ws/install/rosserial_mbed/share/gennodejs/ros/rosserial_mbed/msg/_index.js
-- Up-to-date: /home/msi/caato2_ws/install/rosserial_mbed/share/gennodejs/ros/rosserial_mbed/msg/Adc.js
-- Up-to-date: /home/msi/caato2_ws/install/rosserial_mbed/share/gennodejs/ros/rosserial_mbed/srv
-- Up-to-date: /home/msi/caato2_ws/install/rosserial_mbed/share/gennodejs/ros/rosserial_mbed/srv/_index.js
-- Up-to-date: /home/msi/caato2_ws/install/rosserial_mbed/share/gennodejs/ros/rosserial_mbed/srv/Test.js
Listing '/home/msi/caato2_ws/build/rosserial_mbed/devel/lib/python3/dist-packages/rosserial_mbed'...
Listing '/home/msi/caato2_ws/build/rosserial_mbed/devel/lib/python3/dist-packages/rosserial_mbed/msg'...
Listing '/home/msi/caato2_ws/build/rosserial_mbed/devel/lib/python3/dist-packages/rosserial_mbed/srv'...
-- Up-to-date: /home/msi/caato2_ws/install/rosserial_mbed/lib/python3/dist-packages/rosserial_mbed
-- Up-to-date: /home/msi/caato2_ws/install/rosserial_mbed/lib/python3/dist-packages/rosserial_mbed/msg
-- Up-to-date: /home/msi/caato2_ws/install/rosserial_mbed/lib/python3/dist-packages/rosserial_mbed/msg/__init__.py
-- Up-to-date: /home/msi/caato2_ws/install/rosserial_mbed/lib/python3/dist-packages/rosserial_mbed/msg/_Adc.py
-- Up-to-date: /home/msi/caato2_ws/install/rosserial_mbed/lib/python3/dist-packages/rosserial_mbed/msg/__pycache__
-- Up-to-date: /home/msi/caato2_ws/install/rosserial_mbed/lib/python3/dist-packages/rosserial_mbed/msg/__pycache__/__init__.cpython-38.pyc
-- Up-to-date: /home/msi/caato2_ws/install/rosserial_mbed/lib/python3/dist-packages/rosserial_mbed/msg/__pycache__/_Adc.cpython-38.pyc
-- Up-to-date: /home/msi/caato2_ws/install/rosserial_mbed/lib/python3/dist-packages/rosserial_mbed/srv
-- Up-to-date: /home/msi/caato2_ws/install/rosserial_mbed/lib/python3/dist-packages/rosserial_mbed/srv/_Test.py
-- Up-to-date: /home/msi/caato2_ws/install/rosserial_mbed/lib/python3/dist-packages/rosserial_mbed/srv/__init__.py
-- Up-to-date: /home/msi/caato2_ws/install/rosserial_mbed/lib/python3/dist-packages/rosserial_mbed/srv/__pycache__
-- Up-to-date: /home/msi/caato2_ws/install/rosserial_mbed/lib/python3/dist-packages/rosserial_mbed/srv/__pycache__/__init__.cpython-38.pyc
-- Up-to-date: /home/msi/caato2_ws/install/rosserial_mbed/lib/python3/dist-packages/rosserial_mbed/srv/__pycache__/_Test.cpython-38.pyc
-- Up-to-date: /home/msi/caato2_ws/install/rosserial_mbed/lib/python3/dist-packages/rosserial_mbed/__init__.py
-- Up-to-date: /home/msi/caato2_ws/install/rosserial_mbed/lib/python3/dist-packages/rosserial_mbed/__pycache__
-- Up-to-date: /home/msi/caato2_ws/install/rosserial_mbed/lib/python3/dist-packages/rosserial_mbed/__pycache__/__init__.cpython-38.pyc
-- Up-to-date: /home/msi/caato2_ws/install/rosserial_mbed/lib/pkgconfig/rosserial_mbed.pc
-- Up-to-date: /home/msi/caato2_ws/install/rosserial_mbed/share/rosserial_mbed/cmake/rosserial_mbed-msg-extras.cmake
-- Up-to-date: /home/msi/caato2_ws/install/rosserial_mbed/share/rosserial_mbed/cmake/rosserial_mbedConfig.cmake
-- Up-to-date: /home/msi/caato2_ws/install/rosserial_mbed/share/rosserial_mbed/cmake/rosserial_mbedConfig-version.cmake
-- Up-to-date: /home/msi/caato2_ws/install/rosserial_mbed/share/rosserial_mbed/package.xml
-- Up-to-date: /home/msi/caato2_ws/install/rosserial_mbed/share/rosserial_mbed/src/ros_lib
-- Up-to-date: /home/msi/caato2_ws/install/rosserial_mbed/share/rosserial_mbed/src/ros_lib/BufferedSerial
-- Up-to-date: /home/msi/caato2_ws/install/rosserial_mbed/share/rosserial_mbed/src/ros_lib/BufferedSerial/BufferedSerial.cpp
-- Up-to-date: /home/msi/caato2_ws/install/rosserial_mbed/share/rosserial_mbed/src/ros_lib/BufferedSerial/BufferedSerial.h
-- Up-to-date: /home/msi/caato2_ws/install/rosserial_mbed/share/rosserial_mbed/src/ros_lib/BufferedSerial/Buffer
-- Up-to-date: /home/msi/caato2_ws/install/rosserial_mbed/share/rosserial_mbed/src/ros_lib/BufferedSerial/Buffer/Buffer.cpp
-- Up-to-date: /home/msi/caato2_ws/install/rosserial_mbed/share/rosserial_mbed/src/ros_lib/BufferedSerial/Buffer/Buffer.h
-- Up-to-date: /home/msi/caato2_ws/install/rosserial_mbed/share/rosserial_mbed/src/ros_lib/BufferedSerial/Buffer.lib
-- Up-to-date: /home/msi/caato2_ws/install/rosserial_mbed/share/rosserial_mbed/src/ros_lib/MbedHardware.h
-- Up-to-date: /home/msi/caato2_ws/install/rosserial_mbed/share/rosserial_mbed/src/ros_lib/ros.h
-- Up-to-date: /home/msi/caato2_ws/install/rosserial_mbed/share/rosserial_mbed/src/ros_lib/BufferedSerial.lib
-- Up-to-date: /home/msi/caato2_ws/install/rosserial_mbed/lib/rosserial_mbed/make_libraries.py
