[0.162s] Invoking command in '/home/msi/caato2_ws/build/eband_local_planner': /usr/bin/cmake --build /home/msi/caato2_ws/build/eband_local_planner -- -j20 -l20
[0.266s] [ 14%] Built target eband_local_planner_gencfg
[0.312s] [100%] Built target eband_local_planner
[0.382s] Invoked command in '/home/msi/caato2_ws/build/eband_local_planner' returned '0': /usr/bin/cmake --build /home/msi/caato2_ws/build/eband_local_planner -- -j20 -l20
[0.480s] Invoking command in '/home/msi/caato2_ws/build/eband_local_planner': /usr/bin/cmake --build /home/msi/caato2_ws/build/eband_local_planner --target tests -- -j20 -l20
[0.519s] Built target tests
[0.559s] Invoked command in '/home/msi/caato2_ws/build/eband_local_planner' returned '0': /usr/bin/cmake --build /home/msi/caato2_ws/build/eband_local_planner --target tests -- -j20 -l20
[0.674s] Invoking command in '/home/msi/caato2_ws/build/eband_local_planner': /usr/bin/cmake --install /home/msi/caato2_ws/build/eband_local_planner
[0.726s] -- Install configuration: ""
[0.726s] -- Up-to-date: /home/msi/caato2_ws/install/eband_local_planner/include/eband_local_planner/EBandPlannerConfig.h
[0.726s] -- Up-to-date: /home/msi/caato2_ws/install/eband_local_planner/lib/python3/dist-packages/eband_local_planner/__init__.py
[0.726s] Listing '/home/msi/caato2_ws/build/eband_local_planner/devel/lib/python3/dist-packages/eband_local_planner/cfg'...
[0.726s] -- Up-to-date: /home/msi/caato2_ws/install/eband_local_planner/lib/python3/dist-packages/eband_local_planner/cfg
[0.726s] -- Up-to-date: /home/msi/caato2_ws/install/eband_local_planner/lib/python3/dist-packages/eband_local_planner/cfg/EBandPlannerConfig.py
[0.726s] -- Up-to-date: /home/msi/caato2_ws/install/eband_local_planner/lib/python3/dist-packages/eband_local_planner/cfg/__init__.py
[0.726s] -- Up-to-date: /home/msi/caato2_ws/install/eband_local_planner/lib/python3/dist-packages/eband_local_planner/cfg/__pycache__
[0.726s] -- Up-to-date: /home/msi/caato2_ws/install/eband_local_planner/lib/python3/dist-packages/eband_local_planner/cfg/__pycache__/EBandPlannerConfig.cpython-38.pyc
[0.726s] -- Up-to-date: /home/msi/caato2_ws/install/eband_local_planner/lib/python3/dist-packages/eband_local_planner/cfg/__pycache__/__init__.cpython-38.pyc
[0.727s] -- Up-to-date: /home/msi/caato2_ws/install/eband_local_planner/lib/pkgconfig/eband_local_planner.pc
[0.727s] -- Up-to-date: /home/msi/caato2_ws/install/eband_local_planner/share/eband_local_planner/cmake/eband_local_plannerConfig.cmake
[0.727s] -- Up-to-date: /home/msi/caato2_ws/install/eband_local_planner/share/eband_local_planner/cmake/eband_local_plannerConfig-version.cmake
[0.727s] -- Up-to-date: /home/msi/caato2_ws/install/eband_local_planner/share/eband_local_planner/package.xml
[0.727s] -- Up-to-date: /home/msi/caato2_ws/install/eband_local_planner/include/eband_local_planner
[0.727s] -- Up-to-date: /home/msi/caato2_ws/install/eband_local_planner/include/eband_local_planner/eband_local_planner_ros.h
[0.727s] -- Up-to-date: /home/msi/caato2_ws/install/eband_local_planner/include/eband_local_planner/conversions_and_types.h
[0.728s] -- Up-to-date: /home/msi/caato2_ws/install/eband_local_planner/include/eband_local_planner/eband_local_planner.h
[0.728s] -- Up-to-date: /home/msi/caato2_ws/install/eband_local_planner/include/eband_local_planner/eband_trajectory_controller.h
[0.730s] -- Up-to-date: /home/msi/caato2_ws/install/eband_local_planner/include/eband_local_planner/eband_visualization.h
[0.730s] -- Up-to-date: /home/msi/caato2_ws/install/eband_local_planner/lib/libeband_local_planner.so
[0.730s] -- Up-to-date: /home/msi/caato2_ws/install/eband_local_planner/share/eband_local_planner/elp_plugin.xml
[0.807s] Invoked command in '/home/msi/caato2_ws/build/eband_local_planner' returned '0': /usr/bin/cmake --install /home/msi/caato2_ws/build/eband_local_planner
