[0.068s] Invoking command in '/home/msi/caato2_ws/build/rosinrange_msg': /usr/bin/cmake /home/msi/caato2_ws/src/siot/rosinrange_msg -DCATKIN_INSTALL_INTO_PREFIX_ROOT=0 -DCMAKE_INSTALL_PREFIX=/home/msi/caato2_ws/install/rosinrange_msg
[0.258s] -- The C compiler identification is GNU 8.4.0
[0.258s] -- The CXX compiler identification is GNU 8.4.0
[0.269s] -- Check for working C compiler: /usr/bin/cc
[0.370s] -- Check for working C compiler: /usr/bin/cc -- works
[0.375s] -- Detecting C compiler ABI info
[0.439s] -- Detecting C compiler ABI info - done
[0.446s] -- Detecting C compile features
[0.447s] -- Detecting C compile features - done
[0.451s] -- Check for working CXX compiler: /usr/bin/c++
[0.505s] -- Check for working CXX compiler: /usr/bin/c++ -- works
[0.505s] -- Detecting CXX compiler ABI info
[0.568s] -- Detecting CXX compiler ABI info - done
[0.583s] -- Detecting CXX compile features
[0.583s] -- Detecting CXX compile features - done
[0.583s] -- Using CATKIN_DEVEL_PREFIX: /home/msi/caato2_ws/build/rosinrange_msg/devel
[0.584s] -- Using CMAKE_PREFIX_PATH: /home/msi/amcl3d/amcl3d/devel;/opt/ros/noetic
[0.584s] -- This workspace overlays: /opt/ros/noetic
[0.591s] -- Found PythonInterp: /usr/bin/python3 (found suitable version "3.8.10", minimum required is "3") 
[0.592s] -- Using PYTHON_EXECUTABLE: /usr/bin/python3
[0.592s] -- Using Debian Python package layout
[0.630s] -- Found PY_em: /usr/lib/python3/dist-packages/em.py  
[0.630s] -- Using empy: /usr/lib/python3/dist-packages/em.py
[0.724s] -- Using CATKIN_ENABLE_TESTING: ON
[0.724s] -- Call enable_testing()
[0.724s] -- Using CATKIN_TEST_RESULTS_DIR: /home/msi/caato2_ws/build/rosinrange_msg/test_results
[0.916s] -- Forcing gtest/gmock from source, though one was otherwise available.
[0.916s] -- Found gtest sources under '/usr/src/googletest': gtests will be built
[0.916s] -- Found gmock sources under '/usr/src/googletest': gmock will be built
[0.945s] -- Found PythonInterp: /usr/bin/python3 (found version "3.8.10") 
[0.946s] -- Found Threads: TRUE  
[0.951s] -- Using Python nosetests: /usr/bin/nosetests3
[1.023s] -- catkin 0.8.10
[1.023s] -- BUILD_SHARED_LIBS is on
[1.120s] -- Using these message generators: gencpp;geneus;genlisp;gennodejs;genpy
[1.335s] -- rosinrange_msg: 1 messages, 0 services
[1.507s] -- Configuring done
[1.525s] -- Generating done
[1.538s] -- Build files have been written to: /home/msi/caato2_ws/build/rosinrange_msg
[1.544s] Invoked command in '/home/msi/caato2_ws/build/rosinrange_msg' returned '0': /usr/bin/cmake /home/msi/caato2_ws/src/siot/rosinrange_msg -DCATKIN_INSTALL_INTO_PREFIX_ROOT=0 -DCMAKE_INSTALL_PREFIX=/home/msi/caato2_ws/install/rosinrange_msg
[1.546s] Invoking command in '/home/msi/caato2_ws/build/rosinrange_msg': /usr/bin/cmake --build /home/msi/caato2_ws/build/rosinrange_msg -- -j20 -l20
[1.566s] [35m[1mScanning dependencies of target geometry_msgs_generate_messages_eus[0m
[1.566s] [35m[1mScanning dependencies of target geometry_msgs_generate_messages_py[0m
[1.566s] [35m[1mScanning dependencies of target _rosinrange_msg_generate_messages_check_deps_RangePose[0m
[1.566s] [35m[1mScanning dependencies of target geometry_msgs_generate_messages_cpp[0m
[1.566s] [35m[1mScanning dependencies of target geometry_msgs_generate_messages_nodejs[0m
[1.567s] [35m[1mScanning dependencies of target geometry_msgs_generate_messages_lisp[0m
[1.570s] [  0%] Built target geometry_msgs_generate_messages_eus
[1.571s] [  0%] Built target geometry_msgs_generate_messages_py
[1.571s] [  0%] Built target geometry_msgs_generate_messages_nodejs
[1.571s] [  0%] Built target geometry_msgs_generate_messages_cpp
[1.571s] [  0%] Built target geometry_msgs_generate_messages_lisp
[1.607s] [  0%] Built target _rosinrange_msg_generate_messages_check_deps_RangePose
[1.608s] [35m[1mScanning dependencies of target rosinrange_msg_generate_messages_eus[0m
[1.609s] [35m[1mScanning dependencies of target rosinrange_msg_generate_messages_nodejs[0m
[1.609s] [35m[1mScanning dependencies of target rosinrange_msg_generate_messages_cpp[0m
[1.609s] [35m[1mScanning dependencies of target rosinrange_msg_generate_messages_lisp[0m
[1.610s] [35m[1mScanning dependencies of target rosinrange_msg_generate_messages_py[0m
[1.611s] [ 28%] [34m[1mGenerating C++ code from rosinrange_msg/RangePose.msg[0m
[1.611s] [ 28%] [34m[1mGenerating EusLisp code from rosinrange_msg/RangePose.msg[0m
[1.612s] [ 42%] [34m[1mGenerating Lisp code from rosinrange_msg/RangePose.msg[0m
[1.613s] [ 57%] [34m[1mGenerating Python from MSG rosinrange_msg/RangePose[0m
[1.613s] [ 71%] [34m[1mGenerating Javascript code from rosinrange_msg/RangePose.msg[0m
[1.613s] [ 85%] [34m[1mGenerating EusLisp manifest code for rosinrange_msg[0m
[1.640s] [ 85%] Built target rosinrange_msg_generate_messages_lisp
[1.683s] [ 85%] Built target rosinrange_msg_generate_messages_nodejs
[1.689s] [ 85%] Built target rosinrange_msg_generate_messages_cpp
[1.702s] [100%] [34m[1mGenerating Python msg __init__.py for rosinrange_msg[0m
[1.816s] [100%] Built target rosinrange_msg_generate_messages_py
[1.959s] [100%] Built target rosinrange_msg_generate_messages_eus
[1.964s] [35m[1mScanning dependencies of target rosinrange_msg_generate_messages[0m
[1.971s] [100%] Built target rosinrange_msg_generate_messages
[2.071s] Invoked command in '/home/msi/caato2_ws/build/rosinrange_msg' returned '0': /usr/bin/cmake --build /home/msi/caato2_ws/build/rosinrange_msg -- -j20 -l20
[2.104s] Invoking command in '/home/msi/caato2_ws/build/rosinrange_msg': /usr/bin/cmake --build /home/msi/caato2_ws/build/rosinrange_msg --target tests -- -j20 -l20
[2.108s] [35m[1mScanning dependencies of target tests[0m
[2.115s] Built target tests
[2.147s] Invoked command in '/home/msi/caato2_ws/build/rosinrange_msg' returned '0': /usr/bin/cmake --build /home/msi/caato2_ws/build/rosinrange_msg --target tests -- -j20 -l20
[2.213s] Invoking command in '/home/msi/caato2_ws/build/rosinrange_msg': /usr/bin/cmake --install /home/msi/caato2_ws/build/rosinrange_msg
[2.244s] -- Install configuration: ""
[2.244s] -- Installing: /home/msi/caato2_ws/install/rosinrange_msg/share/rosinrange_msg/msg/RangePose.msg
[2.244s] -- Installing: /home/msi/caato2_ws/install/rosinrange_msg/share/rosinrange_msg/cmake/rosinrange_msg-msg-paths.cmake
[2.245s] -- Installing: /home/msi/caato2_ws/install/rosinrange_msg/include/rosinrange_msg
[2.245s] -- Installing: /home/msi/caato2_ws/install/rosinrange_msg/include/rosinrange_msg/RangePose.h
[2.245s] -- Installing: /home/msi/caato2_ws/install/rosinrange_msg/share/roseus/ros/rosinrange_msg
[2.245s] -- Installing: /home/msi/caato2_ws/install/rosinrange_msg/share/roseus/ros/rosinrange_msg/msg
[2.246s] -- Installing: /home/msi/caato2_ws/install/rosinrange_msg/share/roseus/ros/rosinrange_msg/msg/RangePose.l
[2.247s] -- Installing: /home/msi/caato2_ws/install/rosinrange_msg/share/roseus/ros/rosinrange_msg/manifest.l
[2.247s] -- Installing: /home/msi/caato2_ws/install/rosinrange_msg/share/common-lisp/ros/rosinrange_msg
[2.247s] -- Installing: /home/msi/caato2_ws/install/rosinrange_msg/share/common-lisp/ros/rosinrange_msg/msg
[2.247s] -- Installing: /home/msi/caato2_ws/install/rosinrange_msg/share/common-lisp/ros/rosinrange_msg/msg/_package.lisp
[2.247s] -- Installing: /home/msi/caato2_ws/install/rosinrange_msg/share/common-lisp/ros/rosinrange_msg/msg/rosinrange_msg-msg.asd
[2.247s] -- Installing: /home/msi/caato2_ws/install/rosinrange_msg/share/common-lisp/ros/rosinrange_msg/msg/_package_RangePose.lisp
[2.247s] -- Installing: /home/msi/caato2_ws/install/rosinrange_msg/share/common-lisp/ros/rosinrange_msg/msg/RangePose.lisp
[2.247s] -- Installing: /home/msi/caato2_ws/install/rosinrange_msg/share/gennodejs/ros/rosinrange_msg
[2.247s] -- Installing: /home/msi/caato2_ws/install/rosinrange_msg/share/gennodejs/ros/rosinrange_msg/_index.js
[2.247s] -- Installing: /home/msi/caato2_ws/install/rosinrange_msg/share/gennodejs/ros/rosinrange_msg/msg
[2.248s] -- Installing: /home/msi/caato2_ws/install/rosinrange_msg/share/gennodejs/ros/rosinrange_msg/msg/_index.js
[2.248s] -- Installing: /home/msi/caato2_ws/install/rosinrange_msg/share/gennodejs/ros/rosinrange_msg/msg/RangePose.js
[2.248s] Listing '/home/msi/caato2_ws/build/rosinrange_msg/devel/lib/python3/dist-packages/rosinrange_msg'...
[2.248s] Compiling '/home/msi/caato2_ws/build/rosinrange_msg/devel/lib/python3/dist-packages/rosinrange_msg/__init__.py'...
[2.249s] Listing '/home/msi/caato2_ws/build/rosinrange_msg/devel/lib/python3/dist-packages/rosinrange_msg/msg'...
[2.249s] Compiling '/home/msi/caato2_ws/build/rosinrange_msg/devel/lib/python3/dist-packages/rosinrange_msg/msg/_RangePose.py'...
[2.249s] Compiling '/home/msi/caato2_ws/build/rosinrange_msg/devel/lib/python3/dist-packages/rosinrange_msg/msg/__init__.py'...
[2.249s] -- Installing: /home/msi/caato2_ws/install/rosinrange_msg/lib/python3/dist-packages/rosinrange_msg
[2.250s] -- Installing: /home/msi/caato2_ws/install/rosinrange_msg/lib/python3/dist-packages/rosinrange_msg/msg
[2.250s] -- Installing: /home/msi/caato2_ws/install/rosinrange_msg/lib/python3/dist-packages/rosinrange_msg/msg/_RangePose.py
[2.250s] -- Installing: /home/msi/caato2_ws/install/rosinrange_msg/lib/python3/dist-packages/rosinrange_msg/msg/__init__.py
[2.250s] -- Installing: /home/msi/caato2_ws/install/rosinrange_msg/lib/python3/dist-packages/rosinrange_msg/msg/__pycache__
[2.251s] -- Installing: /home/msi/caato2_ws/install/rosinrange_msg/lib/python3/dist-packages/rosinrange_msg/msg/__pycache__/_RangePose.cpython-38.pyc
[2.251s] -- Installing: /home/msi/caato2_ws/install/rosinrange_msg/lib/python3/dist-packages/rosinrange_msg/msg/__pycache__/__init__.cpython-38.pyc
[2.253s] -- Installing: /home/msi/caato2_ws/install/rosinrange_msg/lib/python3/dist-packages/rosinrange_msg/__init__.py
[2.253s] -- Installing: /home/msi/caato2_ws/install/rosinrange_msg/lib/python3/dist-packages/rosinrange_msg/__pycache__
[2.253s] -- Installing: /home/msi/caato2_ws/install/rosinrange_msg/lib/python3/dist-packages/rosinrange_msg/__pycache__/__init__.cpython-38.pyc
[2.253s] -- Installing: /home/msi/caato2_ws/install/rosinrange_msg/lib/pkgconfig/rosinrange_msg.pc
[2.254s] -- Installing: /home/msi/caato2_ws/install/rosinrange_msg/share/rosinrange_msg/cmake/rosinrange_msg-msg-extras.cmake
[2.255s] -- Installing: /home/msi/caato2_ws/install/rosinrange_msg/share/rosinrange_msg/cmake/rosinrange_msgConfig.cmake
[2.256s] -- Installing: /home/msi/caato2_ws/install/rosinrange_msg/share/rosinrange_msg/cmake/rosinrange_msgConfig-version.cmake
[2.256s] -- Installing: /home/msi/caato2_ws/install/rosinrange_msg/share/rosinrange_msg/package.xml
[2.289s] Invoked command in '/home/msi/caato2_ws/build/rosinrange_msg' returned '0': /usr/bin/cmake --install /home/msi/caato2_ws/build/rosinrange_msg
