[0.057s] Invoking command in '/home/msi/caato2_ws/build/caato2_description': /usr/bin/cmake --build /home/msi/caato2_ws/build/caato2_description -- -j20 -l20
[0.325s] Invoked command in '/home/msi/caato2_ws/build/caato2_description' returned '0': /usr/bin/cmake --build /home/msi/caato2_ws/build/caato2_description -- -j20 -l20
[0.426s] Invoking command in '/home/msi/caato2_ws/build/caato2_description': /usr/bin/cmake --build /home/msi/caato2_ws/build/caato2_description --target tests -- -j20 -l20
[0.467s] Built target tests
[0.492s] Invoked command in '/home/msi/caato2_ws/build/caato2_description' returned '0': /usr/bin/cmake --build /home/msi/caato2_ws/build/caato2_description --target tests -- -j20 -l20
[0.563s] Invoking command in '/home/msi/caato2_ws/build/caato2_description': /usr/bin/cmake --install /home/msi/caato2_ws/build/caato2_description
[0.578s] -- Install configuration: ""
[0.578s] -- Up-to-date: /home/msi/caato2_ws/install/caato2_description/lib/pkgconfig/caato2_description.pc
[0.578s] -- Up-to-date: /home/msi/caato2_ws/install/caato2_description/share/caato2_description/cmake/caato2_descriptionConfig.cmake
[0.578s] -- Up-to-date: /home/msi/caato2_ws/install/caato2_description/share/caato2_description/cmake/caato2_descriptionConfig-version.cmake
[0.578s] -- Up-to-date: /home/msi/caato2_ws/install/caato2_description/share/caato2_description/package.xml
[0.579s] -- Up-to-date: /home/msi/caato2_ws/install/caato2_description/share/caato2_description/meshes
[0.580s] -- Up-to-date: /home/msi/caato2_ws/install/caato2_description/share/caato2_description/meshes/wheels
[0.580s] -- Up-to-date: /home/msi/caato2_ws/install/caato2_description/share/caato2_description/meshes/wheels/Wheel.stl
[0.580s] -- Up-to-date: /home/msi/caato2_ws/install/caato2_description/share/caato2_description/meshes/wheels/caster_wheel.stl
[0.580s] -- Up-to-date: /home/msi/caato2_ws/install/caato2_description/share/caato2_description/meshes/sensors
[0.580s] -- Up-to-date: /home/msi/caato2_ws/install/caato2_description/share/caato2_description/meshes/sensors/hokuyo_laser_scanner.stl
[0.580s] -- Up-to-date: /home/msi/caato2_ws/install/caato2_description/share/caato2_description/meshes/sensors/pal.stl
[0.580s] -- Up-to-date: /home/msi/caato2_ws/install/caato2_description/share/caato2_description/meshes/bases
[0.580s] -- Up-to-date: /home/msi/caato2_ws/install/caato2_description/share/caato2_description/meshes/bases/body_with_arm.stl
[0.581s] -- Up-to-date: /home/msi/caato2_ws/install/caato2_description/share/caato2_description/meshes/bases/body_caato2_3d_lidar.stl
[0.581s] -- Up-to-date: /home/msi/caato2_ws/install/caato2_description/share/caato2_description/meshes/bases/Body.stl
[0.581s] -- Up-to-date: /home/msi/caato2_ws/install/caato2_description/share/caato2_description/urdf
[0.581s] -- Up-to-date: /home/msi/caato2_ws/install/caato2_description/share/caato2_description/urdf/common_properties.xacro
[0.581s] -- Up-to-date: /home/msi/caato2_ws/install/caato2_description/share/caato2_description/urdf/accessories
[0.581s] -- Up-to-date: /home/msi/caato2_ws/install/caato2_description/share/caato2_description/urdf/accessories/caato2.gazebo.xacro
[0.581s] -- Up-to-date: /home/msi/caato2_ws/install/caato2_description/share/caato2_description/urdf/accessories/sick_scan.urdf.xacro
[0.582s] -- Up-to-date: /home/msi/caato2_ws/install/caato2_description/share/caato2_description/urdf/caato2_3d.urdf.xacro
[0.583s] -- Up-to-date: /home/msi/caato2_ws/install/caato2_description/share/caato2_description/urdf/caato2.urdf.xacro
[0.583s] -- Up-to-date: /home/msi/caato2_ws/install/caato2_description/share/caato2_description/rviz
[0.583s] -- Up-to-date: /home/msi/caato2_ws/install/caato2_description/share/caato2_description/rviz/test.rviz
[0.618s] Invoked command in '/home/msi/caato2_ws/build/caato2_description' returned '0': /usr/bin/cmake --install /home/msi/caato2_ws/build/caato2_description
