[0.189s] Invoking command in '/home/msi/caato2_ws/build/rosserial_mbed': CMAKE_PREFIX_PATH=/home/msi/caato2_ws/install/rosserial_client:/home/msi/caato2_ws/install/rosserial_msgs:${CMAKE_PREFIX_PATH} PKG_CONFIG_PATH=/home/msi/caato2_ws/install/rosserial_client/lib/x86_64-linux-gnu/pkgconfig:/home/msi/caato2_ws/install/rosserial_client/lib/pkgconfig:/home/msi/caato2_ws/install/rosserial_msgs/lib/x86_64-linux-gnu/pkgconfig:/home/msi/caato2_ws/install/rosserial_msgs/lib/pkgconfig:${PKG_CONFIG_PATH} PYTHONPATH=/home/msi/caato2_ws/install/rosserial_client/lib/python3/dist-packages:/home/msi/caato2_ws/install/rosserial_msgs/lib/python3/dist-packages:${PYTHONPATH} ROS_PACKAGE_PATH=/home/msi/caato2_ws/install/rosserial_client/share:/home/msi/caato2_ws/install/rosserial_msgs/share:${ROS_PACKAGE_PATH} /usr/bin/cmake /home/msi/caato2_ws/src/thirdparty/rosserial/rosserial_mbed -DCATKIN_INSTALL_INTO_PREFIX_ROOT=0 -DCMAKE_INSTALL_PREFIX=/home/msi/caato2_ws/install/rosserial_mbed
[0.424s] -- The C compiler identification is GNU 8.4.0
[0.595s] -- The CXX compiler identification is GNU 8.4.0
[0.609s] -- Check for working C compiler: /usr/bin/cc
[0.934s] -- Check for working C compiler: /usr/bin/cc -- works
[0.935s] -- Detecting C compiler ABI info
[1.225s] -- Detecting C compiler ABI info - done
[1.238s] -- Detecting C compile features
[1.241s] -- Detecting C compile features - done
[1.258s] -- Check for working CXX compiler: /usr/bin/c++
[1.565s] -- Check for working CXX compiler: /usr/bin/c++ -- works
[1.566s] -- Detecting CXX compiler ABI info
[1.793s] -- Detecting CXX compiler ABI info - done
[1.810s] -- Detecting CXX compile features
[1.810s] -- Detecting CXX compile features - done
[1.814s] -- Using CATKIN_DEVEL_PREFIX: /home/msi/caato2_ws/build/rosserial_mbed/devel
[1.814s] -- Using CMAKE_PREFIX_PATH: /home/msi/caato2_ws/install/rosserial_client;/home/msi/caato2_ws/install/rosserial_msgs;/opt/ros/noetic
[1.814s] -- This workspace overlays: /home/msi/caato2_ws/install/rosserial_client;/home/msi/caato2_ws/install/rosserial_msgs;/opt/ros/noetic
[1.884s] -- Found PythonInterp: /usr/bin/python3 (found suitable version "3.8.10", minimum required is "3") 
[1.884s] -- Using PYTHON_EXECUTABLE: /usr/bin/python3
[1.885s] -- Using Debian Python package layout
[1.985s] -- Found PY_em: /usr/lib/python3/dist-packages/em.py  
[1.985s] -- Using empy: /usr/lib/python3/dist-packages/em.py
[2.345s] -- Using CATKIN_ENABLE_TESTING: ON
[2.345s] -- Call enable_testing()
[2.347s] -- Using CATKIN_TEST_RESULTS_DIR: /home/msi/caato2_ws/build/rosserial_mbed/test_results
[3.251s] -- Forcing gtest/gmock from source, though one was otherwise available.
[3.251s] -- Found gtest sources under '/usr/src/googletest': gtests will be built
[3.251s] -- Found gmock sources under '/usr/src/googletest': gmock will be built
[3.292s] -- Found PythonInterp: /usr/bin/python3 (found version "3.8.10") 
[3.295s] -- Found Threads: TRUE  
[3.300s] -- Using Python nosetests: /usr/bin/nosetests3
[3.400s] -- catkin 0.8.10
[3.400s] -- BUILD_SHARED_LIBS is on
[3.723s] -- Using these message generators: gencpp;geneus;genlisp;gennodejs;genpy
[3.925s] -- rosserial_mbed: 1 messages, 1 services
[4.175s] -- Installing devel-space wrapper /home/msi/caato2_ws/src/thirdparty/rosserial/rosserial_mbed/src/rosserial_mbed/make_libraries.py to /home/msi/caato2_ws/build/rosserial_mbed/devel/lib/rosserial_mbed
[4.178s] -- Configuring done
[4.200s] -- Generating done
[4.216s] -- Build files have been written to: /home/msi/caato2_ws/build/rosserial_mbed
[4.236s] Invoked command in '/home/msi/caato2_ws/build/rosserial_mbed' returned '0': CMAKE_PREFIX_PATH=/home/msi/caato2_ws/install/rosserial_client:/home/msi/caato2_ws/install/rosserial_msgs:${CMAKE_PREFIX_PATH} PKG_CONFIG_PATH=/home/msi/caato2_ws/install/rosserial_client/lib/x86_64-linux-gnu/pkgconfig:/home/msi/caato2_ws/install/rosserial_client/lib/pkgconfig:/home/msi/caato2_ws/install/rosserial_msgs/lib/x86_64-linux-gnu/pkgconfig:/home/msi/caato2_ws/install/rosserial_msgs/lib/pkgconfig:${PKG_CONFIG_PATH} PYTHONPATH=/home/msi/caato2_ws/install/rosserial_client/lib/python3/dist-packages:/home/msi/caato2_ws/install/rosserial_msgs/lib/python3/dist-packages:${PYTHONPATH} ROS_PACKAGE_PATH=/home/msi/caato2_ws/install/rosserial_client/share:/home/msi/caato2_ws/install/rosserial_msgs/share:${ROS_PACKAGE_PATH} /usr/bin/cmake /home/msi/caato2_ws/src/thirdparty/rosserial/rosserial_mbed -DCATKIN_INSTALL_INTO_PREFIX_ROOT=0 -DCMAKE_INSTALL_PREFIX=/home/msi/caato2_ws/install/rosserial_mbed
[4.239s] Invoking command in '/home/msi/caato2_ws/build/rosserial_mbed': CMAKE_PREFIX_PATH=/home/msi/caato2_ws/install/rosserial_client:/home/msi/caato2_ws/install/rosserial_msgs:${CMAKE_PREFIX_PATH} PKG_CONFIG_PATH=/home/msi/caato2_ws/install/rosserial_client/lib/x86_64-linux-gnu/pkgconfig:/home/msi/caato2_ws/install/rosserial_client/lib/pkgconfig:/home/msi/caato2_ws/install/rosserial_msgs/lib/x86_64-linux-gnu/pkgconfig:/home/msi/caato2_ws/install/rosserial_msgs/lib/pkgconfig:${PKG_CONFIG_PATH} PYTHONPATH=/home/msi/caato2_ws/install/rosserial_client/lib/python3/dist-packages:/home/msi/caato2_ws/install/rosserial_msgs/lib/python3/dist-packages:${PYTHONPATH} ROS_PACKAGE_PATH=/home/msi/caato2_ws/install/rosserial_client/share:/home/msi/caato2_ws/install/rosserial_msgs/share:${ROS_PACKAGE_PATH} /usr/bin/cmake --build /home/msi/caato2_ws/build/rosserial_mbed -- -j20 -l20
[4.361s] [35m[1mScanning dependencies of target _rosserial_mbed_generate_messages_check_deps_Adc[0m
[4.362s] [35m[1mScanning dependencies of target _rosserial_mbed_generate_messages_check_deps_Test[0m
[4.388s] [  0%] Built target _rosserial_mbed_generate_messages_check_deps_Adc
[4.411s] [  0%] Built target _rosserial_mbed_generate_messages_check_deps_Test
[4.426s] [35m[1mScanning dependencies of target rosserial_mbed_generate_messages_lisp[0m
[4.443s] [35m[1mScanning dependencies of target rosserial_mbed_generate_messages_cpp[0m
[4.449s] [35m[1mScanning dependencies of target rosserial_mbed_generate_messages_nodejs[0m
[4.452s] [35m[1mScanning dependencies of target rosserial_mbed_generate_messages_eus[0m
[4.452s] [  7%] [34m[1mGenerating Lisp code from rosserial_mbed/Adc.msg[0m
[4.452s] [35m[1mScanning dependencies of target rosserial_mbed_generate_messages_py[0m
[4.456s] [ 15%] [34m[1mGenerating C++ code from rosserial_mbed/Adc.msg[0m
[4.471s] [ 23%] [34m[1mGenerating EusLisp code from rosserial_mbed/Adc.msg[0m
[4.471s] [ 30%] [34m[1mGenerating C++ code from rosserial_mbed/Test.srv[0m
[4.473s] [ 38%] [34m[1mGenerating Lisp code from rosserial_mbed/Test.srv[0m
[4.486s] [ 46%] [34m[1mGenerating Javascript code from rosserial_mbed/Adc.msg[0m
[4.487s] [ 53%] [34m[1mGenerating Javascript code from rosserial_mbed/Test.srv[0m
[4.492s] [ 61%] [34m[1mGenerating EusLisp code from rosserial_mbed/Test.srv[0m
[4.499s] [ 69%] [34m[1mGenerating Python from MSG rosserial_mbed/Adc[0m
[4.529s] [ 76%] [34m[1mGenerating Python code from SRV rosserial_mbed/Test[0m
[4.548s] [ 84%] [34m[1mGenerating EusLisp manifest code for rosserial_mbed[0m
[4.633s] [ 84%] Built target rosserial_mbed_generate_messages_lisp
[4.648s] [ 84%] Built target rosserial_mbed_generate_messages_nodejs
[4.845s] [ 84%] Built target rosserial_mbed_generate_messages_cpp
[4.981s] [ 92%] [34m[1mGenerating Python msg __init__.py for rosserial_mbed[0m
[4.994s] [100%] [34m[1mGenerating Python srv __init__.py for rosserial_mbed[0m
[5.247s] [100%] Built target rosserial_mbed_generate_messages_py
[5.399s] [100%] Built target rosserial_mbed_generate_messages_eus
[5.415s] [35m[1mScanning dependencies of target rosserial_mbed_generate_messages[0m
[5.424s] [100%] Built target rosserial_mbed_generate_messages
[5.456s] Invoked command in '/home/msi/caato2_ws/build/rosserial_mbed' returned '0': CMAKE_PREFIX_PATH=/home/msi/caato2_ws/install/rosserial_client:/home/msi/caato2_ws/install/rosserial_msgs:${CMAKE_PREFIX_PATH} PKG_CONFIG_PATH=/home/msi/caato2_ws/install/rosserial_client/lib/x86_64-linux-gnu/pkgconfig:/home/msi/caato2_ws/install/rosserial_client/lib/pkgconfig:/home/msi/caato2_ws/install/rosserial_msgs/lib/x86_64-linux-gnu/pkgconfig:/home/msi/caato2_ws/install/rosserial_msgs/lib/pkgconfig:${PKG_CONFIG_PATH} PYTHONPATH=/home/msi/caato2_ws/install/rosserial_client/lib/python3/dist-packages:/home/msi/caato2_ws/install/rosserial_msgs/lib/python3/dist-packages:${PYTHONPATH} ROS_PACKAGE_PATH=/home/msi/caato2_ws/install/rosserial_client/share:/home/msi/caato2_ws/install/rosserial_msgs/share:${ROS_PACKAGE_PATH} /usr/bin/cmake --build /home/msi/caato2_ws/build/rosserial_mbed -- -j20 -l20
[5.489s] Invoking command in '/home/msi/caato2_ws/build/rosserial_mbed': CMAKE_PREFIX_PATH=/home/msi/caato2_ws/install/rosserial_client:/home/msi/caato2_ws/install/rosserial_msgs:${CMAKE_PREFIX_PATH} PKG_CONFIG_PATH=/home/msi/caato2_ws/install/rosserial_client/lib/x86_64-linux-gnu/pkgconfig:/home/msi/caato2_ws/install/rosserial_client/lib/pkgconfig:/home/msi/caato2_ws/install/rosserial_msgs/lib/x86_64-linux-gnu/pkgconfig:/home/msi/caato2_ws/install/rosserial_msgs/lib/pkgconfig:${PKG_CONFIG_PATH} PYTHONPATH=/home/msi/caato2_ws/install/rosserial_client/lib/python3/dist-packages:/home/msi/caato2_ws/install/rosserial_msgs/lib/python3/dist-packages:${PYTHONPATH} ROS_PACKAGE_PATH=/home/msi/caato2_ws/install/rosserial_client/share:/home/msi/caato2_ws/install/rosserial_msgs/share:${ROS_PACKAGE_PATH} /usr/bin/cmake --build /home/msi/caato2_ws/build/rosserial_mbed --target tests -- -j20 -l20
[5.549s] [35m[1mScanning dependencies of target tests[0m
[5.561s] Built target tests
[5.592s] Invoked command in '/home/msi/caato2_ws/build/rosserial_mbed' returned '0': CMAKE_PREFIX_PATH=/home/msi/caato2_ws/install/rosserial_client:/home/msi/caato2_ws/install/rosserial_msgs:${CMAKE_PREFIX_PATH} PKG_CONFIG_PATH=/home/msi/caato2_ws/install/rosserial_client/lib/x86_64-linux-gnu/pkgconfig:/home/msi/caato2_ws/install/rosserial_client/lib/pkgconfig:/home/msi/caato2_ws/install/rosserial_msgs/lib/x86_64-linux-gnu/pkgconfig:/home/msi/caato2_ws/install/rosserial_msgs/lib/pkgconfig:${PKG_CONFIG_PATH} PYTHONPATH=/home/msi/caato2_ws/install/rosserial_client/lib/python3/dist-packages:/home/msi/caato2_ws/install/rosserial_msgs/lib/python3/dist-packages:${PYTHONPATH} ROS_PACKAGE_PATH=/home/msi/caato2_ws/install/rosserial_client/share:/home/msi/caato2_ws/install/rosserial_msgs/share:${ROS_PACKAGE_PATH} /usr/bin/cmake --build /home/msi/caato2_ws/build/rosserial_mbed --target tests -- -j20 -l20
[5.630s] Invoking command in '/home/msi/caato2_ws/build/rosserial_mbed': CMAKE_PREFIX_PATH=/home/msi/caato2_ws/install/rosserial_client:/home/msi/caato2_ws/install/rosserial_msgs:${CMAKE_PREFIX_PATH} PKG_CONFIG_PATH=/home/msi/caato2_ws/install/rosserial_client/lib/x86_64-linux-gnu/pkgconfig:/home/msi/caato2_ws/install/rosserial_client/lib/pkgconfig:/home/msi/caato2_ws/install/rosserial_msgs/lib/x86_64-linux-gnu/pkgconfig:/home/msi/caato2_ws/install/rosserial_msgs/lib/pkgconfig:${PKG_CONFIG_PATH} PYTHONPATH=/home/msi/caato2_ws/install/rosserial_client/lib/python3/dist-packages:/home/msi/caato2_ws/install/rosserial_msgs/lib/python3/dist-packages:${PYTHONPATH} ROS_PACKAGE_PATH=/home/msi/caato2_ws/install/rosserial_client/share:/home/msi/caato2_ws/install/rosserial_msgs/share:${ROS_PACKAGE_PATH} /usr/bin/cmake --install /home/msi/caato2_ws/build/rosserial_mbed
[5.655s] -- Install configuration: ""
[5.655s] -- Installing: /home/msi/caato2_ws/install/rosserial_mbed/share/rosserial_mbed/msg/Adc.msg
[5.655s] -- Installing: /home/msi/caato2_ws/install/rosserial_mbed/share/rosserial_mbed/srv/Test.srv
[5.655s] -- Installing: /home/msi/caato2_ws/install/rosserial_mbed/share/rosserial_mbed/cmake/rosserial_mbed-msg-paths.cmake
[5.655s] -- Installing: /home/msi/caato2_ws/install/rosserial_mbed/include/rosserial_mbed
[5.655s] -- Installing: /home/msi/caato2_ws/install/rosserial_mbed/include/rosserial_mbed/TestResponse.h
[5.655s] -- Installing: /home/msi/caato2_ws/install/rosserial_mbed/include/rosserial_mbed/Adc.h
[5.656s] -- Installing: /home/msi/caato2_ws/install/rosserial_mbed/include/rosserial_mbed/TestRequest.h
[5.656s] -- Installing: /home/msi/caato2_ws/install/rosserial_mbed/include/rosserial_mbed/Test.h
[5.656s] -- Installing: /home/msi/caato2_ws/install/rosserial_mbed/share/roseus/ros/rosserial_mbed
[5.656s] -- Installing: /home/msi/caato2_ws/install/rosserial_mbed/share/roseus/ros/rosserial_mbed/msg
[5.656s] -- Installing: /home/msi/caato2_ws/install/rosserial_mbed/share/roseus/ros/rosserial_mbed/msg/Adc.l
[5.656s] -- Installing: /home/msi/caato2_ws/install/rosserial_mbed/share/roseus/ros/rosserial_mbed/manifest.l
[5.656s] -- Installing: /home/msi/caato2_ws/install/rosserial_mbed/share/roseus/ros/rosserial_mbed/srv
[5.656s] -- Installing: /home/msi/caato2_ws/install/rosserial_mbed/share/roseus/ros/rosserial_mbed/srv/Test.l
[5.656s] -- Installing: /home/msi/caato2_ws/install/rosserial_mbed/share/common-lisp/ros/rosserial_mbed
[5.656s] -- Installing: /home/msi/caato2_ws/install/rosserial_mbed/share/common-lisp/ros/rosserial_mbed/msg
[5.656s] -- Installing: /home/msi/caato2_ws/install/rosserial_mbed/share/common-lisp/ros/rosserial_mbed/msg/_package.lisp
[5.656s] -- Installing: /home/msi/caato2_ws/install/rosserial_mbed/share/common-lisp/ros/rosserial_mbed/msg/_package_Adc.lisp
[5.656s] -- Installing: /home/msi/caato2_ws/install/rosserial_mbed/share/common-lisp/ros/rosserial_mbed/msg/Adc.lisp
[5.657s] -- Installing: /home/msi/caato2_ws/install/rosserial_mbed/share/common-lisp/ros/rosserial_mbed/msg/rosserial_mbed-msg.asd
[5.657s] -- Installing: /home/msi/caato2_ws/install/rosserial_mbed/share/common-lisp/ros/rosserial_mbed/srv
[5.657s] -- Installing: /home/msi/caato2_ws/install/rosserial_mbed/share/common-lisp/ros/rosserial_mbed/srv/_package.lisp
[5.657s] -- Installing: /home/msi/caato2_ws/install/rosserial_mbed/share/common-lisp/ros/rosserial_mbed/srv/rosserial_mbed-srv.asd
[5.657s] -- Installing: /home/msi/caato2_ws/install/rosserial_mbed/share/common-lisp/ros/rosserial_mbed/srv/Test.lisp
[5.657s] -- Installing: /home/msi/caato2_ws/install/rosserial_mbed/share/common-lisp/ros/rosserial_mbed/srv/_package_Test.lisp
[5.657s] -- Installing: /home/msi/caato2_ws/install/rosserial_mbed/share/gennodejs/ros/rosserial_mbed
[5.657s] -- Installing: /home/msi/caato2_ws/install/rosserial_mbed/share/gennodejs/ros/rosserial_mbed/_index.js
[5.657s] -- Installing: /home/msi/caato2_ws/install/rosserial_mbed/share/gennodejs/ros/rosserial_mbed/msg
[5.657s] -- Installing: /home/msi/caato2_ws/install/rosserial_mbed/share/gennodejs/ros/rosserial_mbed/msg/_index.js
[5.657s] -- Installing: /home/msi/caato2_ws/install/rosserial_mbed/share/gennodejs/ros/rosserial_mbed/msg/Adc.js
[5.657s] -- Installing: /home/msi/caato2_ws/install/rosserial_mbed/share/gennodejs/ros/rosserial_mbed/srv
[5.657s] -- Installing: /home/msi/caato2_ws/install/rosserial_mbed/share/gennodejs/ros/rosserial_mbed/srv/_index.js
[5.657s] -- Installing: /home/msi/caato2_ws/install/rosserial_mbed/share/gennodejs/ros/rosserial_mbed/srv/Test.js
[5.692s] Listing '/home/msi/caato2_ws/build/rosserial_mbed/devel/lib/python3/dist-packages/rosserial_mbed'...
[5.693s] Compiling '/home/msi/caato2_ws/build/rosserial_mbed/devel/lib/python3/dist-packages/rosserial_mbed/__init__.py'...
[5.693s] Listing '/home/msi/caato2_ws/build/rosserial_mbed/devel/lib/python3/dist-packages/rosserial_mbed/msg'...
[5.693s] Compiling '/home/msi/caato2_ws/build/rosserial_mbed/devel/lib/python3/dist-packages/rosserial_mbed/msg/_Adc.py'...
[5.693s] Compiling '/home/msi/caato2_ws/build/rosserial_mbed/devel/lib/python3/dist-packages/rosserial_mbed/msg/__init__.py'...
[5.693s] Listing '/home/msi/caato2_ws/build/rosserial_mbed/devel/lib/python3/dist-packages/rosserial_mbed/srv'...
[5.693s] Compiling '/home/msi/caato2_ws/build/rosserial_mbed/devel/lib/python3/dist-packages/rosserial_mbed/srv/_Test.py'...
[5.693s] Compiling '/home/msi/caato2_ws/build/rosserial_mbed/devel/lib/python3/dist-packages/rosserial_mbed/srv/__init__.py'...
[5.701s] -- Installing: /home/msi/caato2_ws/install/rosserial_mbed/lib/python3/dist-packages/rosserial_mbed
[5.701s] -- Installing: /home/msi/caato2_ws/install/rosserial_mbed/lib/python3/dist-packages/rosserial_mbed/msg
[5.701s] -- Installing: /home/msi/caato2_ws/install/rosserial_mbed/lib/python3/dist-packages/rosserial_mbed/msg/__init__.py
[5.702s] -- Installing: /home/msi/caato2_ws/install/rosserial_mbed/lib/python3/dist-packages/rosserial_mbed/msg/_Adc.py
[5.702s] -- Installing: /home/msi/caato2_ws/install/rosserial_mbed/lib/python3/dist-packages/rosserial_mbed/msg/__pycache__
[5.702s] -- Installing: /home/msi/caato2_ws/install/rosserial_mbed/lib/python3/dist-packages/rosserial_mbed/msg/__pycache__/__init__.cpython-38.pyc
[5.702s] -- Installing: /home/msi/caato2_ws/install/rosserial_mbed/lib/python3/dist-packages/rosserial_mbed/msg/__pycache__/_Adc.cpython-38.pyc
[5.702s] -- Installing: /home/msi/caato2_ws/install/rosserial_mbed/lib/python3/dist-packages/rosserial_mbed/srv
[5.702s] -- Installing: /home/msi/caato2_ws/install/rosserial_mbed/lib/python3/dist-packages/rosserial_mbed/srv/_Test.py
[5.702s] -- Installing: /home/msi/caato2_ws/install/rosserial_mbed/lib/python3/dist-packages/rosserial_mbed/srv/__init__.py
[5.702s] -- Installing: /home/msi/caato2_ws/install/rosserial_mbed/lib/python3/dist-packages/rosserial_mbed/srv/__pycache__
[5.702s] -- Installing: /home/msi/caato2_ws/install/rosserial_mbed/lib/python3/dist-packages/rosserial_mbed/srv/__pycache__/__init__.cpython-38.pyc
[5.703s] -- Installing: /home/msi/caato2_ws/install/rosserial_mbed/lib/python3/dist-packages/rosserial_mbed/srv/__pycache__/_Test.cpython-38.pyc
[5.703s] -- Installing: /home/msi/caato2_ws/install/rosserial_mbed/lib/python3/dist-packages/rosserial_mbed/__init__.py
[5.703s] -- Installing: /home/msi/caato2_ws/install/rosserial_mbed/lib/python3/dist-packages/rosserial_mbed/__pycache__
[5.703s] -- Installing: /home/msi/caato2_ws/install/rosserial_mbed/lib/python3/dist-packages/rosserial_mbed/__pycache__/__init__.cpython-38.pyc
[5.703s] -- Installing: /home/msi/caato2_ws/install/rosserial_mbed/lib/pkgconfig/rosserial_mbed.pc
[5.703s] -- Installing: /home/msi/caato2_ws/install/rosserial_mbed/share/rosserial_mbed/cmake/rosserial_mbed-msg-extras.cmake
[5.703s] -- Installing: /home/msi/caato2_ws/install/rosserial_mbed/share/rosserial_mbed/cmake/rosserial_mbedConfig.cmake
[5.703s] -- Installing: /home/msi/caato2_ws/install/rosserial_mbed/share/rosserial_mbed/cmake/rosserial_mbedConfig-version.cmake
[5.703s] -- Installing: /home/msi/caato2_ws/install/rosserial_mbed/share/rosserial_mbed/package.xml
[5.703s] -- Installing: /home/msi/caato2_ws/install/rosserial_mbed/share/rosserial_mbed/src/ros_lib
[5.704s] -- Installing: /home/msi/caato2_ws/install/rosserial_mbed/share/rosserial_mbed/src/ros_lib/BufferedSerial
[5.704s] -- Installing: /home/msi/caato2_ws/install/rosserial_mbed/share/rosserial_mbed/src/ros_lib/BufferedSerial/BufferedSerial.cpp
[5.704s] -- Installing: /home/msi/caato2_ws/install/rosserial_mbed/share/rosserial_mbed/src/ros_lib/BufferedSerial/BufferedSerial.h
[5.704s] -- Installing: /home/msi/caato2_ws/install/rosserial_mbed/share/rosserial_mbed/src/ros_lib/BufferedSerial/Buffer
[5.704s] -- Installing: /home/msi/caato2_ws/install/rosserial_mbed/share/rosserial_mbed/src/ros_lib/BufferedSerial/Buffer/Buffer.cpp
[5.704s] -- Installing: /home/msi/caato2_ws/install/rosserial_mbed/share/rosserial_mbed/src/ros_lib/BufferedSerial/Buffer/Buffer.h
[5.704s] -- Installing: /home/msi/caato2_ws/install/rosserial_mbed/share/rosserial_mbed/src/ros_lib/BufferedSerial/Buffer.lib
[5.704s] -- Installing: /home/msi/caato2_ws/install/rosserial_mbed/share/rosserial_mbed/src/ros_lib/MbedHardware.h
[5.704s] -- Installing: /home/msi/caato2_ws/install/rosserial_mbed/share/rosserial_mbed/src/ros_lib/ros.h
[5.704s] -- Installing: /home/msi/caato2_ws/install/rosserial_mbed/share/rosserial_mbed/src/ros_lib/BufferedSerial.lib
[5.704s] -- Installing: /home/msi/caato2_ws/install/rosserial_mbed/lib/rosserial_mbed/make_libraries.py
[5.707s] Invoked command in '/home/msi/caato2_ws/build/rosserial_mbed' returned '0': CMAKE_PREFIX_PATH=/home/msi/caato2_ws/install/rosserial_client:/home/msi/caato2_ws/install/rosserial_msgs:${CMAKE_PREFIX_PATH} PKG_CONFIG_PATH=/home/msi/caato2_ws/install/rosserial_client/lib/x86_64-linux-gnu/pkgconfig:/home/msi/caato2_ws/install/rosserial_client/lib/pkgconfig:/home/msi/caato2_ws/install/rosserial_msgs/lib/x86_64-linux-gnu/pkgconfig:/home/msi/caato2_ws/install/rosserial_msgs/lib/pkgconfig:${PKG_CONFIG_PATH} PYTHONPATH=/home/msi/caato2_ws/install/rosserial_client/lib/python3/dist-packages:/home/msi/caato2_ws/install/rosserial_msgs/lib/python3/dist-packages:${PYTHONPATH} ROS_PACKAGE_PATH=/home/msi/caato2_ws/install/rosserial_client/share:/home/msi/caato2_ws/install/rosserial_msgs/share:${ROS_PACKAGE_PATH} /usr/bin/cmake --install /home/msi/caato2_ws/build/rosserial_mbed
