[0.097s] Invoking command in '/home/msi/caato2_ws/build/map_server': /usr/bin/cmake --build /home/msi/caato2_ws/build/map_server -- -j20 -l20
[0.293s] [ 18%] Built target gtest
[0.293s] [ 36%] Built target image_loader
[0.293s] [ 63%] Built target rtest
[0.294s] [ 81%] Built target map_server-map_saver
[0.294s] [100%] Built target map_server
[0.438s] Invoked command in '/home/msi/caato2_ws/build/map_server' returned '0': /usr/bin/cmake --build /home/msi/caato2_ws/build/map_server -- -j20 -l20
[0.622s] Invoking command in '/home/msi/caato2_ws/build/map_server': /usr/bin/cmake --build /home/msi/caato2_ws/build/map_server --target tests -- -j20 -l20
[0.656s] [ 28%] Built target gtest
[0.664s] [ 57%] Built target image_loader
[0.702s] [100%] Built target map_server_utest
[0.709s] [100%] Built target tests
[0.774s] Invoked command in '/home/msi/caato2_ws/build/map_server' returned '0': /usr/bin/cmake --build /home/msi/caato2_ws/build/map_server --target tests -- -j20 -l20
[0.938s] Invoking command in '/home/msi/caato2_ws/build/map_server': /usr/bin/cmake --install /home/msi/caato2_ws/build/map_server
[0.953s] -- Install configuration: ""
[0.953s] -- Up-to-date: /home/msi/caato2_ws/install/map_server/lib/pkgconfig/map_server.pc
[0.953s] -- Up-to-date: /home/msi/caato2_ws/install/map_server/share/map_server/cmake/map_serverConfig.cmake
[0.953s] -- Up-to-date: /home/msi/caato2_ws/install/map_server/share/map_server/cmake/map_serverConfig-version.cmake
[0.954s] -- Up-to-date: /home/msi/caato2_ws/install/map_server/share/map_server/package.xml
[0.954s] -- Up-to-date: /home/msi/caato2_ws/install/map_server/lib/map_server/map_saver
[0.954s] -- Up-to-date: /home/msi/caato2_ws/install/map_server/lib/map_server/map_server
[0.954s] -- Up-to-date: /home/msi/caato2_ws/install/map_server/lib/libimage_loader.so
[0.954s] -- Up-to-date: /home/msi/caato2_ws/install/map_server/include/map_server
[0.954s] -- Up-to-date: /home/msi/caato2_ws/install/map_server/include/map_server/image_loader.h
[0.954s] -- Up-to-date: /home/msi/caato2_ws/install/map_server/lib/map_server/crop_map
[1.061s] Invoked command in '/home/msi/caato2_ws/build/map_server' returned '0': /usr/bin/cmake --install /home/msi/caato2_ws/build/map_server
