-- The C compiler identification is GNU 8.4.0
-- The CXX compiler identification is GNU 8.4.0
-- Check for working C compiler: /usr/bin/cc
-- Check for working C compiler: /usr/bin/cc -- works
-- Detecting C compiler ABI info
-- Detecting C compiler ABI info - done
-- Detecting C compile features
-- Detecting C compile features - done
-- Check for working CXX compiler: /usr/bin/c++
-- Check for working CXX compiler: /usr/bin/c++ -- works
-- Detecting CXX compiler ABI info
-- Detecting CXX compiler ABI info - done
-- Detecting CXX compile features
-- Detecting CXX compile features - done
-- Using CATKIN_DEVEL_PREFIX: /home/msi/caato2_ws/build/rosserial_msgs/devel
-- Using CMAKE_PREFIX_PATH: /opt/ros/noetic
-- This workspace overlays: /opt/ros/noetic
-- Found PythonInterp: /usr/bin/python3 (found suitable version "3.8.10", minimum required is "3") 
-- Using PYTHON_EXECUTABLE: /usr/bin/python3
-- Using Debian Python package layout
-- Found PY_em: /usr/lib/python3/dist-packages/em.py  
-- Using empy: /usr/lib/python3/dist-packages/em.py
-- Using CATKIN_ENABLE_TESTING: ON
-- Call enable_testing()
-- Using CATKIN_TEST_RESULTS_DIR: /home/msi/caato2_ws/build/rosserial_msgs/test_results
-- Forcing gtest/gmock from source, though one was otherwise available.
-- Found gtest sources under '/usr/src/googletest': gtests will be built
-- Found gmock sources under '/usr/src/googletest': gmock will be built
-- Found PythonInterp: /usr/bin/python3 (found version "3.8.10") 
-- Found Threads: TRUE  
-- Using Python nosetests: /usr/bin/nosetests3
-- catkin 0.8.10
-- BUILD_SHARED_LIBS is on
-- Using these message generators: gencpp;geneus;genlisp;gennodejs;genpy
-- rosserial_msgs: 2 messages, 1 services
-- Configuring done
-- Generating done
-- Build files have been written to: /home/msi/caato2_ws/build/rosserial_msgs
[35m[1mScanning dependencies of target _rosserial_msgs_generate_messages_check_deps_RequestParam[0m
[35m[1mScanning dependencies of target _rosserial_msgs_generate_messages_check_deps_TopicInfo[0m
[35m[1mScanning dependencies of target _rosserial_msgs_generate_messages_check_deps_Log[0m
[  0%] Built target _rosserial_msgs_generate_messages_check_deps_TopicInfo
[  0%] Built target _rosserial_msgs_generate_messages_check_deps_RequestParam
[  0%] Built target _rosserial_msgs_generate_messages_check_deps_Log
[35m[1mScanning dependencies of target rosserial_msgs_generate_messages_cpp[0m
[  5%] [34m[1mGenerating C++ code from rosserial_msgs/Log.msg[0m
[35m[1mScanning dependencies of target rosserial_msgs_generate_messages_lisp[0m
[ 11%] [34m[1mGenerating C++ code from rosserial_msgs/TopicInfo.msg[0m
[35m[1mScanning dependencies of target rosserial_msgs_generate_messages_nodejs[0m
[35m[1mScanning dependencies of target rosserial_msgs_generate_messages_eus[0m
[35m[1mScanning dependencies of target rosserial_msgs_generate_messages_py[0m
[ 16%] [34m[1mGenerating C++ code from rosserial_msgs/RequestParam.srv[0m
[ 22%] [34m[1mGenerating Lisp code from rosserial_msgs/Log.msg[0m
[ 27%] [34m[1mGenerating Lisp code from rosserial_msgs/TopicInfo.msg[0m
[ 33%] [34m[1mGenerating Javascript code from rosserial_msgs/Log.msg[0m
[ 38%] [34m[1mGenerating Lisp code from rosserial_msgs/RequestParam.srv[0m
[ 44%] [34m[1mGenerating Javascript code from rosserial_msgs/TopicInfo.msg[0m
[ 50%] [34m[1mGenerating Python from MSG rosserial_msgs/TopicInfo[0m
[ 55%] [34m[1mGenerating Javascript code from rosserial_msgs/RequestParam.srv[0m
[ 61%] [34m[1mGenerating Python from MSG rosserial_msgs/Log[0m
[ 66%] [34m[1mGenerating Python code from SRV rosserial_msgs/RequestParam[0m
[ 77%] [34m[1mGenerating EusLisp code from rosserial_msgs/Log.msg[0m
[ 77%] [34m[1mGenerating EusLisp code from rosserial_msgs/TopicInfo.msg[0m
[ 83%] [34m[1mGenerating EusLisp code from rosserial_msgs/RequestParam.srv[0m
[ 83%] Built target rosserial_msgs_generate_messages_lisp
[ 88%] [34m[1mGenerating EusLisp manifest code for rosserial_msgs[0m
[ 88%] Built target rosserial_msgs_generate_messages_nodejs
[ 88%] Built target rosserial_msgs_generate_messages_cpp
[ 94%] [34m[1mGenerating Python msg __init__.py for rosserial_msgs[0m
[100%] [34m[1mGenerating Python srv __init__.py for rosserial_msgs[0m
[100%] Built target rosserial_msgs_generate_messages_eus
[100%] Built target rosserial_msgs_generate_messages_py
[35m[1mScanning dependencies of target rosserial_msgs_generate_messages[0m
[100%] Built target rosserial_msgs_generate_messages
[35m[1mScanning dependencies of target tests[0m
Built target tests
-- Install configuration: ""
-- Installing: /home/msi/caato2_ws/install/rosserial_msgs/share/rosserial_msgs/msg/Log.msg
-- Installing: /home/msi/caato2_ws/install/rosserial_msgs/share/rosserial_msgs/msg/TopicInfo.msg
-- Installing: /home/msi/caato2_ws/install/rosserial_msgs/share/rosserial_msgs/srv/RequestParam.srv
-- Installing: /home/msi/caato2_ws/install/rosserial_msgs/share/rosserial_msgs/cmake/rosserial_msgs-msg-paths.cmake
-- Installing: /home/msi/caato2_ws/install/rosserial_msgs/include/rosserial_msgs
-- Installing: /home/msi/caato2_ws/install/rosserial_msgs/include/rosserial_msgs/RequestParam.h
-- Installing: /home/msi/caato2_ws/install/rosserial_msgs/include/rosserial_msgs/TopicInfo.h
-- Installing: /home/msi/caato2_ws/install/rosserial_msgs/include/rosserial_msgs/RequestParamRequest.h
-- Installing: /home/msi/caato2_ws/install/rosserial_msgs/include/rosserial_msgs/RequestParamResponse.h
-- Installing: /home/msi/caato2_ws/install/rosserial_msgs/include/rosserial_msgs/Log.h
-- Installing: /home/msi/caato2_ws/install/rosserial_msgs/share/roseus/ros/rosserial_msgs
-- Installing: /home/msi/caato2_ws/install/rosserial_msgs/share/roseus/ros/rosserial_msgs/msg
-- Installing: /home/msi/caato2_ws/install/rosserial_msgs/share/roseus/ros/rosserial_msgs/msg/Log.l
-- Installing: /home/msi/caato2_ws/install/rosserial_msgs/share/roseus/ros/rosserial_msgs/msg/TopicInfo.l
-- Installing: /home/msi/caato2_ws/install/rosserial_msgs/share/roseus/ros/rosserial_msgs/manifest.l
-- Installing: /home/msi/caato2_ws/install/rosserial_msgs/share/roseus/ros/rosserial_msgs/srv
-- Installing: /home/msi/caato2_ws/install/rosserial_msgs/share/roseus/ros/rosserial_msgs/srv/RequestParam.l
-- Installing: /home/msi/caato2_ws/install/rosserial_msgs/share/common-lisp/ros/rosserial_msgs
-- Installing: /home/msi/caato2_ws/install/rosserial_msgs/share/common-lisp/ros/rosserial_msgs/msg
-- Installing: /home/msi/caato2_ws/install/rosserial_msgs/share/common-lisp/ros/rosserial_msgs/msg/_package.lisp
-- Installing: /home/msi/caato2_ws/install/rosserial_msgs/share/common-lisp/ros/rosserial_msgs/msg/rosserial_msgs-msg.asd
-- Installing: /home/msi/caato2_ws/install/rosserial_msgs/share/common-lisp/ros/rosserial_msgs/msg/Log.lisp
-- Installing: /home/msi/caato2_ws/install/rosserial_msgs/share/common-lisp/ros/rosserial_msgs/msg/TopicInfo.lisp
-- Installing: /home/msi/caato2_ws/install/rosserial_msgs/share/common-lisp/ros/rosserial_msgs/msg/_package_Log.lisp
-- Installing: /home/msi/caato2_ws/install/rosserial_msgs/share/common-lisp/ros/rosserial_msgs/msg/_package_TopicInfo.lisp
-- Installing: /home/msi/caato2_ws/install/rosserial_msgs/share/common-lisp/ros/rosserial_msgs/srv
-- Installing: /home/msi/caato2_ws/install/rosserial_msgs/share/common-lisp/ros/rosserial_msgs/srv/_package.lisp
-- Installing: /home/msi/caato2_ws/install/rosserial_msgs/share/common-lisp/ros/rosserial_msgs/srv/rosserial_msgs-srv.asd
-- Installing: /home/msi/caato2_ws/install/rosserial_msgs/share/common-lisp/ros/rosserial_msgs/srv/_package_RequestParam.lisp
-- Installing: /home/msi/caato2_ws/install/rosserial_msgs/share/common-lisp/ros/rosserial_msgs/srv/RequestParam.lisp
-- Installing: /home/msi/caato2_ws/install/rosserial_msgs/share/gennodejs/ros/rosserial_msgs
-- Installing: /home/msi/caato2_ws/install/rosserial_msgs/share/gennodejs/ros/rosserial_msgs/_index.js
-- Installing: /home/msi/caato2_ws/install/rosserial_msgs/share/gennodejs/ros/rosserial_msgs/msg
-- Installing: /home/msi/caato2_ws/install/rosserial_msgs/share/gennodejs/ros/rosserial_msgs/msg/TopicInfo.js
-- Installing: /home/msi/caato2_ws/install/rosserial_msgs/share/gennodejs/ros/rosserial_msgs/msg/_index.js
-- Installing: /home/msi/caato2_ws/install/rosserial_msgs/share/gennodejs/ros/rosserial_msgs/msg/Log.js
-- Installing: /home/msi/caato2_ws/install/rosserial_msgs/share/gennodejs/ros/rosserial_msgs/srv
-- Installing: /home/msi/caato2_ws/install/rosserial_msgs/share/gennodejs/ros/rosserial_msgs/srv/_index.js
-- Installing: /home/msi/caato2_ws/install/rosserial_msgs/share/gennodejs/ros/rosserial_msgs/srv/RequestParam.js
Listing '/home/msi/caato2_ws/build/rosserial_msgs/devel/lib/python3/dist-packages/rosserial_msgs'...
Compiling '/home/msi/caato2_ws/build/rosserial_msgs/devel/lib/python3/dist-packages/rosserial_msgs/__init__.py'...
Listing '/home/msi/caato2_ws/build/rosserial_msgs/devel/lib/python3/dist-packages/rosserial_msgs/msg'...
Compiling '/home/msi/caato2_ws/build/rosserial_msgs/devel/lib/python3/dist-packages/rosserial_msgs/msg/_Log.py'...
Compiling '/home/msi/caato2_ws/build/rosserial_msgs/devel/lib/python3/dist-packages/rosserial_msgs/msg/_TopicInfo.py'...
Compiling '/home/msi/caato2_ws/build/rosserial_msgs/devel/lib/python3/dist-packages/rosserial_msgs/msg/__init__.py'...
Listing '/home/msi/caato2_ws/build/rosserial_msgs/devel/lib/python3/dist-packages/rosserial_msgs/srv'...
Compiling '/home/msi/caato2_ws/build/rosserial_msgs/devel/lib/python3/dist-packages/rosserial_msgs/srv/_RequestParam.py'...
Compiling '/home/msi/caato2_ws/build/rosserial_msgs/devel/lib/python3/dist-packages/rosserial_msgs/srv/__init__.py'...
-- Installing: /home/msi/caato2_ws/install/rosserial_msgs/lib/python3/dist-packages/rosserial_msgs
-- Installing: /home/msi/caato2_ws/install/rosserial_msgs/lib/python3/dist-packages/rosserial_msgs/msg
-- Installing: /home/msi/caato2_ws/install/rosserial_msgs/lib/python3/dist-packages/rosserial_msgs/msg/_TopicInfo.py
-- Installing: /home/msi/caato2_ws/install/rosserial_msgs/lib/python3/dist-packages/rosserial_msgs/msg/_Log.py
-- Installing: /home/msi/caato2_ws/install/rosserial_msgs/lib/python3/dist-packages/rosserial_msgs/msg/__init__.py
-- Installing: /home/msi/caato2_ws/install/rosserial_msgs/lib/python3/dist-packages/rosserial_msgs/msg/__pycache__
-- Installing: /home/msi/caato2_ws/install/rosserial_msgs/lib/python3/dist-packages/rosserial_msgs/msg/__pycache__/_Log.cpython-38.pyc
-- Installing: /home/msi/caato2_ws/install/rosserial_msgs/lib/python3/dist-packages/rosserial_msgs/msg/__pycache__/_TopicInfo.cpython-38.pyc
-- Installing: /home/msi/caato2_ws/install/rosserial_msgs/lib/python3/dist-packages/rosserial_msgs/msg/__pycache__/__init__.cpython-38.pyc
-- Installing: /home/msi/caato2_ws/install/rosserial_msgs/lib/python3/dist-packages/rosserial_msgs/srv
-- Installing: /home/msi/caato2_ws/install/rosserial_msgs/lib/python3/dist-packages/rosserial_msgs/srv/_RequestParam.py
-- Installing: /home/msi/caato2_ws/install/rosserial_msgs/lib/python3/dist-packages/rosserial_msgs/srv/__init__.py
-- Installing: /home/msi/caato2_ws/install/rosserial_msgs/lib/python3/dist-packages/rosserial_msgs/srv/__pycache__
-- Installing: /home/msi/caato2_ws/install/rosserial_msgs/lib/python3/dist-packages/rosserial_msgs/srv/__pycache__/_RequestParam.cpython-38.pyc
-- Installing: /home/msi/caato2_ws/install/rosserial_msgs/lib/python3/dist-packages/rosserial_msgs/srv/__pycache__/__init__.cpython-38.pyc
-- Installing: /home/msi/caato2_ws/install/rosserial_msgs/lib/python3/dist-packages/rosserial_msgs/__init__.py
-- Installing: /home/msi/caato2_ws/install/rosserial_msgs/lib/python3/dist-packages/rosserial_msgs/__pycache__
-- Installing: /home/msi/caato2_ws/install/rosserial_msgs/lib/python3/dist-packages/rosserial_msgs/__pycache__/__init__.cpython-38.pyc
-- Installing: /home/msi/caato2_ws/install/rosserial_msgs/lib/pkgconfig/rosserial_msgs.pc
-- Installing: /home/msi/caato2_ws/install/rosserial_msgs/share/rosserial_msgs/cmake/rosserial_msgs-msg-extras.cmake
-- Installing: /home/msi/caato2_ws/install/rosserial_msgs/share/rosserial_msgs/cmake/rosserial_msgsConfig.cmake
-- Installing: /home/msi/caato2_ws/install/rosserial_msgs/share/rosserial_msgs/cmake/rosserial_msgsConfig-version.cmake
-- Installing: /home/msi/caato2_ws/install/rosserial_msgs/share/rosserial_msgs/package.xml
