[0.058s] Invoking command in '/home/msi/caato2_ws/build/rosserial_msgs': /usr/bin/cmake /home/msi/caato2_ws/src/thirdparty/rosserial/rosserial_msgs -DCATKIN_INSTALL_INTO_PREFIX_ROOT=0 -DCMAKE_INSTALL_PREFIX=/home/msi/caato2_ws/install/rosserial_msgs
[0.128s] -- The C compiler identification is GNU 8.4.0
[0.150s] -- The CXX compiler identification is GNU 8.4.0
[0.157s] -- Check for working C compiler: /usr/bin/cc
[0.231s] -- Check for working C compiler: /usr/bin/cc -- works
[0.232s] -- Detecting C compiler ABI info
[0.307s] -- Detecting C compiler ABI info - done
[0.321s] -- Detecting C compile features
[0.321s] -- Detecting C compile features - done
[0.324s] -- Check for working CXX compiler: /usr/bin/c++
[0.402s] -- Check for working CXX compiler: /usr/bin/c++ -- works
[0.403s] -- Detecting CXX compiler ABI info
[0.494s] -- Detecting CXX compiler ABI info - done
[0.508s] -- Detecting CXX compile features
[0.508s] -- Detecting CXX compile features - done
[0.511s] -- Using CATKIN_DEVEL_PREFIX: /home/msi/caato2_ws/build/rosserial_msgs/devel
[0.511s] -- Using CMAKE_PREFIX_PATH: /opt/ros/noetic
[0.511s] -- This workspace overlays: /opt/ros/noetic
[0.537s] -- Found PythonInterp: /usr/bin/python3 (found suitable version "3.8.10", minimum required is "3") 
[0.538s] -- Using PYTHON_EXECUTABLE: /usr/bin/python3
[0.538s] -- Using Debian Python package layout
[0.575s] -- Found PY_em: /usr/lib/python3/dist-packages/em.py  
[0.575s] -- Using empy: /usr/lib/python3/dist-packages/em.py
[0.727s] -- Using CATKIN_ENABLE_TESTING: ON
[0.728s] -- Call enable_testing()
[0.729s] -- Using CATKIN_TEST_RESULTS_DIR: /home/msi/caato2_ws/build/rosserial_msgs/test_results
[1.054s] -- Forcing gtest/gmock from source, though one was otherwise available.
[1.054s] -- Found gtest sources under '/usr/src/googletest': gtests will be built
[1.054s] -- Found gmock sources under '/usr/src/googletest': gmock will be built
[1.083s] -- Found PythonInterp: /usr/bin/python3 (found version "3.8.10") 
[1.085s] -- Found Threads: TRUE  
[1.089s] -- Using Python nosetests: /usr/bin/nosetests3
[1.165s] -- catkin 0.8.10
[1.166s] -- BUILD_SHARED_LIBS is on
[1.343s] -- Using these message generators: gencpp;geneus;genlisp;gennodejs;genpy
[1.502s] -- rosserial_msgs: 2 messages, 1 services
[1.869s] -- Configuring done
[1.886s] -- Generating done
[1.891s] -- Build files have been written to: /home/msi/caato2_ws/build/rosserial_msgs
[1.911s] Invoked command in '/home/msi/caato2_ws/build/rosserial_msgs' returned '0': /usr/bin/cmake /home/msi/caato2_ws/src/thirdparty/rosserial/rosserial_msgs -DCATKIN_INSTALL_INTO_PREFIX_ROOT=0 -DCMAKE_INSTALL_PREFIX=/home/msi/caato2_ws/install/rosserial_msgs
[1.912s] Invoking command in '/home/msi/caato2_ws/build/rosserial_msgs': /usr/bin/cmake --build /home/msi/caato2_ws/build/rosserial_msgs -- -j20 -l20
[2.270s] [35m[1mScanning dependencies of target _rosserial_msgs_generate_messages_check_deps_RequestParam[0m
[2.270s] [35m[1mScanning dependencies of target _rosserial_msgs_generate_messages_check_deps_TopicInfo[0m
[2.270s] [35m[1mScanning dependencies of target _rosserial_msgs_generate_messages_check_deps_Log[0m
[2.270s] [  0%] Built target _rosserial_msgs_generate_messages_check_deps_TopicInfo
[2.270s] [  0%] Built target _rosserial_msgs_generate_messages_check_deps_RequestParam
[2.270s] [  0%] Built target _rosserial_msgs_generate_messages_check_deps_Log
[2.270s] [35m[1mScanning dependencies of target rosserial_msgs_generate_messages_cpp[0m
[2.270s] [  5%] [34m[1mGenerating C++ code from rosserial_msgs/Log.msg[0m
[2.270s] [35m[1mScanning dependencies of target rosserial_msgs_generate_messages_lisp[0m
[2.270s] [ 11%] [34m[1mGenerating C++ code from rosserial_msgs/TopicInfo.msg[0m
[2.270s] [35m[1mScanning dependencies of target rosserial_msgs_generate_messages_nodejs[0m
[2.270s] [35m[1mScanning dependencies of target rosserial_msgs_generate_messages_eus[0m
[2.270s] [35m[1mScanning dependencies of target rosserial_msgs_generate_messages_py[0m
[2.271s] [ 16%] [34m[1mGenerating C++ code from rosserial_msgs/RequestParam.srv[0m
[2.271s] [ 22%] [34m[1mGenerating Lisp code from rosserial_msgs/Log.msg[0m
[2.271s] [ 27%] [34m[1mGenerating Lisp code from rosserial_msgs/TopicInfo.msg[0m
[2.271s] [ 33%] [34m[1mGenerating Javascript code from rosserial_msgs/Log.msg[0m
[2.271s] [ 38%] [34m[1mGenerating Lisp code from rosserial_msgs/RequestParam.srv[0m
[2.271s] [ 44%] [34m[1mGenerating Javascript code from rosserial_msgs/TopicInfo.msg[0m
[2.271s] [ 50%] [34m[1mGenerating Python from MSG rosserial_msgs/TopicInfo[0m
[2.271s] [ 55%] [34m[1mGenerating Javascript code from rosserial_msgs/RequestParam.srv[0m
[2.271s] [ 61%] [34m[1mGenerating Python from MSG rosserial_msgs/Log[0m
[2.276s] [ 66%] [34m[1mGenerating Python code from SRV rosserial_msgs/RequestParam[0m
[2.285s] [ 77%] [34m[1mGenerating EusLisp code from rosserial_msgs/Log.msg[0m
[2.285s] [ 77%] [34m[1mGenerating EusLisp code from rosserial_msgs/TopicInfo.msg[0m
[2.319s] [ 83%] [34m[1mGenerating EusLisp code from rosserial_msgs/RequestParam.srv[0m
[2.326s] [ 83%] Built target rosserial_msgs_generate_messages_lisp
[2.365s] [ 88%] [34m[1mGenerating EusLisp manifest code for rosserial_msgs[0m
[2.397s] [ 88%] Built target rosserial_msgs_generate_messages_nodejs
[2.533s] [ 88%] Built target rosserial_msgs_generate_messages_cpp
[2.673s] [ 94%] [34m[1mGenerating Python msg __init__.py for rosserial_msgs[0m
[2.727s] [100%] [34m[1mGenerating Python srv __init__.py for rosserial_msgs[0m
[3.426s] [100%] Built target rosserial_msgs_generate_messages_eus
[3.458s] [100%] Built target rosserial_msgs_generate_messages_py
[3.518s] [35m[1mScanning dependencies of target rosserial_msgs_generate_messages[0m
[3.582s] [100%] Built target rosserial_msgs_generate_messages
[3.614s] Invoked command in '/home/msi/caato2_ws/build/rosserial_msgs' returned '0': /usr/bin/cmake --build /home/msi/caato2_ws/build/rosserial_msgs -- -j20 -l20
[4.167s] Invoking command in '/home/msi/caato2_ws/build/rosserial_msgs': /usr/bin/cmake --build /home/msi/caato2_ws/build/rosserial_msgs --target tests -- -j20 -l20
[7.376s] [35m[1mScanning dependencies of target tests[0m
[7.376s] Built target tests
[7.452s] Invoked command in '/home/msi/caato2_ws/build/rosserial_msgs' returned '0': /usr/bin/cmake --build /home/msi/caato2_ws/build/rosserial_msgs --target tests -- -j20 -l20
[8.148s] Invoking command in '/home/msi/caato2_ws/build/rosserial_msgs': /usr/bin/cmake --install /home/msi/caato2_ws/build/rosserial_msgs
[9.663s] -- Install configuration: ""
[9.663s] -- Installing: /home/msi/caato2_ws/install/rosserial_msgs/share/rosserial_msgs/msg/Log.msg
[9.663s] -- Installing: /home/msi/caato2_ws/install/rosserial_msgs/share/rosserial_msgs/msg/TopicInfo.msg
[9.663s] -- Installing: /home/msi/caato2_ws/install/rosserial_msgs/share/rosserial_msgs/srv/RequestParam.srv
[9.663s] -- Installing: /home/msi/caato2_ws/install/rosserial_msgs/share/rosserial_msgs/cmake/rosserial_msgs-msg-paths.cmake
[9.664s] -- Installing: /home/msi/caato2_ws/install/rosserial_msgs/include/rosserial_msgs
[9.664s] -- Installing: /home/msi/caato2_ws/install/rosserial_msgs/include/rosserial_msgs/RequestParam.h
[9.664s] -- Installing: /home/msi/caato2_ws/install/rosserial_msgs/include/rosserial_msgs/TopicInfo.h
[9.664s] -- Installing: /home/msi/caato2_ws/install/rosserial_msgs/include/rosserial_msgs/RequestParamRequest.h
[9.664s] -- Installing: /home/msi/caato2_ws/install/rosserial_msgs/include/rosserial_msgs/RequestParamResponse.h
[9.664s] -- Installing: /home/msi/caato2_ws/install/rosserial_msgs/include/rosserial_msgs/Log.h
[9.664s] -- Installing: /home/msi/caato2_ws/install/rosserial_msgs/share/roseus/ros/rosserial_msgs
[9.664s] -- Installing: /home/msi/caato2_ws/install/rosserial_msgs/share/roseus/ros/rosserial_msgs/msg
[9.664s] -- Installing: /home/msi/caato2_ws/install/rosserial_msgs/share/roseus/ros/rosserial_msgs/msg/Log.l
[9.664s] -- Installing: /home/msi/caato2_ws/install/rosserial_msgs/share/roseus/ros/rosserial_msgs/msg/TopicInfo.l
[9.664s] -- Installing: /home/msi/caato2_ws/install/rosserial_msgs/share/roseus/ros/rosserial_msgs/manifest.l
[9.664s] -- Installing: /home/msi/caato2_ws/install/rosserial_msgs/share/roseus/ros/rosserial_msgs/srv
[9.665s] -- Installing: /home/msi/caato2_ws/install/rosserial_msgs/share/roseus/ros/rosserial_msgs/srv/RequestParam.l
[9.665s] -- Installing: /home/msi/caato2_ws/install/rosserial_msgs/share/common-lisp/ros/rosserial_msgs
[9.665s] -- Installing: /home/msi/caato2_ws/install/rosserial_msgs/share/common-lisp/ros/rosserial_msgs/msg
[9.665s] -- Installing: /home/msi/caato2_ws/install/rosserial_msgs/share/common-lisp/ros/rosserial_msgs/msg/_package.lisp
[9.665s] -- Installing: /home/msi/caato2_ws/install/rosserial_msgs/share/common-lisp/ros/rosserial_msgs/msg/rosserial_msgs-msg.asd
[9.665s] -- Installing: /home/msi/caato2_ws/install/rosserial_msgs/share/common-lisp/ros/rosserial_msgs/msg/Log.lisp
[9.665s] -- Installing: /home/msi/caato2_ws/install/rosserial_msgs/share/common-lisp/ros/rosserial_msgs/msg/TopicInfo.lisp
[9.665s] -- Installing: /home/msi/caato2_ws/install/rosserial_msgs/share/common-lisp/ros/rosserial_msgs/msg/_package_Log.lisp
[9.665s] -- Installing: /home/msi/caato2_ws/install/rosserial_msgs/share/common-lisp/ros/rosserial_msgs/msg/_package_TopicInfo.lisp
[9.665s] -- Installing: /home/msi/caato2_ws/install/rosserial_msgs/share/common-lisp/ros/rosserial_msgs/srv
[9.665s] -- Installing: /home/msi/caato2_ws/install/rosserial_msgs/share/common-lisp/ros/rosserial_msgs/srv/_package.lisp
[9.666s] -- Installing: /home/msi/caato2_ws/install/rosserial_msgs/share/common-lisp/ros/rosserial_msgs/srv/rosserial_msgs-srv.asd
[9.666s] -- Installing: /home/msi/caato2_ws/install/rosserial_msgs/share/common-lisp/ros/rosserial_msgs/srv/_package_RequestParam.lisp
[9.666s] -- Installing: /home/msi/caato2_ws/install/rosserial_msgs/share/common-lisp/ros/rosserial_msgs/srv/RequestParam.lisp
[9.666s] -- Installing: /home/msi/caato2_ws/install/rosserial_msgs/share/gennodejs/ros/rosserial_msgs
[9.666s] -- Installing: /home/msi/caato2_ws/install/rosserial_msgs/share/gennodejs/ros/rosserial_msgs/_index.js
[9.666s] -- Installing: /home/msi/caato2_ws/install/rosserial_msgs/share/gennodejs/ros/rosserial_msgs/msg
[9.666s] -- Installing: /home/msi/caato2_ws/install/rosserial_msgs/share/gennodejs/ros/rosserial_msgs/msg/TopicInfo.js
[9.666s] -- Installing: /home/msi/caato2_ws/install/rosserial_msgs/share/gennodejs/ros/rosserial_msgs/msg/_index.js
[9.666s] -- Installing: /home/msi/caato2_ws/install/rosserial_msgs/share/gennodejs/ros/rosserial_msgs/msg/Log.js
[9.666s] -- Installing: /home/msi/caato2_ws/install/rosserial_msgs/share/gennodejs/ros/rosserial_msgs/srv
[9.666s] -- Installing: /home/msi/caato2_ws/install/rosserial_msgs/share/gennodejs/ros/rosserial_msgs/srv/_index.js
[9.666s] -- Installing: /home/msi/caato2_ws/install/rosserial_msgs/share/gennodejs/ros/rosserial_msgs/srv/RequestParam.js
[9.667s] Listing '/home/msi/caato2_ws/build/rosserial_msgs/devel/lib/python3/dist-packages/rosserial_msgs'...
[9.667s] Compiling '/home/msi/caato2_ws/build/rosserial_msgs/devel/lib/python3/dist-packages/rosserial_msgs/__init__.py'...
[9.667s] Listing '/home/msi/caato2_ws/build/rosserial_msgs/devel/lib/python3/dist-packages/rosserial_msgs/msg'...
[9.667s] Compiling '/home/msi/caato2_ws/build/rosserial_msgs/devel/lib/python3/dist-packages/rosserial_msgs/msg/_Log.py'...
[9.667s] Compiling '/home/msi/caato2_ws/build/rosserial_msgs/devel/lib/python3/dist-packages/rosserial_msgs/msg/_TopicInfo.py'...
[9.667s] Compiling '/home/msi/caato2_ws/build/rosserial_msgs/devel/lib/python3/dist-packages/rosserial_msgs/msg/__init__.py'...
[9.667s] Listing '/home/msi/caato2_ws/build/rosserial_msgs/devel/lib/python3/dist-packages/rosserial_msgs/srv'...
[9.667s] Compiling '/home/msi/caato2_ws/build/rosserial_msgs/devel/lib/python3/dist-packages/rosserial_msgs/srv/_RequestParam.py'...
[9.667s] Compiling '/home/msi/caato2_ws/build/rosserial_msgs/devel/lib/python3/dist-packages/rosserial_msgs/srv/__init__.py'...
[9.667s] -- Installing: /home/msi/caato2_ws/install/rosserial_msgs/lib/python3/dist-packages/rosserial_msgs
[9.667s] -- Installing: /home/msi/caato2_ws/install/rosserial_msgs/lib/python3/dist-packages/rosserial_msgs/msg
[9.667s] -- Installing: /home/msi/caato2_ws/install/rosserial_msgs/lib/python3/dist-packages/rosserial_msgs/msg/_TopicInfo.py
[9.667s] -- Installing: /home/msi/caato2_ws/install/rosserial_msgs/lib/python3/dist-packages/rosserial_msgs/msg/_Log.py
[9.668s] -- Installing: /home/msi/caato2_ws/install/rosserial_msgs/lib/python3/dist-packages/rosserial_msgs/msg/__init__.py
[9.668s] -- Installing: /home/msi/caato2_ws/install/rosserial_msgs/lib/python3/dist-packages/rosserial_msgs/msg/__pycache__
[9.668s] -- Installing: /home/msi/caato2_ws/install/rosserial_msgs/lib/python3/dist-packages/rosserial_msgs/msg/__pycache__/_Log.cpython-38.pyc
[9.668s] -- Installing: /home/msi/caato2_ws/install/rosserial_msgs/lib/python3/dist-packages/rosserial_msgs/msg/__pycache__/_TopicInfo.cpython-38.pyc
[9.668s] -- Installing: /home/msi/caato2_ws/install/rosserial_msgs/lib/python3/dist-packages/rosserial_msgs/msg/__pycache__/__init__.cpython-38.pyc
[9.668s] -- Installing: /home/msi/caato2_ws/install/rosserial_msgs/lib/python3/dist-packages/rosserial_msgs/srv
[9.668s] -- Installing: /home/msi/caato2_ws/install/rosserial_msgs/lib/python3/dist-packages/rosserial_msgs/srv/_RequestParam.py
[9.668s] -- Installing: /home/msi/caato2_ws/install/rosserial_msgs/lib/python3/dist-packages/rosserial_msgs/srv/__init__.py
[9.668s] -- Installing: /home/msi/caato2_ws/install/rosserial_msgs/lib/python3/dist-packages/rosserial_msgs/srv/__pycache__
[9.668s] -- Installing: /home/msi/caato2_ws/install/rosserial_msgs/lib/python3/dist-packages/rosserial_msgs/srv/__pycache__/_RequestParam.cpython-38.pyc
[9.668s] -- Installing: /home/msi/caato2_ws/install/rosserial_msgs/lib/python3/dist-packages/rosserial_msgs/srv/__pycache__/__init__.cpython-38.pyc
[9.668s] -- Installing: /home/msi/caato2_ws/install/rosserial_msgs/lib/python3/dist-packages/rosserial_msgs/__init__.py
[9.669s] -- Installing: /home/msi/caato2_ws/install/rosserial_msgs/lib/python3/dist-packages/rosserial_msgs/__pycache__
[9.669s] -- Installing: /home/msi/caato2_ws/install/rosserial_msgs/lib/python3/dist-packages/rosserial_msgs/__pycache__/__init__.cpython-38.pyc
[9.669s] -- Installing: /home/msi/caato2_ws/install/rosserial_msgs/lib/pkgconfig/rosserial_msgs.pc
[9.669s] -- Installing: /home/msi/caato2_ws/install/rosserial_msgs/share/rosserial_msgs/cmake/rosserial_msgs-msg-extras.cmake
[9.669s] -- Installing: /home/msi/caato2_ws/install/rosserial_msgs/share/rosserial_msgs/cmake/rosserial_msgsConfig.cmake
[9.669s] -- Installing: /home/msi/caato2_ws/install/rosserial_msgs/share/rosserial_msgs/cmake/rosserial_msgsConfig-version.cmake
[9.669s] -- Installing: /home/msi/caato2_ws/install/rosserial_msgs/share/rosserial_msgs/package.xml
[9.690s] Invoked command in '/home/msi/caato2_ws/build/rosserial_msgs' returned '0': /usr/bin/cmake --install /home/msi/caato2_ws/build/rosserial_msgs
