-- The C compiler identification is GNU 8.4.0
-- The CXX compiler identification is GNU 8.4.0
-- Check for working C compiler: /usr/bin/cc
-- Check for working C compiler: /usr/bin/cc -- works
-- Detecting C compiler ABI info
-- Detecting C compiler ABI info - done
-- Detecting C compile features
-- Detecting C compile features - done
-- Check for working CXX compiler: /usr/bin/c++
-- Check for working CXX compiler: /usr/bin/c++ -- works
-- Detecting CXX compiler ABI info
-- Detecting CXX compiler ABI info - done
-- Detecting CXX compile features
-- Detecting CXX compile features - done
-- Using CATKIN_DEVEL_PREFIX: /home/msi/caato2_ws/build/rosserial_tivac/devel
-- Using CMAKE_PREFIX_PATH: /home/msi/caato2_ws/install/rosserial_client;/home/msi/caato2_ws/install/rosserial_msgs;/opt/ros/noetic
-- This workspace overlays: /home/msi/caato2_ws/install/rosserial_client;/home/msi/caato2_ws/install/rosserial_msgs;/opt/ros/noetic
-- Found PythonInterp: /usr/bin/python3 (found suitable version "3.8.10", minimum required is "3") 
-- Using PYTHON_EXECUTABLE: /usr/bin/python3
-- Using Debian Python package layout
-- Found PY_em: /usr/lib/python3/dist-packages/em.py  
-- Using empy: /usr/lib/python3/dist-packages/em.py
-- Using CATKIN_ENABLE_TESTING: ON
-- Call enable_testing()
-- Using CATKIN_TEST_RESULTS_DIR: /home/msi/caato2_ws/build/rosserial_tivac/test_results
-- Forcing gtest/gmock from source, though one was otherwise available.
-- Found gtest sources under '/usr/src/googletest': gtests will be built
-- Found gmock sources under '/usr/src/googletest': gmock will be built
-- Found PythonInterp: /usr/bin/python3 (found version "3.8.10") 
-- Found Threads: TRUE  
-- Using Python nosetests: /usr/bin/nosetests3
-- catkin 0.8.10
-- BUILD_SHARED_LIBS is on
-- Configuring done
-- Generating done
-- Build files have been written to: /home/msi/caato2_ws/build/rosserial_tivac
[35m[1mScanning dependencies of target tests[0m
Built target tests
-- Install configuration: ""
-- Installing: /home/msi/caato2_ws/install/rosserial_tivac/lib/pkgconfig/rosserial_tivac.pc
-- Installing: /home/msi/caato2_ws/install/rosserial_tivac/share/rosserial_tivac/cmake/rosserial_tivac-extras.cmake
-- Installing: /home/msi/caato2_ws/install/rosserial_tivac/share/rosserial_tivac/cmake/rosserial_tivacConfig.cmake
-- Installing: /home/msi/caato2_ws/install/rosserial_tivac/share/rosserial_tivac/cmake/rosserial_tivacConfig-version.cmake
-- Installing: /home/msi/caato2_ws/install/rosserial_tivac/share/rosserial_tivac/package.xml
-- Installing: /home/msi/caato2_ws/install/rosserial_tivac/share/rosserial_tivac/src/ros_lib
-- Installing: /home/msi/caato2_ws/install/rosserial_tivac/share/rosserial_tivac/src/ros_lib/tivac_hardware.h
-- Installing: /home/msi/caato2_ws/install/rosserial_tivac/share/rosserial_tivac/src/ros_lib/startup_gcc.c
-- Installing: /home/msi/caato2_ws/install/rosserial_tivac/share/rosserial_tivac/src/ros_lib/tivac_hardware.cpp
-- Installing: /home/msi/caato2_ws/install/rosserial_tivac/share/rosserial_tivac/src/ros_lib/usb_serial_structs.c
-- Installing: /home/msi/caato2_ws/install/rosserial_tivac/share/rosserial_tivac/src/ros_lib/usb_serial_structs.h
-- Installing: /home/msi/caato2_ws/install/rosserial_tivac/share/rosserial_tivac/src/ros_lib/tivac_hardware_usb.h
-- Installing: /home/msi/caato2_ws/install/rosserial_tivac/share/rosserial_tivac/src/ros_lib/ros.h
-- Installing: /home/msi/caato2_ws/install/rosserial_tivac/share/rosserial_tivac/src/ros_lib_energia
-- Installing: /home/msi/caato2_ws/install/rosserial_tivac/share/rosserial_tivac/src/ros_lib_energia/tests
-- Installing: /home/msi/caato2_ws/install/rosserial_tivac/share/rosserial_tivac/src/ros_lib_energia/tests/time_test
-- Installing: /home/msi/caato2_ws/install/rosserial_tivac/share/rosserial_tivac/src/ros_lib_energia/tests/time_test/time_test.ino
-- Installing: /home/msi/caato2_ws/install/rosserial_tivac/share/rosserial_tivac/src/ros_lib_energia/tests/float64_test
-- Installing: /home/msi/caato2_ws/install/rosserial_tivac/share/rosserial_tivac/src/ros_lib_energia/tests/float64_test/float64_test.ino
-- Installing: /home/msi/caato2_ws/install/rosserial_tivac/share/rosserial_tivac/src/ros_lib_energia/tests/array_test
-- Installing: /home/msi/caato2_ws/install/rosserial_tivac/share/rosserial_tivac/src/ros_lib_energia/tests/array_test/test_data
-- Installing: /home/msi/caato2_ws/install/rosserial_tivac/share/rosserial_tivac/src/ros_lib_energia/tests/array_test/array_test.ino
-- Installing: /home/msi/caato2_ws/install/rosserial_tivac/share/rosserial_tivac/src/ros_lib_energia/examples
-- Installing: /home/msi/caato2_ws/install/rosserial_tivac/share/rosserial_tivac/src/ros_lib_energia/examples/rgb
-- Installing: /home/msi/caato2_ws/install/rosserial_tivac/share/rosserial_tivac/src/ros_lib_energia/examples/rgb/rgb.ino
-- Installing: /home/msi/caato2_ws/install/rosserial_tivac/share/rosserial_tivac/src/ros_lib_energia/examples/chatter
-- Installing: /home/msi/caato2_ws/install/rosserial_tivac/share/rosserial_tivac/src/ros_lib_energia/examples/chatter/chatter.ino
-- Installing: /home/msi/caato2_ws/install/rosserial_tivac/share/rosserial_tivac/src/ros_lib_energia/ros.h
-- Installing: /home/msi/caato2_ws/install/rosserial_tivac/share/rosserial_tivac/src/ros_lib_energia/TivaCHardware.h
-- Installing: /home/msi/caato2_ws/install/rosserial_tivac/share/rosserial_tivac/tivac-cmake
-- Installing: /home/msi/caato2_ws/install/rosserial_tivac/share/rosserial_tivac/tivac-cmake/cmake
-- Installing: /home/msi/caato2_ws/install/rosserial_tivac/share/rosserial_tivac/tivac-cmake/cmake/TivaCToolchain.cmake
-- Installing: /home/msi/caato2_ws/install/rosserial_tivac/share/rosserial_tivac/tivac-cmake/tiva.specs
-- Installing: /home/msi/caato2_ws/install/rosserial_tivac/share/rosserial_tivac/tivac-cmake/tm4c123g.ld
-- Installing: /home/msi/caato2_ws/install/rosserial_tivac/share/rosserial_tivac/tivac-cmake/tm4c1294.ld
-- Installing: /home/msi/caato2_ws/install/rosserial_tivac/share/rosserial_tivac/make_libraries_energia
-- Installing: /home/msi/caato2_ws/install/rosserial_tivac/share/rosserial_tivac/make_libraries_tiva
