[0.192s] Invoking command in '/home/msi/caato2_ws/build/rosserial_tivac': CMAKE_PREFIX_PATH=/home/msi/caato2_ws/install/rosserial_client:/home/msi/caato2_ws/install/rosserial_msgs:${CMAKE_PREFIX_PATH} PKG_CONFIG_PATH=/home/msi/caato2_ws/install/rosserial_client/lib/x86_64-linux-gnu/pkgconfig:/home/msi/caato2_ws/install/rosserial_client/lib/pkgconfig:/home/msi/caato2_ws/install/rosserial_msgs/lib/x86_64-linux-gnu/pkgconfig:/home/msi/caato2_ws/install/rosserial_msgs/lib/pkgconfig:${PKG_CONFIG_PATH} PYTHONPATH=/home/msi/caato2_ws/install/rosserial_client/lib/python3/dist-packages:/home/msi/caato2_ws/install/rosserial_msgs/lib/python3/dist-packages:${PYTHONPATH} ROS_PACKAGE_PATH=/home/msi/caato2_ws/install/rosserial_client/share:/home/msi/caato2_ws/install/rosserial_msgs/share:${ROS_PACKAGE_PATH} /usr/bin/cmake /home/msi/caato2_ws/src/thirdparty/rosserial/rosserial_tivac -DCATKIN_INSTALL_INTO_PREFIX_ROOT=0 -DCMAKE_INSTALL_PREFIX=/home/msi/caato2_ws/install/rosserial_tivac
[0.471s] -- The C compiler identification is GNU 8.4.0
[0.634s] -- The CXX compiler identification is GNU 8.4.0
[0.639s] -- Check for working C compiler: /usr/bin/cc
[1.018s] -- Check for working C compiler: /usr/bin/cc -- works
[1.020s] -- Detecting C compiler ABI info
[1.338s] -- Detecting C compiler ABI info - done
[1.351s] -- Detecting C compile features
[1.351s] -- Detecting C compile features - done
[1.362s] -- Check for working CXX compiler: /usr/bin/c++
[1.684s] -- Check for working CXX compiler: /usr/bin/c++ -- works
[1.686s] -- Detecting CXX compiler ABI info
[2.007s] -- Detecting CXX compiler ABI info - done
[2.034s] -- Detecting CXX compile features
[2.035s] -- Detecting CXX compile features - done
[2.044s] -- Using CATKIN_DEVEL_PREFIX: /home/msi/caato2_ws/build/rosserial_tivac/devel
[2.045s] -- Using CMAKE_PREFIX_PATH: /home/msi/caato2_ws/install/rosserial_client;/home/msi/caato2_ws/install/rosserial_msgs;/opt/ros/noetic
[2.045s] -- This workspace overlays: /home/msi/caato2_ws/install/rosserial_client;/home/msi/caato2_ws/install/rosserial_msgs;/opt/ros/noetic
[2.075s] -- Found PythonInterp: /usr/bin/python3 (found suitable version "3.8.10", minimum required is "3") 
[2.075s] -- Using PYTHON_EXECUTABLE: /usr/bin/python3
[2.075s] -- Using Debian Python package layout
[2.161s] -- Found PY_em: /usr/lib/python3/dist-packages/em.py  
[2.161s] -- Using empy: /usr/lib/python3/dist-packages/em.py
[2.479s] -- Using CATKIN_ENABLE_TESTING: ON
[2.479s] -- Call enable_testing()
[2.481s] -- Using CATKIN_TEST_RESULTS_DIR: /home/msi/caato2_ws/build/rosserial_tivac/test_results
[3.355s] -- Forcing gtest/gmock from source, though one was otherwise available.
[3.355s] -- Found gtest sources under '/usr/src/googletest': gtests will be built
[3.355s] -- Found gmock sources under '/usr/src/googletest': gmock will be built
[3.393s] -- Found PythonInterp: /usr/bin/python3 (found version "3.8.10") 
[3.396s] -- Found Threads: TRUE  
[3.401s] -- Using Python nosetests: /usr/bin/nosetests3
[3.520s] -- catkin 0.8.10
[3.520s] -- BUILD_SHARED_LIBS is on
[4.377s] -- Configuring done
[4.383s] -- Generating done
[4.385s] -- Build files have been written to: /home/msi/caato2_ws/build/rosserial_tivac
[4.408s] Invoked command in '/home/msi/caato2_ws/build/rosserial_tivac' returned '0': CMAKE_PREFIX_PATH=/home/msi/caato2_ws/install/rosserial_client:/home/msi/caato2_ws/install/rosserial_msgs:${CMAKE_PREFIX_PATH} PKG_CONFIG_PATH=/home/msi/caato2_ws/install/rosserial_client/lib/x86_64-linux-gnu/pkgconfig:/home/msi/caato2_ws/install/rosserial_client/lib/pkgconfig:/home/msi/caato2_ws/install/rosserial_msgs/lib/x86_64-linux-gnu/pkgconfig:/home/msi/caato2_ws/install/rosserial_msgs/lib/pkgconfig:${PKG_CONFIG_PATH} PYTHONPATH=/home/msi/caato2_ws/install/rosserial_client/lib/python3/dist-packages:/home/msi/caato2_ws/install/rosserial_msgs/lib/python3/dist-packages:${PYTHONPATH} ROS_PACKAGE_PATH=/home/msi/caato2_ws/install/rosserial_client/share:/home/msi/caato2_ws/install/rosserial_msgs/share:${ROS_PACKAGE_PATH} /usr/bin/cmake /home/msi/caato2_ws/src/thirdparty/rosserial/rosserial_tivac -DCATKIN_INSTALL_INTO_PREFIX_ROOT=0 -DCMAKE_INSTALL_PREFIX=/home/msi/caato2_ws/install/rosserial_tivac
[4.412s] Invoking command in '/home/msi/caato2_ws/build/rosserial_tivac': CMAKE_PREFIX_PATH=/home/msi/caato2_ws/install/rosserial_client:/home/msi/caato2_ws/install/rosserial_msgs:${CMAKE_PREFIX_PATH} PKG_CONFIG_PATH=/home/msi/caato2_ws/install/rosserial_client/lib/x86_64-linux-gnu/pkgconfig:/home/msi/caato2_ws/install/rosserial_client/lib/pkgconfig:/home/msi/caato2_ws/install/rosserial_msgs/lib/x86_64-linux-gnu/pkgconfig:/home/msi/caato2_ws/install/rosserial_msgs/lib/pkgconfig:${PKG_CONFIG_PATH} PYTHONPATH=/home/msi/caato2_ws/install/rosserial_client/lib/python3/dist-packages:/home/msi/caato2_ws/install/rosserial_msgs/lib/python3/dist-packages:${PYTHONPATH} ROS_PACKAGE_PATH=/home/msi/caato2_ws/install/rosserial_client/share:/home/msi/caato2_ws/install/rosserial_msgs/share:${ROS_PACKAGE_PATH} /usr/bin/cmake --build /home/msi/caato2_ws/build/rosserial_tivac -- -j20 -l20
[4.529s] Invoked command in '/home/msi/caato2_ws/build/rosserial_tivac' returned '0': CMAKE_PREFIX_PATH=/home/msi/caato2_ws/install/rosserial_client:/home/msi/caato2_ws/install/rosserial_msgs:${CMAKE_PREFIX_PATH} PKG_CONFIG_PATH=/home/msi/caato2_ws/install/rosserial_client/lib/x86_64-linux-gnu/pkgconfig:/home/msi/caato2_ws/install/rosserial_client/lib/pkgconfig:/home/msi/caato2_ws/install/rosserial_msgs/lib/x86_64-linux-gnu/pkgconfig:/home/msi/caato2_ws/install/rosserial_msgs/lib/pkgconfig:${PKG_CONFIG_PATH} PYTHONPATH=/home/msi/caato2_ws/install/rosserial_client/lib/python3/dist-packages:/home/msi/caato2_ws/install/rosserial_msgs/lib/python3/dist-packages:${PYTHONPATH} ROS_PACKAGE_PATH=/home/msi/caato2_ws/install/rosserial_client/share:/home/msi/caato2_ws/install/rosserial_msgs/share:${ROS_PACKAGE_PATH} /usr/bin/cmake --build /home/msi/caato2_ws/build/rosserial_tivac -- -j20 -l20
[4.744s] Invoking command in '/home/msi/caato2_ws/build/rosserial_tivac': CMAKE_PREFIX_PATH=/home/msi/caato2_ws/install/rosserial_client:/home/msi/caato2_ws/install/rosserial_msgs:${CMAKE_PREFIX_PATH} PKG_CONFIG_PATH=/home/msi/caato2_ws/install/rosserial_client/lib/x86_64-linux-gnu/pkgconfig:/home/msi/caato2_ws/install/rosserial_client/lib/pkgconfig:/home/msi/caato2_ws/install/rosserial_msgs/lib/x86_64-linux-gnu/pkgconfig:/home/msi/caato2_ws/install/rosserial_msgs/lib/pkgconfig:${PKG_CONFIG_PATH} PYTHONPATH=/home/msi/caato2_ws/install/rosserial_client/lib/python3/dist-packages:/home/msi/caato2_ws/install/rosserial_msgs/lib/python3/dist-packages:${PYTHONPATH} ROS_PACKAGE_PATH=/home/msi/caato2_ws/install/rosserial_client/share:/home/msi/caato2_ws/install/rosserial_msgs/share:${ROS_PACKAGE_PATH} /usr/bin/cmake --build /home/msi/caato2_ws/build/rosserial_tivac --target tests -- -j20 -l20
[4.912s] [35m[1mScanning dependencies of target tests[0m
[4.935s] Built target tests
[4.992s] Invoked command in '/home/msi/caato2_ws/build/rosserial_tivac' returned '0': CMAKE_PREFIX_PATH=/home/msi/caato2_ws/install/rosserial_client:/home/msi/caato2_ws/install/rosserial_msgs:${CMAKE_PREFIX_PATH} PKG_CONFIG_PATH=/home/msi/caato2_ws/install/rosserial_client/lib/x86_64-linux-gnu/pkgconfig:/home/msi/caato2_ws/install/rosserial_client/lib/pkgconfig:/home/msi/caato2_ws/install/rosserial_msgs/lib/x86_64-linux-gnu/pkgconfig:/home/msi/caato2_ws/install/rosserial_msgs/lib/pkgconfig:${PKG_CONFIG_PATH} PYTHONPATH=/home/msi/caato2_ws/install/rosserial_client/lib/python3/dist-packages:/home/msi/caato2_ws/install/rosserial_msgs/lib/python3/dist-packages:${PYTHONPATH} ROS_PACKAGE_PATH=/home/msi/caato2_ws/install/rosserial_client/share:/home/msi/caato2_ws/install/rosserial_msgs/share:${ROS_PACKAGE_PATH} /usr/bin/cmake --build /home/msi/caato2_ws/build/rosserial_tivac --target tests -- -j20 -l20
[5.120s] Invoking command in '/home/msi/caato2_ws/build/rosserial_tivac': CMAKE_PREFIX_PATH=/home/msi/caato2_ws/install/rosserial_client:/home/msi/caato2_ws/install/rosserial_msgs:${CMAKE_PREFIX_PATH} PKG_CONFIG_PATH=/home/msi/caato2_ws/install/rosserial_client/lib/x86_64-linux-gnu/pkgconfig:/home/msi/caato2_ws/install/rosserial_client/lib/pkgconfig:/home/msi/caato2_ws/install/rosserial_msgs/lib/x86_64-linux-gnu/pkgconfig:/home/msi/caato2_ws/install/rosserial_msgs/lib/pkgconfig:${PKG_CONFIG_PATH} PYTHONPATH=/home/msi/caato2_ws/install/rosserial_client/lib/python3/dist-packages:/home/msi/caato2_ws/install/rosserial_msgs/lib/python3/dist-packages:${PYTHONPATH} ROS_PACKAGE_PATH=/home/msi/caato2_ws/install/rosserial_client/share:/home/msi/caato2_ws/install/rosserial_msgs/share:${ROS_PACKAGE_PATH} /usr/bin/cmake --install /home/msi/caato2_ws/build/rosserial_tivac
[5.166s] -- Install configuration: ""
[5.168s] -- Installing: /home/msi/caato2_ws/install/rosserial_tivac/lib/pkgconfig/rosserial_tivac.pc
[5.169s] -- Installing: /home/msi/caato2_ws/install/rosserial_tivac/share/rosserial_tivac/cmake/rosserial_tivac-extras.cmake
[5.169s] -- Installing: /home/msi/caato2_ws/install/rosserial_tivac/share/rosserial_tivac/cmake/rosserial_tivacConfig.cmake
[5.169s] -- Installing: /home/msi/caato2_ws/install/rosserial_tivac/share/rosserial_tivac/cmake/rosserial_tivacConfig-version.cmake
[5.169s] -- Installing: /home/msi/caato2_ws/install/rosserial_tivac/share/rosserial_tivac/package.xml
[5.169s] -- Installing: /home/msi/caato2_ws/install/rosserial_tivac/share/rosserial_tivac/src/ros_lib
[5.170s] -- Installing: /home/msi/caato2_ws/install/rosserial_tivac/share/rosserial_tivac/src/ros_lib/tivac_hardware.h
[5.170s] -- Installing: /home/msi/caato2_ws/install/rosserial_tivac/share/rosserial_tivac/src/ros_lib/startup_gcc.c
[5.170s] -- Installing: /home/msi/caato2_ws/install/rosserial_tivac/share/rosserial_tivac/src/ros_lib/tivac_hardware.cpp
[5.170s] -- Installing: /home/msi/caato2_ws/install/rosserial_tivac/share/rosserial_tivac/src/ros_lib/usb_serial_structs.c
[5.170s] -- Installing: /home/msi/caato2_ws/install/rosserial_tivac/share/rosserial_tivac/src/ros_lib/usb_serial_structs.h
[5.170s] -- Installing: /home/msi/caato2_ws/install/rosserial_tivac/share/rosserial_tivac/src/ros_lib/tivac_hardware_usb.h
[5.170s] -- Installing: /home/msi/caato2_ws/install/rosserial_tivac/share/rosserial_tivac/src/ros_lib/ros.h
[5.170s] -- Installing: /home/msi/caato2_ws/install/rosserial_tivac/share/rosserial_tivac/src/ros_lib_energia
[5.170s] -- Installing: /home/msi/caato2_ws/install/rosserial_tivac/share/rosserial_tivac/src/ros_lib_energia/tests
[5.170s] -- Installing: /home/msi/caato2_ws/install/rosserial_tivac/share/rosserial_tivac/src/ros_lib_energia/tests/time_test
[5.170s] -- Installing: /home/msi/caato2_ws/install/rosserial_tivac/share/rosserial_tivac/src/ros_lib_energia/tests/time_test/time_test.ino
[5.171s] -- Installing: /home/msi/caato2_ws/install/rosserial_tivac/share/rosserial_tivac/src/ros_lib_energia/tests/float64_test
[5.171s] -- Installing: /home/msi/caato2_ws/install/rosserial_tivac/share/rosserial_tivac/src/ros_lib_energia/tests/float64_test/float64_test.ino
[5.171s] -- Installing: /home/msi/caato2_ws/install/rosserial_tivac/share/rosserial_tivac/src/ros_lib_energia/tests/array_test
[5.171s] -- Installing: /home/msi/caato2_ws/install/rosserial_tivac/share/rosserial_tivac/src/ros_lib_energia/tests/array_test/test_data
[5.171s] -- Installing: /home/msi/caato2_ws/install/rosserial_tivac/share/rosserial_tivac/src/ros_lib_energia/tests/array_test/array_test.ino
[5.171s] -- Installing: /home/msi/caato2_ws/install/rosserial_tivac/share/rosserial_tivac/src/ros_lib_energia/examples
[5.171s] -- Installing: /home/msi/caato2_ws/install/rosserial_tivac/share/rosserial_tivac/src/ros_lib_energia/examples/rgb
[5.171s] -- Installing: /home/msi/caato2_ws/install/rosserial_tivac/share/rosserial_tivac/src/ros_lib_energia/examples/rgb/rgb.ino
[5.171s] -- Installing: /home/msi/caato2_ws/install/rosserial_tivac/share/rosserial_tivac/src/ros_lib_energia/examples/chatter
[5.171s] -- Installing: /home/msi/caato2_ws/install/rosserial_tivac/share/rosserial_tivac/src/ros_lib_energia/examples/chatter/chatter.ino
[5.171s] -- Installing: /home/msi/caato2_ws/install/rosserial_tivac/share/rosserial_tivac/src/ros_lib_energia/ros.h
[5.171s] -- Installing: /home/msi/caato2_ws/install/rosserial_tivac/share/rosserial_tivac/src/ros_lib_energia/TivaCHardware.h
[5.172s] -- Installing: /home/msi/caato2_ws/install/rosserial_tivac/share/rosserial_tivac/tivac-cmake
[5.172s] -- Installing: /home/msi/caato2_ws/install/rosserial_tivac/share/rosserial_tivac/tivac-cmake/cmake
[5.172s] -- Installing: /home/msi/caato2_ws/install/rosserial_tivac/share/rosserial_tivac/tivac-cmake/cmake/TivaCToolchain.cmake
[5.172s] -- Installing: /home/msi/caato2_ws/install/rosserial_tivac/share/rosserial_tivac/tivac-cmake/tiva.specs
[5.172s] -- Installing: /home/msi/caato2_ws/install/rosserial_tivac/share/rosserial_tivac/tivac-cmake/tm4c123g.ld
[5.172s] -- Installing: /home/msi/caato2_ws/install/rosserial_tivac/share/rosserial_tivac/tivac-cmake/tm4c1294.ld
[5.172s] -- Installing: /home/msi/caato2_ws/install/rosserial_tivac/share/rosserial_tivac/make_libraries_energia
[5.172s] -- Installing: /home/msi/caato2_ws/install/rosserial_tivac/share/rosserial_tivac/make_libraries_tiva
[5.237s] Invoked command in '/home/msi/caato2_ws/build/rosserial_tivac' returned '0': CMAKE_PREFIX_PATH=/home/msi/caato2_ws/install/rosserial_client:/home/msi/caato2_ws/install/rosserial_msgs:${CMAKE_PREFIX_PATH} PKG_CONFIG_PATH=/home/msi/caato2_ws/install/rosserial_client/lib/x86_64-linux-gnu/pkgconfig:/home/msi/caato2_ws/install/rosserial_client/lib/pkgconfig:/home/msi/caato2_ws/install/rosserial_msgs/lib/x86_64-linux-gnu/pkgconfig:/home/msi/caato2_ws/install/rosserial_msgs/lib/pkgconfig:${PKG_CONFIG_PATH} PYTHONPATH=/home/msi/caato2_ws/install/rosserial_client/lib/python3/dist-packages:/home/msi/caato2_ws/install/rosserial_msgs/lib/python3/dist-packages:${PYTHONPATH} ROS_PACKAGE_PATH=/home/msi/caato2_ws/install/rosserial_client/share:/home/msi/caato2_ws/install/rosserial_msgs/share:${ROS_PACKAGE_PATH} /usr/bin/cmake --install /home/msi/caato2_ws/build/rosserial_tivac
