[0.081s] Invoking command in '/home/msi/caato2_ws/build/rosserial_arduino': CMAKE_PREFIX_PATH=/home/msi/caato2_ws/install/rosserial_python:/home/msi/caato2_ws/install/rosserial_client:/home/msi/caato2_ws/install/rosserial_msgs:${CMAKE_PREFIX_PATH} PKG_CONFIG_PATH=/home/msi/caato2_ws/install/rosserial_python/lib/x86_64-linux-gnu/pkgconfig:/home/msi/caato2_ws/install/rosserial_python/lib/pkgconfig:/home/msi/caato2_ws/install/rosserial_client/lib/x86_64-linux-gnu/pkgconfig:/home/msi/caato2_ws/install/rosserial_client/lib/pkgconfig:/home/msi/caato2_ws/install/rosserial_msgs/lib/x86_64-linux-gnu/pkgconfig:/home/msi/caato2_ws/install/rosserial_msgs/lib/pkgconfig:${PKG_CONFIG_PATH} PYTHONPATH=/home/msi/caato2_ws/install/rosserial_python/lib/python3/dist-packages:/home/msi/caato2_ws/install/rosserial_client/lib/python3/dist-packages:/home/msi/caato2_ws/install/rosserial_msgs/lib/python3/dist-packages:${PYTHONPATH} ROS_PACKAGE_PATH=/home/msi/caato2_ws/install/rosserial_python/share:/home/msi/caato2_ws/install/rosserial_client/share:/home/msi/caato2_ws/install/rosserial_msgs/share:${ROS_PACKAGE_PATH} /usr/bin/cmake --build /home/msi/caato2_ws/build/rosserial_arduino -- -j20 -l20
[0.115s] [  0%] Built target _rosserial_arduino_generate_messages_check_deps_Test
[0.115s] [  0%] Built target _rosserial_arduino_generate_messages_check_deps_Adc
[0.128s] [ 76%] Built target rosserial_arduino_generate_messages_lisp
[0.128s] [ 76%] Built target rosserial_arduino_generate_messages_nodejs
[0.129s] [ 76%] Built target rosserial_arduino_generate_messages_eus
[0.130s] [ 84%] Built target rosserial_arduino_generate_messages_py
[0.130s] [100%] Built target rosserial_arduino_generate_messages_cpp
[0.141s] [100%] Built target rosserial_arduino_generate_messages
[0.169s] Invoked command in '/home/msi/caato2_ws/build/rosserial_arduino' returned '0': CMAKE_PREFIX_PATH=/home/msi/caato2_ws/install/rosserial_python:/home/msi/caato2_ws/install/rosserial_client:/home/msi/caato2_ws/install/rosserial_msgs:${CMAKE_PREFIX_PATH} PKG_CONFIG_PATH=/home/msi/caato2_ws/install/rosserial_python/lib/x86_64-linux-gnu/pkgconfig:/home/msi/caato2_ws/install/rosserial_python/lib/pkgconfig:/home/msi/caato2_ws/install/rosserial_client/lib/x86_64-linux-gnu/pkgconfig:/home/msi/caato2_ws/install/rosserial_client/lib/pkgconfig:/home/msi/caato2_ws/install/rosserial_msgs/lib/x86_64-linux-gnu/pkgconfig:/home/msi/caato2_ws/install/rosserial_msgs/lib/pkgconfig:${PKG_CONFIG_PATH} PYTHONPATH=/home/msi/caato2_ws/install/rosserial_python/lib/python3/dist-packages:/home/msi/caato2_ws/install/rosserial_client/lib/python3/dist-packages:/home/msi/caato2_ws/install/rosserial_msgs/lib/python3/dist-packages:${PYTHONPATH} ROS_PACKAGE_PATH=/home/msi/caato2_ws/install/rosserial_python/share:/home/msi/caato2_ws/install/rosserial_client/share:/home/msi/caato2_ws/install/rosserial_msgs/share:${ROS_PACKAGE_PATH} /usr/bin/cmake --build /home/msi/caato2_ws/build/rosserial_arduino -- -j20 -l20
[0.246s] Invoking command in '/home/msi/caato2_ws/build/rosserial_arduino': CMAKE_PREFIX_PATH=/home/msi/caato2_ws/install/rosserial_python:/home/msi/caato2_ws/install/rosserial_client:/home/msi/caato2_ws/install/rosserial_msgs:${CMAKE_PREFIX_PATH} PKG_CONFIG_PATH=/home/msi/caato2_ws/install/rosserial_python/lib/x86_64-linux-gnu/pkgconfig:/home/msi/caato2_ws/install/rosserial_python/lib/pkgconfig:/home/msi/caato2_ws/install/rosserial_client/lib/x86_64-linux-gnu/pkgconfig:/home/msi/caato2_ws/install/rosserial_client/lib/pkgconfig:/home/msi/caato2_ws/install/rosserial_msgs/lib/x86_64-linux-gnu/pkgconfig:/home/msi/caato2_ws/install/rosserial_msgs/lib/pkgconfig:${PKG_CONFIG_PATH} PYTHONPATH=/home/msi/caato2_ws/install/rosserial_python/lib/python3/dist-packages:/home/msi/caato2_ws/install/rosserial_client/lib/python3/dist-packages:/home/msi/caato2_ws/install/rosserial_msgs/lib/python3/dist-packages:${PYTHONPATH} ROS_PACKAGE_PATH=/home/msi/caato2_ws/install/rosserial_python/share:/home/msi/caato2_ws/install/rosserial_client/share:/home/msi/caato2_ws/install/rosserial_msgs/share:${ROS_PACKAGE_PATH} /usr/bin/cmake --build /home/msi/caato2_ws/build/rosserial_arduino --target tests -- -j20 -l20
[0.299s] Built target tests
[0.320s] Invoked command in '/home/msi/caato2_ws/build/rosserial_arduino' returned '0': CMAKE_PREFIX_PATH=/home/msi/caato2_ws/install/rosserial_python:/home/msi/caato2_ws/install/rosserial_client:/home/msi/caato2_ws/install/rosserial_msgs:${CMAKE_PREFIX_PATH} PKG_CONFIG_PATH=/home/msi/caato2_ws/install/rosserial_python/lib/x86_64-linux-gnu/pkgconfig:/home/msi/caato2_ws/install/rosserial_python/lib/pkgconfig:/home/msi/caato2_ws/install/rosserial_client/lib/x86_64-linux-gnu/pkgconfig:/home/msi/caato2_ws/install/rosserial_client/lib/pkgconfig:/home/msi/caato2_ws/install/rosserial_msgs/lib/x86_64-linux-gnu/pkgconfig:/home/msi/caato2_ws/install/rosserial_msgs/lib/pkgconfig:${PKG_CONFIG_PATH} PYTHONPATH=/home/msi/caato2_ws/install/rosserial_python/lib/python3/dist-packages:/home/msi/caato2_ws/install/rosserial_client/lib/python3/dist-packages:/home/msi/caato2_ws/install/rosserial_msgs/lib/python3/dist-packages:${PYTHONPATH} ROS_PACKAGE_PATH=/home/msi/caato2_ws/install/rosserial_python/share:/home/msi/caato2_ws/install/rosserial_client/share:/home/msi/caato2_ws/install/rosserial_msgs/share:${ROS_PACKAGE_PATH} /usr/bin/cmake --build /home/msi/caato2_ws/build/rosserial_arduino --target tests -- -j20 -l20
[0.381s] Invoking command in '/home/msi/caato2_ws/build/rosserial_arduino': CMAKE_PREFIX_PATH=/home/msi/caato2_ws/install/rosserial_python:/home/msi/caato2_ws/install/rosserial_client:/home/msi/caato2_ws/install/rosserial_msgs:${CMAKE_PREFIX_PATH} PKG_CONFIG_PATH=/home/msi/caato2_ws/install/rosserial_python/lib/x86_64-linux-gnu/pkgconfig:/home/msi/caato2_ws/install/rosserial_python/lib/pkgconfig:/home/msi/caato2_ws/install/rosserial_client/lib/x86_64-linux-gnu/pkgconfig:/home/msi/caato2_ws/install/rosserial_client/lib/pkgconfig:/home/msi/caato2_ws/install/rosserial_msgs/lib/x86_64-linux-gnu/pkgconfig:/home/msi/caato2_ws/install/rosserial_msgs/lib/pkgconfig:${PKG_CONFIG_PATH} PYTHONPATH=/home/msi/caato2_ws/install/rosserial_python/lib/python3/dist-packages:/home/msi/caato2_ws/install/rosserial_client/lib/python3/dist-packages:/home/msi/caato2_ws/install/rosserial_msgs/lib/python3/dist-packages:${PYTHONPATH} ROS_PACKAGE_PATH=/home/msi/caato2_ws/install/rosserial_python/share:/home/msi/caato2_ws/install/rosserial_client/share:/home/msi/caato2_ws/install/rosserial_msgs/share:${ROS_PACKAGE_PATH} /usr/bin/cmake --install /home/msi/caato2_ws/build/rosserial_arduino
[0.392s] -- Install configuration: ""
[0.392s] -- Up-to-date: /home/msi/caato2_ws/install/rosserial_arduino/share/rosserial_arduino/msg/Adc.msg
[0.392s] -- Up-to-date: /home/msi/caato2_ws/install/rosserial_arduino/share/rosserial_arduino/srv/Test.srv
[0.392s] + cd /home/msi/caato2_ws/src/thirdparty/rosserial/rosserial_arduino
[0.392s] + mkdir -p /home/msi/caato2_ws/install/rosserial_arduino/lib/python3/dist-packages
[0.392s] + /usr/bin/env PYTHONPATH=/home/msi/caato2_ws/install/rosserial_arduino/lib/python3/dist-packages:/home/msi/caato2_ws/build/rosserial_arduino/lib/python3/dist-packages:/home/msi/caato2_ws/install/rosserial_python/lib/python3/dist-packages:/home/msi/caato2_ws/install/rosserial_client/lib/python3/dist-packages:/home/msi/caato2_ws/install/rosserial_msgs/lib/python3/dist-packages:/opt/ros/noetic/lib/python3/dist-packages CATKIN_BINARY_DIR=/home/msi/caato2_ws/build/rosserial_arduino /usr/bin/python3 /home/msi/caato2_ws/src/thirdparty/rosserial/rosserial_arduino/setup.py build --build-base /home/msi/caato2_ws/build/rosserial_arduino install --root=/ --install-layout=deb --prefix=/home/msi/caato2_ws/install/rosserial_arduino --install-scripts=/home/msi/caato2_ws/install/rosserial_arduino/bin
[0.425s] running build
[0.425s] running build_py
[0.425s] running install
[0.426s] running install_lib
[0.428s] running install_egg_info
[0.429s] Removing /home/msi/caato2_ws/install/rosserial_arduino/lib/python3/dist-packages/rosserial_arduino-0.9.2.egg-info
[0.429s] Writing /home/msi/caato2_ws/install/rosserial_arduino/lib/python3/dist-packages/rosserial_arduino-0.9.2.egg-info
[0.434s] -- Up-to-date: /home/msi/caato2_ws/install/rosserial_arduino/share/rosserial_arduino/cmake/rosserial_arduino-msg-paths.cmake
[0.434s] -- Up-to-date: /home/msi/caato2_ws/install/rosserial_arduino/include/rosserial_arduino
[0.434s] -- Up-to-date: /home/msi/caato2_ws/install/rosserial_arduino/include/rosserial_arduino/TestResponse.h
[0.435s] -- Up-to-date: /home/msi/caato2_ws/install/rosserial_arduino/include/rosserial_arduino/Adc.h
[0.435s] -- Up-to-date: /home/msi/caato2_ws/install/rosserial_arduino/include/rosserial_arduino/TestRequest.h
[0.435s] -- Up-to-date: /home/msi/caato2_ws/install/rosserial_arduino/include/rosserial_arduino/Test.h
[0.435s] -- Up-to-date: /home/msi/caato2_ws/install/rosserial_arduino/share/roseus/ros/rosserial_arduino
[0.435s] -- Up-to-date: /home/msi/caato2_ws/install/rosserial_arduino/share/roseus/ros/rosserial_arduino/msg
[0.435s] -- Up-to-date: /home/msi/caato2_ws/install/rosserial_arduino/share/roseus/ros/rosserial_arduino/msg/Adc.l
[0.435s] -- Up-to-date: /home/msi/caato2_ws/install/rosserial_arduino/share/roseus/ros/rosserial_arduino/manifest.l
[0.435s] -- Up-to-date: /home/msi/caato2_ws/install/rosserial_arduino/share/roseus/ros/rosserial_arduino/srv
[0.435s] -- Up-to-date: /home/msi/caato2_ws/install/rosserial_arduino/share/roseus/ros/rosserial_arduino/srv/Test.l
[0.436s] -- Up-to-date: /home/msi/caato2_ws/install/rosserial_arduino/share/common-lisp/ros/rosserial_arduino
[0.436s] -- Up-to-date: /home/msi/caato2_ws/install/rosserial_arduino/share/common-lisp/ros/rosserial_arduino/msg
[0.437s] -- Up-to-date: /home/msi/caato2_ws/install/rosserial_arduino/share/common-lisp/ros/rosserial_arduino/msg/_package.lisp
[0.437s] -- Up-to-date: /home/msi/caato2_ws/install/rosserial_arduino/share/common-lisp/ros/rosserial_arduino/msg/rosserial_arduino-msg.asd
[0.438s] -- Up-to-date: /home/msi/caato2_ws/install/rosserial_arduino/share/common-lisp/ros/rosserial_arduino/msg/_package_Adc.lisp
[0.438s] -- Up-to-date: /home/msi/caato2_ws/install/rosserial_arduino/share/common-lisp/ros/rosserial_arduino/msg/Adc.lisp
[0.438s] -- Up-to-date: /home/msi/caato2_ws/install/rosserial_arduino/share/common-lisp/ros/rosserial_arduino/srv
[0.438s] -- Up-to-date: /home/msi/caato2_ws/install/rosserial_arduino/share/common-lisp/ros/rosserial_arduino/srv/_package.lisp
[0.438s] -- Up-to-date: /home/msi/caato2_ws/install/rosserial_arduino/share/common-lisp/ros/rosserial_arduino/srv/Test.lisp
[0.438s] -- Up-to-date: /home/msi/caato2_ws/install/rosserial_arduino/share/common-lisp/ros/rosserial_arduino/srv/_package_Test.lisp
[0.438s] -- Up-to-date: /home/msi/caato2_ws/install/rosserial_arduino/share/common-lisp/ros/rosserial_arduino/srv/rosserial_arduino-srv.asd
[0.438s] -- Up-to-date: /home/msi/caato2_ws/install/rosserial_arduino/share/gennodejs/ros/rosserial_arduino
[0.438s] -- Up-to-date: /home/msi/caato2_ws/install/rosserial_arduino/share/gennodejs/ros/rosserial_arduino/_index.js
[0.439s] -- Up-to-date: /home/msi/caato2_ws/install/rosserial_arduino/share/gennodejs/ros/rosserial_arduino/msg
[0.440s] -- Up-to-date: /home/msi/caato2_ws/install/rosserial_arduino/share/gennodejs/ros/rosserial_arduino/msg/_index.js
[0.440s] -- Up-to-date: /home/msi/caato2_ws/install/rosserial_arduino/share/gennodejs/ros/rosserial_arduino/msg/Adc.js
[0.440s] -- Up-to-date: /home/msi/caato2_ws/install/rosserial_arduino/share/gennodejs/ros/rosserial_arduino/srv
[0.441s] -- Up-to-date: /home/msi/caato2_ws/install/rosserial_arduino/share/gennodejs/ros/rosserial_arduino/srv/_index.js
[0.441s] -- Up-to-date: /home/msi/caato2_ws/install/rosserial_arduino/share/gennodejs/ros/rosserial_arduino/srv/Test.js
[0.462s] Listing '/home/msi/caato2_ws/build/rosserial_arduino/devel/lib/python3/dist-packages/rosserial_arduino'...
[0.462s] Listing '/home/msi/caato2_ws/build/rosserial_arduino/devel/lib/python3/dist-packages/rosserial_arduino/msg'...
[0.463s] Listing '/home/msi/caato2_ws/build/rosserial_arduino/devel/lib/python3/dist-packages/rosserial_arduino/srv'...
[0.463s] -- Up-to-date: /home/msi/caato2_ws/install/rosserial_arduino/lib/python3/dist-packages/rosserial_arduino
[0.463s] -- Up-to-date: /home/msi/caato2_ws/install/rosserial_arduino/lib/python3/dist-packages/rosserial_arduino/msg
[0.463s] -- Up-to-date: /home/msi/caato2_ws/install/rosserial_arduino/lib/python3/dist-packages/rosserial_arduino/msg/_Adc.py
[0.463s] -- Up-to-date: /home/msi/caato2_ws/install/rosserial_arduino/lib/python3/dist-packages/rosserial_arduino/msg/__pycache__
[0.463s] -- Up-to-date: /home/msi/caato2_ws/install/rosserial_arduino/lib/python3/dist-packages/rosserial_arduino/msg/__pycache__/__init__.cpython-38.pyc
[0.463s] -- Up-to-date: /home/msi/caato2_ws/install/rosserial_arduino/lib/python3/dist-packages/rosserial_arduino/msg/__pycache__/_Adc.cpython-38.pyc
[0.464s] -- Up-to-date: /home/msi/caato2_ws/install/rosserial_arduino/lib/python3/dist-packages/rosserial_arduino/srv
[0.464s] -- Up-to-date: /home/msi/caato2_ws/install/rosserial_arduino/lib/python3/dist-packages/rosserial_arduino/srv/_Test.py
[0.464s] -- Up-to-date: /home/msi/caato2_ws/install/rosserial_arduino/lib/python3/dist-packages/rosserial_arduino/srv/__pycache__
[0.465s] -- Up-to-date: /home/msi/caato2_ws/install/rosserial_arduino/lib/python3/dist-packages/rosserial_arduino/srv/__pycache__/__init__.cpython-38.pyc
[0.465s] -- Up-to-date: /home/msi/caato2_ws/install/rosserial_arduino/lib/python3/dist-packages/rosserial_arduino/srv/__pycache__/_Test.cpython-38.pyc
[0.465s] -- Up-to-date: /home/msi/caato2_ws/install/rosserial_arduino/lib/python3/dist-packages/rosserial_arduino/__pycache__
[0.465s] -- Up-to-date: /home/msi/caato2_ws/install/rosserial_arduino/lib/python3/dist-packages/rosserial_arduino/__pycache__/__init__.cpython-38.pyc
[0.465s] -- Up-to-date: /home/msi/caato2_ws/install/rosserial_arduino/lib/python3/dist-packages/rosserial_arduino
[0.465s] -- Up-to-date: /home/msi/caato2_ws/install/rosserial_arduino/lib/python3/dist-packages/rosserial_arduino/msg
[0.465s] -- Up-to-date: /home/msi/caato2_ws/install/rosserial_arduino/lib/python3/dist-packages/rosserial_arduino/msg/__init__.py
[0.466s] -- Up-to-date: /home/msi/caato2_ws/install/rosserial_arduino/lib/python3/dist-packages/rosserial_arduino/msg/__pycache__
[0.466s] -- Up-to-date: /home/msi/caato2_ws/install/rosserial_arduino/lib/python3/dist-packages/rosserial_arduino/srv
[0.466s] -- Up-to-date: /home/msi/caato2_ws/install/rosserial_arduino/lib/python3/dist-packages/rosserial_arduino/srv/__init__.py
[0.466s] -- Up-to-date: /home/msi/caato2_ws/install/rosserial_arduino/lib/python3/dist-packages/rosserial_arduino/srv/__pycache__
[0.466s] -- Up-to-date: /home/msi/caato2_ws/install/rosserial_arduino/lib/python3/dist-packages/rosserial_arduino/__pycache__
[0.466s] -- Up-to-date: /home/msi/caato2_ws/install/rosserial_arduino/lib/pkgconfig/rosserial_arduino.pc
[0.466s] -- Up-to-date: /home/msi/caato2_ws/install/rosserial_arduino/share/rosserial_arduino/cmake/rosserial_arduino-msg-extras.cmake
[0.466s] -- Up-to-date: /home/msi/caato2_ws/install/rosserial_arduino/share/rosserial_arduino/cmake/rosserial_arduino-extras.cmake
[0.467s] -- Up-to-date: /home/msi/caato2_ws/install/rosserial_arduino/share/rosserial_arduino/cmake/rosserial_arduinoConfig.cmake
[0.467s] -- Up-to-date: /home/msi/caato2_ws/install/rosserial_arduino/share/rosserial_arduino/cmake/rosserial_arduinoConfig-version.cmake
[0.467s] -- Up-to-date: /home/msi/caato2_ws/install/rosserial_arduino/share/rosserial_arduino/package.xml
[0.467s] -- Up-to-date: /home/msi/caato2_ws/install/rosserial_arduino/share/rosserial_arduino/src/ros_lib
[0.467s] -- Up-to-date: /home/msi/caato2_ws/install/rosserial_arduino/share/rosserial_arduino/src/ros_lib/ArduinoHardware.h
[0.468s] -- Up-to-date: /home/msi/caato2_ws/install/rosserial_arduino/share/rosserial_arduino/src/ros_lib/ArduinoTcpHardware.h
[0.469s] -- Up-to-date: /home/msi/caato2_ws/install/rosserial_arduino/share/rosserial_arduino/src/ros_lib/tests
[0.469s] -- Up-to-date: /home/msi/caato2_ws/install/rosserial_arduino/share/rosserial_arduino/src/ros_lib/tests/time_test
[0.469s] -- Up-to-date: /home/msi/caato2_ws/install/rosserial_arduino/share/rosserial_arduino/src/ros_lib/tests/time_test/time_test.pde
[0.469s] -- Up-to-date: /home/msi/caato2_ws/install/rosserial_arduino/share/rosserial_arduino/src/ros_lib/tests/float64_test
[0.469s] -- Up-to-date: /home/msi/caato2_ws/install/rosserial_arduino/share/rosserial_arduino/src/ros_lib/tests/float64_test/float64_test.pde
[0.469s] -- Up-to-date: /home/msi/caato2_ws/install/rosserial_arduino/share/rosserial_arduino/src/ros_lib/tests/array_test
[0.469s] -- Up-to-date: /home/msi/caato2_ws/install/rosserial_arduino/share/rosserial_arduino/src/ros_lib/tests/array_test/array_test.pde
[0.469s] -- Up-to-date: /home/msi/caato2_ws/install/rosserial_arduino/share/rosserial_arduino/src/ros_lib/examples
[0.469s] -- Up-to-date: /home/msi/caato2_ws/install/rosserial_arduino/share/rosserial_arduino/src/ros_lib/examples/BlinkM
[0.469s] -- Up-to-date: /home/msi/caato2_ws/install/rosserial_arduino/share/rosserial_arduino/src/ros_lib/examples/BlinkM/BlinkM.pde
[0.469s] -- Up-to-date: /home/msi/caato2_ws/install/rosserial_arduino/share/rosserial_arduino/src/ros_lib/examples/BlinkM/BlinkM_funcs.h
[0.470s] -- Up-to-date: /home/msi/caato2_ws/install/rosserial_arduino/share/rosserial_arduino/src/ros_lib/examples/pubsub
[0.470s] -- Up-to-date: /home/msi/caato2_ws/install/rosserial_arduino/share/rosserial_arduino/src/ros_lib/examples/pubsub/pubsub.pde
[0.471s] -- Up-to-date: /home/msi/caato2_ws/install/rosserial_arduino/share/rosserial_arduino/src/ros_lib/examples/Logging
[0.471s] -- Up-to-date: /home/msi/caato2_ws/install/rosserial_arduino/share/rosserial_arduino/src/ros_lib/examples/Logging/Logging.pde
[0.471s] -- Up-to-date: /home/msi/caato2_ws/install/rosserial_arduino/share/rosserial_arduino/src/ros_lib/examples/ServoControl
[0.471s] -- Up-to-date: /home/msi/caato2_ws/install/rosserial_arduino/share/rosserial_arduino/src/ros_lib/examples/ServoControl/ServoControl.pde
[0.471s] -- Up-to-date: /home/msi/caato2_ws/install/rosserial_arduino/share/rosserial_arduino/src/ros_lib/examples/ADC
[0.471s] -- Up-to-date: /home/msi/caato2_ws/install/rosserial_arduino/share/rosserial_arduino/src/ros_lib/examples/ADC/ADC.pde
[0.472s] -- Up-to-date: /home/msi/caato2_ws/install/rosserial_arduino/share/rosserial_arduino/src/ros_lib/examples/Blink
[0.472s] -- Up-to-date: /home/msi/caato2_ws/install/rosserial_arduino/share/rosserial_arduino/src/ros_lib/examples/Blink/Blink.pde
[0.472s] -- Up-to-date: /home/msi/caato2_ws/install/rosserial_arduino/share/rosserial_arduino/src/ros_lib/examples/Clapper
[0.472s] -- Up-to-date: /home/msi/caato2_ws/install/rosserial_arduino/share/rosserial_arduino/src/ros_lib/examples/Clapper/Clapper.pde
[0.472s] -- Up-to-date: /home/msi/caato2_ws/install/rosserial_arduino/share/rosserial_arduino/src/ros_lib/examples/IrRanger
[0.472s] -- Up-to-date: /home/msi/caato2_ws/install/rosserial_arduino/share/rosserial_arduino/src/ros_lib/examples/IrRanger/IrRanger.pde
[0.473s] -- Up-to-date: /home/msi/caato2_ws/install/rosserial_arduino/share/rosserial_arduino/src/ros_lib/examples/TimeTF
[0.473s] -- Up-to-date: /home/msi/caato2_ws/install/rosserial_arduino/share/rosserial_arduino/src/ros_lib/examples/TimeTF/TimeTF.pde
[0.474s] -- Up-to-date: /home/msi/caato2_ws/install/rosserial_arduino/share/rosserial_arduino/src/ros_lib/examples/HelloWorld
[0.474s] -- Up-to-date: /home/msi/caato2_ws/install/rosserial_arduino/share/rosserial_arduino/src/ros_lib/examples/HelloWorld/HelloWorld.pde
[0.474s] -- Up-to-date: /home/msi/caato2_ws/install/rosserial_arduino/share/rosserial_arduino/src/ros_lib/examples/Temperature
[0.474s] -- Up-to-date: /home/msi/caato2_ws/install/rosserial_arduino/share/rosserial_arduino/src/ros_lib/examples/Temperature/Temperature.pde
[0.474s] -- Up-to-date: /home/msi/caato2_ws/install/rosserial_arduino/share/rosserial_arduino/src/ros_lib/examples/TcpBlink
[0.474s] -- Up-to-date: /home/msi/caato2_ws/install/rosserial_arduino/share/rosserial_arduino/src/ros_lib/examples/TcpBlink/TcpBlink.ino
[0.474s] -- Up-to-date: /home/msi/caato2_ws/install/rosserial_arduino/share/rosserial_arduino/src/ros_lib/examples/Odom
[0.474s] -- Up-to-date: /home/msi/caato2_ws/install/rosserial_arduino/share/rosserial_arduino/src/ros_lib/examples/Odom/Odom.pde
[0.475s] -- Up-to-date: /home/msi/caato2_ws/install/rosserial_arduino/share/rosserial_arduino/src/ros_lib/examples/button_example
[0.475s] -- Up-to-date: /home/msi/caato2_ws/install/rosserial_arduino/share/rosserial_arduino/src/ros_lib/examples/button_example/button_example.pde
[0.475s] -- Up-to-date: /home/msi/caato2_ws/install/rosserial_arduino/share/rosserial_arduino/src/ros_lib/examples/ServiceServer
[0.476s] -- Up-to-date: /home/msi/caato2_ws/install/rosserial_arduino/share/rosserial_arduino/src/ros_lib/examples/ServiceServer/ServiceServer.pde
[0.476s] -- Up-to-date: /home/msi/caato2_ws/install/rosserial_arduino/share/rosserial_arduino/src/ros_lib/examples/Esp8266HelloWorld
[0.477s] -- Up-to-date: /home/msi/caato2_ws/install/rosserial_arduino/share/rosserial_arduino/src/ros_lib/examples/Esp8266HelloWorld/Esp8266HelloWorld.ino
[0.477s] -- Up-to-date: /home/msi/caato2_ws/install/rosserial_arduino/share/rosserial_arduino/src/ros_lib/examples/BlinkerWithClass
[0.477s] -- Up-to-date: /home/msi/caato2_ws/install/rosserial_arduino/share/rosserial_arduino/src/ros_lib/examples/BlinkerWithClass/BlinkerWithClass.ino
[0.477s] -- Up-to-date: /home/msi/caato2_ws/install/rosserial_arduino/share/rosserial_arduino/src/ros_lib/examples/Ultrasound
[0.477s] -- Up-to-date: /home/msi/caato2_ws/install/rosserial_arduino/share/rosserial_arduino/src/ros_lib/examples/Ultrasound/Ultrasound.pde
[0.477s] -- Up-to-date: /home/msi/caato2_ws/install/rosserial_arduino/share/rosserial_arduino/src/ros_lib/examples/TcpHelloWorld
[0.477s] -- Up-to-date: /home/msi/caato2_ws/install/rosserial_arduino/share/rosserial_arduino/src/ros_lib/examples/TcpHelloWorld/TcpHelloWorld.ino
[0.478s] -- Up-to-date: /home/msi/caato2_ws/install/rosserial_arduino/share/rosserial_arduino/src/ros_lib/examples/ServiceClient
[0.478s] -- Up-to-date: /home/msi/caato2_ws/install/rosserial_arduino/share/rosserial_arduino/src/ros_lib/examples/ServiceClient/ServiceClient.pde
[0.478s] -- Up-to-date: /home/msi/caato2_ws/install/rosserial_arduino/share/rosserial_arduino/src/ros_lib/examples/ServiceClient/client.py
[0.478s] -- Up-to-date: /home/msi/caato2_ws/install/rosserial_arduino/share/rosserial_arduino/src/ros_lib/ros.h
[0.479s] -- Up-to-date: /home/msi/caato2_ws/install/rosserial_arduino/share/rosserial_arduino/arduino-cmake
[0.479s] -- Up-to-date: /home/msi/caato2_ws/install/rosserial_arduino/share/rosserial_arduino/arduino-cmake/cmake
[0.479s] -- Up-to-date: /home/msi/caato2_ws/install/rosserial_arduino/share/rosserial_arduino/arduino-cmake/cmake/ArduinoToolchain.cmake
[0.480s] -- Up-to-date: /home/msi/caato2_ws/install/rosserial_arduino/share/rosserial_arduino/arduino-cmake/cmake/Platform
[0.480s] -- Up-to-date: /home/msi/caato2_ws/install/rosserial_arduino/share/rosserial_arduino/arduino-cmake/cmake/Platform/Arduino.cmake
[0.480s] -- Up-to-date: /home/msi/caato2_ws/install/rosserial_arduino/lib/rosserial_arduino/make_libraries.py
[0.480s] -- Up-to-date: /home/msi/caato2_ws/install/rosserial_arduino/lib/rosserial_arduino/serial_node.py
[0.483s] Invoked command in '/home/msi/caato2_ws/build/rosserial_arduino' returned '0': CMAKE_PREFIX_PATH=/home/msi/caato2_ws/install/rosserial_python:/home/msi/caato2_ws/install/rosserial_client:/home/msi/caato2_ws/install/rosserial_msgs:${CMAKE_PREFIX_PATH} PKG_CONFIG_PATH=/home/msi/caato2_ws/install/rosserial_python/lib/x86_64-linux-gnu/pkgconfig:/home/msi/caato2_ws/install/rosserial_python/lib/pkgconfig:/home/msi/caato2_ws/install/rosserial_client/lib/x86_64-linux-gnu/pkgconfig:/home/msi/caato2_ws/install/rosserial_client/lib/pkgconfig:/home/msi/caato2_ws/install/rosserial_msgs/lib/x86_64-linux-gnu/pkgconfig:/home/msi/caato2_ws/install/rosserial_msgs/lib/pkgconfig:${PKG_CONFIG_PATH} PYTHONPATH=/home/msi/caato2_ws/install/rosserial_python/lib/python3/dist-packages:/home/msi/caato2_ws/install/rosserial_client/lib/python3/dist-packages:/home/msi/caato2_ws/install/rosserial_msgs/lib/python3/dist-packages:${PYTHONPATH} ROS_PACKAGE_PATH=/home/msi/caato2_ws/install/rosserial_python/share:/home/msi/caato2_ws/install/rosserial_client/share:/home/msi/caato2_ws/install/rosserial_msgs/share:${ROS_PACKAGE_PATH} /usr/bin/cmake --install /home/msi/caato2_ws/build/rosserial_arduino
