[0.124s] Invoking command in '/home/msi/caato2_ws/build/rosserial_msgs': /usr/bin/cmake --build /home/msi/caato2_ws/build/rosserial_msgs -- -j20 -l20
[0.338s] [  0%] Built target _rosserial_msgs_generate_messages_check_deps_TopicInfo
[0.338s] [  0%] Built target _rosserial_msgs_generate_messages_check_deps_RequestParam
[0.338s] [  0%] Built target _rosserial_msgs_generate_messages_check_deps_Log
[0.338s] [ 27%] Built target rosserial_msgs_generate_messages_py
[0.338s] [ 44%] Built target rosserial_msgs_generate_messages_cpp
[0.339s] [ 61%] Built target rosserial_msgs_generate_messages_nodejs
[0.349s] [ 77%] Built target rosserial_msgs_generate_messages_lisp
[0.352s] [100%] Built target rosserial_msgs_generate_messages_eus
[0.381s] [100%] Built target rosserial_msgs_generate_messages
[0.587s] Invoked command in '/home/msi/caato2_ws/build/rosserial_msgs' returned '0': /usr/bin/cmake --build /home/msi/caato2_ws/build/rosserial_msgs -- -j20 -l20
[0.733s] Invoking command in '/home/msi/caato2_ws/build/rosserial_msgs': /usr/bin/cmake --build /home/msi/caato2_ws/build/rosserial_msgs --target tests -- -j20 -l20
[0.807s] Built target tests
[0.865s] Invoked command in '/home/msi/caato2_ws/build/rosserial_msgs' returned '0': /usr/bin/cmake --build /home/msi/caato2_ws/build/rosserial_msgs --target tests -- -j20 -l20
[0.960s] Invoking command in '/home/msi/caato2_ws/build/rosserial_msgs': /usr/bin/cmake --install /home/msi/caato2_ws/build/rosserial_msgs
[0.978s] -- Install configuration: ""
[0.979s] -- Up-to-date: /home/msi/caato2_ws/install/rosserial_msgs/share/rosserial_msgs/msg/Log.msg
[0.979s] -- Up-to-date: /home/msi/caato2_ws/install/rosserial_msgs/share/rosserial_msgs/msg/TopicInfo.msg
[0.979s] -- Up-to-date: /home/msi/caato2_ws/install/rosserial_msgs/share/rosserial_msgs/srv/RequestParam.srv
[0.979s] -- Up-to-date: /home/msi/caato2_ws/install/rosserial_msgs/share/rosserial_msgs/cmake/rosserial_msgs-msg-paths.cmake
[0.979s] -- Up-to-date: /home/msi/caato2_ws/install/rosserial_msgs/include/rosserial_msgs
[0.979s] -- Up-to-date: /home/msi/caato2_ws/install/rosserial_msgs/include/rosserial_msgs/RequestParam.h
[0.979s] -- Up-to-date: /home/msi/caato2_ws/install/rosserial_msgs/include/rosserial_msgs/TopicInfo.h
[0.979s] -- Up-to-date: /home/msi/caato2_ws/install/rosserial_msgs/include/rosserial_msgs/RequestParamRequest.h
[0.979s] -- Up-to-date: /home/msi/caato2_ws/install/rosserial_msgs/include/rosserial_msgs/RequestParamResponse.h
[0.980s] -- Up-to-date: /home/msi/caato2_ws/install/rosserial_msgs/include/rosserial_msgs/Log.h
[0.980s] -- Up-to-date: /home/msi/caato2_ws/install/rosserial_msgs/share/roseus/ros/rosserial_msgs
[0.980s] -- Up-to-date: /home/msi/caato2_ws/install/rosserial_msgs/share/roseus/ros/rosserial_msgs/msg
[0.980s] -- Up-to-date: /home/msi/caato2_ws/install/rosserial_msgs/share/roseus/ros/rosserial_msgs/msg/Log.l
[0.980s] -- Up-to-date: /home/msi/caato2_ws/install/rosserial_msgs/share/roseus/ros/rosserial_msgs/msg/TopicInfo.l
[0.981s] -- Up-to-date: /home/msi/caato2_ws/install/rosserial_msgs/share/roseus/ros/rosserial_msgs/manifest.l
[0.981s] -- Up-to-date: /home/msi/caato2_ws/install/rosserial_msgs/share/roseus/ros/rosserial_msgs/srv
[0.981s] -- Up-to-date: /home/msi/caato2_ws/install/rosserial_msgs/share/roseus/ros/rosserial_msgs/srv/RequestParam.l
[0.981s] -- Up-to-date: /home/msi/caato2_ws/install/rosserial_msgs/share/common-lisp/ros/rosserial_msgs
[0.981s] -- Up-to-date: /home/msi/caato2_ws/install/rosserial_msgs/share/common-lisp/ros/rosserial_msgs/msg
[0.981s] -- Up-to-date: /home/msi/caato2_ws/install/rosserial_msgs/share/common-lisp/ros/rosserial_msgs/msg/_package.lisp
[0.981s] -- Up-to-date: /home/msi/caato2_ws/install/rosserial_msgs/share/common-lisp/ros/rosserial_msgs/msg/rosserial_msgs-msg.asd
[0.981s] -- Up-to-date: /home/msi/caato2_ws/install/rosserial_msgs/share/common-lisp/ros/rosserial_msgs/msg/Log.lisp
[0.981s] -- Up-to-date: /home/msi/caato2_ws/install/rosserial_msgs/share/common-lisp/ros/rosserial_msgs/msg/TopicInfo.lisp
[0.982s] -- Up-to-date: /home/msi/caato2_ws/install/rosserial_msgs/share/common-lisp/ros/rosserial_msgs/msg/_package_Log.lisp
[0.982s] -- Up-to-date: /home/msi/caato2_ws/install/rosserial_msgs/share/common-lisp/ros/rosserial_msgs/msg/_package_TopicInfo.lisp
[0.982s] -- Up-to-date: /home/msi/caato2_ws/install/rosserial_msgs/share/common-lisp/ros/rosserial_msgs/srv
[0.982s] -- Up-to-date: /home/msi/caato2_ws/install/rosserial_msgs/share/common-lisp/ros/rosserial_msgs/srv/_package.lisp
[0.982s] -- Up-to-date: /home/msi/caato2_ws/install/rosserial_msgs/share/common-lisp/ros/rosserial_msgs/srv/rosserial_msgs-srv.asd
[0.982s] -- Up-to-date: /home/msi/caato2_ws/install/rosserial_msgs/share/common-lisp/ros/rosserial_msgs/srv/_package_RequestParam.lisp
[0.983s] -- Up-to-date: /home/msi/caato2_ws/install/rosserial_msgs/share/common-lisp/ros/rosserial_msgs/srv/RequestParam.lisp
[0.983s] -- Up-to-date: /home/msi/caato2_ws/install/rosserial_msgs/share/gennodejs/ros/rosserial_msgs
[0.983s] -- Up-to-date: /home/msi/caato2_ws/install/rosserial_msgs/share/gennodejs/ros/rosserial_msgs/_index.js
[0.983s] -- Up-to-date: /home/msi/caato2_ws/install/rosserial_msgs/share/gennodejs/ros/rosserial_msgs/msg
[0.983s] -- Up-to-date: /home/msi/caato2_ws/install/rosserial_msgs/share/gennodejs/ros/rosserial_msgs/msg/TopicInfo.js
[0.983s] -- Up-to-date: /home/msi/caato2_ws/install/rosserial_msgs/share/gennodejs/ros/rosserial_msgs/msg/_index.js
[0.983s] -- Up-to-date: /home/msi/caato2_ws/install/rosserial_msgs/share/gennodejs/ros/rosserial_msgs/msg/Log.js
[0.984s] -- Up-to-date: /home/msi/caato2_ws/install/rosserial_msgs/share/gennodejs/ros/rosserial_msgs/srv
[0.984s] -- Up-to-date: /home/msi/caato2_ws/install/rosserial_msgs/share/gennodejs/ros/rosserial_msgs/srv/_index.js
[0.985s] -- Up-to-date: /home/msi/caato2_ws/install/rosserial_msgs/share/gennodejs/ros/rosserial_msgs/srv/RequestParam.js
[1.000s] Listing '/home/msi/caato2_ws/build/rosserial_msgs/devel/lib/python3/dist-packages/rosserial_msgs'...
[1.000s] Listing '/home/msi/caato2_ws/build/rosserial_msgs/devel/lib/python3/dist-packages/rosserial_msgs/msg'...
[1.000s] Listing '/home/msi/caato2_ws/build/rosserial_msgs/devel/lib/python3/dist-packages/rosserial_msgs/srv'...
[1.000s] -- Up-to-date: /home/msi/caato2_ws/install/rosserial_msgs/lib/python3/dist-packages/rosserial_msgs
[1.000s] -- Up-to-date: /home/msi/caato2_ws/install/rosserial_msgs/lib/python3/dist-packages/rosserial_msgs/msg
[1.000s] -- Up-to-date: /home/msi/caato2_ws/install/rosserial_msgs/lib/python3/dist-packages/rosserial_msgs/msg/_TopicInfo.py
[1.000s] -- Up-to-date: /home/msi/caato2_ws/install/rosserial_msgs/lib/python3/dist-packages/rosserial_msgs/msg/_Log.py
[1.000s] -- Up-to-date: /home/msi/caato2_ws/install/rosserial_msgs/lib/python3/dist-packages/rosserial_msgs/msg/__init__.py
[1.001s] -- Up-to-date: /home/msi/caato2_ws/install/rosserial_msgs/lib/python3/dist-packages/rosserial_msgs/msg/__pycache__
[1.001s] -- Up-to-date: /home/msi/caato2_ws/install/rosserial_msgs/lib/python3/dist-packages/rosserial_msgs/msg/__pycache__/_Log.cpython-38.pyc
[1.001s] -- Up-to-date: /home/msi/caato2_ws/install/rosserial_msgs/lib/python3/dist-packages/rosserial_msgs/msg/__pycache__/_TopicInfo.cpython-38.pyc
[1.001s] -- Up-to-date: /home/msi/caato2_ws/install/rosserial_msgs/lib/python3/dist-packages/rosserial_msgs/msg/__pycache__/__init__.cpython-38.pyc
[1.001s] -- Up-to-date: /home/msi/caato2_ws/install/rosserial_msgs/lib/python3/dist-packages/rosserial_msgs/srv
[1.001s] -- Up-to-date: /home/msi/caato2_ws/install/rosserial_msgs/lib/python3/dist-packages/rosserial_msgs/srv/_RequestParam.py
[1.001s] -- Up-to-date: /home/msi/caato2_ws/install/rosserial_msgs/lib/python3/dist-packages/rosserial_msgs/srv/__init__.py
[1.002s] -- Up-to-date: /home/msi/caato2_ws/install/rosserial_msgs/lib/python3/dist-packages/rosserial_msgs/srv/__pycache__
[1.002s] -- Up-to-date: /home/msi/caato2_ws/install/rosserial_msgs/lib/python3/dist-packages/rosserial_msgs/srv/__pycache__/_RequestParam.cpython-38.pyc
[1.002s] -- Up-to-date: /home/msi/caato2_ws/install/rosserial_msgs/lib/python3/dist-packages/rosserial_msgs/srv/__pycache__/__init__.cpython-38.pyc
[1.002s] -- Up-to-date: /home/msi/caato2_ws/install/rosserial_msgs/lib/python3/dist-packages/rosserial_msgs/__init__.py
[1.002s] -- Up-to-date: /home/msi/caato2_ws/install/rosserial_msgs/lib/python3/dist-packages/rosserial_msgs/__pycache__
[1.003s] -- Up-to-date: /home/msi/caato2_ws/install/rosserial_msgs/lib/python3/dist-packages/rosserial_msgs/__pycache__/__init__.cpython-38.pyc
[1.003s] -- Up-to-date: /home/msi/caato2_ws/install/rosserial_msgs/lib/pkgconfig/rosserial_msgs.pc
[1.003s] -- Up-to-date: /home/msi/caato2_ws/install/rosserial_msgs/share/rosserial_msgs/cmake/rosserial_msgs-msg-extras.cmake
[1.003s] -- Up-to-date: /home/msi/caato2_ws/install/rosserial_msgs/share/rosserial_msgs/cmake/rosserial_msgsConfig.cmake
[1.003s] -- Up-to-date: /home/msi/caato2_ws/install/rosserial_msgs/share/rosserial_msgs/cmake/rosserial_msgsConfig-version.cmake
[1.004s] -- Up-to-date: /home/msi/caato2_ws/install/rosserial_msgs/share/rosserial_msgs/package.xml
[1.164s] Invoked command in '/home/msi/caato2_ws/build/rosserial_msgs' returned '0': /usr/bin/cmake --install /home/msi/caato2_ws/build/rosserial_msgs
