[0.005s] Invoking command in '/home/msi/caato2_ws/build/pcl_ros': CMAKE_PREFIX_PATH=/home/msi/caato2_ws/install/pcl_conversions:${CMAKE_PREFIX_PATH} PKG_CONFIG_PATH=/home/msi/caato2_ws/install/pcl_conversions/lib/x86_64-linux-gnu/pkgconfig:/home/msi/caato2_ws/install/pcl_conversions/lib/pkgconfig:${PKG_CONFIG_PATH} ROS_PACKAGE_PATH=/home/msi/caato2_ws/install/pcl_conversions/share:${ROS_PACKAGE_PATH} /usr/bin/cmake /home/msi/caato2_ws/src/siot/perception_pcl/pcl_ros -DCATKIN_INSTALL_INTO_PREFIX_ROOT=0 -DCMAKE_INSTALL_PREFIX=/home/msi/caato2_ws/install/pcl_ros
[0.042s] -- The C compiler identification is GNU 8.4.0
[0.080s] -- The CXX compiler identification is GNU 8.4.0
[0.084s] -- Check for working C compiler: /usr/bin/cc
[0.123s] -- Check for working C compiler: /usr/bin/cc -- works
[0.124s] -- Detecting C compiler ABI info
[0.174s] -- Detecting C compiler ABI info - done
[0.187s] -- Detecting C compile features
[0.188s] -- Detecting C compile features - done
[0.191s] -- Check for working CXX compiler: /usr/bin/c++
[0.256s] -- Check for working CXX compiler: /usr/bin/c++ -- works
[0.257s] -- Detecting CXX compiler ABI info
[0.354s] -- Detecting CXX compiler ABI info - done
[0.372s] -- Detecting CXX compile features
[0.372s] -- Detecting CXX compile features - done
[0.373s] CMake Error at CMakeLists.txt:11 (find_package):
[0.374s]   Could not find a package configuration file provided by "PCL" (requested
[0.374s]   version 1.9) with any of the following names:
[0.374s] 
[0.374s]     PCLConfig.cmake
[0.374s]     pcl-config.cmake
[0.374s] 
[0.374s]   Add the installation prefix of "PCL" to CMAKE_PREFIX_PATH or set "PCL_DIR"
[0.374s]   to a directory containing one of the above files.  If "PCL" provides a
[0.374s]   separate development package or SDK, be sure it has been installed.
[0.374s] 
[0.374s] 
[0.374s] -- Configuring incomplete, errors occurred!
[0.374s] See also "/home/msi/caato2_ws/build/pcl_ros/CMakeFiles/CMakeOutput.log".
[0.376s] Invoked command in '/home/msi/caato2_ws/build/pcl_ros' returned '1': CMAKE_PREFIX_PATH=/home/msi/caato2_ws/install/pcl_conversions:${CMAKE_PREFIX_PATH} PKG_CONFIG_PATH=/home/msi/caato2_ws/install/pcl_conversions/lib/x86_64-linux-gnu/pkgconfig:/home/msi/caato2_ws/install/pcl_conversions/lib/pkgconfig:${PKG_CONFIG_PATH} ROS_PACKAGE_PATH=/home/msi/caato2_ws/install/pcl_conversions/share:${ROS_PACKAGE_PATH} /usr/bin/cmake /home/msi/caato2_ws/src/siot/perception_pcl/pcl_ros -DCATKIN_INSTALL_INTO_PREFIX_ROOT=0 -DCMAKE_INSTALL_PREFIX=/home/msi/caato2_ws/install/pcl_ros
