[0.152s] Invoking command in '/home/msi/caato2_ws/build/device_diagnostics': /usr/bin/cmake --build /home/msi/caato2_ws/build/device_diagnostics -- -j20 -l20
[0.343s] [  0%] Built target std_msgs_generate_messages_eus
[0.360s] [  0%] Built target std_msgs_generate_messages_nodejs
[0.363s] [  0%] Built target std_msgs_generate_messages_cpp
[0.373s] [  0%] Built target std_msgs_generate_messages_py
[0.387s] [  0%] Built target _device_diagnostics_generate_messages_check_deps_device_connection
[0.387s] [ 22%] Built target device_status_checker_node
[0.396s] [ 22%] Built target std_msgs_generate_messages_lisp
[0.415s] [ 44%] Built target device_diagnostics_generate_messages_eus
[0.420s] [ 55%] Built target device_diagnostics_generate_messages_cpp
[0.430s] [ 77%] Built target device_diagnostics_generate_messages_py
[0.432s] [ 88%] Built target device_diagnostics_generate_messages_nodejs
[0.441s] [100%] Built target device_diagnostics_generate_messages_lisp
[0.493s] [100%] Built target device_diagnostics_generate_messages
[0.518s] Invoked command in '/home/msi/caato2_ws/build/device_diagnostics' returned '0': /usr/bin/cmake --build /home/msi/caato2_ws/build/device_diagnostics -- -j20 -l20
[0.609s] Invoking command in '/home/msi/caato2_ws/build/device_diagnostics': /usr/bin/cmake --build /home/msi/caato2_ws/build/device_diagnostics --target tests -- -j20 -l20
[0.669s] Built target tests
[0.726s] Invoked command in '/home/msi/caato2_ws/build/device_diagnostics' returned '0': /usr/bin/cmake --build /home/msi/caato2_ws/build/device_diagnostics --target tests -- -j20 -l20
[0.885s] Invoking command in '/home/msi/caato2_ws/build/device_diagnostics': /usr/bin/cmake --install /home/msi/caato2_ws/build/device_diagnostics
[0.897s] -- Install configuration: ""
[0.897s] -- Up-to-date: /home/msi/caato2_ws/install/device_diagnostics/share/device_diagnostics/msg/device_connection.msg
[0.898s] -- Up-to-date: /home/msi/caato2_ws/install/device_diagnostics/share/device_diagnostics/cmake/device_diagnostics-msg-paths.cmake
[0.898s] -- Up-to-date: /home/msi/caato2_ws/install/device_diagnostics/include/device_diagnostics
[0.898s] -- Up-to-date: /home/msi/caato2_ws/install/device_diagnostics/include/device_diagnostics/device_connection.h
[0.898s] -- Up-to-date: /home/msi/caato2_ws/install/device_diagnostics/share/roseus/ros/device_diagnostics
[0.898s] -- Up-to-date: /home/msi/caato2_ws/install/device_diagnostics/share/roseus/ros/device_diagnostics/msg
[0.898s] -- Up-to-date: /home/msi/caato2_ws/install/device_diagnostics/share/roseus/ros/device_diagnostics/msg/device_connection.l
[0.898s] -- Up-to-date: /home/msi/caato2_ws/install/device_diagnostics/share/roseus/ros/device_diagnostics/manifest.l
[0.898s] -- Up-to-date: /home/msi/caato2_ws/install/device_diagnostics/share/common-lisp/ros/device_diagnostics
[0.899s] -- Up-to-date: /home/msi/caato2_ws/install/device_diagnostics/share/common-lisp/ros/device_diagnostics/msg
[0.899s] -- Up-to-date: /home/msi/caato2_ws/install/device_diagnostics/share/common-lisp/ros/device_diagnostics/msg/_package.lisp
[0.899s] -- Up-to-date: /home/msi/caato2_ws/install/device_diagnostics/share/common-lisp/ros/device_diagnostics/msg/_package_device_connection.lisp
[0.899s] -- Up-to-date: /home/msi/caato2_ws/install/device_diagnostics/share/common-lisp/ros/device_diagnostics/msg/device_connection.lisp
[0.899s] -- Up-to-date: /home/msi/caato2_ws/install/device_diagnostics/share/common-lisp/ros/device_diagnostics/msg/device_diagnostics-msg.asd
[0.899s] -- Up-to-date: /home/msi/caato2_ws/install/device_diagnostics/share/gennodejs/ros/device_diagnostics
[0.900s] -- Up-to-date: /home/msi/caato2_ws/install/device_diagnostics/share/gennodejs/ros/device_diagnostics/_index.js
[0.900s] -- Up-to-date: /home/msi/caato2_ws/install/device_diagnostics/share/gennodejs/ros/device_diagnostics/msg
[0.900s] -- Up-to-date: /home/msi/caato2_ws/install/device_diagnostics/share/gennodejs/ros/device_diagnostics/msg/_index.js
[0.900s] -- Up-to-date: /home/msi/caato2_ws/install/device_diagnostics/share/gennodejs/ros/device_diagnostics/msg/device_connection.js
[0.911s] Listing '/home/msi/caato2_ws/build/device_diagnostics/devel/lib/python3/dist-packages/device_diagnostics'...
[0.912s] Listing '/home/msi/caato2_ws/build/device_diagnostics/devel/lib/python3/dist-packages/device_diagnostics/msg'...
[0.912s] -- Up-to-date: /home/msi/caato2_ws/install/device_diagnostics/lib/python3/dist-packages/device_diagnostics
[0.912s] -- Up-to-date: /home/msi/caato2_ws/install/device_diagnostics/lib/python3/dist-packages/device_diagnostics/msg
[0.912s] -- Up-to-date: /home/msi/caato2_ws/install/device_diagnostics/lib/python3/dist-packages/device_diagnostics/msg/_device_connection.py
[0.913s] -- Up-to-date: /home/msi/caato2_ws/install/device_diagnostics/lib/python3/dist-packages/device_diagnostics/msg/__init__.py
[0.913s] -- Up-to-date: /home/msi/caato2_ws/install/device_diagnostics/lib/python3/dist-packages/device_diagnostics/msg/__pycache__
[0.914s] -- Up-to-date: /home/msi/caato2_ws/install/device_diagnostics/lib/python3/dist-packages/device_diagnostics/msg/__pycache__/__init__.cpython-38.pyc
[0.914s] -- Up-to-date: /home/msi/caato2_ws/install/device_diagnostics/lib/python3/dist-packages/device_diagnostics/msg/__pycache__/_device_connection.cpython-38.pyc
[0.914s] -- Up-to-date: /home/msi/caato2_ws/install/device_diagnostics/lib/python3/dist-packages/device_diagnostics/__init__.py
[0.914s] -- Up-to-date: /home/msi/caato2_ws/install/device_diagnostics/lib/python3/dist-packages/device_diagnostics/__pycache__
[0.914s] -- Up-to-date: /home/msi/caato2_ws/install/device_diagnostics/lib/python3/dist-packages/device_diagnostics/__pycache__/__init__.cpython-38.pyc
[0.914s] -- Up-to-date: /home/msi/caato2_ws/install/device_diagnostics/lib/pkgconfig/device_diagnostics.pc
[0.915s] -- Up-to-date: /home/msi/caato2_ws/install/device_diagnostics/share/device_diagnostics/cmake/device_diagnostics-msg-extras.cmake
[0.915s] -- Up-to-date: /home/msi/caato2_ws/install/device_diagnostics/share/device_diagnostics/cmake/device_diagnosticsConfig.cmake
[0.915s] -- Up-to-date: /home/msi/caato2_ws/install/device_diagnostics/share/device_diagnostics/cmake/device_diagnosticsConfig-version.cmake
[0.915s] -- Up-to-date: /home/msi/caato2_ws/install/device_diagnostics/share/device_diagnostics/package.xml
[1.062s] Invoked command in '/home/msi/caato2_ws/build/device_diagnostics' returned '0': /usr/bin/cmake --install /home/msi/caato2_ws/build/device_diagnostics
