[0.096s] Invoking command in '/home/msi/caato2_ws/build/map_server': /usr/bin/cmake --build /home/msi/caato2_ws/build/map_server -- -j20 -l20
[0.337s] [ 18%] Built target map_server-map_saver
[0.337s] [ 36%] Built target image_loader
[0.337s] [ 54%] Built target gtest
[0.337s] [ 72%] Built target map_server
[0.337s] [100%] Built target rtest
[0.502s] Invoked command in '/home/msi/caato2_ws/build/map_server' returned '0': /usr/bin/cmake --build /home/msi/caato2_ws/build/map_server -- -j20 -l20
[0.620s] Invoking command in '/home/msi/caato2_ws/build/map_server': /usr/bin/cmake --build /home/msi/caato2_ws/build/map_server --target tests -- -j20 -l20
[0.676s] [ 28%] Built target gtest
[0.677s] [ 57%] Built target image_loader
[0.698s] [100%] Built target map_server_utest
[0.735s] [100%] Built target tests
[0.784s] Invoked command in '/home/msi/caato2_ws/build/map_server' returned '0': /usr/bin/cmake --build /home/msi/caato2_ws/build/map_server --target tests -- -j20 -l20
[1.005s] Invoking command in '/home/msi/caato2_ws/build/map_server': /usr/bin/cmake --install /home/msi/caato2_ws/build/map_server
[1.073s] -- Install configuration: ""
[1.073s] -- Up-to-date: /home/msi/caato2_ws/install/map_server/lib/pkgconfig/map_server.pc
[1.073s] -- Up-to-date: /home/msi/caato2_ws/install/map_server/share/map_server/cmake/map_serverConfig.cmake
[1.073s] -- Up-to-date: /home/msi/caato2_ws/install/map_server/share/map_server/cmake/map_serverConfig-version.cmake
[1.073s] -- Up-to-date: /home/msi/caato2_ws/install/map_server/share/map_server/package.xml
[1.073s] -- Up-to-date: /home/msi/caato2_ws/install/map_server/lib/map_server/map_saver
[1.073s] -- Up-to-date: /home/msi/caato2_ws/install/map_server/lib/map_server/map_server
[1.073s] -- Up-to-date: /home/msi/caato2_ws/install/map_server/lib/libimage_loader.so
[1.074s] -- Up-to-date: /home/msi/caato2_ws/install/map_server/include/map_server
[1.074s] -- Up-to-date: /home/msi/caato2_ws/install/map_server/include/map_server/image_loader.h
[1.074s] -- Up-to-date: /home/msi/caato2_ws/install/map_server/lib/map_server/crop_map
[1.144s] Invoked command in '/home/msi/caato2_ws/build/map_server' returned '0': /usr/bin/cmake --install /home/msi/caato2_ws/build/map_server
