[0.197s] Invoking command in '/home/msi/caato2_ws/build/rosserial_chibios': CMAKE_PREFIX_PATH=/home/msi/caato2_ws/install/rosserial_client:/home/msi/caato2_ws/install/rosserial_msgs:${CMAKE_PREFIX_PATH} PKG_CONFIG_PATH=/home/msi/caato2_ws/install/rosserial_client/lib/x86_64-linux-gnu/pkgconfig:/home/msi/caato2_ws/install/rosserial_client/lib/pkgconfig:/home/msi/caato2_ws/install/rosserial_msgs/lib/x86_64-linux-gnu/pkgconfig:/home/msi/caato2_ws/install/rosserial_msgs/lib/pkgconfig:${PKG_CONFIG_PATH} PYTHONPATH=/home/msi/caato2_ws/install/rosserial_client/lib/python3/dist-packages:/home/msi/caato2_ws/install/rosserial_msgs/lib/python3/dist-packages:${PYTHONPATH} ROS_PACKAGE_PATH=/home/msi/caato2_ws/install/rosserial_client/share:/home/msi/caato2_ws/install/rosserial_msgs/share:${ROS_PACKAGE_PATH} /usr/bin/cmake /home/msi/caato2_ws/src/thirdparty/rosserial/rosserial_chibios -DCATKIN_INSTALL_INTO_PREFIX_ROOT=0 -DCMAKE_INSTALL_PREFIX=/home/msi/caato2_ws/install/rosserial_chibios
[0.454s] -- The C compiler identification is GNU 8.4.0
[0.658s] -- The CXX compiler identification is GNU 8.4.0
[0.671s] -- Check for working C compiler: /usr/bin/cc
[0.981s] -- Check for working C compiler: /usr/bin/cc -- works
[0.982s] -- Detecting C compiler ABI info
[1.295s] -- Detecting C compiler ABI info - done
[1.320s] -- Detecting C compile features
[1.320s] -- Detecting C compile features - done
[1.323s] -- Check for working CXX compiler: /usr/bin/c++
[1.565s] -- Check for working CXX compiler: /usr/bin/c++ -- works
[1.566s] -- Detecting CXX compiler ABI info
[1.911s] -- Detecting CXX compiler ABI info - done
[1.928s] -- Detecting CXX compile features
[1.929s] -- Detecting CXX compile features - done
[1.931s] -- Using CATKIN_DEVEL_PREFIX: /home/msi/caato2_ws/build/rosserial_chibios/devel
[1.931s] -- Using CMAKE_PREFIX_PATH: /home/msi/caato2_ws/install/rosserial_client;/home/msi/caato2_ws/install/rosserial_msgs;/opt/ros/noetic
[1.932s] -- This workspace overlays: /home/msi/caato2_ws/install/rosserial_client;/home/msi/caato2_ws/install/rosserial_msgs;/opt/ros/noetic
[2.006s] -- Found PythonInterp: /usr/bin/python3 (found suitable version "3.8.10", minimum required is "3") 
[2.006s] -- Using PYTHON_EXECUTABLE: /usr/bin/python3
[2.006s] -- Using Debian Python package layout
[2.066s] -- Found PY_em: /usr/lib/python3/dist-packages/em.py  
[2.066s] -- Using empy: /usr/lib/python3/dist-packages/em.py
[2.295s] -- Using CATKIN_ENABLE_TESTING: ON
[2.295s] -- Call enable_testing()
[2.312s] -- Using CATKIN_TEST_RESULTS_DIR: /home/msi/caato2_ws/build/rosserial_chibios/test_results
[3.349s] -- Forcing gtest/gmock from source, though one was otherwise available.
[3.355s] -- Found gtest sources under '/usr/src/googletest': gtests will be built
[3.355s] -- Found gmock sources under '/usr/src/googletest': gmock will be built
[3.421s] -- Found PythonInterp: /usr/bin/python3 (found version "3.8.10") 
[3.422s] -- Found Threads: TRUE  
[3.427s] -- Using Python nosetests: /usr/bin/nosetests3
[3.565s] -- catkin 0.8.10
[3.565s] -- BUILD_SHARED_LIBS is on
[4.264s] -- Installing devel-space wrapper /home/msi/caato2_ws/src/thirdparty/rosserial/rosserial_chibios/src/rosserial_chibios/make_libraries.py to /home/msi/caato2_ws/build/rosserial_chibios/devel/share/rosserial_chibios
[4.267s] -- Configuring done
[4.278s] -- Generating done
[4.280s] -- Build files have been written to: /home/msi/caato2_ws/build/rosserial_chibios
[4.318s] Invoked command in '/home/msi/caato2_ws/build/rosserial_chibios' returned '0': CMAKE_PREFIX_PATH=/home/msi/caato2_ws/install/rosserial_client:/home/msi/caato2_ws/install/rosserial_msgs:${CMAKE_PREFIX_PATH} PKG_CONFIG_PATH=/home/msi/caato2_ws/install/rosserial_client/lib/x86_64-linux-gnu/pkgconfig:/home/msi/caato2_ws/install/rosserial_client/lib/pkgconfig:/home/msi/caato2_ws/install/rosserial_msgs/lib/x86_64-linux-gnu/pkgconfig:/home/msi/caato2_ws/install/rosserial_msgs/lib/pkgconfig:${PKG_CONFIG_PATH} PYTHONPATH=/home/msi/caato2_ws/install/rosserial_client/lib/python3/dist-packages:/home/msi/caato2_ws/install/rosserial_msgs/lib/python3/dist-packages:${PYTHONPATH} ROS_PACKAGE_PATH=/home/msi/caato2_ws/install/rosserial_client/share:/home/msi/caato2_ws/install/rosserial_msgs/share:${ROS_PACKAGE_PATH} /usr/bin/cmake /home/msi/caato2_ws/src/thirdparty/rosserial/rosserial_chibios -DCATKIN_INSTALL_INTO_PREFIX_ROOT=0 -DCMAKE_INSTALL_PREFIX=/home/msi/caato2_ws/install/rosserial_chibios
[4.319s] Invoking command in '/home/msi/caato2_ws/build/rosserial_chibios': CMAKE_PREFIX_PATH=/home/msi/caato2_ws/install/rosserial_client:/home/msi/caato2_ws/install/rosserial_msgs:${CMAKE_PREFIX_PATH} PKG_CONFIG_PATH=/home/msi/caato2_ws/install/rosserial_client/lib/x86_64-linux-gnu/pkgconfig:/home/msi/caato2_ws/install/rosserial_client/lib/pkgconfig:/home/msi/caato2_ws/install/rosserial_msgs/lib/x86_64-linux-gnu/pkgconfig:/home/msi/caato2_ws/install/rosserial_msgs/lib/pkgconfig:${PKG_CONFIG_PATH} PYTHONPATH=/home/msi/caato2_ws/install/rosserial_client/lib/python3/dist-packages:/home/msi/caato2_ws/install/rosserial_msgs/lib/python3/dist-packages:${PYTHONPATH} ROS_PACKAGE_PATH=/home/msi/caato2_ws/install/rosserial_client/share:/home/msi/caato2_ws/install/rosserial_msgs/share:${ROS_PACKAGE_PATH} /usr/bin/cmake --build /home/msi/caato2_ws/build/rosserial_chibios -- -j20 -l20
[4.511s] Invoked command in '/home/msi/caato2_ws/build/rosserial_chibios' returned '0': CMAKE_PREFIX_PATH=/home/msi/caato2_ws/install/rosserial_client:/home/msi/caato2_ws/install/rosserial_msgs:${CMAKE_PREFIX_PATH} PKG_CONFIG_PATH=/home/msi/caato2_ws/install/rosserial_client/lib/x86_64-linux-gnu/pkgconfig:/home/msi/caato2_ws/install/rosserial_client/lib/pkgconfig:/home/msi/caato2_ws/install/rosserial_msgs/lib/x86_64-linux-gnu/pkgconfig:/home/msi/caato2_ws/install/rosserial_msgs/lib/pkgconfig:${PKG_CONFIG_PATH} PYTHONPATH=/home/msi/caato2_ws/install/rosserial_client/lib/python3/dist-packages:/home/msi/caato2_ws/install/rosserial_msgs/lib/python3/dist-packages:${PYTHONPATH} ROS_PACKAGE_PATH=/home/msi/caato2_ws/install/rosserial_client/share:/home/msi/caato2_ws/install/rosserial_msgs/share:${ROS_PACKAGE_PATH} /usr/bin/cmake --build /home/msi/caato2_ws/build/rosserial_chibios -- -j20 -l20
[4.691s] Invoking command in '/home/msi/caato2_ws/build/rosserial_chibios': CMAKE_PREFIX_PATH=/home/msi/caato2_ws/install/rosserial_client:/home/msi/caato2_ws/install/rosserial_msgs:${CMAKE_PREFIX_PATH} PKG_CONFIG_PATH=/home/msi/caato2_ws/install/rosserial_client/lib/x86_64-linux-gnu/pkgconfig:/home/msi/caato2_ws/install/rosserial_client/lib/pkgconfig:/home/msi/caato2_ws/install/rosserial_msgs/lib/x86_64-linux-gnu/pkgconfig:/home/msi/caato2_ws/install/rosserial_msgs/lib/pkgconfig:${PKG_CONFIG_PATH} PYTHONPATH=/home/msi/caato2_ws/install/rosserial_client/lib/python3/dist-packages:/home/msi/caato2_ws/install/rosserial_msgs/lib/python3/dist-packages:${PYTHONPATH} ROS_PACKAGE_PATH=/home/msi/caato2_ws/install/rosserial_client/share:/home/msi/caato2_ws/install/rosserial_msgs/share:${ROS_PACKAGE_PATH} /usr/bin/cmake --build /home/msi/caato2_ws/build/rosserial_chibios --target tests -- -j20 -l20
[4.900s] [35m[1mScanning dependencies of target tests[0m
[4.910s] Built target tests
[4.952s] Invoked command in '/home/msi/caato2_ws/build/rosserial_chibios' returned '0': CMAKE_PREFIX_PATH=/home/msi/caato2_ws/install/rosserial_client:/home/msi/caato2_ws/install/rosserial_msgs:${CMAKE_PREFIX_PATH} PKG_CONFIG_PATH=/home/msi/caato2_ws/install/rosserial_client/lib/x86_64-linux-gnu/pkgconfig:/home/msi/caato2_ws/install/rosserial_client/lib/pkgconfig:/home/msi/caato2_ws/install/rosserial_msgs/lib/x86_64-linux-gnu/pkgconfig:/home/msi/caato2_ws/install/rosserial_msgs/lib/pkgconfig:${PKG_CONFIG_PATH} PYTHONPATH=/home/msi/caato2_ws/install/rosserial_client/lib/python3/dist-packages:/home/msi/caato2_ws/install/rosserial_msgs/lib/python3/dist-packages:${PYTHONPATH} ROS_PACKAGE_PATH=/home/msi/caato2_ws/install/rosserial_client/share:/home/msi/caato2_ws/install/rosserial_msgs/share:${ROS_PACKAGE_PATH} /usr/bin/cmake --build /home/msi/caato2_ws/build/rosserial_chibios --target tests -- -j20 -l20
[5.189s] Invoking command in '/home/msi/caato2_ws/build/rosserial_chibios': CMAKE_PREFIX_PATH=/home/msi/caato2_ws/install/rosserial_client:/home/msi/caato2_ws/install/rosserial_msgs:${CMAKE_PREFIX_PATH} PKG_CONFIG_PATH=/home/msi/caato2_ws/install/rosserial_client/lib/x86_64-linux-gnu/pkgconfig:/home/msi/caato2_ws/install/rosserial_client/lib/pkgconfig:/home/msi/caato2_ws/install/rosserial_msgs/lib/x86_64-linux-gnu/pkgconfig:/home/msi/caato2_ws/install/rosserial_msgs/lib/pkgconfig:${PKG_CONFIG_PATH} PYTHONPATH=/home/msi/caato2_ws/install/rosserial_client/lib/python3/dist-packages:/home/msi/caato2_ws/install/rosserial_msgs/lib/python3/dist-packages:${PYTHONPATH} ROS_PACKAGE_PATH=/home/msi/caato2_ws/install/rosserial_client/share:/home/msi/caato2_ws/install/rosserial_msgs/share:${ROS_PACKAGE_PATH} /usr/bin/cmake --install /home/msi/caato2_ws/build/rosserial_chibios
[5.250s] -- Install configuration: ""
[5.250s] -- Installing: /home/msi/caato2_ws/install/rosserial_chibios/lib/pkgconfig/rosserial_chibios.pc
[5.250s] -- Installing: /home/msi/caato2_ws/install/rosserial_chibios/share/rosserial_chibios/cmake/rosserial_chibiosConfig.cmake
[5.250s] -- Installing: /home/msi/caato2_ws/install/rosserial_chibios/share/rosserial_chibios/cmake/rosserial_chibiosConfig-version.cmake
[5.250s] -- Installing: /home/msi/caato2_ws/install/rosserial_chibios/share/rosserial_chibios/package.xml
[5.250s] -- Installing: /home/msi/caato2_ws/install/rosserial_chibios/share/rosserial_chibios/src/ros_lib
[5.250s] -- Installing: /home/msi/caato2_ws/install/rosserial_chibios/share/rosserial_chibios/src/ros_lib/ChibiOSHardware.h
[5.250s] -- Installing: /home/msi/caato2_ws/install/rosserial_chibios/share/rosserial_chibios/src/ros_lib/ros_lib.mk
[5.250s] -- Installing: /home/msi/caato2_ws/install/rosserial_chibios/share/rosserial_chibios/src/ros_lib/ros.h
[5.250s] -- Installing: /home/msi/caato2_ws/install/rosserial_chibios/share/rosserial_chibios/make_libraries.py
[5.295s] Invoked command in '/home/msi/caato2_ws/build/rosserial_chibios' returned '0': CMAKE_PREFIX_PATH=/home/msi/caato2_ws/install/rosserial_client:/home/msi/caato2_ws/install/rosserial_msgs:${CMAKE_PREFIX_PATH} PKG_CONFIG_PATH=/home/msi/caato2_ws/install/rosserial_client/lib/x86_64-linux-gnu/pkgconfig:/home/msi/caato2_ws/install/rosserial_client/lib/pkgconfig:/home/msi/caato2_ws/install/rosserial_msgs/lib/x86_64-linux-gnu/pkgconfig:/home/msi/caato2_ws/install/rosserial_msgs/lib/pkgconfig:${PKG_CONFIG_PATH} PYTHONPATH=/home/msi/caato2_ws/install/rosserial_client/lib/python3/dist-packages:/home/msi/caato2_ws/install/rosserial_msgs/lib/python3/dist-packages:${PYTHONPATH} ROS_PACKAGE_PATH=/home/msi/caato2_ws/install/rosserial_client/share:/home/msi/caato2_ws/install/rosserial_msgs/share:${ROS_PACKAGE_PATH} /usr/bin/cmake --install /home/msi/caato2_ws/build/rosserial_chibios
