[0.044s] Invoking command in '/home/msi/caato2_ws/build/apriltag_ros': CMAKE_PREFIX_PATH=/home/msi/caato2_ws/install/apriltag:${CMAKE_PREFIX_PATH} LD_LIBRARY_PATH=/home/msi/caato2_ws/install/apriltag/lib:${LD_LIBRARY_PATH} PATH=/home/msi/caato2_ws/install/apriltag/bin:${PATH} PKG_CONFIG_PATH=/home/msi/caato2_ws/install/apriltag/lib/x86_64-linux-gnu/pkgconfig:/home/msi/caato2_ws/install/apriltag/lib/pkgconfig:${PKG_CONFIG_PATH} /usr/bin/cmake /home/msi/caato2_ws/src/siot/atc_vision_servoing/apriltag_ros -DCATKIN_INSTALL_INTO_PREFIX_ROOT=0 -DCMAKE_INSTALL_PREFIX=/home/msi/caato2_ws/install/apriltag_ros
[0.294s] -- The C compiler identification is GNU 8.4.0
[0.294s] -- The CXX compiler identification is GNU 8.4.0
[0.307s] -- Check for working C compiler: /usr/bin/cc
[0.489s] -- Check for working C compiler: /usr/bin/cc -- works
[0.490s] -- Detecting C compiler ABI info
[0.630s] -- Detecting C compiler ABI info - done
[0.648s] -- Detecting C compile features
[0.650s] -- Detecting C compile features - done
[0.654s] -- Check for working CXX compiler: /usr/bin/c++
[0.822s] -- Check for working CXX compiler: /usr/bin/c++ -- works
[0.823s] -- Detecting CXX compiler ABI info
[0.943s] -- Detecting CXX compiler ABI info - done
[0.967s] -- Detecting CXX compile features
[0.968s] -- Detecting CXX compile features - done
[0.970s] -- Using CATKIN_DEVEL_PREFIX: /home/msi/caato2_ws/build/apriltag_ros/devel
[0.970s] -- Using CMAKE_PREFIX_PATH: /home/msi/caato2_ws/install/apriltag;/opt/ros/noetic
[0.970s] -- This workspace overlays: /opt/ros/noetic
[0.999s] -- Found PythonInterp: /usr/bin/python3 (found suitable version "3.8.10", minimum required is "3") 
[1.000s] -- Using PYTHON_EXECUTABLE: /usr/bin/python3
[1.004s] -- Using Debian Python package layout
[1.045s] -- Found PY_em: /usr/lib/python3/dist-packages/em.py  
[1.045s] -- Using empy: /usr/lib/python3/dist-packages/em.py
[1.263s] -- Using CATKIN_ENABLE_TESTING: ON
[1.264s] -- Call enable_testing()
[1.266s] -- Using CATKIN_TEST_RESULTS_DIR: /home/msi/caato2_ws/build/apriltag_ros/test_results
[1.858s] -- Forcing gtest/gmock from source, though one was otherwise available.
[1.858s] -- Found gtest sources under '/usr/src/googletest': gtests will be built
[1.858s] -- Found gmock sources under '/usr/src/googletest': gmock will be built
[1.897s] -- Found PythonInterp: /usr/bin/python3 (found version "3.8.10") 
[1.899s] -- Found Threads: TRUE  
[1.905s] -- Using Python nosetests: /usr/bin/nosetests3
[1.987s] -- catkin 0.8.10
[1.987s] -- BUILD_SHARED_LIBS is on
[2.395s] -- Using these message generators: gencpp;geneus;genlisp;gennodejs;genpy
[2.737s] -- Found OpenCV: /usr (found version "4.2.0") 
[2.758s] -- Found PkgConfig: /usr/bin/pkg-config (found version "0.29.1") 
[2.758s] -- Checking for one of the modules 'apriltag'
[2.954s] -- Setting build type to 'Release' as none was specified.
[3.152s] -- apriltag_ros: 2 messages, 1 services
[3.659s] -- Configuring done
[3.846s] -- Generating done
[3.854s] -- Build files have been written to: /home/msi/caato2_ws/build/apriltag_ros
[3.881s] Invoked command in '/home/msi/caato2_ws/build/apriltag_ros' returned '0': CMAKE_PREFIX_PATH=/home/msi/caato2_ws/install/apriltag:${CMAKE_PREFIX_PATH} LD_LIBRARY_PATH=/home/msi/caato2_ws/install/apriltag/lib:${LD_LIBRARY_PATH} PATH=/home/msi/caato2_ws/install/apriltag/bin:${PATH} PKG_CONFIG_PATH=/home/msi/caato2_ws/install/apriltag/lib/x86_64-linux-gnu/pkgconfig:/home/msi/caato2_ws/install/apriltag/lib/pkgconfig:${PKG_CONFIG_PATH} /usr/bin/cmake /home/msi/caato2_ws/src/siot/atc_vision_servoing/apriltag_ros -DCATKIN_INSTALL_INTO_PREFIX_ROOT=0 -DCMAKE_INSTALL_PREFIX=/home/msi/caato2_ws/install/apriltag_ros
[3.885s] Invoking command in '/home/msi/caato2_ws/build/apriltag_ros': CMAKE_PREFIX_PATH=/home/msi/caato2_ws/install/apriltag:${CMAKE_PREFIX_PATH} LD_LIBRARY_PATH=/home/msi/caato2_ws/install/apriltag/lib:${LD_LIBRARY_PATH} PATH=/home/msi/caato2_ws/install/apriltag/bin:${PATH} PKG_CONFIG_PATH=/home/msi/caato2_ws/install/apriltag/lib/x86_64-linux-gnu/pkgconfig:/home/msi/caato2_ws/install/apriltag/lib/pkgconfig:${PKG_CONFIG_PATH} /usr/bin/cmake --build /home/msi/caato2_ws/build/apriltag_ros -- -j20 -l20
[3.982s] [35m[1mScanning dependencies of target _apriltag_ros_generate_messages_check_deps_AnalyzeSingleImage[0m
[3.985s] [35m[1mScanning dependencies of target geometry_msgs_generate_messages_cpp[0m
[4.007s] [35m[1mScanning dependencies of target _apriltag_ros_generate_messages_check_deps_AprilTagDetectionArray[0m
[4.023s] [35m[1mScanning dependencies of target _apriltag_ros_generate_messages_check_deps_AprilTagDetection[0m
[4.032s] [35m[1mScanning dependencies of target std_msgs_generate_messages_cpp[0m
[4.055s] [35m[1mScanning dependencies of target sensor_msgs_generate_messages_cpp[0m
[4.073s] [  0%] Built target geometry_msgs_generate_messages_cpp
[4.103s] [  0%] Built target std_msgs_generate_messages_cpp
[4.112s] [  0%] Built target sensor_msgs_generate_messages_cpp
[4.130s] [35m[1mScanning dependencies of target std_msgs_generate_messages_py[0m
[4.183s] [35m[1mScanning dependencies of target geometry_msgs_generate_messages_py[0m
[4.191s] [  0%] Built target _apriltag_ros_generate_messages_check_deps_AnalyzeSingleImage
[4.207s] [  0%] Built target _apriltag_ros_generate_messages_check_deps_AprilTagDetectionArray
[4.212s] [  0%] Built target _apriltag_ros_generate_messages_check_deps_AprilTagDetection
[4.243s] [  0%] Built target std_msgs_generate_messages_py
[4.253s] [35m[1mScanning dependencies of target sensor_msgs_generate_messages_py[0m
[4.260s] [  0%] Built target geometry_msgs_generate_messages_py
[4.267s] [  0%] Built target sensor_msgs_generate_messages_py
[4.295s] [35m[1mScanning dependencies of target sensor_msgs_generate_messages_eus[0m
[4.295s] [35m[1mScanning dependencies of target std_msgs_generate_messages_nodejs[0m
[4.296s] [35m[1mScanning dependencies of target geometry_msgs_generate_messages_nodejs[0m
[4.296s] [35m[1mScanning dependencies of target geometry_msgs_generate_messages_lisp[0m
[4.296s] [35m[1mScanning dependencies of target sensor_msgs_generate_messages_lisp[0m
[4.300s] [35m[1mScanning dependencies of target geometry_msgs_generate_messages_eus[0m
[4.302s] [35m[1mScanning dependencies of target sensor_msgs_generate_messages_nodejs[0m
[4.307s] [35m[1mScanning dependencies of target apriltag_ros_generate_messages_cpp[0m
[4.307s] [35m[1mScanning dependencies of target std_msgs_generate_messages_lisp[0m
[4.307s] [35m[1mScanning dependencies of target std_msgs_generate_messages_eus[0m
[4.342s] [35m[1mScanning dependencies of target apriltag_ros_generate_messages_py[0m
[4.487s] [  3%] [34m[1mGenerating C++ code from apriltag_ros/AprilTagDetection.msg[0m
[4.510s] [  6%] [34m[1mGenerating Python from MSG apriltag_ros/AprilTagDetection[0m
[4.511s] [  6%] Built target sensor_msgs_generate_messages_eus
[4.523s] [ 10%] [34m[1mGenerating C++ code from apriltag_ros/AprilTagDetectionArray.msg[0m
[4.531s] [ 13%] [34m[1mGenerating Python from MSG apriltag_ros/AprilTagDetectionArray[0m
[4.531s] [ 13%] Built target std_msgs_generate_messages_eus
[4.551s] [ 16%] [34m[1mGenerating C++ code from apriltag_ros/AnalyzeSingleImage.srv[0m
[4.557s] [ 20%] [34m[1mGenerating Python code from SRV apriltag_ros/AnalyzeSingleImage[0m
[4.563s] [ 16%] Built target geometry_msgs_generate_messages_eus
[4.568s] [ 20%] Built target geometry_msgs_generate_messages_nodejs
[4.579s] [ 20%] Built target std_msgs_generate_messages_nodejs
[4.587s] [ 20%] Built target std_msgs_generate_messages_lisp
[4.591s] [ 20%] Built target sensor_msgs_generate_messages_nodejs
[4.623s] [ 20%] Built target geometry_msgs_generate_messages_lisp
[4.624s] [ 20%] Built target sensor_msgs_generate_messages_lisp
[4.679s] [35m[1mScanning dependencies of target apriltag_ros_generate_messages_eus[0m
[4.687s] [35m[1mScanning dependencies of target apriltag_ros_generate_messages_nodejs[0m
[4.715s] [35m[1mScanning dependencies of target apriltag_ros_generate_messages_lisp[0m
[4.747s] [ 23%] [34m[1mGenerating EusLisp code from apriltag_ros/AprilTagDetection.msg[0m
[4.747s] [ 26%] [34m[1mGenerating EusLisp code from apriltag_ros/AprilTagDetectionArray.msg[0m
[4.747s] [ 33%] [34m[1mGenerating Javascript code from apriltag_ros/AprilTagDetectionArray.msg[0m
[4.747s] [ 33%] [34m[1mGenerating EusLisp code from apriltag_ros/AnalyzeSingleImage.srv[0m
[4.752s] [ 36%] [34m[1mGenerating Javascript code from apriltag_ros/AprilTagDetection.msg[0m
[4.755s] [ 40%] [34m[1mGenerating Javascript code from apriltag_ros/AnalyzeSingleImage.srv[0m
[4.777s] [ 43%] [34m[1mGenerating EusLisp manifest code for apriltag_ros[0m
[4.777s] [ 46%] [34m[1mGenerating Lisp code from apriltag_ros/AprilTagDetection.msg[0m
[4.796s] [ 50%] [34m[1mGenerating Lisp code from apriltag_ros/AprilTagDetectionArray.msg[0m
[4.816s] [ 53%] [34m[1mGenerating Lisp code from apriltag_ros/AnalyzeSingleImage.srv[0m
[4.903s] [ 53%] Built target apriltag_ros_generate_messages_nodejs
[4.988s] [ 53%] Built target apriltag_ros_generate_messages_lisp
[5.043s] [ 53%] Built target apriltag_ros_generate_messages_cpp
[5.053s] [ 56%] [34m[1mGenerating Python msg __init__.py for apriltag_ros[0m
[5.054s] [ 60%] [34m[1mGenerating Python srv __init__.py for apriltag_ros[0m
[5.072s] [35m[1mScanning dependencies of target apriltag_ros_common[0m
[5.188s] [ 63%] [32mBuilding CXX object CMakeFiles/apriltag_ros_common.dir/src/common_functions.cpp.o[0m
[5.363s] [ 63%] Built target apriltag_ros_generate_messages_py
[5.713s] [ 63%] Built target apriltag_ros_generate_messages_eus
[5.793s] [35m[1mScanning dependencies of target apriltag_ros_generate_messages[0m
[5.852s] [ 63%] Built target apriltag_ros_generate_messages
[13.786s] [ 66%] [32m[1mLinking CXX shared library devel/lib/libapriltag_ros_common.so[0m
[13.962s] [ 66%] Built target apriltag_ros_common
[13.970s] [35m[1mScanning dependencies of target apriltag_ros_continuous_detector[0m
[13.970s] [35m[1mScanning dependencies of target apriltag_ros_single_image_client_node[0m
[13.970s] [35m[1mScanning dependencies of target apriltag_ros_single_image_detector[0m
[14.000s] [ 70%] [32mBuilding CXX object CMakeFiles/apriltag_ros_single_image_client_node.dir/src/apriltag_ros_single_image_client_node.cpp.o[0m
[14.003s] [ 73%] [32mBuilding CXX object CMakeFiles/apriltag_ros_continuous_detector.dir/src/continuous_detector.cpp.o[0m
[14.004s] [ 76%] [32mBuilding CXX object CMakeFiles/apriltag_ros_single_image_detector.dir/src/single_image_detector.cpp.o[0m
[17.677s] [ 80%] [32m[1mLinking CXX executable devel/lib/apriltag_ros/apriltag_ros_single_image_client_node[0m
[17.794s] [ 80%] Built target apriltag_ros_single_image_client_node
[18.167s] [ 83%] [32m[1mLinking CXX shared library devel/lib/libapriltag_ros_continuous_detector.so[0m
[18.265s] [ 83%] Built target apriltag_ros_continuous_detector
[18.271s] [35m[1mScanning dependencies of target apriltag_ros_continuous_node[0m
[18.280s] [ 86%] [32mBuilding CXX object CMakeFiles/apriltag_ros_continuous_node.dir/src/apriltag_ros_continuous_node.cpp.o[0m
[18.345s] [ 90%] [32m[1mLinking CXX shared library devel/lib/libapriltag_ros_single_image_detector.so[0m
[18.447s] [ 90%] Built target apriltag_ros_single_image_detector
[18.453s] [35m[1mScanning dependencies of target apriltag_ros_single_image_server_node[0m
[18.477s] [ 93%] [32mBuilding CXX object CMakeFiles/apriltag_ros_single_image_server_node.dir/src/apriltag_ros_single_image_server_node.cpp.o[0m
[19.310s] [ 96%] [32m[1mLinking CXX executable devel/lib/apriltag_ros/apriltag_ros_continuous_node[0m
[19.457s] [ 96%] Built target apriltag_ros_continuous_node
[21.248s] [100%] [32m[1mLinking CXX executable devel/lib/apriltag_ros/apriltag_ros_single_image_server_node[0m
[21.530s] [100%] Built target apriltag_ros_single_image_server_node
[21.536s] Invoked command in '/home/msi/caato2_ws/build/apriltag_ros' returned '0': CMAKE_PREFIX_PATH=/home/msi/caato2_ws/install/apriltag:${CMAKE_PREFIX_PATH} LD_LIBRARY_PATH=/home/msi/caato2_ws/install/apriltag/lib:${LD_LIBRARY_PATH} PATH=/home/msi/caato2_ws/install/apriltag/bin:${PATH} PKG_CONFIG_PATH=/home/msi/caato2_ws/install/apriltag/lib/x86_64-linux-gnu/pkgconfig:/home/msi/caato2_ws/install/apriltag/lib/pkgconfig:${PKG_CONFIG_PATH} /usr/bin/cmake --build /home/msi/caato2_ws/build/apriltag_ros -- -j20 -l20
[21.580s] Invoking command in '/home/msi/caato2_ws/build/apriltag_ros': CMAKE_PREFIX_PATH=/home/msi/caato2_ws/install/apriltag:${CMAKE_PREFIX_PATH} LD_LIBRARY_PATH=/home/msi/caato2_ws/install/apriltag/lib:${LD_LIBRARY_PATH} PATH=/home/msi/caato2_ws/install/apriltag/bin:${PATH} PKG_CONFIG_PATH=/home/msi/caato2_ws/install/apriltag/lib/x86_64-linux-gnu/pkgconfig:/home/msi/caato2_ws/install/apriltag/lib/pkgconfig:${PKG_CONFIG_PATH} /usr/bin/cmake --build /home/msi/caato2_ws/build/apriltag_ros --target tests -- -j20 -l20
[21.613s] [35m[1mScanning dependencies of target tests[0m
[21.619s] Built target tests
[21.626s] Invoked command in '/home/msi/caato2_ws/build/apriltag_ros' returned '0': CMAKE_PREFIX_PATH=/home/msi/caato2_ws/install/apriltag:${CMAKE_PREFIX_PATH} LD_LIBRARY_PATH=/home/msi/caato2_ws/install/apriltag/lib:${LD_LIBRARY_PATH} PATH=/home/msi/caato2_ws/install/apriltag/bin:${PATH} PKG_CONFIG_PATH=/home/msi/caato2_ws/install/apriltag/lib/x86_64-linux-gnu/pkgconfig:/home/msi/caato2_ws/install/apriltag/lib/pkgconfig:${PKG_CONFIG_PATH} /usr/bin/cmake --build /home/msi/caato2_ws/build/apriltag_ros --target tests -- -j20 -l20
[21.672s] Invoking command in '/home/msi/caato2_ws/build/apriltag_ros': CMAKE_PREFIX_PATH=/home/msi/caato2_ws/install/apriltag:${CMAKE_PREFIX_PATH} LD_LIBRARY_PATH=/home/msi/caato2_ws/install/apriltag/lib:${LD_LIBRARY_PATH} PATH=/home/msi/caato2_ws/install/apriltag/bin:${PATH} PKG_CONFIG_PATH=/home/msi/caato2_ws/install/apriltag/lib/x86_64-linux-gnu/pkgconfig:/home/msi/caato2_ws/install/apriltag/lib/pkgconfig:${PKG_CONFIG_PATH} /usr/bin/cmake --install /home/msi/caato2_ws/build/apriltag_ros
[21.677s] -- Install configuration: "Release"
[21.677s] -- Installing: /home/msi/caato2_ws/install/apriltag_ros/share/apriltag_ros/msg/AprilTagDetection.msg
[21.677s] -- Installing: /home/msi/caato2_ws/install/apriltag_ros/share/apriltag_ros/msg/AprilTagDetectionArray.msg
[21.677s] -- Installing: /home/msi/caato2_ws/install/apriltag_ros/share/apriltag_ros/srv/AnalyzeSingleImage.srv
[21.677s] -- Installing: /home/msi/caato2_ws/install/apriltag_ros/share/apriltag_ros/cmake/apriltag_ros-msg-paths.cmake
[21.678s] -- Installing: /home/msi/caato2_ws/install/apriltag_ros/include/apriltag_ros
[21.678s] -- Installing: /home/msi/caato2_ws/install/apriltag_ros/include/apriltag_ros/AnalyzeSingleImageResponse.h
[21.678s] -- Installing: /home/msi/caato2_ws/install/apriltag_ros/include/apriltag_ros/AnalyzeSingleImage.h
[21.678s] -- Installing: /home/msi/caato2_ws/install/apriltag_ros/include/apriltag_ros/AprilTagDetection.h
[21.678s] -- Installing: /home/msi/caato2_ws/install/apriltag_ros/include/apriltag_ros/AprilTagDetectionArray.h
[21.678s] -- Installing: /home/msi/caato2_ws/install/apriltag_ros/include/apriltag_ros/AnalyzeSingleImageRequest.h
[21.678s] -- Installing: /home/msi/caato2_ws/install/apriltag_ros/share/roseus/ros/apriltag_ros
[21.678s] -- Installing: /home/msi/caato2_ws/install/apriltag_ros/share/roseus/ros/apriltag_ros/msg
[21.678s] -- Installing: /home/msi/caato2_ws/install/apriltag_ros/share/roseus/ros/apriltag_ros/msg/AprilTagDetectionArray.l
[21.678s] -- Installing: /home/msi/caato2_ws/install/apriltag_ros/share/roseus/ros/apriltag_ros/msg/AprilTagDetection.l
[21.678s] -- Installing: /home/msi/caato2_ws/install/apriltag_ros/share/roseus/ros/apriltag_ros/manifest.l
[21.678s] -- Installing: /home/msi/caato2_ws/install/apriltag_ros/share/roseus/ros/apriltag_ros/srv
[21.678s] -- Installing: /home/msi/caato2_ws/install/apriltag_ros/share/roseus/ros/apriltag_ros/srv/AnalyzeSingleImage.l
[21.678s] -- Installing: /home/msi/caato2_ws/install/apriltag_ros/share/common-lisp/ros/apriltag_ros
[21.678s] -- Installing: /home/msi/caato2_ws/install/apriltag_ros/share/common-lisp/ros/apriltag_ros/msg
[21.678s] -- Installing: /home/msi/caato2_ws/install/apriltag_ros/share/common-lisp/ros/apriltag_ros/msg/_package.lisp
[21.678s] -- Installing: /home/msi/caato2_ws/install/apriltag_ros/share/common-lisp/ros/apriltag_ros/msg/AprilTagDetection.lisp
[21.679s] -- Installing: /home/msi/caato2_ws/install/apriltag_ros/share/common-lisp/ros/apriltag_ros/msg/AprilTagDetectionArray.lisp
[21.679s] -- Installing: /home/msi/caato2_ws/install/apriltag_ros/share/common-lisp/ros/apriltag_ros/msg/apriltag_ros-msg.asd
[21.679s] -- Installing: /home/msi/caato2_ws/install/apriltag_ros/share/common-lisp/ros/apriltag_ros/msg/_package_AprilTagDetectionArray.lisp
[21.679s] -- Installing: /home/msi/caato2_ws/install/apriltag_ros/share/common-lisp/ros/apriltag_ros/msg/_package_AprilTagDetection.lisp
[21.679s] -- Installing: /home/msi/caato2_ws/install/apriltag_ros/share/common-lisp/ros/apriltag_ros/srv
[21.679s] -- Installing: /home/msi/caato2_ws/install/apriltag_ros/share/common-lisp/ros/apriltag_ros/srv/_package.lisp
[21.679s] -- Installing: /home/msi/caato2_ws/install/apriltag_ros/share/common-lisp/ros/apriltag_ros/srv/AnalyzeSingleImage.lisp
[21.679s] -- Installing: /home/msi/caato2_ws/install/apriltag_ros/share/common-lisp/ros/apriltag_ros/srv/apriltag_ros-srv.asd
[21.679s] -- Installing: /home/msi/caato2_ws/install/apriltag_ros/share/common-lisp/ros/apriltag_ros/srv/_package_AnalyzeSingleImage.lisp
[21.679s] -- Installing: /home/msi/caato2_ws/install/apriltag_ros/share/gennodejs/ros/apriltag_ros
[21.679s] -- Installing: /home/msi/caato2_ws/install/apriltag_ros/share/gennodejs/ros/apriltag_ros/_index.js
[21.679s] -- Installing: /home/msi/caato2_ws/install/apriltag_ros/share/gennodejs/ros/apriltag_ros/msg
[21.679s] -- Installing: /home/msi/caato2_ws/install/apriltag_ros/share/gennodejs/ros/apriltag_ros/msg/_index.js
[21.679s] -- Installing: /home/msi/caato2_ws/install/apriltag_ros/share/gennodejs/ros/apriltag_ros/msg/AprilTagDetectionArray.js
[21.679s] -- Installing: /home/msi/caato2_ws/install/apriltag_ros/share/gennodejs/ros/apriltag_ros/msg/AprilTagDetection.js
[21.679s] -- Installing: /home/msi/caato2_ws/install/apriltag_ros/share/gennodejs/ros/apriltag_ros/srv
[21.679s] -- Installing: /home/msi/caato2_ws/install/apriltag_ros/share/gennodejs/ros/apriltag_ros/srv/_index.js
[21.679s] -- Installing: /home/msi/caato2_ws/install/apriltag_ros/share/gennodejs/ros/apriltag_ros/srv/AnalyzeSingleImage.js
[21.704s] Listing '/home/msi/caato2_ws/build/apriltag_ros/devel/lib/python3/dist-packages/apriltag_ros'...
[21.704s] Compiling '/home/msi/caato2_ws/build/apriltag_ros/devel/lib/python3/dist-packages/apriltag_ros/__init__.py'...
[21.704s] Listing '/home/msi/caato2_ws/build/apriltag_ros/devel/lib/python3/dist-packages/apriltag_ros/msg'...
[21.704s] Compiling '/home/msi/caato2_ws/build/apriltag_ros/devel/lib/python3/dist-packages/apriltag_ros/msg/_AprilTagDetection.py'...
[21.704s] Compiling '/home/msi/caato2_ws/build/apriltag_ros/devel/lib/python3/dist-packages/apriltag_ros/msg/_AprilTagDetectionArray.py'...
[21.704s] Compiling '/home/msi/caato2_ws/build/apriltag_ros/devel/lib/python3/dist-packages/apriltag_ros/msg/__init__.py'...
[21.704s] Listing '/home/msi/caato2_ws/build/apriltag_ros/devel/lib/python3/dist-packages/apriltag_ros/srv'...
[21.704s] Compiling '/home/msi/caato2_ws/build/apriltag_ros/devel/lib/python3/dist-packages/apriltag_ros/srv/_AnalyzeSingleImage.py'...
[21.704s] Compiling '/home/msi/caato2_ws/build/apriltag_ros/devel/lib/python3/dist-packages/apriltag_ros/srv/__init__.py'...
[21.706s] -- Installing: /home/msi/caato2_ws/install/apriltag_ros/lib/python3/dist-packages/apriltag_ros
[21.706s] -- Installing: /home/msi/caato2_ws/install/apriltag_ros/lib/python3/dist-packages/apriltag_ros/msg
[21.706s] -- Installing: /home/msi/caato2_ws/install/apriltag_ros/lib/python3/dist-packages/apriltag_ros/msg/_AprilTagDetection.py
[21.706s] -- Installing: /home/msi/caato2_ws/install/apriltag_ros/lib/python3/dist-packages/apriltag_ros/msg/_AprilTagDetectionArray.py
[21.706s] -- Installing: /home/msi/caato2_ws/install/apriltag_ros/lib/python3/dist-packages/apriltag_ros/msg/__init__.py
[21.706s] -- Installing: /home/msi/caato2_ws/install/apriltag_ros/lib/python3/dist-packages/apriltag_ros/msg/__pycache__
[21.706s] -- Installing: /home/msi/caato2_ws/install/apriltag_ros/lib/python3/dist-packages/apriltag_ros/msg/__pycache__/_AprilTagDetection.cpython-38.pyc
[21.707s] -- Installing: /home/msi/caato2_ws/install/apriltag_ros/lib/python3/dist-packages/apriltag_ros/msg/__pycache__/__init__.cpython-38.pyc
[21.707s] -- Installing: /home/msi/caato2_ws/install/apriltag_ros/lib/python3/dist-packages/apriltag_ros/msg/__pycache__/_AprilTagDetectionArray.cpython-38.pyc
[21.707s] -- Installing: /home/msi/caato2_ws/install/apriltag_ros/lib/python3/dist-packages/apriltag_ros/srv
[21.707s] -- Installing: /home/msi/caato2_ws/install/apriltag_ros/lib/python3/dist-packages/apriltag_ros/srv/_AnalyzeSingleImage.py
[21.707s] -- Installing: /home/msi/caato2_ws/install/apriltag_ros/lib/python3/dist-packages/apriltag_ros/srv/__init__.py
[21.707s] -- Installing: /home/msi/caato2_ws/install/apriltag_ros/lib/python3/dist-packages/apriltag_ros/srv/__pycache__
[21.707s] -- Installing: /home/msi/caato2_ws/install/apriltag_ros/lib/python3/dist-packages/apriltag_ros/srv/__pycache__/__init__.cpython-38.pyc
[21.707s] -- Installing: /home/msi/caato2_ws/install/apriltag_ros/lib/python3/dist-packages/apriltag_ros/srv/__pycache__/_AnalyzeSingleImage.cpython-38.pyc
[21.707s] -- Installing: /home/msi/caato2_ws/install/apriltag_ros/lib/python3/dist-packages/apriltag_ros/__init__.py
[21.707s] -- Installing: /home/msi/caato2_ws/install/apriltag_ros/lib/python3/dist-packages/apriltag_ros/__pycache__
[21.707s] -- Installing: /home/msi/caato2_ws/install/apriltag_ros/lib/python3/dist-packages/apriltag_ros/__pycache__/__init__.cpython-38.pyc
[21.707s] -- Installing: /home/msi/caato2_ws/install/apriltag_ros/lib/pkgconfig/apriltag_ros.pc
[21.707s] -- Installing: /home/msi/caato2_ws/install/apriltag_ros/share/apriltag_ros/cmake/apriltag_ros-msg-extras.cmake
[21.707s] -- Installing: /home/msi/caato2_ws/install/apriltag_ros/share/apriltag_ros/cmake/apriltag_rosConfig.cmake
[21.707s] -- Installing: /home/msi/caato2_ws/install/apriltag_ros/share/apriltag_ros/cmake/apriltag_rosConfig-version.cmake
[21.707s] -- Installing: /home/msi/caato2_ws/install/apriltag_ros/share/apriltag_ros/package.xml
[21.707s] -- Up-to-date: /home/msi/caato2_ws/install/apriltag_ros/include/apriltag_ros
[21.707s] -- Installing: /home/msi/caato2_ws/install/apriltag_ros/include/apriltag_ros/continuous_detector.h
[21.708s] -- Installing: /home/msi/caato2_ws/install/apriltag_ros/include/apriltag_ros/single_image_detector.h
[21.708s] -- Installing: /home/msi/caato2_ws/install/apriltag_ros/include/apriltag_ros/common_functions.h
[21.708s] -- Installing: /home/msi/caato2_ws/install/apriltag_ros/share/apriltag_ros/config
[21.708s] -- Installing: /home/msi/caato2_ws/install/apriltag_ros/share/apriltag_ros/config/tags.yaml.4thMay2021
[21.708s] -- Installing: /home/msi/caato2_ws/install/apriltag_ros/share/apriltag_ros/config/tags.yaml
[21.708s] -- Installing: /home/msi/caato2_ws/install/apriltag_ros/share/apriltag_ros/config/tags.yaml.bkup
[21.708s] -- Installing: /home/msi/caato2_ws/install/apriltag_ros/share/apriltag_ros/config/settings.yaml
[21.708s] -- Installing: /home/msi/caato2_ws/install/apriltag_ros/share/apriltag_ros/launch
[21.708s] -- Installing: /home/msi/caato2_ws/install/apriltag_ros/share/apriltag_ros/launch/single_image_server.launch
[21.708s] -- Installing: /home/msi/caato2_ws/install/apriltag_ros/share/apriltag_ros/launch/single_image_client.launch
[21.708s] -- Installing: /home/msi/caato2_ws/install/apriltag_ros/share/apriltag_ros/launch/continuous_detection.launch
[21.708s] -- Installing: /home/msi/caato2_ws/install/apriltag_ros/share/apriltag_ros/launch/continuous_detection.caato.launch
[21.708s] -- Installing: /home/msi/caato2_ws/install/apriltag_ros/share/apriltag_ros/nodelet_plugins.xml
[21.708s] -- Installing: /home/msi/caato2_ws/install/apriltag_ros/lib/libapriltag_ros_common.so
[21.708s] -- Set runtime path of "/home/msi/caato2_ws/install/apriltag_ros/lib/libapriltag_ros_common.so" to ""
[21.708s] -- Installing: /home/msi/caato2_ws/install/apriltag_ros/lib/libapriltag_ros_continuous_detector.so
[21.709s] -- Set runtime path of "/home/msi/caato2_ws/install/apriltag_ros/lib/libapriltag_ros_continuous_detector.so" to ""
[21.709s] -- Installing: /home/msi/caato2_ws/install/apriltag_ros/lib/apriltag_ros/apriltag_ros_continuous_node
[21.709s] -- Set runtime path of "/home/msi/caato2_ws/install/apriltag_ros/lib/apriltag_ros/apriltag_ros_continuous_node" to ""
[21.709s] -- Installing: /home/msi/caato2_ws/install/apriltag_ros/lib/apriltag_ros/apriltag_ros_single_image_client_node
[21.709s] -- Set runtime path of "/home/msi/caato2_ws/install/apriltag_ros/lib/apriltag_ros/apriltag_ros_single_image_client_node" to ""
[21.709s] -- Installing: /home/msi/caato2_ws/install/apriltag_ros/lib/libapriltag_ros_single_image_detector.so
[21.709s] -- Set runtime path of "/home/msi/caato2_ws/install/apriltag_ros/lib/libapriltag_ros_single_image_detector.so" to ""
[21.710s] -- Installing: /home/msi/caato2_ws/install/apriltag_ros/lib/apriltag_ros/apriltag_ros_single_image_server_node
[21.710s] -- Set runtime path of "/home/msi/caato2_ws/install/apriltag_ros/lib/apriltag_ros/apriltag_ros_single_image_server_node" to ""
[21.710s] -- Installing: /home/msi/caato2_ws/install/apriltag_ros/lib/apriltag_ros/analyze_image
[21.711s] Invoked command in '/home/msi/caato2_ws/build/apriltag_ros' returned '0': CMAKE_PREFIX_PATH=/home/msi/caato2_ws/install/apriltag:${CMAKE_PREFIX_PATH} LD_LIBRARY_PATH=/home/msi/caato2_ws/install/apriltag/lib:${LD_LIBRARY_PATH} PATH=/home/msi/caato2_ws/install/apriltag/bin:${PATH} PKG_CONFIG_PATH=/home/msi/caato2_ws/install/apriltag/lib/x86_64-linux-gnu/pkgconfig:/home/msi/caato2_ws/install/apriltag/lib/pkgconfig:${PKG_CONFIG_PATH} /usr/bin/cmake --install /home/msi/caato2_ws/build/apriltag_ros
