-- The C compiler identification is GNU 8.4.0
-- The CXX compiler identification is GNU 8.4.0
-- Check for working C compiler: /usr/bin/cc
-- Check for working C compiler: /usr/bin/cc -- works
-- Detecting C compiler ABI info
-- Detecting C compiler ABI info - done
-- Detecting C compile features
-- Detecting C compile features - done
-- Check for working CXX compiler: /usr/bin/c++
-- Check for working CXX compiler: /usr/bin/c++ -- works
-- Detecting CXX compiler ABI info
-- Detecting CXX compiler ABI info - done
-- Detecting CXX compile features
-- Detecting CXX compile features - done
-- Using CATKIN_DEVEL_PREFIX: /home/msi/caato2_ws/build/rviz_atc_plugins/devel
-- Using CMAKE_PREFIX_PATH: /home/msi/caato2_ws/install/plc_modbus_node;/home/msi/caato2_ws/install/atc_utils;/home/msi/caato2_ws/install/atc_msgs;/opt/ros/noetic
-- This workspace overlays: /home/msi/caato2_ws/install/plc_modbus_node;/home/msi/caato2_ws/install/atc_utils;/home/msi/caato2_ws/install/atc_msgs;/opt/ros/noetic
-- Found PythonInterp: /usr/bin/python3 (found suitable version "3.8.10", minimum required is "3") 
-- Using PYTHON_EXECUTABLE: /usr/bin/python3
-- Using Debian Python package layout
-- Found PY_em: /usr/lib/python3/dist-packages/em.py  
-- Using empy: /usr/lib/python3/dist-packages/em.py
-- Using CATKIN_ENABLE_TESTING: ON
-- Call enable_testing()
-- Using CATKIN_TEST_RESULTS_DIR: /home/msi/caato2_ws/build/rviz_atc_plugins/test_results
-- Forcing gtest/gmock from source, though one was otherwise available.
-- Found gtest sources under '/usr/src/googletest': gtests will be built
-- Found gmock sources under '/usr/src/googletest': gmock will be built
-- Found PythonInterp: /usr/bin/python3 (found version "3.8.10") 
-- Found Threads: TRUE  
-- Using Python nosetests: /usr/bin/nosetests3
-- catkin 0.8.10
-- BUILD_SHARED_LIBS is on
-- Using these message generators: gencpp;geneus;genlisp;gennodejs;genpy
-- Using Qt5 based on the rviz_QT_VERSION: 5.12.8
-- Installing devel-space wrapper /home/msi/caato2_ws/src/siot/atc_meta_package/rviz_atc_plugins/scripts/send_test_msgs.py to /home/msi/caato2_ws/build/rviz_atc_plugins/devel/lib/rviz_atc_plugins
-- Configuring done
-- Generating done
-- Build files have been written to: /home/msi/caato2_ws/build/rviz_atc_plugins
[35m[1mScanning dependencies of target rviz_atc_plugins_autogen[0m
[ 12%] [34m[1mAutomatic MOC for target rviz_atc_plugins[0m
[ 12%] Built target rviz_atc_plugins_autogen
[35m[1mScanning dependencies of target rviz_atc_plugins[0m
[ 25%] [32mBuilding CXX object CMakeFiles/rviz_atc_plugins.dir/rviz_atc_plugins_autogen/mocs_compilation.cpp.o[0m
[ 37%] [32mBuilding CXX object CMakeFiles/rviz_atc_plugins.dir/src/drive_widget.cpp.o[0m
[ 50%] [32mBuilding CXX object CMakeFiles/rviz_atc_plugins.dir/src/ImageTrackerInfo.cpp.o[0m
[ 62%] [32mBuilding CXX object CMakeFiles/rviz_atc_plugins.dir/src/image_click_tool.cpp.o[0m
[ 75%] [32mBuilding CXX object CMakeFiles/rviz_atc_plugins.dir/src/image_tracker_panel.cpp.o[0m
[ 87%] [32mBuilding CXX object CMakeFiles/rviz_atc_plugins.dir/src/image_tracker_display.cpp.o[0m
[100%] [32m[1mLinking CXX shared library devel/lib/librviz_atc_plugins.so[0m
[100%] Built target rviz_atc_plugins
[35m[1mScanning dependencies of target tests[0m
Built target tests
-- Install configuration: ""
-- Installing: /home/msi/caato2_ws/install/rviz_atc_plugins/lib/pkgconfig/rviz_atc_plugins.pc
-- Installing: /home/msi/caato2_ws/install/rviz_atc_plugins/share/rviz_atc_plugins/cmake/rviz_atc_pluginsConfig.cmake
-- Installing: /home/msi/caato2_ws/install/rviz_atc_plugins/share/rviz_atc_plugins/cmake/rviz_atc_pluginsConfig-version.cmake
-- Installing: /home/msi/caato2_ws/install/rviz_atc_plugins/share/rviz_atc_plugins/package.xml
-- Installing: /home/msi/caato2_ws/install/rviz_atc_plugins/lib/librviz_atc_plugins.so
-- Set runtime path of "/home/msi/caato2_ws/install/rviz_atc_plugins/lib/librviz_atc_plugins.so" to ""
-- Installing: /home/msi/caato2_ws/install/rviz_atc_plugins/share/rviz_atc_plugins/plugin_description.xml
-- Installing: /home/msi/caato2_ws/install/rviz_atc_plugins/share/rviz_atc_plugins/rviz
-- Installing: /home/msi/caato2_ws/install/rviz_atc_plugins/share/rviz_atc_plugins/rviz/atc_rviz.sim.rviz
-- Installing: /home/msi/caato2_ws/install/rviz_atc_plugins/share/rviz_atc_plugins/rviz/atc_rviz.rviz
-- Installing: /home/msi/caato2_ws/install/rviz_atc_plugins/share/rviz_atc_plugins/rviz/with_tag_detection.rviz
-- Installing: /home/msi/caato2_ws/install/rviz_atc_plugins/share/rviz_atc_plugins/media
-- Installing: /home/msi/caato2_ws/install/rviz_atc_plugins/share/rviz_atc_plugins/media/flag2.dae
-- Installing: /home/msi/caato2_ws/install/rviz_atc_plugins/share/rviz_atc_plugins/media/flag.dae
-- Installing: /home/msi/caato2_ws/install/rviz_atc_plugins/share/rviz_atc_plugins/media/arrow.dae
-- Installing: /home/msi/caato2_ws/install/rviz_atc_plugins/share/rviz_atc_plugins/icons
-- Installing: /home/msi/caato2_ws/install/rviz_atc_plugins/share/rviz_atc_plugins/icons/classes
-- Installing: /home/msi/caato2_ws/install/rviz_atc_plugins/share/rviz_atc_plugins/icons/classes/PlantFlag.png
-- Installing: /home/msi/caato2_ws/install/rviz_atc_plugins/share/rviz_atc_plugins/icons/classes/Imu.png
-- Installing: /home/msi/caato2_ws/install/rviz_atc_plugins/share/rviz_atc_plugins/icons/classes/Teleop.png
-- Installing: /home/msi/caato2_ws/install/rviz_atc_plugins/lib/rviz_atc_plugins/send_test_msgs.py
