[0.078s] Invoking command in '/home/msi/caato2_ws/build/ouster_example': /usr/bin/cmake --build /home/msi/caato2_ws/build/ouster_example -- -j20 -l20
[0.185s] [  0%] Built target generate_build_header
[0.206s] [ 44%] Built target ouster_client
[0.213s] [ 88%] Built target ouster_viz
[0.213s] [100%] Built target ouster_client_example
[0.256s] Invoked command in '/home/msi/caato2_ws/build/ouster_example' returned '0': /usr/bin/cmake --build /home/msi/caato2_ws/build/ouster_example -- -j20 -l20
[0.477s] Invoking command in '/home/msi/caato2_ws/build/ouster_example': /usr/bin/cmake --install /home/msi/caato2_ws/build/ouster_example
[0.510s] -- Install configuration: "Release"
[0.510s] -- Up-to-date: /home/msi/caato2_ws/install/ouster_example/lib/cmake/OusterSDK/OusterSDKTargets.cmake
[0.511s] -- Up-to-date: /home/msi/caato2_ws/install/ouster_example/lib/cmake/OusterSDK/OusterSDKTargets-release.cmake
[0.511s] -- Up-to-date: /home/msi/caato2_ws/install/ouster_example/lib/cmake/OusterSDK/OusterSDKConfig.cmake
[0.511s] -- Up-to-date: /home/msi/caato2_ws/install/ouster_example/lib/cmake/OusterSDK/OusterSDKConfigVersion.cmake
[0.511s] -- Up-to-date: /home/msi/caato2_ws/install/ouster_example/share/LICENSE
[0.511s] -- Up-to-date: /home/msi/caato2_ws/install/ouster_example/share/LICENSE-bin
[0.511s] -- Up-to-date: /home/msi/caato2_ws/install/ouster_example/lib/libouster_client.a
[0.512s] -- Up-to-date: /home/msi/caato2_ws/install/ouster_example/bin/ouster_client_example
[0.512s] -- Up-to-date: /home/msi/caato2_ws/install/ouster_example/include/ouster
[0.512s] -- Up-to-date: /home/msi/caato2_ws/install/ouster_example/include/ouster/version.h
[0.512s] -- Up-to-date: /home/msi/caato2_ws/install/ouster_example/include/ouster/types.h
[0.512s] -- Up-to-date: /home/msi/caato2_ws/install/ouster_example/include/ouster/impl
[0.512s] -- Up-to-date: /home/msi/caato2_ws/install/ouster_example/include/ouster/impl/netcompat.h
[0.512s] -- Up-to-date: /home/msi/caato2_ws/install/ouster_example/include/ouster/impl/lidar_scan_impl.h
[0.513s] -- Up-to-date: /home/msi/caato2_ws/install/ouster_example/include/ouster/image_processing.h
[0.514s] -- Up-to-date: /home/msi/caato2_ws/install/ouster_example/include/ouster/client.h
[0.514s] -- Up-to-date: /home/msi/caato2_ws/install/ouster_example/include/ouster/lidar_scan.h
[0.514s] -- Up-to-date: /home/msi/caato2_ws/install/ouster_example/include/ouster/buffered_udp_source.h
[0.514s] -- Up-to-date: /home/msi/caato2_ws/install/ouster_example/include/optional-lite
[0.514s] -- Up-to-date: /home/msi/caato2_ws/install/ouster_example/include/optional-lite/LICENSE.txt
[0.515s] -- Up-to-date: /home/msi/caato2_ws/install/ouster_example/include/optional-lite/nonstd
[0.515s] -- Up-to-date: /home/msi/caato2_ws/install/ouster_example/include/optional-lite/nonstd/optional.hpp
[0.515s] -- Up-to-date: /home/msi/caato2_ws/install/ouster_example/lib/libouster_viz.a
[0.515s] -- Up-to-date: /home/msi/caato2_ws/install/ouster_example/include/ouster
[0.515s] -- Up-to-date: /home/msi/caato2_ws/install/ouster_example/include/ouster/point_viz.h
[0.551s] Invoked command in '/home/msi/caato2_ws/build/ouster_example' returned '0': /usr/bin/cmake --install /home/msi/caato2_ws/build/ouster_example
