[0.171s] Invoking command in '/home/msi/caato2_ws/build/xnergy_charger_rcu': /usr/bin/cmake --build /home/msi/caato2_ws/build/xnergy_charger_rcu -- -j20 -l20
[0.237s] [  0%] Built target actionlib_msgs_generate_messages_py
[0.237s] [  0%] Built target sensor_msgs_generate_messages_py
[0.241s] [  0%] Built target std_msgs_generate_messages_py
[0.242s] [  0%] Built target std_msgs_generate_messages_nodejs
[0.247s] [  0%] Built target sensor_msgs_generate_messages_nodejs
[0.247s] [  0%] Built target actionlib_msgs_generate_messages_nodejs
[0.247s] [  0%] Built target actionlib_msgs_generate_messages_eus
[0.260s] [  0%] Built target sensor_msgs_generate_messages_eus
[0.265s] [  0%] Built target actionlib_msgs_generate_messages_cpp
[0.265s] [  0%] Built target std_msgs_generate_messages_cpp
[0.271s] [  0%] Built target _xnergy_charger_rcu_generate_messages_check_deps_ChargeActionResult
[0.271s] [  0%] Built target sensor_msgs_generate_messages_cpp
[0.273s] [  0%] Built target _xnergy_charger_rcu_generate_messages_check_deps_ChargeResult
[0.276s] [  0%] Built target std_msgs_generate_messages_lisp
[0.278s] [  0%] Built target _xnergy_charger_rcu_generate_messages_check_deps_ChargeAction
[0.278s] [  0%] Built target _xnergy_charger_rcu_generate_messages_check_deps_ChargerState
[0.281s] [  0%] Built target std_msgs_generate_messages_eus
[0.282s] [  0%] Built target _xnergy_charger_rcu_generate_messages_check_deps_ChargeGoal
[0.289s] [  0%] Built target sensor_msgs_generate_messages_lisp
[0.289s] [  0%] Built target _xnergy_charger_rcu_generate_messages_check_deps_ChargeActionGoal
[0.289s] [  0%] Built target _xnergy_charger_rcu_generate_messages_check_deps_ChargeFeedback
[0.289s] [  0%] Built target _xnergy_charger_rcu_generate_messages_check_deps_ChargeActionFeedback
[0.290s] [  0%] Built target actionlib_msgs_generate_messages_lisp
[0.315s] [ 19%] Built target xnergy_charger_rcu_generate_messages_nodejs
[0.319s] [ 40%] Built target xnergy_charger_rcu_generate_messages_py
[0.323s] [ 69%] Built target xnergy_charger_rcu_generate_messages_eus
[0.324s] [ 80%] Built target xnergy_charger_rcu_generate_messages_lisp
[0.329s] [100%] Built target xnergy_charger_rcu_generate_messages_cpp
[0.360s] [100%] Built target xnergy_charger_rcu_generate_messages
