[0.127s] Invoking command in '/home/msi/caato2_ws/build/atc_waypoints': CMAKE_PREFIX_PATH=/home/msi/caato2_ws/install/atc_utils:/home/msi/caato2_ws/install/atc_msgs:${CMAKE_PREFIX_PATH} LD_LIBRARY_PATH=/home/msi/caato2_ws/install/atc_utils/lib:/opt/ros/noetic/lib:/opt/ros/noetic/lib/x86_64-linux-gnu:/usr/local/cuda-10.2/lib64:/media/msi/Data20/workspace/TensorRT-7.1.3.4/targets/x86_64-linux-gnu/lib:/media/Data/workspace/free_fleet/client_ws/install/atc_detector/share/atc_detector PKG_CONFIG_PATH=/home/msi/caato2_ws/install/atc_utils/lib/x86_64-linux-gnu/pkgconfig:/home/msi/caato2_ws/install/atc_utils/lib/pkgconfig:/home/msi/caato2_ws/install/atc_msgs/lib/x86_64-linux-gnu/pkgconfig:/home/msi/caato2_ws/install/atc_msgs/lib/pkgconfig:${PKG_CONFIG_PATH} PYTHONPATH=/home/msi/caato2_ws/install/atc_msgs/lib/python3/dist-packages:${PYTHONPATH} ROS_PACKAGE_PATH=/home/msi/caato2_ws/install/atc_utils/share:/home/msi/caato2_ws/install/atc_msgs/share:${ROS_PACKAGE_PATH} /usr/bin/cmake --build /home/msi/caato2_ws/build/atc_waypoints -- -j20 -l20
[0.206s] [ 12%] Built target atc_waypoints
[0.207s] [ 12%] Built target std_msgs_generate_messages_cpp
[0.210s] [ 12%] Built target std_msgs_generate_messages_nodejs
[0.210s] [ 12%] Built target std_msgs_generate_messages_py
[0.214s] [ 12%] Built target geometry_msgs_generate_messages_cpp
[0.215s] [ 12%] Built target geometry_msgs_generate_messages_nodejs
[0.218s] [ 12%] Built target geometry_msgs_generate_messages_py
[0.222s] [ 12%] Built target geometry_msgs_generate_messages_eus
[0.222s] [ 12%] Built target std_msgs_generate_messages_eus
[0.227s] [ 12%] Built target _atc_waypoints_generate_messages_check_deps_Run_Wp
[0.227s] [ 12%] Built target _atc_waypoints_generate_messages_check_deps_Wp_2_Group
[0.227s] [ 12%] Built target _atc_waypoints_generate_messages_check_deps_waypointArray
[0.231s] [ 12%] Built target _atc_waypoints_generate_messages_check_deps_waypoint_msg
[0.231s] [ 12%] Built target std_msgs_generate_messages_lisp
[0.233s] [ 12%] Built target geometry_msgs_generate_messages_lisp
[0.234s] [ 12%] Built target _atc_waypoints_generate_messages_check_deps_Load_Wp
[0.234s] [ 12%] Built target _atc_waypoints_generate_messages_check_deps_Stop_Wp
[0.234s] [ 12%] Built target _atc_waypoints_generate_messages_check_deps_waypoint_group
[0.237s] [ 12%] Built target _atc_waypoints_generate_messages_check_deps_Groups_Wp
[0.240s] [ 12%] Built target _atc_waypoints_generate_messages_check_deps_Save_Wp
[0.251s] [ 12%] Built target _atc_waypoints_generate_messages_check_deps_Delete_Wp
[0.263s] [ 90%] Built target atc_waypoints_generate_messages_cpp
[0.263s] [ 90%] Built target atc_waypoints_generate_messages_nodejs
[0.263s] [ 90%] Built target atc_waypoints_generate_messages_lisp
[0.263s] [ 93%] Built target atc_waypoints_generate_messages_eus
[0.263s] [ 93%] Built target atc_waypoints_generate_messages_py
[0.275s] [ 93%] Built target atc_waypoints_gencpp
[0.275s] [ 93%] Built target atc_waypoints_generate_messages
[0.290s] [ 96%] Built target debug_waypoints
[0.291s] [100%] Built target waypoints_server
