[0.147s] Invoking command in '/home/msi/caato2_ws/build/ds4_driver': /usr/bin/cmake --build /home/msi/caato2_ws/build/ds4_driver -- -j20 -l20
[0.269s] [  0%] Built target sensor_msgs_generate_messages_eus
[0.277s] [  0%] Built target std_msgs_generate_messages_eus
[0.296s] [  0%] Built target _ds4_driver_generate_messages_check_deps_Report
[0.302s] [  0%] Built target _ds4_driver_generate_messages_check_deps_Trackpad
[0.311s] [  0%] Built target std_msgs_generate_messages_lisp
[0.325s] [  0%] Built target sensor_msgs_generate_messages_lisp
[0.331s] [  0%] Built target std_msgs_generate_messages_cpp
[0.338s] [  0%] Built target sensor_msgs_generate_messages_cpp
[0.341s] [  0%] Built target _ds4_driver_generate_messages_check_deps_Feedback
[0.355s] [  0%] Built target _ds4_driver_generate_messages_check_deps_Status
[0.361s] [  0%] Built target sensor_msgs_generate_messages_nodejs
[0.366s] [  0%] Built target std_msgs_generate_messages_py
[0.366s] [  0%] Built target sensor_msgs_generate_messages_py
[0.367s] [  0%] Built target std_msgs_generate_messages_nodejs
[0.378s] [ 18%] Built target ds4_driver_generate_messages_cpp
[0.387s] [ 40%] Built target ds4_driver_generate_messages_eus
[0.387s] [ 59%] Built target ds4_driver_generate_messages_lisp
[0.387s] [ 86%] Built target ds4_driver_generate_messages_py
[0.387s] [100%] Built target ds4_driver_generate_messages_nodejs
[0.407s] [100%] Built target ds4_driver_generate_messages
[0.436s] Invoked command in '/home/msi/caato2_ws/build/ds4_driver' returned '0': /usr/bin/cmake --build /home/msi/caato2_ws/build/ds4_driver -- -j20 -l20
[0.515s] Invoking command in '/home/msi/caato2_ws/build/ds4_driver': /usr/bin/cmake --build /home/msi/caato2_ws/build/ds4_driver --target tests -- -j20 -l20
[0.556s] Built target tests
[0.614s] Invoked command in '/home/msi/caato2_ws/build/ds4_driver' returned '0': /usr/bin/cmake --build /home/msi/caato2_ws/build/ds4_driver --target tests -- -j20 -l20
[0.730s] Invoking command in '/home/msi/caato2_ws/build/ds4_driver': /usr/bin/cmake --install /home/msi/caato2_ws/build/ds4_driver
[0.753s] -- Install configuration: ""
[0.753s] -- Up-to-date: /home/msi/caato2_ws/install/ds4_driver/share/ds4_driver/msg/Feedback.msg
[0.753s] -- Up-to-date: /home/msi/caato2_ws/install/ds4_driver/share/ds4_driver/msg/Report.msg
[0.753s] -- Up-to-date: /home/msi/caato2_ws/install/ds4_driver/share/ds4_driver/msg/Status.msg
[0.753s] -- Up-to-date: /home/msi/caato2_ws/install/ds4_driver/share/ds4_driver/msg/Trackpad.msg
[0.753s] + cd /home/msi/caato2_ws/src/siot/ds4_driver
[0.753s] + mkdir -p /home/msi/caato2_ws/install/ds4_driver/lib/python3/dist-packages
[0.753s] + /usr/bin/env PYTHONPATH=/home/msi/caato2_ws/install/ds4_driver/lib/python3/dist-packages:/home/msi/caato2_ws/build/ds4_driver/lib/python3/dist-packages:/opt/ros/noetic/lib/python3/dist-packages CATKIN_BINARY_DIR=/home/msi/caato2_ws/build/ds4_driver /usr/bin/python3 /home/msi/caato2_ws/src/siot/ds4_driver/setup.py build --build-base /home/msi/caato2_ws/build/ds4_driver install --root=/ --install-layout=deb --prefix=/home/msi/caato2_ws/install/ds4_driver --install-scripts=/home/msi/caato2_ws/install/ds4_driver/bin
[0.753s] running build
[0.753s] running build_py
[0.753s] running install
[0.754s] running install_lib
[0.754s] running install_egg_info
[0.754s] Removing /home/msi/caato2_ws/install/ds4_driver/lib/python3/dist-packages/ds4_driver-0.2.1.egg-info
[0.754s] Writing /home/msi/caato2_ws/install/ds4_driver/lib/python3/dist-packages/ds4_driver-0.2.1.egg-info
[0.754s] -- Up-to-date: /home/msi/caato2_ws/install/ds4_driver/share/ds4_driver/cmake/ds4_driver-msg-paths.cmake
[0.754s] -- Up-to-date: /home/msi/caato2_ws/install/ds4_driver/include/ds4_driver
[0.754s] -- Up-to-date: /home/msi/caato2_ws/install/ds4_driver/include/ds4_driver/Trackpad.h
[0.755s] -- Up-to-date: /home/msi/caato2_ws/install/ds4_driver/include/ds4_driver/Status.h
[0.756s] -- Up-to-date: /home/msi/caato2_ws/install/ds4_driver/include/ds4_driver/Report.h
[0.756s] -- Up-to-date: /home/msi/caato2_ws/install/ds4_driver/include/ds4_driver/Feedback.h
[0.756s] -- Up-to-date: /home/msi/caato2_ws/install/ds4_driver/share/roseus/ros/ds4_driver
[0.756s] -- Up-to-date: /home/msi/caato2_ws/install/ds4_driver/share/roseus/ros/ds4_driver/msg
[0.756s] -- Up-to-date: /home/msi/caato2_ws/install/ds4_driver/share/roseus/ros/ds4_driver/msg/Status.l
[0.756s] -- Up-to-date: /home/msi/caato2_ws/install/ds4_driver/share/roseus/ros/ds4_driver/msg/Report.l
[0.757s] -- Up-to-date: /home/msi/caato2_ws/install/ds4_driver/share/roseus/ros/ds4_driver/msg/Trackpad.l
[0.757s] -- Up-to-date: /home/msi/caato2_ws/install/ds4_driver/share/roseus/ros/ds4_driver/msg/Feedback.l
[0.757s] -- Up-to-date: /home/msi/caato2_ws/install/ds4_driver/share/roseus/ros/ds4_driver/manifest.l
[0.757s] -- Up-to-date: /home/msi/caato2_ws/install/ds4_driver/share/common-lisp/ros/ds4_driver
[0.757s] -- Up-to-date: /home/msi/caato2_ws/install/ds4_driver/share/common-lisp/ros/ds4_driver/msg
[0.757s] -- Up-to-date: /home/msi/caato2_ws/install/ds4_driver/share/common-lisp/ros/ds4_driver/msg/_package.lisp
[0.757s] -- Up-to-date: /home/msi/caato2_ws/install/ds4_driver/share/common-lisp/ros/ds4_driver/msg/_package_Report.lisp
[0.757s] -- Up-to-date: /home/msi/caato2_ws/install/ds4_driver/share/common-lisp/ros/ds4_driver/msg/Status.lisp
[0.758s] -- Up-to-date: /home/msi/caato2_ws/install/ds4_driver/share/common-lisp/ros/ds4_driver/msg/_package_Feedback.lisp
[0.758s] -- Up-to-date: /home/msi/caato2_ws/install/ds4_driver/share/common-lisp/ros/ds4_driver/msg/Report.lisp
[0.758s] -- Up-to-date: /home/msi/caato2_ws/install/ds4_driver/share/common-lisp/ros/ds4_driver/msg/Trackpad.lisp
[0.758s] -- Up-to-date: /home/msi/caato2_ws/install/ds4_driver/share/common-lisp/ros/ds4_driver/msg/ds4_driver-msg.asd
[0.758s] -- Up-to-date: /home/msi/caato2_ws/install/ds4_driver/share/common-lisp/ros/ds4_driver/msg/_package_Status.lisp
[0.758s] -- Up-to-date: /home/msi/caato2_ws/install/ds4_driver/share/common-lisp/ros/ds4_driver/msg/_package_Trackpad.lisp
[0.759s] -- Up-to-date: /home/msi/caato2_ws/install/ds4_driver/share/common-lisp/ros/ds4_driver/msg/Feedback.lisp
[0.759s] -- Up-to-date: /home/msi/caato2_ws/install/ds4_driver/share/gennodejs/ros/ds4_driver
[0.759s] -- Up-to-date: /home/msi/caato2_ws/install/ds4_driver/share/gennodejs/ros/ds4_driver/_index.js
[0.759s] -- Up-to-date: /home/msi/caato2_ws/install/ds4_driver/share/gennodejs/ros/ds4_driver/msg
[0.759s] -- Up-to-date: /home/msi/caato2_ws/install/ds4_driver/share/gennodejs/ros/ds4_driver/msg/_index.js
[0.760s] -- Up-to-date: /home/msi/caato2_ws/install/ds4_driver/share/gennodejs/ros/ds4_driver/msg/Status.js
[0.760s] -- Up-to-date: /home/msi/caato2_ws/install/ds4_driver/share/gennodejs/ros/ds4_driver/msg/Report.js
[0.760s] -- Up-to-date: /home/msi/caato2_ws/install/ds4_driver/share/gennodejs/ros/ds4_driver/msg/Trackpad.js
[0.760s] -- Up-to-date: /home/msi/caato2_ws/install/ds4_driver/share/gennodejs/ros/ds4_driver/msg/Feedback.js
[0.771s] Listing '/home/msi/caato2_ws/build/ds4_driver/devel/lib/python3/dist-packages/ds4_driver'...
[0.771s] Listing '/home/msi/caato2_ws/build/ds4_driver/devel/lib/python3/dist-packages/ds4_driver/msg'...
[0.776s] -- Up-to-date: /home/msi/caato2_ws/install/ds4_driver/lib/python3/dist-packages/ds4_driver
[0.777s] -- Up-to-date: /home/msi/caato2_ws/install/ds4_driver/lib/python3/dist-packages/ds4_driver/msg
[0.777s] -- Up-to-date: /home/msi/caato2_ws/install/ds4_driver/lib/python3/dist-packages/ds4_driver/msg/_Feedback.py
[0.777s] -- Up-to-date: /home/msi/caato2_ws/install/ds4_driver/lib/python3/dist-packages/ds4_driver/msg/_Trackpad.py
[0.777s] -- Up-to-date: /home/msi/caato2_ws/install/ds4_driver/lib/python3/dist-packages/ds4_driver/msg/_Status.py
[0.777s] -- Up-to-date: /home/msi/caato2_ws/install/ds4_driver/lib/python3/dist-packages/ds4_driver/msg/_Report.py
[0.777s] -- Up-to-date: /home/msi/caato2_ws/install/ds4_driver/lib/python3/dist-packages/ds4_driver/msg/__pycache__
[0.777s] -- Up-to-date: /home/msi/caato2_ws/install/ds4_driver/lib/python3/dist-packages/ds4_driver/msg/__pycache__/_Status.cpython-38.pyc
[0.778s] -- Up-to-date: /home/msi/caato2_ws/install/ds4_driver/lib/python3/dist-packages/ds4_driver/msg/__pycache__/_Report.cpython-38.pyc
[0.778s] -- Up-to-date: /home/msi/caato2_ws/install/ds4_driver/lib/python3/dist-packages/ds4_driver/msg/__pycache__/__init__.cpython-38.pyc
[0.778s] -- Up-to-date: /home/msi/caato2_ws/install/ds4_driver/lib/python3/dist-packages/ds4_driver/msg/__pycache__/_Trackpad.cpython-38.pyc
[0.778s] -- Up-to-date: /home/msi/caato2_ws/install/ds4_driver/lib/python3/dist-packages/ds4_driver/msg/__pycache__/_Feedback.cpython-38.pyc
[0.778s] -- Up-to-date: /home/msi/caato2_ws/install/ds4_driver/lib/python3/dist-packages/ds4_driver/__pycache__
[0.779s] -- Up-to-date: /home/msi/caato2_ws/install/ds4_driver/lib/python3/dist-packages/ds4_driver/__pycache__/__init__.cpython-38.pyc
[0.779s] -- Up-to-date: /home/msi/caato2_ws/install/ds4_driver/lib/python3/dist-packages/ds4_driver
[0.779s] -- Up-to-date: /home/msi/caato2_ws/install/ds4_driver/lib/python3/dist-packages/ds4_driver/msg
[0.779s] -- Up-to-date: /home/msi/caato2_ws/install/ds4_driver/lib/python3/dist-packages/ds4_driver/msg/__init__.py
[0.779s] -- Up-to-date: /home/msi/caato2_ws/install/ds4_driver/lib/python3/dist-packages/ds4_driver/msg/__pycache__
[0.779s] -- Up-to-date: /home/msi/caato2_ws/install/ds4_driver/lib/python3/dist-packages/ds4_driver/__pycache__
[0.779s] -- Up-to-date: /home/msi/caato2_ws/install/ds4_driver/lib/pkgconfig/ds4_driver.pc
[0.779s] -- Up-to-date: /home/msi/caato2_ws/install/ds4_driver/share/ds4_driver/cmake/ds4_driver-msg-extras.cmake
[0.780s] -- Up-to-date: /home/msi/caato2_ws/install/ds4_driver/share/ds4_driver/cmake/ds4_driverConfig.cmake
[0.780s] -- Up-to-date: /home/msi/caato2_ws/install/ds4_driver/share/ds4_driver/cmake/ds4_driverConfig-version.cmake
[0.780s] -- Up-to-date: /home/msi/caato2_ws/install/ds4_driver/share/ds4_driver/package.xml
[0.780s] -- Up-to-date: /home/msi/caato2_ws/install/ds4_driver/lib/ds4_driver/ds4_driver_node.py
[0.780s] -- Up-to-date: /home/msi/caato2_ws/install/ds4_driver/lib/ds4_driver/ds4_twist_node.py
[0.780s] -- Up-to-date: /home/msi/caato2_ws/install/ds4_driver/lib/ds4_driver/demo.py
[0.781s] -- Up-to-date: /home/msi/caato2_ws/install/ds4_driver/share/ds4_driver/launch
[0.781s] -- Up-to-date: /home/msi/caato2_ws/install/ds4_driver/share/ds4_driver/launch/ds4_driver.launch
[0.781s] -- Up-to-date: /home/msi/caato2_ws/install/ds4_driver/share/ds4_driver/launch/demo.launch
[0.781s] -- Up-to-date: /home/msi/caato2_ws/install/ds4_driver/share/ds4_driver/launch/ds4_twist.launch
[0.781s] -- Up-to-date: /home/msi/caato2_ws/install/ds4_driver/share/ds4_driver/src
[0.782s] -- Up-to-date: /home/msi/caato2_ws/install/ds4_driver/share/ds4_driver/src/ds4_driver
[0.782s] -- Up-to-date: /home/msi/caato2_ws/install/ds4_driver/share/ds4_driver/src/ds4_driver/logger.py
[0.782s] -- Up-to-date: /home/msi/caato2_ws/install/ds4_driver/share/ds4_driver/src/ds4_driver/controller_ros.py
[0.783s] -- Up-to-date: /home/msi/caato2_ws/install/ds4_driver/share/ds4_driver/src/ds4_driver/__init__.py
[0.783s] -- Up-to-date: /home/msi/caato2_ws/install/ds4_driver/share/ds4_driver/src/ds4_driver/controller.py
[0.783s] -- Up-to-date: /home/msi/caato2_ws/install/ds4_driver/share/ds4_driver/config
[0.783s] -- Up-to-date: /home/msi/caato2_ws/install/ds4_driver/share/ds4_driver/config/twist_2dof.yaml
[0.784s] -- Up-to-date: /home/msi/caato2_ws/install/ds4_driver/share/ds4_driver/config/params.yaml
[0.784s] -- Up-to-date: /home/msi/caato2_ws/install/ds4_driver/share/ds4_driver/config/twist_6dof.yaml
[0.887s] Invoked command in '/home/msi/caato2_ws/build/ds4_driver' returned '0': /usr/bin/cmake --install /home/msi/caato2_ws/build/ds4_driver
