-- The C compiler identification is GNU 8.4.0
-- The CXX compiler identification is GNU 8.4.0
-- Check for working C compiler: /usr/bin/cc
-- Check for working C compiler: /usr/bin/cc -- works
-- Detecting C compiler ABI info
-- Detecting C compiler ABI info - done
-- Detecting C compile features
-- Detecting C compile features - done
-- Check for working CXX compiler: /usr/bin/c++
-- Check for working CXX compiler: /usr/bin/c++ -- works
-- Detecting CXX compiler ABI info
-- Detecting CXX compiler ABI info - done
-- Detecting CXX compile features
-- Detecting CXX compile features - done
-- Using CATKIN_DEVEL_PREFIX: /home/msi/caato2_ws/build/atc_utils/devel
-- Using CMAKE_PREFIX_PATH: /opt/ros/noetic
-- This workspace overlays: /opt/ros/noetic
-- Found PythonInterp: /usr/bin/python3 (found suitable version "3.8.10", minimum required is "3") 
-- Using PYTHON_EXECUTABLE: /usr/bin/python3
-- Using Debian Python package layout
-- Found PY_em: /usr/lib/python3/dist-packages/em.py  
-- Using empy: /usr/lib/python3/dist-packages/em.py
-- Using CATKIN_ENABLE_TESTING: ON
-- Call enable_testing()
-- Using CATKIN_TEST_RESULTS_DIR: /home/msi/caato2_ws/build/atc_utils/test_results
-- Forcing gtest/gmock from source, though one was otherwise available.
-- Found gtest sources under '/usr/src/googletest': gtests will be built
-- Found gmock sources under '/usr/src/googletest': gmock will be built
-- Found PythonInterp: /usr/bin/python3 (found version "3.8.10") 
-- Found Threads: TRUE  
-- Using Python nosetests: /usr/bin/nosetests3
-- catkin 0.8.10
-- BUILD_SHARED_LIBS is on
-- Configuring done
-- Generating done
-- Build files have been written to: /home/msi/caato2_ws/build/atc_utils
[35m[1mScanning dependencies of target atc_utils[0m
[ 50%] [32mBuilding CXX object CMakeFiles/atc_utils.dir/src/atc_utils.cpp.o[0m
[100%] [32m[1mLinking CXX shared library devel/lib/libatc_utils.so[0m
[100%] Built target atc_utils
[35m[1mScanning dependencies of target tests[0m
Built target tests
-- Install configuration: ""
-- Installing: /home/msi/caato2_ws/install/atc_utils/lib/pkgconfig/atc_utils.pc
-- Installing: /home/msi/caato2_ws/install/atc_utils/share/atc_utils/cmake/atc_utilsConfig.cmake
-- Installing: /home/msi/caato2_ws/install/atc_utils/share/atc_utils/cmake/atc_utilsConfig-version.cmake
-- Installing: /home/msi/caato2_ws/install/atc_utils/share/atc_utils/package.xml
-- Installing: /home/msi/caato2_ws/install/atc_utils/lib/libatc_utils.so
-- Set runtime path of "/home/msi/caato2_ws/install/atc_utils/lib/libatc_utils.so" to ""
-- Installing: /home/msi/caato2_ws/install/rviz_atc_plugins/lib/libatc_utils.so
-- Set runtime path of "/home/msi/caato2_ws/install/rviz_atc_plugins/lib/libatc_utils.so" to ""
-- Installing: /home/msi/caato2_ws/install/atc_utils/include/atc_utils
-- Installing: /home/msi/caato2_ws/install/atc_utils/include/atc_utils/Quaternion.hpp
-- Installing: /home/msi/caato2_ws/install/atc_utils/include/atc_utils/atc_utils.h
-- Installing: /home/msi/caato2_ws/install/atc_utils/include/atc_utils/Matrix3x3.hpp
-- Installing: /home/msi/caato2_ws/install/atc_utils/include/atc_utils/Vector2.hpp
-- Installing: /home/msi/caato2_ws/install/atc_utils/include/atc_utils/angles.h
-- Installing: /home/msi/caato2_ws/install/atc_utils/include/atc_utils/Vector3.hpp
