[0.055s] Invoking command in '/home/msi/caato2_ws/build/atc_utils': /usr/bin/cmake /home/msi/caato2_ws/src/siot/atc_meta_package/atc_utils -DCATKIN_INSTALL_INTO_PREFIX_ROOT=0 -DCMAKE_INSTALL_PREFIX=/home/msi/caato2_ws/install/atc_utils
[0.122s] -- The C compiler identification is GNU 8.4.0
[0.173s] -- The CXX compiler identification is GNU 8.4.0
[0.179s] -- Check for working C compiler: /usr/bin/cc
[0.250s] -- Check for working C compiler: /usr/bin/cc -- works
[0.251s] -- Detecting C compiler ABI info
[0.332s] -- Detecting C compiler ABI info - done
[0.349s] -- Detecting C compile features
[0.349s] -- Detecting C compile features - done
[0.353s] -- Check for working CXX compiler: /usr/bin/c++
[0.444s] -- Check for working CXX compiler: /usr/bin/c++ -- works
[0.447s] -- Detecting CXX compiler ABI info
[0.543s] -- Detecting CXX compiler ABI info - done
[0.560s] -- Detecting CXX compile features
[0.561s] -- Detecting CXX compile features - done
[0.563s] -- Using CATKIN_DEVEL_PREFIX: /home/msi/caato2_ws/build/atc_utils/devel
[0.563s] -- Using CMAKE_PREFIX_PATH: /opt/ros/noetic
[0.564s] -- This workspace overlays: /opt/ros/noetic
[0.591s] -- Found PythonInterp: /usr/bin/python3 (found suitable version "3.8.10", minimum required is "3") 
[0.591s] -- Using PYTHON_EXECUTABLE: /usr/bin/python3
[0.592s] -- Using Debian Python package layout
[0.630s] -- Found PY_em: /usr/lib/python3/dist-packages/em.py  
[0.630s] -- Using empy: /usr/lib/python3/dist-packages/em.py
[0.792s] -- Using CATKIN_ENABLE_TESTING: ON
[0.793s] -- Call enable_testing()
[0.795s] -- Using CATKIN_TEST_RESULTS_DIR: /home/msi/caato2_ws/build/atc_utils/test_results
[1.155s] -- Forcing gtest/gmock from source, though one was otherwise available.
[1.155s] -- Found gtest sources under '/usr/src/googletest': gtests will be built
[1.155s] -- Found gmock sources under '/usr/src/googletest': gmock will be built
[1.185s] -- Found PythonInterp: /usr/bin/python3 (found version "3.8.10") 
[1.187s] -- Found Threads: TRUE  
[1.193s] -- Using Python nosetests: /usr/bin/nosetests3
[1.265s] -- catkin 0.8.10
[1.265s] -- BUILD_SHARED_LIBS is on
[1.949s] -- Configuring done
[1.968s] -- Generating done
[1.986s] -- Build files have been written to: /home/msi/caato2_ws/build/atc_utils
[2.016s] Invoked command in '/home/msi/caato2_ws/build/atc_utils' returned '0': /usr/bin/cmake /home/msi/caato2_ws/src/siot/atc_meta_package/atc_utils -DCATKIN_INSTALL_INTO_PREFIX_ROOT=0 -DCMAKE_INSTALL_PREFIX=/home/msi/caato2_ws/install/atc_utils
[2.023s] Invoking command in '/home/msi/caato2_ws/build/atc_utils': /usr/bin/cmake --build /home/msi/caato2_ws/build/atc_utils -- -j20 -l20
[2.333s] [35m[1mScanning dependencies of target atc_utils[0m
[2.338s] [ 50%] [32mBuilding CXX object CMakeFiles/atc_utils.dir/src/atc_utils.cpp.o[0m
[9.248s] [100%] [32m[1mLinking CXX shared library devel/lib/libatc_utils.so[0m
[9.687s] [100%] Built target atc_utils
[9.733s] Invoked command in '/home/msi/caato2_ws/build/atc_utils' returned '0': /usr/bin/cmake --build /home/msi/caato2_ws/build/atc_utils -- -j20 -l20
[10.507s] Invoking command in '/home/msi/caato2_ws/build/atc_utils': /usr/bin/cmake --build /home/msi/caato2_ws/build/atc_utils --target tests -- -j20 -l20
[11.937s] [35m[1mScanning dependencies of target tests[0m
[11.937s] Built target tests
[11.962s] Invoked command in '/home/msi/caato2_ws/build/atc_utils' returned '0': /usr/bin/cmake --build /home/msi/caato2_ws/build/atc_utils --target tests -- -j20 -l20
[12.074s] Invoking command in '/home/msi/caato2_ws/build/atc_utils': /usr/bin/cmake --install /home/msi/caato2_ws/build/atc_utils
[15.102s] -- Install configuration: ""
[15.103s] -- Installing: /home/msi/caato2_ws/install/atc_utils/lib/pkgconfig/atc_utils.pc
[15.103s] -- Installing: /home/msi/caato2_ws/install/atc_utils/share/atc_utils/cmake/atc_utilsConfig.cmake
[15.103s] -- Installing: /home/msi/caato2_ws/install/atc_utils/share/atc_utils/cmake/atc_utilsConfig-version.cmake
[15.104s] -- Installing: /home/msi/caato2_ws/install/atc_utils/share/atc_utils/package.xml
[15.108s] -- Installing: /home/msi/caato2_ws/install/atc_utils/lib/libatc_utils.so
[15.108s] -- Set runtime path of "/home/msi/caato2_ws/install/atc_utils/lib/libatc_utils.so" to ""
[15.108s] -- Installing: /home/msi/caato2_ws/install/rviz_atc_plugins/lib/libatc_utils.so
[15.108s] -- Set runtime path of "/home/msi/caato2_ws/install/rviz_atc_plugins/lib/libatc_utils.so" to ""
[15.108s] -- Installing: /home/msi/caato2_ws/install/atc_utils/include/atc_utils
[15.108s] -- Installing: /home/msi/caato2_ws/install/atc_utils/include/atc_utils/Quaternion.hpp
[15.108s] -- Installing: /home/msi/caato2_ws/install/atc_utils/include/atc_utils/atc_utils.h
[15.108s] -- Installing: /home/msi/caato2_ws/install/atc_utils/include/atc_utils/Matrix3x3.hpp
[15.109s] -- Installing: /home/msi/caato2_ws/install/atc_utils/include/atc_utils/Vector2.hpp
[15.109s] -- Installing: /home/msi/caato2_ws/install/atc_utils/include/atc_utils/angles.h
[15.109s] -- Installing: /home/msi/caato2_ws/install/atc_utils/include/atc_utils/Vector3.hpp
[15.109s] Invoked command in '/home/msi/caato2_ws/build/atc_utils' returned '0': /usr/bin/cmake --install /home/msi/caato2_ws/build/atc_utils
