[0.157s] Invoking command in '/home/msi/caato2_ws/build/rosserial_python': CMAKE_PREFIX_PATH=/home/msi/caato2_ws/install/rosserial_msgs:${CMAKE_PREFIX_PATH} PKG_CONFIG_PATH=/home/msi/caato2_ws/install/rosserial_msgs/lib/x86_64-linux-gnu/pkgconfig:/home/msi/caato2_ws/install/rosserial_msgs/lib/pkgconfig:${PKG_CONFIG_PATH} PYTHONPATH=/home/msi/caato2_ws/install/rosserial_msgs/lib/python3/dist-packages:${PYTHONPATH} ROS_PACKAGE_PATH=/home/msi/caato2_ws/install/rosserial_msgs/share:${ROS_PACKAGE_PATH} /usr/bin/cmake --build /home/msi/caato2_ws/build/rosserial_python -- -j20 -l20
[0.241s] Invoked command in '/home/msi/caato2_ws/build/rosserial_python' returned '0': CMAKE_PREFIX_PATH=/home/msi/caato2_ws/install/rosserial_msgs:${CMAKE_PREFIX_PATH} PKG_CONFIG_PATH=/home/msi/caato2_ws/install/rosserial_msgs/lib/x86_64-linux-gnu/pkgconfig:/home/msi/caato2_ws/install/rosserial_msgs/lib/pkgconfig:${PKG_CONFIG_PATH} PYTHONPATH=/home/msi/caato2_ws/install/rosserial_msgs/lib/python3/dist-packages:${PYTHONPATH} ROS_PACKAGE_PATH=/home/msi/caato2_ws/install/rosserial_msgs/share:${ROS_PACKAGE_PATH} /usr/bin/cmake --build /home/msi/caato2_ws/build/rosserial_python -- -j20 -l20
[0.299s] Invoking command in '/home/msi/caato2_ws/build/rosserial_python': CMAKE_PREFIX_PATH=/home/msi/caato2_ws/install/rosserial_msgs:${CMAKE_PREFIX_PATH} PKG_CONFIG_PATH=/home/msi/caato2_ws/install/rosserial_msgs/lib/x86_64-linux-gnu/pkgconfig:/home/msi/caato2_ws/install/rosserial_msgs/lib/pkgconfig:${PKG_CONFIG_PATH} PYTHONPATH=/home/msi/caato2_ws/install/rosserial_msgs/lib/python3/dist-packages:${PYTHONPATH} ROS_PACKAGE_PATH=/home/msi/caato2_ws/install/rosserial_msgs/share:${ROS_PACKAGE_PATH} /usr/bin/cmake --build /home/msi/caato2_ws/build/rosserial_python --target tests -- -j20 -l20
[0.370s] Built target tests
[0.392s] Invoked command in '/home/msi/caato2_ws/build/rosserial_python' returned '0': CMAKE_PREFIX_PATH=/home/msi/caato2_ws/install/rosserial_msgs:${CMAKE_PREFIX_PATH} PKG_CONFIG_PATH=/home/msi/caato2_ws/install/rosserial_msgs/lib/x86_64-linux-gnu/pkgconfig:/home/msi/caato2_ws/install/rosserial_msgs/lib/pkgconfig:${PKG_CONFIG_PATH} PYTHONPATH=/home/msi/caato2_ws/install/rosserial_msgs/lib/python3/dist-packages:${PYTHONPATH} ROS_PACKAGE_PATH=/home/msi/caato2_ws/install/rosserial_msgs/share:${ROS_PACKAGE_PATH} /usr/bin/cmake --build /home/msi/caato2_ws/build/rosserial_python --target tests -- -j20 -l20
[0.443s] Invoking command in '/home/msi/caato2_ws/build/rosserial_python': CMAKE_PREFIX_PATH=/home/msi/caato2_ws/install/rosserial_msgs:${CMAKE_PREFIX_PATH} PKG_CONFIG_PATH=/home/msi/caato2_ws/install/rosserial_msgs/lib/x86_64-linux-gnu/pkgconfig:/home/msi/caato2_ws/install/rosserial_msgs/lib/pkgconfig:${PKG_CONFIG_PATH} PYTHONPATH=/home/msi/caato2_ws/install/rosserial_msgs/lib/python3/dist-packages:${PYTHONPATH} ROS_PACKAGE_PATH=/home/msi/caato2_ws/install/rosserial_msgs/share:${ROS_PACKAGE_PATH} /usr/bin/cmake --install /home/msi/caato2_ws/build/rosserial_python
[0.458s] -- Install configuration: ""
[0.459s] -- Up-to-date: /home/msi/caato2_ws/install/rosserial_python/lib/pkgconfig/rosserial_python.pc
[0.459s] -- Up-to-date: /home/msi/caato2_ws/install/rosserial_python/share/rosserial_python/cmake/rosserial_pythonConfig.cmake
[0.459s] -- Up-to-date: /home/msi/caato2_ws/install/rosserial_python/share/rosserial_python/cmake/rosserial_pythonConfig-version.cmake
[0.459s] -- Up-to-date: /home/msi/caato2_ws/install/rosserial_python/share/rosserial_python/package.xml
[0.459s] + cd /home/msi/caato2_ws/src/thirdparty/rosserial/rosserial_python
[0.459s] + mkdir -p /home/msi/caato2_ws/install/rosserial_python/lib/python3/dist-packages
[0.459s] + /usr/bin/env PYTHONPATH=/home/msi/caato2_ws/install/rosserial_python/lib/python3/dist-packages:/home/msi/caato2_ws/build/rosserial_python/lib/python3/dist-packages:/home/msi/caato2_ws/install/rosserial_msgs/lib/python3/dist-packages:/opt/ros/noetic/lib/python3/dist-packages CATKIN_BINARY_DIR=/home/msi/caato2_ws/build/rosserial_python /usr/bin/python3 /home/msi/caato2_ws/src/thirdparty/rosserial/rosserial_python/setup.py build --build-base /home/msi/caato2_ws/build/rosserial_python install --root=/ --install-layout=deb --prefix=/home/msi/caato2_ws/install/rosserial_python --install-scripts=/home/msi/caato2_ws/install/rosserial_python/bin
[0.492s] running build
[0.492s] running build_py
[0.492s] running install
[0.492s] running install_lib
[0.494s] running install_egg_info
[0.494s] Removing /home/msi/caato2_ws/install/rosserial_python/lib/python3/dist-packages/rosserial_python-0.9.2.egg-info
[0.494s] Writing /home/msi/caato2_ws/install/rosserial_python/lib/python3/dist-packages/rosserial_python-0.9.2.egg-info
[0.500s] -- Up-to-date: /home/msi/caato2_ws/install/rosserial_python/lib/rosserial_python/message_info_service.py
[0.500s] -- Up-to-date: /home/msi/caato2_ws/install/rosserial_python/lib/rosserial_python/serial_node.py
[0.530s] Invoked command in '/home/msi/caato2_ws/build/rosserial_python' returned '0': CMAKE_PREFIX_PATH=/home/msi/caato2_ws/install/rosserial_msgs:${CMAKE_PREFIX_PATH} PKG_CONFIG_PATH=/home/msi/caato2_ws/install/rosserial_msgs/lib/x86_64-linux-gnu/pkgconfig:/home/msi/caato2_ws/install/rosserial_msgs/lib/pkgconfig:${PKG_CONFIG_PATH} PYTHONPATH=/home/msi/caato2_ws/install/rosserial_msgs/lib/python3/dist-packages:${PYTHONPATH} ROS_PACKAGE_PATH=/home/msi/caato2_ws/install/rosserial_msgs/share:${ROS_PACKAGE_PATH} /usr/bin/cmake --install /home/msi/caato2_ws/build/rosserial_python
