[0.057s] Invoking command in '/home/msi/caato2_ws/build/atc_utils': /usr/bin/cmake --build /home/msi/caato2_ws/build/atc_utils -- -j20 -l20
[0.251s] [100%] Built target atc_utils
[0.374s] Invoked command in '/home/msi/caato2_ws/build/atc_utils' returned '0': /usr/bin/cmake --build /home/msi/caato2_ws/build/atc_utils -- -j20 -l20
[0.460s] Invoking command in '/home/msi/caato2_ws/build/atc_utils': /usr/bin/cmake --build /home/msi/caato2_ws/build/atc_utils --target tests -- -j20 -l20
[0.512s] Built target tests
[0.551s] Invoked command in '/home/msi/caato2_ws/build/atc_utils' returned '0': /usr/bin/cmake --build /home/msi/caato2_ws/build/atc_utils --target tests -- -j20 -l20
[0.614s] Invoking command in '/home/msi/caato2_ws/build/atc_utils': /usr/bin/cmake --install /home/msi/caato2_ws/build/atc_utils
[0.649s] -- Install configuration: ""
[0.650s] -- Up-to-date: /home/msi/caato2_ws/install/atc_utils/lib/pkgconfig/atc_utils.pc
[0.650s] -- Up-to-date: /home/msi/caato2_ws/install/atc_utils/share/atc_utils/cmake/atc_utilsConfig.cmake
[0.650s] -- Up-to-date: /home/msi/caato2_ws/install/atc_utils/share/atc_utils/cmake/atc_utilsConfig-version.cmake
[0.650s] -- Up-to-date: /home/msi/caato2_ws/install/atc_utils/share/atc_utils/package.xml
[0.651s] -- Up-to-date: /home/msi/caato2_ws/install/atc_utils/lib/libatc_utils.so
[0.652s] -- Up-to-date: /home/msi/caato2_ws/install/rviz_atc_plugins/lib/libatc_utils.so
[0.653s] -- Up-to-date: /home/msi/caato2_ws/install/atc_utils/include/atc_utils
[0.653s] -- Up-to-date: /home/msi/caato2_ws/install/atc_utils/include/atc_utils/Quaternion.hpp
[0.653s] -- Up-to-date: /home/msi/caato2_ws/install/atc_utils/include/atc_utils/atc_utils.h
[0.653s] -- Up-to-date: /home/msi/caato2_ws/install/atc_utils/include/atc_utils/Matrix3x3.hpp
[0.653s] -- Up-to-date: /home/msi/caato2_ws/install/atc_utils/include/atc_utils/Vector2.hpp
[0.654s] -- Up-to-date: /home/msi/caato2_ws/install/atc_utils/include/atc_utils/angles.h
[0.654s] -- Up-to-date: /home/msi/caato2_ws/install/atc_utils/include/atc_utils/Vector3.hpp
[0.683s] Invoked command in '/home/msi/caato2_ws/build/atc_utils' returned '0': /usr/bin/cmake --install /home/msi/caato2_ws/build/atc_utils
