Built target tests
-- Install configuration: ""
-- Up-to-date: /home/msi/caato2_ws/install/decada_sim_assets/lib/pkgconfig/decada_sim_assets.pc
-- Up-to-date: /home/msi/caato2_ws/install/decada_sim_assets/share/decada_sim_assets/cmake/decada_sim_assetsConfig.cmake
-- Up-to-date: /home/msi/caato2_ws/install/decada_sim_assets/share/decada_sim_assets/cmake/decada_sim_assetsConfig-version.cmake
-- Up-to-date: /home/msi/caato2_ws/install/decada_sim_assets/share/decada_sim_assets/package.xml
-- Up-to-date: /home/msi/caato2_ws/install/decada_sim_assets/share/decada_sim_assets/models
-- Up-to-date: /home/msi/caato2_ws/install/decada_sim_assets/share/decada_sim_assets/models/mbc_building_L1
-- Up-to-date: /home/msi/caato2_ws/install/decada_sim_assets/share/decada_sim_assets/models/mbc_building_L1/meshes
-- Up-to-date: /home/msi/caato2_ws/install/decada_sim_assets/share/decada_sim_assets/models/mbc_building_L1/meshes/floor_1.png
-- Up-to-date: /home/msi/caato2_ws/install/decada_sim_assets/share/decada_sim_assets/models/mbc_building_L1/meshes/default.png
-- Up-to-date: /home/msi/caato2_ws/install/decada_sim_assets/share/decada_sim_assets/models/mbc_building_L1/meshes/floor_2.png
-- Up-to-date: /home/msi/caato2_ws/install/decada_sim_assets/share/decada_sim_assets/models/mbc_building_L1/meshes/floor_2.mtl
-- Up-to-date: /home/msi/caato2_ws/install/decada_sim_assets/share/decada_sim_assets/models/mbc_building_L1/meshes/wall_1.obj
-- Up-to-date: /home/msi/caato2_ws/install/decada_sim_assets/share/decada_sim_assets/models/mbc_building_L1/meshes/floor_1.mtl
-- Up-to-date: /home/msi/caato2_ws/install/decada_sim_assets/share/decada_sim_assets/models/mbc_building_L1/meshes/floor_2.obj
-- Up-to-date: /home/msi/caato2_ws/install/decada_sim_assets/share/decada_sim_assets/models/mbc_building_L1/meshes/wall_1.mtl
-- Up-to-date: /home/msi/caato2_ws/install/decada_sim_assets/share/decada_sim_assets/models/mbc_building_L1/meshes/floor_1.obj
-- Up-to-date: /home/msi/caato2_ws/install/decada_sim_assets/share/decada_sim_assets/models/mbc_building_L1/model.sdf
-- Up-to-date: /home/msi/caato2_ws/install/decada_sim_assets/share/decada_sim_assets/models/mbc_building_L1/model.config
-- Up-to-date: /home/msi/caato2_ws/install/decada_sim_assets/share/decada_sim_assets/models/Trolley_id3
-- Up-to-date: /home/msi/caato2_ws/install/decada_sim_assets/share/decada_sim_assets/models/Trolley_id3/materials
-- Up-to-date: /home/msi/caato2_ws/install/decada_sim_assets/share/decada_sim_assets/models/Trolley_id3/materials/textures
-- Up-to-date: /home/msi/caato2_ws/install/decada_sim_assets/share/decada_sim_assets/models/Trolley_id3/materials/textures/AprilTag.003.png
-- Up-to-date: /home/msi/caato2_ws/install/decada_sim_assets/share/decada_sim_assets/models/Trolley_id3/materials/textures/AprilTag.002.png
-- Up-to-date: /home/msi/caato2_ws/install/decada_sim_assets/share/decada_sim_assets/models/Trolley_id3/materials/scripts
-- Up-to-date: /home/msi/caato2_ws/install/decada_sim_assets/share/decada_sim_assets/models/Trolley_id3/materials/scripts/AprilTag.003.material
-- Up-to-date: /home/msi/caato2_ws/install/decada_sim_assets/share/decada_sim_assets/models/Trolley_id3/materials/scripts/AprilTag.002.material
-- Up-to-date: /home/msi/caato2_ws/install/decada_sim_assets/share/decada_sim_assets/models/Trolley_id3/meshes
-- Up-to-date: /home/msi/caato2_ws/install/decada_sim_assets/share/decada_sim_assets/models/Trolley_id3/meshes/front_wheel.dae
-- Up-to-date: /home/msi/caato2_ws/install/decada_sim_assets/share/decada_sim_assets/models/Trolley_id3/meshes/Trolley
-- Up-to-date: /home/msi/caato2_ws/install/decada_sim_assets/share/decada_sim_assets/models/Trolley_id3/meshes/Trolley/__Terrazzo_4.jpg
-- Up-to-date: /home/msi/caato2_ws/install/decada_sim_assets/share/decada_sim_assets/models/Trolley_id3/meshes/caster_wheel.dae
-- Up-to-date: /home/msi/caato2_ws/install/decada_sim_assets/share/decada_sim_assets/models/Trolley_id3/meshes/caster_wheel.2.dae
-- Up-to-date: /home/msi/caato2_ws/install/decada_sim_assets/share/decada_sim_assets/models/Trolley_id3/meshes/Trolley.dae
-- Up-to-date: /home/msi/caato2_ws/install/decada_sim_assets/share/decada_sim_assets/models/Trolley_id3/meshes/caster_wheel_hub.dae
-- Up-to-date: /home/msi/caato2_ws/install/decada_sim_assets/share/decada_sim_assets/models/Trolley_id3/Readme.txt
-- Up-to-date: /home/msi/caato2_ws/install/decada_sim_assets/share/decada_sim_assets/models/Trolley_id3/model.sdf
-- Up-to-date: /home/msi/caato2_ws/install/decada_sim_assets/share/decada_sim_assets/models/Trolley_id3/model.config
-- Up-to-date: /home/msi/caato2_ws/install/decada_sim_assets/share/decada_sim_assets/models/Trolley
-- Up-to-date: /home/msi/caato2_ws/install/decada_sim_assets/share/decada_sim_assets/models/Trolley/materials
-- Up-to-date: /home/msi/caato2_ws/install/decada_sim_assets/share/decada_sim_assets/models/Trolley/materials/textures
-- Up-to-date: /home/msi/caato2_ws/install/decada_sim_assets/share/decada_sim_assets/models/Trolley/materials/textures/AprilTag.jpeg
-- Up-to-date: /home/msi/caato2_ws/install/decada_sim_assets/share/decada_sim_assets/models/Trolley/materials/textures/QrImage.png.bkup
-- Up-to-date: /home/msi/caato2_ws/install/decada_sim_assets/share/decada_sim_assets/models/Trolley/materials/scripts
-- Up-to-date: /home/msi/caato2_ws/install/decada_sim_assets/share/decada_sim_assets/models/Trolley/materials/scripts/AprilTag.material
-- Up-to-date: /home/msi/caato2_ws/install/decada_sim_assets/share/decada_sim_assets/models/Trolley/materials/scripts/QrImage.material.bkup
-- Up-to-date: /home/msi/caato2_ws/install/decada_sim_assets/share/decada_sim_assets/models/Trolley/meshes
-- Up-to-date: /home/msi/caato2_ws/install/decada_sim_assets/share/decada_sim_assets/models/Trolley/meshes/front_wheel.dae
-- Up-to-date: /home/msi/caato2_ws/install/decada_sim_assets/share/decada_sim_assets/models/Trolley/meshes/Trolley
-- Up-to-date: /home/msi/caato2_ws/install/decada_sim_assets/share/decada_sim_assets/models/Trolley/meshes/Trolley/__Terrazzo_4.jpg
-- Up-to-date: /home/msi/caato2_ws/install/decada_sim_assets/share/decada_sim_assets/models/Trolley/meshes/caster_wheel.dae
-- Up-to-date: /home/msi/caato2_ws/install/decada_sim_assets/share/decada_sim_assets/models/Trolley/meshes/caster_wheel.2.dae
-- Up-to-date: /home/msi/caato2_ws/install/decada_sim_assets/share/decada_sim_assets/models/Trolley/meshes/Trolley.dae
-- Up-to-date: /home/msi/caato2_ws/install/decada_sim_assets/share/decada_sim_assets/models/Trolley/meshes/caster_wheel_hub.dae
-- Up-to-date: /home/msi/caato2_ws/install/decada_sim_assets/share/decada_sim_assets/models/Trolley/model.sdf.bkup
-- Up-to-date: /home/msi/caato2_ws/install/decada_sim_assets/share/decada_sim_assets/models/Trolley/model.sdf
-- Up-to-date: /home/msi/caato2_ws/install/decada_sim_assets/share/decada_sim_assets/models/Trolley/model.config
-- Up-to-date: /home/msi/caato2_ws/install/decada_sim_assets/share/decada_sim_assets/models/Xnergy_RCU
-- Up-to-date: /home/msi/caato2_ws/install/decada_sim_assets/share/decada_sim_assets/models/Xnergy_RCU/materials
-- Up-to-date: /home/msi/caato2_ws/install/decada_sim_assets/share/decada_sim_assets/models/Xnergy_RCU/materials/textures
-- Up-to-date: /home/msi/caato2_ws/install/decada_sim_assets/share/decada_sim_assets/models/Xnergy_RCU/materials/textures/AprilTag.jpeg
-- Up-to-date: /home/msi/caato2_ws/install/decada_sim_assets/share/decada_sim_assets/models/Xnergy_RCU/materials/textures/QrImage.png.bkup
-- Up-to-date: /home/msi/caato2_ws/install/decada_sim_assets/share/decada_sim_assets/models/Xnergy_RCU/materials/scripts
-- Up-to-date: /home/msi/caato2_ws/install/decada_sim_assets/share/decada_sim_assets/models/Xnergy_RCU/materials/scripts/AprilTag.material
-- Up-to-date: /home/msi/caato2_ws/install/decada_sim_assets/share/decada_sim_assets/models/Xnergy_RCU/materials/scripts/QrImage.material.bkup
-- Up-to-date: /home/msi/caato2_ws/install/decada_sim_assets/share/decada_sim_assets/models/Xnergy_RCU/meshes
-- Up-to-date: /home/msi/caato2_ws/install/decada_sim_assets/share/decada_sim_assets/models/Xnergy_RCU/meshes/Receiver-Unit.dae
-- Up-to-date: /home/msi/caato2_ws/install/decada_sim_assets/share/decada_sim_assets/models/Xnergy_RCU/model.sdf
-- Up-to-date: /home/msi/caato2_ws/install/decada_sim_assets/share/decada_sim_assets/models/Xnergy_RCU/model.config
-- Up-to-date: /home/msi/caato2_ws/install/decada_sim_assets/share/decada_sim_assets/models/Xnergy_TPU
-- Up-to-date: /home/msi/caato2_ws/install/decada_sim_assets/share/decada_sim_assets/models/Xnergy_TPU/materials
-- Up-to-date: /home/msi/caato2_ws/install/decada_sim_assets/share/decada_sim_assets/models/Xnergy_TPU/materials/textures
-- Up-to-date: /home/msi/caato2_ws/install/decada_sim_assets/share/decada_sim_assets/models/Xnergy_TPU/materials/textures/AprilTag.015.png
-- Up-to-date: /home/msi/caato2_ws/install/decada_sim_assets/share/decada_sim_assets/models/Xnergy_TPU/materials/textures/AprilTag.jpeg
-- Up-to-date: /home/msi/caato2_ws/install/decada_sim_assets/share/decada_sim_assets/models/Xnergy_TPU/materials/textures/QrImage.png.bkup
-- Up-to-date: /home/msi/caato2_ws/install/decada_sim_assets/share/decada_sim_assets/models/Xnergy_TPU/materials/scripts
-- Up-to-date: /home/msi/caato2_ws/install/decada_sim_assets/share/decada_sim_assets/models/Xnergy_TPU/materials/scripts/AprilTag.material
-- Up-to-date: /home/msi/caato2_ws/install/decada_sim_assets/share/decada_sim_assets/models/Xnergy_TPU/materials/scripts/QrImage.material.bkup
-- Up-to-date: /home/msi/caato2_ws/install/decada_sim_assets/share/decada_sim_assets/models/Xnergy_TPU/materials/scripts/AprilTag.015.material
-- Up-to-date: /home/msi/caato2_ws/install/decada_sim_assets/share/decada_sim_assets/models/Xnergy_TPU/meshes
-- Up-to-date: /home/msi/caato2_ws/install/decada_sim_assets/share/decada_sim_assets/models/Xnergy_TPU/meshes/Transmitter-Pad.dae
-- Up-to-date: /home/msi/caato2_ws/install/decada_sim_assets/share/decada_sim_assets/models/Xnergy_TPU/model.sdf
-- Up-to-date: /home/msi/caato2_ws/install/decada_sim_assets/share/decada_sim_assets/models/Xnergy_TPU/model.config
-- Up-to-date: /home/msi/caato2_ws/install/decada_sim_assets/share/decada_sim_assets/models/Trolley_id1
-- Up-to-date: /home/msi/caato2_ws/install/decada_sim_assets/share/decada_sim_assets/models/Trolley_id1/materials
-- Up-to-date: /home/msi/caato2_ws/install/decada_sim_assets/share/decada_sim_assets/models/Trolley_id1/materials/textures
-- Up-to-date: /home/msi/caato2_ws/install/decada_sim_assets/share/decada_sim_assets/models/Trolley_id1/materials/textures/AprilTag.001.png
-- Up-to-date: /home/msi/caato2_ws/install/decada_sim_assets/share/decada_sim_assets/models/Trolley_id1/materials/textures/AprilTag.000.png
-- Up-to-date: /home/msi/caato2_ws/install/decada_sim_assets/share/decada_sim_assets/models/Trolley_id1/materials/scripts
-- Up-to-date: /home/msi/caato2_ws/install/decada_sim_assets/share/decada_sim_assets/models/Trolley_id1/materials/scripts/AprilTag.001.material
-- Up-to-date: /home/msi/caato2_ws/install/decada_sim_assets/share/decada_sim_assets/models/Trolley_id1/materials/scripts/AprilTag.000.material
-- Up-to-date: /home/msi/caato2_ws/install/decada_sim_assets/share/decada_sim_assets/models/Trolley_id1/meshes
-- Up-to-date: /home/msi/caato2_ws/install/decada_sim_assets/share/decada_sim_assets/models/Trolley_id1/meshes/front_wheel.dae
-- Up-to-date: /home/msi/caato2_ws/install/decada_sim_assets/share/decada_sim_assets/models/Trolley_id1/meshes/Trolley
-- Up-to-date: /home/msi/caato2_ws/install/decada_sim_assets/share/decada_sim_assets/models/Trolley_id1/meshes/Trolley/__Terrazzo_4.jpg
-- Up-to-date: /home/msi/caato2_ws/install/decada_sim_assets/share/decada_sim_assets/models/Trolley_id1/meshes/caster_wheel.dae
-- Up-to-date: /home/msi/caato2_ws/install/decada_sim_assets/share/decada_sim_assets/models/Trolley_id1/meshes/caster_wheel.2.dae
-- Up-to-date: /home/msi/caato2_ws/install/decada_sim_assets/share/decada_sim_assets/models/Trolley_id1/meshes/Trolley.dae
-- Up-to-date: /home/msi/caato2_ws/install/decada_sim_assets/share/decada_sim_assets/models/Trolley_id1/meshes/caster_wheel_hub.dae
-- Up-to-date: /home/msi/caato2_ws/install/decada_sim_assets/share/decada_sim_assets/models/Trolley_id1/Readme.txt
-- Up-to-date: /home/msi/caato2_ws/install/decada_sim_assets/share/decada_sim_assets/models/Trolley_id1/model.sdf
-- Up-to-date: /home/msi/caato2_ws/install/decada_sim_assets/share/decada_sim_assets/models/Trolley_id1/model.config
-- Up-to-date: /home/msi/caato2_ws/install/decada_sim_assets/share/decada_sim_assets/models/Caato
-- Up-to-date: /home/msi/caato2_ws/install/decada_sim_assets/share/decada_sim_assets/models/Caato/caato_360Cam.urdf.xacro.bkup
-- Up-to-date: /home/msi/caato2_ws/install/decada_sim_assets/share/decada_sim_assets/models/Caato/meshes
-- Up-to-date: /home/msi/caato2_ws/install/decada_sim_assets/share/decada_sim_assets/models/Caato/meshes/002._dc_brushed_wheels.stl
-- Up-to-date: /home/msi/caato2_ws/install/decada_sim_assets/share/decada_sim_assets/models/Caato/meshes/hokuyo_laser_scanner.stl
-- Up-to-date: /home/msi/caato2_ws/install/decada_sim_assets/share/decada_sim_assets/models/Caato/meshes/xiaomi_pro_hub_motor.stl
-- Up-to-date: /home/msi/caato2_ws/install/decada_sim_assets/share/decada_sim_assets/models/Caato/meshes/castor_wheel.stl
-- Up-to-date: /home/msi/caato2_ws/install/decada_sim_assets/share/decada_sim_assets/models/Caato/meshes/castor_mount.stl
-- Up-to-date: /home/msi/caato2_ws/install/decada_sim_assets/share/decada_sim_assets/models/Caato/meshes/base_link.stl
-- Up-to-date: /home/msi/caato2_ws/install/decada_sim_assets/share/decada_sim_assets/models/Caato/model.sdf
-- Up-to-date: /home/msi/caato2_ws/install/decada_sim_assets/share/decada_sim_assets/models/Caato/model.config
-- Up-to-date: /home/msi/caato2_ws/install/decada_sim_assets/share/decada_sim_assets/models/building_L9
-- Up-to-date: /home/msi/caato2_ws/install/decada_sim_assets/share/decada_sim_assets/models/building_L9/meshes
-- Up-to-date: /home/msi/caato2_ws/install/decada_sim_assets/share/decada_sim_assets/models/building_L9/meshes/model.material
-- Up-to-date: /home/msi/caato2_ws/install/decada_sim_assets/share/decada_sim_assets/models/building_L9/meshes/default.png
-- Up-to-date: /home/msi/caato2_ws/install/decada_sim_assets/share/decada_sim_assets/models/building_L9/meshes/blue_linoleum.png
-- Up-to-date: /home/msi/caato2_ws/install/decada_sim_assets/share/decada_sim_assets/models/building_L9/meshes/wall_1.obj
-- Up-to-date: /home/msi/caato2_ws/install/decada_sim_assets/share/decada_sim_assets/models/building_L9/meshes/floor_1.mtl
-- Up-to-date: /home/msi/caato2_ws/install/decada_sim_assets/share/decada_sim_assets/models/building_L9/meshes/wall_1.mtl
-- Up-to-date: /home/msi/caato2_ws/install/decada_sim_assets/share/decada_sim_assets/models/building_L9/meshes/floor_1.obj
-- Up-to-date: /home/msi/caato2_ws/install/decada_sim_assets/share/decada_sim_assets/models/building_L9/model.sdf
-- Up-to-date: /home/msi/caato2_ws/install/decada_sim_assets/share/decada_sim_assets/models/building_L9/model.config
-- Up-to-date: /home/msi/caato2_ws/install/decada_sim_assets/share/decada_sim_assets/models/Trolley_id5
-- Up-to-date: /home/msi/caato2_ws/install/decada_sim_assets/share/decada_sim_assets/models/Trolley_id5/materials
-- Up-to-date: /home/msi/caato2_ws/install/decada_sim_assets/share/decada_sim_assets/models/Trolley_id5/materials/textures
-- Up-to-date: /home/msi/caato2_ws/install/decada_sim_assets/share/decada_sim_assets/models/Trolley_id5/materials/textures/AprilTag.005.png
-- Up-to-date: /home/msi/caato2_ws/install/decada_sim_assets/share/decada_sim_assets/models/Trolley_id5/materials/textures/AprilTag.004.png
-- Up-to-date: /home/msi/caato2_ws/install/decada_sim_assets/share/decada_sim_assets/models/Trolley_id5/materials/scripts
-- Up-to-date: /home/msi/caato2_ws/install/decada_sim_assets/share/decada_sim_assets/models/Trolley_id5/materials/scripts/AprilTag.005.material
-- Up-to-date: /home/msi/caato2_ws/install/decada_sim_assets/share/decada_sim_assets/models/Trolley_id5/materials/scripts/AprilTag.004.material
-- Up-to-date: /home/msi/caato2_ws/install/decada_sim_assets/share/decada_sim_assets/models/Trolley_id5/meshes
-- Up-to-date: /home/msi/caato2_ws/install/decada_sim_assets/share/decada_sim_assets/models/Trolley_id5/meshes/front_wheel.dae
-- Up-to-date: /home/msi/caato2_ws/install/decada_sim_assets/share/decada_sim_assets/models/Trolley_id5/meshes/Trolley
-- Up-to-date: /home/msi/caato2_ws/install/decada_sim_assets/share/decada_sim_assets/models/Trolley_id5/meshes/Trolley/__Terrazzo_4.jpg
-- Up-to-date: /home/msi/caato2_ws/install/decada_sim_assets/share/decada_sim_assets/models/Trolley_id5/meshes/caster_wheel.dae
-- Up-to-date: /home/msi/caato2_ws/install/decada_sim_assets/share/decada_sim_assets/models/Trolley_id5/meshes/caster_wheel.2.dae
-- Up-to-date: /home/msi/caato2_ws/install/decada_sim_assets/share/decada_sim_assets/models/Trolley_id5/meshes/Trolley.dae
-- Up-to-date: /home/msi/caato2_ws/install/decada_sim_assets/share/decada_sim_assets/models/Trolley_id5/meshes/caster_wheel_hub.dae
-- Up-to-date: /home/msi/caato2_ws/install/decada_sim_assets/share/decada_sim_assets/models/Trolley_id5/Readme.txt
-- Up-to-date: /home/msi/caato2_ws/install/decada_sim_assets/share/decada_sim_assets/models/Trolley_id5/model.sdf
-- Up-to-date: /home/msi/caato2_ws/install/decada_sim_assets/share/decada_sim_assets/models/Trolley_id5/model.config
-- Up-to-date: /home/msi/caato2_ws/install/decada_sim_assets/share/decada_sim_assets/models/building_L10
-- Up-to-date: /home/msi/caato2_ws/install/decada_sim_assets/share/decada_sim_assets/models/building_L10/meshes
-- Up-to-date: /home/msi/caato2_ws/install/decada_sim_assets/share/decada_sim_assets/models/building_L10/meshes/model.material
-- Up-to-date: /home/msi/caato2_ws/install/decada_sim_assets/share/decada_sim_assets/models/building_L10/meshes/default.png
-- Up-to-date: /home/msi/caato2_ws/install/decada_sim_assets/share/decada_sim_assets/models/building_L10/meshes/floor_3.mtl
-- Up-to-date: /home/msi/caato2_ws/install/decada_sim_assets/share/decada_sim_assets/models/building_L10/meshes/blue_linoleum.png
-- Up-to-date: /home/msi/caato2_ws/install/decada_sim_assets/share/decada_sim_assets/models/building_L10/meshes/floor_2.mtl
-- Up-to-date: /home/msi/caato2_ws/install/decada_sim_assets/share/decada_sim_assets/models/building_L10/meshes/wall_1.obj
-- Up-to-date: /home/msi/caato2_ws/install/decada_sim_assets/share/decada_sim_assets/models/building_L10/meshes/floor_1.mtl
-- Up-to-date: /home/msi/caato2_ws/install/decada_sim_assets/share/decada_sim_assets/models/building_L10/meshes/white_beige_tiles.png
-- Up-to-date: /home/msi/caato2_ws/install/decada_sim_assets/share/decada_sim_assets/models/building_L10/meshes/floor_2.obj
-- Up-to-date: /home/msi/caato2_ws/install/decada_sim_assets/share/decada_sim_assets/models/building_L10/meshes/wall_1.mtl
-- Up-to-date: /home/msi/caato2_ws/install/decada_sim_assets/share/decada_sim_assets/models/building_L10/meshes/floor_3.obj
-- Up-to-date: /home/msi/caato2_ws/install/decada_sim_assets/share/decada_sim_assets/models/building_L10/meshes/gray_flooring.png
-- Up-to-date: /home/msi/caato2_ws/install/decada_sim_assets/share/decada_sim_assets/models/building_L10/meshes/floor_1.obj
-- Up-to-date: /home/msi/caato2_ws/install/decada_sim_assets/share/decada_sim_assets/models/building_L10/model.sdf
-- Up-to-date: /home/msi/caato2_ws/install/decada_sim_assets/share/decada_sim_assets/models/building_L10/model.config
-- Up-to-date: /home/msi/caato2_ws/install/decada_sim_assets/share/decada_sim_assets/maps
-- Up-to-date: /home/msi/caato2_ws/install/decada_sim_assets/share/decada_sim_assets/maps/house.yaml
-- Up-to-date: /home/msi/caato2_ws/install/decada_sim_assets/share/decada_sim_assets/maps/mbc
-- Up-to-date: /home/msi/caato2_ws/install/decada_sim_assets/share/decada_sim_assets/maps/mbc/lvl10
-- Up-to-date: /home/msi/caato2_ws/install/decada_sim_assets/share/decada_sim_assets/maps/mbc/lvl10/mbc.pgm
-- Up-to-date: /home/msi/caato2_ws/install/decada_sim_assets/share/decada_sim_assets/maps/mbc/lvl10/mbc.png
-- Up-to-date: /home/msi/caato2_ws/install/decada_sim_assets/share/decada_sim_assets/maps/mbc/lvl10/mbc.yaml
-- Up-to-date: /home/msi/caato2_ws/install/decada_sim_assets/share/decada_sim_assets/maps/house.pgm
-- Up-to-date: /home/msi/caato2_ws/install/decada_sim_assets/share/decada_sim_assets/maps/world.pgm
-- Up-to-date: /home/msi/caato2_ws/install/decada_sim_assets/share/decada_sim_assets/maps/world.yaml
-- Up-to-date: /home/msi/caato2_ws/install/decada_sim_assets/share/decada_sim_assets/rviz
-- Up-to-date: /home/msi/caato2_ws/install/decada_sim_assets/share/decada_sim_assets/rviz/single_caato_ff.rviz
-- Up-to-date: /home/msi/caato2_ws/install/decada_sim_assets/share/decada_sim_assets/worlds
-- Up-to-date: /home/msi/caato2_ws/install/decada_sim_assets/share/decada_sim_assets/worlds/mbc.building.nodoors.2.world
-- Up-to-date: /home/msi/caato2_ws/install/decada_sim_assets/share/decada_sim_assets/worlds/empty.world
-- Up-to-date: /home/msi/caato2_ws/install/decada_sim_assets/share/decada_sim_assets/worlds/mbc.building.world
-- Up-to-date: /home/msi/caato2_ws/install/decada_sim_assets/share/decada_sim_assets/worlds/mbc.building.nodoors.world
