[0.084s] Invoking command in '/home/msi/caato2_ws/build/ouster_example': /usr/bin/cmake --build /home/msi/caato2_ws/build/ouster_example -- -j20 -l20
[0.130s] [  0%] Built target generate_build_header
[0.180s] [ 44%] Built target ouster_client
[0.181s] [ 55%] Built target ouster_client_example
[0.181s] [100%] Built target ouster_viz
[0.286s] Invoked command in '/home/msi/caato2_ws/build/ouster_example' returned '0': /usr/bin/cmake --build /home/msi/caato2_ws/build/ouster_example -- -j20 -l20
[0.600s] Invoking command in '/home/msi/caato2_ws/build/ouster_example': /usr/bin/cmake --install /home/msi/caato2_ws/build/ouster_example
[0.633s] -- Install configuration: "Release"
[0.633s] -- Up-to-date: /home/msi/caato2_ws/install/ouster_example/lib/cmake/OusterSDK/OusterSDKTargets.cmake
[0.633s] -- Up-to-date: /home/msi/caato2_ws/install/ouster_example/lib/cmake/OusterSDK/OusterSDKTargets-release.cmake
[0.634s] -- Up-to-date: /home/msi/caato2_ws/install/ouster_example/lib/cmake/OusterSDK/OusterSDKConfig.cmake
[0.634s] -- Up-to-date: /home/msi/caato2_ws/install/ouster_example/lib/cmake/OusterSDK/OusterSDKConfigVersion.cmake
[0.635s] -- Up-to-date: /home/msi/caato2_ws/install/ouster_example/share/LICENSE
[0.635s] -- Up-to-date: /home/msi/caato2_ws/install/ouster_example/share/LICENSE-bin
[0.635s] -- Up-to-date: /home/msi/caato2_ws/install/ouster_example/lib/libouster_client.a
[0.635s] -- Up-to-date: /home/msi/caato2_ws/install/ouster_example/bin/ouster_client_example
[0.635s] -- Up-to-date: /home/msi/caato2_ws/install/ouster_example/include/ouster
[0.635s] -- Up-to-date: /home/msi/caato2_ws/install/ouster_example/include/ouster/version.h
[0.636s] -- Up-to-date: /home/msi/caato2_ws/install/ouster_example/include/ouster/types.h
[0.636s] -- Up-to-date: /home/msi/caato2_ws/install/ouster_example/include/ouster/impl
[0.636s] -- Up-to-date: /home/msi/caato2_ws/install/ouster_example/include/ouster/impl/netcompat.h
[0.636s] -- Up-to-date: /home/msi/caato2_ws/install/ouster_example/include/ouster/impl/lidar_scan_impl.h
[0.636s] -- Up-to-date: /home/msi/caato2_ws/install/ouster_example/include/ouster/image_processing.h
[0.637s] -- Up-to-date: /home/msi/caato2_ws/install/ouster_example/include/ouster/client.h
[0.637s] -- Up-to-date: /home/msi/caato2_ws/install/ouster_example/include/ouster/lidar_scan.h
[0.637s] -- Up-to-date: /home/msi/caato2_ws/install/ouster_example/include/ouster/buffered_udp_source.h
[0.637s] -- Up-to-date: /home/msi/caato2_ws/install/ouster_example/include/optional-lite
[0.637s] -- Up-to-date: /home/msi/caato2_ws/install/ouster_example/include/optional-lite/LICENSE.txt
[0.637s] -- Up-to-date: /home/msi/caato2_ws/install/ouster_example/include/optional-lite/nonstd
[0.637s] -- Up-to-date: /home/msi/caato2_ws/install/ouster_example/include/optional-lite/nonstd/optional.hpp
[0.637s] -- Up-to-date: /home/msi/caato2_ws/install/ouster_example/lib/libouster_viz.a
[0.637s] -- Up-to-date: /home/msi/caato2_ws/install/ouster_example/include/ouster
[0.637s] -- Up-to-date: /home/msi/caato2_ws/install/ouster_example/include/ouster/point_viz.h
[0.646s] Invoked command in '/home/msi/caato2_ws/build/ouster_example' returned '0': /usr/bin/cmake --install /home/msi/caato2_ws/build/ouster_example
