Built target tests
-- Install configuration: ""
+ cd /home/msi/caato2_ws/src/thirdparty/rosserial/rosserial_vex_v5
+ mkdir -p /home/msi/caato2_ws/install/rosserial_vex_v5/lib/python3/dist-packages
+ /usr/bin/env PYTHONPATH=/home/msi/caato2_ws/install/rosserial_vex_v5/lib/python3/dist-packages:/home/msi/caato2_ws/build/rosserial_vex_v5/lib/python3/dist-packages:/home/msi/caato2_ws/install/rosserial_python/lib/python3/dist-packages:/home/msi/caato2_ws/install/rosserial_client/lib/python3/dist-packages:/home/msi/caato2_ws/install/rosserial_msgs/lib/python3/dist-packages:/home/msi/caato2_ws/install/xnergy_charger_rcu/lib/python3/dist-packages:/home/msi/caato2_ws/install/trolley_arm/lib/python3/dist-packages:/home/msi/caato2_ws/install/rosserial_xbee/lib/python3/dist-packages:/home/msi/caato2_ws/install/rosserial_vex_v5/lib/python3/dist-packages:/home/msi/caato2_ws/install/rosserial_vex_cortex/lib/python3/dist-packages:/home/msi/caato2_ws/install/rosserial_arduino/lib/python3/dist-packages:/home/msi/caato2_ws/install/rosserial_mbed/lib/python3/dist-packages:/home/msi/caato2_ws/install/rosinrange_msg/lib/python3/dist-packages:/home/msi/caato2_ws/install/roboteq_diff_msgs/lib/python3/dist-packages:/home/msi/caato2_ws/install/realsense2_camera/lib/python3/dist-packages:/home/msi/caato2_ws/install/plc_modbus_node/lib/python3/dist-packages:/home/msi/caato2_ws/install/ira_laser_tools/lib/python3/dist-packages:/home/msi/caato2_ws/install/laser_filters/lib/python3/dist-packages:/home/msi/caato2_ws/install/eband_local_planner/lib/python3/dist-packages:/home/msi/caato2_ws/install/ds4_driver/lib/python3/dist-packages:/home/msi/caato2_ws/install/device_diagnostics/lib/python3/dist-packages:/home/msi/caato2_ws/install/caato2_cmd_mux/lib/python3/dist-packages:/home/msi/caato2_ws/install/atc_waypoints/lib/python3/dist-packages:/home/msi/caato2_ws/install/atc_msgs/lib/python3/dist-packages:/home/msi/caato2_ws/install/apriltag_ros/lib/python3/dist-packages:/opt/ros/noetic/lib/python3/dist-packages CATKIN_BINARY_DIR=/home/msi/caato2_ws/build/rosserial_vex_v5 /usr/bin/python3 /home/msi/caato2_ws/src/thirdparty/rosserial/rosserial_vex_v5/setup.py build --build-base /home/msi/caato2_ws/build/rosserial_vex_v5 install --root=/ --install-layout=deb --prefix=/home/msi/caato2_ws/install/rosserial_vex_v5 --install-scripts=/home/msi/caato2_ws/install/rosserial_vex_v5/bin
running build
running build_py
running install
running install_lib
running install_egg_info
Removing /home/msi/caato2_ws/install/rosserial_vex_v5/lib/python3/dist-packages/rosserial_vex_v5-0.9.2.egg-info
Writing /home/msi/caato2_ws/install/rosserial_vex_v5/lib/python3/dist-packages/rosserial_vex_v5-0.9.2.egg-info
-- Up-to-date: /home/msi/caato2_ws/install/rosserial_vex_v5/lib/pkgconfig/rosserial_vex_v5.pc
-- Up-to-date: /home/msi/caato2_ws/install/rosserial_vex_v5/share/rosserial_vex_v5/cmake/rosserial_vex_v5Config.cmake
-- Up-to-date: /home/msi/caato2_ws/install/rosserial_vex_v5/share/rosserial_vex_v5/cmake/rosserial_vex_v5Config-version.cmake
-- Up-to-date: /home/msi/caato2_ws/install/rosserial_vex_v5/share/rosserial_vex_v5/package.xml
-- Up-to-date: /home/msi/caato2_ws/install/rosserial_vex_v5/share/rosserial_vex_v5/src/ros_lib
-- Up-to-date: /home/msi/caato2_ws/install/rosserial_vex_v5/share/rosserial_vex_v5/src/ros_lib/V5Hardware.h
-- Up-to-date: /home/msi/caato2_ws/install/rosserial_vex_v5/share/rosserial_vex_v5/src/ros_lib/opcontrol.cpp
-- Up-to-date: /home/msi/caato2_ws/install/rosserial_vex_v5/share/rosserial_vex_v5/src/ros_lib/rosserial_vex_v5
-- Up-to-date: /home/msi/caato2_ws/install/rosserial_vex_v5/share/rosserial_vex_v5/src/ros_lib/rosserial_vex_v5/utils
-- Up-to-date: /home/msi/caato2_ws/install/rosserial_vex_v5/share/rosserial_vex_v5/src/ros_lib/rosserial_vex_v5/utils/RingBufHelpers.h
-- Up-to-date: /home/msi/caato2_ws/install/rosserial_vex_v5/share/rosserial_vex_v5/src/ros_lib/rosserial_vex_v5/utils/RingBuf.h
-- Up-to-date: /home/msi/caato2_ws/install/rosserial_vex_v5/share/rosserial_vex_v5/src/ros_lib/rosserial_vex_v5/examples
-- Up-to-date: /home/msi/caato2_ws/install/rosserial_vex_v5/share/rosserial_vex_v5/src/ros_lib/rosserial_vex_v5/examples/helloworld.h
-- Up-to-date: /home/msi/caato2_ws/install/rosserial_vex_v5/share/rosserial_vex_v5/src/ros_lib/rosserial_vex_v5/examples/helloworld.cpp
-- Up-to-date: /home/msi/caato2_ws/install/rosserial_vex_v5/share/rosserial_vex_v5/src/ros_lib/autonomous.cpp
-- Up-to-date: /home/msi/caato2_ws/install/rosserial_vex_v5/share/rosserial_vex_v5/src/ros_lib/ros.h
-- Up-to-date: /home/msi/caato2_ws/install/rosserial_vex_v5/share/rosserial_vex_v5/src/ros_lib/initialize.cpp
-- Up-to-date: /home/msi/caato2_ws/install/rosserial_vex_v5/lib/rosserial_vex_v5/genproject.sh
-- Up-to-date: /home/msi/caato2_ws/install/rosserial_vex_v5/share/rosserial_vex_v5
-- Up-to-date: /home/msi/caato2_ws/install/rosserial_vex_v5/share/rosserial_vex_v5/joystick.launch
-- Up-to-date: /home/msi/caato2_ws/install/rosserial_vex_v5/share/rosserial_vex_v5/minimal_robot.launch
-- Up-to-date: /home/msi/caato2_ws/install/rosserial_vex_v5/share/rosserial_vex_v5/hello_world.launch
-- Up-to-date: /home/msi/caato2_ws/install/rosserial_vex_v5/share/rosserial_vex_v5/make_libraries.py
