[  0%] Built target _rosserial_msgs_generate_messages_check_deps_RequestParam
[  0%] Built target _rosserial_msgs_generate_messages_check_deps_Log
[  0%] Built target _rosserial_msgs_generate_messages_check_deps_TopicInfo
[ 16%] Built target rosserial_msgs_generate_messages_nodejs
[ 33%] Built target rosserial_msgs_generate_messages_lisp
[ 50%] Built target rosserial_msgs_generate_messages_cpp
[ 77%] Built target rosserial_msgs_generate_messages_py
[100%] Built target rosserial_msgs_generate_messages_eus
[100%] Built target rosserial_msgs_generate_messages
Built target tests
-- Install configuration: ""
-- Up-to-date: /home/msi/caato2_ws/install/rosserial_msgs/share/rosserial_msgs/msg/Log.msg
-- Up-to-date: /home/msi/caato2_ws/install/rosserial_msgs/share/rosserial_msgs/msg/TopicInfo.msg
-- Up-to-date: /home/msi/caato2_ws/install/rosserial_msgs/share/rosserial_msgs/srv/RequestParam.srv
-- Up-to-date: /home/msi/caato2_ws/install/rosserial_msgs/share/rosserial_msgs/cmake/rosserial_msgs-msg-paths.cmake
-- Up-to-date: /home/msi/caato2_ws/install/rosserial_msgs/include/rosserial_msgs
-- Up-to-date: /home/msi/caato2_ws/install/rosserial_msgs/include/rosserial_msgs/RequestParam.h
-- Up-to-date: /home/msi/caato2_ws/install/rosserial_msgs/include/rosserial_msgs/TopicInfo.h
-- Up-to-date: /home/msi/caato2_ws/install/rosserial_msgs/include/rosserial_msgs/RequestParamRequest.h
-- Up-to-date: /home/msi/caato2_ws/install/rosserial_msgs/include/rosserial_msgs/RequestParamResponse.h
-- Up-to-date: /home/msi/caato2_ws/install/rosserial_msgs/include/rosserial_msgs/Log.h
-- Up-to-date: /home/msi/caato2_ws/install/rosserial_msgs/share/roseus/ros/rosserial_msgs
-- Up-to-date: /home/msi/caato2_ws/install/rosserial_msgs/share/roseus/ros/rosserial_msgs/msg
-- Up-to-date: /home/msi/caato2_ws/install/rosserial_msgs/share/roseus/ros/rosserial_msgs/msg/Log.l
-- Up-to-date: /home/msi/caato2_ws/install/rosserial_msgs/share/roseus/ros/rosserial_msgs/msg/TopicInfo.l
-- Up-to-date: /home/msi/caato2_ws/install/rosserial_msgs/share/roseus/ros/rosserial_msgs/manifest.l
-- Up-to-date: /home/msi/caato2_ws/install/rosserial_msgs/share/roseus/ros/rosserial_msgs/srv
-- Up-to-date: /home/msi/caato2_ws/install/rosserial_msgs/share/roseus/ros/rosserial_msgs/srv/RequestParam.l
-- Up-to-date: /home/msi/caato2_ws/install/rosserial_msgs/share/common-lisp/ros/rosserial_msgs
-- Up-to-date: /home/msi/caato2_ws/install/rosserial_msgs/share/common-lisp/ros/rosserial_msgs/msg
-- Up-to-date: /home/msi/caato2_ws/install/rosserial_msgs/share/common-lisp/ros/rosserial_msgs/msg/_package.lisp
-- Up-to-date: /home/msi/caato2_ws/install/rosserial_msgs/share/common-lisp/ros/rosserial_msgs/msg/rosserial_msgs-msg.asd
-- Up-to-date: /home/msi/caato2_ws/install/rosserial_msgs/share/common-lisp/ros/rosserial_msgs/msg/Log.lisp
-- Up-to-date: /home/msi/caato2_ws/install/rosserial_msgs/share/common-lisp/ros/rosserial_msgs/msg/TopicInfo.lisp
-- Up-to-date: /home/msi/caato2_ws/install/rosserial_msgs/share/common-lisp/ros/rosserial_msgs/msg/_package_Log.lisp
-- Up-to-date: /home/msi/caato2_ws/install/rosserial_msgs/share/common-lisp/ros/rosserial_msgs/msg/_package_TopicInfo.lisp
-- Up-to-date: /home/msi/caato2_ws/install/rosserial_msgs/share/common-lisp/ros/rosserial_msgs/srv
-- Up-to-date: /home/msi/caato2_ws/install/rosserial_msgs/share/common-lisp/ros/rosserial_msgs/srv/_package.lisp
-- Up-to-date: /home/msi/caato2_ws/install/rosserial_msgs/share/common-lisp/ros/rosserial_msgs/srv/rosserial_msgs-srv.asd
-- Up-to-date: /home/msi/caato2_ws/install/rosserial_msgs/share/common-lisp/ros/rosserial_msgs/srv/_package_RequestParam.lisp
-- Up-to-date: /home/msi/caato2_ws/install/rosserial_msgs/share/common-lisp/ros/rosserial_msgs/srv/RequestParam.lisp
-- Up-to-date: /home/msi/caato2_ws/install/rosserial_msgs/share/gennodejs/ros/rosserial_msgs
-- Up-to-date: /home/msi/caato2_ws/install/rosserial_msgs/share/gennodejs/ros/rosserial_msgs/_index.js
-- Up-to-date: /home/msi/caato2_ws/install/rosserial_msgs/share/gennodejs/ros/rosserial_msgs/msg
-- Up-to-date: /home/msi/caato2_ws/install/rosserial_msgs/share/gennodejs/ros/rosserial_msgs/msg/TopicInfo.js
-- Up-to-date: /home/msi/caato2_ws/install/rosserial_msgs/share/gennodejs/ros/rosserial_msgs/msg/_index.js
-- Up-to-date: /home/msi/caato2_ws/install/rosserial_msgs/share/gennodejs/ros/rosserial_msgs/msg/Log.js
-- Up-to-date: /home/msi/caato2_ws/install/rosserial_msgs/share/gennodejs/ros/rosserial_msgs/srv
-- Up-to-date: /home/msi/caato2_ws/install/rosserial_msgs/share/gennodejs/ros/rosserial_msgs/srv/_index.js
-- Up-to-date: /home/msi/caato2_ws/install/rosserial_msgs/share/gennodejs/ros/rosserial_msgs/srv/RequestParam.js
Listing '/home/msi/caato2_ws/build/rosserial_msgs/devel/lib/python3/dist-packages/rosserial_msgs'...
Listing '/home/msi/caato2_ws/build/rosserial_msgs/devel/lib/python3/dist-packages/rosserial_msgs/msg'...
Listing '/home/msi/caato2_ws/build/rosserial_msgs/devel/lib/python3/dist-packages/rosserial_msgs/srv'...
-- Up-to-date: /home/msi/caato2_ws/install/rosserial_msgs/lib/python3/dist-packages/rosserial_msgs
-- Up-to-date: /home/msi/caato2_ws/install/rosserial_msgs/lib/python3/dist-packages/rosserial_msgs/msg
-- Up-to-date: /home/msi/caato2_ws/install/rosserial_msgs/lib/python3/dist-packages/rosserial_msgs/msg/_TopicInfo.py
-- Up-to-date: /home/msi/caato2_ws/install/rosserial_msgs/lib/python3/dist-packages/rosserial_msgs/msg/_Log.py
-- Up-to-date: /home/msi/caato2_ws/install/rosserial_msgs/lib/python3/dist-packages/rosserial_msgs/msg/__init__.py
-- Up-to-date: /home/msi/caato2_ws/install/rosserial_msgs/lib/python3/dist-packages/rosserial_msgs/msg/__pycache__
-- Up-to-date: /home/msi/caato2_ws/install/rosserial_msgs/lib/python3/dist-packages/rosserial_msgs/msg/__pycache__/_Log.cpython-38.pyc
-- Up-to-date: /home/msi/caato2_ws/install/rosserial_msgs/lib/python3/dist-packages/rosserial_msgs/msg/__pycache__/_TopicInfo.cpython-38.pyc
-- Up-to-date: /home/msi/caato2_ws/install/rosserial_msgs/lib/python3/dist-packages/rosserial_msgs/msg/__pycache__/__init__.cpython-38.pyc
-- Up-to-date: /home/msi/caato2_ws/install/rosserial_msgs/lib/python3/dist-packages/rosserial_msgs/srv
-- Up-to-date: /home/msi/caato2_ws/install/rosserial_msgs/lib/python3/dist-packages/rosserial_msgs/srv/_RequestParam.py
-- Up-to-date: /home/msi/caato2_ws/install/rosserial_msgs/lib/python3/dist-packages/rosserial_msgs/srv/__init__.py
-- Up-to-date: /home/msi/caato2_ws/install/rosserial_msgs/lib/python3/dist-packages/rosserial_msgs/srv/__pycache__
-- Up-to-date: /home/msi/caato2_ws/install/rosserial_msgs/lib/python3/dist-packages/rosserial_msgs/srv/__pycache__/_RequestParam.cpython-38.pyc
-- Up-to-date: /home/msi/caato2_ws/install/rosserial_msgs/lib/python3/dist-packages/rosserial_msgs/srv/__pycache__/__init__.cpython-38.pyc
-- Up-to-date: /home/msi/caato2_ws/install/rosserial_msgs/lib/python3/dist-packages/rosserial_msgs/__init__.py
-- Up-to-date: /home/msi/caato2_ws/install/rosserial_msgs/lib/python3/dist-packages/rosserial_msgs/__pycache__
-- Up-to-date: /home/msi/caato2_ws/install/rosserial_msgs/lib/python3/dist-packages/rosserial_msgs/__pycache__/__init__.cpython-38.pyc
-- Up-to-date: /home/msi/caato2_ws/install/rosserial_msgs/lib/pkgconfig/rosserial_msgs.pc
-- Up-to-date: /home/msi/caato2_ws/install/rosserial_msgs/share/rosserial_msgs/cmake/rosserial_msgs-msg-extras.cmake
-- Up-to-date: /home/msi/caato2_ws/install/rosserial_msgs/share/rosserial_msgs/cmake/rosserial_msgsConfig.cmake
-- Up-to-date: /home/msi/caato2_ws/install/rosserial_msgs/share/rosserial_msgs/cmake/rosserial_msgsConfig-version.cmake
-- Up-to-date: /home/msi/caato2_ws/install/rosserial_msgs/share/rosserial_msgs/package.xml
