[0.141s] Invoking command in '/home/msi/caato2_ws/build/apriltag_ros': CMAKE_PREFIX_PATH=/home/msi/caato2_ws/install/apriltag:${CMAKE_PREFIX_PATH} LD_LIBRARY_PATH=/home/msi/caato2_ws/install/apriltag/lib:/opt/ros/noetic/lib:/opt/ros/noetic/lib/x86_64-linux-gnu:/usr/local/cuda-10.2/lib64:/media/msi/Data20/workspace/TensorRT-7.1.3.4/targets/x86_64-linux-gnu/lib:/media/Data/workspace/free_fleet/client_ws/install/atc_detector/share/atc_detector PATH=/home/msi/caato2_ws/install/apriltag/bin:${PATH} PKG_CONFIG_PATH=/home/msi/caato2_ws/install/apriltag/lib/x86_64-linux-gnu/pkgconfig:/home/msi/caato2_ws/install/apriltag/lib/pkgconfig:${PKG_CONFIG_PATH} /usr/bin/cmake --build /home/msi/caato2_ws/build/apriltag_ros -- -j20 -l20
[0.172s] [  0%] Built target sensor_msgs_generate_messages_py
[0.172s] [  0%] Built target sensor_msgs_generate_messages_cpp
[0.173s] [  0%] Built target geometry_msgs_generate_messages_cpp
[0.173s] [  0%] Built target std_msgs_generate_messages_cpp
[0.174s] [  0%] Built target sensor_msgs_generate_messages_nodejs
[0.174s] [  0%] Built target std_msgs_generate_messages_py
[0.175s] [  0%] Built target geometry_msgs_generate_messages_nodejs
[0.175s] [  0%] Built target sensor_msgs_generate_messages_eus
[0.175s] [  0%] Built target std_msgs_generate_messages_nodejs
[0.175s] [  0%] Built target std_msgs_generate_messages_lisp
[0.175s] [  0%] Built target geometry_msgs_generate_messages_lisp
[0.175s] [  0%] Built target std_msgs_generate_messages_eus
[0.177s] [  0%] Built target sensor_msgs_generate_messages_lisp
[0.177s] [  0%] Built target geometry_msgs_generate_messages_py
[0.177s] [  0%] Built target geometry_msgs_generate_messages_eus
[0.186s] [  0%] Built target _apriltag_ros_generate_messages_check_deps_AnalyzeSingleImage
[0.187s] [  0%] Built target _apriltag_ros_generate_messages_check_deps_AprilTagDetection
[0.189s] [  0%] Built target _apriltag_ros_generate_messages_check_deps_AprilTagDetectionArray
[0.240s] [ 53%] Built target apriltag_ros_generate_messages_nodejs
[0.240s] [ 53%] Built target apriltag_ros_generate_messages_cpp
[0.240s] [ 53%] Built target apriltag_ros_generate_messages_lisp
[0.240s] [ 60%] Built target apriltag_ros_generate_messages_eus
[0.240s] [ 60%] Built target apriltag_ros_generate_messages_py
[0.241s] [ 60%] Built target apriltag_ros_generate_messages
[0.257s] [ 66%] Built target apriltag_ros_common
[0.268s] [ 86%] Built target apriltag_ros_single_image_client_node
[0.268s] [ 86%] Built target apriltag_ros_single_image_detector
[0.268s] [ 86%] Built target apriltag_ros_continuous_detector
[0.270s] [ 93%] Built target apriltag_ros_continuous_node
[0.270s] [100%] Built target apriltag_ros_single_image_server_node
[0.432s] Invoked command in '/home/msi/caato2_ws/build/apriltag_ros' returned '0': CMAKE_PREFIX_PATH=/home/msi/caato2_ws/install/apriltag:${CMAKE_PREFIX_PATH} LD_LIBRARY_PATH=/home/msi/caato2_ws/install/apriltag/lib:/opt/ros/noetic/lib:/opt/ros/noetic/lib/x86_64-linux-gnu:/usr/local/cuda-10.2/lib64:/media/msi/Data20/workspace/TensorRT-7.1.3.4/targets/x86_64-linux-gnu/lib:/media/Data/workspace/free_fleet/client_ws/install/atc_detector/share/atc_detector PATH=/home/msi/caato2_ws/install/apriltag/bin:${PATH} PKG_CONFIG_PATH=/home/msi/caato2_ws/install/apriltag/lib/x86_64-linux-gnu/pkgconfig:/home/msi/caato2_ws/install/apriltag/lib/pkgconfig:${PKG_CONFIG_PATH} /usr/bin/cmake --build /home/msi/caato2_ws/build/apriltag_ros -- -j20 -l20
[0.600s] Invoking command in '/home/msi/caato2_ws/build/apriltag_ros': CMAKE_PREFIX_PATH=/home/msi/caato2_ws/install/apriltag:${CMAKE_PREFIX_PATH} LD_LIBRARY_PATH=/home/msi/caato2_ws/install/apriltag/lib:/opt/ros/noetic/lib:/opt/ros/noetic/lib/x86_64-linux-gnu:/usr/local/cuda-10.2/lib64:/media/msi/Data20/workspace/TensorRT-7.1.3.4/targets/x86_64-linux-gnu/lib:/media/Data/workspace/free_fleet/client_ws/install/atc_detector/share/atc_detector PATH=/home/msi/caato2_ws/install/apriltag/bin:${PATH} PKG_CONFIG_PATH=/home/msi/caato2_ws/install/apriltag/lib/x86_64-linux-gnu/pkgconfig:/home/msi/caato2_ws/install/apriltag/lib/pkgconfig:${PKG_CONFIG_PATH} /usr/bin/cmake --build /home/msi/caato2_ws/build/apriltag_ros --target tests -- -j20 -l20
[0.670s] Built target tests
