[0.213s] Invoking command in '/home/msi/caato2_ws/build/realsense_gazebo_plugin': /usr/bin/cmake --build /home/msi/caato2_ws/build/realsense_gazebo_plugin -- -j20 -l20
[0.276s] [  0%] Built target dynamic_reconfigure_generate_messages_eus
[0.276s] [  0%] Built target trajectory_msgs_generate_messages_cpp
[0.278s] [  0%] Built target gazebo_msgs_generate_messages_py
[0.284s] [  0%] Built target trajectory_msgs_generate_messages_lisp
[0.284s] [  0%] Built target trajectory_msgs_generate_messages_nodejs
[0.284s] [  0%] Built target gazebo_msgs_generate_messages_cpp
[0.287s] [  0%] Built target gazebo_msgs_generate_messages_nodejs
[0.287s] [  0%] Built target std_srvs_generate_messages_eus
[0.288s] [  0%] Built target dynamic_reconfigure_gencfg
[0.288s] [  0%] Built target std_msgs_generate_messages_nodejs
[0.288s] [  0%] Built target std_msgs_generate_messages_py
[0.290s] [  0%] Built target std_srvs_generate_messages_lisp
[0.291s] [  0%] Built target geometry_msgs_generate_messages_eus
[0.305s] [  0%] Built target std_msgs_generate_messages_cpp
[0.313s] [  0%] Built target dynamic_reconfigure_generate_messages_lisp
[0.322s] [  0%] Built target tf2_msgs_generate_messages_cpp
[0.322s] [  0%] Built target actionlib_generate_messages_cpp
[0.324s] [  0%] Built target rosgraph_msgs_generate_messages_nodejs
[0.324s] [  0%] Built target roscpp_generate_messages_lisp
[0.324s] [  0%] Built target actionlib_generate_messages_lisp
[0.325s] [  0%] Built target actionlib_msgs_generate_messages_py
[0.325s] [  0%] Built target std_srvs_generate_messages_nodejs
[0.325s] [  0%] Built target std_msgs_generate_messages_lisp
[0.330s] [  0%] Built target std_srvs_generate_messages_cpp
[0.332s] [  0%] Built target tf_generate_messages_eus
[0.333s] [  0%] Built target rosgraph_msgs_generate_messages_lisp
[0.333s] [  0%] Built target actionlib_msgs_generate_messages_eus
[0.333s] [  0%] Built target dynamic_reconfigure_generate_messages_py
[0.335s] [  0%] Built target rosgraph_msgs_generate_messages_py
[0.351s] [  0%] Built target trajectory_msgs_generate_messages_eus
[0.353s] [  0%] Built target gazebo_ros_gencfg
[0.354s] [  0%] Built target roscpp_generate_messages_py
[0.356s] [  0%] Built target roscpp_generate_messages_cpp
[0.358s] [  0%] Built target roscpp_generate_messages_eus
[0.358s] [  0%] Built target geometry_msgs_generate_messages_py
[0.362s] [  0%] Built target gazebo_msgs_generate_messages_lisp
[0.362s] [  0%] Built target tf2_msgs_generate_messages_eus
[0.362s] [  0%] Built target dynamic_reconfigure_generate_messages_nodejs
[0.362s] [  0%] Built target sensor_msgs_generate_messages_py
[0.362s] [  0%] Built target geometry_msgs_generate_messages_cpp
[0.362s] [  0%] Built target tf2_msgs_generate_messages_py
[0.362s] [  0%] Built target tf_generate_messages_cpp
[0.365s] [  0%] Built target geometry_msgs_generate_messages_lisp
[0.374s] [  0%] Built target rosgraph_msgs_generate_messages_eus
[0.374s] [  0%] Built target roscpp_generate_messages_nodejs
[0.374s] [  0%] Built target std_srvs_generate_messages_py
[0.384s] [  0%] Built target tf_generate_messages_lisp
[0.385s] [  0%] Built target sensor_msgs_generate_messages_eus
[0.385s] [  0%] Built target dynamic_reconfigure_generate_messages_cpp
[0.385s] [  0%] Built target sensor_msgs_generate_messages_cpp
[0.385s] [  0%] Built target tf_generate_messages_nodejs
[0.385s] [  0%] Built target sensor_msgs_generate_messages_lisp
[0.388s] [  0%] Built target sensor_msgs_generate_messages_nodejs
[0.388s] [  0%] Built target actionlib_generate_messages_eus
[0.389s] [  0%] Built target trajectory_msgs_generate_messages_py
[0.390s] [  0%] Built target actionlib_generate_messages_nodejs
[0.390s] [  0%] Built target actionlib_msgs_generate_messages_cpp
[0.390s] [  0%] Built target rosgraph_msgs_generate_messages_cpp
[0.390s] [  0%] Built target actionlib_generate_messages_py
[0.391s] [  0%] Built target tf_generate_messages_py
[0.391s] [  0%] Built target actionlib_msgs_generate_messages_nodejs
[0.391s] [  0%] Built target std_msgs_generate_messages_eus
[0.393s] [  0%] Built target actionlib_msgs_generate_messages_lisp
[0.399s] [  0%] Built target gazebo_msgs_generate_messages_eus
[0.399s] [  0%] Built target tf2_msgs_generate_messages_nodejs
[0.399s] [  0%] Built target tf2_msgs_generate_messages_lisp
[0.400s] [  0%] Built target geometry_msgs_generate_messages_nodejs
[0.429s] [100%] Built target realsense_gazebo_plugin
[0.547s] Invoked command in '/home/msi/caato2_ws/build/realsense_gazebo_plugin' returned '0': /usr/bin/cmake --build /home/msi/caato2_ws/build/realsense_gazebo_plugin -- -j20 -l20
[0.680s] Invoking command in '/home/msi/caato2_ws/build/realsense_gazebo_plugin': /usr/bin/cmake --build /home/msi/caato2_ws/build/realsense_gazebo_plugin --target tests -- -j20 -l20
[0.743s] Built target tests
[0.803s] Invoked command in '/home/msi/caato2_ws/build/realsense_gazebo_plugin' returned '0': /usr/bin/cmake --build /home/msi/caato2_ws/build/realsense_gazebo_plugin --target tests -- -j20 -l20
[0.902s] Invoking command in '/home/msi/caato2_ws/build/realsense_gazebo_plugin': /usr/bin/cmake --install /home/msi/caato2_ws/build/realsense_gazebo_plugin
[0.915s] -- Install configuration: ""
[0.915s] -- Up-to-date: /home/msi/caato2_ws/install/realsense_gazebo_plugin/lib/pkgconfig/realsense_gazebo_plugin.pc
[0.915s] -- Up-to-date: /home/msi/caato2_ws/install/realsense_gazebo_plugin/share/realsense_gazebo_plugin/cmake/realsense_gazebo_pluginConfig.cmake
[0.915s] -- Up-to-date: /home/msi/caato2_ws/install/realsense_gazebo_plugin/share/realsense_gazebo_plugin/cmake/realsense_gazebo_pluginConfig-version.cmake
[0.915s] -- Up-to-date: /home/msi/caato2_ws/install/realsense_gazebo_plugin/share/realsense_gazebo_plugin/package.xml
[0.915s] -- Up-to-date: /home/msi/caato2_ws/install/realsense_gazebo_plugin/lib/librealsense_gazebo_plugin.so
[0.916s] -- Up-to-date: /home/msi/caato2_ws/install/realsense_gazebo_plugin/share/realsense_gazebo_plugin/include
[0.916s] -- Up-to-date: /home/msi/caato2_ws/install/realsense_gazebo_plugin/share/realsense_gazebo_plugin/include/realsense_gazebo_plugin
[0.916s] -- Up-to-date: /home/msi/caato2_ws/install/realsense_gazebo_plugin/share/realsense_gazebo_plugin/include/realsense_gazebo_plugin/gazebo_ros_realsense.h
[0.916s] -- Up-to-date: /home/msi/caato2_ws/install/realsense_gazebo_plugin/share/realsense_gazebo_plugin/include/realsense_gazebo_plugin/RealSensePlugin.h
[0.919s] Invoked command in '/home/msi/caato2_ws/build/realsense_gazebo_plugin' returned '0': /usr/bin/cmake --install /home/msi/caato2_ws/build/realsense_gazebo_plugin
