[0.179s] Invoking command in '/home/msi/caato2_ws/build/realsense2_camera': /usr/bin/cmake --build /home/msi/caato2_ws/build/realsense2_camera -- -j20 -l20
[0.193s] [  0%] Built target sensor_msgs_generate_messages_nodejs
[0.193s] [  0%] Built target sensor_msgs_generate_messages_lisp
[0.193s] [  0%] Built target sensor_msgs_generate_messages_eus
[0.193s] [  0%] Built target std_msgs_generate_messages_eus
[0.193s] [  0%] Built target std_msgs_generate_messages_cpp
[0.193s] [  0%] Built target sensor_msgs_generate_messages_cpp
[0.193s] [  0%] Built target sensor_msgs_generate_messages_py
[0.193s] [  0%] Built target std_msgs_generate_messages_py
[0.193s] [  0%] Built target tf_generate_messages_lisp
[0.194s] [  0%] Built target diagnostic_msgs_generate_messages_nodejs
[0.195s] [  0%] Built target std_msgs_generate_messages_lisp
[0.202s] [  0%] Built target tf2_msgs_generate_messages_lisp
[0.206s] [  0%] Built target diagnostic_msgs_generate_messages_eus
[0.207s] [  0%] Built target std_msgs_generate_messages_nodejs
[0.207s] [  0%] Built target dynamic_reconfigure_gencfg
[0.212s] [  0%] Built target dynamic_reconfigure_generate_messages_lisp
[0.212s] [  0%] Built target dynamic_reconfigure_generate_messages_cpp
[0.217s] [  0%] Built target tf2_msgs_generate_messages_nodejs
[0.221s] [  0%] Built target _realsense2_camera_generate_messages_check_deps_Extrinsics
[0.224s] [  0%] Built target _realsense2_camera_generate_messages_check_deps_IMUInfo
[0.229s] [  0%] Built target diagnostic_msgs_generate_messages_lisp
[0.230s] [  0%] Built target tf2_msgs_generate_messages_cpp
[0.231s] [  0%] Built target actionlib_generate_messages_nodejs
[0.232s] [  0%] Built target actionlib_generate_messages_py
[0.232s] [  0%] Built target actionlib_generate_messages_cpp
[0.237s] [  0%] Built target rosgraph_msgs_generate_messages_nodejs
[0.238s] [  0%] Built target tf_generate_messages_nodejs
[0.239s] [  0%] Built target nav_msgs_generate_messages_eus
[0.239s] [  0%] Built target roscpp_generate_messages_eus
[0.242s] [  0%] Built target actionlib_msgs_generate_messages_py
[0.251s] [  0%] Built target actionlib_msgs_generate_messages_lisp
[0.257s] [  0%] Built target geometry_msgs_generate_messages_lisp
[0.262s] [  0%] Built target actionlib_generate_messages_lisp
[0.264s] [  0%] Built target actionlib_msgs_generate_messages_nodejs
[0.264s] [  0%] Built target dynamic_reconfigure_generate_messages_py
[0.264s] [  0%] Built target roscpp_generate_messages_lisp
[0.264s] [  0%] Built target tf_generate_messages_cpp
[0.265s] [  0%] Built target actionlib_msgs_generate_messages_eus
[0.267s] [  0%] Built target tf_generate_messages_py
[0.267s] [  0%] Built target _catkin_empty_exported_target
[0.267s] [  0%] Built target rosgraph_msgs_generate_messages_lisp
[0.267s] [  0%] Built target tf_generate_messages_eus
[0.268s] [  0%] Built target geometry_msgs_generate_messages_eus
[0.274s] [  0%] Built target actionlib_msgs_generate_messages_cpp
[0.275s] [  0%] Built target std_srvs_generate_messages_cpp
[0.275s] [  0%] Built target diagnostic_msgs_generate_messages_cpp
[0.276s] [  0%] Built target geometry_msgs_generate_messages_py
[0.280s] [  0%] Built target nodelet_generate_messages_lisp
[0.280s] [  0%] Built target rosgraph_msgs_generate_messages_py
[0.281s] [  0%] Built target tf2_msgs_generate_messages_eus
[0.292s] [  0%] Built target geometry_msgs_generate_messages_nodejs
[0.292s] [  0%] Built target dynamic_reconfigure_generate_messages_eus
[0.292s] [  0%] Built target nav_msgs_generate_messages_cpp
[0.293s] [  0%] Built target roscpp_generate_messages_cpp
[0.294s] [  0%] Built target roscpp_generate_messages_nodejs
[0.294s] [  0%] Built target geometry_msgs_generate_messages_cpp
[0.295s] [  0%] Built target roscpp_generate_messages_py
[0.314s] [  0%] Built target actionlib_generate_messages_eus
[0.315s] [  0%] Built target nav_msgs_generate_messages_lisp
[0.317s] [  0%] Built target rosgraph_msgs_generate_messages_eus
[0.317s] [  0%] Built target diagnostic_msgs_generate_messages_py
[0.317s] [  0%] Built target bond_generate_messages_lisp
[0.318s] [  0%] Built target nav_msgs_generate_messages_nodejs
[0.318s] [  0%] Built target std_srvs_generate_messages_py
[0.318s] [  0%] Built target dynamic_reconfigure_generate_messages_nodejs
[0.319s] [  0%] Built target rosgraph_msgs_generate_messages_cpp
[0.319s] [  0%] Built target bond_generate_messages_eus
[0.319s] [  0%] Built target bond_generate_messages_cpp
[0.319s] [  0%] Built target tf2_msgs_generate_messages_py
[0.322s] [  0%] Built target std_srvs_generate_messages_eus
[0.331s] [  0%] Built target nodelet_generate_messages_cpp
[0.331s] [  0%] Built target std_srvs_generate_messages_lisp
[0.334s] [  0%] Built target nodelet_generate_messages_nodejs
[0.336s] [  0%] Built target nodelet_generate_messages_eus
[0.337s] [  0%] Built target bond_generate_messages_nodejs
[0.337s] [  0%] Built target std_srvs_generate_messages_nodejs
[0.337s] [  0%] Built target bond_generate_messages_py
[0.337s] [  0%] Built target nodelet_generate_messages_py
[0.337s] [  0%] Built target nav_msgs_generate_messages_py
[0.337s] [ 12%] Built target realsense2_camera_generate_messages_nodejs
[0.339s] [ 31%] Built target realsense2_camera_generate_messages_lisp
[0.340s] [ 43%] Built target realsense2_camera_generate_messages_eus
[0.341s] [ 56%] Built target realsense2_camera_generate_messages_cpp
[0.345s] [ 75%] Built target realsense2_camera_generate_messages_py
[0.359s] [ 75%] Built target realsense2_camera_generate_messages
[0.369s] [100%] Built target realsense2_camera
[0.441s] Invoked command in '/home/msi/caato2_ws/build/realsense2_camera' returned '0': /usr/bin/cmake --build /home/msi/caato2_ws/build/realsense2_camera -- -j20 -l20
[0.540s] Invoking command in '/home/msi/caato2_ws/build/realsense2_camera': /usr/bin/cmake --build /home/msi/caato2_ws/build/realsense2_camera --target tests -- -j20 -l20
[0.590s] Built target tests
[0.632s] Invoked command in '/home/msi/caato2_ws/build/realsense2_camera' returned '0': /usr/bin/cmake --build /home/msi/caato2_ws/build/realsense2_camera --target tests -- -j20 -l20
[0.719s] Invoking command in '/home/msi/caato2_ws/build/realsense2_camera': /usr/bin/cmake --install /home/msi/caato2_ws/build/realsense2_camera
[0.730s] -- Install configuration: "Release"
[0.730s] -- Up-to-date: /home/msi/caato2_ws/install/realsense2_camera/share/realsense2_camera/msg/IMUInfo.msg
[0.730s] -- Up-to-date: /home/msi/caato2_ws/install/realsense2_camera/share/realsense2_camera/msg/Extrinsics.msg
[0.730s] -- Up-to-date: /home/msi/caato2_ws/install/realsense2_camera/share/realsense2_camera/cmake/realsense2_camera-msg-paths.cmake
[0.730s] -- Up-to-date: /home/msi/caato2_ws/install/realsense2_camera/include/realsense2_camera
[0.730s] -- Up-to-date: /home/msi/caato2_ws/install/realsense2_camera/include/realsense2_camera/IMUInfo.h
[0.731s] -- Up-to-date: /home/msi/caato2_ws/install/realsense2_camera/include/realsense2_camera/Extrinsics.h
[0.731s] -- Up-to-date: /home/msi/caato2_ws/install/realsense2_camera/share/roseus/ros/realsense2_camera
[0.731s] -- Up-to-date: /home/msi/caato2_ws/install/realsense2_camera/share/roseus/ros/realsense2_camera/msg
[0.731s] -- Up-to-date: /home/msi/caato2_ws/install/realsense2_camera/share/roseus/ros/realsense2_camera/msg/IMUInfo.l
[0.732s] -- Up-to-date: /home/msi/caato2_ws/install/realsense2_camera/share/roseus/ros/realsense2_camera/msg/Extrinsics.l
[0.733s] -- Up-to-date: /home/msi/caato2_ws/install/realsense2_camera/share/roseus/ros/realsense2_camera/manifest.l
[0.733s] -- Up-to-date: /home/msi/caato2_ws/install/realsense2_camera/share/common-lisp/ros/realsense2_camera
[0.733s] -- Up-to-date: /home/msi/caato2_ws/install/realsense2_camera/share/common-lisp/ros/realsense2_camera/msg
[0.733s] -- Up-to-date: /home/msi/caato2_ws/install/realsense2_camera/share/common-lisp/ros/realsense2_camera/msg/_package_Extrinsics.lisp
[0.733s] -- Up-to-date: /home/msi/caato2_ws/install/realsense2_camera/share/common-lisp/ros/realsense2_camera/msg/_package.lisp
[0.733s] -- Up-to-date: /home/msi/caato2_ws/install/realsense2_camera/share/common-lisp/ros/realsense2_camera/msg/realsense2_camera-msg.asd
[0.734s] -- Up-to-date: /home/msi/caato2_ws/install/realsense2_camera/share/common-lisp/ros/realsense2_camera/msg/_package_IMUInfo.lisp
[0.734s] -- Up-to-date: /home/msi/caato2_ws/install/realsense2_camera/share/common-lisp/ros/realsense2_camera/msg/Extrinsics.lisp
[0.735s] -- Up-to-date: /home/msi/caato2_ws/install/realsense2_camera/share/common-lisp/ros/realsense2_camera/msg/IMUInfo.lisp
[0.736s] -- Up-to-date: /home/msi/caato2_ws/install/realsense2_camera/share/gennodejs/ros/realsense2_camera
[0.736s] -- Up-to-date: /home/msi/caato2_ws/install/realsense2_camera/share/gennodejs/ros/realsense2_camera/_index.js
[0.736s] -- Up-to-date: /home/msi/caato2_ws/install/realsense2_camera/share/gennodejs/ros/realsense2_camera/msg
[0.736s] -- Up-to-date: /home/msi/caato2_ws/install/realsense2_camera/share/gennodejs/ros/realsense2_camera/msg/IMUInfo.js
[0.736s] -- Up-to-date: /home/msi/caato2_ws/install/realsense2_camera/share/gennodejs/ros/realsense2_camera/msg/_index.js
[0.737s] -- Up-to-date: /home/msi/caato2_ws/install/realsense2_camera/share/gennodejs/ros/realsense2_camera/msg/Extrinsics.js
[0.745s] Listing '/home/msi/caato2_ws/build/realsense2_camera/devel/lib/python3/dist-packages/realsense2_camera'...
[0.745s] Listing '/home/msi/caato2_ws/build/realsense2_camera/devel/lib/python3/dist-packages/realsense2_camera/msg'...
[0.748s] -- Up-to-date: /home/msi/caato2_ws/install/realsense2_camera/lib/python3/dist-packages/realsense2_camera
[0.749s] -- Up-to-date: /home/msi/caato2_ws/install/realsense2_camera/lib/python3/dist-packages/realsense2_camera/msg
[0.749s] -- Up-to-date: /home/msi/caato2_ws/install/realsense2_camera/lib/python3/dist-packages/realsense2_camera/msg/_Extrinsics.py
[0.749s] -- Up-to-date: /home/msi/caato2_ws/install/realsense2_camera/lib/python3/dist-packages/realsense2_camera/msg/__init__.py
[0.750s] -- Up-to-date: /home/msi/caato2_ws/install/realsense2_camera/lib/python3/dist-packages/realsense2_camera/msg/__pycache__
[0.750s] -- Up-to-date: /home/msi/caato2_ws/install/realsense2_camera/lib/python3/dist-packages/realsense2_camera/msg/__pycache__/__init__.cpython-38.pyc
[0.750s] -- Up-to-date: /home/msi/caato2_ws/install/realsense2_camera/lib/python3/dist-packages/realsense2_camera/msg/__pycache__/_IMUInfo.cpython-38.pyc
[0.750s] -- Up-to-date: /home/msi/caato2_ws/install/realsense2_camera/lib/python3/dist-packages/realsense2_camera/msg/__pycache__/_Extrinsics.cpython-38.pyc
[0.750s] -- Up-to-date: /home/msi/caato2_ws/install/realsense2_camera/lib/python3/dist-packages/realsense2_camera/msg/_IMUInfo.py
[0.750s] -- Up-to-date: /home/msi/caato2_ws/install/realsense2_camera/lib/python3/dist-packages/realsense2_camera/__init__.py
[0.750s] -- Up-to-date: /home/msi/caato2_ws/install/realsense2_camera/lib/python3/dist-packages/realsense2_camera/__pycache__
[0.751s] -- Up-to-date: /home/msi/caato2_ws/install/realsense2_camera/lib/python3/dist-packages/realsense2_camera/__pycache__/__init__.cpython-38.pyc
[0.751s] -- Up-to-date: /home/msi/caato2_ws/install/realsense2_camera/lib/pkgconfig/realsense2_camera.pc
[0.751s] -- Up-to-date: /home/msi/caato2_ws/install/realsense2_camera/share/realsense2_camera/cmake/realsense2_camera-msg-extras.cmake
[0.751s] -- Up-to-date: /home/msi/caato2_ws/install/realsense2_camera/share/realsense2_camera/cmake/realsense2_cameraConfig.cmake
[0.751s] -- Up-to-date: /home/msi/caato2_ws/install/realsense2_camera/share/realsense2_camera/cmake/realsense2_cameraConfig-version.cmake
[0.751s] -- Up-to-date: /home/msi/caato2_ws/install/realsense2_camera/share/realsense2_camera/package.xml
[0.751s] -- Up-to-date: /home/msi/caato2_ws/install/realsense2_camera/lib/librealsense2_camera.so
[0.751s] -- Up-to-date: /home/msi/caato2_ws/install/realsense2_camera/include/realsense2_camera
[0.751s] -- Up-to-date: /home/msi/caato2_ws/install/realsense2_camera/include/realsense2_camera/t265_realsense_node.h
[0.751s] -- Up-to-date: /home/msi/caato2_ws/install/realsense2_camera/include/realsense2_camera/realsense_node_factory.h
[0.751s] -- Up-to-date: /home/msi/caato2_ws/install/realsense2_camera/include/realsense2_camera/base_realsense_node.h
[0.752s] -- Up-to-date: /home/msi/caato2_ws/install/realsense2_camera/include/realsense2_camera/constants.h
[0.752s] -- Up-to-date: /home/msi/caato2_ws/install/realsense2_camera/share/realsense2_camera/launch
[0.752s] -- Up-to-date: /home/msi/caato2_ws/install/realsense2_camera/share/realsense2_camera/launch/includes
[0.753s] -- Up-to-date: /home/msi/caato2_ws/install/realsense2_camera/share/realsense2_camera/launch/includes/nodelet.launch.xml
[0.753s] -- Up-to-date: /home/msi/caato2_ws/install/realsense2_camera/share/realsense2_camera/launch/rs_from_file.launch
[0.753s] -- Up-to-date: /home/msi/caato2_ws/install/realsense2_camera/share/realsense2_camera/launch/rs_d435_camera_with_model.launch
[0.753s] -- Up-to-date: /home/msi/caato2_ws/install/realsense2_camera/share/realsense2_camera/launch/rs_d400_and_t265.launch
[0.753s] -- Up-to-date: /home/msi/caato2_ws/install/realsense2_camera/share/realsense2_camera/launch/rs_rgbd.launch
[0.753s] -- Up-to-date: /home/msi/caato2_ws/install/realsense2_camera/share/realsense2_camera/launch/rs_rtabmap.launch
[0.753s] -- Up-to-date: /home/msi/caato2_ws/install/realsense2_camera/share/realsense2_camera/launch/rs_camera.launch
[0.753s] -- Up-to-date: /home/msi/caato2_ws/install/realsense2_camera/share/realsense2_camera/launch/opensource_tracking.launch
[0.753s] -- Up-to-date: /home/msi/caato2_ws/install/realsense2_camera/share/realsense2_camera/launch/demo_t265.launch
[0.753s] -- Up-to-date: /home/msi/caato2_ws/install/realsense2_camera/share/realsense2_camera/launch/rs_multiple_devices.launch
[0.753s] -- Up-to-date: /home/msi/caato2_ws/install/realsense2_camera/share/realsense2_camera/launch/demo_pointcloud.launch
[0.753s] -- Up-to-date: /home/msi/caato2_ws/install/realsense2_camera/share/realsense2_camera/launch/rs_aligned_depth.launch
[0.754s] -- Up-to-date: /home/msi/caato2_ws/install/realsense2_camera/share/realsense2_camera/launch/rs_t265.launch
[0.754s] -- Up-to-date: /home/msi/caato2_ws/install/realsense2_camera/share/realsense2_camera/rviz
[0.754s] -- Up-to-date: /home/msi/caato2_ws/install/realsense2_camera/share/realsense2_camera/rviz/t265.rviz
[0.754s] -- Up-to-date: /home/msi/caato2_ws/install/realsense2_camera/share/realsense2_camera/rviz/pointcloud.rviz
[0.755s] -- Up-to-date: /home/msi/caato2_ws/install/realsense2_camera/share/realsense2_camera/nodelet_plugins.xml
[0.763s] Invoked command in '/home/msi/caato2_ws/build/realsense2_camera' returned '0': /usr/bin/cmake --install /home/msi/caato2_ws/build/realsense2_camera
