[0.078s] Invoking command in '/home/msi/caato2_ws/build/rosserial_server': CMAKE_PREFIX_PATH=/home/msi/caato2_ws/install/rosserial_msgs:${CMAKE_PREFIX_PATH} PKG_CONFIG_PATH=/home/msi/caato2_ws/install/rosserial_msgs/lib/x86_64-linux-gnu/pkgconfig:/home/msi/caato2_ws/install/rosserial_msgs/lib/pkgconfig:${PKG_CONFIG_PATH} PYTHONPATH=/home/msi/caato2_ws/install/rosserial_msgs/lib/python3/dist-packages:${PYTHONPATH} ROS_PACKAGE_PATH=/home/msi/caato2_ws/install/rosserial_msgs/share:${ROS_PACKAGE_PATH} /usr/bin/cmake --build /home/msi/caato2_ws/build/rosserial_server -- -j20 -l20
[0.117s] [  0%] Built target topic_tools_generate_messages_eus
[0.119s] [  0%] Built target rosgraph_msgs_generate_messages_cpp
[0.119s] [  0%] Built target topic_tools_generate_messages_cpp
[0.121s] [  0%] Built target roscpp_generate_messages_cpp
[0.121s] [  0%] Built target roscpp_generate_messages_nodejs
[0.125s] [  0%] Built target topic_tools_generate_messages_py
[0.127s] [  0%] Built target std_msgs_generate_messages_eus
[0.127s] [  0%] Built target roscpp_generate_messages_py
[0.127s] [ 25%] Built target rosgraph_msgs_generate_messages_py
[0.127s] [ 25%] Built target rosserial_server_lookup
[0.129s] [ 25%] Built target rosgraph_msgs_generate_messages_lisp
[0.130s] [ 25%] Built target rosserial_msgs_generate_messages_lisp
[0.131s] [ 25%] Built target rosserial_msgs_generate_messages_eus
[0.131s] [ 25%] Built target rosserial_msgs_generate_messages_py
[0.133s] [ 25%] Built target rosserial_msgs_generate_messages_cpp
[0.133s] [ 25%] Built target std_msgs_generate_messages_lisp
[0.133s] [ 25%] Built target topic_tools_generate_messages_lisp
[0.150s] [ 25%] Built target rosgraph_msgs_generate_messages_nodejs
[0.150s] [ 25%] Built target roscpp_generate_messages_eus
[0.152s] [ 25%] Built target rosserial_msgs_generate_messages_nodejs
[0.152s] [ 25%] Built target topic_tools_generate_messages_nodejs
[0.153s] [ 25%] Built target std_msgs_generate_messages_nodejs
[0.157s] [ 25%] Built target std_msgs_generate_messages_cpp
[0.158s] [ 25%] Built target roscpp_generate_messages_lisp
[0.160s] [ 25%] Built target std_msgs_generate_messages_py
[0.168s] [ 25%] Built target rosgraph_msgs_generate_messages_eus
[0.203s] [ 50%] Built target rosserial_server_serial_node
[0.203s] [ 75%] Built target rosserial_server_udp_socket_node
[0.213s] [100%] Built target rosserial_server_socket_node
[0.313s] Invoked command in '/home/msi/caato2_ws/build/rosserial_server' returned '0': CMAKE_PREFIX_PATH=/home/msi/caato2_ws/install/rosserial_msgs:${CMAKE_PREFIX_PATH} PKG_CONFIG_PATH=/home/msi/caato2_ws/install/rosserial_msgs/lib/x86_64-linux-gnu/pkgconfig:/home/msi/caato2_ws/install/rosserial_msgs/lib/pkgconfig:${PKG_CONFIG_PATH} PYTHONPATH=/home/msi/caato2_ws/install/rosserial_msgs/lib/python3/dist-packages:${PYTHONPATH} ROS_PACKAGE_PATH=/home/msi/caato2_ws/install/rosserial_msgs/share:${ROS_PACKAGE_PATH} /usr/bin/cmake --build /home/msi/caato2_ws/build/rosserial_server -- -j20 -l20
[0.369s] Invoking command in '/home/msi/caato2_ws/build/rosserial_server': CMAKE_PREFIX_PATH=/home/msi/caato2_ws/install/rosserial_msgs:${CMAKE_PREFIX_PATH} PKG_CONFIG_PATH=/home/msi/caato2_ws/install/rosserial_msgs/lib/x86_64-linux-gnu/pkgconfig:/home/msi/caato2_ws/install/rosserial_msgs/lib/pkgconfig:${PKG_CONFIG_PATH} PYTHONPATH=/home/msi/caato2_ws/install/rosserial_msgs/lib/python3/dist-packages:${PYTHONPATH} ROS_PACKAGE_PATH=/home/msi/caato2_ws/install/rosserial_msgs/share:${ROS_PACKAGE_PATH} /usr/bin/cmake --build /home/msi/caato2_ws/build/rosserial_server --target tests -- -j20 -l20
[0.435s] Built target tests
[0.478s] Invoked command in '/home/msi/caato2_ws/build/rosserial_server' returned '0': CMAKE_PREFIX_PATH=/home/msi/caato2_ws/install/rosserial_msgs:${CMAKE_PREFIX_PATH} PKG_CONFIG_PATH=/home/msi/caato2_ws/install/rosserial_msgs/lib/x86_64-linux-gnu/pkgconfig:/home/msi/caato2_ws/install/rosserial_msgs/lib/pkgconfig:${PKG_CONFIG_PATH} PYTHONPATH=/home/msi/caato2_ws/install/rosserial_msgs/lib/python3/dist-packages:${PYTHONPATH} ROS_PACKAGE_PATH=/home/msi/caato2_ws/install/rosserial_msgs/share:${ROS_PACKAGE_PATH} /usr/bin/cmake --build /home/msi/caato2_ws/build/rosserial_server --target tests -- -j20 -l20
[0.538s] Invoking command in '/home/msi/caato2_ws/build/rosserial_server': CMAKE_PREFIX_PATH=/home/msi/caato2_ws/install/rosserial_msgs:${CMAKE_PREFIX_PATH} PKG_CONFIG_PATH=/home/msi/caato2_ws/install/rosserial_msgs/lib/x86_64-linux-gnu/pkgconfig:/home/msi/caato2_ws/install/rosserial_msgs/lib/pkgconfig:${PKG_CONFIG_PATH} PYTHONPATH=/home/msi/caato2_ws/install/rosserial_msgs/lib/python3/dist-packages:${PYTHONPATH} ROS_PACKAGE_PATH=/home/msi/caato2_ws/install/rosserial_msgs/share:${ROS_PACKAGE_PATH} /usr/bin/cmake --install /home/msi/caato2_ws/build/rosserial_server
[0.539s] -- Install configuration: ""
[0.539s] -- Up-to-date: /home/msi/caato2_ws/install/rosserial_server/lib/pkgconfig/rosserial_server.pc
[0.539s] -- Up-to-date: /home/msi/caato2_ws/install/rosserial_server/share/rosserial_server/cmake/rosserial_serverConfig.cmake
[0.539s] -- Up-to-date: /home/msi/caato2_ws/install/rosserial_server/share/rosserial_server/cmake/rosserial_serverConfig-version.cmake
[0.540s] -- Up-to-date: /home/msi/caato2_ws/install/rosserial_server/share/rosserial_server/package.xml
[0.540s] -- Up-to-date: /home/msi/caato2_ws/install/rosserial_server/lib/librosserial_server_lookup.so
[0.540s] -- Up-to-date: /home/msi/caato2_ws/install/rosserial_server/lib/rosserial_server/serial_node
[0.540s] -- Up-to-date: /home/msi/caato2_ws/install/rosserial_server/lib/rosserial_server/socket_node
[0.540s] -- Up-to-date: /home/msi/caato2_ws/install/rosserial_server/lib/rosserial_server/udp_socket_node
[0.540s] -- Up-to-date: /home/msi/caato2_ws/install/rosserial_server/share/rosserial_server/launch
[0.540s] -- Up-to-date: /home/msi/caato2_ws/install/rosserial_server/share/rosserial_server/launch/serial.launch
[0.540s] -- Up-to-date: /home/msi/caato2_ws/install/rosserial_server/share/rosserial_server/launch/udp_socket.launch
[0.540s] -- Up-to-date: /home/msi/caato2_ws/install/rosserial_server/share/rosserial_server/launch/socket.launch
[0.540s] -- Up-to-date: /home/msi/caato2_ws/install/rosserial_server/include/rosserial_server
[0.540s] -- Up-to-date: /home/msi/caato2_ws/install/rosserial_server/include/rosserial_server/udp_stream.h
[0.541s] -- Up-to-date: /home/msi/caato2_ws/install/rosserial_server/include/rosserial_server/udp_socket_session.h
[0.541s] -- Up-to-date: /home/msi/caato2_ws/install/rosserial_server/include/rosserial_server/tcp_server.h
[0.541s] -- Up-to-date: /home/msi/caato2_ws/install/rosserial_server/include/rosserial_server/session.h
[0.541s] -- Up-to-date: /home/msi/caato2_ws/install/rosserial_server/include/rosserial_server/msg_lookup.h
[0.541s] -- Up-to-date: /home/msi/caato2_ws/install/rosserial_server/include/rosserial_server/topic_handlers.h
[0.541s] -- Up-to-date: /home/msi/caato2_ws/install/rosserial_server/include/rosserial_server/async_read_buffer.h
[0.541s] -- Up-to-date: /home/msi/caato2_ws/install/rosserial_server/include/rosserial_server/serial_session.h
[0.585s] Invoked command in '/home/msi/caato2_ws/build/rosserial_server' returned '0': CMAKE_PREFIX_PATH=/home/msi/caato2_ws/install/rosserial_msgs:${CMAKE_PREFIX_PATH} PKG_CONFIG_PATH=/home/msi/caato2_ws/install/rosserial_msgs/lib/x86_64-linux-gnu/pkgconfig:/home/msi/caato2_ws/install/rosserial_msgs/lib/pkgconfig:${PKG_CONFIG_PATH} PYTHONPATH=/home/msi/caato2_ws/install/rosserial_msgs/lib/python3/dist-packages:${PYTHONPATH} ROS_PACKAGE_PATH=/home/msi/caato2_ws/install/rosserial_msgs/share:${ROS_PACKAGE_PATH} /usr/bin/cmake --install /home/msi/caato2_ws/build/rosserial_server
