[0.069s] Invoking command in '/home/msi/caato2_ws/build/rosserial_xbee': CMAKE_PREFIX_PATH=/home/msi/caato2_ws/install/rosserial_python:/home/msi/caato2_ws/install/rosserial_msgs:${CMAKE_PREFIX_PATH} PKG_CONFIG_PATH=/home/msi/caato2_ws/install/rosserial_python/lib/x86_64-linux-gnu/pkgconfig:/home/msi/caato2_ws/install/rosserial_python/lib/pkgconfig:/home/msi/caato2_ws/install/rosserial_msgs/lib/x86_64-linux-gnu/pkgconfig:/home/msi/caato2_ws/install/rosserial_msgs/lib/pkgconfig:${PKG_CONFIG_PATH} PYTHONPATH=/home/msi/caato2_ws/install/rosserial_python/lib/python3/dist-packages:/home/msi/caato2_ws/install/rosserial_msgs/lib/python3/dist-packages:${PYTHONPATH} ROS_PACKAGE_PATH=/home/msi/caato2_ws/install/rosserial_python/share:/home/msi/caato2_ws/install/rosserial_msgs/share:${ROS_PACKAGE_PATH} /usr/bin/cmake /home/msi/caato2_ws/src/thirdparty/rosserial/rosserial_xbee -DCATKIN_INSTALL_INTO_PREFIX_ROOT=0 -DCMAKE_INSTALL_PREFIX=/home/msi/caato2_ws/install/rosserial_xbee
[0.142s] -- The C compiler identification is GNU 8.4.0
[0.204s] -- The CXX compiler identification is GNU 8.4.0
[0.208s] -- Check for working C compiler: /usr/bin/cc
[0.317s] -- Check for working C compiler: /usr/bin/cc -- works
[0.317s] -- Detecting C compiler ABI info
[0.414s] -- Detecting C compiler ABI info - done
[0.414s] -- Detecting C compile features
[0.414s] -- Detecting C compile features - done
[0.414s] -- Check for working CXX compiler: /usr/bin/c++
[0.515s] -- Check for working CXX compiler: /usr/bin/c++ -- works
[0.518s] -- Detecting CXX compiler ABI info
[0.693s] -- Detecting CXX compiler ABI info - done
[0.706s] -- Detecting CXX compile features
[0.706s] -- Detecting CXX compile features - done
[0.725s] -- Using CATKIN_DEVEL_PREFIX: /home/msi/caato2_ws/build/rosserial_xbee/devel
[0.725s] -- Using CMAKE_PREFIX_PATH: /home/msi/caato2_ws/install/rosserial_python;/home/msi/caato2_ws/install/rosserial_msgs;/opt/ros/noetic
[0.725s] -- This workspace overlays: /home/msi/caato2_ws/install/rosserial_python;/home/msi/caato2_ws/install/rosserial_msgs;/opt/ros/noetic
[0.752s] -- Found PythonInterp: /usr/bin/python3 (found suitable version "3.8.10", minimum required is "3") 
[0.752s] -- Using PYTHON_EXECUTABLE: /usr/bin/python3
[0.752s] -- Using Debian Python package layout
[0.793s] -- Found PY_em: /usr/lib/python3/dist-packages/em.py  
[0.793s] -- Using empy: /usr/lib/python3/dist-packages/em.py
[0.968s] -- Using CATKIN_ENABLE_TESTING: ON
[0.968s] -- Call enable_testing()
[0.970s] -- Using CATKIN_TEST_RESULTS_DIR: /home/msi/caato2_ws/build/rosserial_xbee/test_results
[1.813s] -- Forcing gtest/gmock from source, though one was otherwise available.
[1.813s] -- Found gtest sources under '/usr/src/googletest': gtests will be built
[1.813s] -- Found gmock sources under '/usr/src/googletest': gmock will be built
[1.876s] -- Found PythonInterp: /usr/bin/python3 (found version "3.8.10") 
[1.879s] -- Found Threads: TRUE  
[1.884s] -- Using Python nosetests: /usr/bin/nosetests3
[1.974s] -- catkin 0.8.10
[1.974s] -- BUILD_SHARED_LIBS is on
[3.479s] -- Configuring done
[3.497s] -- Generating done
[3.507s] -- Build files have been written to: /home/msi/caato2_ws/build/rosserial_xbee
[3.892s] Invoked command in '/home/msi/caato2_ws/build/rosserial_xbee' returned '0': CMAKE_PREFIX_PATH=/home/msi/caato2_ws/install/rosserial_python:/home/msi/caato2_ws/install/rosserial_msgs:${CMAKE_PREFIX_PATH} PKG_CONFIG_PATH=/home/msi/caato2_ws/install/rosserial_python/lib/x86_64-linux-gnu/pkgconfig:/home/msi/caato2_ws/install/rosserial_python/lib/pkgconfig:/home/msi/caato2_ws/install/rosserial_msgs/lib/x86_64-linux-gnu/pkgconfig:/home/msi/caato2_ws/install/rosserial_msgs/lib/pkgconfig:${PKG_CONFIG_PATH} PYTHONPATH=/home/msi/caato2_ws/install/rosserial_python/lib/python3/dist-packages:/home/msi/caato2_ws/install/rosserial_msgs/lib/python3/dist-packages:${PYTHONPATH} ROS_PACKAGE_PATH=/home/msi/caato2_ws/install/rosserial_python/share:/home/msi/caato2_ws/install/rosserial_msgs/share:${ROS_PACKAGE_PATH} /usr/bin/cmake /home/msi/caato2_ws/src/thirdparty/rosserial/rosserial_xbee -DCATKIN_INSTALL_INTO_PREFIX_ROOT=0 -DCMAKE_INSTALL_PREFIX=/home/msi/caato2_ws/install/rosserial_xbee
[3.893s] Invoking command in '/home/msi/caato2_ws/build/rosserial_xbee': CMAKE_PREFIX_PATH=/home/msi/caato2_ws/install/rosserial_python:/home/msi/caato2_ws/install/rosserial_msgs:${CMAKE_PREFIX_PATH} PKG_CONFIG_PATH=/home/msi/caato2_ws/install/rosserial_python/lib/x86_64-linux-gnu/pkgconfig:/home/msi/caato2_ws/install/rosserial_python/lib/pkgconfig:/home/msi/caato2_ws/install/rosserial_msgs/lib/x86_64-linux-gnu/pkgconfig:/home/msi/caato2_ws/install/rosserial_msgs/lib/pkgconfig:${PKG_CONFIG_PATH} PYTHONPATH=/home/msi/caato2_ws/install/rosserial_python/lib/python3/dist-packages:/home/msi/caato2_ws/install/rosserial_msgs/lib/python3/dist-packages:${PYTHONPATH} ROS_PACKAGE_PATH=/home/msi/caato2_ws/install/rosserial_python/share:/home/msi/caato2_ws/install/rosserial_msgs/share:${ROS_PACKAGE_PATH} /usr/bin/cmake --build /home/msi/caato2_ws/build/rosserial_xbee -- -j20 -l20
[4.129s] Invoked command in '/home/msi/caato2_ws/build/rosserial_xbee' returned '0': CMAKE_PREFIX_PATH=/home/msi/caato2_ws/install/rosserial_python:/home/msi/caato2_ws/install/rosserial_msgs:${CMAKE_PREFIX_PATH} PKG_CONFIG_PATH=/home/msi/caato2_ws/install/rosserial_python/lib/x86_64-linux-gnu/pkgconfig:/home/msi/caato2_ws/install/rosserial_python/lib/pkgconfig:/home/msi/caato2_ws/install/rosserial_msgs/lib/x86_64-linux-gnu/pkgconfig:/home/msi/caato2_ws/install/rosserial_msgs/lib/pkgconfig:${PKG_CONFIG_PATH} PYTHONPATH=/home/msi/caato2_ws/install/rosserial_python/lib/python3/dist-packages:/home/msi/caato2_ws/install/rosserial_msgs/lib/python3/dist-packages:${PYTHONPATH} ROS_PACKAGE_PATH=/home/msi/caato2_ws/install/rosserial_python/share:/home/msi/caato2_ws/install/rosserial_msgs/share:${ROS_PACKAGE_PATH} /usr/bin/cmake --build /home/msi/caato2_ws/build/rosserial_xbee -- -j20 -l20
[4.566s] Invoking command in '/home/msi/caato2_ws/build/rosserial_xbee': CMAKE_PREFIX_PATH=/home/msi/caato2_ws/install/rosserial_python:/home/msi/caato2_ws/install/rosserial_msgs:${CMAKE_PREFIX_PATH} PKG_CONFIG_PATH=/home/msi/caato2_ws/install/rosserial_python/lib/x86_64-linux-gnu/pkgconfig:/home/msi/caato2_ws/install/rosserial_python/lib/pkgconfig:/home/msi/caato2_ws/install/rosserial_msgs/lib/x86_64-linux-gnu/pkgconfig:/home/msi/caato2_ws/install/rosserial_msgs/lib/pkgconfig:${PKG_CONFIG_PATH} PYTHONPATH=/home/msi/caato2_ws/install/rosserial_python/lib/python3/dist-packages:/home/msi/caato2_ws/install/rosserial_msgs/lib/python3/dist-packages:${PYTHONPATH} ROS_PACKAGE_PATH=/home/msi/caato2_ws/install/rosserial_python/share:/home/msi/caato2_ws/install/rosserial_msgs/share:${ROS_PACKAGE_PATH} /usr/bin/cmake --build /home/msi/caato2_ws/build/rosserial_xbee --target tests -- -j20 -l20
[7.877s] [35m[1mScanning dependencies of target tests[0m
[7.877s] Built target tests
[7.920s] Invoked command in '/home/msi/caato2_ws/build/rosserial_xbee' returned '0': CMAKE_PREFIX_PATH=/home/msi/caato2_ws/install/rosserial_python:/home/msi/caato2_ws/install/rosserial_msgs:${CMAKE_PREFIX_PATH} PKG_CONFIG_PATH=/home/msi/caato2_ws/install/rosserial_python/lib/x86_64-linux-gnu/pkgconfig:/home/msi/caato2_ws/install/rosserial_python/lib/pkgconfig:/home/msi/caato2_ws/install/rosserial_msgs/lib/x86_64-linux-gnu/pkgconfig:/home/msi/caato2_ws/install/rosserial_msgs/lib/pkgconfig:${PKG_CONFIG_PATH} PYTHONPATH=/home/msi/caato2_ws/install/rosserial_python/lib/python3/dist-packages:/home/msi/caato2_ws/install/rosserial_msgs/lib/python3/dist-packages:${PYTHONPATH} ROS_PACKAGE_PATH=/home/msi/caato2_ws/install/rosserial_python/share:/home/msi/caato2_ws/install/rosserial_msgs/share:${ROS_PACKAGE_PATH} /usr/bin/cmake --build /home/msi/caato2_ws/build/rosserial_xbee --target tests -- -j20 -l20
[8.138s] Invoking command in '/home/msi/caato2_ws/build/rosserial_xbee': CMAKE_PREFIX_PATH=/home/msi/caato2_ws/install/rosserial_python:/home/msi/caato2_ws/install/rosserial_msgs:${CMAKE_PREFIX_PATH} PKG_CONFIG_PATH=/home/msi/caato2_ws/install/rosserial_python/lib/x86_64-linux-gnu/pkgconfig:/home/msi/caato2_ws/install/rosserial_python/lib/pkgconfig:/home/msi/caato2_ws/install/rosserial_msgs/lib/x86_64-linux-gnu/pkgconfig:/home/msi/caato2_ws/install/rosserial_msgs/lib/pkgconfig:${PKG_CONFIG_PATH} PYTHONPATH=/home/msi/caato2_ws/install/rosserial_python/lib/python3/dist-packages:/home/msi/caato2_ws/install/rosserial_msgs/lib/python3/dist-packages:${PYTHONPATH} ROS_PACKAGE_PATH=/home/msi/caato2_ws/install/rosserial_python/share:/home/msi/caato2_ws/install/rosserial_msgs/share:${ROS_PACKAGE_PATH} /usr/bin/cmake --install /home/msi/caato2_ws/build/rosserial_xbee
[8.197s] -- Install configuration: ""
[8.198s] -- Installing: /home/msi/caato2_ws/install/rosserial_xbee/lib/pkgconfig/rosserial_xbee.pc
[8.198s] -- Installing: /home/msi/caato2_ws/install/rosserial_xbee/share/rosserial_xbee/cmake/rosserial_xbeeConfig.cmake
[8.198s] -- Installing: /home/msi/caato2_ws/install/rosserial_xbee/share/rosserial_xbee/cmake/rosserial_xbeeConfig-version.cmake
[8.198s] -- Installing: /home/msi/caato2_ws/install/rosserial_xbee/share/rosserial_xbee/package.xml
[8.209s] + cd /home/msi/caato2_ws/src/thirdparty/rosserial/rosserial_xbee
[8.209s] + mkdir -p /home/msi/caato2_ws/install/rosserial_xbee/lib/python3/dist-packages
[8.227s] + /usr/bin/env PYTHONPATH=/home/msi/caato2_ws/install/rosserial_xbee/lib/python3/dist-packages:/home/msi/caato2_ws/build/rosserial_xbee/lib/python3/dist-packages:/home/msi/caato2_ws/install/rosserial_python/lib/python3/dist-packages:/home/msi/caato2_ws/install/rosserial_msgs/lib/python3/dist-packages:/opt/ros/noetic/lib/python3/dist-packages CATKIN_BINARY_DIR=/home/msi/caato2_ws/build/rosserial_xbee /usr/bin/python3 /home/msi/caato2_ws/src/thirdparty/rosserial/rosserial_xbee/setup.py build --build-base /home/msi/caato2_ws/build/rosserial_xbee install --root=/ --install-layout=deb --prefix=/home/msi/caato2_ws/install/rosserial_xbee --install-scripts=/home/msi/caato2_ws/install/rosserial_xbee/bin
[8.332s] running build
[8.332s] running build_py
[8.333s] creating /home/msi/caato2_ws/build/rosserial_xbee/lib
[8.333s] creating /home/msi/caato2_ws/build/rosserial_xbee/lib/rosserial_xbee
[8.333s] copying src/rosserial_xbee/__init__.py -> /home/msi/caato2_ws/build/rosserial_xbee/lib/rosserial_xbee
[8.333s] creating /home/msi/caato2_ws/build/rosserial_xbee/lib/xbee
[8.334s] copying src/xbee/frame.py -> /home/msi/caato2_ws/build/rosserial_xbee/lib/xbee
[8.334s] copying src/xbee/base.py -> /home/msi/caato2_ws/build/rosserial_xbee/lib/xbee
[8.334s] copying src/xbee/zigbee.py -> /home/msi/caato2_ws/build/rosserial_xbee/lib/xbee
[8.334s] copying src/xbee/__init__.py -> /home/msi/caato2_ws/build/rosserial_xbee/lib/xbee
[8.334s] copying src/xbee/ieee.py -> /home/msi/caato2_ws/build/rosserial_xbee/lib/xbee
[8.334s] running install
[8.335s] running install_lib
[8.336s] creating /home/msi/caato2_ws/install/rosserial_xbee/lib/python3/dist-packages/rosserial_xbee
[8.336s] copying /home/msi/caato2_ws/build/rosserial_xbee/lib/rosserial_xbee/__init__.py -> /home/msi/caato2_ws/install/rosserial_xbee/lib/python3/dist-packages/rosserial_xbee
[8.336s] creating /home/msi/caato2_ws/install/rosserial_xbee/lib/python3/dist-packages/xbee
[8.336s] copying /home/msi/caato2_ws/build/rosserial_xbee/lib/xbee/frame.py -> /home/msi/caato2_ws/install/rosserial_xbee/lib/python3/dist-packages/xbee
[8.336s] copying /home/msi/caato2_ws/build/rosserial_xbee/lib/xbee/base.py -> /home/msi/caato2_ws/install/rosserial_xbee/lib/python3/dist-packages/xbee
[8.336s] copying /home/msi/caato2_ws/build/rosserial_xbee/lib/xbee/zigbee.py -> /home/msi/caato2_ws/install/rosserial_xbee/lib/python3/dist-packages/xbee
[8.337s] copying /home/msi/caato2_ws/build/rosserial_xbee/lib/xbee/__init__.py -> /home/msi/caato2_ws/install/rosserial_xbee/lib/python3/dist-packages/xbee
[8.337s] copying /home/msi/caato2_ws/build/rosserial_xbee/lib/xbee/ieee.py -> /home/msi/caato2_ws/install/rosserial_xbee/lib/python3/dist-packages/xbee
[8.340s] byte-compiling /home/msi/caato2_ws/install/rosserial_xbee/lib/python3/dist-packages/rosserial_xbee/__init__.py to __init__.cpython-38.pyc
[8.343s] byte-compiling /home/msi/caato2_ws/install/rosserial_xbee/lib/python3/dist-packages/xbee/frame.py to frame.cpython-38.pyc
[8.344s] byte-compiling /home/msi/caato2_ws/install/rosserial_xbee/lib/python3/dist-packages/xbee/base.py to base.cpython-38.pyc
[8.345s] byte-compiling /home/msi/caato2_ws/install/rosserial_xbee/lib/python3/dist-packages/xbee/zigbee.py to zigbee.cpython-38.pyc
[8.347s] byte-compiling /home/msi/caato2_ws/install/rosserial_xbee/lib/python3/dist-packages/xbee/__init__.py to __init__.cpython-38.pyc
[8.347s] byte-compiling /home/msi/caato2_ws/install/rosserial_xbee/lib/python3/dist-packages/xbee/ieee.py to ieee.cpython-38.pyc
[8.348s] running install_egg_info
[8.348s] Writing /home/msi/caato2_ws/install/rosserial_xbee/lib/python3/dist-packages/rosserial_xbee-0.9.2.egg-info
[8.367s] -- Installing: /home/msi/caato2_ws/install/rosserial_xbee/lib/rosserial_xbee/setup_xbee.py
[8.367s] -- Installing: /home/msi/caato2_ws/install/rosserial_xbee/lib/rosserial_xbee/xbee_network.py
[8.374s] Invoked command in '/home/msi/caato2_ws/build/rosserial_xbee' returned '0': CMAKE_PREFIX_PATH=/home/msi/caato2_ws/install/rosserial_python:/home/msi/caato2_ws/install/rosserial_msgs:${CMAKE_PREFIX_PATH} PKG_CONFIG_PATH=/home/msi/caato2_ws/install/rosserial_python/lib/x86_64-linux-gnu/pkgconfig:/home/msi/caato2_ws/install/rosserial_python/lib/pkgconfig:/home/msi/caato2_ws/install/rosserial_msgs/lib/x86_64-linux-gnu/pkgconfig:/home/msi/caato2_ws/install/rosserial_msgs/lib/pkgconfig:${PKG_CONFIG_PATH} PYTHONPATH=/home/msi/caato2_ws/install/rosserial_python/lib/python3/dist-packages:/home/msi/caato2_ws/install/rosserial_msgs/lib/python3/dist-packages:${PYTHONPATH} ROS_PACKAGE_PATH=/home/msi/caato2_ws/install/rosserial_python/share:/home/msi/caato2_ws/install/rosserial_msgs/share:${ROS_PACKAGE_PATH} /usr/bin/cmake --install /home/msi/caato2_ws/build/rosserial_xbee
