-- The C compiler identification is GNU 8.4.0
-- The CXX compiler identification is GNU 8.4.0
-- Check for working C compiler: /usr/bin/cc
-- Check for working C compiler: /usr/bin/cc -- works
-- Detecting C compiler ABI info
-- Detecting C compiler ABI info - done
-- Detecting C compile features
-- Detecting C compile features - done
-- Check for working CXX compiler: /usr/bin/c++
-- Check for working CXX compiler: /usr/bin/c++ -- works
-- Detecting CXX compiler ABI info
-- Detecting CXX compiler ABI info - done
-- Detecting CXX compile features
-- Detecting CXX compile features - done
-- Found PkgConfig: /usr/bin/pkg-config (found version "0.29.1") 
-- Checking for module 'bullet>=2.82'
--   Found bullet, version 2.88
-- Found ccd: /usr/include (found suitable version "2.0", minimum required is "2.0") 
-- Found fcl: /opt/ros/noetic/include (found suitable version "0.6.1", minimum required is "0.3.2") 
-- Found assimp: /usr/include (found version "5.0.0") 
-- Found DART: /usr/include (Required is at least version "6.6") found components: dart 
-- Found Boost: /usr/lib/x86_64-linux-gnu/cmake/Boost-1.71.0/BoostConfig.cmake (found suitable version "1.71.0", minimum required is "1.40.0") found components: thread system filesystem program_options regex iostreams date_time 
-- Found Protobuf: /usr/lib/x86_64-linux-gnu/libprotobuf.so;-lpthread (found version "3.6.1") 
-- Looking for ignition-math6 -- found version 6.11.0
-- Searching for dependencies of ignition-math6
-- Looking for OGRE...
-- OGRE_PREFIX_WATCH changed.
-- Checking for module 'OGRE'
--   Found OGRE, version 1.9.0
-- Found Ogre Ghadamon (1.9.0)
-- Found OGRE: optimized;/usr/lib/x86_64-linux-gnu/libOgreMain.so;debug;/usr/lib/x86_64-linux-gnu/libOgreMain.so
-- Looking for OGRE_Paging...
-- Found OGRE_Paging: optimized;/usr/lib/x86_64-linux-gnu/libOgrePaging.so;debug;/usr/lib/x86_64-linux-gnu/libOgrePaging.so
-- Looking for OGRE_Terrain...
-- Found OGRE_Terrain: optimized;/usr/lib/x86_64-linux-gnu/libOgreTerrain.so;debug;/usr/lib/x86_64-linux-gnu/libOgreTerrain.so
-- Looking for OGRE_Property...
-- Found OGRE_Property: optimized;/usr/lib/x86_64-linux-gnu/libOgreProperty.so;debug;/usr/lib/x86_64-linux-gnu/libOgreProperty.so
-- Looking for OGRE_RTShaderSystem...
-- Found OGRE_RTShaderSystem: optimized;/usr/lib/x86_64-linux-gnu/libOgreRTShaderSystem.so;debug;/usr/lib/x86_64-linux-gnu/libOgreRTShaderSystem.so
-- Looking for OGRE_Volume...
-- Found OGRE_Volume: optimized;/usr/lib/x86_64-linux-gnu/libOgreVolume.so;debug;/usr/lib/x86_64-linux-gnu/libOgreVolume.so
-- Looking for OGRE_Overlay...
-- Found OGRE_Overlay: optimized;/usr/lib/x86_64-linux-gnu/libOgreOverlay.so;debug;/usr/lib/x86_64-linux-gnu/libOgreOverlay.so
-- Looking for ignition-math6 -- found version 6.11.0
-- Looking for ignition-transport8 -- found version 8.2.1
-- Searching for dependencies of ignition-transport8
-- Found Protobuf: /usr/lib/x86_64-linux-gnu/libprotobuf.so;-lpthread (found suitable version "3.6.1", minimum required is "3") 
-- Config-file not installed for ZeroMQ -- checking for pkg-config
-- Checking for module 'libzmq >= 4'
--   Found libzmq , version 4.3.2
-- Found ZeroMQ: TRUE (Required is at least version "4") 
-- Checking for module 'uuid'
--   Found uuid, version 2.34.0
-- Found UUID: TRUE  
-- Looking for ignition-msgs5 -- found version 5.9.0
-- Searching for dependencies of ignition-msgs5
-- Looking for ignition-math6 -- found version 6.11.0
-- Checking for module 'tinyxml2'
--   Found tinyxml2, version 6.2.0
-- Looking for ignition-msgs5 -- found version 5.9.0
-- Looking for ignition-common3 -- found version 3.14.0
-- Searching for dependencies of ignition-common3
-- Looking for dlfcn.h - found
-- Looking for libdl - found
-- Found DL: TRUE  
-- Searching for <ignition-common3> component [graphics]
-- Looking for ignition-common3-graphics -- found version 3.14.0
-- Searching for dependencies of ignition-common3-graphics
-- Looking for ignition-math6 -- found version 6.11.0
-- Looking for ignition-fuel_tools4 -- found version 4.4.0
-- Searching for dependencies of ignition-fuel_tools4
-- Found CURL: /usr/lib/x86_64-linux-gnu/libcurl.so (found version "7.68.0")  
-- Checking for module 'jsoncpp'
--   Found jsoncpp, version 1.7.4
-- Found JSONCPP: TRUE  
-- Checking for module 'yaml-0.1'
--   Found yaml-0.1, version 0.2.2
-- Found YAML: TRUE  
-- Checking for module 'libzip'
--   Found libzip, version 1.5.1
-- Found ZIP: TRUE  
-- Looking for ignition-common3 -- found version 3.14.0
-- Looking for ignition-math6 -- found version 6.11.0
-- Looking for ignition-msgs5 -- found version 5.9.0
-- Using CATKIN_DEVEL_PREFIX: /home/msi/caato2_ws/build/decada_sim_assets/devel
-- Using CMAKE_PREFIX_PATH: /opt/ros/noetic
-- This workspace overlays: /opt/ros/noetic
-- Found PythonInterp: /usr/bin/python3 (found suitable version "3.8.10", minimum required is "3") 
-- Using PYTHON_EXECUTABLE: /usr/bin/python3
-- Using Debian Python package layout
-- Found PY_em: /usr/lib/python3/dist-packages/em.py  
-- Using empy: /usr/lib/python3/dist-packages/em.py
-- Using CATKIN_ENABLE_TESTING: ON
-- Call enable_testing()
-- Using CATKIN_TEST_RESULTS_DIR: /home/msi/caato2_ws/build/decada_sim_assets/test_results
-- Forcing gtest/gmock from source, though one was otherwise available.
-- Found gtest sources under '/usr/src/googletest': gtests will be built
-- Found gmock sources under '/usr/src/googletest': gmock will be built
-- Found PythonInterp: /usr/bin/python3 (found version "3.8.10") 
-- Found Threads: TRUE  
-- Using Python nosetests: /usr/bin/nosetests3
-- catkin 0.8.10
-- BUILD_SHARED_LIBS is on
-- Using these message generators: gencpp;geneus;genlisp;gennodejs;genpy
-- Configuring done
-- Generating done
-- Build files have been written to: /home/msi/caato2_ws/build/decada_sim_assets
[35m[1mScanning dependencies of target tests[0m
Built target tests
-- Install configuration: ""
-- Installing: /home/msi/caato2_ws/install/decada_sim_assets/lib/pkgconfig/decada_sim_assets.pc
-- Installing: /home/msi/caato2_ws/install/decada_sim_assets/share/decada_sim_assets/cmake/decada_sim_assetsConfig.cmake
-- Installing: /home/msi/caato2_ws/install/decada_sim_assets/share/decada_sim_assets/cmake/decada_sim_assetsConfig-version.cmake
-- Installing: /home/msi/caato2_ws/install/decada_sim_assets/share/decada_sim_assets/package.xml
-- Installing: /home/msi/caato2_ws/install/decada_sim_assets/share/decada_sim_assets/models
-- Installing: /home/msi/caato2_ws/install/decada_sim_assets/share/decada_sim_assets/models/mbc_building_L1
-- Installing: /home/msi/caato2_ws/install/decada_sim_assets/share/decada_sim_assets/models/mbc_building_L1/meshes
-- Installing: /home/msi/caato2_ws/install/decada_sim_assets/share/decada_sim_assets/models/mbc_building_L1/meshes/floor_1.png
-- Installing: /home/msi/caato2_ws/install/decada_sim_assets/share/decada_sim_assets/models/mbc_building_L1/meshes/default.png
-- Installing: /home/msi/caato2_ws/install/decada_sim_assets/share/decada_sim_assets/models/mbc_building_L1/meshes/floor_2.png
-- Installing: /home/msi/caato2_ws/install/decada_sim_assets/share/decada_sim_assets/models/mbc_building_L1/meshes/floor_2.mtl
-- Installing: /home/msi/caato2_ws/install/decada_sim_assets/share/decada_sim_assets/models/mbc_building_L1/meshes/wall_1.obj
-- Installing: /home/msi/caato2_ws/install/decada_sim_assets/share/decada_sim_assets/models/mbc_building_L1/meshes/floor_1.mtl
-- Installing: /home/msi/caato2_ws/install/decada_sim_assets/share/decada_sim_assets/models/mbc_building_L1/meshes/floor_2.obj
-- Installing: /home/msi/caato2_ws/install/decada_sim_assets/share/decada_sim_assets/models/mbc_building_L1/meshes/wall_1.mtl
-- Installing: /home/msi/caato2_ws/install/decada_sim_assets/share/decada_sim_assets/models/mbc_building_L1/meshes/floor_1.obj
-- Installing: /home/msi/caato2_ws/install/decada_sim_assets/share/decada_sim_assets/models/mbc_building_L1/model.sdf
-- Installing: /home/msi/caato2_ws/install/decada_sim_assets/share/decada_sim_assets/models/mbc_building_L1/model.config
-- Installing: /home/msi/caato2_ws/install/decada_sim_assets/share/decada_sim_assets/models/Trolley_id3
-- Installing: /home/msi/caato2_ws/install/decada_sim_assets/share/decada_sim_assets/models/Trolley_id3/materials
-- Installing: /home/msi/caato2_ws/install/decada_sim_assets/share/decada_sim_assets/models/Trolley_id3/materials/textures
-- Installing: /home/msi/caato2_ws/install/decada_sim_assets/share/decada_sim_assets/models/Trolley_id3/materials/textures/AprilTag.003.png
-- Installing: /home/msi/caato2_ws/install/decada_sim_assets/share/decada_sim_assets/models/Trolley_id3/materials/textures/AprilTag.002.png
-- Installing: /home/msi/caato2_ws/install/decada_sim_assets/share/decada_sim_assets/models/Trolley_id3/materials/scripts
-- Installing: /home/msi/caato2_ws/install/decada_sim_assets/share/decada_sim_assets/models/Trolley_id3/materials/scripts/AprilTag.003.material
-- Installing: /home/msi/caato2_ws/install/decada_sim_assets/share/decada_sim_assets/models/Trolley_id3/materials/scripts/AprilTag.002.material
-- Installing: /home/msi/caato2_ws/install/decada_sim_assets/share/decada_sim_assets/models/Trolley_id3/meshes
-- Installing: /home/msi/caato2_ws/install/decada_sim_assets/share/decada_sim_assets/models/Trolley_id3/meshes/front_wheel.dae
-- Installing: /home/msi/caato2_ws/install/decada_sim_assets/share/decada_sim_assets/models/Trolley_id3/meshes/Trolley
-- Installing: /home/msi/caato2_ws/install/decada_sim_assets/share/decada_sim_assets/models/Trolley_id3/meshes/Trolley/__Terrazzo_4.jpg
-- Installing: /home/msi/caato2_ws/install/decada_sim_assets/share/decada_sim_assets/models/Trolley_id3/meshes/caster_wheel.dae
-- Installing: /home/msi/caato2_ws/install/decada_sim_assets/share/decada_sim_assets/models/Trolley_id3/meshes/caster_wheel.2.dae
-- Installing: /home/msi/caato2_ws/install/decada_sim_assets/share/decada_sim_assets/models/Trolley_id3/meshes/Trolley.dae
-- Installing: /home/msi/caato2_ws/install/decada_sim_assets/share/decada_sim_assets/models/Trolley_id3/meshes/caster_wheel_hub.dae
-- Installing: /home/msi/caato2_ws/install/decada_sim_assets/share/decada_sim_assets/models/Trolley_id3/Readme.txt
-- Installing: /home/msi/caato2_ws/install/decada_sim_assets/share/decada_sim_assets/models/Trolley_id3/model.sdf
-- Installing: /home/msi/caato2_ws/install/decada_sim_assets/share/decada_sim_assets/models/Trolley_id3/model.config
-- Installing: /home/msi/caato2_ws/install/decada_sim_assets/share/decada_sim_assets/models/Trolley
-- Installing: /home/msi/caato2_ws/install/decada_sim_assets/share/decada_sim_assets/models/Trolley/materials
-- Installing: /home/msi/caato2_ws/install/decada_sim_assets/share/decada_sim_assets/models/Trolley/materials/textures
-- Installing: /home/msi/caato2_ws/install/decada_sim_assets/share/decada_sim_assets/models/Trolley/materials/textures/AprilTag.jpeg
-- Installing: /home/msi/caato2_ws/install/decada_sim_assets/share/decada_sim_assets/models/Trolley/materials/textures/QrImage.png.bkup
-- Installing: /home/msi/caato2_ws/install/decada_sim_assets/share/decada_sim_assets/models/Trolley/materials/scripts
-- Installing: /home/msi/caato2_ws/install/decada_sim_assets/share/decada_sim_assets/models/Trolley/materials/scripts/AprilTag.material
-- Installing: /home/msi/caato2_ws/install/decada_sim_assets/share/decada_sim_assets/models/Trolley/materials/scripts/QrImage.material.bkup
-- Installing: /home/msi/caato2_ws/install/decada_sim_assets/share/decada_sim_assets/models/Trolley/meshes
-- Installing: /home/msi/caato2_ws/install/decada_sim_assets/share/decada_sim_assets/models/Trolley/meshes/front_wheel.dae
-- Installing: /home/msi/caato2_ws/install/decada_sim_assets/share/decada_sim_assets/models/Trolley/meshes/Trolley
-- Installing: /home/msi/caato2_ws/install/decada_sim_assets/share/decada_sim_assets/models/Trolley/meshes/Trolley/__Terrazzo_4.jpg
-- Installing: /home/msi/caato2_ws/install/decada_sim_assets/share/decada_sim_assets/models/Trolley/meshes/caster_wheel.dae
-- Installing: /home/msi/caato2_ws/install/decada_sim_assets/share/decada_sim_assets/models/Trolley/meshes/caster_wheel.2.dae
-- Installing: /home/msi/caato2_ws/install/decada_sim_assets/share/decada_sim_assets/models/Trolley/meshes/Trolley.dae
-- Installing: /home/msi/caato2_ws/install/decada_sim_assets/share/decada_sim_assets/models/Trolley/meshes/caster_wheel_hub.dae
-- Installing: /home/msi/caato2_ws/install/decada_sim_assets/share/decada_sim_assets/models/Trolley/model.sdf.bkup
-- Installing: /home/msi/caato2_ws/install/decada_sim_assets/share/decada_sim_assets/models/Trolley/model.sdf
-- Installing: /home/msi/caato2_ws/install/decada_sim_assets/share/decada_sim_assets/models/Trolley/model.config
-- Installing: /home/msi/caato2_ws/install/decada_sim_assets/share/decada_sim_assets/models/Xnergy_RCU
-- Installing: /home/msi/caato2_ws/install/decada_sim_assets/share/decada_sim_assets/models/Xnergy_RCU/materials
-- Installing: /home/msi/caato2_ws/install/decada_sim_assets/share/decada_sim_assets/models/Xnergy_RCU/materials/textures
-- Installing: /home/msi/caato2_ws/install/decada_sim_assets/share/decada_sim_assets/models/Xnergy_RCU/materials/textures/AprilTag.jpeg
-- Installing: /home/msi/caato2_ws/install/decada_sim_assets/share/decada_sim_assets/models/Xnergy_RCU/materials/textures/QrImage.png.bkup
-- Installing: /home/msi/caato2_ws/install/decada_sim_assets/share/decada_sim_assets/models/Xnergy_RCU/materials/scripts
-- Installing: /home/msi/caato2_ws/install/decada_sim_assets/share/decada_sim_assets/models/Xnergy_RCU/materials/scripts/AprilTag.material
-- Installing: /home/msi/caato2_ws/install/decada_sim_assets/share/decada_sim_assets/models/Xnergy_RCU/materials/scripts/QrImage.material.bkup
-- Installing: /home/msi/caato2_ws/install/decada_sim_assets/share/decada_sim_assets/models/Xnergy_RCU/meshes
-- Installing: /home/msi/caato2_ws/install/decada_sim_assets/share/decada_sim_assets/models/Xnergy_RCU/meshes/Receiver-Unit.dae
-- Installing: /home/msi/caato2_ws/install/decada_sim_assets/share/decada_sim_assets/models/Xnergy_RCU/model.sdf
-- Installing: /home/msi/caato2_ws/install/decada_sim_assets/share/decada_sim_assets/models/Xnergy_RCU/model.config
-- Installing: /home/msi/caato2_ws/install/decada_sim_assets/share/decada_sim_assets/models/Xnergy_TPU
-- Installing: /home/msi/caato2_ws/install/decada_sim_assets/share/decada_sim_assets/models/Xnergy_TPU/materials
-- Installing: /home/msi/caato2_ws/install/decada_sim_assets/share/decada_sim_assets/models/Xnergy_TPU/materials/textures
-- Installing: /home/msi/caato2_ws/install/decada_sim_assets/share/decada_sim_assets/models/Xnergy_TPU/materials/textures/AprilTag.015.png
-- Installing: /home/msi/caato2_ws/install/decada_sim_assets/share/decada_sim_assets/models/Xnergy_TPU/materials/textures/AprilTag.jpeg
-- Installing: /home/msi/caato2_ws/install/decada_sim_assets/share/decada_sim_assets/models/Xnergy_TPU/materials/textures/QrImage.png.bkup
-- Installing: /home/msi/caato2_ws/install/decada_sim_assets/share/decada_sim_assets/models/Xnergy_TPU/materials/scripts
-- Installing: /home/msi/caato2_ws/install/decada_sim_assets/share/decada_sim_assets/models/Xnergy_TPU/materials/scripts/AprilTag.material
-- Installing: /home/msi/caato2_ws/install/decada_sim_assets/share/decada_sim_assets/models/Xnergy_TPU/materials/scripts/QrImage.material.bkup
-- Installing: /home/msi/caato2_ws/install/decada_sim_assets/share/decada_sim_assets/models/Xnergy_TPU/materials/scripts/AprilTag.015.material
-- Installing: /home/msi/caato2_ws/install/decada_sim_assets/share/decada_sim_assets/models/Xnergy_TPU/meshes
-- Installing: /home/msi/caato2_ws/install/decada_sim_assets/share/decada_sim_assets/models/Xnergy_TPU/meshes/Transmitter-Pad.dae
-- Installing: /home/msi/caato2_ws/install/decada_sim_assets/share/decada_sim_assets/models/Xnergy_TPU/model.sdf
-- Installing: /home/msi/caato2_ws/install/decada_sim_assets/share/decada_sim_assets/models/Xnergy_TPU/model.config
-- Installing: /home/msi/caato2_ws/install/decada_sim_assets/share/decada_sim_assets/models/Trolley_id1
-- Installing: /home/msi/caato2_ws/install/decada_sim_assets/share/decada_sim_assets/models/Trolley_id1/materials
-- Installing: /home/msi/caato2_ws/install/decada_sim_assets/share/decada_sim_assets/models/Trolley_id1/materials/textures
-- Installing: /home/msi/caato2_ws/install/decada_sim_assets/share/decada_sim_assets/models/Trolley_id1/materials/textures/AprilTag.001.png
-- Installing: /home/msi/caato2_ws/install/decada_sim_assets/share/decada_sim_assets/models/Trolley_id1/materials/textures/AprilTag.000.png
-- Installing: /home/msi/caato2_ws/install/decada_sim_assets/share/decada_sim_assets/models/Trolley_id1/materials/scripts
-- Installing: /home/msi/caato2_ws/install/decada_sim_assets/share/decada_sim_assets/models/Trolley_id1/materials/scripts/AprilTag.001.material
-- Installing: /home/msi/caato2_ws/install/decada_sim_assets/share/decada_sim_assets/models/Trolley_id1/materials/scripts/AprilTag.000.material
-- Installing: /home/msi/caato2_ws/install/decada_sim_assets/share/decada_sim_assets/models/Trolley_id1/meshes
-- Installing: /home/msi/caato2_ws/install/decada_sim_assets/share/decada_sim_assets/models/Trolley_id1/meshes/front_wheel.dae
-- Installing: /home/msi/caato2_ws/install/decada_sim_assets/share/decada_sim_assets/models/Trolley_id1/meshes/Trolley
-- Installing: /home/msi/caato2_ws/install/decada_sim_assets/share/decada_sim_assets/models/Trolley_id1/meshes/Trolley/__Terrazzo_4.jpg
-- Installing: /home/msi/caato2_ws/install/decada_sim_assets/share/decada_sim_assets/models/Trolley_id1/meshes/caster_wheel.dae
-- Installing: /home/msi/caato2_ws/install/decada_sim_assets/share/decada_sim_assets/models/Trolley_id1/meshes/caster_wheel.2.dae
-- Installing: /home/msi/caato2_ws/install/decada_sim_assets/share/decada_sim_assets/models/Trolley_id1/meshes/Trolley.dae
-- Installing: /home/msi/caato2_ws/install/decada_sim_assets/share/decada_sim_assets/models/Trolley_id1/meshes/caster_wheel_hub.dae
-- Installing: /home/msi/caato2_ws/install/decada_sim_assets/share/decada_sim_assets/models/Trolley_id1/Readme.txt
-- Installing: /home/msi/caato2_ws/install/decada_sim_assets/share/decada_sim_assets/models/Trolley_id1/model.sdf
-- Installing: /home/msi/caato2_ws/install/decada_sim_assets/share/decada_sim_assets/models/Trolley_id1/model.config
-- Installing: /home/msi/caato2_ws/install/decada_sim_assets/share/decada_sim_assets/models/Caato
-- Installing: /home/msi/caato2_ws/install/decada_sim_assets/share/decada_sim_assets/models/Caato/caato_360Cam.urdf.xacro.bkup
-- Installing: /home/msi/caato2_ws/install/decada_sim_assets/share/decada_sim_assets/models/Caato/meshes
-- Installing: /home/msi/caato2_ws/install/decada_sim_assets/share/decada_sim_assets/models/Caato/meshes/002._dc_brushed_wheels.stl
-- Installing: /home/msi/caato2_ws/install/decada_sim_assets/share/decada_sim_assets/models/Caato/meshes/hokuyo_laser_scanner.stl
-- Installing: /home/msi/caato2_ws/install/decada_sim_assets/share/decada_sim_assets/models/Caato/meshes/xiaomi_pro_hub_motor.stl
-- Installing: /home/msi/caato2_ws/install/decada_sim_assets/share/decada_sim_assets/models/Caato/meshes/castor_wheel.stl
-- Installing: /home/msi/caato2_ws/install/decada_sim_assets/share/decada_sim_assets/models/Caato/meshes/castor_mount.stl
-- Installing: /home/msi/caato2_ws/install/decada_sim_assets/share/decada_sim_assets/models/Caato/meshes/base_link.stl
-- Installing: /home/msi/caato2_ws/install/decada_sim_assets/share/decada_sim_assets/models/Caato/model.sdf
-- Installing: /home/msi/caato2_ws/install/decada_sim_assets/share/decada_sim_assets/models/Caato/model.config
-- Installing: /home/msi/caato2_ws/install/decada_sim_assets/share/decada_sim_assets/models/building_L9
-- Installing: /home/msi/caato2_ws/install/decada_sim_assets/share/decada_sim_assets/models/building_L9/meshes
-- Installing: /home/msi/caato2_ws/install/decada_sim_assets/share/decada_sim_assets/models/building_L9/meshes/model.material
-- Installing: /home/msi/caato2_ws/install/decada_sim_assets/share/decada_sim_assets/models/building_L9/meshes/default.png
-- Installing: /home/msi/caato2_ws/install/decada_sim_assets/share/decada_sim_assets/models/building_L9/meshes/blue_linoleum.png
-- Installing: /home/msi/caato2_ws/install/decada_sim_assets/share/decada_sim_assets/models/building_L9/meshes/wall_1.obj
-- Installing: /home/msi/caato2_ws/install/decada_sim_assets/share/decada_sim_assets/models/building_L9/meshes/floor_1.mtl
-- Installing: /home/msi/caato2_ws/install/decada_sim_assets/share/decada_sim_assets/models/building_L9/meshes/wall_1.mtl
-- Installing: /home/msi/caato2_ws/install/decada_sim_assets/share/decada_sim_assets/models/building_L9/meshes/floor_1.obj
-- Installing: /home/msi/caato2_ws/install/decada_sim_assets/share/decada_sim_assets/models/building_L9/model.sdf
-- Installing: /home/msi/caato2_ws/install/decada_sim_assets/share/decada_sim_assets/models/building_L9/model.config
-- Installing: /home/msi/caato2_ws/install/decada_sim_assets/share/decada_sim_assets/models/Trolley_id5
-- Installing: /home/msi/caato2_ws/install/decada_sim_assets/share/decada_sim_assets/models/Trolley_id5/materials
-- Installing: /home/msi/caato2_ws/install/decada_sim_assets/share/decada_sim_assets/models/Trolley_id5/materials/textures
-- Installing: /home/msi/caato2_ws/install/decada_sim_assets/share/decada_sim_assets/models/Trolley_id5/materials/textures/AprilTag.005.png
-- Installing: /home/msi/caato2_ws/install/decada_sim_assets/share/decada_sim_assets/models/Trolley_id5/materials/textures/AprilTag.004.png
-- Installing: /home/msi/caato2_ws/install/decada_sim_assets/share/decada_sim_assets/models/Trolley_id5/materials/scripts
-- Installing: /home/msi/caato2_ws/install/decada_sim_assets/share/decada_sim_assets/models/Trolley_id5/materials/scripts/AprilTag.005.material
-- Installing: /home/msi/caato2_ws/install/decada_sim_assets/share/decada_sim_assets/models/Trolley_id5/materials/scripts/AprilTag.004.material
-- Installing: /home/msi/caato2_ws/install/decada_sim_assets/share/decada_sim_assets/models/Trolley_id5/meshes
-- Installing: /home/msi/caato2_ws/install/decada_sim_assets/share/decada_sim_assets/models/Trolley_id5/meshes/front_wheel.dae
-- Installing: /home/msi/caato2_ws/install/decada_sim_assets/share/decada_sim_assets/models/Trolley_id5/meshes/Trolley
-- Installing: /home/msi/caato2_ws/install/decada_sim_assets/share/decada_sim_assets/models/Trolley_id5/meshes/Trolley/__Terrazzo_4.jpg
-- Installing: /home/msi/caato2_ws/install/decada_sim_assets/share/decada_sim_assets/models/Trolley_id5/meshes/caster_wheel.dae
-- Installing: /home/msi/caato2_ws/install/decada_sim_assets/share/decada_sim_assets/models/Trolley_id5/meshes/caster_wheel.2.dae
-- Installing: /home/msi/caato2_ws/install/decada_sim_assets/share/decada_sim_assets/models/Trolley_id5/meshes/Trolley.dae
-- Installing: /home/msi/caato2_ws/install/decada_sim_assets/share/decada_sim_assets/models/Trolley_id5/meshes/caster_wheel_hub.dae
-- Installing: /home/msi/caato2_ws/install/decada_sim_assets/share/decada_sim_assets/models/Trolley_id5/Readme.txt
-- Installing: /home/msi/caato2_ws/install/decada_sim_assets/share/decada_sim_assets/models/Trolley_id5/model.sdf
-- Installing: /home/msi/caato2_ws/install/decada_sim_assets/share/decada_sim_assets/models/Trolley_id5/model.config
-- Installing: /home/msi/caato2_ws/install/decada_sim_assets/share/decada_sim_assets/models/building_L10
-- Installing: /home/msi/caato2_ws/install/decada_sim_assets/share/decada_sim_assets/models/building_L10/meshes
-- Installing: /home/msi/caato2_ws/install/decada_sim_assets/share/decada_sim_assets/models/building_L10/meshes/model.material
-- Installing: /home/msi/caato2_ws/install/decada_sim_assets/share/decada_sim_assets/models/building_L10/meshes/default.png
-- Installing: /home/msi/caato2_ws/install/decada_sim_assets/share/decada_sim_assets/models/building_L10/meshes/floor_3.mtl
-- Installing: /home/msi/caato2_ws/install/decada_sim_assets/share/decada_sim_assets/models/building_L10/meshes/blue_linoleum.png
-- Installing: /home/msi/caato2_ws/install/decada_sim_assets/share/decada_sim_assets/models/building_L10/meshes/floor_2.mtl
-- Installing: /home/msi/caato2_ws/install/decada_sim_assets/share/decada_sim_assets/models/building_L10/meshes/wall_1.obj
-- Installing: /home/msi/caato2_ws/install/decada_sim_assets/share/decada_sim_assets/models/building_L10/meshes/floor_1.mtl
-- Installing: /home/msi/caato2_ws/install/decada_sim_assets/share/decada_sim_assets/models/building_L10/meshes/white_beige_tiles.png
-- Installing: /home/msi/caato2_ws/install/decada_sim_assets/share/decada_sim_assets/models/building_L10/meshes/floor_2.obj
-- Installing: /home/msi/caato2_ws/install/decada_sim_assets/share/decada_sim_assets/models/building_L10/meshes/wall_1.mtl
-- Installing: /home/msi/caato2_ws/install/decada_sim_assets/share/decada_sim_assets/models/building_L10/meshes/floor_3.obj
-- Installing: /home/msi/caato2_ws/install/decada_sim_assets/share/decada_sim_assets/models/building_L10/meshes/gray_flooring.png
-- Installing: /home/msi/caato2_ws/install/decada_sim_assets/share/decada_sim_assets/models/building_L10/meshes/floor_1.obj
-- Installing: /home/msi/caato2_ws/install/decada_sim_assets/share/decada_sim_assets/models/building_L10/model.sdf
-- Installing: /home/msi/caato2_ws/install/decada_sim_assets/share/decada_sim_assets/models/building_L10/model.config
-- Installing: /home/msi/caato2_ws/install/decada_sim_assets/share/decada_sim_assets/maps
-- Installing: /home/msi/caato2_ws/install/decada_sim_assets/share/decada_sim_assets/maps/house.yaml
-- Installing: /home/msi/caato2_ws/install/decada_sim_assets/share/decada_sim_assets/maps/mbc
-- Installing: /home/msi/caato2_ws/install/decada_sim_assets/share/decada_sim_assets/maps/mbc/lvl10
-- Installing: /home/msi/caato2_ws/install/decada_sim_assets/share/decada_sim_assets/maps/mbc/lvl10/mbc.pgm
-- Installing: /home/msi/caato2_ws/install/decada_sim_assets/share/decada_sim_assets/maps/mbc/lvl10/mbc.png
-- Installing: /home/msi/caato2_ws/install/decada_sim_assets/share/decada_sim_assets/maps/mbc/lvl10/mbc.yaml
-- Installing: /home/msi/caato2_ws/install/decada_sim_assets/share/decada_sim_assets/maps/house.pgm
-- Installing: /home/msi/caato2_ws/install/decada_sim_assets/share/decada_sim_assets/maps/world.pgm
-- Installing: /home/msi/caato2_ws/install/decada_sim_assets/share/decada_sim_assets/maps/world.yaml
-- Installing: /home/msi/caato2_ws/install/decada_sim_assets/share/decada_sim_assets/rviz
-- Installing: /home/msi/caato2_ws/install/decada_sim_assets/share/decada_sim_assets/rviz/single_caato_ff.rviz
-- Installing: /home/msi/caato2_ws/install/decada_sim_assets/share/decada_sim_assets/worlds
-- Installing: /home/msi/caato2_ws/install/decada_sim_assets/share/decada_sim_assets/worlds/mbc.building.nodoors.2.world
-- Installing: /home/msi/caato2_ws/install/decada_sim_assets/share/decada_sim_assets/worlds/empty.world
-- Installing: /home/msi/caato2_ws/install/decada_sim_assets/share/decada_sim_assets/worlds/mbc.building.world
-- Installing: /home/msi/caato2_ws/install/decada_sim_assets/share/decada_sim_assets/worlds/mbc.building.nodoors.world
