[0.072s] Invoking command in '/home/msi/caato2_ws/build/caato2_cmd_mux': /usr/bin/cmake --build /home/msi/caato2_ws/build/caato2_cmd_mux -- -j20 -l20
[0.244s] [  0%] Built target geometry_msgs_generate_messages_cpp
[0.244s] [  0%] Built target geometry_msgs_generate_messages_py
[0.252s] [  0%] Built target _caato2_cmd_mux_generate_messages_check_deps_change_sub_topic
[0.265s] [  0%] Built target geometry_msgs_generate_messages_nodejs
[0.267s] [  0%] Built target geometry_msgs_generate_messages_eus
[0.283s] [  0%] Built target geometry_msgs_generate_messages_lisp
[0.283s] [  0%] Built target std_msgs_generate_messages_lisp
[0.305s] [  0%] Built target roscpp_generate_messages_nodejs
[0.305s] [  0%] Built target rosgraph_msgs_generate_messages_cpp
[0.309s] [  0%] Built target std_msgs_generate_messages_cpp
[0.319s] [  0%] Built target roscpp_generate_messages_lisp
[0.329s] [  0%] Built target rosgraph_msgs_generate_messages_py
[0.337s] [  0%] Built target roscpp_generate_messages_cpp
[0.360s] [  0%] Built target std_msgs_generate_messages_nodejs
[0.360s] [  0%] Built target roscpp_generate_messages_py
[0.362s] [  0%] Built target std_msgs_generate_messages_py
[0.372s] [  0%] Built target roscpp_generate_messages_eus
[0.376s] [  0%] Built target rosgraph_msgs_generate_messages_nodejs
[0.376s] [  0%] Built target rosgraph_msgs_generate_messages_eus
[0.376s] [  0%] Built target rosgraph_msgs_generate_messages_lisp
[0.386s] [  0%] Built target std_msgs_generate_messages_eus
[0.387s] [ 11%] Built target caato2_cmd_mux_generate_messages_cpp
[0.390s] [ 33%] Built target caato2_cmd_mux_generate_messages_py
[0.393s] [ 44%] Built target caato2_cmd_mux_generate_messages_nodejs
[0.394s] [ 66%] Built target caato2_cmd_mux_generate_messages_eus
[0.400s] [ 77%] Built target caato2_cmd_mux_generate_messages_lisp
[0.412s] [ 77%] Built target caato2_cmd_mux_generate_messages
[0.417s] [100%] Built target caato2_cmd_mux_node
[0.444s] Invoked command in '/home/msi/caato2_ws/build/caato2_cmd_mux' returned '0': /usr/bin/cmake --build /home/msi/caato2_ws/build/caato2_cmd_mux -- -j20 -l20
[0.518s] Invoking command in '/home/msi/caato2_ws/build/caato2_cmd_mux': /usr/bin/cmake --build /home/msi/caato2_ws/build/caato2_cmd_mux --target tests -- -j20 -l20
[0.565s] Built target tests
[0.618s] Invoked command in '/home/msi/caato2_ws/build/caato2_cmd_mux' returned '0': /usr/bin/cmake --build /home/msi/caato2_ws/build/caato2_cmd_mux --target tests -- -j20 -l20
[0.764s] Invoking command in '/home/msi/caato2_ws/build/caato2_cmd_mux': /usr/bin/cmake --install /home/msi/caato2_ws/build/caato2_cmd_mux
[0.832s] -- Install configuration: ""
[0.832s] -- Up-to-date: /home/msi/caato2_ws/install/caato2_cmd_mux/share/caato2_cmd_mux/srv/change_sub_topic.srv
[0.832s] -- Up-to-date: /home/msi/caato2_ws/install/caato2_cmd_mux/share/caato2_cmd_mux/cmake/caato2_cmd_mux-msg-paths.cmake
[0.833s] -- Up-to-date: /home/msi/caato2_ws/install/caato2_cmd_mux/include/caato2_cmd_mux
[0.833s] -- Up-to-date: /home/msi/caato2_ws/install/caato2_cmd_mux/include/caato2_cmd_mux/change_sub_topicRequest.h
[0.833s] -- Up-to-date: /home/msi/caato2_ws/install/caato2_cmd_mux/include/caato2_cmd_mux/change_sub_topic.h
[0.833s] -- Up-to-date: /home/msi/caato2_ws/install/caato2_cmd_mux/include/caato2_cmd_mux/change_sub_topicResponse.h
[0.833s] -- Up-to-date: /home/msi/caato2_ws/install/caato2_cmd_mux/share/roseus/ros/caato2_cmd_mux
[0.833s] -- Up-to-date: /home/msi/caato2_ws/install/caato2_cmd_mux/share/roseus/ros/caato2_cmd_mux/manifest.l
[0.833s] -- Up-to-date: /home/msi/caato2_ws/install/caato2_cmd_mux/share/roseus/ros/caato2_cmd_mux/srv
[0.833s] -- Up-to-date: /home/msi/caato2_ws/install/caato2_cmd_mux/share/roseus/ros/caato2_cmd_mux/srv/change_sub_topic.l
[0.833s] -- Up-to-date: /home/msi/caato2_ws/install/caato2_cmd_mux/share/common-lisp/ros/caato2_cmd_mux
[0.834s] -- Up-to-date: /home/msi/caato2_ws/install/caato2_cmd_mux/share/common-lisp/ros/caato2_cmd_mux/srv
[0.834s] -- Up-to-date: /home/msi/caato2_ws/install/caato2_cmd_mux/share/common-lisp/ros/caato2_cmd_mux/srv/_package.lisp
[0.834s] -- Up-to-date: /home/msi/caato2_ws/install/caato2_cmd_mux/share/common-lisp/ros/caato2_cmd_mux/srv/change_sub_topic.lisp
[0.834s] -- Up-to-date: /home/msi/caato2_ws/install/caato2_cmd_mux/share/common-lisp/ros/caato2_cmd_mux/srv/_package_change_sub_topic.lisp
[0.835s] -- Up-to-date: /home/msi/caato2_ws/install/caato2_cmd_mux/share/common-lisp/ros/caato2_cmd_mux/srv/caato2_cmd_mux-srv.asd
[0.835s] -- Up-to-date: /home/msi/caato2_ws/install/caato2_cmd_mux/share/gennodejs/ros/caato2_cmd_mux
[0.835s] -- Up-to-date: /home/msi/caato2_ws/install/caato2_cmd_mux/share/gennodejs/ros/caato2_cmd_mux/_index.js
[0.835s] -- Up-to-date: /home/msi/caato2_ws/install/caato2_cmd_mux/share/gennodejs/ros/caato2_cmd_mux/srv
[0.835s] -- Up-to-date: /home/msi/caato2_ws/install/caato2_cmd_mux/share/gennodejs/ros/caato2_cmd_mux/srv/_index.js
[0.835s] -- Up-to-date: /home/msi/caato2_ws/install/caato2_cmd_mux/share/gennodejs/ros/caato2_cmd_mux/srv/change_sub_topic.js
[0.835s] Listing '/home/msi/caato2_ws/build/caato2_cmd_mux/devel/lib/python3/dist-packages/caato2_cmd_mux'...
[0.836s] Listing '/home/msi/caato2_ws/build/caato2_cmd_mux/devel/lib/python3/dist-packages/caato2_cmd_mux/srv'...
[0.836s] -- Up-to-date: /home/msi/caato2_ws/install/caato2_cmd_mux/lib/python3/dist-packages/caato2_cmd_mux
[0.836s] -- Up-to-date: /home/msi/caato2_ws/install/caato2_cmd_mux/lib/python3/dist-packages/caato2_cmd_mux/srv
[0.836s] -- Up-to-date: /home/msi/caato2_ws/install/caato2_cmd_mux/lib/python3/dist-packages/caato2_cmd_mux/srv/__init__.py
[0.836s] -- Up-to-date: /home/msi/caato2_ws/install/caato2_cmd_mux/lib/python3/dist-packages/caato2_cmd_mux/srv/_change_sub_topic.py
[0.836s] -- Up-to-date: /home/msi/caato2_ws/install/caato2_cmd_mux/lib/python3/dist-packages/caato2_cmd_mux/srv/__pycache__
[0.837s] -- Up-to-date: /home/msi/caato2_ws/install/caato2_cmd_mux/lib/python3/dist-packages/caato2_cmd_mux/srv/__pycache__/_change_sub_topic.cpython-38.pyc
[0.837s] -- Up-to-date: /home/msi/caato2_ws/install/caato2_cmd_mux/lib/python3/dist-packages/caato2_cmd_mux/srv/__pycache__/__init__.cpython-38.pyc
[0.837s] -- Up-to-date: /home/msi/caato2_ws/install/caato2_cmd_mux/lib/python3/dist-packages/caato2_cmd_mux/__init__.py
[0.837s] -- Up-to-date: /home/msi/caato2_ws/install/caato2_cmd_mux/lib/python3/dist-packages/caato2_cmd_mux/__pycache__
[0.838s] -- Up-to-date: /home/msi/caato2_ws/install/caato2_cmd_mux/lib/python3/dist-packages/caato2_cmd_mux/__pycache__/__init__.cpython-38.pyc
[0.838s] -- Up-to-date: /home/msi/caato2_ws/install/caato2_cmd_mux/lib/pkgconfig/caato2_cmd_mux.pc
[0.838s] -- Up-to-date: /home/msi/caato2_ws/install/caato2_cmd_mux/share/caato2_cmd_mux/cmake/caato2_cmd_mux-msg-extras.cmake
[0.838s] -- Up-to-date: /home/msi/caato2_ws/install/caato2_cmd_mux/share/caato2_cmd_mux/cmake/caato2_cmd_muxConfig.cmake
[0.838s] -- Up-to-date: /home/msi/caato2_ws/install/caato2_cmd_mux/share/caato2_cmd_mux/cmake/caato2_cmd_muxConfig-version.cmake
[0.838s] -- Up-to-date: /home/msi/caato2_ws/install/caato2_cmd_mux/share/caato2_cmd_mux/package.xml
[0.840s] -- Up-to-date: /home/msi/caato2_ws/install/caato2_cmd_mux/lib/caato2_cmd_mux/caato2_cmd_mux_node
[0.840s] -- Up-to-date: /home/msi/caato2_ws/install/caato2_cmd_mux/share/caato2_cmd_mux/launch
[0.840s] -- Up-to-date: /home/msi/caato2_ws/install/caato2_cmd_mux/share/caato2_cmd_mux/launch/cmd_vel_mux.launch
[0.912s] Invoked command in '/home/msi/caato2_ws/build/caato2_cmd_mux' returned '0': /usr/bin/cmake --install /home/msi/caato2_ws/build/caato2_cmd_mux
