CMake Warning (dev) at CMakeLists.txt:1 (project):
  Policy CMP0048 is not set: project() command manages VERSION variables.
  Run "cmake --help-policy CMP0048" for policy details.  Use the cmake_policy
  command to set the policy and suppress this warning.

  The following variable(s) would be set to empty:

    CMAKE_PROJECT_VERSION
    CMAKE_PROJECT_VERSION_MAJOR
    CMAKE_PROJECT_VERSION_MINOR
    CMAKE_PROJECT_VERSION_PATCH
This warning is for project developers.  Use -Wno-dev to suppress it.

CMake Error at /opt/ros/noetic/share/catkin/cmake/catkinConfig.cmake:83 (find_package):
  Could not find a package configuration file provided by "octomap_ros" with
  any of the following names:

    octomap_rosConfig.cmake
    octomap_ros-config.cmake

  Add the installation prefix of "octomap_ros" to CMAKE_PREFIX_PATH or set
  "octomap_ros_DIR" to a directory containing one of the above files.  If
  "octomap_ros" provides a separate development package or SDK, be sure it
  has been installed.
Call Stack (most recent call first):
  CMakeLists.txt:10 (find_package)


