-- Using CATKIN_DEVEL_PREFIX: /home/msi/caato2_ws/build/amcl3d/devel
-- Using CMAKE_PREFIX_PATH: /home/msi/caato2_ws/install/rosinrange_msg;/home/msi/caato2_ws/install/xnergy_charger_rcu;/home/msi/caato2_ws/install/trolley_arm;/home/msi/caato2_ws/install/teleop_twist_joy;/home/msi/caato2_ws/install/rviz_atc_plugins;/home/msi/caato2_ws/install/rosserial_xbee;/home/msi/caato2_ws/install/rosserial_windows;/home/msi/caato2_ws/install/rosserial_vex_v5;/home/msi/caato2_ws/install/rosserial_vex_cortex;/home/msi/caato2_ws/install/rosserial_tivac;/home/msi/caato2_ws/install/rosserial_test;/home/msi/caato2_ws/install/rosserial_server;/home/msi/caato2_ws/install/rosserial_arduino;/home/msi/caato2_ws/install/rosserial_python;/home/msi/caato2_ws/install/rosserial_mbed;/home/msi/caato2_ws/install/rosserial_embeddedlinux;/home/msi/caato2_ws/install/rosserial_chibios;/home/msi/caato2_ws/install/rosserial_client;/home/msi/caato2_ws/install/rosserial_msgs;/home/msi/caato2_ws/install/caato_teleop;/home/msi/caato2_ws/install/caato_slam;/home/msi/caato2_ws/install/caato_navigation;/home/msi/caato2_ws/install/caato_bringup;/home/msi/caato2_ws/install/caato2_navigation;/home/msi/caato2_ws/install/caato2_examples;/home/msi/caato2_ws/install/caato2_bringup;/home/msi/caato2_ws/install/roboteq_diff_driver;/home/msi/caato2_ws/install/roboteq_diff_msgs;/home/msi/caato2_ws/install/realsense_gazebo_plugin;/home/msi/caato2_ws/install/realsense2_description;/home/msi/caato2_ws/install/realsense2_camera;/home/msi/caato2_ws/install/plc_modbus_node;/home/msi/caato2_ws/install/ouster_example;/home/msi/caato2_ws/install/ouster-gazebo-simulation;/home/msi/caato2_ws/install/map_server;/home/msi/caato2_ws/install/laser_filters;/home/msi/caato2_ws/install/ira_laser_tools;/home/msi/caato2_ws/install/eband_local_planner;/home/msi/caato2_ws/install/ds4_driver;/home/msi/caato2_ws/install/device_diagnostics;/home/msi/caato2_ws/install/decada_sim_assets;/home/msi/caato2_ws/install/caato_gazebo;/home/msi/caato2_ws/install/caato_fleet_client;/home/msi/caato2_ws/install/caato_description;/home/msi/caato2_ws/install/caato_alexa;/home/msi/caato2_ws/install/caato2_gazebo;/home/msi/caato2_ws/install/caato2_description;/home/msi/caato2_ws/install/caato2_cmd_mux;/home/msi/caato2_ws/install/atc_waypoints;/home/msi/caato2_ws/install/atc_stm;/home/msi/caato2_ws/install/atc_utils;/home/msi/caato2_ws/install/atc_msgs;/home/msi/caato2_ws/install/apriltag_ros;/home/msi/caato2_ws/install/apriltag;/home/msi/amcl3d/amcl3d/devel;/opt/ros/noetic
-- This workspace overlays: /home/msi/caato2_ws/install/rosinrange_msg;/home/msi/caato2_ws/install/xnergy_charger_rcu;/home/msi/caato2_ws/install/trolley_arm;/home/msi/caato2_ws/install/teleop_twist_joy;/home/msi/caato2_ws/install/rviz_atc_plugins;/home/msi/caato2_ws/install/rosserial_xbee;/home/msi/caato2_ws/install/rosserial_windows;/home/msi/caato2_ws/install/rosserial_vex_v5;/home/msi/caato2_ws/install/rosserial_vex_cortex;/home/msi/caato2_ws/install/rosserial_tivac;/home/msi/caato2_ws/install/rosserial_test;/home/msi/caato2_ws/install/rosserial_server;/home/msi/caato2_ws/install/rosserial_arduino;/home/msi/caato2_ws/install/rosserial_python;/home/msi/caato2_ws/install/rosserial_mbed;/home/msi/caato2_ws/install/rosserial_embeddedlinux;/home/msi/caato2_ws/install/rosserial_chibios;/home/msi/caato2_ws/install/rosserial_client;/home/msi/caato2_ws/install/rosserial_msgs;/home/msi/caato2_ws/install/caato_teleop;/home/msi/caato2_ws/install/caato_slam;/home/msi/caato2_ws/install/caato_navigation;/home/msi/caato2_ws/install/caato_bringup;/home/msi/caato2_ws/install/caato2_navigation;/home/msi/caato2_ws/install/caato2_examples;/home/msi/caato2_ws/install/caato2_bringup;/home/msi/caato2_ws/install/roboteq_diff_driver;/home/msi/caato2_ws/install/roboteq_diff_msgs;/home/msi/caato2_ws/install/realsense_gazebo_plugin;/home/msi/caato2_ws/install/realsense2_description;/home/msi/caato2_ws/install/realsense2_camera;/home/msi/caato2_ws/install/plc_modbus_node;/home/msi/caato2_ws/install/ouster-gazebo-simulation;/home/msi/caato2_ws/install/map_server;/home/msi/caato2_ws/install/laser_filters;/home/msi/caato2_ws/install/ira_laser_tools;/home/msi/caato2_ws/install/eband_local_planner;/home/msi/caato2_ws/install/ds4_driver;/home/msi/caato2_ws/install/device_diagnostics;/home/msi/caato2_ws/install/decada_sim_assets;/home/msi/caato2_ws/install/caato_gazebo;/home/msi/caato2_ws/install/caato_fleet_client;/home/msi/caato2_ws/install/caato_description;/home/msi/caato2_ws/install/caato_alexa;/home/msi/caato2_ws/install/caato2_gazebo;/home/msi/caato2_ws/install/caato2_description;/home/msi/caato2_ws/install/caato2_cmd_mux;/home/msi/caato2_ws/install/atc_waypoints;/home/msi/caato2_ws/install/atc_stm;/home/msi/caato2_ws/install/atc_utils;/home/msi/caato2_ws/install/atc_msgs;/home/msi/caato2_ws/install/apriltag_ros;/opt/ros/noetic
-- Found PythonInterp: /usr/bin/python3 (found suitable version "3.8.10", minimum required is "3") 
-- Using PYTHON_EXECUTABLE: /usr/bin/python3
-- Using Debian Python package layout
-- Using empy: /usr/lib/python3/dist-packages/em.py
CMake Warning (dev) at CMakeLists.txt:1 (project):
  Policy CMP0048 is not set: project() command manages VERSION variables.
  Run "cmake --help-policy CMP0048" for policy details.  Use the cmake_policy
  command to set the policy and suppress this warning.

  The following variable(s) would be set to empty:

    CMAKE_PROJECT_VERSION
    CMAKE_PROJECT_VERSION_MAJOR
    CMAKE_PROJECT_VERSION_MINOR
    CMAKE_PROJECT_VERSION_PATCH
This warning is for project developers.  Use -Wno-dev to suppress it.

-- Using CATKIN_ENABLE_TESTING: ON
-- Call enable_testing()
-- Using CATKIN_TEST_RESULTS_DIR: /home/msi/caato2_ws/build/amcl3d/test_results
-- Forcing gtest/gmock from source, though one was otherwise available.
-- Found gtest sources under '/usr/src/googletest': gtests will be built
-- Found gmock sources under '/usr/src/googletest': gmock will be built
-- Found PythonInterp: /usr/bin/python3 (found version "3.8.10") 
-- Using Python nosetests: /usr/bin/nosetests3
-- catkin 0.8.10
-- BUILD_SHARED_LIBS is on
-- Using these message generators: gencpp;geneus;genlisp;gennodejs;genpy
-- Could NOT find octomap_ros (missing: octomap_ros_DIR)
CMake Error at /opt/ros/noetic/share/catkin/cmake/catkinConfig.cmake:83 (find_package):
  Could not find a package configuration file provided by "octomap_ros" with
  any of the following names:

    octomap_rosConfig.cmake
    octomap_ros-config.cmake

  Add the installation prefix of "octomap_ros" to CMAKE_PREFIX_PATH or set
  "octomap_ros_DIR" to a directory containing one of the above files.  If
  "octomap_ros" provides a separate development package or SDK, be sure it
  has been installed.
Call Stack (most recent call first):
  CMakeLists.txt:10 (find_package)


-- Could not find the required component 'octomap_ros'. The following CMake error indicates that you either need to install the package with the same name or change your environment so that it can be found.
-- Configuring incomplete, errors occurred!
See also "/home/msi/caato2_ws/build/amcl3d/CMakeFiles/CMakeOutput.log".
See also "/home/msi/caato2_ws/build/amcl3d/CMakeFiles/CMakeError.log".
