[0.056s] Invoking command in '/home/msi/caato2_ws/build/map_server': /usr/bin/cmake --build /home/msi/caato2_ws/build/map_server -- -j20 -l20
[0.255s] [ 18%] Built target gtest
[0.255s] [ 36%] Built target map_server-map_saver
[0.255s] [ 54%] Built target image_loader
[0.255s] [ 81%] Built target rtest
[0.255s] [100%] Built target map_server
[0.403s] Invoked command in '/home/msi/caato2_ws/build/map_server' returned '0': /usr/bin/cmake --build /home/msi/caato2_ws/build/map_server -- -j20 -l20
[0.514s] Invoking command in '/home/msi/caato2_ws/build/map_server': /usr/bin/cmake --build /home/msi/caato2_ws/build/map_server --target tests -- -j20 -l20
[0.557s] [ 28%] Built target gtest
[0.561s] [ 57%] Built target image_loader
[0.580s] [100%] Built target map_server_utest
[0.601s] [100%] Built target tests
[0.661s] Invoked command in '/home/msi/caato2_ws/build/map_server' returned '0': /usr/bin/cmake --build /home/msi/caato2_ws/build/map_server --target tests -- -j20 -l20
[0.831s] Invoking command in '/home/msi/caato2_ws/build/map_server': /usr/bin/cmake --install /home/msi/caato2_ws/build/map_server
[0.853s] -- Install configuration: ""
[0.853s] -- Up-to-date: /home/msi/caato2_ws/install/map_server/lib/pkgconfig/map_server.pc
[0.853s] -- Up-to-date: /home/msi/caato2_ws/install/map_server/share/map_server/cmake/map_serverConfig.cmake
[0.854s] -- Up-to-date: /home/msi/caato2_ws/install/map_server/share/map_server/cmake/map_serverConfig-version.cmake
[0.856s] -- Up-to-date: /home/msi/caato2_ws/install/map_server/share/map_server/package.xml
[0.857s] -- Up-to-date: /home/msi/caato2_ws/install/map_server/lib/map_server/map_saver
[0.857s] -- Up-to-date: /home/msi/caato2_ws/install/map_server/lib/map_server/map_server
[0.857s] -- Up-to-date: /home/msi/caato2_ws/install/map_server/lib/libimage_loader.so
[0.857s] -- Up-to-date: /home/msi/caato2_ws/install/map_server/include/map_server
[0.857s] -- Up-to-date: /home/msi/caato2_ws/install/map_server/include/map_server/image_loader.h
[0.857s] -- Up-to-date: /home/msi/caato2_ws/install/map_server/lib/map_server/crop_map
[0.938s] Invoked command in '/home/msi/caato2_ws/build/map_server' returned '0': /usr/bin/cmake --install /home/msi/caato2_ws/build/map_server
