[0.136s] Invoking command in '/home/msi/caato2_ws/build/rosserial_vex_cortex': CMAKE_PREFIX_PATH=/home/msi/caato2_ws/install/rosserial_python:/home/msi/caato2_ws/install/rosserial_client:/home/msi/caato2_ws/install/rosserial_msgs:${CMAKE_PREFIX_PATH} PKG_CONFIG_PATH=/home/msi/caato2_ws/install/rosserial_python/lib/x86_64-linux-gnu/pkgconfig:/home/msi/caato2_ws/install/rosserial_python/lib/pkgconfig:/home/msi/caato2_ws/install/rosserial_client/lib/x86_64-linux-gnu/pkgconfig:/home/msi/caato2_ws/install/rosserial_client/lib/pkgconfig:/home/msi/caato2_ws/install/rosserial_msgs/lib/x86_64-linux-gnu/pkgconfig:/home/msi/caato2_ws/install/rosserial_msgs/lib/pkgconfig:${PKG_CONFIG_PATH} PYTHONPATH=/home/msi/caato2_ws/install/rosserial_python/lib/python3/dist-packages:/home/msi/caato2_ws/install/rosserial_client/lib/python3/dist-packages:/home/msi/caato2_ws/install/rosserial_msgs/lib/python3/dist-packages:${PYTHONPATH} ROS_PACKAGE_PATH=/home/msi/caato2_ws/install/rosserial_python/share:/home/msi/caato2_ws/install/rosserial_client/share:/home/msi/caato2_ws/install/rosserial_msgs/share:${ROS_PACKAGE_PATH} /usr/bin/cmake --build /home/msi/caato2_ws/build/rosserial_vex_cortex -- -j20 -l20
[0.202s] Invoked command in '/home/msi/caato2_ws/build/rosserial_vex_cortex' returned '0': CMAKE_PREFIX_PATH=/home/msi/caato2_ws/install/rosserial_python:/home/msi/caato2_ws/install/rosserial_client:/home/msi/caato2_ws/install/rosserial_msgs:${CMAKE_PREFIX_PATH} PKG_CONFIG_PATH=/home/msi/caato2_ws/install/rosserial_python/lib/x86_64-linux-gnu/pkgconfig:/home/msi/caato2_ws/install/rosserial_python/lib/pkgconfig:/home/msi/caato2_ws/install/rosserial_client/lib/x86_64-linux-gnu/pkgconfig:/home/msi/caato2_ws/install/rosserial_client/lib/pkgconfig:/home/msi/caato2_ws/install/rosserial_msgs/lib/x86_64-linux-gnu/pkgconfig:/home/msi/caato2_ws/install/rosserial_msgs/lib/pkgconfig:${PKG_CONFIG_PATH} PYTHONPATH=/home/msi/caato2_ws/install/rosserial_python/lib/python3/dist-packages:/home/msi/caato2_ws/install/rosserial_client/lib/python3/dist-packages:/home/msi/caato2_ws/install/rosserial_msgs/lib/python3/dist-packages:${PYTHONPATH} ROS_PACKAGE_PATH=/home/msi/caato2_ws/install/rosserial_python/share:/home/msi/caato2_ws/install/rosserial_client/share:/home/msi/caato2_ws/install/rosserial_msgs/share:${ROS_PACKAGE_PATH} /usr/bin/cmake --build /home/msi/caato2_ws/build/rosserial_vex_cortex -- -j20 -l20
[0.279s] Invoking command in '/home/msi/caato2_ws/build/rosserial_vex_cortex': CMAKE_PREFIX_PATH=/home/msi/caato2_ws/install/rosserial_python:/home/msi/caato2_ws/install/rosserial_client:/home/msi/caato2_ws/install/rosserial_msgs:${CMAKE_PREFIX_PATH} PKG_CONFIG_PATH=/home/msi/caato2_ws/install/rosserial_python/lib/x86_64-linux-gnu/pkgconfig:/home/msi/caato2_ws/install/rosserial_python/lib/pkgconfig:/home/msi/caato2_ws/install/rosserial_client/lib/x86_64-linux-gnu/pkgconfig:/home/msi/caato2_ws/install/rosserial_client/lib/pkgconfig:/home/msi/caato2_ws/install/rosserial_msgs/lib/x86_64-linux-gnu/pkgconfig:/home/msi/caato2_ws/install/rosserial_msgs/lib/pkgconfig:${PKG_CONFIG_PATH} PYTHONPATH=/home/msi/caato2_ws/install/rosserial_python/lib/python3/dist-packages:/home/msi/caato2_ws/install/rosserial_client/lib/python3/dist-packages:/home/msi/caato2_ws/install/rosserial_msgs/lib/python3/dist-packages:${PYTHONPATH} ROS_PACKAGE_PATH=/home/msi/caato2_ws/install/rosserial_python/share:/home/msi/caato2_ws/install/rosserial_client/share:/home/msi/caato2_ws/install/rosserial_msgs/share:${ROS_PACKAGE_PATH} /usr/bin/cmake --build /home/msi/caato2_ws/build/rosserial_vex_cortex --target tests -- -j20 -l20
[0.321s] Built target tests
[0.373s] Invoked command in '/home/msi/caato2_ws/build/rosserial_vex_cortex' returned '0': CMAKE_PREFIX_PATH=/home/msi/caato2_ws/install/rosserial_python:/home/msi/caato2_ws/install/rosserial_client:/home/msi/caato2_ws/install/rosserial_msgs:${CMAKE_PREFIX_PATH} PKG_CONFIG_PATH=/home/msi/caato2_ws/install/rosserial_python/lib/x86_64-linux-gnu/pkgconfig:/home/msi/caato2_ws/install/rosserial_python/lib/pkgconfig:/home/msi/caato2_ws/install/rosserial_client/lib/x86_64-linux-gnu/pkgconfig:/home/msi/caato2_ws/install/rosserial_client/lib/pkgconfig:/home/msi/caato2_ws/install/rosserial_msgs/lib/x86_64-linux-gnu/pkgconfig:/home/msi/caato2_ws/install/rosserial_msgs/lib/pkgconfig:${PKG_CONFIG_PATH} PYTHONPATH=/home/msi/caato2_ws/install/rosserial_python/lib/python3/dist-packages:/home/msi/caato2_ws/install/rosserial_client/lib/python3/dist-packages:/home/msi/caato2_ws/install/rosserial_msgs/lib/python3/dist-packages:${PYTHONPATH} ROS_PACKAGE_PATH=/home/msi/caato2_ws/install/rosserial_python/share:/home/msi/caato2_ws/install/rosserial_client/share:/home/msi/caato2_ws/install/rosserial_msgs/share:${ROS_PACKAGE_PATH} /usr/bin/cmake --build /home/msi/caato2_ws/build/rosserial_vex_cortex --target tests -- -j20 -l20
[0.478s] Invoking command in '/home/msi/caato2_ws/build/rosserial_vex_cortex': CMAKE_PREFIX_PATH=/home/msi/caato2_ws/install/rosserial_python:/home/msi/caato2_ws/install/rosserial_client:/home/msi/caato2_ws/install/rosserial_msgs:${CMAKE_PREFIX_PATH} PKG_CONFIG_PATH=/home/msi/caato2_ws/install/rosserial_python/lib/x86_64-linux-gnu/pkgconfig:/home/msi/caato2_ws/install/rosserial_python/lib/pkgconfig:/home/msi/caato2_ws/install/rosserial_client/lib/x86_64-linux-gnu/pkgconfig:/home/msi/caato2_ws/install/rosserial_client/lib/pkgconfig:/home/msi/caato2_ws/install/rosserial_msgs/lib/x86_64-linux-gnu/pkgconfig:/home/msi/caato2_ws/install/rosserial_msgs/lib/pkgconfig:${PKG_CONFIG_PATH} PYTHONPATH=/home/msi/caato2_ws/install/rosserial_python/lib/python3/dist-packages:/home/msi/caato2_ws/install/rosserial_client/lib/python3/dist-packages:/home/msi/caato2_ws/install/rosserial_msgs/lib/python3/dist-packages:${PYTHONPATH} ROS_PACKAGE_PATH=/home/msi/caato2_ws/install/rosserial_python/share:/home/msi/caato2_ws/install/rosserial_client/share:/home/msi/caato2_ws/install/rosserial_msgs/share:${ROS_PACKAGE_PATH} /usr/bin/cmake --install /home/msi/caato2_ws/build/rosserial_vex_cortex
[0.491s] -- Install configuration: ""
[0.491s] + cd /home/msi/caato2_ws/src/thirdparty/rosserial/rosserial_vex_cortex
[0.491s] + mkdir -p /home/msi/caato2_ws/install/rosserial_vex_cortex/lib/python3/dist-packages
[0.491s] + /usr/bin/env PYTHONPATH=/home/msi/caato2_ws/install/rosserial_vex_cortex/lib/python3/dist-packages:/home/msi/caato2_ws/build/rosserial_vex_cortex/lib/python3/dist-packages:/home/msi/caato2_ws/install/rosserial_python/lib/python3/dist-packages:/home/msi/caato2_ws/install/rosserial_client/lib/python3/dist-packages:/home/msi/caato2_ws/install/rosserial_msgs/lib/python3/dist-packages:/opt/ros/noetic/lib/python3/dist-packages CATKIN_BINARY_DIR=/home/msi/caato2_ws/build/rosserial_vex_cortex /usr/bin/python3 /home/msi/caato2_ws/src/thirdparty/rosserial/rosserial_vex_cortex/setup.py build --build-base /home/msi/caato2_ws/build/rosserial_vex_cortex install --root=/ --install-layout=deb --prefix=/home/msi/caato2_ws/install/rosserial_vex_cortex --install-scripts=/home/msi/caato2_ws/install/rosserial_vex_cortex/bin
[0.512s] running build
[0.515s] running build_py
[0.516s] package init file 'src/rosserial_vex_cortex/__init__.py' not found (or not a regular file)
[0.516s] package init file 'src/rosserial_vex_cortex/__init__.py' not found (or not a regular file)
[0.517s] running install
[0.517s] running install_lib
[0.520s] running install_egg_info
[0.521s] Removing /home/msi/caato2_ws/install/rosserial_vex_cortex/lib/python3/dist-packages/rosserial_vex_cortex-0.9.2.egg-info
[0.522s] Writing /home/msi/caato2_ws/install/rosserial_vex_cortex/lib/python3/dist-packages/rosserial_vex_cortex-0.9.2.egg-info
[0.532s] -- Up-to-date: /home/msi/caato2_ws/install/rosserial_vex_cortex/lib/pkgconfig/rosserial_vex_cortex.pc
[0.533s] -- Up-to-date: /home/msi/caato2_ws/install/rosserial_vex_cortex/share/rosserial_vex_cortex/cmake/rosserial_vex_cortexConfig.cmake
[0.534s] -- Up-to-date: /home/msi/caato2_ws/install/rosserial_vex_cortex/share/rosserial_vex_cortex/cmake/rosserial_vex_cortexConfig-version.cmake
[0.534s] -- Up-to-date: /home/msi/caato2_ws/install/rosserial_vex_cortex/share/rosserial_vex_cortex/package.xml
[0.534s] -- Up-to-date: /home/msi/caato2_ws/install/rosserial_vex_cortex/share/rosserial_vex_cortex/src/ros_lib
[0.534s] -- Up-to-date: /home/msi/caato2_ws/install/rosserial_vex_cortex/share/rosserial_vex_cortex/src/ros_lib/opcontrol.cpp
[0.535s] -- Up-to-date: /home/msi/caato2_ws/install/rosserial_vex_cortex/share/rosserial_vex_cortex/src/ros_lib/auto.cpp
[0.535s] -- Up-to-date: /home/msi/caato2_ws/install/rosserial_vex_cortex/share/rosserial_vex_cortex/src/ros_lib/logger.h
[0.536s] -- Up-to-date: /home/msi/caato2_ws/install/rosserial_vex_cortex/share/rosserial_vex_cortex/src/ros_lib/CortexHardware.h
[0.536s] -- Up-to-date: /home/msi/caato2_ws/install/rosserial_vex_cortex/share/rosserial_vex_cortex/src/ros_lib/vexstrlen.h
[0.536s] -- Up-to-date: /home/msi/caato2_ws/install/rosserial_vex_cortex/share/rosserial_vex_cortex/src/ros_lib/examples
[0.536s] -- Up-to-date: /home/msi/caato2_ws/install/rosserial_vex_cortex/share/rosserial_vex_cortex/src/ros_lib/examples/joydrive.cpp
[0.536s] -- Up-to-date: /home/msi/caato2_ws/install/rosserial_vex_cortex/share/rosserial_vex_cortex/src/ros_lib/examples/twistdrive.cpp
[0.537s] -- Up-to-date: /home/msi/caato2_ws/install/rosserial_vex_cortex/share/rosserial_vex_cortex/src/ros_lib/examples/helloworld.cpp
[0.538s] -- Up-to-date: /home/msi/caato2_ws/install/rosserial_vex_cortex/share/rosserial_vex_cortex/src/ros_lib/ros.h
[0.538s] -- Up-to-date: /home/msi/caato2_ws/install/rosserial_vex_cortex/share/rosserial_vex_cortex/src/ros_lib/init.cpp
[0.538s] -- Up-to-date: /home/msi/caato2_ws/install/rosserial_vex_cortex/lib/rosserial_vex_cortex/genproject.sh
[0.538s] -- Up-to-date: /home/msi/caato2_ws/install/rosserial_vex_cortex/share/rosserial_vex_cortex
[0.539s] -- Up-to-date: /home/msi/caato2_ws/install/rosserial_vex_cortex/share/rosserial_vex_cortex/joystick.launch
[0.539s] -- Up-to-date: /home/msi/caato2_ws/install/rosserial_vex_cortex/share/rosserial_vex_cortex/minimal_robot.launch
[0.540s] -- Up-to-date: /home/msi/caato2_ws/install/rosserial_vex_cortex/share/rosserial_vex_cortex/hello_world.launch
[0.540s] -- Up-to-date: /home/msi/caato2_ws/install/rosserial_vex_cortex/share/rosserial_vex_cortex/make_libraries.py
[0.630s] Invoked command in '/home/msi/caato2_ws/build/rosserial_vex_cortex' returned '0': CMAKE_PREFIX_PATH=/home/msi/caato2_ws/install/rosserial_python:/home/msi/caato2_ws/install/rosserial_client:/home/msi/caato2_ws/install/rosserial_msgs:${CMAKE_PREFIX_PATH} PKG_CONFIG_PATH=/home/msi/caato2_ws/install/rosserial_python/lib/x86_64-linux-gnu/pkgconfig:/home/msi/caato2_ws/install/rosserial_python/lib/pkgconfig:/home/msi/caato2_ws/install/rosserial_client/lib/x86_64-linux-gnu/pkgconfig:/home/msi/caato2_ws/install/rosserial_client/lib/pkgconfig:/home/msi/caato2_ws/install/rosserial_msgs/lib/x86_64-linux-gnu/pkgconfig:/home/msi/caato2_ws/install/rosserial_msgs/lib/pkgconfig:${PKG_CONFIG_PATH} PYTHONPATH=/home/msi/caato2_ws/install/rosserial_python/lib/python3/dist-packages:/home/msi/caato2_ws/install/rosserial_client/lib/python3/dist-packages:/home/msi/caato2_ws/install/rosserial_msgs/lib/python3/dist-packages:${PYTHONPATH} ROS_PACKAGE_PATH=/home/msi/caato2_ws/install/rosserial_python/share:/home/msi/caato2_ws/install/rosserial_client/share:/home/msi/caato2_ws/install/rosserial_msgs/share:${ROS_PACKAGE_PATH} /usr/bin/cmake --install /home/msi/caato2_ws/build/rosserial_vex_cortex
