[0.121s] Invoking command in '/home/msi/caato2_ws/build/realsense_gazebo_plugin': /usr/bin/cmake --build /home/msi/caato2_ws/build/realsense_gazebo_plugin -- -j20 -l20
[0.179s] [  0%] Built target trajectory_msgs_generate_messages_lisp
[0.179s] [  0%] Built target dynamic_reconfigure_generate_messages_eus
[0.182s] [  0%] Built target trajectory_msgs_generate_messages_nodejs
[0.184s] [  0%] Built target trajectory_msgs_generate_messages_cpp
[0.184s] [  0%] Built target gazebo_msgs_generate_messages_py
[0.188s] [  0%] Built target dynamic_reconfigure_gencfg
[0.188s] [  0%] Built target gazebo_msgs_generate_messages_nodejs
[0.188s] [  0%] Built target gazebo_msgs_generate_messages_cpp
[0.192s] [  0%] Built target std_srvs_generate_messages_eus
[0.192s] [  0%] Built target std_msgs_generate_messages_py
[0.192s] [  0%] Built target geometry_msgs_generate_messages_eus
[0.194s] [  0%] Built target std_srvs_generate_messages_lisp
[0.194s] [  0%] Built target std_msgs_generate_messages_nodejs
[0.204s] [  0%] Built target tf2_msgs_generate_messages_cpp
[0.204s] [  0%] Built target std_msgs_generate_messages_cpp
[0.213s] [  0%] Built target dynamic_reconfigure_generate_messages_lisp
[0.213s] [  0%] Built target rosgraph_msgs_generate_messages_nodejs
[0.213s] [  0%] Built target actionlib_msgs_generate_messages_py
[0.214s] [  0%] Built target actionlib_generate_messages_lisp
[0.215s] [  0%] Built target std_srvs_generate_messages_cpp
[0.215s] [  0%] Built target std_srvs_generate_messages_nodejs
[0.216s] [  0%] Built target std_msgs_generate_messages_lisp
[0.219s] [  0%] Built target tf_generate_messages_eus
[0.219s] [  0%] Built target dynamic_reconfigure_generate_messages_py
[0.220s] [  0%] Built target actionlib_generate_messages_cpp
[0.220s] [  0%] Built target roscpp_generate_messages_lisp
[0.221s] [  0%] Built target rosgraph_msgs_generate_messages_lisp
[0.221s] [  0%] Built target rosgraph_msgs_generate_messages_py
[0.223s] [  0%] Built target actionlib_msgs_generate_messages_eus
[0.225s] [  0%] Built target roscpp_generate_messages_py
[0.228s] [  0%] Built target trajectory_msgs_generate_messages_eus
[0.248s] [  0%] Built target geometry_msgs_generate_messages_py
[0.249s] [  0%] Built target roscpp_generate_messages_cpp
[0.249s] [  0%] Built target roscpp_generate_messages_eus
[0.253s] [  0%] Built target geometry_msgs_generate_messages_cpp
[0.253s] [  0%] Built target gazebo_ros_gencfg
[0.253s] [  0%] Built target gazebo_msgs_generate_messages_lisp
[0.253s] [  0%] Built target sensor_msgs_generate_messages_py
[0.253s] [  0%] Built target dynamic_reconfigure_generate_messages_nodejs
[0.253s] [  0%] Built target tf2_msgs_generate_messages_py
[0.253s] [  0%] Built target geometry_msgs_generate_messages_lisp
[0.253s] [  0%] Built target tf2_msgs_generate_messages_eus
[0.253s] [  0%] Built target tf_generate_messages_cpp
[0.264s] [  0%] Built target roscpp_generate_messages_nodejs
[0.264s] [  0%] Built target rosgraph_msgs_generate_messages_eus
[0.267s] [  0%] Built target std_srvs_generate_messages_py
[0.278s] [  0%] Built target dynamic_reconfigure_generate_messages_cpp
[0.278s] [  0%] Built target tf_generate_messages_lisp
[0.286s] [  0%] Built target sensor_msgs_generate_messages_cpp
[0.287s] [  0%] Built target sensor_msgs_generate_messages_nodejs
[0.287s] [  0%] Built target rosgraph_msgs_generate_messages_cpp
[0.287s] [  0%] Built target tf_generate_messages_nodejs
[0.287s] [  0%] Built target sensor_msgs_generate_messages_eus
[0.288s] [  0%] Built target actionlib_generate_messages_nodejs
[0.289s] [  0%] Built target actionlib_generate_messages_eus
[0.289s] [  0%] Built target trajectory_msgs_generate_messages_py
[0.289s] [  0%] Built target actionlib_generate_messages_py
[0.289s] [  0%] Built target tf_generate_messages_py
[0.289s] [  0%] Built target actionlib_msgs_generate_messages_nodejs
[0.289s] [  0%] Built target std_msgs_generate_messages_eus
[0.293s] [  0%] Built target sensor_msgs_generate_messages_lisp
[0.293s] [  0%] Built target actionlib_msgs_generate_messages_cpp
[0.293s] [  0%] Built target actionlib_msgs_generate_messages_lisp
[0.303s] [  0%] Built target tf2_msgs_generate_messages_lisp
[0.303s] [  0%] Built target tf2_msgs_generate_messages_nodejs
[0.304s] [  0%] Built target geometry_msgs_generate_messages_nodejs
[0.306s] [  0%] Built target gazebo_msgs_generate_messages_eus
[0.331s] [100%] Built target realsense_gazebo_plugin
[0.404s] Invoked command in '/home/msi/caato2_ws/build/realsense_gazebo_plugin' returned '0': /usr/bin/cmake --build /home/msi/caato2_ws/build/realsense_gazebo_plugin -- -j20 -l20
[0.492s] Invoking command in '/home/msi/caato2_ws/build/realsense_gazebo_plugin': /usr/bin/cmake --build /home/msi/caato2_ws/build/realsense_gazebo_plugin --target tests -- -j20 -l20
[0.560s] Built target tests
[0.588s] Invoked command in '/home/msi/caato2_ws/build/realsense_gazebo_plugin' returned '0': /usr/bin/cmake --build /home/msi/caato2_ws/build/realsense_gazebo_plugin --target tests -- -j20 -l20
[0.684s] Invoking command in '/home/msi/caato2_ws/build/realsense_gazebo_plugin': /usr/bin/cmake --install /home/msi/caato2_ws/build/realsense_gazebo_plugin
[0.692s] -- Install configuration: ""
[0.692s] -- Up-to-date: /home/msi/caato2_ws/install/realsense_gazebo_plugin/lib/pkgconfig/realsense_gazebo_plugin.pc
[0.692s] -- Up-to-date: /home/msi/caato2_ws/install/realsense_gazebo_plugin/share/realsense_gazebo_plugin/cmake/realsense_gazebo_pluginConfig.cmake
[0.693s] -- Up-to-date: /home/msi/caato2_ws/install/realsense_gazebo_plugin/share/realsense_gazebo_plugin/cmake/realsense_gazebo_pluginConfig-version.cmake
[0.693s] -- Up-to-date: /home/msi/caato2_ws/install/realsense_gazebo_plugin/share/realsense_gazebo_plugin/package.xml
[0.693s] -- Up-to-date: /home/msi/caato2_ws/install/realsense_gazebo_plugin/lib/librealsense_gazebo_plugin.so
[0.693s] -- Up-to-date: /home/msi/caato2_ws/install/realsense_gazebo_plugin/share/realsense_gazebo_plugin/include
[0.693s] -- Up-to-date: /home/msi/caato2_ws/install/realsense_gazebo_plugin/share/realsense_gazebo_plugin/include/realsense_gazebo_plugin
[0.694s] -- Up-to-date: /home/msi/caato2_ws/install/realsense_gazebo_plugin/share/realsense_gazebo_plugin/include/realsense_gazebo_plugin/gazebo_ros_realsense.h
[0.695s] -- Up-to-date: /home/msi/caato2_ws/install/realsense_gazebo_plugin/share/realsense_gazebo_plugin/include/realsense_gazebo_plugin/RealSensePlugin.h
[0.705s] Invoked command in '/home/msi/caato2_ws/build/realsense_gazebo_plugin' returned '0': /usr/bin/cmake --install /home/msi/caato2_ws/build/realsense_gazebo_plugin
