This file contains any messages produced by compilers while
running CMake, to aid debugging if configure makes a mistake.

It was created by ouster-gazebo-simulation CMake configuration process 2.1.1, which was
generated by CMake 3.16.3.

## --------- ##
## Platform. ##
## --------- ##

hostname = msi-desktop
system = Linux-5.13.0-44-generic
processor = x86_64
generator = Unix Makefiles

PATH /opt/ros/noetic/bin
PATH /home/msi/.nvm/versions/node/v12.22.1/bin
PATH /home/msi/.local/bin
PATH /usr/local/sbin
PATH /usr/local/bin
PATH /usr/sbin
PATH /usr/bin
PATH /sbin
PATH /bin
PATH /usr/games
PATH /usr/local/games
PATH /snap/bin

PKG_CONFIG_PATH /opt/ros/noetic/lib/pkgconfig
PKG_CONFIG_PATH /opt/ros/noetic/lib/x86_64-linux-gnu/pkgconfig

## ---------------- ##
## CMake variables. ##
## ---------------- ##

CMAKE_ROOT = /usr/share/cmake-3.16
CMAKE_INCLUDE_PATH = 
CMAKE_LIBRARY_PATH = 
CMAKE_PREFIX_PATH = 
CMAKE_INSTALL_ALWAYS = 
CMAKE_SKIP_RPATH = NO
CMAKE_SUPPRESS_REGENERATION = 
BUILD_SHARED_LIBS = ON

CMAKE_INSTALL_PREFIX = /home/msi/caato2_ws/install/ouster-gazebo-simulation
PROJECT_SOURCE_DIR = /home/msi/caato2_ws/src/siot/ouster-gazebo-simulation
PROJECT_SOURCE_DIR = /home/msi/caato2_ws/src/siot/ouster-gazebo-simulation
PROJECT_BINARY_DIR = /home/msi/caato2_ws/build/ouster-gazebo-simulation
CMAKE_BINARY_DIR = /home/msi/caato2_ws/build/ouster-gazebo-simulation

CMAKE_AR = /usr/bin/ar
CMAKE_RANLIB = /usr/bin/ranlib
CMAKE_BUILD_TYPE = 
CMAKE_CONFIGURATION_TYPES = 
CMAKE_SHARED_LINKER_FLAGS = -lpthread

CMAKE_C_COMPILER = /usr/bin/cc
CMAKE_C_FLAGS = 
CMAKE_C_FLAGS_DEBUG = -g
CMAKE_C_FLAGS_RELEASE = -O3 -DNDEBUG
CMAKE_CXX_COMPILER = /usr/bin/c++
CMAKE_CXX_FLAGS =  -pedantic -Wno-long-long -Wall -Wextra -Wcast-align -Wcast-qual -Wformat -Wwrite-strings -Wconversion 
CMAKE_CXX_FLAGS_DEBUG = -g
CMAKE_CXX_FLAGS_RELEASE = -O3 -DNDEBUG
CMAKE_CXX_FLAGS_RELWITHDEBINFO = -O2 -g -DNDEBUG

CMAKE_STATIC_LIBRARY_PREFIX = lib
CMAKE_STATIC_LIBRARY_SUFFIX = .a
CMAKE_SHARED_LIBRARY_PREFIX = lib
CMAKE_SHARED_LIBRARY_SUFFIX = .so
CMAKE_SHARED_MODULE_PREFIX = lib
CMAKE_SHARED_MODULE_SUFFIX = .so

## ------------------ ##
## Watched variables. ##
## ------------------ ##

WARNING_CXX_FLAGS =  -pedantic -Wno-long-long -Wall -Wextra -Wcast-align -Wcast-qual -Wformat -Wwrite-strings -Wconversion
_PKG_CONFIG_FOUND = undefined
PKG_CONFIG_EXECUTABLE = /usr/bin/pkg-config
_PKG_CONFIG_PREFIX = /home/msi/caato2_ws/install/ouster-gazebo-simulation
_PKG_CONFIG_EXEC_PREFIX = /home/msi/caato2_ws/install/ouster-gazebo-simulation
_PKG_CONFIG_LIBDIR = /home/msi/caato2_ws/install/ouster-gazebo-simulation/lib
_PKG_CONFIG_BINDIR = /home/msi/caato2_ws/install/ouster-gazebo-simulation/bin
_PKG_CONFIG_PKGLIBDIR = /home/msi/caato2_ws/install/ouster-gazebo-simulation/lib/ouster-gazebo-simulation
_PKG_CONFIG_INCLUDEDIR = /home/msi/caato2_ws/install/ouster-gazebo-simulation/include
_PKG_CONFIG_DATAROOTDIR = /home/msi/caato2_ws/install/ouster-gazebo-simulation/share
_PKG_CONFIG_PKGDATAROOTDIR = /home/msi/caato2_ws/install/ouster-gazebo-simulation/share
_PKG_CONFIG_DOCDIR = /home/msi/caato2_ws/install/ouster-gazebo-simulation/share/doc/ouster-gazebo-simulation
_PKG_CONFIG_DOXYGENDOCDIR = /home/msi/caato2_ws/install/ouster-gazebo-simulation/share/doc/ouster-gazebo-simulation/doxygen-html
_PKG_CONFIG_PROJECT_NAME = ouster-gazebo-simulation
_PKG_CONFIG_DESCRIPTION = package for the simulation of the Ouster OS1-64 with ros and gazebo.
_PKG_CONFIG_URL = https://github.com/gepetto/ouster-gazebo-simulation
_PKG_CONFIG_VERSION = 2.1.1
_PKG_CONFIG_REQUIRES = 
_PKG_CONFIG_REQUIRES_DEBUG = 
_PKG_CONFIG_REQUIRES_OPTIMIZED = 
_PKG_CONFIG_COMPILE_TIME_REQUIRES = 
_PKG_CONFIG_CONFLICTS = 
_PKG_CONFIG_LIBS = 
_PKG_CONFIG_LIBS_DEBUG = -L${libdir}
_PKG_CONFIG_LIBS_OPTIMIZED = -L${libdir}
_PKG_CONFIG_LIBS_PRIVATE = 
_PKG_CONFIG_CFLAGS = -I${includedir}
_PKG_CONFIG_CFLAGS_DEBUG = 
_PKG_CONFIG_CFLAGS_OPTIMIZED = 
_PKG_CONFIG_FILENAME = ouster-gazebo-simulation.pc
PKG_CONFIG_EXTRA = 
## ---------------- ##
## Watched targets. ##
## ---------------- ##

