[0.186s] Invoking command in '/home/msi/caato2_ws/build/realsense2_camera': /usr/bin/cmake --build /home/msi/caato2_ws/build/realsense2_camera -- -j20 -l20
[0.192s] [  0%] Built target sensor_msgs_generate_messages_nodejs
[0.195s] [  0%] Built target std_msgs_generate_messages_nodejs
[0.195s] [  0%] Built target std_msgs_generate_messages_eus
[0.195s] [  0%] Built target sensor_msgs_generate_messages_eus
[0.195s] [  0%] Built target std_msgs_generate_messages_lisp
[0.196s] [  0%] Built target std_msgs_generate_messages_cpp
[0.196s] [  0%] Built target sensor_msgs_generate_messages_cpp
[0.196s] [  0%] Built target sensor_msgs_generate_messages_py
[0.197s] [  0%] Built target sensor_msgs_generate_messages_lisp
[0.197s] [  0%] Built target std_msgs_generate_messages_py
[0.197s] [  0%] Built target diagnostic_msgs_generate_messages_nodejs
[0.198s] [  0%] Built target diagnostic_msgs_generate_messages_eus
[0.200s] [  0%] Built target tf_generate_messages_lisp
[0.209s] [  0%] Built target dynamic_reconfigure_gencfg
[0.217s] [  0%] Built target dynamic_reconfigure_generate_messages_cpp
[0.217s] [  0%] Built target tf2_msgs_generate_messages_nodejs
[0.217s] [  0%] Built target tf2_msgs_generate_messages_lisp
[0.218s] [  0%] Built target dynamic_reconfigure_generate_messages_lisp
[0.218s] [  0%] Built target tf2_msgs_generate_messages_cpp
[0.218s] [  0%] Built target diagnostic_msgs_generate_messages_lisp
[0.219s] [  0%] Built target actionlib_generate_messages_nodejs
[0.219s] [  0%] Built target actionlib_generate_messages_py
[0.219s] [  0%] Built target roscpp_generate_messages_eus
[0.219s] [  0%] Built target actionlib_generate_messages_cpp
[0.219s] [  0%] Built target actionlib_msgs_generate_messages_py
[0.223s] [  0%] Built target tf_generate_messages_py
[0.223s] [  0%] Built target nav_msgs_generate_messages_eus
[0.223s] [  0%] Built target tf_generate_messages_nodejs
[0.224s] [  0%] Built target actionlib_msgs_generate_messages_lisp
[0.224s] [  0%] Built target actionlib_msgs_generate_messages_nodejs
[0.225s] [  0%] Built target _realsense2_camera_generate_messages_check_deps_Extrinsics
[0.225s] [  0%] Built target _realsense2_camera_generate_messages_check_deps_IMUInfo
[0.225s] [  0%] Built target rosgraph_msgs_generate_messages_nodejs
[0.234s] [  0%] Built target _catkin_empty_exported_target
[0.234s] [  0%] Built target actionlib_generate_messages_lisp
[0.235s] [  0%] Built target tf_generate_messages_cpp
[0.241s] [  0%] Built target std_srvs_generate_messages_cpp
[0.242s] [  0%] Built target roscpp_generate_messages_lisp
[0.242s] [  0%] Built target geometry_msgs_generate_messages_lisp
[0.242s] [  0%] Built target geometry_msgs_generate_messages_eus
[0.242s] [  0%] Built target nodelet_generate_messages_lisp
[0.242s] [  0%] Built target dynamic_reconfigure_generate_messages_py
[0.243s] [  0%] Built target actionlib_msgs_generate_messages_eus
[0.243s] [  0%] Built target geometry_msgs_generate_messages_py
[0.243s] [  0%] Built target rosgraph_msgs_generate_messages_py
[0.244s] [  0%] Built target actionlib_msgs_generate_messages_cpp
[0.244s] [  0%] Built target tf_generate_messages_eus
[0.246s] [  0%] Built target diagnostic_msgs_generate_messages_cpp
[0.250s] [  0%] Built target rosgraph_msgs_generate_messages_lisp
[0.250s] [  0%] Built target dynamic_reconfigure_generate_messages_eus
[0.250s] [  0%] Built target tf2_msgs_generate_messages_eus
[0.252s] [  0%] Built target geometry_msgs_generate_messages_nodejs
[0.253s] [  0%] Built target geometry_msgs_generate_messages_cpp
[0.255s] [  0%] Built target roscpp_generate_messages_cpp
[0.260s] [  0%] Built target nav_msgs_generate_messages_lisp
[0.260s] [  0%] Built target nav_msgs_generate_messages_cpp
[0.260s] [  0%] Built target roscpp_generate_messages_nodejs
[0.260s] [  0%] Built target roscpp_generate_messages_py
[0.262s] [  0%] Built target actionlib_generate_messages_eus
[0.262s] [  0%] Built target rosgraph_msgs_generate_messages_cpp
[0.262s] [  0%] Built target rosgraph_msgs_generate_messages_eus
[0.262s] [  0%] Built target std_srvs_generate_messages_py
[0.262s] [  0%] Built target diagnostic_msgs_generate_messages_py
[0.263s] [  0%] Built target bond_generate_messages_lisp
[0.269s] [  0%] Built target dynamic_reconfigure_generate_messages_nodejs
[0.269s] [  0%] Built target nav_msgs_generate_messages_nodejs
[0.270s] [  0%] Built target bond_generate_messages_cpp
[0.270s] [  0%] Built target std_srvs_generate_messages_eus
[0.270s] [  0%] Built target tf2_msgs_generate_messages_py
[0.270s] [  0%] Built target bond_generate_messages_eus
[0.276s] [  0%] Built target std_srvs_generate_messages_lisp
[0.276s] [  0%] Built target nodelet_generate_messages_cpp
[0.280s] [  0%] Built target std_srvs_generate_messages_nodejs
[0.281s] [  0%] Built target nodelet_generate_messages_nodejs
[0.282s] [  0%] Built target nav_msgs_generate_messages_py
[0.282s] [  0%] Built target bond_generate_messages_nodejs
[0.283s] [  0%] Built target nodelet_generate_messages_eus
[0.283s] [  0%] Built target bond_generate_messages_py
[0.283s] [  0%] Built target nodelet_generate_messages_py
[0.283s] [ 12%] Built target realsense2_camera_generate_messages_nodejs
[0.283s] [ 25%] Built target realsense2_camera_generate_messages_lisp
[0.283s] [ 43%] Built target realsense2_camera_generate_messages_eus
[0.284s] [ 56%] Built target realsense2_camera_generate_messages_cpp
[0.288s] [ 75%] Built target realsense2_camera_generate_messages_py
[0.299s] [ 75%] Built target realsense2_camera_generate_messages
[0.308s] [100%] Built target realsense2_camera
[0.383s] Invoked command in '/home/msi/caato2_ws/build/realsense2_camera' returned '0': /usr/bin/cmake --build /home/msi/caato2_ws/build/realsense2_camera -- -j20 -l20
[0.584s] Invoking command in '/home/msi/caato2_ws/build/realsense2_camera': /usr/bin/cmake --build /home/msi/caato2_ws/build/realsense2_camera --target tests -- -j20 -l20
[0.654s] Built target tests
[0.708s] Invoked command in '/home/msi/caato2_ws/build/realsense2_camera' returned '0': /usr/bin/cmake --build /home/msi/caato2_ws/build/realsense2_camera --target tests -- -j20 -l20
[0.833s] Invoking command in '/home/msi/caato2_ws/build/realsense2_camera': /usr/bin/cmake --install /home/msi/caato2_ws/build/realsense2_camera
[0.838s] -- Install configuration: "Release"
[0.847s] -- Up-to-date: /home/msi/caato2_ws/install/realsense2_camera/share/realsense2_camera/msg/IMUInfo.msg
[0.847s] -- Up-to-date: /home/msi/caato2_ws/install/realsense2_camera/share/realsense2_camera/msg/Extrinsics.msg
[0.847s] -- Up-to-date: /home/msi/caato2_ws/install/realsense2_camera/share/realsense2_camera/cmake/realsense2_camera-msg-paths.cmake
[0.847s] -- Up-to-date: /home/msi/caato2_ws/install/realsense2_camera/include/realsense2_camera
[0.847s] -- Up-to-date: /home/msi/caato2_ws/install/realsense2_camera/include/realsense2_camera/IMUInfo.h
[0.847s] -- Up-to-date: /home/msi/caato2_ws/install/realsense2_camera/include/realsense2_camera/Extrinsics.h
[0.847s] -- Up-to-date: /home/msi/caato2_ws/install/realsense2_camera/share/roseus/ros/realsense2_camera
[0.847s] -- Up-to-date: /home/msi/caato2_ws/install/realsense2_camera/share/roseus/ros/realsense2_camera/msg
[0.848s] -- Up-to-date: /home/msi/caato2_ws/install/realsense2_camera/share/roseus/ros/realsense2_camera/msg/IMUInfo.l
[0.848s] -- Up-to-date: /home/msi/caato2_ws/install/realsense2_camera/share/roseus/ros/realsense2_camera/msg/Extrinsics.l
[0.848s] -- Up-to-date: /home/msi/caato2_ws/install/realsense2_camera/share/roseus/ros/realsense2_camera/manifest.l
[0.849s] -- Up-to-date: /home/msi/caato2_ws/install/realsense2_camera/share/common-lisp/ros/realsense2_camera
[0.849s] -- Up-to-date: /home/msi/caato2_ws/install/realsense2_camera/share/common-lisp/ros/realsense2_camera/msg
[0.849s] -- Up-to-date: /home/msi/caato2_ws/install/realsense2_camera/share/common-lisp/ros/realsense2_camera/msg/_package_Extrinsics.lisp
[0.849s] -- Up-to-date: /home/msi/caato2_ws/install/realsense2_camera/share/common-lisp/ros/realsense2_camera/msg/_package.lisp
[0.849s] -- Up-to-date: /home/msi/caato2_ws/install/realsense2_camera/share/common-lisp/ros/realsense2_camera/msg/realsense2_camera-msg.asd
[0.849s] -- Up-to-date: /home/msi/caato2_ws/install/realsense2_camera/share/common-lisp/ros/realsense2_camera/msg/_package_IMUInfo.lisp
[0.849s] -- Up-to-date: /home/msi/caato2_ws/install/realsense2_camera/share/common-lisp/ros/realsense2_camera/msg/Extrinsics.lisp
[0.849s] -- Up-to-date: /home/msi/caato2_ws/install/realsense2_camera/share/common-lisp/ros/realsense2_camera/msg/IMUInfo.lisp
[0.850s] -- Up-to-date: /home/msi/caato2_ws/install/realsense2_camera/share/gennodejs/ros/realsense2_camera
[0.850s] -- Up-to-date: /home/msi/caato2_ws/install/realsense2_camera/share/gennodejs/ros/realsense2_camera/_index.js
[0.850s] -- Up-to-date: /home/msi/caato2_ws/install/realsense2_camera/share/gennodejs/ros/realsense2_camera/msg
[0.850s] -- Up-to-date: /home/msi/caato2_ws/install/realsense2_camera/share/gennodejs/ros/realsense2_camera/msg/IMUInfo.js
[0.850s] -- Up-to-date: /home/msi/caato2_ws/install/realsense2_camera/share/gennodejs/ros/realsense2_camera/msg/_index.js
[0.851s] -- Up-to-date: /home/msi/caato2_ws/install/realsense2_camera/share/gennodejs/ros/realsense2_camera/msg/Extrinsics.js
[0.855s] Listing '/home/msi/caato2_ws/build/realsense2_camera/devel/lib/python3/dist-packages/realsense2_camera'...
[0.855s] Listing '/home/msi/caato2_ws/build/realsense2_camera/devel/lib/python3/dist-packages/realsense2_camera/msg'...
[0.856s] -- Up-to-date: /home/msi/caato2_ws/install/realsense2_camera/lib/python3/dist-packages/realsense2_camera
[0.856s] -- Up-to-date: /home/msi/caato2_ws/install/realsense2_camera/lib/python3/dist-packages/realsense2_camera/msg
[0.856s] -- Up-to-date: /home/msi/caato2_ws/install/realsense2_camera/lib/python3/dist-packages/realsense2_camera/msg/_Extrinsics.py
[0.857s] -- Up-to-date: /home/msi/caato2_ws/install/realsense2_camera/lib/python3/dist-packages/realsense2_camera/msg/__init__.py
[0.857s] -- Up-to-date: /home/msi/caato2_ws/install/realsense2_camera/lib/python3/dist-packages/realsense2_camera/msg/__pycache__
[0.857s] -- Up-to-date: /home/msi/caato2_ws/install/realsense2_camera/lib/python3/dist-packages/realsense2_camera/msg/__pycache__/__init__.cpython-38.pyc
[0.857s] -- Up-to-date: /home/msi/caato2_ws/install/realsense2_camera/lib/python3/dist-packages/realsense2_camera/msg/__pycache__/_IMUInfo.cpython-38.pyc
[0.857s] -- Up-to-date: /home/msi/caato2_ws/install/realsense2_camera/lib/python3/dist-packages/realsense2_camera/msg/__pycache__/_Extrinsics.cpython-38.pyc
[0.858s] -- Up-to-date: /home/msi/caato2_ws/install/realsense2_camera/lib/python3/dist-packages/realsense2_camera/msg/_IMUInfo.py
[0.858s] -- Up-to-date: /home/msi/caato2_ws/install/realsense2_camera/lib/python3/dist-packages/realsense2_camera/__init__.py
[0.858s] -- Up-to-date: /home/msi/caato2_ws/install/realsense2_camera/lib/python3/dist-packages/realsense2_camera/__pycache__
[0.858s] -- Up-to-date: /home/msi/caato2_ws/install/realsense2_camera/lib/python3/dist-packages/realsense2_camera/__pycache__/__init__.cpython-38.pyc
[0.860s] -- Up-to-date: /home/msi/caato2_ws/install/realsense2_camera/lib/pkgconfig/realsense2_camera.pc
[0.860s] -- Up-to-date: /home/msi/caato2_ws/install/realsense2_camera/share/realsense2_camera/cmake/realsense2_camera-msg-extras.cmake
[0.860s] -- Up-to-date: /home/msi/caato2_ws/install/realsense2_camera/share/realsense2_camera/cmake/realsense2_cameraConfig.cmake
[0.860s] -- Up-to-date: /home/msi/caato2_ws/install/realsense2_camera/share/realsense2_camera/cmake/realsense2_cameraConfig-version.cmake
[0.860s] -- Up-to-date: /home/msi/caato2_ws/install/realsense2_camera/share/realsense2_camera/package.xml
[0.860s] -- Up-to-date: /home/msi/caato2_ws/install/realsense2_camera/lib/librealsense2_camera.so
[0.860s] -- Up-to-date: /home/msi/caato2_ws/install/realsense2_camera/include/realsense2_camera
[0.861s] -- Up-to-date: /home/msi/caato2_ws/install/realsense2_camera/include/realsense2_camera/t265_realsense_node.h
[0.861s] -- Up-to-date: /home/msi/caato2_ws/install/realsense2_camera/include/realsense2_camera/realsense_node_factory.h
[0.861s] -- Up-to-date: /home/msi/caato2_ws/install/realsense2_camera/include/realsense2_camera/base_realsense_node.h
[0.862s] -- Up-to-date: /home/msi/caato2_ws/install/realsense2_camera/include/realsense2_camera/constants.h
[0.862s] -- Up-to-date: /home/msi/caato2_ws/install/realsense2_camera/share/realsense2_camera/launch
[0.862s] -- Up-to-date: /home/msi/caato2_ws/install/realsense2_camera/share/realsense2_camera/launch/includes
[0.863s] -- Up-to-date: /home/msi/caato2_ws/install/realsense2_camera/share/realsense2_camera/launch/includes/nodelet.launch.xml
[0.863s] -- Up-to-date: /home/msi/caato2_ws/install/realsense2_camera/share/realsense2_camera/launch/rs_from_file.launch
[0.863s] -- Up-to-date: /home/msi/caato2_ws/install/realsense2_camera/share/realsense2_camera/launch/rs_d435_camera_with_model.launch
[0.863s] -- Up-to-date: /home/msi/caato2_ws/install/realsense2_camera/share/realsense2_camera/launch/rs_d400_and_t265.launch
[0.863s] -- Up-to-date: /home/msi/caato2_ws/install/realsense2_camera/share/realsense2_camera/launch/rs_rgbd.launch
[0.864s] -- Up-to-date: /home/msi/caato2_ws/install/realsense2_camera/share/realsense2_camera/launch/rs_rtabmap.launch
[0.864s] -- Up-to-date: /home/msi/caato2_ws/install/realsense2_camera/share/realsense2_camera/launch/rs_camera.launch
[0.865s] -- Up-to-date: /home/msi/caato2_ws/install/realsense2_camera/share/realsense2_camera/launch/opensource_tracking.launch
[0.865s] -- Up-to-date: /home/msi/caato2_ws/install/realsense2_camera/share/realsense2_camera/launch/demo_t265.launch
[0.865s] -- Up-to-date: /home/msi/caato2_ws/install/realsense2_camera/share/realsense2_camera/launch/rs_multiple_devices.launch
[0.865s] -- Up-to-date: /home/msi/caato2_ws/install/realsense2_camera/share/realsense2_camera/launch/demo_pointcloud.launch
[0.865s] -- Up-to-date: /home/msi/caato2_ws/install/realsense2_camera/share/realsense2_camera/launch/rs_aligned_depth.launch
[0.866s] -- Up-to-date: /home/msi/caato2_ws/install/realsense2_camera/share/realsense2_camera/launch/rs_t265.launch
[0.867s] -- Up-to-date: /home/msi/caato2_ws/install/realsense2_camera/share/realsense2_camera/rviz
[0.867s] -- Up-to-date: /home/msi/caato2_ws/install/realsense2_camera/share/realsense2_camera/rviz/t265.rviz
[0.868s] -- Up-to-date: /home/msi/caato2_ws/install/realsense2_camera/share/realsense2_camera/rviz/pointcloud.rviz
[0.868s] -- Up-to-date: /home/msi/caato2_ws/install/realsense2_camera/share/realsense2_camera/nodelet_plugins.xml
[0.881s] Invoked command in '/home/msi/caato2_ws/build/realsense2_camera' returned '0': /usr/bin/cmake --install /home/msi/caato2_ws/build/realsense2_camera
