[0.096s] Invoking command in '/home/msi/caato2_ws/build/map_server': /usr/bin/cmake --build /home/msi/caato2_ws/build/map_server -- -j20 -l20
[0.374s] [ 18%] Built target gtest
[0.374s] [ 36%] Built target image_loader
[0.374s] [ 54%] Built target map_server-map_saver
[0.375s] [ 81%] Built target rtest
[0.375s] [100%] Built target map_server
[0.445s] Invoked command in '/home/msi/caato2_ws/build/map_server' returned '0': /usr/bin/cmake --build /home/msi/caato2_ws/build/map_server -- -j20 -l20
[0.567s] Invoking command in '/home/msi/caato2_ws/build/map_server': /usr/bin/cmake --build /home/msi/caato2_ws/build/map_server --target tests -- -j20 -l20
[0.631s] [ 28%] Built target gtest
[0.636s] [ 57%] Built target image_loader
[0.664s] [100%] Built target map_server_utest
[0.670s] [100%] Built target tests
[0.736s] Invoked command in '/home/msi/caato2_ws/build/map_server' returned '0': /usr/bin/cmake --build /home/msi/caato2_ws/build/map_server --target tests -- -j20 -l20
[0.862s] Invoking command in '/home/msi/caato2_ws/build/map_server': /usr/bin/cmake --install /home/msi/caato2_ws/build/map_server
[0.929s] -- Install configuration: ""
[0.929s] -- Up-to-date: /home/msi/caato2_ws/install/map_server/lib/pkgconfig/map_server.pc
[0.929s] -- Up-to-date: /home/msi/caato2_ws/install/map_server/share/map_server/cmake/map_serverConfig.cmake
[0.929s] -- Up-to-date: /home/msi/caato2_ws/install/map_server/share/map_server/cmake/map_serverConfig-version.cmake
[0.929s] -- Up-to-date: /home/msi/caato2_ws/install/map_server/share/map_server/package.xml
[0.929s] -- Up-to-date: /home/msi/caato2_ws/install/map_server/lib/map_server/map_saver
[0.929s] -- Up-to-date: /home/msi/caato2_ws/install/map_server/lib/map_server/map_server
[0.929s] -- Up-to-date: /home/msi/caato2_ws/install/map_server/lib/libimage_loader.so
[0.929s] -- Up-to-date: /home/msi/caato2_ws/install/map_server/include/map_server
[0.929s] -- Up-to-date: /home/msi/caato2_ws/install/map_server/include/map_server/image_loader.h
[0.929s] -- Up-to-date: /home/msi/caato2_ws/install/map_server/lib/map_server/crop_map
[0.961s] Invoked command in '/home/msi/caato2_ws/build/map_server' returned '0': /usr/bin/cmake --install /home/msi/caato2_ws/build/map_server
