[0.228s] Invoking command in '/home/msi/caato2_ws/build/rosserial_server': CMAKE_PREFIX_PATH=/home/msi/caato2_ws/install/rosserial_msgs:${CMAKE_PREFIX_PATH} PKG_CONFIG_PATH=/home/msi/caato2_ws/install/rosserial_msgs/lib/x86_64-linux-gnu/pkgconfig:/home/msi/caato2_ws/install/rosserial_msgs/lib/pkgconfig:${PKG_CONFIG_PATH} PYTHONPATH=/home/msi/caato2_ws/install/rosserial_msgs/lib/python3/dist-packages:${PYTHONPATH} ROS_PACKAGE_PATH=/home/msi/caato2_ws/install/rosserial_msgs/share:${ROS_PACKAGE_PATH} /usr/bin/cmake --build /home/msi/caato2_ws/build/rosserial_server -- -j20 -l20
[0.299s] [  0%] Built target roscpp_generate_messages_cpp
[0.300s] [  0%] Built target topic_tools_generate_messages_eus
[0.300s] [  0%] Built target rosgraph_msgs_generate_messages_py
[0.300s] [  0%] Built target rosgraph_msgs_generate_messages_cpp
[0.301s] [  0%] Built target roscpp_generate_messages_nodejs
[0.303s] [  0%] Built target rosserial_msgs_generate_messages_py
[0.304s] [  0%] Built target rosserial_msgs_generate_messages_eus
[0.304s] [  0%] Built target topic_tools_generate_messages_py
[0.304s] [  0%] Built target roscpp_generate_messages_py
[0.304s] [  0%] Built target std_msgs_generate_messages_eus
[0.304s] [  0%] Built target std_msgs_generate_messages_lisp
[0.304s] [  0%] Built target topic_tools_generate_messages_cpp
[0.304s] [  0%] Built target rosgraph_msgs_generate_messages_lisp
[0.305s] [  0%] Built target rosserial_msgs_generate_messages_cpp
[0.305s] [ 25%] Built target rosserial_server_lookup
[0.305s] [ 25%] Built target topic_tools_generate_messages_lisp
[0.307s] [ 25%] Built target rosserial_msgs_generate_messages_nodejs
[0.307s] [ 25%] Built target rosserial_msgs_generate_messages_lisp
[0.308s] [ 25%] Built target std_msgs_generate_messages_cpp
[0.308s] [ 25%] Built target rosgraph_msgs_generate_messages_nodejs
[0.308s] [ 25%] Built target roscpp_generate_messages_eus
[0.308s] [ 25%] Built target std_msgs_generate_messages_py
[0.309s] [ 25%] Built target std_msgs_generate_messages_nodejs
[0.309s] [ 25%] Built target roscpp_generate_messages_lisp
[0.309s] [ 25%] Built target topic_tools_generate_messages_nodejs
[0.309s] [ 25%] Built target rosgraph_msgs_generate_messages_eus
[0.318s] [ 50%] Built target rosserial_server_serial_node
[0.320s] [100%] Built target rosserial_server_udp_socket_node
[0.320s] [100%] Built target rosserial_server_socket_node
[0.401s] Invoked command in '/home/msi/caato2_ws/build/rosserial_server' returned '0': CMAKE_PREFIX_PATH=/home/msi/caato2_ws/install/rosserial_msgs:${CMAKE_PREFIX_PATH} PKG_CONFIG_PATH=/home/msi/caato2_ws/install/rosserial_msgs/lib/x86_64-linux-gnu/pkgconfig:/home/msi/caato2_ws/install/rosserial_msgs/lib/pkgconfig:${PKG_CONFIG_PATH} PYTHONPATH=/home/msi/caato2_ws/install/rosserial_msgs/lib/python3/dist-packages:${PYTHONPATH} ROS_PACKAGE_PATH=/home/msi/caato2_ws/install/rosserial_msgs/share:${ROS_PACKAGE_PATH} /usr/bin/cmake --build /home/msi/caato2_ws/build/rosserial_server -- -j20 -l20
[0.549s] Invoking command in '/home/msi/caato2_ws/build/rosserial_server': CMAKE_PREFIX_PATH=/home/msi/caato2_ws/install/rosserial_msgs:${CMAKE_PREFIX_PATH} PKG_CONFIG_PATH=/home/msi/caato2_ws/install/rosserial_msgs/lib/x86_64-linux-gnu/pkgconfig:/home/msi/caato2_ws/install/rosserial_msgs/lib/pkgconfig:${PKG_CONFIG_PATH} PYTHONPATH=/home/msi/caato2_ws/install/rosserial_msgs/lib/python3/dist-packages:${PYTHONPATH} ROS_PACKAGE_PATH=/home/msi/caato2_ws/install/rosserial_msgs/share:${ROS_PACKAGE_PATH} /usr/bin/cmake --build /home/msi/caato2_ws/build/rosserial_server --target tests -- -j20 -l20
[0.607s] Built target tests
[0.712s] Invoked command in '/home/msi/caato2_ws/build/rosserial_server' returned '0': CMAKE_PREFIX_PATH=/home/msi/caato2_ws/install/rosserial_msgs:${CMAKE_PREFIX_PATH} PKG_CONFIG_PATH=/home/msi/caato2_ws/install/rosserial_msgs/lib/x86_64-linux-gnu/pkgconfig:/home/msi/caato2_ws/install/rosserial_msgs/lib/pkgconfig:${PKG_CONFIG_PATH} PYTHONPATH=/home/msi/caato2_ws/install/rosserial_msgs/lib/python3/dist-packages:${PYTHONPATH} ROS_PACKAGE_PATH=/home/msi/caato2_ws/install/rosserial_msgs/share:${ROS_PACKAGE_PATH} /usr/bin/cmake --build /home/msi/caato2_ws/build/rosserial_server --target tests -- -j20 -l20
[0.753s] Invoking command in '/home/msi/caato2_ws/build/rosserial_server': CMAKE_PREFIX_PATH=/home/msi/caato2_ws/install/rosserial_msgs:${CMAKE_PREFIX_PATH} PKG_CONFIG_PATH=/home/msi/caato2_ws/install/rosserial_msgs/lib/x86_64-linux-gnu/pkgconfig:/home/msi/caato2_ws/install/rosserial_msgs/lib/pkgconfig:${PKG_CONFIG_PATH} PYTHONPATH=/home/msi/caato2_ws/install/rosserial_msgs/lib/python3/dist-packages:${PYTHONPATH} ROS_PACKAGE_PATH=/home/msi/caato2_ws/install/rosserial_msgs/share:${ROS_PACKAGE_PATH} /usr/bin/cmake --install /home/msi/caato2_ws/build/rosserial_server
[0.763s] -- Install configuration: ""
[0.764s] -- Up-to-date: /home/msi/caato2_ws/install/rosserial_server/lib/pkgconfig/rosserial_server.pc
[0.764s] -- Up-to-date: /home/msi/caato2_ws/install/rosserial_server/share/rosserial_server/cmake/rosserial_serverConfig.cmake
[0.764s] -- Up-to-date: /home/msi/caato2_ws/install/rosserial_server/share/rosserial_server/cmake/rosserial_serverConfig-version.cmake
[0.764s] -- Up-to-date: /home/msi/caato2_ws/install/rosserial_server/share/rosserial_server/package.xml
[0.764s] -- Up-to-date: /home/msi/caato2_ws/install/rosserial_server/lib/librosserial_server_lookup.so
[0.764s] -- Up-to-date: /home/msi/caato2_ws/install/rosserial_server/lib/rosserial_server/serial_node
[0.764s] -- Up-to-date: /home/msi/caato2_ws/install/rosserial_server/lib/rosserial_server/socket_node
[0.764s] -- Up-to-date: /home/msi/caato2_ws/install/rosserial_server/lib/rosserial_server/udp_socket_node
[0.764s] -- Up-to-date: /home/msi/caato2_ws/install/rosserial_server/share/rosserial_server/launch
[0.764s] -- Up-to-date: /home/msi/caato2_ws/install/rosserial_server/share/rosserial_server/launch/serial.launch
[0.764s] -- Up-to-date: /home/msi/caato2_ws/install/rosserial_server/share/rosserial_server/launch/udp_socket.launch
[0.764s] -- Up-to-date: /home/msi/caato2_ws/install/rosserial_server/share/rosserial_server/launch/socket.launch
[0.764s] -- Up-to-date: /home/msi/caato2_ws/install/rosserial_server/include/rosserial_server
[0.764s] -- Up-to-date: /home/msi/caato2_ws/install/rosserial_server/include/rosserial_server/udp_stream.h
[0.764s] -- Up-to-date: /home/msi/caato2_ws/install/rosserial_server/include/rosserial_server/udp_socket_session.h
[0.764s] -- Up-to-date: /home/msi/caato2_ws/install/rosserial_server/include/rosserial_server/tcp_server.h
[0.764s] -- Up-to-date: /home/msi/caato2_ws/install/rosserial_server/include/rosserial_server/session.h
[0.764s] -- Up-to-date: /home/msi/caato2_ws/install/rosserial_server/include/rosserial_server/msg_lookup.h
[0.765s] -- Up-to-date: /home/msi/caato2_ws/install/rosserial_server/include/rosserial_server/topic_handlers.h
[0.765s] -- Up-to-date: /home/msi/caato2_ws/install/rosserial_server/include/rosserial_server/async_read_buffer.h
[0.765s] -- Up-to-date: /home/msi/caato2_ws/install/rosserial_server/include/rosserial_server/serial_session.h
[0.882s] Invoked command in '/home/msi/caato2_ws/build/rosserial_server' returned '0': CMAKE_PREFIX_PATH=/home/msi/caato2_ws/install/rosserial_msgs:${CMAKE_PREFIX_PATH} PKG_CONFIG_PATH=/home/msi/caato2_ws/install/rosserial_msgs/lib/x86_64-linux-gnu/pkgconfig:/home/msi/caato2_ws/install/rosserial_msgs/lib/pkgconfig:${PKG_CONFIG_PATH} PYTHONPATH=/home/msi/caato2_ws/install/rosserial_msgs/lib/python3/dist-packages:${PYTHONPATH} ROS_PACKAGE_PATH=/home/msi/caato2_ws/install/rosserial_msgs/share:${ROS_PACKAGE_PATH} /usr/bin/cmake --install /home/msi/caato2_ws/build/rosserial_server
