[0.143s] Invoking command in '/home/msi/caato2_ws/build/realsense2_camera': /usr/bin/cmake --build /home/msi/caato2_ws/build/realsense2_camera -- -j20 -l20
[0.252s] [  0%] Built target std_msgs_generate_messages_nodejs
[0.252s] [  0%] Built target sensor_msgs_generate_messages_nodejs
[0.253s] [  0%] Built target sensor_msgs_generate_messages_lisp
[0.253s] [  0%] Built target sensor_msgs_generate_messages_py
[0.253s] [  0%] Built target sensor_msgs_generate_messages_eus
[0.253s] [  0%] Built target std_msgs_generate_messages_cpp
[0.254s] [  0%] Built target sensor_msgs_generate_messages_cpp
[0.254s] [  0%] Built target std_msgs_generate_messages_py
[0.254s] [  0%] Built target dynamic_reconfigure_gencfg
[0.254s] [  0%] Built target std_msgs_generate_messages_eus
[0.254s] [  0%] Built target diagnostic_msgs_generate_messages_nodejs
[0.255s] [  0%] Built target diagnostic_msgs_generate_messages_eus
[0.256s] [  0%] Built target tf_generate_messages_lisp
[0.256s] [  0%] Built target tf2_msgs_generate_messages_nodejs
[0.256s] [  0%] Built target dynamic_reconfigure_generate_messages_cpp
[0.256s] [  0%] Built target std_msgs_generate_messages_lisp
[0.256s] [  0%] Built target tf2_msgs_generate_messages_lisp
[0.257s] [  0%] Built target dynamic_reconfigure_generate_messages_lisp
[0.257s] [  0%] Built target actionlib_generate_messages_cpp
[0.257s] [  0%] Built target tf2_msgs_generate_messages_cpp
[0.257s] [  0%] Built target tf_generate_messages_nodejs
[0.257s] [  0%] Built target diagnostic_msgs_generate_messages_lisp
[0.257s] [  0%] Built target actionlib_generate_messages_nodejs
[0.258s] [  0%] Built target roscpp_generate_messages_eus
[0.259s] [  0%] Built target rosgraph_msgs_generate_messages_nodejs
[0.259s] [  0%] Built target actionlib_generate_messages_py
[0.259s] [  0%] Built target nav_msgs_generate_messages_eus
[0.259s] [  0%] Built target tf_generate_messages_py
[0.259s] [  0%] Built target actionlib_msgs_generate_messages_py
[0.259s] [  0%] Built target actionlib_msgs_generate_messages_nodejs
[0.260s] [  0%] Built target geometry_msgs_generate_messages_lisp
[0.260s] [  0%] Built target actionlib_msgs_generate_messages_lisp
[0.260s] [  0%] Built target actionlib_generate_messages_lisp
[0.260s] [  0%] Built target tf_generate_messages_cpp
[0.260s] [  0%] Built target _realsense2_camera_generate_messages_check_deps_Extrinsics
[0.260s] [  0%] Built target _realsense2_camera_generate_messages_check_deps_IMUInfo
[0.260s] [  0%] Built target _catkin_empty_exported_target
[0.260s] [  0%] Built target roscpp_generate_messages_lisp
[0.260s] [  0%] Built target rosgraph_msgs_generate_messages_lisp
[0.260s] [  0%] Built target std_srvs_generate_messages_cpp
[0.260s] [  0%] Built target actionlib_msgs_generate_messages_cpp
[0.261s] [  0%] Built target nodelet_generate_messages_lisp
[0.261s] [  0%] Built target rosgraph_msgs_generate_messages_py
[0.261s] [  0%] Built target tf_generate_messages_eus
[0.261s] [  0%] Built target diagnostic_msgs_generate_messages_cpp
[0.261s] [  0%] Built target dynamic_reconfigure_generate_messages_py
[0.261s] [  0%] Built target geometry_msgs_generate_messages_eus
[0.261s] [  0%] Built target dynamic_reconfigure_generate_messages_eus
[0.261s] [  0%] Built target tf2_msgs_generate_messages_eus
[0.261s] [  0%] Built target geometry_msgs_generate_messages_py
[0.261s] [  0%] Built target actionlib_msgs_generate_messages_eus
[0.261s] [  0%] Built target geometry_msgs_generate_messages_nodejs
[0.261s] [  0%] Built target geometry_msgs_generate_messages_cpp
[0.261s] [  0%] Built target roscpp_generate_messages_cpp
[0.261s] [  0%] Built target nav_msgs_generate_messages_lisp
[0.261s] [  0%] Built target nav_msgs_generate_messages_cpp
[0.261s] [  0%] Built target roscpp_generate_messages_nodejs
[0.261s] [  0%] Built target rosgraph_msgs_generate_messages_eus
[0.261s] [  0%] Built target std_srvs_generate_messages_py
[0.261s] [  0%] Built target diagnostic_msgs_generate_messages_py
[0.261s] [  0%] Built target tf2_msgs_generate_messages_py
[0.262s] [  0%] Built target nav_msgs_generate_messages_nodejs
[0.262s] [  0%] Built target bond_generate_messages_lisp
[0.262s] [  0%] Built target bond_generate_messages_cpp
[0.262s] [  0%] Built target rosgraph_msgs_generate_messages_cpp
[0.262s] [  0%] Built target roscpp_generate_messages_py
[0.262s] [  0%] Built target actionlib_generate_messages_eus
[0.262s] [  0%] Built target dynamic_reconfigure_generate_messages_nodejs
[0.263s] [  0%] Built target std_srvs_generate_messages_eus
[0.263s] [  0%] Built target bond_generate_messages_eus
[0.263s] [  0%] Built target bond_generate_messages_nodejs
[0.263s] [  0%] Built target std_srvs_generate_messages_lisp
[0.264s] [  0%] Built target nodelet_generate_messages_cpp
[0.264s] [  0%] Built target nodelet_generate_messages_py
[0.264s] [  0%] Built target nodelet_generate_messages_eus
[0.264s] [  0%] Built target nodelet_generate_messages_nodejs
[0.264s] [  0%] Built target std_srvs_generate_messages_nodejs
[0.264s] [ 18%] Built target realsense2_camera_generate_messages_eus
[0.264s] [ 31%] Built target realsense2_camera_generate_messages_nodejs
[0.266s] [ 31%] Built target bond_generate_messages_py
[0.266s] [ 43%] Built target realsense2_camera_generate_messages_cpp
[0.266s] [ 43%] Built target nav_msgs_generate_messages_py
[0.266s] [ 56%] Built target realsense2_camera_generate_messages_lisp
[0.266s] [ 75%] Built target realsense2_camera_generate_messages_py
[0.278s] [ 75%] Built target realsense2_camera_generate_messages
[0.286s] [100%] Built target realsense2_camera
[0.321s] Invoked command in '/home/msi/caato2_ws/build/realsense2_camera' returned '0': /usr/bin/cmake --build /home/msi/caato2_ws/build/realsense2_camera -- -j20 -l20
[0.486s] Invoking command in '/home/msi/caato2_ws/build/realsense2_camera': /usr/bin/cmake --build /home/msi/caato2_ws/build/realsense2_camera --target tests -- -j20 -l20
[0.553s] Built target tests
