[0.032s] Invoking command in '/home/msi/caato2_ws/build/caato_teleop': CMAKE_PREFIX_PATH=/home/msi/caato2_ws/install/caato_bringup:/home/msi/caato2_ws/install/roboteq_diff_driver:/home/msi/caato2_ws/install/roboteq_diff_msgs:/home/msi/caato2_ws/install/ira_laser_tools:${CMAKE_PREFIX_PATH} PKG_CONFIG_PATH=/home/msi/caato2_ws/install/caato_bringup/lib/x86_64-linux-gnu/pkgconfig:/home/msi/caato2_ws/install/caato_bringup/lib/pkgconfig:/home/msi/caato2_ws/install/roboteq_diff_driver/lib/x86_64-linux-gnu/pkgconfig:/home/msi/caato2_ws/install/roboteq_diff_driver/lib/pkgconfig:/home/msi/caato2_ws/install/roboteq_diff_msgs/lib/x86_64-linux-gnu/pkgconfig:/home/msi/caato2_ws/install/roboteq_diff_msgs/lib/pkgconfig:/home/msi/caato2_ws/install/ira_laser_tools/lib/x86_64-linux-gnu/pkgconfig:/home/msi/caato2_ws/install/ira_laser_tools/lib/pkgconfig:${PKG_CONFIG_PATH} PYTHONPATH=/home/msi/caato2_ws/install/roboteq_diff_msgs/lib/python3/dist-packages:/home/msi/caato2_ws/install/ira_laser_tools/lib/python3/dist-packages:${PYTHONPATH} ROS_PACKAGE_PATH=/home/msi/caato2_ws/install/caato_bringup/share:/home/msi/caato2_ws/install/roboteq_diff_driver/share:/home/msi/caato2_ws/install/roboteq_diff_msgs/share:/home/msi/caato2_ws/install/ira_laser_tools/share:${ROS_PACKAGE_PATH} /usr/bin/cmake /home/msi/caato2_ws/src/siot/caato/caato_teleop -DCATKIN_INSTALL_INTO_PREFIX_ROOT=0 -DCMAKE_INSTALL_PREFIX=/home/msi/caato2_ws/install/caato_teleop
[0.077s] -- The C compiler identification is GNU 8.4.0
[0.131s] -- The CXX compiler identification is GNU 8.4.0
[0.138s] -- Check for working C compiler: /usr/bin/cc
[0.207s] -- Check for working C compiler: /usr/bin/cc -- works
[0.208s] -- Detecting C compiler ABI info
[0.261s] -- Detecting C compiler ABI info - done
[0.275s] -- Detecting C compile features
[0.276s] -- Detecting C compile features - done
[0.279s] -- Check for working CXX compiler: /usr/bin/c++
[0.341s] -- Check for working CXX compiler: /usr/bin/c++ -- works
[0.342s] -- Detecting CXX compiler ABI info
[0.402s] -- Detecting CXX compiler ABI info - done
[0.420s] -- Detecting CXX compile features
[0.421s] -- Detecting CXX compile features - done
[0.424s] -- Using CATKIN_DEVEL_PREFIX: /home/msi/caato2_ws/build/caato_teleop/devel
[0.424s] -- Using CMAKE_PREFIX_PATH: /home/msi/caato2_ws/install/caato_bringup;/home/msi/caato2_ws/install/roboteq_diff_driver;/home/msi/caato2_ws/install/roboteq_diff_msgs;/home/msi/caato2_ws/install/ira_laser_tools;/opt/ros/noetic
[0.424s] -- This workspace overlays: /home/msi/caato2_ws/install/caato_bringup;/home/msi/caato2_ws/install/roboteq_diff_driver;/home/msi/caato2_ws/install/roboteq_diff_msgs;/home/msi/caato2_ws/install/ira_laser_tools;/opt/ros/noetic
[0.449s] -- Found PythonInterp: /usr/bin/python3 (found suitable version "3.8.10", minimum required is "3") 
[0.449s] -- Using PYTHON_EXECUTABLE: /usr/bin/python3
[0.449s] -- Using Debian Python package layout
[0.481s] -- Found PY_em: /usr/lib/python3/dist-packages/em.py  
[0.482s] -- Using empy: /usr/lib/python3/dist-packages/em.py
[0.586s] -- Using CATKIN_ENABLE_TESTING: ON
[0.586s] -- Call enable_testing()
[0.588s] -- Using CATKIN_TEST_RESULTS_DIR: /home/msi/caato2_ws/build/caato_teleop/test_results
[0.803s] -- Forcing gtest/gmock from source, though one was otherwise available.
[0.804s] -- Found gtest sources under '/usr/src/googletest': gtests will be built
[0.804s] -- Found gmock sources under '/usr/src/googletest': gmock will be built
[0.826s] -- Found PythonInterp: /usr/bin/python3 (found version "3.8.10") 
[0.828s] -- Found Threads: TRUE  
[0.833s] -- Using Python nosetests: /usr/bin/nosetests3
[0.883s] -- catkin 0.8.10
[0.883s] -- BUILD_SHARED_LIBS is on
[1.254s] -- Configuring done
[1.267s] -- Generating done
[1.272s] -- Build files have been written to: /home/msi/caato2_ws/build/caato_teleop
[1.284s] Invoked command in '/home/msi/caato2_ws/build/caato_teleop' returned '0': CMAKE_PREFIX_PATH=/home/msi/caato2_ws/install/caato_bringup:/home/msi/caato2_ws/install/roboteq_diff_driver:/home/msi/caato2_ws/install/roboteq_diff_msgs:/home/msi/caato2_ws/install/ira_laser_tools:${CMAKE_PREFIX_PATH} PKG_CONFIG_PATH=/home/msi/caato2_ws/install/caato_bringup/lib/x86_64-linux-gnu/pkgconfig:/home/msi/caato2_ws/install/caato_bringup/lib/pkgconfig:/home/msi/caato2_ws/install/roboteq_diff_driver/lib/x86_64-linux-gnu/pkgconfig:/home/msi/caato2_ws/install/roboteq_diff_driver/lib/pkgconfig:/home/msi/caato2_ws/install/roboteq_diff_msgs/lib/x86_64-linux-gnu/pkgconfig:/home/msi/caato2_ws/install/roboteq_diff_msgs/lib/pkgconfig:/home/msi/caato2_ws/install/ira_laser_tools/lib/x86_64-linux-gnu/pkgconfig:/home/msi/caato2_ws/install/ira_laser_tools/lib/pkgconfig:${PKG_CONFIG_PATH} PYTHONPATH=/home/msi/caato2_ws/install/roboteq_diff_msgs/lib/python3/dist-packages:/home/msi/caato2_ws/install/ira_laser_tools/lib/python3/dist-packages:${PYTHONPATH} ROS_PACKAGE_PATH=/home/msi/caato2_ws/install/caato_bringup/share:/home/msi/caato2_ws/install/roboteq_diff_driver/share:/home/msi/caato2_ws/install/roboteq_diff_msgs/share:/home/msi/caato2_ws/install/ira_laser_tools/share:${ROS_PACKAGE_PATH} /usr/bin/cmake /home/msi/caato2_ws/src/siot/caato/caato_teleop -DCATKIN_INSTALL_INTO_PREFIX_ROOT=0 -DCMAKE_INSTALL_PREFIX=/home/msi/caato2_ws/install/caato_teleop
[1.288s] Invoking command in '/home/msi/caato2_ws/build/caato_teleop': CMAKE_PREFIX_PATH=/home/msi/caato2_ws/install/caato_bringup:/home/msi/caato2_ws/install/roboteq_diff_driver:/home/msi/caato2_ws/install/roboteq_diff_msgs:/home/msi/caato2_ws/install/ira_laser_tools:${CMAKE_PREFIX_PATH} PKG_CONFIG_PATH=/home/msi/caato2_ws/install/caato_bringup/lib/x86_64-linux-gnu/pkgconfig:/home/msi/caato2_ws/install/caato_bringup/lib/pkgconfig:/home/msi/caato2_ws/install/roboteq_diff_driver/lib/x86_64-linux-gnu/pkgconfig:/home/msi/caato2_ws/install/roboteq_diff_driver/lib/pkgconfig:/home/msi/caato2_ws/install/roboteq_diff_msgs/lib/x86_64-linux-gnu/pkgconfig:/home/msi/caato2_ws/install/roboteq_diff_msgs/lib/pkgconfig:/home/msi/caato2_ws/install/ira_laser_tools/lib/x86_64-linux-gnu/pkgconfig:/home/msi/caato2_ws/install/ira_laser_tools/lib/pkgconfig:${PKG_CONFIG_PATH} PYTHONPATH=/home/msi/caato2_ws/install/roboteq_diff_msgs/lib/python3/dist-packages:/home/msi/caato2_ws/install/ira_laser_tools/lib/python3/dist-packages:${PYTHONPATH} ROS_PACKAGE_PATH=/home/msi/caato2_ws/install/caato_bringup/share:/home/msi/caato2_ws/install/roboteq_diff_driver/share:/home/msi/caato2_ws/install/roboteq_diff_msgs/share:/home/msi/caato2_ws/install/ira_laser_tools/share:${ROS_PACKAGE_PATH} /usr/bin/cmake --build /home/msi/caato2_ws/build/caato_teleop -- -j20 -l20
[1.320s] Invoked command in '/home/msi/caato2_ws/build/caato_teleop' returned '0': CMAKE_PREFIX_PATH=/home/msi/caato2_ws/install/caato_bringup:/home/msi/caato2_ws/install/roboteq_diff_driver:/home/msi/caato2_ws/install/roboteq_diff_msgs:/home/msi/caato2_ws/install/ira_laser_tools:${CMAKE_PREFIX_PATH} PKG_CONFIG_PATH=/home/msi/caato2_ws/install/caato_bringup/lib/x86_64-linux-gnu/pkgconfig:/home/msi/caato2_ws/install/caato_bringup/lib/pkgconfig:/home/msi/caato2_ws/install/roboteq_diff_driver/lib/x86_64-linux-gnu/pkgconfig:/home/msi/caato2_ws/install/roboteq_diff_driver/lib/pkgconfig:/home/msi/caato2_ws/install/roboteq_diff_msgs/lib/x86_64-linux-gnu/pkgconfig:/home/msi/caato2_ws/install/roboteq_diff_msgs/lib/pkgconfig:/home/msi/caato2_ws/install/ira_laser_tools/lib/x86_64-linux-gnu/pkgconfig:/home/msi/caato2_ws/install/ira_laser_tools/lib/pkgconfig:${PKG_CONFIG_PATH} PYTHONPATH=/home/msi/caato2_ws/install/roboteq_diff_msgs/lib/python3/dist-packages:/home/msi/caato2_ws/install/ira_laser_tools/lib/python3/dist-packages:${PYTHONPATH} ROS_PACKAGE_PATH=/home/msi/caato2_ws/install/caato_bringup/share:/home/msi/caato2_ws/install/roboteq_diff_driver/share:/home/msi/caato2_ws/install/roboteq_diff_msgs/share:/home/msi/caato2_ws/install/ira_laser_tools/share:${ROS_PACKAGE_PATH} /usr/bin/cmake --build /home/msi/caato2_ws/build/caato_teleop -- -j20 -l20
[1.340s] Invoking command in '/home/msi/caato2_ws/build/caato_teleop': CMAKE_PREFIX_PATH=/home/msi/caato2_ws/install/caato_bringup:/home/msi/caato2_ws/install/roboteq_diff_driver:/home/msi/caato2_ws/install/roboteq_diff_msgs:/home/msi/caato2_ws/install/ira_laser_tools:${CMAKE_PREFIX_PATH} PKG_CONFIG_PATH=/home/msi/caato2_ws/install/caato_bringup/lib/x86_64-linux-gnu/pkgconfig:/home/msi/caato2_ws/install/caato_bringup/lib/pkgconfig:/home/msi/caato2_ws/install/roboteq_diff_driver/lib/x86_64-linux-gnu/pkgconfig:/home/msi/caato2_ws/install/roboteq_diff_driver/lib/pkgconfig:/home/msi/caato2_ws/install/roboteq_diff_msgs/lib/x86_64-linux-gnu/pkgconfig:/home/msi/caato2_ws/install/roboteq_diff_msgs/lib/pkgconfig:/home/msi/caato2_ws/install/ira_laser_tools/lib/x86_64-linux-gnu/pkgconfig:/home/msi/caato2_ws/install/ira_laser_tools/lib/pkgconfig:${PKG_CONFIG_PATH} PYTHONPATH=/home/msi/caato2_ws/install/roboteq_diff_msgs/lib/python3/dist-packages:/home/msi/caato2_ws/install/ira_laser_tools/lib/python3/dist-packages:${PYTHONPATH} ROS_PACKAGE_PATH=/home/msi/caato2_ws/install/caato_bringup/share:/home/msi/caato2_ws/install/roboteq_diff_driver/share:/home/msi/caato2_ws/install/roboteq_diff_msgs/share:/home/msi/caato2_ws/install/ira_laser_tools/share:${ROS_PACKAGE_PATH} /usr/bin/cmake --build /home/msi/caato2_ws/build/caato_teleop --target tests -- -j20 -l20
[1.374s] [35m[1mScanning dependencies of target tests[0m
[1.382s] Built target tests
[1.406s] Invoked command in '/home/msi/caato2_ws/build/caato_teleop' returned '0': CMAKE_PREFIX_PATH=/home/msi/caato2_ws/install/caato_bringup:/home/msi/caato2_ws/install/roboteq_diff_driver:/home/msi/caato2_ws/install/roboteq_diff_msgs:/home/msi/caato2_ws/install/ira_laser_tools:${CMAKE_PREFIX_PATH} PKG_CONFIG_PATH=/home/msi/caato2_ws/install/caato_bringup/lib/x86_64-linux-gnu/pkgconfig:/home/msi/caato2_ws/install/caato_bringup/lib/pkgconfig:/home/msi/caato2_ws/install/roboteq_diff_driver/lib/x86_64-linux-gnu/pkgconfig:/home/msi/caato2_ws/install/roboteq_diff_driver/lib/pkgconfig:/home/msi/caato2_ws/install/roboteq_diff_msgs/lib/x86_64-linux-gnu/pkgconfig:/home/msi/caato2_ws/install/roboteq_diff_msgs/lib/pkgconfig:/home/msi/caato2_ws/install/ira_laser_tools/lib/x86_64-linux-gnu/pkgconfig:/home/msi/caato2_ws/install/ira_laser_tools/lib/pkgconfig:${PKG_CONFIG_PATH} PYTHONPATH=/home/msi/caato2_ws/install/roboteq_diff_msgs/lib/python3/dist-packages:/home/msi/caato2_ws/install/ira_laser_tools/lib/python3/dist-packages:${PYTHONPATH} ROS_PACKAGE_PATH=/home/msi/caato2_ws/install/caato_bringup/share:/home/msi/caato2_ws/install/roboteq_diff_driver/share:/home/msi/caato2_ws/install/roboteq_diff_msgs/share:/home/msi/caato2_ws/install/ira_laser_tools/share:${ROS_PACKAGE_PATH} /usr/bin/cmake --build /home/msi/caato2_ws/build/caato_teleop --target tests -- -j20 -l20
[1.428s] Invoking command in '/home/msi/caato2_ws/build/caato_teleop': CMAKE_PREFIX_PATH=/home/msi/caato2_ws/install/caato_bringup:/home/msi/caato2_ws/install/roboteq_diff_driver:/home/msi/caato2_ws/install/roboteq_diff_msgs:/home/msi/caato2_ws/install/ira_laser_tools:${CMAKE_PREFIX_PATH} PKG_CONFIG_PATH=/home/msi/caato2_ws/install/caato_bringup/lib/x86_64-linux-gnu/pkgconfig:/home/msi/caato2_ws/install/caato_bringup/lib/pkgconfig:/home/msi/caato2_ws/install/roboteq_diff_driver/lib/x86_64-linux-gnu/pkgconfig:/home/msi/caato2_ws/install/roboteq_diff_driver/lib/pkgconfig:/home/msi/caato2_ws/install/roboteq_diff_msgs/lib/x86_64-linux-gnu/pkgconfig:/home/msi/caato2_ws/install/roboteq_diff_msgs/lib/pkgconfig:/home/msi/caato2_ws/install/ira_laser_tools/lib/x86_64-linux-gnu/pkgconfig:/home/msi/caato2_ws/install/ira_laser_tools/lib/pkgconfig:${PKG_CONFIG_PATH} PYTHONPATH=/home/msi/caato2_ws/install/roboteq_diff_msgs/lib/python3/dist-packages:/home/msi/caato2_ws/install/ira_laser_tools/lib/python3/dist-packages:${PYTHONPATH} ROS_PACKAGE_PATH=/home/msi/caato2_ws/install/caato_bringup/share:/home/msi/caato2_ws/install/roboteq_diff_driver/share:/home/msi/caato2_ws/install/roboteq_diff_msgs/share:/home/msi/caato2_ws/install/ira_laser_tools/share:${ROS_PACKAGE_PATH} /usr/bin/cmake --install /home/msi/caato2_ws/build/caato_teleop
[1.435s] -- Install configuration: ""
[1.435s] -- Installing: /home/msi/caato2_ws/install/caato_teleop/lib/pkgconfig/caato_teleop.pc
[1.437s] -- Installing: /home/msi/caato2_ws/install/caato_teleop/share/caato_teleop/cmake/caato_teleopConfig.cmake
[1.438s] -- Installing: /home/msi/caato2_ws/install/caato_teleop/share/caato_teleop/cmake/caato_teleopConfig-version.cmake
[1.438s] -- Installing: /home/msi/caato2_ws/install/caato_teleop/share/caato_teleop/package.xml
[1.438s] -- Installing: /home/msi/caato2_ws/install/caato_teleop/share/caato_teleop/launch
[1.438s] -- Installing: /home/msi/caato2_ws/install/caato_teleop/share/caato_teleop/launch/keyboard.launch
[1.439s] -- Installing: /home/msi/caato2_ws/install/caato_teleop/share/caato_teleop/launch/ds4.launch
[1.439s] Invoked command in '/home/msi/caato2_ws/build/caato_teleop' returned '0': CMAKE_PREFIX_PATH=/home/msi/caato2_ws/install/caato_bringup:/home/msi/caato2_ws/install/roboteq_diff_driver:/home/msi/caato2_ws/install/roboteq_diff_msgs:/home/msi/caato2_ws/install/ira_laser_tools:${CMAKE_PREFIX_PATH} PKG_CONFIG_PATH=/home/msi/caato2_ws/install/caato_bringup/lib/x86_64-linux-gnu/pkgconfig:/home/msi/caato2_ws/install/caato_bringup/lib/pkgconfig:/home/msi/caato2_ws/install/roboteq_diff_driver/lib/x86_64-linux-gnu/pkgconfig:/home/msi/caato2_ws/install/roboteq_diff_driver/lib/pkgconfig:/home/msi/caato2_ws/install/roboteq_diff_msgs/lib/x86_64-linux-gnu/pkgconfig:/home/msi/caato2_ws/install/roboteq_diff_msgs/lib/pkgconfig:/home/msi/caato2_ws/install/ira_laser_tools/lib/x86_64-linux-gnu/pkgconfig:/home/msi/caato2_ws/install/ira_laser_tools/lib/pkgconfig:${PKG_CONFIG_PATH} PYTHONPATH=/home/msi/caato2_ws/install/roboteq_diff_msgs/lib/python3/dist-packages:/home/msi/caato2_ws/install/ira_laser_tools/lib/python3/dist-packages:${PYTHONPATH} ROS_PACKAGE_PATH=/home/msi/caato2_ws/install/caato_bringup/share:/home/msi/caato2_ws/install/roboteq_diff_driver/share:/home/msi/caato2_ws/install/roboteq_diff_msgs/share:/home/msi/caato2_ws/install/ira_laser_tools/share:${ROS_PACKAGE_PATH} /usr/bin/cmake --install /home/msi/caato2_ws/build/caato_teleop
