[0.057s] Invoking command in '/home/msi/caato2_ws/build/roboteq_diff_msgs': /usr/bin/cmake --build /home/msi/caato2_ws/build/roboteq_diff_msgs -- -j20 -l20
[0.251s] [  0%] Built target std_msgs_generate_messages_py
[0.251s] [  0%] Built target std_msgs_generate_messages_nodejs
[0.252s] [  0%] Built target std_msgs_generate_messages_lisp
[0.252s] [  0%] Built target _roboteq_diff_msgs_generate_messages_check_deps_Twist
[0.252s] [  0%] Built target std_msgs_generate_messages_cpp
[0.252s] [  0%] Built target _roboteq_diff_msgs_generate_messages_check_deps_Duplex
[0.252s] [  0%] Built target _roboteq_diff_msgs_generate_messages_check_deps_Pose
[0.252s] [  0%] Built target _roboteq_diff_msgs_generate_messages_check_deps_RequestParam
[0.252s] [  0%] Built target _roboteq_diff_msgs_generate_messages_check_deps_Vector3
[0.252s] [  0%] Built target _roboteq_diff_msgs_generate_messages_check_deps_OdometryCovariances
[0.252s] [  0%] Built target std_msgs_generate_messages_eus
[0.252s] [  0%] Built target _roboteq_diff_msgs_generate_messages_check_deps_Quaternion
[0.252s] [  0%] Built target _roboteq_diff_msgs_generate_messages_check_deps_Point
[0.252s] [  0%] Built target _roboteq_diff_msgs_generate_messages_check_deps_RequestOdometryCovariances
[0.255s] [ 18%] Built target roboteq_diff_msgs_generate_messages_nodejs
[0.287s] [ 41%] Built target roboteq_diff_msgs_generate_messages_py
[0.294s] [ 60%] Built target roboteq_diff_msgs_generate_messages_cpp
[0.294s] [ 79%] Built target roboteq_diff_msgs_generate_messages_lisp
[0.302s] [100%] Built target roboteq_diff_msgs_generate_messages_eus
[0.344s] [100%] Built target roboteq_diff_msgs_generate_messages
[0.434s] Invoked command in '/home/msi/caato2_ws/build/roboteq_diff_msgs' returned '0': /usr/bin/cmake --build /home/msi/caato2_ws/build/roboteq_diff_msgs -- -j20 -l20
[0.517s] Invoking command in '/home/msi/caato2_ws/build/roboteq_diff_msgs': /usr/bin/cmake --build /home/msi/caato2_ws/build/roboteq_diff_msgs --target tests -- -j20 -l20
[0.550s] Built target tests
[0.591s] Invoked command in '/home/msi/caato2_ws/build/roboteq_diff_msgs' returned '0': /usr/bin/cmake --build /home/msi/caato2_ws/build/roboteq_diff_msgs --target tests -- -j20 -l20
[0.695s] Invoking command in '/home/msi/caato2_ws/build/roboteq_diff_msgs': /usr/bin/cmake --install /home/msi/caato2_ws/build/roboteq_diff_msgs
[0.715s] -- Install configuration: ""
[0.715s] -- Up-to-date: /home/msi/caato2_ws/install/roboteq_diff_msgs/share/roboteq_diff_msgs/msg/Duplex.msg
[0.716s] -- Up-to-date: /home/msi/caato2_ws/install/roboteq_diff_msgs/share/roboteq_diff_msgs/msg/OdometryCovariances.msg
[0.716s] -- Up-to-date: /home/msi/caato2_ws/install/roboteq_diff_msgs/share/roboteq_diff_msgs/msg/Point.msg
[0.716s] -- Up-to-date: /home/msi/caato2_ws/install/roboteq_diff_msgs/share/roboteq_diff_msgs/msg/Vector3.msg
[0.716s] -- Up-to-date: /home/msi/caato2_ws/install/roboteq_diff_msgs/share/roboteq_diff_msgs/msg/Quaternion.msg
[0.717s] -- Up-to-date: /home/msi/caato2_ws/install/roboteq_diff_msgs/share/roboteq_diff_msgs/msg/Pose.msg
[0.717s] -- Up-to-date: /home/msi/caato2_ws/install/roboteq_diff_msgs/share/roboteq_diff_msgs/msg/Twist.msg
[0.717s] -- Up-to-date: /home/msi/caato2_ws/install/roboteq_diff_msgs/share/roboteq_diff_msgs/srv/RequestParam.srv
[0.717s] -- Up-to-date: /home/msi/caato2_ws/install/roboteq_diff_msgs/share/roboteq_diff_msgs/srv/RequestOdometryCovariances.srv
[0.717s] -- Up-to-date: /home/msi/caato2_ws/install/roboteq_diff_msgs/share/roboteq_diff_msgs/cmake/roboteq_diff_msgs-msg-paths.cmake
[0.718s] -- Up-to-date: /home/msi/caato2_ws/install/roboteq_diff_msgs/include/roboteq_diff_msgs
[0.718s] -- Up-to-date: /home/msi/caato2_ws/install/roboteq_diff_msgs/include/roboteq_diff_msgs/RequestParam.h
[0.718s] -- Up-to-date: /home/msi/caato2_ws/install/roboteq_diff_msgs/include/roboteq_diff_msgs/Quaternion.h
[0.718s] -- Up-to-date: /home/msi/caato2_ws/install/roboteq_diff_msgs/include/roboteq_diff_msgs/Vector3.h
[0.718s] -- Up-to-date: /home/msi/caato2_ws/install/roboteq_diff_msgs/include/roboteq_diff_msgs/Pose.h
[0.718s] -- Up-to-date: /home/msi/caato2_ws/install/roboteq_diff_msgs/include/roboteq_diff_msgs/Point.h
[0.719s] -- Up-to-date: /home/msi/caato2_ws/install/roboteq_diff_msgs/include/roboteq_diff_msgs/OdometryCovariances.h
[0.719s] -- Up-to-date: /home/msi/caato2_ws/install/roboteq_diff_msgs/include/roboteq_diff_msgs/RequestParamRequest.h
[0.719s] -- Up-to-date: /home/msi/caato2_ws/install/roboteq_diff_msgs/include/roboteq_diff_msgs/RequestParamResponse.h
[0.719s] -- Up-to-date: /home/msi/caato2_ws/install/roboteq_diff_msgs/include/roboteq_diff_msgs/RequestOdometryCovariancesResponse.h
[0.719s] -- Up-to-date: /home/msi/caato2_ws/install/roboteq_diff_msgs/include/roboteq_diff_msgs/Twist.h
[0.719s] -- Up-to-date: /home/msi/caato2_ws/install/roboteq_diff_msgs/include/roboteq_diff_msgs/Duplex.h
[0.719s] -- Up-to-date: /home/msi/caato2_ws/install/roboteq_diff_msgs/include/roboteq_diff_msgs/RequestOdometryCovariancesRequest.h
[0.719s] -- Up-to-date: /home/msi/caato2_ws/install/roboteq_diff_msgs/include/roboteq_diff_msgs/RequestOdometryCovariances.h
[0.719s] -- Up-to-date: /home/msi/caato2_ws/install/roboteq_diff_msgs/share/roseus/ros/roboteq_diff_msgs
[0.720s] -- Up-to-date: /home/msi/caato2_ws/install/roboteq_diff_msgs/share/roseus/ros/roboteq_diff_msgs/msg
[0.720s] -- Up-to-date: /home/msi/caato2_ws/install/roboteq_diff_msgs/share/roseus/ros/roboteq_diff_msgs/msg/Quaternion.l
[0.720s] -- Up-to-date: /home/msi/caato2_ws/install/roboteq_diff_msgs/share/roseus/ros/roboteq_diff_msgs/msg/Point.l
[0.721s] -- Up-to-date: /home/msi/caato2_ws/install/roboteq_diff_msgs/share/roseus/ros/roboteq_diff_msgs/msg/Twist.l
[0.722s] -- Up-to-date: /home/msi/caato2_ws/install/roboteq_diff_msgs/share/roseus/ros/roboteq_diff_msgs/msg/Pose.l
[0.722s] -- Up-to-date: /home/msi/caato2_ws/install/roboteq_diff_msgs/share/roseus/ros/roboteq_diff_msgs/msg/OdometryCovariances.l
[0.722s] -- Up-to-date: /home/msi/caato2_ws/install/roboteq_diff_msgs/share/roseus/ros/roboteq_diff_msgs/msg/Vector3.l
[0.722s] -- Up-to-date: /home/msi/caato2_ws/install/roboteq_diff_msgs/share/roseus/ros/roboteq_diff_msgs/msg/Duplex.l
[0.722s] -- Up-to-date: /home/msi/caato2_ws/install/roboteq_diff_msgs/share/roseus/ros/roboteq_diff_msgs/manifest.l
[0.722s] -- Up-to-date: /home/msi/caato2_ws/install/roboteq_diff_msgs/share/roseus/ros/roboteq_diff_msgs/srv
[0.722s] -- Up-to-date: /home/msi/caato2_ws/install/roboteq_diff_msgs/share/roseus/ros/roboteq_diff_msgs/srv/RequestOdometryCovariances.l
[0.722s] -- Up-to-date: /home/msi/caato2_ws/install/roboteq_diff_msgs/share/roseus/ros/roboteq_diff_msgs/srv/RequestParam.l
[0.732s] -- Up-to-date: /home/msi/caato2_ws/install/roboteq_diff_msgs/share/common-lisp/ros/roboteq_diff_msgs
[0.732s] -- Up-to-date: /home/msi/caato2_ws/install/roboteq_diff_msgs/share/common-lisp/ros/roboteq_diff_msgs/msg
[0.732s] -- Up-to-date: /home/msi/caato2_ws/install/roboteq_diff_msgs/share/common-lisp/ros/roboteq_diff_msgs/msg/_package.lisp
[0.734s] -- Up-to-date: /home/msi/caato2_ws/install/roboteq_diff_msgs/share/common-lisp/ros/roboteq_diff_msgs/msg/Twist.lisp
[0.734s] -- Up-to-date: /home/msi/caato2_ws/install/roboteq_diff_msgs/share/common-lisp/ros/roboteq_diff_msgs/msg/Pose.lisp
[0.734s] -- Up-to-date: /home/msi/caato2_ws/install/roboteq_diff_msgs/share/common-lisp/ros/roboteq_diff_msgs/msg/_package_Vector3.lisp
[0.734s] -- Up-to-date: /home/msi/caato2_ws/install/roboteq_diff_msgs/share/common-lisp/ros/roboteq_diff_msgs/msg/_package_OdometryCovariances.lisp
[0.734s] -- Up-to-date: /home/msi/caato2_ws/install/roboteq_diff_msgs/share/common-lisp/ros/roboteq_diff_msgs/msg/_package_Duplex.lisp
[0.734s] -- Up-to-date: /home/msi/caato2_ws/install/roboteq_diff_msgs/share/common-lisp/ros/roboteq_diff_msgs/msg/Quaternion.lisp
[0.734s] -- Up-to-date: /home/msi/caato2_ws/install/roboteq_diff_msgs/share/common-lisp/ros/roboteq_diff_msgs/msg/roboteq_diff_msgs-msg.asd
[0.734s] -- Up-to-date: /home/msi/caato2_ws/install/roboteq_diff_msgs/share/common-lisp/ros/roboteq_diff_msgs/msg/Point.lisp
[0.734s] -- Up-to-date: /home/msi/caato2_ws/install/roboteq_diff_msgs/share/common-lisp/ros/roboteq_diff_msgs/msg/_package_Twist.lisp
[0.735s] -- Up-to-date: /home/msi/caato2_ws/install/roboteq_diff_msgs/share/common-lisp/ros/roboteq_diff_msgs/msg/Vector3.lisp
[0.735s] -- Up-to-date: /home/msi/caato2_ws/install/roboteq_diff_msgs/share/common-lisp/ros/roboteq_diff_msgs/msg/_package_Pose.lisp
[0.735s] -- Up-to-date: /home/msi/caato2_ws/install/roboteq_diff_msgs/share/common-lisp/ros/roboteq_diff_msgs/msg/_package_Point.lisp
[0.735s] -- Up-to-date: /home/msi/caato2_ws/install/roboteq_diff_msgs/share/common-lisp/ros/roboteq_diff_msgs/msg/OdometryCovariances.lisp
[0.736s] -- Up-to-date: /home/msi/caato2_ws/install/roboteq_diff_msgs/share/common-lisp/ros/roboteq_diff_msgs/msg/_package_Quaternion.lisp
[0.737s] -- Up-to-date: /home/msi/caato2_ws/install/roboteq_diff_msgs/share/common-lisp/ros/roboteq_diff_msgs/msg/Duplex.lisp
[0.737s] -- Up-to-date: /home/msi/caato2_ws/install/roboteq_diff_msgs/share/common-lisp/ros/roboteq_diff_msgs/srv
[0.737s] -- Up-to-date: /home/msi/caato2_ws/install/roboteq_diff_msgs/share/common-lisp/ros/roboteq_diff_msgs/srv/_package.lisp
[0.737s] -- Up-to-date: /home/msi/caato2_ws/install/roboteq_diff_msgs/share/common-lisp/ros/roboteq_diff_msgs/srv/_package_RequestParam.lisp
[0.737s] -- Up-to-date: /home/msi/caato2_ws/install/roboteq_diff_msgs/share/common-lisp/ros/roboteq_diff_msgs/srv/_package_RequestOdometryCovariances.lisp
[0.737s] -- Up-to-date: /home/msi/caato2_ws/install/roboteq_diff_msgs/share/common-lisp/ros/roboteq_diff_msgs/srv/RequestParam.lisp
[0.737s] -- Up-to-date: /home/msi/caato2_ws/install/roboteq_diff_msgs/share/common-lisp/ros/roboteq_diff_msgs/srv/RequestOdometryCovariances.lisp
[0.738s] -- Up-to-date: /home/msi/caato2_ws/install/roboteq_diff_msgs/share/common-lisp/ros/roboteq_diff_msgs/srv/roboteq_diff_msgs-srv.asd
[0.738s] -- Up-to-date: /home/msi/caato2_ws/install/roboteq_diff_msgs/share/gennodejs/ros/roboteq_diff_msgs
[0.738s] -- Up-to-date: /home/msi/caato2_ws/install/roboteq_diff_msgs/share/gennodejs/ros/roboteq_diff_msgs/_index.js
[0.738s] -- Up-to-date: /home/msi/caato2_ws/install/roboteq_diff_msgs/share/gennodejs/ros/roboteq_diff_msgs/msg
[0.738s] -- Up-to-date: /home/msi/caato2_ws/install/roboteq_diff_msgs/share/gennodejs/ros/roboteq_diff_msgs/msg/Twist.js
[0.738s] -- Up-to-date: /home/msi/caato2_ws/install/roboteq_diff_msgs/share/gennodejs/ros/roboteq_diff_msgs/msg/_index.js
[0.739s] -- Up-to-date: /home/msi/caato2_ws/install/roboteq_diff_msgs/share/gennodejs/ros/roboteq_diff_msgs/msg/Vector3.js
[0.740s] -- Up-to-date: /home/msi/caato2_ws/install/roboteq_diff_msgs/share/gennodejs/ros/roboteq_diff_msgs/msg/Pose.js
[0.740s] -- Up-to-date: /home/msi/caato2_ws/install/roboteq_diff_msgs/share/gennodejs/ros/roboteq_diff_msgs/msg/Quaternion.js
[0.740s] -- Up-to-date: /home/msi/caato2_ws/install/roboteq_diff_msgs/share/gennodejs/ros/roboteq_diff_msgs/msg/OdometryCovariances.js
[0.746s] -- Up-to-date: /home/msi/caato2_ws/install/roboteq_diff_msgs/share/gennodejs/ros/roboteq_diff_msgs/msg/Duplex.js
[0.747s] -- Up-to-date: /home/msi/caato2_ws/install/roboteq_diff_msgs/share/gennodejs/ros/roboteq_diff_msgs/msg/Point.js
[0.747s] -- Up-to-date: /home/msi/caato2_ws/install/roboteq_diff_msgs/share/gennodejs/ros/roboteq_diff_msgs/srv
[0.747s] -- Up-to-date: /home/msi/caato2_ws/install/roboteq_diff_msgs/share/gennodejs/ros/roboteq_diff_msgs/srv/_index.js
[0.748s] -- Up-to-date: /home/msi/caato2_ws/install/roboteq_diff_msgs/share/gennodejs/ros/roboteq_diff_msgs/srv/RequestOdometryCovariances.js
[0.748s] -- Up-to-date: /home/msi/caato2_ws/install/roboteq_diff_msgs/share/gennodejs/ros/roboteq_diff_msgs/srv/RequestParam.js
[0.759s] Listing '/home/msi/caato2_ws/build/roboteq_diff_msgs/devel/lib/python3/dist-packages/roboteq_diff_msgs'...
[0.759s] Listing '/home/msi/caato2_ws/build/roboteq_diff_msgs/devel/lib/python3/dist-packages/roboteq_diff_msgs/msg'...
[0.759s] Listing '/home/msi/caato2_ws/build/roboteq_diff_msgs/devel/lib/python3/dist-packages/roboteq_diff_msgs/srv'...
[0.759s] -- Up-to-date: /home/msi/caato2_ws/install/roboteq_diff_msgs/lib/python3/dist-packages/roboteq_diff_msgs
[0.759s] -- Up-to-date: /home/msi/caato2_ws/install/roboteq_diff_msgs/lib/python3/dist-packages/roboteq_diff_msgs/msg
[0.759s] -- Up-to-date: /home/msi/caato2_ws/install/roboteq_diff_msgs/lib/python3/dist-packages/roboteq_diff_msgs/msg/_OdometryCovariances.py
[0.759s] -- Up-to-date: /home/msi/caato2_ws/install/roboteq_diff_msgs/lib/python3/dist-packages/roboteq_diff_msgs/msg/_Point.py
[0.759s] -- Up-to-date: /home/msi/caato2_ws/install/roboteq_diff_msgs/lib/python3/dist-packages/roboteq_diff_msgs/msg/_Twist.py
[0.759s] -- Up-to-date: /home/msi/caato2_ws/install/roboteq_diff_msgs/lib/python3/dist-packages/roboteq_diff_msgs/msg/_Quaternion.py
[0.759s] -- Up-to-date: /home/msi/caato2_ws/install/roboteq_diff_msgs/lib/python3/dist-packages/roboteq_diff_msgs/msg/_Vector3.py
[0.759s] -- Up-to-date: /home/msi/caato2_ws/install/roboteq_diff_msgs/lib/python3/dist-packages/roboteq_diff_msgs/msg/_Pose.py
[0.759s] -- Up-to-date: /home/msi/caato2_ws/install/roboteq_diff_msgs/lib/python3/dist-packages/roboteq_diff_msgs/msg/__init__.py
[0.760s] -- Up-to-date: /home/msi/caato2_ws/install/roboteq_diff_msgs/lib/python3/dist-packages/roboteq_diff_msgs/msg/__pycache__
[0.760s] -- Up-to-date: /home/msi/caato2_ws/install/roboteq_diff_msgs/lib/python3/dist-packages/roboteq_diff_msgs/msg/__pycache__/_Point.cpython-38.pyc
[0.760s] -- Up-to-date: /home/msi/caato2_ws/install/roboteq_diff_msgs/lib/python3/dist-packages/roboteq_diff_msgs/msg/__pycache__/_Quaternion.cpython-38.pyc
[0.760s] -- Up-to-date: /home/msi/caato2_ws/install/roboteq_diff_msgs/lib/python3/dist-packages/roboteq_diff_msgs/msg/__pycache__/_Pose.cpython-38.pyc
[0.760s] -- Up-to-date: /home/msi/caato2_ws/install/roboteq_diff_msgs/lib/python3/dist-packages/roboteq_diff_msgs/msg/__pycache__/_Vector3.cpython-38.pyc
[0.760s] -- Up-to-date: /home/msi/caato2_ws/install/roboteq_diff_msgs/lib/python3/dist-packages/roboteq_diff_msgs/msg/__pycache__/_OdometryCovariances.cpython-38.pyc
[0.760s] -- Up-to-date: /home/msi/caato2_ws/install/roboteq_diff_msgs/lib/python3/dist-packages/roboteq_diff_msgs/msg/__pycache__/__init__.cpython-38.pyc
[0.760s] -- Up-to-date: /home/msi/caato2_ws/install/roboteq_diff_msgs/lib/python3/dist-packages/roboteq_diff_msgs/msg/__pycache__/_Twist.cpython-38.pyc
[0.760s] -- Up-to-date: /home/msi/caato2_ws/install/roboteq_diff_msgs/lib/python3/dist-packages/roboteq_diff_msgs/msg/__pycache__/_Duplex.cpython-38.pyc
[0.760s] -- Up-to-date: /home/msi/caato2_ws/install/roboteq_diff_msgs/lib/python3/dist-packages/roboteq_diff_msgs/msg/_Duplex.py
[0.760s] -- Up-to-date: /home/msi/caato2_ws/install/roboteq_diff_msgs/lib/python3/dist-packages/roboteq_diff_msgs/srv
[0.760s] -- Up-to-date: /home/msi/caato2_ws/install/roboteq_diff_msgs/lib/python3/dist-packages/roboteq_diff_msgs/srv/_RequestParam.py
[0.760s] -- Up-to-date: /home/msi/caato2_ws/install/roboteq_diff_msgs/lib/python3/dist-packages/roboteq_diff_msgs/srv/__init__.py
[0.760s] -- Up-to-date: /home/msi/caato2_ws/install/roboteq_diff_msgs/lib/python3/dist-packages/roboteq_diff_msgs/srv/_RequestOdometryCovariances.py
[0.760s] -- Up-to-date: /home/msi/caato2_ws/install/roboteq_diff_msgs/lib/python3/dist-packages/roboteq_diff_msgs/srv/__pycache__
[0.761s] -- Up-to-date: /home/msi/caato2_ws/install/roboteq_diff_msgs/lib/python3/dist-packages/roboteq_diff_msgs/srv/__pycache__/_RequestParam.cpython-38.pyc
[0.761s] -- Up-to-date: /home/msi/caato2_ws/install/roboteq_diff_msgs/lib/python3/dist-packages/roboteq_diff_msgs/srv/__pycache__/__init__.cpython-38.pyc
[0.761s] -- Up-to-date: /home/msi/caato2_ws/install/roboteq_diff_msgs/lib/python3/dist-packages/roboteq_diff_msgs/srv/__pycache__/_RequestOdometryCovariances.cpython-38.pyc
[0.761s] -- Up-to-date: /home/msi/caato2_ws/install/roboteq_diff_msgs/lib/python3/dist-packages/roboteq_diff_msgs/__init__.py
[0.761s] -- Up-to-date: /home/msi/caato2_ws/install/roboteq_diff_msgs/lib/python3/dist-packages/roboteq_diff_msgs/__pycache__
[0.761s] -- Up-to-date: /home/msi/caato2_ws/install/roboteq_diff_msgs/lib/python3/dist-packages/roboteq_diff_msgs/__pycache__/__init__.cpython-38.pyc
[0.761s] -- Up-to-date: /home/msi/caato2_ws/install/roboteq_diff_msgs/lib/pkgconfig/roboteq_diff_msgs.pc
[0.761s] -- Up-to-date: /home/msi/caato2_ws/install/roboteq_diff_msgs/share/roboteq_diff_msgs/cmake/roboteq_diff_msgs-msg-extras.cmake
[0.761s] -- Up-to-date: /home/msi/caato2_ws/install/roboteq_diff_msgs/share/roboteq_diff_msgs/cmake/roboteq_diff_msgsConfig.cmake
[0.761s] -- Up-to-date: /home/msi/caato2_ws/install/roboteq_diff_msgs/share/roboteq_diff_msgs/cmake/roboteq_diff_msgsConfig-version.cmake
[0.761s] -- Up-to-date: /home/msi/caato2_ws/install/roboteq_diff_msgs/share/roboteq_diff_msgs/package.xml
[0.827s] Invoked command in '/home/msi/caato2_ws/build/roboteq_diff_msgs' returned '0': /usr/bin/cmake --install /home/msi/caato2_ws/build/roboteq_diff_msgs
