[0.143s] Invoking command in '/home/msi/caato2_ws/build/apriltag_ros': CMAKE_PREFIX_PATH=/home/msi/caato2_ws/install/apriltag:${CMAKE_PREFIX_PATH} LD_LIBRARY_PATH=/home/msi/caato2_ws/install/apriltag/lib:/opt/ros/noetic/lib:/opt/ros/noetic/lib/x86_64-linux-gnu:/usr/local/cuda-10.2/lib64:/media/msi/Data20/workspace/TensorRT-7.1.3.4/targets/x86_64-linux-gnu/lib:/media/Data/workspace/free_fleet/client_ws/install/atc_detector/share/atc_detector PATH=/home/msi/caato2_ws/install/apriltag/bin:${PATH} PKG_CONFIG_PATH=/home/msi/caato2_ws/install/apriltag/lib/x86_64-linux-gnu/pkgconfig:/home/msi/caato2_ws/install/apriltag/lib/pkgconfig:${PKG_CONFIG_PATH} /usr/bin/cmake --build /home/msi/caato2_ws/build/apriltag_ros -- -j20 -l20
[0.185s] [  0%] Built target sensor_msgs_generate_messages_py
[0.187s] [  0%] Built target geometry_msgs_generate_messages_cpp
[0.187s] [  0%] Built target sensor_msgs_generate_messages_cpp
[0.187s] [  0%] Built target std_msgs_generate_messages_py
[0.188s] [  0%] Built target std_msgs_generate_messages_cpp
[0.188s] [  0%] Built target geometry_msgs_generate_messages_py
[0.189s] [  0%] Built target std_msgs_generate_messages_eus
[0.190s] [  0%] Built target std_msgs_generate_messages_nodejs
[0.190s] [  0%] Built target std_msgs_generate_messages_lisp
[0.190s] [  0%] Built target geometry_msgs_generate_messages_lisp
[0.190s] [  0%] Built target sensor_msgs_generate_messages_eus
[0.190s] [  0%] Built target geometry_msgs_generate_messages_eus
[0.191s] [  0%] Built target geometry_msgs_generate_messages_nodejs
[0.191s] [  0%] Built target sensor_msgs_generate_messages_nodejs
[0.193s] [  0%] Built target sensor_msgs_generate_messages_lisp
[0.237s] [  0%] Built target _apriltag_ros_generate_messages_check_deps_AprilTagDetection
[0.237s] [  0%] Built target _apriltag_ros_generate_messages_check_deps_AprilTagDetectionArray
[0.239s] [  0%] Built target _apriltag_ros_generate_messages_check_deps_AnalyzeSingleImage
[0.259s] [ 10%] Built target apriltag_ros_generate_messages_cpp
[0.259s] [ 20%] Built target apriltag_ros_generate_messages_lisp
[0.259s] [ 33%] Built target apriltag_ros_generate_messages_eus
[0.259s] [ 43%] Built target apriltag_ros_generate_messages_nodejs
[0.259s] [ 60%] Built target apriltag_ros_generate_messages_py
[0.273s] [ 60%] Built target apriltag_ros_generate_messages
[0.274s] [ 66%] Built target apriltag_ros_common
[0.276s] [ 73%] Built target apriltag_ros_single_image_detector
[0.276s] [ 80%] Built target apriltag_ros_single_image_client_node
[0.276s] [ 86%] Built target apriltag_ros_continuous_detector
[0.277s] [ 93%] Built target apriltag_ros_continuous_node
[0.280s] [100%] Built target apriltag_ros_single_image_server_node
[0.419s] Invoked command in '/home/msi/caato2_ws/build/apriltag_ros' returned '0': CMAKE_PREFIX_PATH=/home/msi/caato2_ws/install/apriltag:${CMAKE_PREFIX_PATH} LD_LIBRARY_PATH=/home/msi/caato2_ws/install/apriltag/lib:/opt/ros/noetic/lib:/opt/ros/noetic/lib/x86_64-linux-gnu:/usr/local/cuda-10.2/lib64:/media/msi/Data20/workspace/TensorRT-7.1.3.4/targets/x86_64-linux-gnu/lib:/media/Data/workspace/free_fleet/client_ws/install/atc_detector/share/atc_detector PATH=/home/msi/caato2_ws/install/apriltag/bin:${PATH} PKG_CONFIG_PATH=/home/msi/caato2_ws/install/apriltag/lib/x86_64-linux-gnu/pkgconfig:/home/msi/caato2_ws/install/apriltag/lib/pkgconfig:${PKG_CONFIG_PATH} /usr/bin/cmake --build /home/msi/caato2_ws/build/apriltag_ros -- -j20 -l20
[0.577s] Invoking command in '/home/msi/caato2_ws/build/apriltag_ros': CMAKE_PREFIX_PATH=/home/msi/caato2_ws/install/apriltag:${CMAKE_PREFIX_PATH} LD_LIBRARY_PATH=/home/msi/caato2_ws/install/apriltag/lib:/opt/ros/noetic/lib:/opt/ros/noetic/lib/x86_64-linux-gnu:/usr/local/cuda-10.2/lib64:/media/msi/Data20/workspace/TensorRT-7.1.3.4/targets/x86_64-linux-gnu/lib:/media/Data/workspace/free_fleet/client_ws/install/atc_detector/share/atc_detector PATH=/home/msi/caato2_ws/install/apriltag/bin:${PATH} PKG_CONFIG_PATH=/home/msi/caato2_ws/install/apriltag/lib/x86_64-linux-gnu/pkgconfig:/home/msi/caato2_ws/install/apriltag/lib/pkgconfig:${PKG_CONFIG_PATH} /usr/bin/cmake --build /home/msi/caato2_ws/build/apriltag_ros --target tests -- -j20 -l20
[0.669s] Built target tests
[0.765s] Invoked command in '/home/msi/caato2_ws/build/apriltag_ros' returned '0': CMAKE_PREFIX_PATH=/home/msi/caato2_ws/install/apriltag:${CMAKE_PREFIX_PATH} LD_LIBRARY_PATH=/home/msi/caato2_ws/install/apriltag/lib:/opt/ros/noetic/lib:/opt/ros/noetic/lib/x86_64-linux-gnu:/usr/local/cuda-10.2/lib64:/media/msi/Data20/workspace/TensorRT-7.1.3.4/targets/x86_64-linux-gnu/lib:/media/Data/workspace/free_fleet/client_ws/install/atc_detector/share/atc_detector PATH=/home/msi/caato2_ws/install/apriltag/bin:${PATH} PKG_CONFIG_PATH=/home/msi/caato2_ws/install/apriltag/lib/x86_64-linux-gnu/pkgconfig:/home/msi/caato2_ws/install/apriltag/lib/pkgconfig:${PKG_CONFIG_PATH} /usr/bin/cmake --build /home/msi/caato2_ws/build/apriltag_ros --target tests -- -j20 -l20
[0.890s] Invoking command in '/home/msi/caato2_ws/build/apriltag_ros': CMAKE_PREFIX_PATH=/home/msi/caato2_ws/install/apriltag:${CMAKE_PREFIX_PATH} LD_LIBRARY_PATH=/home/msi/caato2_ws/install/apriltag/lib:/opt/ros/noetic/lib:/opt/ros/noetic/lib/x86_64-linux-gnu:/usr/local/cuda-10.2/lib64:/media/msi/Data20/workspace/TensorRT-7.1.3.4/targets/x86_64-linux-gnu/lib:/media/Data/workspace/free_fleet/client_ws/install/atc_detector/share/atc_detector PATH=/home/msi/caato2_ws/install/apriltag/bin:${PATH} PKG_CONFIG_PATH=/home/msi/caato2_ws/install/apriltag/lib/x86_64-linux-gnu/pkgconfig:/home/msi/caato2_ws/install/apriltag/lib/pkgconfig:${PKG_CONFIG_PATH} /usr/bin/cmake --install /home/msi/caato2_ws/build/apriltag_ros
[0.893s] -- Install configuration: "Release"
[0.896s] -- Up-to-date: /home/msi/caato2_ws/install/apriltag_ros/share/apriltag_ros/msg/AprilTagDetection.msg
[0.896s] -- Up-to-date: /home/msi/caato2_ws/install/apriltag_ros/share/apriltag_ros/msg/AprilTagDetectionArray.msg
[0.896s] -- Up-to-date: /home/msi/caato2_ws/install/apriltag_ros/share/apriltag_ros/srv/AnalyzeSingleImage.srv
[0.896s] -- Up-to-date: /home/msi/caato2_ws/install/apriltag_ros/share/apriltag_ros/cmake/apriltag_ros-msg-paths.cmake
[0.896s] -- Up-to-date: /home/msi/caato2_ws/install/apriltag_ros/include/apriltag_ros
[0.897s] -- Up-to-date: /home/msi/caato2_ws/install/apriltag_ros/include/apriltag_ros/AnalyzeSingleImageResponse.h
[0.897s] -- Up-to-date: /home/msi/caato2_ws/install/apriltag_ros/include/apriltag_ros/AnalyzeSingleImage.h
[0.897s] -- Up-to-date: /home/msi/caato2_ws/install/apriltag_ros/include/apriltag_ros/AprilTagDetection.h
[0.897s] -- Up-to-date: /home/msi/caato2_ws/install/apriltag_ros/include/apriltag_ros/AprilTagDetectionArray.h
[0.897s] -- Up-to-date: /home/msi/caato2_ws/install/apriltag_ros/include/apriltag_ros/AnalyzeSingleImageRequest.h
[0.897s] -- Up-to-date: /home/msi/caato2_ws/install/apriltag_ros/share/roseus/ros/apriltag_ros
[0.897s] -- Up-to-date: /home/msi/caato2_ws/install/apriltag_ros/share/roseus/ros/apriltag_ros/msg
[0.897s] -- Up-to-date: /home/msi/caato2_ws/install/apriltag_ros/share/roseus/ros/apriltag_ros/msg/AprilTagDetectionArray.l
[0.897s] -- Up-to-date: /home/msi/caato2_ws/install/apriltag_ros/share/roseus/ros/apriltag_ros/msg/AprilTagDetection.l
[0.897s] -- Up-to-date: /home/msi/caato2_ws/install/apriltag_ros/share/roseus/ros/apriltag_ros/manifest.l
[0.897s] -- Up-to-date: /home/msi/caato2_ws/install/apriltag_ros/share/roseus/ros/apriltag_ros/srv
[0.897s] -- Up-to-date: /home/msi/caato2_ws/install/apriltag_ros/share/roseus/ros/apriltag_ros/srv/AnalyzeSingleImage.l
[0.897s] -- Up-to-date: /home/msi/caato2_ws/install/apriltag_ros/share/common-lisp/ros/apriltag_ros
[0.897s] -- Up-to-date: /home/msi/caato2_ws/install/apriltag_ros/share/common-lisp/ros/apriltag_ros/msg
[0.897s] -- Up-to-date: /home/msi/caato2_ws/install/apriltag_ros/share/common-lisp/ros/apriltag_ros/msg/_package.lisp
[0.897s] -- Up-to-date: /home/msi/caato2_ws/install/apriltag_ros/share/common-lisp/ros/apriltag_ros/msg/AprilTagDetection.lisp
[0.897s] -- Up-to-date: /home/msi/caato2_ws/install/apriltag_ros/share/common-lisp/ros/apriltag_ros/msg/AprilTagDetectionArray.lisp
[0.898s] -- Up-to-date: /home/msi/caato2_ws/install/apriltag_ros/share/common-lisp/ros/apriltag_ros/msg/apriltag_ros-msg.asd
[0.898s] -- Up-to-date: /home/msi/caato2_ws/install/apriltag_ros/share/common-lisp/ros/apriltag_ros/msg/_package_AprilTagDetectionArray.lisp
[0.899s] -- Up-to-date: /home/msi/caato2_ws/install/apriltag_ros/share/common-lisp/ros/apriltag_ros/msg/_package_AprilTagDetection.lisp
[0.900s] -- Up-to-date: /home/msi/caato2_ws/install/apriltag_ros/share/common-lisp/ros/apriltag_ros/srv
[0.902s] -- Up-to-date: /home/msi/caato2_ws/install/apriltag_ros/share/common-lisp/ros/apriltag_ros/srv/_package.lisp
[0.902s] -- Up-to-date: /home/msi/caato2_ws/install/apriltag_ros/share/common-lisp/ros/apriltag_ros/srv/AnalyzeSingleImage.lisp
[0.902s] -- Up-to-date: /home/msi/caato2_ws/install/apriltag_ros/share/common-lisp/ros/apriltag_ros/srv/apriltag_ros-srv.asd
[0.902s] -- Up-to-date: /home/msi/caato2_ws/install/apriltag_ros/share/common-lisp/ros/apriltag_ros/srv/_package_AnalyzeSingleImage.lisp
[0.905s] -- Up-to-date: /home/msi/caato2_ws/install/apriltag_ros/share/gennodejs/ros/apriltag_ros
[0.906s] -- Up-to-date: /home/msi/caato2_ws/install/apriltag_ros/share/gennodejs/ros/apriltag_ros/_index.js
[0.907s] -- Up-to-date: /home/msi/caato2_ws/install/apriltag_ros/share/gennodejs/ros/apriltag_ros/msg
[0.907s] -- Up-to-date: /home/msi/caato2_ws/install/apriltag_ros/share/gennodejs/ros/apriltag_ros/msg/_index.js
[0.908s] -- Up-to-date: /home/msi/caato2_ws/install/apriltag_ros/share/gennodejs/ros/apriltag_ros/msg/AprilTagDetectionArray.js
[0.908s] -- Up-to-date: /home/msi/caato2_ws/install/apriltag_ros/share/gennodejs/ros/apriltag_ros/msg/AprilTagDetection.js
[0.910s] -- Up-to-date: /home/msi/caato2_ws/install/apriltag_ros/share/gennodejs/ros/apriltag_ros/srv
[0.910s] -- Up-to-date: /home/msi/caato2_ws/install/apriltag_ros/share/gennodejs/ros/apriltag_ros/srv/_index.js
[0.911s] -- Up-to-date: /home/msi/caato2_ws/install/apriltag_ros/share/gennodejs/ros/apriltag_ros/srv/AnalyzeSingleImage.js
[0.924s] Listing '/home/msi/caato2_ws/build/apriltag_ros/devel/lib/python3/dist-packages/apriltag_ros'...
[0.924s] Listing '/home/msi/caato2_ws/build/apriltag_ros/devel/lib/python3/dist-packages/apriltag_ros/msg'...
[0.924s] Listing '/home/msi/caato2_ws/build/apriltag_ros/devel/lib/python3/dist-packages/apriltag_ros/srv'...
[0.926s] -- Up-to-date: /home/msi/caato2_ws/install/apriltag_ros/lib/python3/dist-packages/apriltag_ros
[0.926s] -- Up-to-date: /home/msi/caato2_ws/install/apriltag_ros/lib/python3/dist-packages/apriltag_ros/msg
[0.926s] -- Up-to-date: /home/msi/caato2_ws/install/apriltag_ros/lib/python3/dist-packages/apriltag_ros/msg/_AprilTagDetection.py
[0.928s] -- Up-to-date: /home/msi/caato2_ws/install/apriltag_ros/lib/python3/dist-packages/apriltag_ros/msg/_AprilTagDetectionArray.py
[0.928s] -- Up-to-date: /home/msi/caato2_ws/install/apriltag_ros/lib/python3/dist-packages/apriltag_ros/msg/__init__.py
[0.928s] -- Up-to-date: /home/msi/caato2_ws/install/apriltag_ros/lib/python3/dist-packages/apriltag_ros/msg/__pycache__
[0.928s] -- Up-to-date: /home/msi/caato2_ws/install/apriltag_ros/lib/python3/dist-packages/apriltag_ros/msg/__pycache__/_AprilTagDetection.cpython-38.pyc
[0.929s] -- Up-to-date: /home/msi/caato2_ws/install/apriltag_ros/lib/python3/dist-packages/apriltag_ros/msg/__pycache__/__init__.cpython-38.pyc
[0.929s] -- Up-to-date: /home/msi/caato2_ws/install/apriltag_ros/lib/python3/dist-packages/apriltag_ros/msg/__pycache__/_AprilTagDetectionArray.cpython-38.pyc
[0.929s] -- Up-to-date: /home/msi/caato2_ws/install/apriltag_ros/lib/python3/dist-packages/apriltag_ros/srv
[0.929s] -- Up-to-date: /home/msi/caato2_ws/install/apriltag_ros/lib/python3/dist-packages/apriltag_ros/srv/_AnalyzeSingleImage.py
[0.929s] -- Up-to-date: /home/msi/caato2_ws/install/apriltag_ros/lib/python3/dist-packages/apriltag_ros/srv/__init__.py
[0.929s] -- Up-to-date: /home/msi/caato2_ws/install/apriltag_ros/lib/python3/dist-packages/apriltag_ros/srv/__pycache__
[0.930s] -- Up-to-date: /home/msi/caato2_ws/install/apriltag_ros/lib/python3/dist-packages/apriltag_ros/srv/__pycache__/__init__.cpython-38.pyc
[0.931s] -- Up-to-date: /home/msi/caato2_ws/install/apriltag_ros/lib/python3/dist-packages/apriltag_ros/srv/__pycache__/_AnalyzeSingleImage.cpython-38.pyc
[0.931s] -- Up-to-date: /home/msi/caato2_ws/install/apriltag_ros/lib/python3/dist-packages/apriltag_ros/__init__.py
[0.931s] -- Up-to-date: /home/msi/caato2_ws/install/apriltag_ros/lib/python3/dist-packages/apriltag_ros/__pycache__
[0.931s] -- Up-to-date: /home/msi/caato2_ws/install/apriltag_ros/lib/python3/dist-packages/apriltag_ros/__pycache__/__init__.cpython-38.pyc
[0.931s] -- Up-to-date: /home/msi/caato2_ws/install/apriltag_ros/lib/pkgconfig/apriltag_ros.pc
[0.931s] -- Up-to-date: /home/msi/caato2_ws/install/apriltag_ros/share/apriltag_ros/cmake/apriltag_ros-msg-extras.cmake
[0.931s] -- Up-to-date: /home/msi/caato2_ws/install/apriltag_ros/share/apriltag_ros/cmake/apriltag_rosConfig.cmake
[0.931s] -- Up-to-date: /home/msi/caato2_ws/install/apriltag_ros/share/apriltag_ros/cmake/apriltag_rosConfig-version.cmake
[0.931s] -- Up-to-date: /home/msi/caato2_ws/install/apriltag_ros/share/apriltag_ros/package.xml
[0.931s] -- Up-to-date: /home/msi/caato2_ws/install/apriltag_ros/include/apriltag_ros
[0.932s] -- Up-to-date: /home/msi/caato2_ws/install/apriltag_ros/include/apriltag_ros/continuous_detector.h
[0.932s] -- Up-to-date: /home/msi/caato2_ws/install/apriltag_ros/include/apriltag_ros/single_image_detector.h
[0.932s] -- Up-to-date: /home/msi/caato2_ws/install/apriltag_ros/include/apriltag_ros/common_functions.h
[0.932s] -- Up-to-date: /home/msi/caato2_ws/install/apriltag_ros/share/apriltag_ros/config
[0.932s] -- Up-to-date: /home/msi/caato2_ws/install/apriltag_ros/share/apriltag_ros/config/tags.yaml.4thMay2021
[0.933s] -- Up-to-date: /home/msi/caato2_ws/install/apriltag_ros/share/apriltag_ros/config/tags.yaml
[0.933s] -- Up-to-date: /home/msi/caato2_ws/install/apriltag_ros/share/apriltag_ros/config/tags.yaml.bkup
[0.934s] -- Up-to-date: /home/msi/caato2_ws/install/apriltag_ros/share/apriltag_ros/config/settings.yaml
[0.934s] -- Up-to-date: /home/msi/caato2_ws/install/apriltag_ros/share/apriltag_ros/launch
[0.934s] -- Up-to-date: /home/msi/caato2_ws/install/apriltag_ros/share/apriltag_ros/launch/single_image_server.launch
[0.935s] -- Up-to-date: /home/msi/caato2_ws/install/apriltag_ros/share/apriltag_ros/launch/single_image_client.launch
[0.935s] -- Up-to-date: /home/msi/caato2_ws/install/apriltag_ros/share/apriltag_ros/launch/continuous_detection.launch
[0.935s] -- Up-to-date: /home/msi/caato2_ws/install/apriltag_ros/share/apriltag_ros/launch/continuous_detection.caato.launch
[0.935s] -- Up-to-date: /home/msi/caato2_ws/install/apriltag_ros/share/apriltag_ros/nodelet_plugins.xml
[0.935s] -- Up-to-date: /home/msi/caato2_ws/install/apriltag_ros/lib/libapriltag_ros_common.so
[0.939s] -- Up-to-date: /home/msi/caato2_ws/install/apriltag_ros/lib/libapriltag_ros_continuous_detector.so
[0.939s] -- Up-to-date: /home/msi/caato2_ws/install/apriltag_ros/lib/apriltag_ros/apriltag_ros_continuous_node
[0.940s] -- Up-to-date: /home/msi/caato2_ws/install/apriltag_ros/lib/apriltag_ros/apriltag_ros_single_image_client_node
[0.940s] -- Up-to-date: /home/msi/caato2_ws/install/apriltag_ros/lib/libapriltag_ros_single_image_detector.so
[0.940s] -- Up-to-date: /home/msi/caato2_ws/install/apriltag_ros/lib/apriltag_ros/apriltag_ros_single_image_server_node
[0.941s] -- Up-to-date: /home/msi/caato2_ws/install/apriltag_ros/lib/apriltag_ros/analyze_image
[0.964s] Invoked command in '/home/msi/caato2_ws/build/apriltag_ros' returned '0': CMAKE_PREFIX_PATH=/home/msi/caato2_ws/install/apriltag:${CMAKE_PREFIX_PATH} LD_LIBRARY_PATH=/home/msi/caato2_ws/install/apriltag/lib:/opt/ros/noetic/lib:/opt/ros/noetic/lib/x86_64-linux-gnu:/usr/local/cuda-10.2/lib64:/media/msi/Data20/workspace/TensorRT-7.1.3.4/targets/x86_64-linux-gnu/lib:/media/Data/workspace/free_fleet/client_ws/install/atc_detector/share/atc_detector PATH=/home/msi/caato2_ws/install/apriltag/bin:${PATH} PKG_CONFIG_PATH=/home/msi/caato2_ws/install/apriltag/lib/x86_64-linux-gnu/pkgconfig:/home/msi/caato2_ws/install/apriltag/lib/pkgconfig:${PKG_CONFIG_PATH} /usr/bin/cmake --install /home/msi/caato2_ws/build/apriltag_ros
