[0.139s] Invoking command in '/home/msi/caato2_ws/build/realsense_gazebo_plugin': /usr/bin/cmake --build /home/msi/caato2_ws/build/realsense_gazebo_plugin -- -j20 -l20
[0.172s] [  0%] Built target gazebo_msgs_generate_messages_nodejs
[0.172s] [  0%] Built target dynamic_reconfigure_generate_messages_eus
[0.172s] [  0%] Built target trajectory_msgs_generate_messages_nodejs
[0.182s] [  0%] Built target trajectory_msgs_generate_messages_lisp
[0.186s] [  0%] Built target gazebo_msgs_generate_messages_cpp
[0.186s] [  0%] Built target dynamic_reconfigure_gencfg
[0.188s] [  0%] Built target gazebo_msgs_generate_messages_py
[0.188s] [  0%] Built target trajectory_msgs_generate_messages_cpp
[0.192s] [  0%] Built target std_srvs_generate_messages_lisp
[0.206s] [  0%] Built target geometry_msgs_generate_messages_eus
[0.207s] [  0%] Built target std_msgs_generate_messages_cpp
[0.207s] [  0%] Built target std_msgs_generate_messages_nodejs
[0.208s] [  0%] Built target std_msgs_generate_messages_py
[0.208s] [  0%] Built target std_srvs_generate_messages_eus
[0.210s] [  0%] Built target dynamic_reconfigure_generate_messages_lisp
[0.211s] [  0%] Built target tf2_msgs_generate_messages_cpp
[0.211s] [  0%] Built target rosgraph_msgs_generate_messages_nodejs
[0.214s] [  0%] Built target actionlib_generate_messages_cpp
[0.223s] [  0%] Built target actionlib_msgs_generate_messages_py
[0.224s] [  0%] Built target roscpp_generate_messages_lisp
[0.237s] [  0%] Built target rosgraph_msgs_generate_messages_lisp
[0.237s] [  0%] Built target std_msgs_generate_messages_lisp
[0.237s] [  0%] Built target actionlib_generate_messages_lisp
[0.237s] [  0%] Built target tf_generate_messages_eus
[0.237s] [  0%] Built target std_srvs_generate_messages_cpp
[0.244s] [  0%] Built target std_srvs_generate_messages_nodejs
[0.244s] [  0%] Built target dynamic_reconfigure_generate_messages_py
[0.251s] [  0%] Built target rosgraph_msgs_generate_messages_py
[0.251s] [  0%] Built target roscpp_generate_messages_py
[0.251s] [  0%] Built target gazebo_ros_gencfg
[0.251s] [  0%] Built target geometry_msgs_generate_messages_py
[0.251s] [  0%] Built target actionlib_msgs_generate_messages_eus
[0.251s] [  0%] Built target trajectory_msgs_generate_messages_eus
[0.262s] [  0%] Built target roscpp_generate_messages_eus
[0.273s] [  0%] Built target gazebo_msgs_generate_messages_lisp
[0.273s] [  0%] Built target sensor_msgs_generate_messages_py
[0.273s] [  0%] Built target geometry_msgs_generate_messages_cpp
[0.273s] [  0%] Built target tf2_msgs_generate_messages_eus
[0.273s] [  0%] Built target roscpp_generate_messages_cpp
[0.273s] [  0%] Built target tf2_msgs_generate_messages_py
[0.278s] [  0%] Built target dynamic_reconfigure_generate_messages_nodejs
[0.279s] [  0%] Built target geometry_msgs_generate_messages_lisp
[0.280s] [  0%] Built target std_srvs_generate_messages_py
[0.281s] [  0%] Built target roscpp_generate_messages_nodejs
[0.281s] [  0%] Built target tf_generate_messages_cpp
[0.281s] [  0%] Built target rosgraph_msgs_generate_messages_eus
[0.292s] [  0%] Built target tf_generate_messages_nodejs
[0.293s] [  0%] Built target tf_generate_messages_lisp
[0.296s] [  0%] Built target dynamic_reconfigure_generate_messages_cpp
[0.302s] [  0%] Built target sensor_msgs_generate_messages_cpp
[0.303s] [  0%] Built target sensor_msgs_generate_messages_nodejs
[0.305s] [  0%] Built target rosgraph_msgs_generate_messages_cpp
[0.305s] [  0%] Built target actionlib_msgs_generate_messages_cpp
[0.305s] [  0%] Built target trajectory_msgs_generate_messages_py
[0.306s] [  0%] Built target sensor_msgs_generate_messages_eus
[0.307s] [  0%] Built target actionlib_generate_messages_nodejs
[0.309s] [  0%] Built target sensor_msgs_generate_messages_lisp
[0.309s] [  0%] Built target actionlib_generate_messages_eus
[0.313s] [  0%] Built target actionlib_msgs_generate_messages_nodejs
[0.314s] [  0%] Built target std_msgs_generate_messages_eus
[0.314s] [  0%] Built target actionlib_generate_messages_py
[0.315s] [  0%] Built target tf_generate_messages_py
[0.319s] [  0%] Built target actionlib_msgs_generate_messages_lisp
[0.320s] [  0%] Built target tf2_msgs_generate_messages_lisp
[0.321s] [  0%] Built target gazebo_msgs_generate_messages_eus
[0.321s] [  0%] Built target tf2_msgs_generate_messages_nodejs
[0.326s] [  0%] Built target geometry_msgs_generate_messages_nodejs
[0.355s] [100%] Built target realsense_gazebo_plugin
[0.437s] Invoked command in '/home/msi/caato2_ws/build/realsense_gazebo_plugin' returned '0': /usr/bin/cmake --build /home/msi/caato2_ws/build/realsense_gazebo_plugin -- -j20 -l20
[0.577s] Invoking command in '/home/msi/caato2_ws/build/realsense_gazebo_plugin': /usr/bin/cmake --build /home/msi/caato2_ws/build/realsense_gazebo_plugin --target tests -- -j20 -l20
[0.662s] Built target tests
[0.721s] Invoked command in '/home/msi/caato2_ws/build/realsense_gazebo_plugin' returned '0': /usr/bin/cmake --build /home/msi/caato2_ws/build/realsense_gazebo_plugin --target tests -- -j20 -l20
[0.831s] Invoking command in '/home/msi/caato2_ws/build/realsense_gazebo_plugin': /usr/bin/cmake --install /home/msi/caato2_ws/build/realsense_gazebo_plugin
[0.848s] -- Install configuration: ""
[0.848s] -- Up-to-date: /home/msi/caato2_ws/install/realsense_gazebo_plugin/lib/pkgconfig/realsense_gazebo_plugin.pc
[0.848s] -- Up-to-date: /home/msi/caato2_ws/install/realsense_gazebo_plugin/share/realsense_gazebo_plugin/cmake/realsense_gazebo_pluginConfig.cmake
[0.848s] -- Up-to-date: /home/msi/caato2_ws/install/realsense_gazebo_plugin/share/realsense_gazebo_plugin/cmake/realsense_gazebo_pluginConfig-version.cmake
[0.849s] -- Up-to-date: /home/msi/caato2_ws/install/realsense_gazebo_plugin/share/realsense_gazebo_plugin/package.xml
[0.849s] -- Up-to-date: /home/msi/caato2_ws/install/realsense_gazebo_plugin/lib/librealsense_gazebo_plugin.so
[0.849s] -- Up-to-date: /home/msi/caato2_ws/install/realsense_gazebo_plugin/share/realsense_gazebo_plugin/include
[0.850s] -- Up-to-date: /home/msi/caato2_ws/install/realsense_gazebo_plugin/share/realsense_gazebo_plugin/include/realsense_gazebo_plugin
[0.850s] -- Up-to-date: /home/msi/caato2_ws/install/realsense_gazebo_plugin/share/realsense_gazebo_plugin/include/realsense_gazebo_plugin/gazebo_ros_realsense.h
[0.852s] -- Up-to-date: /home/msi/caato2_ws/install/realsense_gazebo_plugin/share/realsense_gazebo_plugin/include/realsense_gazebo_plugin/RealSensePlugin.h
[0.899s] Invoked command in '/home/msi/caato2_ws/build/realsense_gazebo_plugin' returned '0': /usr/bin/cmake --install /home/msi/caato2_ws/build/realsense_gazebo_plugin
