-- The C compiler identification is GNU 8.4.0
-- The CXX compiler identification is GNU 8.4.0
-- Check for working C compiler: /usr/bin/cc
-- Check for working C compiler: /usr/bin/cc -- works
-- Detecting C compiler ABI info
-- Detecting C compiler ABI info - done
-- Detecting C compile features
-- Detecting C compile features - done
-- Check for working CXX compiler: /usr/bin/c++
-- Check for working CXX compiler: /usr/bin/c++ -- works
-- Detecting CXX compiler ABI info
-- Detecting CXX compiler ABI info - done
-- Detecting CXX compile features
-- Detecting CXX compile features - done
-- Using CATKIN_DEVEL_PREFIX: /home/msi/caato2_ws/build/rosserial_python/devel
-- Using CMAKE_PREFIX_PATH: /home/msi/caato2_ws/install/rosserial_msgs;/opt/ros/noetic
-- This workspace overlays: /home/msi/caato2_ws/install/rosserial_msgs;/opt/ros/noetic
-- Found PythonInterp: /usr/bin/python3 (found suitable version "3.8.10", minimum required is "3") 
-- Using PYTHON_EXECUTABLE: /usr/bin/python3
-- Using Debian Python package layout
-- Found PY_em: /usr/lib/python3/dist-packages/em.py  
-- Using empy: /usr/lib/python3/dist-packages/em.py
-- Using CATKIN_ENABLE_TESTING: ON
-- Call enable_testing()
-- Using CATKIN_TEST_RESULTS_DIR: /home/msi/caato2_ws/build/rosserial_python/test_results
-- Forcing gtest/gmock from source, though one was otherwise available.
-- Found gtest sources under '/usr/src/googletest': gtests will be built
-- Found gmock sources under '/usr/src/googletest': gmock will be built
-- Found PythonInterp: /usr/bin/python3 (found version "3.8.10") 
-- Found Threads: TRUE  
-- Using Python nosetests: /usr/bin/nosetests3
-- catkin 0.8.10
-- BUILD_SHARED_LIBS is on
-- Installing devel-space wrapper /home/msi/caato2_ws/src/thirdparty/rosserial/rosserial_python/nodes/message_info_service.py to /home/msi/caato2_ws/build/rosserial_python/devel/lib/rosserial_python
-- Installing devel-space wrapper /home/msi/caato2_ws/src/thirdparty/rosserial/rosserial_python/nodes/serial_node.py to /home/msi/caato2_ws/build/rosserial_python/devel/lib/rosserial_python
-- Configuring done
-- Generating done
-- Build files have been written to: /home/msi/caato2_ws/build/rosserial_python
[35m[1mScanning dependencies of target tests[0m
Built target tests
-- Install configuration: ""
-- Installing: /home/msi/caato2_ws/install/rosserial_python/lib/pkgconfig/rosserial_python.pc
-- Installing: /home/msi/caato2_ws/install/rosserial_python/share/rosserial_python/cmake/rosserial_pythonConfig.cmake
-- Installing: /home/msi/caato2_ws/install/rosserial_python/share/rosserial_python/cmake/rosserial_pythonConfig-version.cmake
-- Installing: /home/msi/caato2_ws/install/rosserial_python/share/rosserial_python/package.xml
+ cd /home/msi/caato2_ws/src/thirdparty/rosserial/rosserial_python
+ mkdir -p /home/msi/caato2_ws/install/rosserial_python/lib/python3/dist-packages
+ /usr/bin/env PYTHONPATH=/home/msi/caato2_ws/install/rosserial_python/lib/python3/dist-packages:/home/msi/caato2_ws/build/rosserial_python/lib/python3/dist-packages:/home/msi/caato2_ws/install/rosserial_msgs/lib/python3/dist-packages:/opt/ros/noetic/lib/python3/dist-packages CATKIN_BINARY_DIR=/home/msi/caato2_ws/build/rosserial_python /usr/bin/python3 /home/msi/caato2_ws/src/thirdparty/rosserial/rosserial_python/setup.py build --build-base /home/msi/caato2_ws/build/rosserial_python install --root=/ --install-layout=deb --prefix=/home/msi/caato2_ws/install/rosserial_python --install-scripts=/home/msi/caato2_ws/install/rosserial_python/bin
running build
running build_py
creating /home/msi/caato2_ws/build/rosserial_python/lib
creating /home/msi/caato2_ws/build/rosserial_python/lib/rosserial_python
copying src/rosserial_python/SerialClient.py -> /home/msi/caato2_ws/build/rosserial_python/lib/rosserial_python
copying src/rosserial_python/__init__.py -> /home/msi/caato2_ws/build/rosserial_python/lib/rosserial_python
running install
running install_lib
creating /home/msi/caato2_ws/install/rosserial_python/lib/python3/dist-packages/rosserial_python
copying /home/msi/caato2_ws/build/rosserial_python/lib/rosserial_python/SerialClient.py -> /home/msi/caato2_ws/install/rosserial_python/lib/python3/dist-packages/rosserial_python
copying /home/msi/caato2_ws/build/rosserial_python/lib/rosserial_python/__init__.py -> /home/msi/caato2_ws/install/rosserial_python/lib/python3/dist-packages/rosserial_python
byte-compiling /home/msi/caato2_ws/install/rosserial_python/lib/python3/dist-packages/rosserial_python/SerialClient.py to SerialClient.cpython-38.pyc
byte-compiling /home/msi/caato2_ws/install/rosserial_python/lib/python3/dist-packages/rosserial_python/__init__.py to __init__.cpython-38.pyc
running install_egg_info
Writing /home/msi/caato2_ws/install/rosserial_python/lib/python3/dist-packages/rosserial_python-0.9.2.egg-info
-- Installing: /home/msi/caato2_ws/install/rosserial_python/lib/rosserial_python/message_info_service.py
-- Installing: /home/msi/caato2_ws/install/rosserial_python/lib/rosserial_python/serial_node.py
