[0.089s] Invoking command in '/home/msi/caato2_ws/build/atc_waypoints': CMAKE_PREFIX_PATH=/home/msi/caato2_ws/install/atc_utils:/home/msi/caato2_ws/install/atc_msgs:${CMAKE_PREFIX_PATH} LD_LIBRARY_PATH=/home/msi/caato2_ws/install/atc_utils/lib:${LD_LIBRARY_PATH} PKG_CONFIG_PATH=/home/msi/caato2_ws/install/atc_utils/lib/x86_64-linux-gnu/pkgconfig:/home/msi/caato2_ws/install/atc_utils/lib/pkgconfig:/home/msi/caato2_ws/install/atc_msgs/lib/x86_64-linux-gnu/pkgconfig:/home/msi/caato2_ws/install/atc_msgs/lib/pkgconfig:${PKG_CONFIG_PATH} PYTHONPATH=/home/msi/caato2_ws/install/atc_msgs/lib/python3/dist-packages:${PYTHONPATH} ROS_PACKAGE_PATH=/home/msi/caato2_ws/install/atc_utils/share:/home/msi/caato2_ws/install/atc_msgs/share:${ROS_PACKAGE_PATH} /usr/bin/cmake --build /home/msi/caato2_ws/build/atc_waypoints -- -j20 -l20
[0.135s] [  0%] Built target std_msgs_generate_messages_cpp
[0.169s] [  0%] Built target geometry_msgs_generate_messages_cpp
[0.169s] [ 12%] Built target atc_waypoints
[0.170s] [ 12%] Built target std_msgs_generate_messages_py
[0.171s] [ 12%] Built target geometry_msgs_generate_messages_py
[0.171s] [ 12%] Built target std_msgs_generate_messages_nodejs
[0.172s] [ 12%] Built target geometry_msgs_generate_messages_nodejs
[0.172s] [ 12%] Built target _atc_waypoints_generate_messages_check_deps_Wp_2_Group
[0.174s] [ 12%] Built target _atc_waypoints_generate_messages_check_deps_Run_Wp
[0.174s] [ 12%] Built target _atc_waypoints_generate_messages_check_deps_Load_Wp
[0.174s] [ 12%] Built target _atc_waypoints_generate_messages_check_deps_waypointArray
[0.174s] [ 12%] Built target _atc_waypoints_generate_messages_check_deps_waypoint_msg
[0.174s] [ 12%] Built target _atc_waypoints_generate_messages_check_deps_Delete_Wp
[0.179s] [ 12%] Built target _atc_waypoints_generate_messages_check_deps_waypoint_group
[0.180s] [ 12%] Built target _atc_waypoints_generate_messages_check_deps_Save_Wp
[0.190s] [ 12%] Built target geometry_msgs_generate_messages_eus
[0.193s] [ 12%] Built target geometry_msgs_generate_messages_lisp
[0.194s] [ 12%] Built target std_msgs_generate_messages_eus
[0.194s] [ 12%] Built target _atc_waypoints_generate_messages_check_deps_Stop_Wp
[0.194s] [ 12%] Built target std_msgs_generate_messages_lisp
[0.209s] [ 12%] Built target _atc_waypoints_generate_messages_check_deps_Groups_Wp
[0.222s] [ 43%] Built target atc_waypoints_generate_messages_nodejs
[0.222s] [ 43%] Built target atc_waypoints_generate_messages_cpp
[0.222s] [ 60%] Built target atc_waypoints_generate_messages_eus
[0.223s] [ 78%] Built target atc_waypoints_generate_messages_py
[0.226s] [ 93%] Built target atc_waypoints_generate_messages_lisp
[0.255s] [ 93%] Built target atc_waypoints_gencpp
[0.261s] [ 93%] Built target atc_waypoints_generate_messages
[0.292s] [ 96%] Built target waypoints_server
[0.294s] [100%] Built target debug_waypoints
[0.312s] Invoked command in '/home/msi/caato2_ws/build/atc_waypoints' returned '0': CMAKE_PREFIX_PATH=/home/msi/caato2_ws/install/atc_utils:/home/msi/caato2_ws/install/atc_msgs:${CMAKE_PREFIX_PATH} LD_LIBRARY_PATH=/home/msi/caato2_ws/install/atc_utils/lib:${LD_LIBRARY_PATH} PKG_CONFIG_PATH=/home/msi/caato2_ws/install/atc_utils/lib/x86_64-linux-gnu/pkgconfig:/home/msi/caato2_ws/install/atc_utils/lib/pkgconfig:/home/msi/caato2_ws/install/atc_msgs/lib/x86_64-linux-gnu/pkgconfig:/home/msi/caato2_ws/install/atc_msgs/lib/pkgconfig:${PKG_CONFIG_PATH} PYTHONPATH=/home/msi/caato2_ws/install/atc_msgs/lib/python3/dist-packages:${PYTHONPATH} ROS_PACKAGE_PATH=/home/msi/caato2_ws/install/atc_utils/share:/home/msi/caato2_ws/install/atc_msgs/share:${ROS_PACKAGE_PATH} /usr/bin/cmake --build /home/msi/caato2_ws/build/atc_waypoints -- -j20 -l20
[0.398s] Invoking command in '/home/msi/caato2_ws/build/atc_waypoints': CMAKE_PREFIX_PATH=/home/msi/caato2_ws/install/atc_utils:/home/msi/caato2_ws/install/atc_msgs:${CMAKE_PREFIX_PATH} LD_LIBRARY_PATH=/home/msi/caato2_ws/install/atc_utils/lib:${LD_LIBRARY_PATH} PKG_CONFIG_PATH=/home/msi/caato2_ws/install/atc_utils/lib/x86_64-linux-gnu/pkgconfig:/home/msi/caato2_ws/install/atc_utils/lib/pkgconfig:/home/msi/caato2_ws/install/atc_msgs/lib/x86_64-linux-gnu/pkgconfig:/home/msi/caato2_ws/install/atc_msgs/lib/pkgconfig:${PKG_CONFIG_PATH} PYTHONPATH=/home/msi/caato2_ws/install/atc_msgs/lib/python3/dist-packages:${PYTHONPATH} ROS_PACKAGE_PATH=/home/msi/caato2_ws/install/atc_utils/share:/home/msi/caato2_ws/install/atc_msgs/share:${ROS_PACKAGE_PATH} /usr/bin/cmake --build /home/msi/caato2_ws/build/atc_waypoints --target tests -- -j20 -l20
[0.438s] Built target tests
[0.511s] Invoked command in '/home/msi/caato2_ws/build/atc_waypoints' returned '0': CMAKE_PREFIX_PATH=/home/msi/caato2_ws/install/atc_utils:/home/msi/caato2_ws/install/atc_msgs:${CMAKE_PREFIX_PATH} LD_LIBRARY_PATH=/home/msi/caato2_ws/install/atc_utils/lib:${LD_LIBRARY_PATH} PKG_CONFIG_PATH=/home/msi/caato2_ws/install/atc_utils/lib/x86_64-linux-gnu/pkgconfig:/home/msi/caato2_ws/install/atc_utils/lib/pkgconfig:/home/msi/caato2_ws/install/atc_msgs/lib/x86_64-linux-gnu/pkgconfig:/home/msi/caato2_ws/install/atc_msgs/lib/pkgconfig:${PKG_CONFIG_PATH} PYTHONPATH=/home/msi/caato2_ws/install/atc_msgs/lib/python3/dist-packages:${PYTHONPATH} ROS_PACKAGE_PATH=/home/msi/caato2_ws/install/atc_utils/share:/home/msi/caato2_ws/install/atc_msgs/share:${ROS_PACKAGE_PATH} /usr/bin/cmake --build /home/msi/caato2_ws/build/atc_waypoints --target tests -- -j20 -l20
[0.615s] Invoking command in '/home/msi/caato2_ws/build/atc_waypoints': CMAKE_PREFIX_PATH=/home/msi/caato2_ws/install/atc_utils:/home/msi/caato2_ws/install/atc_msgs:${CMAKE_PREFIX_PATH} LD_LIBRARY_PATH=/home/msi/caato2_ws/install/atc_utils/lib:${LD_LIBRARY_PATH} PKG_CONFIG_PATH=/home/msi/caato2_ws/install/atc_utils/lib/x86_64-linux-gnu/pkgconfig:/home/msi/caato2_ws/install/atc_utils/lib/pkgconfig:/home/msi/caato2_ws/install/atc_msgs/lib/x86_64-linux-gnu/pkgconfig:/home/msi/caato2_ws/install/atc_msgs/lib/pkgconfig:${PKG_CONFIG_PATH} PYTHONPATH=/home/msi/caato2_ws/install/atc_msgs/lib/python3/dist-packages:${PYTHONPATH} ROS_PACKAGE_PATH=/home/msi/caato2_ws/install/atc_utils/share:/home/msi/caato2_ws/install/atc_msgs/share:${ROS_PACKAGE_PATH} /usr/bin/cmake --install /home/msi/caato2_ws/build/atc_waypoints
[0.637s] -- Install configuration: ""
[0.638s] -- Up-to-date: /home/msi/caato2_ws/install/atc_waypoints/share/atc_waypoints/msg/waypoint_msg.msg
[0.639s] -- Up-to-date: /home/msi/caato2_ws/install/atc_waypoints/share/atc_waypoints/msg/waypoint_group.msg
[0.639s] -- Up-to-date: /home/msi/caato2_ws/install/atc_waypoints/share/atc_waypoints/msg/waypointArray.msg
[0.639s] -- Up-to-date: /home/msi/caato2_ws/install/atc_waypoints/share/atc_waypoints/srv/Save_Wp.srv
[0.639s] -- Up-to-date: /home/msi/caato2_ws/install/atc_waypoints/share/atc_waypoints/srv/Load_Wp.srv
[0.639s] -- Up-to-date: /home/msi/caato2_ws/install/atc_waypoints/share/atc_waypoints/srv/Run_Wp.srv
[0.639s] -- Up-to-date: /home/msi/caato2_ws/install/atc_waypoints/share/atc_waypoints/srv/Stop_Wp.srv
[0.639s] -- Up-to-date: /home/msi/caato2_ws/install/atc_waypoints/share/atc_waypoints/srv/Delete_Wp.srv
[0.639s] -- Up-to-date: /home/msi/caato2_ws/install/atc_waypoints/share/atc_waypoints/srv/Groups_Wp.srv
[0.639s] -- Up-to-date: /home/msi/caato2_ws/install/atc_waypoints/share/atc_waypoints/srv/Wp_2_Group.srv
[0.640s] -- Up-to-date: /home/msi/caato2_ws/install/atc_waypoints/share/atc_waypoints/cmake/atc_waypoints-msg-paths.cmake
[0.640s] -- Up-to-date: /home/msi/caato2_ws/install/atc_waypoints/include/atc_waypoints
[0.640s] -- Up-to-date: /home/msi/caato2_ws/install/atc_waypoints/include/atc_waypoints/Save_Wp.h
[0.641s] -- Up-to-date: /home/msi/caato2_ws/install/atc_waypoints/include/atc_waypoints/Run_WpRequest.h
[0.642s] -- Up-to-date: /home/msi/caato2_ws/install/atc_waypoints/include/atc_waypoints/Save_WpResponse.h
[0.642s] -- Up-to-date: /home/msi/caato2_ws/install/atc_waypoints/include/atc_waypoints/Stop_Wp.h
[0.642s] -- Up-to-date: /home/msi/caato2_ws/install/atc_waypoints/include/atc_waypoints/Groups_Wp.h
[0.642s] -- Up-to-date: /home/msi/caato2_ws/install/atc_waypoints/include/atc_waypoints/Run_WpResponse.h
[0.643s] -- Up-to-date: /home/msi/caato2_ws/install/atc_waypoints/include/atc_waypoints/waypointArray.h
[0.643s] -- Up-to-date: /home/msi/caato2_ws/install/atc_waypoints/include/atc_waypoints/Load_WpRequest.h
[0.644s] -- Up-to-date: /home/msi/caato2_ws/install/atc_waypoints/include/atc_waypoints/Wp_2_GroupRequest.h
[0.644s] -- Up-to-date: /home/msi/caato2_ws/install/atc_waypoints/include/atc_waypoints/Stop_WpResponse.h
[0.644s] -- Up-to-date: /home/msi/caato2_ws/install/atc_waypoints/include/atc_waypoints/Save_WpRequest.h
[0.644s] -- Up-to-date: /home/msi/caato2_ws/install/atc_waypoints/include/atc_waypoints/Groups_WpRequest.h
[0.644s] -- Up-to-date: /home/msi/caato2_ws/install/atc_waypoints/include/atc_waypoints/Load_WpResponse.h
[0.644s] -- Up-to-date: /home/msi/caato2_ws/install/atc_waypoints/include/atc_waypoints/Wp_2_GroupResponse.h
[0.644s] -- Up-to-date: /home/msi/caato2_ws/install/atc_waypoints/include/atc_waypoints/Delete_WpRequest.h
[0.645s] -- Up-to-date: /home/msi/caato2_ws/install/atc_waypoints/include/atc_waypoints/Delete_Wp.h
[0.645s] -- Up-to-date: /home/msi/caato2_ws/install/atc_waypoints/include/atc_waypoints/Run_Wp.h
[0.645s] -- Up-to-date: /home/msi/caato2_ws/install/atc_waypoints/include/atc_waypoints/Delete_WpResponse.h
[0.646s] -- Up-to-date: /home/msi/caato2_ws/install/atc_waypoints/include/atc_waypoints/Load_Wp.h
[0.646s] -- Up-to-date: /home/msi/caato2_ws/install/atc_waypoints/include/atc_waypoints/Stop_WpRequest.h
[0.646s] -- Up-to-date: /home/msi/caato2_ws/install/atc_waypoints/include/atc_waypoints/waypoint_group.h
[0.647s] -- Up-to-date: /home/msi/caato2_ws/install/atc_waypoints/include/atc_waypoints/waypoint_msg.h
[0.647s] -- Up-to-date: /home/msi/caato2_ws/install/atc_waypoints/include/atc_waypoints/Wp_2_Group.h
[0.648s] -- Up-to-date: /home/msi/caato2_ws/install/atc_waypoints/include/atc_waypoints/Groups_WpResponse.h
[0.648s] -- Up-to-date: /home/msi/caato2_ws/install/atc_waypoints/share/roseus/ros/atc_waypoints
[0.648s] -- Up-to-date: /home/msi/caato2_ws/install/atc_waypoints/share/roseus/ros/atc_waypoints/msg
[0.648s] -- Up-to-date: /home/msi/caato2_ws/install/atc_waypoints/share/roseus/ros/atc_waypoints/msg/waypoint_msg.l
[0.648s] -- Up-to-date: /home/msi/caato2_ws/install/atc_waypoints/share/roseus/ros/atc_waypoints/msg/waypointArray.l
[0.648s] -- Up-to-date: /home/msi/caato2_ws/install/atc_waypoints/share/roseus/ros/atc_waypoints/msg/waypoint_group.l
[0.648s] -- Up-to-date: /home/msi/caato2_ws/install/atc_waypoints/share/roseus/ros/atc_waypoints/manifest.l
[0.648s] -- Up-to-date: /home/msi/caato2_ws/install/atc_waypoints/share/roseus/ros/atc_waypoints/srv
[0.648s] -- Up-to-date: /home/msi/caato2_ws/install/atc_waypoints/share/roseus/ros/atc_waypoints/srv/Groups_Wp.l
[0.648s] -- Up-to-date: /home/msi/caato2_ws/install/atc_waypoints/share/roseus/ros/atc_waypoints/srv/Wp_2_Group.l
[0.649s] -- Up-to-date: /home/msi/caato2_ws/install/atc_waypoints/share/roseus/ros/atc_waypoints/srv/Load_Wp.l
[0.649s] -- Up-to-date: /home/msi/caato2_ws/install/atc_waypoints/share/roseus/ros/atc_waypoints/srv/Run_Wp.l
[0.649s] -- Up-to-date: /home/msi/caato2_ws/install/atc_waypoints/share/roseus/ros/atc_waypoints/srv/Save_Wp.l
[0.649s] -- Up-to-date: /home/msi/caato2_ws/install/atc_waypoints/share/roseus/ros/atc_waypoints/srv/Delete_Wp.l
[0.649s] -- Up-to-date: /home/msi/caato2_ws/install/atc_waypoints/share/roseus/ros/atc_waypoints/srv/Stop_Wp.l
[0.649s] -- Up-to-date: /home/msi/caato2_ws/install/atc_waypoints/share/common-lisp/ros/atc_waypoints
[0.649s] -- Up-to-date: /home/msi/caato2_ws/install/atc_waypoints/share/common-lisp/ros/atc_waypoints/msg
[0.650s] -- Up-to-date: /home/msi/caato2_ws/install/atc_waypoints/share/common-lisp/ros/atc_waypoints/msg/_package.lisp
[0.650s] -- Up-to-date: /home/msi/caato2_ws/install/atc_waypoints/share/common-lisp/ros/atc_waypoints/msg/waypoint_msg.lisp
[0.651s] -- Up-to-date: /home/msi/caato2_ws/install/atc_waypoints/share/common-lisp/ros/atc_waypoints/msg/waypoint_group.lisp
[0.651s] -- Up-to-date: /home/msi/caato2_ws/install/atc_waypoints/share/common-lisp/ros/atc_waypoints/msg/waypointArray.lisp
[0.652s] -- Up-to-date: /home/msi/caato2_ws/install/atc_waypoints/share/common-lisp/ros/atc_waypoints/msg/atc_waypoints-msg.asd
[0.652s] -- Up-to-date: /home/msi/caato2_ws/install/atc_waypoints/share/common-lisp/ros/atc_waypoints/msg/_package_waypointArray.lisp
[0.653s] -- Up-to-date: /home/msi/caato2_ws/install/atc_waypoints/share/common-lisp/ros/atc_waypoints/msg/_package_waypoint_msg.lisp
[0.654s] -- Up-to-date: /home/msi/caato2_ws/install/atc_waypoints/share/common-lisp/ros/atc_waypoints/msg/_package_waypoint_group.lisp
[0.654s] -- Up-to-date: /home/msi/caato2_ws/install/atc_waypoints/share/common-lisp/ros/atc_waypoints/srv
[0.655s] -- Up-to-date: /home/msi/caato2_ws/install/atc_waypoints/share/common-lisp/ros/atc_waypoints/srv/_package_Run_Wp.lisp
[0.657s] -- Up-to-date: /home/msi/caato2_ws/install/atc_waypoints/share/common-lisp/ros/atc_waypoints/srv/_package.lisp
[0.657s] -- Up-to-date: /home/msi/caato2_ws/install/atc_waypoints/share/common-lisp/ros/atc_waypoints/srv/Delete_Wp.lisp
[0.657s] -- Up-to-date: /home/msi/caato2_ws/install/atc_waypoints/share/common-lisp/ros/atc_waypoints/srv/_package_Wp_2_Group.lisp
[0.657s] -- Up-to-date: /home/msi/caato2_ws/install/atc_waypoints/share/common-lisp/ros/atc_waypoints/srv/_package_Groups_Wp.lisp
[0.657s] -- Up-to-date: /home/msi/caato2_ws/install/atc_waypoints/share/common-lisp/ros/atc_waypoints/srv/_package_Stop_Wp.lisp
[0.657s] -- Up-to-date: /home/msi/caato2_ws/install/atc_waypoints/share/common-lisp/ros/atc_waypoints/srv/_package_Save_Wp.lisp
[0.657s] -- Up-to-date: /home/msi/caato2_ws/install/atc_waypoints/share/common-lisp/ros/atc_waypoints/srv/_package_Delete_Wp.lisp
[0.657s] -- Up-to-date: /home/msi/caato2_ws/install/atc_waypoints/share/common-lisp/ros/atc_waypoints/srv/Stop_Wp.lisp
[0.657s] -- Up-to-date: /home/msi/caato2_ws/install/atc_waypoints/share/common-lisp/ros/atc_waypoints/srv/Wp_2_Group.lisp
[0.657s] -- Up-to-date: /home/msi/caato2_ws/install/atc_waypoints/share/common-lisp/ros/atc_waypoints/srv/_package_Load_Wp.lisp
[0.657s] -- Up-to-date: /home/msi/caato2_ws/install/atc_waypoints/share/common-lisp/ros/atc_waypoints/srv/Groups_Wp.lisp
[0.657s] -- Up-to-date: /home/msi/caato2_ws/install/atc_waypoints/share/common-lisp/ros/atc_waypoints/srv/atc_waypoints-srv.asd
[0.657s] -- Up-to-date: /home/msi/caato2_ws/install/atc_waypoints/share/common-lisp/ros/atc_waypoints/srv/Save_Wp.lisp
[0.658s] -- Up-to-date: /home/msi/caato2_ws/install/atc_waypoints/share/common-lisp/ros/atc_waypoints/srv/Load_Wp.lisp
[0.658s] -- Up-to-date: /home/msi/caato2_ws/install/atc_waypoints/share/common-lisp/ros/atc_waypoints/srv/Run_Wp.lisp
[0.658s] -- Up-to-date: /home/msi/caato2_ws/install/atc_waypoints/share/gennodejs/ros/atc_waypoints
[0.658s] -- Up-to-date: /home/msi/caato2_ws/install/atc_waypoints/share/gennodejs/ros/atc_waypoints/_index.js
[0.659s] -- Up-to-date: /home/msi/caato2_ws/install/atc_waypoints/share/gennodejs/ros/atc_waypoints/msg
[0.659s] -- Up-to-date: /home/msi/caato2_ws/install/atc_waypoints/share/gennodejs/ros/atc_waypoints/msg/_index.js
[0.659s] -- Up-to-date: /home/msi/caato2_ws/install/atc_waypoints/share/gennodejs/ros/atc_waypoints/msg/waypoint_group.js
[0.659s] -- Up-to-date: /home/msi/caato2_ws/install/atc_waypoints/share/gennodejs/ros/atc_waypoints/msg/waypointArray.js
[0.661s] -- Up-to-date: /home/msi/caato2_ws/install/atc_waypoints/share/gennodejs/ros/atc_waypoints/msg/waypoint_msg.js
[0.661s] -- Up-to-date: /home/msi/caato2_ws/install/atc_waypoints/share/gennodejs/ros/atc_waypoints/srv
[0.661s] -- Up-to-date: /home/msi/caato2_ws/install/atc_waypoints/share/gennodejs/ros/atc_waypoints/srv/_index.js
[0.661s] -- Up-to-date: /home/msi/caato2_ws/install/atc_waypoints/share/gennodejs/ros/atc_waypoints/srv/Save_Wp.js
[0.662s] -- Up-to-date: /home/msi/caato2_ws/install/atc_waypoints/share/gennodejs/ros/atc_waypoints/srv/Run_Wp.js
[0.662s] -- Up-to-date: /home/msi/caato2_ws/install/atc_waypoints/share/gennodejs/ros/atc_waypoints/srv/Stop_Wp.js
[0.663s] -- Up-to-date: /home/msi/caato2_ws/install/atc_waypoints/share/gennodejs/ros/atc_waypoints/srv/Delete_Wp.js
[0.663s] -- Up-to-date: /home/msi/caato2_ws/install/atc_waypoints/share/gennodejs/ros/atc_waypoints/srv/Load_Wp.js
[0.664s] -- Up-to-date: /home/msi/caato2_ws/install/atc_waypoints/share/gennodejs/ros/atc_waypoints/srv/Wp_2_Group.js
[0.664s] -- Up-to-date: /home/msi/caato2_ws/install/atc_waypoints/share/gennodejs/ros/atc_waypoints/srv/Groups_Wp.js
[0.671s] Listing '/home/msi/caato2_ws/build/atc_waypoints/devel/lib/python3/dist-packages/atc_waypoints'...
[0.671s] Listing '/home/msi/caato2_ws/build/atc_waypoints/devel/lib/python3/dist-packages/atc_waypoints/msg'...
[0.671s] Listing '/home/msi/caato2_ws/build/atc_waypoints/devel/lib/python3/dist-packages/atc_waypoints/srv'...
[0.671s] -- Up-to-date: /home/msi/caato2_ws/install/atc_waypoints/lib/python3/dist-packages/atc_waypoints
[0.671s] -- Up-to-date: /home/msi/caato2_ws/install/atc_waypoints/lib/python3/dist-packages/atc_waypoints/msg
[0.672s] -- Up-to-date: /home/msi/caato2_ws/install/atc_waypoints/lib/python3/dist-packages/atc_waypoints/msg/_waypoint_group.py
[0.673s] -- Up-to-date: /home/msi/caato2_ws/install/atc_waypoints/lib/python3/dist-packages/atc_waypoints/msg/_waypointArray.py
[0.673s] -- Up-to-date: /home/msi/caato2_ws/install/atc_waypoints/lib/python3/dist-packages/atc_waypoints/msg/_waypoint_msg.py
[0.673s] -- Up-to-date: /home/msi/caato2_ws/install/atc_waypoints/lib/python3/dist-packages/atc_waypoints/msg/__init__.py
[0.673s] -- Up-to-date: /home/msi/caato2_ws/install/atc_waypoints/lib/python3/dist-packages/atc_waypoints/msg/__pycache__
[0.674s] -- Up-to-date: /home/msi/caato2_ws/install/atc_waypoints/lib/python3/dist-packages/atc_waypoints/msg/__pycache__/_waypoint_msg.cpython-38.pyc
[0.674s] -- Up-to-date: /home/msi/caato2_ws/install/atc_waypoints/lib/python3/dist-packages/atc_waypoints/msg/__pycache__/_waypoint_group.cpython-38.pyc
[0.675s] -- Up-to-date: /home/msi/caato2_ws/install/atc_waypoints/lib/python3/dist-packages/atc_waypoints/msg/__pycache__/__init__.cpython-38.pyc
[0.677s] -- Up-to-date: /home/msi/caato2_ws/install/atc_waypoints/lib/python3/dist-packages/atc_waypoints/msg/__pycache__/_waypointArray.cpython-38.pyc
[0.678s] -- Up-to-date: /home/msi/caato2_ws/install/atc_waypoints/lib/python3/dist-packages/atc_waypoints/srv
[0.678s] -- Up-to-date: /home/msi/caato2_ws/install/atc_waypoints/lib/python3/dist-packages/atc_waypoints/srv/_Stop_Wp.py
[0.680s] -- Up-to-date: /home/msi/caato2_ws/install/atc_waypoints/lib/python3/dist-packages/atc_waypoints/srv/_Wp_2_Group.py
[0.680s] -- Up-to-date: /home/msi/caato2_ws/install/atc_waypoints/lib/python3/dist-packages/atc_waypoints/srv/_Save_Wp.py
[0.680s] -- Up-to-date: /home/msi/caato2_ws/install/atc_waypoints/lib/python3/dist-packages/atc_waypoints/srv/_Delete_Wp.py
[0.680s] -- Up-to-date: /home/msi/caato2_ws/install/atc_waypoints/lib/python3/dist-packages/atc_waypoints/srv/_Run_Wp.py
[0.680s] -- Up-to-date: /home/msi/caato2_ws/install/atc_waypoints/lib/python3/dist-packages/atc_waypoints/srv/__init__.py
[0.680s] -- Up-to-date: /home/msi/caato2_ws/install/atc_waypoints/lib/python3/dist-packages/atc_waypoints/srv/_Load_Wp.py
[0.680s] -- Up-to-date: /home/msi/caato2_ws/install/atc_waypoints/lib/python3/dist-packages/atc_waypoints/srv/_Groups_Wp.py
[0.680s] -- Up-to-date: /home/msi/caato2_ws/install/atc_waypoints/lib/python3/dist-packages/atc_waypoints/srv/__pycache__
[0.680s] -- Up-to-date: /home/msi/caato2_ws/install/atc_waypoints/lib/python3/dist-packages/atc_waypoints/srv/__pycache__/_Stop_Wp.cpython-38.pyc
[0.680s] -- Up-to-date: /home/msi/caato2_ws/install/atc_waypoints/lib/python3/dist-packages/atc_waypoints/srv/__pycache__/_Load_Wp.cpython-38.pyc
[0.681s] -- Up-to-date: /home/msi/caato2_ws/install/atc_waypoints/lib/python3/dist-packages/atc_waypoints/srv/__pycache__/_Groups_Wp.cpython-38.pyc
[0.681s] -- Up-to-date: /home/msi/caato2_ws/install/atc_waypoints/lib/python3/dist-packages/atc_waypoints/srv/__pycache__/_Wp_2_Group.cpython-38.pyc
[0.681s] -- Up-to-date: /home/msi/caato2_ws/install/atc_waypoints/lib/python3/dist-packages/atc_waypoints/srv/__pycache__/__init__.cpython-38.pyc
[0.681s] -- Up-to-date: /home/msi/caato2_ws/install/atc_waypoints/lib/python3/dist-packages/atc_waypoints/srv/__pycache__/_Delete_Wp.cpython-38.pyc
[0.681s] -- Up-to-date: /home/msi/caato2_ws/install/atc_waypoints/lib/python3/dist-packages/atc_waypoints/srv/__pycache__/_Save_Wp.cpython-38.pyc
[0.681s] -- Up-to-date: /home/msi/caato2_ws/install/atc_waypoints/lib/python3/dist-packages/atc_waypoints/srv/__pycache__/_Run_Wp.cpython-38.pyc
[0.681s] -- Up-to-date: /home/msi/caato2_ws/install/atc_waypoints/lib/python3/dist-packages/atc_waypoints/__init__.py
[0.681s] -- Up-to-date: /home/msi/caato2_ws/install/atc_waypoints/lib/python3/dist-packages/atc_waypoints/__pycache__
[0.681s] -- Up-to-date: /home/msi/caato2_ws/install/atc_waypoints/lib/python3/dist-packages/atc_waypoints/__pycache__/__init__.cpython-38.pyc
[0.681s] -- Up-to-date: /home/msi/caato2_ws/install/atc_waypoints/lib/pkgconfig/atc_waypoints.pc
[0.681s] -- Up-to-date: /home/msi/caato2_ws/install/atc_waypoints/share/atc_waypoints/cmake/atc_waypoints-msg-extras.cmake
[0.681s] -- Up-to-date: /home/msi/caato2_ws/install/atc_waypoints/share/atc_waypoints/cmake/atc_waypointsConfig.cmake
[0.681s] -- Up-to-date: /home/msi/caato2_ws/install/atc_waypoints/share/atc_waypoints/cmake/atc_waypointsConfig-version.cmake
[0.681s] -- Up-to-date: /home/msi/caato2_ws/install/atc_waypoints/share/atc_waypoints/package.xml
[0.681s] -- Up-to-date: /home/msi/caato2_ws/install/atc_waypoints/lib/libatc_waypoints.so
[0.682s] -- Up-to-date: /home/msi/caato2_ws/install/atc_waypoints/share/atc_waypoints/waypoints_server
[0.682s] -- Up-to-date: /home/msi/caato2_ws/install/atc_waypoints/share/atc_waypoints/debug_waypoints
[0.682s] -- Up-to-date: /home/msi/caato2_ws/install/atc_waypoints/share/atc_waypoints/launch
[0.684s] -- Up-to-date: /home/msi/caato2_ws/install/atc_waypoints/share/atc_waypoints/launch/wpt_controller.launch
[0.684s] -- Up-to-date: /home/msi/caato2_ws/install/atc_waypoints/share/atc_waypoints/files
[0.684s] -- Up-to-date: /home/msi/caato2_ws/install/atc_waypoints/share/atc_waypoints/files/mbc_set1_wp.txt
[0.684s] -- Up-to-date: /home/msi/caato2_ws/install/atc_waypoints/share/atc_waypoints/files/Readme.txt
[0.684s] -- Up-to-date: /home/msi/caato2_ws/install/atc_waypoints/share/atc_waypoints/files/mbc_set1_gr.txt
[0.685s] -- Up-to-date: /home/msi/caato2_ws/install/atc_waypoints/share/atc_waypoints/plugin_description.xml
[0.730s] Invoked command in '/home/msi/caato2_ws/build/atc_waypoints' returned '0': CMAKE_PREFIX_PATH=/home/msi/caato2_ws/install/atc_utils:/home/msi/caato2_ws/install/atc_msgs:${CMAKE_PREFIX_PATH} LD_LIBRARY_PATH=/home/msi/caato2_ws/install/atc_utils/lib:${LD_LIBRARY_PATH} PKG_CONFIG_PATH=/home/msi/caato2_ws/install/atc_utils/lib/x86_64-linux-gnu/pkgconfig:/home/msi/caato2_ws/install/atc_utils/lib/pkgconfig:/home/msi/caato2_ws/install/atc_msgs/lib/x86_64-linux-gnu/pkgconfig:/home/msi/caato2_ws/install/atc_msgs/lib/pkgconfig:${PKG_CONFIG_PATH} PYTHONPATH=/home/msi/caato2_ws/install/atc_msgs/lib/python3/dist-packages:${PYTHONPATH} ROS_PACKAGE_PATH=/home/msi/caato2_ws/install/atc_utils/share:/home/msi/caato2_ws/install/atc_msgs/share:${ROS_PACKAGE_PATH} /usr/bin/cmake --install /home/msi/caato2_ws/build/atc_waypoints
