[0.144s] Invoking command in '/home/msi/caato2_ws/build/trolley_arm': /usr/bin/cmake --build /home/msi/caato2_ws/build/trolley_arm -- -j20 -l20
[0.226s] [  0%] Built target std_msgs_generate_messages_cpp
[0.226s] [  0%] Built target std_msgs_generate_messages_py
[0.226s] [  0%] Built target std_msgs_generate_messages_nodejs
[0.226s] [  0%] Built target std_msgs_generate_messages_eus
[0.226s] [  0%] Built target std_msgs_generate_messages_lisp
[0.226s] [  0%] Built target _trolley_arm_generate_messages_check_deps_arm
[0.226s] [  9%] Built target trolley_arm_generate_messages_cpp
[0.226s] [ 27%] Built target trolley_arm_generate_messages_py
[0.226s] [ 45%] Built target trolley_arm_generate_messages_eus
[0.226s] [ 54%] Built target trolley_arm_generate_messages_lisp
[0.227s] [ 63%] Built target trolley_arm_generate_messages_nodejs
[0.232s] [ 63%] Built target trolley_arm_gencpp
[0.255s] [ 63%] Built target trolley_arm_generate_messages
[0.269s] [ 81%] Built target arm_client
[0.271s] [100%] Built target arm_server
[0.389s] Invoked command in '/home/msi/caato2_ws/build/trolley_arm' returned '0': /usr/bin/cmake --build /home/msi/caato2_ws/build/trolley_arm -- -j20 -l20
[0.485s] Invoking command in '/home/msi/caato2_ws/build/trolley_arm': /usr/bin/cmake --build /home/msi/caato2_ws/build/trolley_arm --target tests -- -j20 -l20
[0.526s] Built target tests
[0.558s] Invoked command in '/home/msi/caato2_ws/build/trolley_arm' returned '0': /usr/bin/cmake --build /home/msi/caato2_ws/build/trolley_arm --target tests -- -j20 -l20
[0.638s] Invoking command in '/home/msi/caato2_ws/build/trolley_arm': /usr/bin/cmake --install /home/msi/caato2_ws/build/trolley_arm
[0.642s] -- Install configuration: ""
[0.642s] -- Up-to-date: /home/msi/caato2_ws/install/trolley_arm/share/trolley_arm/srv/arm.srv
[0.643s] -- Up-to-date: /home/msi/caato2_ws/install/trolley_arm/share/trolley_arm/cmake/trolley_arm-msg-paths.cmake
[0.643s] -- Up-to-date: /home/msi/caato2_ws/install/trolley_arm/include/trolley_arm
[0.643s] -- Up-to-date: /home/msi/caato2_ws/install/trolley_arm/include/trolley_arm/armRequest.h
[0.643s] -- Up-to-date: /home/msi/caato2_ws/install/trolley_arm/include/trolley_arm/armResponse.h
[0.643s] -- Up-to-date: /home/msi/caato2_ws/install/trolley_arm/include/trolley_arm/arm.h
[0.643s] -- Up-to-date: /home/msi/caato2_ws/install/trolley_arm/share/roseus/ros/trolley_arm
[0.644s] -- Up-to-date: /home/msi/caato2_ws/install/trolley_arm/share/roseus/ros/trolley_arm/manifest.l
[0.644s] -- Up-to-date: /home/msi/caato2_ws/install/trolley_arm/share/roseus/ros/trolley_arm/srv
[0.645s] -- Up-to-date: /home/msi/caato2_ws/install/trolley_arm/share/roseus/ros/trolley_arm/srv/arm.l
[0.645s] -- Up-to-date: /home/msi/caato2_ws/install/trolley_arm/share/common-lisp/ros/trolley_arm
[0.645s] -- Up-to-date: /home/msi/caato2_ws/install/trolley_arm/share/common-lisp/ros/trolley_arm/srv
[0.646s] -- Up-to-date: /home/msi/caato2_ws/install/trolley_arm/share/common-lisp/ros/trolley_arm/srv/_package.lisp
[0.646s] -- Up-to-date: /home/msi/caato2_ws/install/trolley_arm/share/common-lisp/ros/trolley_arm/srv/arm.lisp
[0.646s] -- Up-to-date: /home/msi/caato2_ws/install/trolley_arm/share/common-lisp/ros/trolley_arm/srv/_package_arm.lisp
[0.646s] -- Up-to-date: /home/msi/caato2_ws/install/trolley_arm/share/common-lisp/ros/trolley_arm/srv/trolley_arm-srv.asd
[0.646s] -- Up-to-date: /home/msi/caato2_ws/install/trolley_arm/share/gennodejs/ros/trolley_arm
[0.646s] -- Up-to-date: /home/msi/caato2_ws/install/trolley_arm/share/gennodejs/ros/trolley_arm/_index.js
[0.646s] -- Up-to-date: /home/msi/caato2_ws/install/trolley_arm/share/gennodejs/ros/trolley_arm/srv
[0.647s] -- Up-to-date: /home/msi/caato2_ws/install/trolley_arm/share/gennodejs/ros/trolley_arm/srv/_index.js
[0.647s] -- Up-to-date: /home/msi/caato2_ws/install/trolley_arm/share/gennodejs/ros/trolley_arm/srv/arm.js
[0.654s] Listing '/home/msi/caato2_ws/build/trolley_arm/devel/lib/python3/dist-packages/trolley_arm'...
[0.654s] Listing '/home/msi/caato2_ws/build/trolley_arm/devel/lib/python3/dist-packages/trolley_arm/srv'...
[0.654s] -- Up-to-date: /home/msi/caato2_ws/install/trolley_arm/lib/python3/dist-packages/trolley_arm
[0.654s] -- Up-to-date: /home/msi/caato2_ws/install/trolley_arm/lib/python3/dist-packages/trolley_arm/srv
[0.654s] -- Up-to-date: /home/msi/caato2_ws/install/trolley_arm/lib/python3/dist-packages/trolley_arm/srv/_arm.py
[0.655s] -- Up-to-date: /home/msi/caato2_ws/install/trolley_arm/lib/python3/dist-packages/trolley_arm/srv/__init__.py
[0.655s] -- Up-to-date: /home/msi/caato2_ws/install/trolley_arm/lib/python3/dist-packages/trolley_arm/srv/__pycache__
[0.655s] -- Up-to-date: /home/msi/caato2_ws/install/trolley_arm/lib/python3/dist-packages/trolley_arm/srv/__pycache__/_arm.cpython-38.pyc
[0.655s] -- Up-to-date: /home/msi/caato2_ws/install/trolley_arm/lib/python3/dist-packages/trolley_arm/srv/__pycache__/__init__.cpython-38.pyc
[0.655s] -- Up-to-date: /home/msi/caato2_ws/install/trolley_arm/lib/python3/dist-packages/trolley_arm/__init__.py
[0.655s] -- Up-to-date: /home/msi/caato2_ws/install/trolley_arm/lib/python3/dist-packages/trolley_arm/__pycache__
[0.655s] -- Up-to-date: /home/msi/caato2_ws/install/trolley_arm/lib/python3/dist-packages/trolley_arm/__pycache__/__init__.cpython-38.pyc
[0.655s] -- Up-to-date: /home/msi/caato2_ws/install/trolley_arm/lib/pkgconfig/trolley_arm.pc
[0.655s] -- Up-to-date: /home/msi/caato2_ws/install/trolley_arm/share/trolley_arm/cmake/trolley_arm-msg-extras.cmake
[0.655s] -- Up-to-date: /home/msi/caato2_ws/install/trolley_arm/share/trolley_arm/cmake/trolley_armConfig.cmake
[0.655s] -- Up-to-date: /home/msi/caato2_ws/install/trolley_arm/share/trolley_arm/cmake/trolley_armConfig-version.cmake
[0.656s] -- Up-to-date: /home/msi/caato2_ws/install/trolley_arm/share/trolley_arm/package.xml
[0.656s] -- Up-to-date: /home/msi/caato2_ws/install/trolley_arm/share/trolley_arm/launch
[0.656s] -- Up-to-date: /home/msi/caato2_ws/install/trolley_arm/share/trolley_arm/launch/arm.launch
[0.656s] -- Up-to-date: /home/msi/caato2_ws/install/trolley_arm/share/trolley_arm/src
[0.656s] -- Up-to-date: /home/msi/caato2_ws/install/trolley_arm/share/trolley_arm/src/arm_server.cpp
[0.656s] -- Up-to-date: /home/msi/caato2_ws/install/trolley_arm/share/trolley_arm/src/arm_client.cpp
[0.657s] -- Up-to-date: /home/msi/caato2_ws/install/trolley_arm/lib/trolley_arm/arm_server
[0.657s] -- Up-to-date: /home/msi/caato2_ws/install/trolley_arm/lib/trolley_arm/arm_client
[0.677s] Invoked command in '/home/msi/caato2_ws/build/trolley_arm' returned '0': /usr/bin/cmake --install /home/msi/caato2_ws/build/trolley_arm
