[0.337s] Invoking command in '/home/msi/caato2_ws/build/rosserial_windows': CMAKE_PREFIX_PATH=/home/msi/caato2_ws/install/rosserial_client:/home/msi/caato2_ws/install/rosserial_msgs:${CMAKE_PREFIX_PATH} PKG_CONFIG_PATH=/home/msi/caato2_ws/install/rosserial_client/lib/x86_64-linux-gnu/pkgconfig:/home/msi/caato2_ws/install/rosserial_client/lib/pkgconfig:/home/msi/caato2_ws/install/rosserial_msgs/lib/x86_64-linux-gnu/pkgconfig:/home/msi/caato2_ws/install/rosserial_msgs/lib/pkgconfig:${PKG_CONFIG_PATH} PYTHONPATH=/home/msi/caato2_ws/install/rosserial_client/lib/python3/dist-packages:/home/msi/caato2_ws/install/rosserial_msgs/lib/python3/dist-packages:${PYTHONPATH} ROS_PACKAGE_PATH=/home/msi/caato2_ws/install/rosserial_client/share:/home/msi/caato2_ws/install/rosserial_msgs/share:${ROS_PACKAGE_PATH} /usr/bin/cmake /home/msi/caato2_ws/src/thirdparty/rosserial/rosserial_windows -DCATKIN_INSTALL_INTO_PREFIX_ROOT=0 -DCMAKE_INSTALL_PREFIX=/home/msi/caato2_ws/install/rosserial_windows
[4.106s] -- The C compiler identification is GNU 8.4.0
[4.106s] -- The CXX compiler identification is GNU 8.4.0
[4.108s] -- Check for working C compiler: /usr/bin/cc
[4.109s] -- Check for working C compiler: /usr/bin/cc -- works
[4.109s] -- Detecting C compiler ABI info
[4.109s] -- Detecting C compiler ABI info - done
[4.109s] -- Detecting C compile features
[4.109s] -- Detecting C compile features - done
[4.109s] -- Check for working CXX compiler: /usr/bin/c++
[4.109s] -- Check for working CXX compiler: /usr/bin/c++ -- works
[4.109s] -- Detecting CXX compiler ABI info
[4.110s] -- Detecting CXX compiler ABI info - done
[4.110s] -- Detecting CXX compile features
[4.110s] -- Detecting CXX compile features - done
[4.110s] -- Using CATKIN_DEVEL_PREFIX: /home/msi/caato2_ws/build/rosserial_windows/devel
[4.110s] -- Using CMAKE_PREFIX_PATH: /home/msi/caato2_ws/install/rosserial_client;/home/msi/caato2_ws/install/rosserial_msgs;/opt/ros/noetic
[4.110s] -- This workspace overlays: /home/msi/caato2_ws/install/rosserial_client;/home/msi/caato2_ws/install/rosserial_msgs;/opt/ros/noetic
[4.110s] -- Found PythonInterp: /usr/bin/python3 (found suitable version "3.8.10", minimum required is "3") 
[4.110s] -- Using PYTHON_EXECUTABLE: /usr/bin/python3
[4.110s] -- Using Debian Python package layout
[4.110s] -- Found PY_em: /usr/lib/python3/dist-packages/em.py  
[4.110s] -- Using empy: /usr/lib/python3/dist-packages/em.py
[4.110s] -- Using CATKIN_ENABLE_TESTING: ON
[4.111s] -- Call enable_testing()
[4.111s] -- Using CATKIN_TEST_RESULTS_DIR: /home/msi/caato2_ws/build/rosserial_windows/test_results
[4.111s] -- Forcing gtest/gmock from source, though one was otherwise available.
[4.111s] -- Found gtest sources under '/usr/src/googletest': gtests will be built
[4.111s] -- Found gmock sources under '/usr/src/googletest': gmock will be built
[4.111s] -- Found PythonInterp: /usr/bin/python3 (found version "3.8.10") 
[4.111s] -- Found Threads: TRUE  
[4.111s] -- Using Python nosetests: /usr/bin/nosetests3
[4.111s] -- catkin 0.8.10
[4.111s] -- BUILD_SHARED_LIBS is on
[4.111s] -- Using these message generators: gencpp;geneus;genlisp;gennodejs;genpy
[4.210s] -- Installing devel-space wrapper /home/msi/caato2_ws/src/thirdparty/rosserial/rosserial_windows/src/rosserial_windows/make_libraries.py to /home/msi/caato2_ws/build/rosserial_windows/devel/lib/rosserial_windows
[4.212s] -- Configuring done
[4.227s] -- Generating done
[4.231s] -- Build files have been written to: /home/msi/caato2_ws/build/rosserial_windows
[4.282s] Invoked command in '/home/msi/caato2_ws/build/rosserial_windows' returned '0': CMAKE_PREFIX_PATH=/home/msi/caato2_ws/install/rosserial_client:/home/msi/caato2_ws/install/rosserial_msgs:${CMAKE_PREFIX_PATH} PKG_CONFIG_PATH=/home/msi/caato2_ws/install/rosserial_client/lib/x86_64-linux-gnu/pkgconfig:/home/msi/caato2_ws/install/rosserial_client/lib/pkgconfig:/home/msi/caato2_ws/install/rosserial_msgs/lib/x86_64-linux-gnu/pkgconfig:/home/msi/caato2_ws/install/rosserial_msgs/lib/pkgconfig:${PKG_CONFIG_PATH} PYTHONPATH=/home/msi/caato2_ws/install/rosserial_client/lib/python3/dist-packages:/home/msi/caato2_ws/install/rosserial_msgs/lib/python3/dist-packages:${PYTHONPATH} ROS_PACKAGE_PATH=/home/msi/caato2_ws/install/rosserial_client/share:/home/msi/caato2_ws/install/rosserial_msgs/share:${ROS_PACKAGE_PATH} /usr/bin/cmake /home/msi/caato2_ws/src/thirdparty/rosserial/rosserial_windows -DCATKIN_INSTALL_INTO_PREFIX_ROOT=0 -DCMAKE_INSTALL_PREFIX=/home/msi/caato2_ws/install/rosserial_windows
[4.283s] Invoking command in '/home/msi/caato2_ws/build/rosserial_windows': CMAKE_PREFIX_PATH=/home/msi/caato2_ws/install/rosserial_client:/home/msi/caato2_ws/install/rosserial_msgs:${CMAKE_PREFIX_PATH} PKG_CONFIG_PATH=/home/msi/caato2_ws/install/rosserial_client/lib/x86_64-linux-gnu/pkgconfig:/home/msi/caato2_ws/install/rosserial_client/lib/pkgconfig:/home/msi/caato2_ws/install/rosserial_msgs/lib/x86_64-linux-gnu/pkgconfig:/home/msi/caato2_ws/install/rosserial_msgs/lib/pkgconfig:${PKG_CONFIG_PATH} PYTHONPATH=/home/msi/caato2_ws/install/rosserial_client/lib/python3/dist-packages:/home/msi/caato2_ws/install/rosserial_msgs/lib/python3/dist-packages:${PYTHONPATH} ROS_PACKAGE_PATH=/home/msi/caato2_ws/install/rosserial_client/share:/home/msi/caato2_ws/install/rosserial_msgs/share:${ROS_PACKAGE_PATH} /usr/bin/cmake --build /home/msi/caato2_ws/build/rosserial_windows -- -j20 -l20
[4.383s] Invoked command in '/home/msi/caato2_ws/build/rosserial_windows' returned '0': CMAKE_PREFIX_PATH=/home/msi/caato2_ws/install/rosserial_client:/home/msi/caato2_ws/install/rosserial_msgs:${CMAKE_PREFIX_PATH} PKG_CONFIG_PATH=/home/msi/caato2_ws/install/rosserial_client/lib/x86_64-linux-gnu/pkgconfig:/home/msi/caato2_ws/install/rosserial_client/lib/pkgconfig:/home/msi/caato2_ws/install/rosserial_msgs/lib/x86_64-linux-gnu/pkgconfig:/home/msi/caato2_ws/install/rosserial_msgs/lib/pkgconfig:${PKG_CONFIG_PATH} PYTHONPATH=/home/msi/caato2_ws/install/rosserial_client/lib/python3/dist-packages:/home/msi/caato2_ws/install/rosserial_msgs/lib/python3/dist-packages:${PYTHONPATH} ROS_PACKAGE_PATH=/home/msi/caato2_ws/install/rosserial_client/share:/home/msi/caato2_ws/install/rosserial_msgs/share:${ROS_PACKAGE_PATH} /usr/bin/cmake --build /home/msi/caato2_ws/build/rosserial_windows -- -j20 -l20
[4.781s] Invoking command in '/home/msi/caato2_ws/build/rosserial_windows': CMAKE_PREFIX_PATH=/home/msi/caato2_ws/install/rosserial_client:/home/msi/caato2_ws/install/rosserial_msgs:${CMAKE_PREFIX_PATH} PKG_CONFIG_PATH=/home/msi/caato2_ws/install/rosserial_client/lib/x86_64-linux-gnu/pkgconfig:/home/msi/caato2_ws/install/rosserial_client/lib/pkgconfig:/home/msi/caato2_ws/install/rosserial_msgs/lib/x86_64-linux-gnu/pkgconfig:/home/msi/caato2_ws/install/rosserial_msgs/lib/pkgconfig:${PKG_CONFIG_PATH} PYTHONPATH=/home/msi/caato2_ws/install/rosserial_client/lib/python3/dist-packages:/home/msi/caato2_ws/install/rosserial_msgs/lib/python3/dist-packages:${PYTHONPATH} ROS_PACKAGE_PATH=/home/msi/caato2_ws/install/rosserial_client/share:/home/msi/caato2_ws/install/rosserial_msgs/share:${ROS_PACKAGE_PATH} /usr/bin/cmake --build /home/msi/caato2_ws/build/rosserial_windows --target tests -- -j20 -l20
[4.911s] [35m[1mScanning dependencies of target tests[0m
[4.956s] Built target tests
[5.026s] Invoked command in '/home/msi/caato2_ws/build/rosserial_windows' returned '0': CMAKE_PREFIX_PATH=/home/msi/caato2_ws/install/rosserial_client:/home/msi/caato2_ws/install/rosserial_msgs:${CMAKE_PREFIX_PATH} PKG_CONFIG_PATH=/home/msi/caato2_ws/install/rosserial_client/lib/x86_64-linux-gnu/pkgconfig:/home/msi/caato2_ws/install/rosserial_client/lib/pkgconfig:/home/msi/caato2_ws/install/rosserial_msgs/lib/x86_64-linux-gnu/pkgconfig:/home/msi/caato2_ws/install/rosserial_msgs/lib/pkgconfig:${PKG_CONFIG_PATH} PYTHONPATH=/home/msi/caato2_ws/install/rosserial_client/lib/python3/dist-packages:/home/msi/caato2_ws/install/rosserial_msgs/lib/python3/dist-packages:${PYTHONPATH} ROS_PACKAGE_PATH=/home/msi/caato2_ws/install/rosserial_client/share:/home/msi/caato2_ws/install/rosserial_msgs/share:${ROS_PACKAGE_PATH} /usr/bin/cmake --build /home/msi/caato2_ws/build/rosserial_windows --target tests -- -j20 -l20
[5.212s] Invoking command in '/home/msi/caato2_ws/build/rosserial_windows': CMAKE_PREFIX_PATH=/home/msi/caato2_ws/install/rosserial_client:/home/msi/caato2_ws/install/rosserial_msgs:${CMAKE_PREFIX_PATH} PKG_CONFIG_PATH=/home/msi/caato2_ws/install/rosserial_client/lib/x86_64-linux-gnu/pkgconfig:/home/msi/caato2_ws/install/rosserial_client/lib/pkgconfig:/home/msi/caato2_ws/install/rosserial_msgs/lib/x86_64-linux-gnu/pkgconfig:/home/msi/caato2_ws/install/rosserial_msgs/lib/pkgconfig:${PKG_CONFIG_PATH} PYTHONPATH=/home/msi/caato2_ws/install/rosserial_client/lib/python3/dist-packages:/home/msi/caato2_ws/install/rosserial_msgs/lib/python3/dist-packages:${PYTHONPATH} ROS_PACKAGE_PATH=/home/msi/caato2_ws/install/rosserial_client/share:/home/msi/caato2_ws/install/rosserial_msgs/share:${ROS_PACKAGE_PATH} /usr/bin/cmake --install /home/msi/caato2_ws/build/rosserial_windows
[5.271s] -- Install configuration: ""
[5.272s] -- Installing: /home/msi/caato2_ws/install/rosserial_windows/lib/pkgconfig/rosserial_windows.pc
[5.273s] -- Installing: /home/msi/caato2_ws/install/rosserial_windows/share/rosserial_windows/cmake/rosserial_windowsConfig.cmake
[5.274s] -- Installing: /home/msi/caato2_ws/install/rosserial_windows/share/rosserial_windows/cmake/rosserial_windowsConfig-version.cmake
[5.274s] -- Installing: /home/msi/caato2_ws/install/rosserial_windows/share/rosserial_windows/package.xml
[5.274s] -- Installing: /home/msi/caato2_ws/install/rosserial_windows/share/rosserial_windows/src/ros_lib
[5.275s] -- Installing: /home/msi/caato2_ws/install/rosserial_windows/share/rosserial_windows/src/ros_lib/WindowsSocket.h
[5.278s] -- Installing: /home/msi/caato2_ws/install/rosserial_windows/share/rosserial_windows/src/ros_lib/WindowsSocket.cpp
[5.278s] -- Installing: /home/msi/caato2_ws/install/rosserial_windows/share/rosserial_windows/src/ros_lib/ros.h
[5.278s] -- Installing: /home/msi/caato2_ws/install/rosserial_windows/lib/rosserial_windows/make_libraries.py
[5.282s] Invoked command in '/home/msi/caato2_ws/build/rosserial_windows' returned '0': CMAKE_PREFIX_PATH=/home/msi/caato2_ws/install/rosserial_client:/home/msi/caato2_ws/install/rosserial_msgs:${CMAKE_PREFIX_PATH} PKG_CONFIG_PATH=/home/msi/caato2_ws/install/rosserial_client/lib/x86_64-linux-gnu/pkgconfig:/home/msi/caato2_ws/install/rosserial_client/lib/pkgconfig:/home/msi/caato2_ws/install/rosserial_msgs/lib/x86_64-linux-gnu/pkgconfig:/home/msi/caato2_ws/install/rosserial_msgs/lib/pkgconfig:${PKG_CONFIG_PATH} PYTHONPATH=/home/msi/caato2_ws/install/rosserial_client/lib/python3/dist-packages:/home/msi/caato2_ws/install/rosserial_msgs/lib/python3/dist-packages:${PYTHONPATH} ROS_PACKAGE_PATH=/home/msi/caato2_ws/install/rosserial_client/share:/home/msi/caato2_ws/install/rosserial_msgs/share:${ROS_PACKAGE_PATH} /usr/bin/cmake --install /home/msi/caato2_ws/build/rosserial_windows
