[0.068s] Invoking command in '/home/msi/caato2_ws/build/rosserial_embeddedlinux': CMAKE_PREFIX_PATH=/home/msi/caato2_ws/install/rosserial_client:/home/msi/caato2_ws/install/rosserial_msgs:${CMAKE_PREFIX_PATH} PKG_CONFIG_PATH=/home/msi/caato2_ws/install/rosserial_client/lib/x86_64-linux-gnu/pkgconfig:/home/msi/caato2_ws/install/rosserial_client/lib/pkgconfig:/home/msi/caato2_ws/install/rosserial_msgs/lib/x86_64-linux-gnu/pkgconfig:/home/msi/caato2_ws/install/rosserial_msgs/lib/pkgconfig:${PKG_CONFIG_PATH} PYTHONPATH=/home/msi/caato2_ws/install/rosserial_client/lib/python3/dist-packages:/home/msi/caato2_ws/install/rosserial_msgs/lib/python3/dist-packages:${PYTHONPATH} ROS_PACKAGE_PATH=/home/msi/caato2_ws/install/rosserial_client/share:/home/msi/caato2_ws/install/rosserial_msgs/share:${ROS_PACKAGE_PATH} /usr/bin/cmake --build /home/msi/caato2_ws/build/rosserial_embeddedlinux -- -j20 -l20
[0.186s] Invoked command in '/home/msi/caato2_ws/build/rosserial_embeddedlinux' returned '0': CMAKE_PREFIX_PATH=/home/msi/caato2_ws/install/rosserial_client:/home/msi/caato2_ws/install/rosserial_msgs:${CMAKE_PREFIX_PATH} PKG_CONFIG_PATH=/home/msi/caato2_ws/install/rosserial_client/lib/x86_64-linux-gnu/pkgconfig:/home/msi/caato2_ws/install/rosserial_client/lib/pkgconfig:/home/msi/caato2_ws/install/rosserial_msgs/lib/x86_64-linux-gnu/pkgconfig:/home/msi/caato2_ws/install/rosserial_msgs/lib/pkgconfig:${PKG_CONFIG_PATH} PYTHONPATH=/home/msi/caato2_ws/install/rosserial_client/lib/python3/dist-packages:/home/msi/caato2_ws/install/rosserial_msgs/lib/python3/dist-packages:${PYTHONPATH} ROS_PACKAGE_PATH=/home/msi/caato2_ws/install/rosserial_client/share:/home/msi/caato2_ws/install/rosserial_msgs/share:${ROS_PACKAGE_PATH} /usr/bin/cmake --build /home/msi/caato2_ws/build/rosserial_embeddedlinux -- -j20 -l20
[0.207s] Invoking command in '/home/msi/caato2_ws/build/rosserial_embeddedlinux': CMAKE_PREFIX_PATH=/home/msi/caato2_ws/install/rosserial_client:/home/msi/caato2_ws/install/rosserial_msgs:${CMAKE_PREFIX_PATH} PKG_CONFIG_PATH=/home/msi/caato2_ws/install/rosserial_client/lib/x86_64-linux-gnu/pkgconfig:/home/msi/caato2_ws/install/rosserial_client/lib/pkgconfig:/home/msi/caato2_ws/install/rosserial_msgs/lib/x86_64-linux-gnu/pkgconfig:/home/msi/caato2_ws/install/rosserial_msgs/lib/pkgconfig:${PKG_CONFIG_PATH} PYTHONPATH=/home/msi/caato2_ws/install/rosserial_client/lib/python3/dist-packages:/home/msi/caato2_ws/install/rosserial_msgs/lib/python3/dist-packages:${PYTHONPATH} ROS_PACKAGE_PATH=/home/msi/caato2_ws/install/rosserial_client/share:/home/msi/caato2_ws/install/rosserial_msgs/share:${ROS_PACKAGE_PATH} /usr/bin/cmake --build /home/msi/caato2_ws/build/rosserial_embeddedlinux --target tests -- -j20 -l20
[0.216s] Built target tests
[0.272s] Invoked command in '/home/msi/caato2_ws/build/rosserial_embeddedlinux' returned '0': CMAKE_PREFIX_PATH=/home/msi/caato2_ws/install/rosserial_client:/home/msi/caato2_ws/install/rosserial_msgs:${CMAKE_PREFIX_PATH} PKG_CONFIG_PATH=/home/msi/caato2_ws/install/rosserial_client/lib/x86_64-linux-gnu/pkgconfig:/home/msi/caato2_ws/install/rosserial_client/lib/pkgconfig:/home/msi/caato2_ws/install/rosserial_msgs/lib/x86_64-linux-gnu/pkgconfig:/home/msi/caato2_ws/install/rosserial_msgs/lib/pkgconfig:${PKG_CONFIG_PATH} PYTHONPATH=/home/msi/caato2_ws/install/rosserial_client/lib/python3/dist-packages:/home/msi/caato2_ws/install/rosserial_msgs/lib/python3/dist-packages:${PYTHONPATH} ROS_PACKAGE_PATH=/home/msi/caato2_ws/install/rosserial_client/share:/home/msi/caato2_ws/install/rosserial_msgs/share:${ROS_PACKAGE_PATH} /usr/bin/cmake --build /home/msi/caato2_ws/build/rosserial_embeddedlinux --target tests -- -j20 -l20
[0.328s] Invoking command in '/home/msi/caato2_ws/build/rosserial_embeddedlinux': CMAKE_PREFIX_PATH=/home/msi/caato2_ws/install/rosserial_client:/home/msi/caato2_ws/install/rosserial_msgs:${CMAKE_PREFIX_PATH} PKG_CONFIG_PATH=/home/msi/caato2_ws/install/rosserial_client/lib/x86_64-linux-gnu/pkgconfig:/home/msi/caato2_ws/install/rosserial_client/lib/pkgconfig:/home/msi/caato2_ws/install/rosserial_msgs/lib/x86_64-linux-gnu/pkgconfig:/home/msi/caato2_ws/install/rosserial_msgs/lib/pkgconfig:${PKG_CONFIG_PATH} PYTHONPATH=/home/msi/caato2_ws/install/rosserial_client/lib/python3/dist-packages:/home/msi/caato2_ws/install/rosserial_msgs/lib/python3/dist-packages:${PYTHONPATH} ROS_PACKAGE_PATH=/home/msi/caato2_ws/install/rosserial_client/share:/home/msi/caato2_ws/install/rosserial_msgs/share:${ROS_PACKAGE_PATH} /usr/bin/cmake --install /home/msi/caato2_ws/build/rosserial_embeddedlinux
[0.336s] -- Install configuration: ""
[0.338s] -- Up-to-date: /home/msi/caato2_ws/install/rosserial_embeddedlinux/lib/pkgconfig/rosserial_embeddedlinux.pc
[0.340s] -- Up-to-date: /home/msi/caato2_ws/install/rosserial_embeddedlinux/share/rosserial_embeddedlinux/cmake/rosserial_embeddedlinuxConfig.cmake
[0.340s] -- Up-to-date: /home/msi/caato2_ws/install/rosserial_embeddedlinux/share/rosserial_embeddedlinux/cmake/rosserial_embeddedlinuxConfig-version.cmake
[0.340s] -- Up-to-date: /home/msi/caato2_ws/install/rosserial_embeddedlinux/share/rosserial_embeddedlinux/package.xml
[0.341s] -- Up-to-date: /home/msi/caato2_ws/install/rosserial_embeddedlinux/share/rosserial_embeddedlinux/src/ros_lib
[0.341s] -- Up-to-date: /home/msi/caato2_ws/install/rosserial_embeddedlinux/share/rosserial_embeddedlinux/src/ros_lib/ros.h
[0.341s] -- Up-to-date: /home/msi/caato2_ws/install/rosserial_embeddedlinux/share/rosserial_embeddedlinux/src/ros_lib/embedded_linux_comms.c
[0.341s] -- Up-to-date: /home/msi/caato2_ws/install/rosserial_embeddedlinux/share/rosserial_embeddedlinux/src/ros_lib/embedded_linux_hardware.h
[0.341s] -- Up-to-date: /home/msi/caato2_ws/install/rosserial_embeddedlinux/share/rosserial_embeddedlinux/src/examples
[0.341s] -- Up-to-date: /home/msi/caato2_ws/install/rosserial_embeddedlinux/share/rosserial_embeddedlinux/src/examples/HelloRos
[0.341s] -- Up-to-date: /home/msi/caato2_ws/install/rosserial_embeddedlinux/share/rosserial_embeddedlinux/src/examples/HelloRos/HelloROS.cpp
[0.341s] -- Up-to-date: /home/msi/caato2_ws/install/rosserial_embeddedlinux/share/rosserial_embeddedlinux/src/examples/ExampleSubscriber
[0.341s] -- Up-to-date: /home/msi/caato2_ws/install/rosserial_embeddedlinux/share/rosserial_embeddedlinux/src/examples/ExampleSubscriber/ExampleSubscriber.cpp
[0.341s] -- Up-to-date: /home/msi/caato2_ws/install/rosserial_embeddedlinux/share/rosserial_embeddedlinux/src/examples/VEXProMotor13Subscribe
[0.341s] -- Up-to-date: /home/msi/caato2_ws/install/rosserial_embeddedlinux/share/rosserial_embeddedlinux/src/examples/VEXProMotor13Subscribe/VEXProMotor13Subscribe.cpp
[0.341s] -- Up-to-date: /home/msi/caato2_ws/install/rosserial_embeddedlinux/share/rosserial_embeddedlinux/src/examples/ExampleService
[0.341s] -- Up-to-date: /home/msi/caato2_ws/install/rosserial_embeddedlinux/share/rosserial_embeddedlinux/src/examples/ExampleService/ExampleService.cpp
[0.341s] -- Up-to-date: /home/msi/caato2_ws/install/rosserial_embeddedlinux/share/rosserial_embeddedlinux/src/examples/VEXProRangeMotorLoop
[0.341s] -- Up-to-date: /home/msi/caato2_ws/install/rosserial_embeddedlinux/share/rosserial_embeddedlinux/src/examples/VEXProRangeMotorLoop/VEXProRangeMotorLoop.cpp
[0.341s] -- Up-to-date: /home/msi/caato2_ws/install/rosserial_embeddedlinux/share/rosserial_embeddedlinux/src/examples/VEXProServoSubscribe
[0.342s] -- Up-to-date: /home/msi/caato2_ws/install/rosserial_embeddedlinux/share/rosserial_embeddedlinux/src/examples/VEXProServoSubscribe/VEXProServoSubscribe.cpp
[0.342s] -- Up-to-date: /home/msi/caato2_ws/install/rosserial_embeddedlinux/share/rosserial_embeddedlinux/src/examples/ExampleServiceClient
[0.343s] -- Up-to-date: /home/msi/caato2_ws/install/rosserial_embeddedlinux/share/rosserial_embeddedlinux/src/examples/ExampleServiceClient/ExampleServiceClient.cpp
[0.343s] -- Up-to-date: /home/msi/caato2_ws/install/rosserial_embeddedlinux/share/rosserial_embeddedlinux/src/examples/ExampleServiceClient/exampleService.py
[0.343s] -- Up-to-date: /home/msi/caato2_ws/install/rosserial_embeddedlinux/share/rosserial_embeddedlinux/src/examples/VEXProRangePublish
[0.345s] -- Up-to-date: /home/msi/caato2_ws/install/rosserial_embeddedlinux/share/rosserial_embeddedlinux/src/examples/VEXProRangePublish/VEXProRangePublish.cpp
[0.346s] -- Up-to-date: /home/msi/caato2_ws/install/rosserial_embeddedlinux/lib/rosserial_embeddedlinux/make_libraries.py
[0.362s] Invoked command in '/home/msi/caato2_ws/build/rosserial_embeddedlinux' returned '0': CMAKE_PREFIX_PATH=/home/msi/caato2_ws/install/rosserial_client:/home/msi/caato2_ws/install/rosserial_msgs:${CMAKE_PREFIX_PATH} PKG_CONFIG_PATH=/home/msi/caato2_ws/install/rosserial_client/lib/x86_64-linux-gnu/pkgconfig:/home/msi/caato2_ws/install/rosserial_client/lib/pkgconfig:/home/msi/caato2_ws/install/rosserial_msgs/lib/x86_64-linux-gnu/pkgconfig:/home/msi/caato2_ws/install/rosserial_msgs/lib/pkgconfig:${PKG_CONFIG_PATH} PYTHONPATH=/home/msi/caato2_ws/install/rosserial_client/lib/python3/dist-packages:/home/msi/caato2_ws/install/rosserial_msgs/lib/python3/dist-packages:${PYTHONPATH} ROS_PACKAGE_PATH=/home/msi/caato2_ws/install/rosserial_client/share:/home/msi/caato2_ws/install/rosserial_msgs/share:${ROS_PACKAGE_PATH} /usr/bin/cmake --install /home/msi/caato2_ws/build/rosserial_embeddedlinux
